[2022-04-14 07:25:43,432] {processor.py:163} INFO - Started process (PID=5884) to work on /opt/airflow/dags/ccc.py
[2022-04-14 07:25:43,433] {processor.py:642} INFO - Processing file /opt/airflow/dags/ccc.py for tasks to queue
[2022-04-14 07:25:43,433] {logging_mixin.py:109} INFO - [2022-04-14 07:25:43,433] {dagbag.py:500} INFO - Filling up the DagBag from /opt/airflow/dags/ccc.py
[2022-04-14 07:25:43,443] {processor.py:652} INFO - DAG(s) dict_keys(['ccc']) retrieved from /opt/airflow/dags/ccc.py
[2022-04-14 07:25:45,126] {logging_mixin.py:109} INFO - [2022-04-14 07:25:45,126] {manager.py:496} INFO - Created Permission View: can read on DAG:ccc
[2022-04-14 07:25:45,144] {logging_mixin.py:109} INFO - [2022-04-14 07:25:45,143] {manager.py:496} INFO - Created Permission View: can edit on DAG:ccc
[2022-04-14 07:25:45,145] {logging_mixin.py:109} INFO - [2022-04-14 07:25:45,144] {dag.py:2398} INFO - Sync 1 DAGs
[2022-04-14 07:25:45,161] {logging_mixin.py:109} INFO - [2022-04-14 07:25:45,160] {dag.py:2417} INFO - Creating ORM DAG for ccc
[2022-04-14 07:25:45,179] {logging_mixin.py:109} INFO - [2022-04-14 07:25:45,179] {dag.py:2937} INFO - Setting next_dagrun for ccc to None
[2022-04-14 07:25:45,197] {processor.py:171} INFO - Processing /opt/airflow/dags/ccc.py took 1.767 seconds
[2022-04-14 07:26:15,524] {processor.py:163} INFO - Started process (PID=5935) to work on /opt/airflow/dags/ccc.py
[2022-04-14 07:26:15,524] {processor.py:642} INFO - Processing file /opt/airflow/dags/ccc.py for tasks to queue
[2022-04-14 07:26:15,525] {logging_mixin.py:109} INFO - [2022-04-14 07:26:15,525] {dagbag.py:500} INFO - Filling up the DagBag from /opt/airflow/dags/ccc.py
[2022-04-14 07:26:15,534] {processor.py:652} INFO - DAG(s) dict_keys(['ccc']) retrieved from /opt/airflow/dags/ccc.py
[2022-04-14 07:26:15,552] {logging_mixin.py:109} INFO - [2022-04-14 07:26:15,552] {dag.py:2398} INFO - Sync 1 DAGs
[2022-04-14 07:26:15,566] {logging_mixin.py:109} INFO - [2022-04-14 07:26:15,566] {dag.py:2937} INFO - Setting next_dagrun for ccc to None
[2022-04-14 07:26:15,577] {processor.py:171} INFO - Processing /opt/airflow/dags/ccc.py took 0.056 seconds
[2022-04-14 07:26:45,889] {processor.py:163} INFO - Started process (PID=5962) to work on /opt/airflow/dags/ccc.py
[2022-04-14 07:26:45,891] {processor.py:642} INFO - Processing file /opt/airflow/dags/ccc.py for tasks to queue
[2022-04-14 07:26:45,892] {logging_mixin.py:109} INFO - [2022-04-14 07:26:45,892] {dagbag.py:500} INFO - Filling up the DagBag from /opt/airflow/dags/ccc.py
[2022-04-14 07:26:45,901] {processor.py:652} INFO - DAG(s) dict_keys(['ccc']) retrieved from /opt/airflow/dags/ccc.py
[2022-04-14 07:26:45,921] {logging_mixin.py:109} INFO - [2022-04-14 07:26:45,921] {dag.py:2398} INFO - Sync 1 DAGs
[2022-04-14 07:26:45,940] {logging_mixin.py:109} INFO - [2022-04-14 07:26:45,940] {dag.py:2937} INFO - Setting next_dagrun for ccc to None
[2022-04-14 07:26:45,949] {processor.py:171} INFO - Processing /opt/airflow/dags/ccc.py took 0.062 seconds
[2022-04-14 07:27:16,237] {processor.py:163} INFO - Started process (PID=5999) to work on /opt/airflow/dags/ccc.py
[2022-04-14 07:27:16,238] {processor.py:642} INFO - Processing file /opt/airflow/dags/ccc.py for tasks to queue
[2022-04-14 07:27:16,238] {logging_mixin.py:109} INFO - [2022-04-14 07:27:16,238] {dagbag.py:500} INFO - Filling up the DagBag from /opt/airflow/dags/ccc.py
[2022-04-14 07:27:16,249] {processor.py:652} INFO - DAG(s) dict_keys(['ccc']) retrieved from /opt/airflow/dags/ccc.py
[2022-04-14 07:27:16,266] {logging_mixin.py:109} INFO - [2022-04-14 07:27:16,266] {dag.py:2398} INFO - Sync 1 DAGs
[2022-04-14 07:27:16,280] {logging_mixin.py:109} INFO - [2022-04-14 07:27:16,280] {dag.py:2937} INFO - Setting next_dagrun for ccc to None
[2022-04-14 07:27:16,289] {processor.py:171} INFO - Processing /opt/airflow/dags/ccc.py took 0.053 seconds
[2022-04-14 07:27:46,547] {processor.py:163} INFO - Started process (PID=6036) to work on /opt/airflow/dags/ccc.py
[2022-04-14 07:27:46,556] {processor.py:642} INFO - Processing file /opt/airflow/dags/ccc.py for tasks to queue
[2022-04-14 07:27:46,556] {logging_mixin.py:109} INFO - [2022-04-14 07:27:46,556] {dagbag.py:500} INFO - Filling up the DagBag from /opt/airflow/dags/ccc.py
[2022-04-14 07:27:46,567] {processor.py:652} INFO - DAG(s) dict_keys(['ccc']) retrieved from /opt/airflow/dags/ccc.py
[2022-04-14 07:27:46,585] {logging_mixin.py:109} INFO - [2022-04-14 07:27:46,585] {dag.py:2398} INFO - Sync 1 DAGs
[2022-04-14 07:27:46,600] {logging_mixin.py:109} INFO - [2022-04-14 07:27:46,600] {dag.py:2937} INFO - Setting next_dagrun for ccc to None
[2022-04-14 07:27:46,612] {processor.py:171} INFO - Processing /opt/airflow/dags/ccc.py took 0.067 seconds
[2022-04-14 07:28:16,862] {processor.py:163} INFO - Started process (PID=6062) to work on /opt/airflow/dags/ccc.py
[2022-04-14 07:28:16,863] {processor.py:642} INFO - Processing file /opt/airflow/dags/ccc.py for tasks to queue
[2022-04-14 07:28:16,863] {logging_mixin.py:109} INFO - [2022-04-14 07:28:16,863] {dagbag.py:500} INFO - Filling up the DagBag from /opt/airflow/dags/ccc.py
[2022-04-14 07:28:16,875] {processor.py:652} INFO - DAG(s) dict_keys(['ccc']) retrieved from /opt/airflow/dags/ccc.py
[2022-04-14 07:28:16,892] {logging_mixin.py:109} INFO - [2022-04-14 07:28:16,892] {dag.py:2398} INFO - Sync 1 DAGs
[2022-04-14 07:28:16,909] {logging_mixin.py:109} INFO - [2022-04-14 07:28:16,909] {dag.py:2937} INFO - Setting next_dagrun for ccc to None
[2022-04-14 07:28:16,919] {processor.py:171} INFO - Processing /opt/airflow/dags/ccc.py took 0.059 seconds
[2022-04-14 07:28:47,239] {processor.py:163} INFO - Started process (PID=6098) to work on /opt/airflow/dags/ccc.py
[2022-04-14 07:28:47,241] {processor.py:642} INFO - Processing file /opt/airflow/dags/ccc.py for tasks to queue
[2022-04-14 07:28:47,241] {logging_mixin.py:109} INFO - [2022-04-14 07:28:47,241] {dagbag.py:500} INFO - Filling up the DagBag from /opt/airflow/dags/ccc.py
[2022-04-14 07:28:47,252] {processor.py:652} INFO - DAG(s) dict_keys(['ccc']) retrieved from /opt/airflow/dags/ccc.py
[2022-04-14 07:28:47,268] {logging_mixin.py:109} INFO - [2022-04-14 07:28:47,268] {dag.py:2398} INFO - Sync 1 DAGs
[2022-04-14 07:28:47,283] {logging_mixin.py:109} INFO - [2022-04-14 07:28:47,283] {dag.py:2937} INFO - Setting next_dagrun for ccc to None
[2022-04-14 07:28:47,293] {processor.py:171} INFO - Processing /opt/airflow/dags/ccc.py took 0.056 seconds
