[2022-04-14 11:16:35,260] {processor.py:163} INFO - Started process (PID=93) to work on /opt/airflow/dags/dag_connection_to_db.py
[2022-04-14 11:16:35,261] {processor.py:642} INFO - Processing file /opt/airflow/dags/dag_connection_to_db.py for tasks to queue
[2022-04-14 11:16:35,262] {logging_mixin.py:109} INFO - [2022-04-14 11:16:35,262] {dagbag.py:500} INFO - Filling up the DagBag from /opt/airflow/dags/dag_connection_to_db.py
[2022-04-14 11:16:35,310] {processor.py:652} INFO - DAG(s) dict_keys(['dag_connection_to_db']) retrieved from /opt/airflow/dags/dag_connection_to_db.py
[2022-04-14 11:16:40,715] {logging_mixin.py:109} INFO - [2022-04-14 11:16:40,715] {manager.py:496} INFO - Created Permission View: can edit on DAG:dag_connection_to_db
[2022-04-14 11:16:40,728] {logging_mixin.py:109} INFO - [2022-04-14 11:16:40,728] {manager.py:496} INFO - Created Permission View: can read on DAG:dag_connection_to_db
[2022-04-14 11:16:40,729] {logging_mixin.py:109} INFO - [2022-04-14 11:16:40,729] {dag.py:2398} INFO - Sync 1 DAGs
[2022-04-14 11:16:40,736] {logging_mixin.py:109} INFO - [2022-04-14 11:16:40,735] {dag.py:2417} INFO - Creating ORM DAG for dag_connection_to_db
[2022-04-14 11:16:40,743] {logging_mixin.py:109} INFO - [2022-04-14 11:16:40,743] {dag.py:2937} INFO - Setting next_dagrun for dag_connection_to_db to None
[2022-04-14 11:16:40,755] {processor.py:171} INFO - Processing /opt/airflow/dags/dag_connection_to_db.py took 5.499 seconds
[2022-04-14 11:17:10,859] {processor.py:163} INFO - Started process (PID=161) to work on /opt/airflow/dags/dag_connection_to_db.py
[2022-04-14 11:17:10,868] {processor.py:642} INFO - Processing file /opt/airflow/dags/dag_connection_to_db.py for tasks to queue
[2022-04-14 11:17:10,869] {logging_mixin.py:109} INFO - [2022-04-14 11:17:10,868] {dagbag.py:500} INFO - Filling up the DagBag from /opt/airflow/dags/dag_connection_to_db.py
[2022-04-14 11:17:10,881] {processor.py:652} INFO - DAG(s) dict_keys(['dag_connection_to_db']) retrieved from /opt/airflow/dags/dag_connection_to_db.py
[2022-04-14 11:17:10,899] {logging_mixin.py:109} INFO - [2022-04-14 11:17:10,899] {dag.py:2398} INFO - Sync 1 DAGs
[2022-04-14 11:17:10,912] {logging_mixin.py:109} INFO - [2022-04-14 11:17:10,912] {dag.py:2937} INFO - Setting next_dagrun for dag_connection_to_db to None
[2022-04-14 11:17:10,922] {processor.py:171} INFO - Processing /opt/airflow/dags/dag_connection_to_db.py took 0.065 seconds
[2022-04-14 11:17:41,070] {processor.py:163} INFO - Started process (PID=193) to work on /opt/airflow/dags/dag_connection_to_db.py
[2022-04-14 11:17:41,071] {processor.py:642} INFO - Processing file /opt/airflow/dags/dag_connection_to_db.py for tasks to queue
[2022-04-14 11:17:41,072] {logging_mixin.py:109} INFO - [2022-04-14 11:17:41,072] {dagbag.py:500} INFO - Filling up the DagBag from /opt/airflow/dags/dag_connection_to_db.py
[2022-04-14 11:17:41,086] {processor.py:652} INFO - DAG(s) dict_keys(['dag_connection_to_db']) retrieved from /opt/airflow/dags/dag_connection_to_db.py
[2022-04-14 11:17:41,103] {logging_mixin.py:109} INFO - [2022-04-14 11:17:41,102] {dag.py:2398} INFO - Sync 1 DAGs
[2022-04-14 11:17:41,116] {logging_mixin.py:109} INFO - [2022-04-14 11:17:41,116] {dag.py:2937} INFO - Setting next_dagrun for dag_connection_to_db to None
[2022-04-14 11:17:41,126] {processor.py:171} INFO - Processing /opt/airflow/dags/dag_connection_to_db.py took 0.058 seconds
[2022-04-14 11:18:11,256] {processor.py:163} INFO - Started process (PID=215) to work on /opt/airflow/dags/dag_connection_to_db.py
[2022-04-14 11:18:11,258] {processor.py:642} INFO - Processing file /opt/airflow/dags/dag_connection_to_db.py for tasks to queue
[2022-04-14 11:18:11,258] {logging_mixin.py:109} INFO - [2022-04-14 11:18:11,258] {dagbag.py:500} INFO - Filling up the DagBag from /opt/airflow/dags/dag_connection_to_db.py
[2022-04-14 11:18:11,269] {processor.py:652} INFO - DAG(s) dict_keys(['dag_connection_to_db']) retrieved from /opt/airflow/dags/dag_connection_to_db.py
[2022-04-14 11:18:11,287] {logging_mixin.py:109} INFO - [2022-04-14 11:18:11,287] {dag.py:2398} INFO - Sync 1 DAGs
[2022-04-14 11:18:11,300] {logging_mixin.py:109} INFO - [2022-04-14 11:18:11,300] {dag.py:2937} INFO - Setting next_dagrun for dag_connection_to_db to None
[2022-04-14 11:18:11,311] {processor.py:171} INFO - Processing /opt/airflow/dags/dag_connection_to_db.py took 0.057 seconds
[2022-04-14 11:18:41,480] {processor.py:163} INFO - Started process (PID=246) to work on /opt/airflow/dags/dag_connection_to_db.py
[2022-04-14 11:18:41,481] {processor.py:642} INFO - Processing file /opt/airflow/dags/dag_connection_to_db.py for tasks to queue
[2022-04-14 11:18:41,482] {logging_mixin.py:109} INFO - [2022-04-14 11:18:41,482] {dagbag.py:500} INFO - Filling up the DagBag from /opt/airflow/dags/dag_connection_to_db.py
[2022-04-14 11:18:41,492] {processor.py:652} INFO - DAG(s) dict_keys(['dag_connection_to_db']) retrieved from /opt/airflow/dags/dag_connection_to_db.py
[2022-04-14 11:18:41,510] {logging_mixin.py:109} INFO - [2022-04-14 11:18:41,510] {dag.py:2398} INFO - Sync 1 DAGs
[2022-04-14 11:18:41,524] {logging_mixin.py:109} INFO - [2022-04-14 11:18:41,524] {dag.py:2937} INFO - Setting next_dagrun for dag_connection_to_db to None
[2022-04-14 11:18:41,533] {processor.py:171} INFO - Processing /opt/airflow/dags/dag_connection_to_db.py took 0.055 seconds
[2022-04-14 11:19:11,660] {processor.py:163} INFO - Started process (PID=268) to work on /opt/airflow/dags/dag_connection_to_db.py
[2022-04-14 11:19:11,664] {processor.py:642} INFO - Processing file /opt/airflow/dags/dag_connection_to_db.py for tasks to queue
[2022-04-14 11:19:11,664] {logging_mixin.py:109} INFO - [2022-04-14 11:19:11,664] {dagbag.py:500} INFO - Filling up the DagBag from /opt/airflow/dags/dag_connection_to_db.py
[2022-04-14 11:19:11,677] {processor.py:652} INFO - DAG(s) dict_keys(['dag_connection_to_db']) retrieved from /opt/airflow/dags/dag_connection_to_db.py
[2022-04-14 11:19:11,697] {logging_mixin.py:109} INFO - [2022-04-14 11:19:11,697] {dag.py:2398} INFO - Sync 1 DAGs
[2022-04-14 11:19:11,713] {logging_mixin.py:109} INFO - [2022-04-14 11:19:11,713] {dag.py:2937} INFO - Setting next_dagrun for dag_connection_to_db to None
[2022-04-14 11:19:11,724] {processor.py:171} INFO - Processing /opt/airflow/dags/dag_connection_to_db.py took 0.066 seconds
[2022-04-14 11:19:41,867] {processor.py:163} INFO - Started process (PID=300) to work on /opt/airflow/dags/dag_connection_to_db.py
[2022-04-14 11:19:41,868] {processor.py:642} INFO - Processing file /opt/airflow/dags/dag_connection_to_db.py for tasks to queue
[2022-04-14 11:19:41,868] {logging_mixin.py:109} INFO - [2022-04-14 11:19:41,868] {dagbag.py:500} INFO - Filling up the DagBag from /opt/airflow/dags/dag_connection_to_db.py
[2022-04-14 11:19:41,880] {processor.py:652} INFO - DAG(s) dict_keys(['dag_connection_to_db']) retrieved from /opt/airflow/dags/dag_connection_to_db.py
[2022-04-14 11:19:41,899] {logging_mixin.py:109} INFO - [2022-04-14 11:19:41,899] {dag.py:2398} INFO - Sync 1 DAGs
[2022-04-14 11:19:41,913] {logging_mixin.py:109} INFO - [2022-04-14 11:19:41,913] {dag.py:2937} INFO - Setting next_dagrun for dag_connection_to_db to None
[2022-04-14 11:19:41,923] {processor.py:171} INFO - Processing /opt/airflow/dags/dag_connection_to_db.py took 0.059 seconds
[2022-04-14 11:21:14,325] {processor.py:163} INFO - Started process (PID=39) to work on /opt/airflow/dags/dag_connection_to_db.py
[2022-04-14 11:21:14,331] {processor.py:642} INFO - Processing file /opt/airflow/dags/dag_connection_to_db.py for tasks to queue
[2022-04-14 11:21:14,333] {logging_mixin.py:109} INFO - [2022-04-14 11:21:14,332] {dagbag.py:500} INFO - Filling up the DagBag from /opt/airflow/dags/dag_connection_to_db.py
[2022-04-14 11:21:14,381] {processor.py:652} INFO - DAG(s) dict_keys(['dag_connection_to_db']) retrieved from /opt/airflow/dags/dag_connection_to_db.py
[2022-04-14 11:21:14,406] {logging_mixin.py:109} INFO - [2022-04-14 11:21:14,406] {dag.py:2398} INFO - Sync 1 DAGs
[2022-04-14 11:21:14,429] {logging_mixin.py:109} INFO - [2022-04-14 11:21:14,429] {dag.py:2937} INFO - Setting next_dagrun for dag_connection_to_db to None
[2022-04-14 11:21:14,446] {processor.py:171} INFO - Processing /opt/airflow/dags/dag_connection_to_db.py took 0.124 seconds
[2022-04-14 11:21:44,577] {processor.py:163} INFO - Started process (PID=61) to work on /opt/airflow/dags/dag_connection_to_db.py
[2022-04-14 11:21:44,578] {processor.py:642} INFO - Processing file /opt/airflow/dags/dag_connection_to_db.py for tasks to queue
[2022-04-14 11:21:44,578] {logging_mixin.py:109} INFO - [2022-04-14 11:21:44,578] {dagbag.py:500} INFO - Filling up the DagBag from /opt/airflow/dags/dag_connection_to_db.py
[2022-04-14 11:21:44,594] {processor.py:652} INFO - DAG(s) dict_keys(['dag_connection_to_db']) retrieved from /opt/airflow/dags/dag_connection_to_db.py
[2022-04-14 11:21:44,617] {logging_mixin.py:109} INFO - [2022-04-14 11:21:44,617] {dag.py:2398} INFO - Sync 1 DAGs
[2022-04-14 11:21:44,633] {logging_mixin.py:109} INFO - [2022-04-14 11:21:44,633] {dag.py:2937} INFO - Setting next_dagrun for dag_connection_to_db to None
[2022-04-14 11:21:44,644] {processor.py:171} INFO - Processing /opt/airflow/dags/dag_connection_to_db.py took 0.069 seconds
[2022-04-14 11:22:48,670] {processor.py:163} INFO - Started process (PID=40) to work on /opt/airflow/dags/dag_connection_to_db.py
[2022-04-14 11:22:48,672] {processor.py:642} INFO - Processing file /opt/airflow/dags/dag_connection_to_db.py for tasks to queue
[2022-04-14 11:22:48,673] {logging_mixin.py:109} INFO - [2022-04-14 11:22:48,672] {dagbag.py:500} INFO - Filling up the DagBag from /opt/airflow/dags/dag_connection_to_db.py
[2022-04-14 11:22:48,738] {processor.py:652} INFO - DAG(s) dict_keys(['dag_connection_to_db']) retrieved from /opt/airflow/dags/dag_connection_to_db.py
[2022-04-14 11:22:48,774] {logging_mixin.py:109} INFO - [2022-04-14 11:22:48,774] {dag.py:2398} INFO - Sync 1 DAGs
[2022-04-14 11:22:48,795] {logging_mixin.py:109} INFO - [2022-04-14 11:22:48,795] {dag.py:2937} INFO - Setting next_dagrun for dag_connection_to_db to None
[2022-04-14 11:22:48,810] {processor.py:171} INFO - Processing /opt/airflow/dags/dag_connection_to_db.py took 0.143 seconds
[2022-04-14 11:23:18,940] {processor.py:163} INFO - Started process (PID=62) to work on /opt/airflow/dags/dag_connection_to_db.py
[2022-04-14 11:23:18,945] {processor.py:642} INFO - Processing file /opt/airflow/dags/dag_connection_to_db.py for tasks to queue
[2022-04-14 11:23:18,946] {logging_mixin.py:109} INFO - [2022-04-14 11:23:18,945] {dagbag.py:500} INFO - Filling up the DagBag from /opt/airflow/dags/dag_connection_to_db.py
[2022-04-14 11:23:18,961] {processor.py:652} INFO - DAG(s) dict_keys(['dag_connection_to_db']) retrieved from /opt/airflow/dags/dag_connection_to_db.py
[2022-04-14 11:23:18,982] {logging_mixin.py:109} INFO - [2022-04-14 11:23:18,982] {dag.py:2398} INFO - Sync 1 DAGs
[2022-04-14 11:23:18,996] {logging_mixin.py:109} INFO - [2022-04-14 11:23:18,996] {dag.py:2937} INFO - Setting next_dagrun for dag_connection_to_db to None
[2022-04-14 11:23:19,006] {processor.py:171} INFO - Processing /opt/airflow/dags/dag_connection_to_db.py took 0.069 seconds
[2022-04-14 11:24:50,544] {processor.py:163} INFO - Started process (PID=40) to work on /opt/airflow/dags/dag_connection_to_db.py
[2022-04-14 11:24:50,548] {processor.py:642} INFO - Processing file /opt/airflow/dags/dag_connection_to_db.py for tasks to queue
[2022-04-14 11:24:50,549] {logging_mixin.py:109} INFO - [2022-04-14 11:24:50,549] {dagbag.py:500} INFO - Filling up the DagBag from /opt/airflow/dags/dag_connection_to_db.py
[2022-04-14 11:24:50,611] {processor.py:652} INFO - DAG(s) dict_keys(['dag_connection_to_db']) retrieved from /opt/airflow/dags/dag_connection_to_db.py
[2022-04-14 11:24:50,642] {logging_mixin.py:109} INFO - [2022-04-14 11:24:50,642] {dag.py:2398} INFO - Sync 1 DAGs
[2022-04-14 11:24:50,668] {logging_mixin.py:109} INFO - [2022-04-14 11:24:50,668] {dag.py:2937} INFO - Setting next_dagrun for dag_connection_to_db to None
[2022-04-14 11:24:50,687] {processor.py:171} INFO - Processing /opt/airflow/dags/dag_connection_to_db.py took 0.149 seconds
[2022-04-14 11:25:20,817] {processor.py:163} INFO - Started process (PID=61) to work on /opt/airflow/dags/dag_connection_to_db.py
[2022-04-14 11:25:20,819] {processor.py:642} INFO - Processing file /opt/airflow/dags/dag_connection_to_db.py for tasks to queue
[2022-04-14 11:25:20,819] {logging_mixin.py:109} INFO - [2022-04-14 11:25:20,819] {dagbag.py:500} INFO - Filling up the DagBag from /opt/airflow/dags/dag_connection_to_db.py
[2022-04-14 11:25:20,840] {processor.py:652} INFO - DAG(s) dict_keys(['dag_connection_to_db']) retrieved from /opt/airflow/dags/dag_connection_to_db.py
[2022-04-14 11:25:20,863] {logging_mixin.py:109} INFO - [2022-04-14 11:25:20,863] {dag.py:2398} INFO - Sync 1 DAGs
[2022-04-14 11:25:20,879] {logging_mixin.py:109} INFO - [2022-04-14 11:25:20,879] {dag.py:2937} INFO - Setting next_dagrun for dag_connection_to_db to None
[2022-04-14 11:25:20,892] {processor.py:171} INFO - Processing /opt/airflow/dags/dag_connection_to_db.py took 0.078 seconds
[2022-04-14 11:25:51,041] {processor.py:163} INFO - Started process (PID=92) to work on /opt/airflow/dags/dag_connection_to_db.py
[2022-04-14 11:25:51,046] {processor.py:642} INFO - Processing file /opt/airflow/dags/dag_connection_to_db.py for tasks to queue
[2022-04-14 11:25:51,048] {logging_mixin.py:109} INFO - [2022-04-14 11:25:51,048] {dagbag.py:500} INFO - Filling up the DagBag from /opt/airflow/dags/dag_connection_to_db.py
[2022-04-14 11:25:51,066] {processor.py:652} INFO - DAG(s) dict_keys(['dag_connection_to_db']) retrieved from /opt/airflow/dags/dag_connection_to_db.py
[2022-04-14 11:25:51,093] {logging_mixin.py:109} INFO - [2022-04-14 11:25:51,093] {dag.py:2398} INFO - Sync 1 DAGs
[2022-04-14 11:25:51,110] {logging_mixin.py:109} INFO - [2022-04-14 11:25:51,110] {dag.py:2937} INFO - Setting next_dagrun for dag_connection_to_db to None
[2022-04-14 11:25:51,121] {processor.py:171} INFO - Processing /opt/airflow/dags/dag_connection_to_db.py took 0.082 seconds
[2022-04-14 11:26:21,282] {processor.py:163} INFO - Started process (PID=113) to work on /opt/airflow/dags/dag_connection_to_db.py
[2022-04-14 11:26:21,283] {processor.py:642} INFO - Processing file /opt/airflow/dags/dag_connection_to_db.py for tasks to queue
[2022-04-14 11:26:21,283] {logging_mixin.py:109} INFO - [2022-04-14 11:26:21,283] {dagbag.py:500} INFO - Filling up the DagBag from /opt/airflow/dags/dag_connection_to_db.py
[2022-04-14 11:26:21,295] {processor.py:652} INFO - DAG(s) dict_keys(['dag_connection_to_db']) retrieved from /opt/airflow/dags/dag_connection_to_db.py
[2022-04-14 11:26:21,313] {logging_mixin.py:109} INFO - [2022-04-14 11:26:21,312] {dag.py:2398} INFO - Sync 1 DAGs
[2022-04-14 11:26:21,327] {logging_mixin.py:109} INFO - [2022-04-14 11:26:21,327] {dag.py:2937} INFO - Setting next_dagrun for dag_connection_to_db to None
[2022-04-14 11:26:21,338] {processor.py:171} INFO - Processing /opt/airflow/dags/dag_connection_to_db.py took 0.058 seconds
[2022-04-14 11:27:27,797] {processor.py:163} INFO - Started process (PID=39) to work on /opt/airflow/dags/dag_connection_to_db.py
[2022-04-14 11:27:27,799] {processor.py:642} INFO - Processing file /opt/airflow/dags/dag_connection_to_db.py for tasks to queue
[2022-04-14 11:27:27,801] {logging_mixin.py:109} INFO - [2022-04-14 11:27:27,801] {dagbag.py:500} INFO - Filling up the DagBag from /opt/airflow/dags/dag_connection_to_db.py
[2022-04-14 11:27:27,874] {processor.py:652} INFO - DAG(s) dict_keys(['dag_connection_to_db']) retrieved from /opt/airflow/dags/dag_connection_to_db.py
[2022-04-14 11:27:27,899] {logging_mixin.py:109} INFO - [2022-04-14 11:27:27,899] {dag.py:2398} INFO - Sync 1 DAGs
[2022-04-14 11:27:27,918] {logging_mixin.py:109} INFO - [2022-04-14 11:27:27,918] {dag.py:2937} INFO - Setting next_dagrun for dag_connection_to_db to None
[2022-04-14 11:27:27,932] {processor.py:171} INFO - Processing /opt/airflow/dags/dag_connection_to_db.py took 0.139 seconds
[2022-04-14 11:27:58,083] {processor.py:163} INFO - Started process (PID=61) to work on /opt/airflow/dags/dag_connection_to_db.py
[2022-04-14 11:27:58,085] {processor.py:642} INFO - Processing file /opt/airflow/dags/dag_connection_to_db.py for tasks to queue
[2022-04-14 11:27:58,085] {logging_mixin.py:109} INFO - [2022-04-14 11:27:58,085] {dagbag.py:500} INFO - Filling up the DagBag from /opt/airflow/dags/dag_connection_to_db.py
[2022-04-14 11:27:58,098] {processor.py:652} INFO - DAG(s) dict_keys(['dag_connection_to_db']) retrieved from /opt/airflow/dags/dag_connection_to_db.py
[2022-04-14 11:27:58,128] {logging_mixin.py:109} INFO - [2022-04-14 11:27:58,128] {dag.py:2398} INFO - Sync 1 DAGs
[2022-04-14 11:27:58,142] {logging_mixin.py:109} INFO - [2022-04-14 11:27:58,142] {dag.py:2937} INFO - Setting next_dagrun for dag_connection_to_db to None
[2022-04-14 11:27:58,151] {processor.py:171} INFO - Processing /opt/airflow/dags/dag_connection_to_db.py took 0.070 seconds
[2022-04-14 11:28:28,291] {processor.py:163} INFO - Started process (PID=91) to work on /opt/airflow/dags/dag_connection_to_db.py
[2022-04-14 11:28:28,301] {processor.py:642} INFO - Processing file /opt/airflow/dags/dag_connection_to_db.py for tasks to queue
[2022-04-14 11:28:28,301] {logging_mixin.py:109} INFO - [2022-04-14 11:28:28,301] {dagbag.py:500} INFO - Filling up the DagBag from /opt/airflow/dags/dag_connection_to_db.py
[2022-04-14 11:28:28,313] {processor.py:652} INFO - DAG(s) dict_keys(['dag_connection_to_db']) retrieved from /opt/airflow/dags/dag_connection_to_db.py
[2022-04-14 11:28:28,333] {logging_mixin.py:109} INFO - [2022-04-14 11:28:28,333] {dag.py:2398} INFO - Sync 1 DAGs
[2022-04-14 11:28:28,347] {logging_mixin.py:109} INFO - [2022-04-14 11:28:28,347] {dag.py:2937} INFO - Setting next_dagrun for dag_connection_to_db to None
[2022-04-14 11:28:28,358] {processor.py:171} INFO - Processing /opt/airflow/dags/dag_connection_to_db.py took 0.069 seconds
[2022-04-14 11:28:58,499] {processor.py:163} INFO - Started process (PID=114) to work on /opt/airflow/dags/dag_connection_to_db.py
[2022-04-14 11:28:58,500] {processor.py:642} INFO - Processing file /opt/airflow/dags/dag_connection_to_db.py for tasks to queue
[2022-04-14 11:28:58,501] {logging_mixin.py:109} INFO - [2022-04-14 11:28:58,501] {dagbag.py:500} INFO - Filling up the DagBag from /opt/airflow/dags/dag_connection_to_db.py
[2022-04-14 11:28:58,512] {processor.py:652} INFO - DAG(s) dict_keys(['dag_connection_to_db']) retrieved from /opt/airflow/dags/dag_connection_to_db.py
[2022-04-14 11:28:58,533] {logging_mixin.py:109} INFO - [2022-04-14 11:28:58,532] {dag.py:2398} INFO - Sync 1 DAGs
[2022-04-14 11:28:58,548] {logging_mixin.py:109} INFO - [2022-04-14 11:28:58,548] {dag.py:2937} INFO - Setting next_dagrun for dag_connection_to_db to None
[2022-04-14 11:28:58,559] {processor.py:171} INFO - Processing /opt/airflow/dags/dag_connection_to_db.py took 0.062 seconds
[2022-04-14 11:29:28,701] {processor.py:163} INFO - Started process (PID=144) to work on /opt/airflow/dags/dag_connection_to_db.py
[2022-04-14 11:29:28,710] {processor.py:642} INFO - Processing file /opt/airflow/dags/dag_connection_to_db.py for tasks to queue
[2022-04-14 11:29:28,710] {logging_mixin.py:109} INFO - [2022-04-14 11:29:28,710] {dagbag.py:500} INFO - Filling up the DagBag from /opt/airflow/dags/dag_connection_to_db.py
[2022-04-14 11:29:28,721] {processor.py:652} INFO - DAG(s) dict_keys(['dag_connection_to_db']) retrieved from /opt/airflow/dags/dag_connection_to_db.py
[2022-04-14 11:29:28,739] {logging_mixin.py:109} INFO - [2022-04-14 11:29:28,738] {dag.py:2398} INFO - Sync 1 DAGs
[2022-04-14 11:29:28,754] {logging_mixin.py:109} INFO - [2022-04-14 11:29:28,754] {dag.py:2937} INFO - Setting next_dagrun for dag_connection_to_db to None
[2022-04-14 11:29:28,766] {processor.py:171} INFO - Processing /opt/airflow/dags/dag_connection_to_db.py took 0.067 seconds
[2022-04-14 11:29:58,908] {processor.py:163} INFO - Started process (PID=166) to work on /opt/airflow/dags/dag_connection_to_db.py
[2022-04-14 11:29:58,909] {processor.py:642} INFO - Processing file /opt/airflow/dags/dag_connection_to_db.py for tasks to queue
[2022-04-14 11:29:58,909] {logging_mixin.py:109} INFO - [2022-04-14 11:29:58,909] {dagbag.py:500} INFO - Filling up the DagBag from /opt/airflow/dags/dag_connection_to_db.py
[2022-04-14 11:29:58,922] {processor.py:652} INFO - DAG(s) dict_keys(['dag_connection_to_db']) retrieved from /opt/airflow/dags/dag_connection_to_db.py
[2022-04-14 11:29:58,942] {logging_mixin.py:109} INFO - [2022-04-14 11:29:58,941] {dag.py:2398} INFO - Sync 1 DAGs
[2022-04-14 11:29:58,958] {logging_mixin.py:109} INFO - [2022-04-14 11:29:58,958] {dag.py:2937} INFO - Setting next_dagrun for dag_connection_to_db to None
[2022-04-14 11:29:58,968] {processor.py:171} INFO - Processing /opt/airflow/dags/dag_connection_to_db.py took 0.063 seconds
[2022-04-14 11:30:29,110] {processor.py:163} INFO - Started process (PID=197) to work on /opt/airflow/dags/dag_connection_to_db.py
[2022-04-14 11:30:29,119] {processor.py:642} INFO - Processing file /opt/airflow/dags/dag_connection_to_db.py for tasks to queue
[2022-04-14 11:30:29,120] {logging_mixin.py:109} INFO - [2022-04-14 11:30:29,120] {dagbag.py:500} INFO - Filling up the DagBag from /opt/airflow/dags/dag_connection_to_db.py
[2022-04-14 11:30:29,130] {processor.py:652} INFO - DAG(s) dict_keys(['dag_connection_to_db']) retrieved from /opt/airflow/dags/dag_connection_to_db.py
[2022-04-14 11:30:29,147] {logging_mixin.py:109} INFO - [2022-04-14 11:30:29,147] {dag.py:2398} INFO - Sync 1 DAGs
[2022-04-14 11:30:29,161] {logging_mixin.py:109} INFO - [2022-04-14 11:30:29,161] {dag.py:2937} INFO - Setting next_dagrun for dag_connection_to_db to None
[2022-04-14 11:30:29,171] {processor.py:171} INFO - Processing /opt/airflow/dags/dag_connection_to_db.py took 0.063 seconds
[2022-04-14 11:30:59,310] {processor.py:163} INFO - Started process (PID=220) to work on /opt/airflow/dags/dag_connection_to_db.py
[2022-04-14 11:30:59,320] {processor.py:642} INFO - Processing file /opt/airflow/dags/dag_connection_to_db.py for tasks to queue
[2022-04-14 11:30:59,320] {logging_mixin.py:109} INFO - [2022-04-14 11:30:59,320] {dagbag.py:500} INFO - Filling up the DagBag from /opt/airflow/dags/dag_connection_to_db.py
[2022-04-14 11:30:59,330] {processor.py:652} INFO - DAG(s) dict_keys(['dag_connection_to_db']) retrieved from /opt/airflow/dags/dag_connection_to_db.py
[2022-04-14 11:30:59,347] {logging_mixin.py:109} INFO - [2022-04-14 11:30:59,347] {dag.py:2398} INFO - Sync 1 DAGs
[2022-04-14 11:30:59,360] {logging_mixin.py:109} INFO - [2022-04-14 11:30:59,360] {dag.py:2937} INFO - Setting next_dagrun for dag_connection_to_db to None
[2022-04-14 11:30:59,370] {processor.py:171} INFO - Processing /opt/airflow/dags/dag_connection_to_db.py took 0.062 seconds
[2022-04-14 11:31:29,514] {processor.py:163} INFO - Started process (PID=251) to work on /opt/airflow/dags/dag_connection_to_db.py
[2022-04-14 11:31:29,515] {processor.py:642} INFO - Processing file /opt/airflow/dags/dag_connection_to_db.py for tasks to queue
[2022-04-14 11:31:29,515] {logging_mixin.py:109} INFO - [2022-04-14 11:31:29,515] {dagbag.py:500} INFO - Filling up the DagBag from /opt/airflow/dags/dag_connection_to_db.py
[2022-04-14 11:31:29,528] {processor.py:652} INFO - DAG(s) dict_keys(['dag_connection_to_db']) retrieved from /opt/airflow/dags/dag_connection_to_db.py
[2022-04-14 11:31:29,546] {logging_mixin.py:109} INFO - [2022-04-14 11:31:29,546] {dag.py:2398} INFO - Sync 1 DAGs
[2022-04-14 11:31:29,563] {logging_mixin.py:109} INFO - [2022-04-14 11:31:29,562] {dag.py:2937} INFO - Setting next_dagrun for dag_connection_to_db to None
[2022-04-14 11:31:29,573] {processor.py:171} INFO - Processing /opt/airflow/dags/dag_connection_to_db.py took 0.061 seconds
[2022-04-14 11:31:59,751] {processor.py:163} INFO - Started process (PID=273) to work on /opt/airflow/dags/dag_connection_to_db.py
[2022-04-14 11:31:59,755] {processor.py:642} INFO - Processing file /opt/airflow/dags/dag_connection_to_db.py for tasks to queue
[2022-04-14 11:31:59,756] {logging_mixin.py:109} INFO - [2022-04-14 11:31:59,756] {dagbag.py:500} INFO - Filling up the DagBag from /opt/airflow/dags/dag_connection_to_db.py
[2022-04-14 11:31:59,773] {processor.py:652} INFO - DAG(s) dict_keys(['dag_connection_to_db']) retrieved from /opt/airflow/dags/dag_connection_to_db.py
[2022-04-14 11:31:59,792] {logging_mixin.py:109} INFO - [2022-04-14 11:31:59,792] {dag.py:2398} INFO - Sync 1 DAGs
[2022-04-14 11:31:59,807] {logging_mixin.py:109} INFO - [2022-04-14 11:31:59,806] {dag.py:2937} INFO - Setting next_dagrun for dag_connection_to_db to None
[2022-04-14 11:31:59,819] {processor.py:171} INFO - Processing /opt/airflow/dags/dag_connection_to_db.py took 0.070 seconds
[2022-04-14 11:32:29,961] {processor.py:163} INFO - Started process (PID=305) to work on /opt/airflow/dags/dag_connection_to_db.py
[2022-04-14 11:32:29,962] {processor.py:642} INFO - Processing file /opt/airflow/dags/dag_connection_to_db.py for tasks to queue
[2022-04-14 11:32:29,963] {logging_mixin.py:109} INFO - [2022-04-14 11:32:29,963] {dagbag.py:500} INFO - Filling up the DagBag from /opt/airflow/dags/dag_connection_to_db.py
[2022-04-14 11:32:29,973] {processor.py:652} INFO - DAG(s) dict_keys(['dag_connection_to_db']) retrieved from /opt/airflow/dags/dag_connection_to_db.py
[2022-04-14 11:32:29,992] {logging_mixin.py:109} INFO - [2022-04-14 11:32:29,992] {dag.py:2398} INFO - Sync 1 DAGs
[2022-04-14 11:32:30,006] {logging_mixin.py:109} INFO - [2022-04-14 11:32:30,006] {dag.py:2937} INFO - Setting next_dagrun for dag_connection_to_db to None
[2022-04-14 11:32:30,017] {processor.py:171} INFO - Processing /opt/airflow/dags/dag_connection_to_db.py took 0.058 seconds
[2022-04-14 11:33:00,159] {processor.py:163} INFO - Started process (PID=327) to work on /opt/airflow/dags/dag_connection_to_db.py
[2022-04-14 11:33:00,168] {processor.py:642} INFO - Processing file /opt/airflow/dags/dag_connection_to_db.py for tasks to queue
[2022-04-14 11:33:00,169] {logging_mixin.py:109} INFO - [2022-04-14 11:33:00,169] {dagbag.py:500} INFO - Filling up the DagBag from /opt/airflow/dags/dag_connection_to_db.py
[2022-04-14 11:33:00,182] {processor.py:652} INFO - DAG(s) dict_keys(['dag_connection_to_db']) retrieved from /opt/airflow/dags/dag_connection_to_db.py
[2022-04-14 11:33:00,202] {logging_mixin.py:109} INFO - [2022-04-14 11:33:00,202] {dag.py:2398} INFO - Sync 1 DAGs
[2022-04-14 11:33:00,216] {logging_mixin.py:109} INFO - [2022-04-14 11:33:00,216] {dag.py:2937} INFO - Setting next_dagrun for dag_connection_to_db to None
[2022-04-14 11:33:00,227] {processor.py:171} INFO - Processing /opt/airflow/dags/dag_connection_to_db.py took 0.070 seconds
[2022-04-14 11:33:30,375] {processor.py:163} INFO - Started process (PID=358) to work on /opt/airflow/dags/dag_connection_to_db.py
[2022-04-14 11:33:30,376] {processor.py:642} INFO - Processing file /opt/airflow/dags/dag_connection_to_db.py for tasks to queue
[2022-04-14 11:33:30,376] {logging_mixin.py:109} INFO - [2022-04-14 11:33:30,376] {dagbag.py:500} INFO - Filling up the DagBag from /opt/airflow/dags/dag_connection_to_db.py
[2022-04-14 11:33:30,393] {processor.py:652} INFO - DAG(s) dict_keys(['dag_connection_to_db']) retrieved from /opt/airflow/dags/dag_connection_to_db.py
[2022-04-14 11:33:30,412] {logging_mixin.py:109} INFO - [2022-04-14 11:33:30,412] {dag.py:2398} INFO - Sync 1 DAGs
[2022-04-14 11:33:30,426] {logging_mixin.py:109} INFO - [2022-04-14 11:33:30,426] {dag.py:2937} INFO - Setting next_dagrun for dag_connection_to_db to None
[2022-04-14 11:33:30,437] {processor.py:171} INFO - Processing /opt/airflow/dags/dag_connection_to_db.py took 0.065 seconds
[2022-04-14 11:34:00,574] {processor.py:163} INFO - Started process (PID=380) to work on /opt/airflow/dags/dag_connection_to_db.py
[2022-04-14 11:34:00,576] {processor.py:642} INFO - Processing file /opt/airflow/dags/dag_connection_to_db.py for tasks to queue
[2022-04-14 11:34:00,577] {logging_mixin.py:109} INFO - [2022-04-14 11:34:00,576] {dagbag.py:500} INFO - Filling up the DagBag from /opt/airflow/dags/dag_connection_to_db.py
[2022-04-14 11:34:00,587] {processor.py:652} INFO - DAG(s) dict_keys(['dag_connection_to_db']) retrieved from /opt/airflow/dags/dag_connection_to_db.py
[2022-04-14 11:34:00,605] {logging_mixin.py:109} INFO - [2022-04-14 11:34:00,604] {dag.py:2398} INFO - Sync 1 DAGs
[2022-04-14 11:34:00,619] {logging_mixin.py:109} INFO - [2022-04-14 11:34:00,619] {dag.py:2937} INFO - Setting next_dagrun for dag_connection_to_db to None
[2022-04-14 11:34:00,628] {processor.py:171} INFO - Processing /opt/airflow/dags/dag_connection_to_db.py took 0.056 seconds
[2022-04-14 11:34:30,772] {processor.py:163} INFO - Started process (PID=412) to work on /opt/airflow/dags/dag_connection_to_db.py
[2022-04-14 11:34:30,773] {processor.py:642} INFO - Processing file /opt/airflow/dags/dag_connection_to_db.py for tasks to queue
[2022-04-14 11:34:30,773] {logging_mixin.py:109} INFO - [2022-04-14 11:34:30,773] {dagbag.py:500} INFO - Filling up the DagBag from /opt/airflow/dags/dag_connection_to_db.py
[2022-04-14 11:34:30,785] {processor.py:652} INFO - DAG(s) dict_keys(['dag_connection_to_db']) retrieved from /opt/airflow/dags/dag_connection_to_db.py
[2022-04-14 11:34:30,803] {logging_mixin.py:109} INFO - [2022-04-14 11:34:30,803] {dag.py:2398} INFO - Sync 1 DAGs
[2022-04-14 11:34:30,817] {logging_mixin.py:109} INFO - [2022-04-14 11:34:30,816] {dag.py:2937} INFO - Setting next_dagrun for dag_connection_to_db to None
[2022-04-14 11:34:30,827] {processor.py:171} INFO - Processing /opt/airflow/dags/dag_connection_to_db.py took 0.057 seconds
[2022-04-14 11:35:00,967] {processor.py:163} INFO - Started process (PID=433) to work on /opt/airflow/dags/dag_connection_to_db.py
[2022-04-14 11:35:00,976] {processor.py:642} INFO - Processing file /opt/airflow/dags/dag_connection_to_db.py for tasks to queue
[2022-04-14 11:35:00,976] {logging_mixin.py:109} INFO - [2022-04-14 11:35:00,976] {dagbag.py:500} INFO - Filling up the DagBag from /opt/airflow/dags/dag_connection_to_db.py
[2022-04-14 11:35:00,987] {processor.py:652} INFO - DAG(s) dict_keys(['dag_connection_to_db']) retrieved from /opt/airflow/dags/dag_connection_to_db.py
[2022-04-14 11:35:01,003] {logging_mixin.py:109} INFO - [2022-04-14 11:35:01,003] {dag.py:2398} INFO - Sync 1 DAGs
[2022-04-14 11:35:01,017] {logging_mixin.py:109} INFO - [2022-04-14 11:35:01,017] {dag.py:2937} INFO - Setting next_dagrun for dag_connection_to_db to None
[2022-04-14 11:35:01,028] {processor.py:171} INFO - Processing /opt/airflow/dags/dag_connection_to_db.py took 0.063 seconds
[2022-04-14 11:35:31,171] {processor.py:163} INFO - Started process (PID=465) to work on /opt/airflow/dags/dag_connection_to_db.py
[2022-04-14 11:35:31,171] {processor.py:642} INFO - Processing file /opt/airflow/dags/dag_connection_to_db.py for tasks to queue
[2022-04-14 11:35:31,172] {logging_mixin.py:109} INFO - [2022-04-14 11:35:31,172] {dagbag.py:500} INFO - Filling up the DagBag from /opt/airflow/dags/dag_connection_to_db.py
[2022-04-14 11:35:31,183] {processor.py:652} INFO - DAG(s) dict_keys(['dag_connection_to_db']) retrieved from /opt/airflow/dags/dag_connection_to_db.py
[2022-04-14 11:35:31,199] {logging_mixin.py:109} INFO - [2022-04-14 11:35:31,199] {dag.py:2398} INFO - Sync 1 DAGs
[2022-04-14 11:35:31,214] {logging_mixin.py:109} INFO - [2022-04-14 11:35:31,214] {dag.py:2937} INFO - Setting next_dagrun for dag_connection_to_db to None
[2022-04-14 11:35:31,224] {processor.py:171} INFO - Processing /opt/airflow/dags/dag_connection_to_db.py took 0.056 seconds
[2022-04-14 11:36:01,411] {processor.py:163} INFO - Started process (PID=490) to work on /opt/airflow/dags/dag_connection_to_db.py
[2022-04-14 11:36:01,420] {processor.py:642} INFO - Processing file /opt/airflow/dags/dag_connection_to_db.py for tasks to queue
[2022-04-14 11:36:01,421] {logging_mixin.py:109} INFO - [2022-04-14 11:36:01,421] {dagbag.py:500} INFO - Filling up the DagBag from /opt/airflow/dags/dag_connection_to_db.py
[2022-04-14 11:36:01,437] {processor.py:652} INFO - DAG(s) dict_keys(['dag_connection_to_db']) retrieved from /opt/airflow/dags/dag_connection_to_db.py
[2022-04-14 11:36:01,457] {logging_mixin.py:109} INFO - [2022-04-14 11:36:01,457] {dag.py:2398} INFO - Sync 1 DAGs
[2022-04-14 11:36:01,474] {logging_mixin.py:109} INFO - [2022-04-14 11:36:01,474] {dag.py:2937} INFO - Setting next_dagrun for dag_connection_to_db to None
[2022-04-14 11:36:01,486] {processor.py:171} INFO - Processing /opt/airflow/dags/dag_connection_to_db.py took 0.078 seconds
[2022-04-14 11:36:31,543] {processor.py:163} INFO - Started process (PID=532) to work on /opt/airflow/dags/dag_connection_to_db.py
[2022-04-14 11:36:31,544] {processor.py:642} INFO - Processing file /opt/airflow/dags/dag_connection_to_db.py for tasks to queue
[2022-04-14 11:36:31,544] {logging_mixin.py:109} INFO - [2022-04-14 11:36:31,544] {dagbag.py:500} INFO - Filling up the DagBag from /opt/airflow/dags/dag_connection_to_db.py
[2022-04-14 11:36:31,557] {processor.py:652} INFO - DAG(s) dict_keys(['dag_connection_to_db']) retrieved from /opt/airflow/dags/dag_connection_to_db.py
[2022-04-14 11:36:31,579] {logging_mixin.py:109} INFO - [2022-04-14 11:36:31,579] {dag.py:2398} INFO - Sync 1 DAGs
[2022-04-14 11:36:31,594] {logging_mixin.py:109} INFO - [2022-04-14 11:36:31,593] {dag.py:2937} INFO - Setting next_dagrun for dag_connection_to_db to None
[2022-04-14 11:36:31,605] {processor.py:171} INFO - Processing /opt/airflow/dags/dag_connection_to_db.py took 0.065 seconds
[2022-04-14 11:37:01,767] {processor.py:163} INFO - Started process (PID=564) to work on /opt/airflow/dags/dag_connection_to_db.py
[2022-04-14 11:37:01,769] {processor.py:642} INFO - Processing file /opt/airflow/dags/dag_connection_to_db.py for tasks to queue
[2022-04-14 11:37:01,769] {logging_mixin.py:109} INFO - [2022-04-14 11:37:01,769] {dagbag.py:500} INFO - Filling up the DagBag from /opt/airflow/dags/dag_connection_to_db.py
[2022-04-14 11:37:01,782] {processor.py:652} INFO - DAG(s) dict_keys(['dag_connection_to_db']) retrieved from /opt/airflow/dags/dag_connection_to_db.py
[2022-04-14 11:37:01,803] {logging_mixin.py:109} INFO - [2022-04-14 11:37:01,803] {dag.py:2398} INFO - Sync 1 DAGs
[2022-04-14 11:37:01,818] {logging_mixin.py:109} INFO - [2022-04-14 11:37:01,818] {dag.py:2937} INFO - Setting next_dagrun for dag_connection_to_db to None
[2022-04-14 11:37:01,828] {processor.py:171} INFO - Processing /opt/airflow/dags/dag_connection_to_db.py took 0.063 seconds
[2022-04-14 11:37:32,029] {processor.py:163} INFO - Started process (PID=586) to work on /opt/airflow/dags/dag_connection_to_db.py
[2022-04-14 11:37:32,030] {processor.py:642} INFO - Processing file /opt/airflow/dags/dag_connection_to_db.py for tasks to queue
[2022-04-14 11:37:32,031] {logging_mixin.py:109} INFO - [2022-04-14 11:37:32,031] {dagbag.py:500} INFO - Filling up the DagBag from /opt/airflow/dags/dag_connection_to_db.py
[2022-04-14 11:37:32,041] {processor.py:652} INFO - DAG(s) dict_keys(['dag_connection_to_db']) retrieved from /opt/airflow/dags/dag_connection_to_db.py
[2022-04-14 11:37:32,058] {logging_mixin.py:109} INFO - [2022-04-14 11:37:32,058] {dag.py:2398} INFO - Sync 1 DAGs
[2022-04-14 11:37:32,071] {logging_mixin.py:109} INFO - [2022-04-14 11:37:32,071] {dag.py:2937} INFO - Setting next_dagrun for dag_connection_to_db to None
[2022-04-14 11:37:32,082] {processor.py:171} INFO - Processing /opt/airflow/dags/dag_connection_to_db.py took 0.055 seconds
[2022-04-14 11:38:02,278] {processor.py:163} INFO - Started process (PID=618) to work on /opt/airflow/dags/dag_connection_to_db.py
[2022-04-14 11:38:02,288] {processor.py:642} INFO - Processing file /opt/airflow/dags/dag_connection_to_db.py for tasks to queue
[2022-04-14 11:38:02,288] {logging_mixin.py:109} INFO - [2022-04-14 11:38:02,288] {dagbag.py:500} INFO - Filling up the DagBag from /opt/airflow/dags/dag_connection_to_db.py
[2022-04-14 11:38:02,301] {processor.py:652} INFO - DAG(s) dict_keys(['dag_connection_to_db']) retrieved from /opt/airflow/dags/dag_connection_to_db.py
[2022-04-14 11:38:02,322] {logging_mixin.py:109} INFO - [2022-04-14 11:38:02,322] {dag.py:2398} INFO - Sync 1 DAGs
[2022-04-14 11:38:02,337] {logging_mixin.py:109} INFO - [2022-04-14 11:38:02,337] {dag.py:2937} INFO - Setting next_dagrun for dag_connection_to_db to None
[2022-04-14 11:38:02,349] {processor.py:171} INFO - Processing /opt/airflow/dags/dag_connection_to_db.py took 0.073 seconds
[2022-04-14 11:38:32,543] {processor.py:163} INFO - Started process (PID=640) to work on /opt/airflow/dags/dag_connection_to_db.py
[2022-04-14 11:38:32,544] {processor.py:642} INFO - Processing file /opt/airflow/dags/dag_connection_to_db.py for tasks to queue
[2022-04-14 11:38:32,545] {logging_mixin.py:109} INFO - [2022-04-14 11:38:32,545] {dagbag.py:500} INFO - Filling up the DagBag from /opt/airflow/dags/dag_connection_to_db.py
[2022-04-14 11:38:32,555] {processor.py:652} INFO - DAG(s) dict_keys(['dag_connection_to_db']) retrieved from /opt/airflow/dags/dag_connection_to_db.py
[2022-04-14 11:38:32,574] {logging_mixin.py:109} INFO - [2022-04-14 11:38:32,574] {dag.py:2398} INFO - Sync 1 DAGs
[2022-04-14 11:38:32,590] {logging_mixin.py:109} INFO - [2022-04-14 11:38:32,590] {dag.py:2937} INFO - Setting next_dagrun for dag_connection_to_db to None
[2022-04-14 11:38:32,599] {processor.py:171} INFO - Processing /opt/airflow/dags/dag_connection_to_db.py took 0.058 seconds
[2022-04-14 11:39:02,780] {processor.py:163} INFO - Started process (PID=673) to work on /opt/airflow/dags/dag_connection_to_db.py
[2022-04-14 11:39:02,789] {processor.py:642} INFO - Processing file /opt/airflow/dags/dag_connection_to_db.py for tasks to queue
[2022-04-14 11:39:02,790] {logging_mixin.py:109} INFO - [2022-04-14 11:39:02,790] {dagbag.py:500} INFO - Filling up the DagBag from /opt/airflow/dags/dag_connection_to_db.py
[2022-04-14 11:39:02,802] {processor.py:652} INFO - DAG(s) dict_keys(['dag_connection_to_db']) retrieved from /opt/airflow/dags/dag_connection_to_db.py
[2022-04-14 11:39:02,818] {logging_mixin.py:109} INFO - [2022-04-14 11:39:02,818] {dag.py:2398} INFO - Sync 1 DAGs
[2022-04-14 11:39:02,830] {logging_mixin.py:109} INFO - [2022-04-14 11:39:02,830] {dag.py:2937} INFO - Setting next_dagrun for dag_connection_to_db to None
[2022-04-14 11:39:02,838] {processor.py:171} INFO - Processing /opt/airflow/dags/dag_connection_to_db.py took 0.060 seconds
[2022-04-14 11:39:32,981] {processor.py:163} INFO - Started process (PID=696) to work on /opt/airflow/dags/dag_connection_to_db.py
[2022-04-14 11:39:32,982] {processor.py:642} INFO - Processing file /opt/airflow/dags/dag_connection_to_db.py for tasks to queue
[2022-04-14 11:39:32,982] {logging_mixin.py:109} INFO - [2022-04-14 11:39:32,982] {dagbag.py:500} INFO - Filling up the DagBag from /opt/airflow/dags/dag_connection_to_db.py
[2022-04-14 11:39:32,992] {processor.py:652} INFO - DAG(s) dict_keys(['dag_connection_to_db']) retrieved from /opt/airflow/dags/dag_connection_to_db.py
[2022-04-14 11:39:33,009] {logging_mixin.py:109} INFO - [2022-04-14 11:39:33,009] {dag.py:2398} INFO - Sync 1 DAGs
[2022-04-14 11:39:33,022] {logging_mixin.py:109} INFO - [2022-04-14 11:39:33,022] {dag.py:2937} INFO - Setting next_dagrun for dag_connection_to_db to None
[2022-04-14 11:39:33,033] {processor.py:171} INFO - Processing /opt/airflow/dags/dag_connection_to_db.py took 0.054 seconds
[2022-04-14 11:40:03,168] {processor.py:163} INFO - Started process (PID=728) to work on /opt/airflow/dags/dag_connection_to_db.py
[2022-04-14 11:40:03,172] {processor.py:642} INFO - Processing file /opt/airflow/dags/dag_connection_to_db.py for tasks to queue
[2022-04-14 11:40:03,172] {logging_mixin.py:109} INFO - [2022-04-14 11:40:03,172] {dagbag.py:500} INFO - Filling up the DagBag from /opt/airflow/dags/dag_connection_to_db.py
[2022-04-14 11:40:03,184] {processor.py:652} INFO - DAG(s) dict_keys(['dag_connection_to_db']) retrieved from /opt/airflow/dags/dag_connection_to_db.py
[2022-04-14 11:40:03,204] {logging_mixin.py:109} INFO - [2022-04-14 11:40:03,204] {dag.py:2398} INFO - Sync 1 DAGs
[2022-04-14 11:40:03,218] {logging_mixin.py:109} INFO - [2022-04-14 11:40:03,218] {dag.py:2937} INFO - Setting next_dagrun for dag_connection_to_db to None
[2022-04-14 11:40:03,229] {processor.py:171} INFO - Processing /opt/airflow/dags/dag_connection_to_db.py took 0.063 seconds
[2022-04-14 11:40:33,374] {processor.py:163} INFO - Started process (PID=752) to work on /opt/airflow/dags/dag_connection_to_db.py
[2022-04-14 11:40:33,375] {processor.py:642} INFO - Processing file /opt/airflow/dags/dag_connection_to_db.py for tasks to queue
[2022-04-14 11:40:33,375] {logging_mixin.py:109} INFO - [2022-04-14 11:40:33,375] {dagbag.py:500} INFO - Filling up the DagBag from /opt/airflow/dags/dag_connection_to_db.py
[2022-04-14 11:40:33,387] {processor.py:652} INFO - DAG(s) dict_keys(['dag_connection_to_db']) retrieved from /opt/airflow/dags/dag_connection_to_db.py
[2022-04-14 11:40:33,407] {logging_mixin.py:109} INFO - [2022-04-14 11:40:33,407] {dag.py:2398} INFO - Sync 1 DAGs
[2022-04-14 11:40:33,421] {logging_mixin.py:109} INFO - [2022-04-14 11:40:33,421] {dag.py:2937} INFO - Setting next_dagrun for dag_connection_to_db to None
[2022-04-14 11:40:33,436] {processor.py:171} INFO - Processing /opt/airflow/dags/dag_connection_to_db.py took 0.064 seconds
[2022-04-14 11:41:03,590] {processor.py:163} INFO - Started process (PID=783) to work on /opt/airflow/dags/dag_connection_to_db.py
[2022-04-14 11:41:03,591] {processor.py:642} INFO - Processing file /opt/airflow/dags/dag_connection_to_db.py for tasks to queue
[2022-04-14 11:41:03,592] {logging_mixin.py:109} INFO - [2022-04-14 11:41:03,592] {dagbag.py:500} INFO - Filling up the DagBag from /opt/airflow/dags/dag_connection_to_db.py
[2022-04-14 11:41:03,602] {processor.py:652} INFO - DAG(s) dict_keys(['dag_connection_to_db']) retrieved from /opt/airflow/dags/dag_connection_to_db.py
[2022-04-14 11:41:03,620] {logging_mixin.py:109} INFO - [2022-04-14 11:41:03,619] {dag.py:2398} INFO - Sync 1 DAGs
[2022-04-14 11:41:03,632] {logging_mixin.py:109} INFO - [2022-04-14 11:41:03,632] {dag.py:2937} INFO - Setting next_dagrun for dag_connection_to_db to None
[2022-04-14 11:41:03,646] {processor.py:171} INFO - Processing /opt/airflow/dags/dag_connection_to_db.py took 0.057 seconds
[2022-04-14 11:41:33,792] {processor.py:163} INFO - Started process (PID=806) to work on /opt/airflow/dags/dag_connection_to_db.py
[2022-04-14 11:41:33,793] {processor.py:642} INFO - Processing file /opt/airflow/dags/dag_connection_to_db.py for tasks to queue
[2022-04-14 11:41:33,794] {logging_mixin.py:109} INFO - [2022-04-14 11:41:33,793] {dagbag.py:500} INFO - Filling up the DagBag from /opt/airflow/dags/dag_connection_to_db.py
[2022-04-14 11:41:33,809] {processor.py:652} INFO - DAG(s) dict_keys(['dag_connection_to_db']) retrieved from /opt/airflow/dags/dag_connection_to_db.py
[2022-04-14 11:41:33,832] {logging_mixin.py:109} INFO - [2022-04-14 11:41:33,832] {dag.py:2398} INFO - Sync 1 DAGs
[2022-04-14 11:41:33,846] {logging_mixin.py:109} INFO - [2022-04-14 11:41:33,846] {dag.py:2937} INFO - Setting next_dagrun for dag_connection_to_db to None
[2022-04-14 11:41:33,856] {processor.py:171} INFO - Processing /opt/airflow/dags/dag_connection_to_db.py took 0.068 seconds
[2022-04-14 11:42:04,002] {processor.py:163} INFO - Started process (PID=838) to work on /opt/airflow/dags/dag_connection_to_db.py
[2022-04-14 11:42:04,011] {processor.py:642} INFO - Processing file /opt/airflow/dags/dag_connection_to_db.py for tasks to queue
[2022-04-14 11:42:04,011] {logging_mixin.py:109} INFO - [2022-04-14 11:42:04,011] {dagbag.py:500} INFO - Filling up the DagBag from /opt/airflow/dags/dag_connection_to_db.py
[2022-04-14 11:42:04,023] {processor.py:652} INFO - DAG(s) dict_keys(['dag_connection_to_db']) retrieved from /opt/airflow/dags/dag_connection_to_db.py
[2022-04-14 11:42:04,039] {logging_mixin.py:109} INFO - [2022-04-14 11:42:04,039] {dag.py:2398} INFO - Sync 1 DAGs
[2022-04-14 11:42:04,055] {logging_mixin.py:109} INFO - [2022-04-14 11:42:04,054] {dag.py:2937} INFO - Setting next_dagrun for dag_connection_to_db to None
[2022-04-14 11:42:04,063] {processor.py:171} INFO - Processing /opt/airflow/dags/dag_connection_to_db.py took 0.063 seconds
[2022-04-14 11:42:34,218] {processor.py:163} INFO - Started process (PID=860) to work on /opt/airflow/dags/dag_connection_to_db.py
[2022-04-14 11:42:34,219] {processor.py:642} INFO - Processing file /opt/airflow/dags/dag_connection_to_db.py for tasks to queue
[2022-04-14 11:42:34,220] {logging_mixin.py:109} INFO - [2022-04-14 11:42:34,219] {dagbag.py:500} INFO - Filling up the DagBag from /opt/airflow/dags/dag_connection_to_db.py
[2022-04-14 11:42:34,238] {processor.py:652} INFO - DAG(s) dict_keys(['dag_connection_to_db']) retrieved from /opt/airflow/dags/dag_connection_to_db.py
[2022-04-14 11:42:34,260] {logging_mixin.py:109} INFO - [2022-04-14 11:42:34,260] {dag.py:2398} INFO - Sync 1 DAGs
[2022-04-14 11:42:34,276] {logging_mixin.py:109} INFO - [2022-04-14 11:42:34,276] {dag.py:2937} INFO - Setting next_dagrun for dag_connection_to_db to None
[2022-04-14 11:42:34,288] {processor.py:171} INFO - Processing /opt/airflow/dags/dag_connection_to_db.py took 0.074 seconds
[2022-04-14 11:43:04,439] {processor.py:163} INFO - Started process (PID=891) to work on /opt/airflow/dags/dag_connection_to_db.py
[2022-04-14 11:43:04,444] {processor.py:642} INFO - Processing file /opt/airflow/dags/dag_connection_to_db.py for tasks to queue
[2022-04-14 11:43:04,444] {logging_mixin.py:109} INFO - [2022-04-14 11:43:04,444] {dagbag.py:500} INFO - Filling up the DagBag from /opt/airflow/dags/dag_connection_to_db.py
[2022-04-14 11:43:04,456] {processor.py:652} INFO - DAG(s) dict_keys(['dag_connection_to_db']) retrieved from /opt/airflow/dags/dag_connection_to_db.py
[2022-04-14 11:43:04,475] {logging_mixin.py:109} INFO - [2022-04-14 11:43:04,475] {dag.py:2398} INFO - Sync 1 DAGs
[2022-04-14 11:43:04,572] {logging_mixin.py:109} INFO - [2022-04-14 11:43:04,572] {dag.py:2937} INFO - Setting next_dagrun for dag_connection_to_db to None
[2022-04-14 11:43:04,581] {processor.py:171} INFO - Processing /opt/airflow/dags/dag_connection_to_db.py took 0.144 seconds
[2022-04-14 11:43:34,866] {processor.py:163} INFO - Started process (PID=914) to work on /opt/airflow/dags/dag_connection_to_db.py
[2022-04-14 11:43:34,867] {processor.py:642} INFO - Processing file /opt/airflow/dags/dag_connection_to_db.py for tasks to queue
[2022-04-14 11:43:34,868] {logging_mixin.py:109} INFO - [2022-04-14 11:43:34,868] {dagbag.py:500} INFO - Filling up the DagBag from /opt/airflow/dags/dag_connection_to_db.py
[2022-04-14 11:43:34,882] {processor.py:652} INFO - DAG(s) dict_keys(['dag_connection_to_db']) retrieved from /opt/airflow/dags/dag_connection_to_db.py
[2022-04-14 11:43:34,901] {logging_mixin.py:109} INFO - [2022-04-14 11:43:34,901] {dag.py:2398} INFO - Sync 1 DAGs
[2022-04-14 11:43:34,998] {logging_mixin.py:109} INFO - [2022-04-14 11:43:34,998] {dag.py:2937} INFO - Setting next_dagrun for dag_connection_to_db to None
[2022-04-14 11:43:35,009] {processor.py:171} INFO - Processing /opt/airflow/dags/dag_connection_to_db.py took 0.145 seconds
[2022-04-14 11:44:05,234] {processor.py:163} INFO - Started process (PID=946) to work on /opt/airflow/dags/dag_connection_to_db.py
[2022-04-14 11:44:05,239] {processor.py:642} INFO - Processing file /opt/airflow/dags/dag_connection_to_db.py for tasks to queue
[2022-04-14 11:44:05,240] {logging_mixin.py:109} INFO - [2022-04-14 11:44:05,240] {dagbag.py:500} INFO - Filling up the DagBag from /opt/airflow/dags/dag_connection_to_db.py
[2022-04-14 11:44:05,251] {processor.py:652} INFO - DAG(s) dict_keys(['dag_connection_to_db']) retrieved from /opt/airflow/dags/dag_connection_to_db.py
[2022-04-14 11:44:05,345] {logging_mixin.py:109} INFO - [2022-04-14 11:44:05,345] {dag.py:2398} INFO - Sync 1 DAGs
[2022-04-14 11:44:05,359] {logging_mixin.py:109} INFO - [2022-04-14 11:44:05,359] {dag.py:2937} INFO - Setting next_dagrun for dag_connection_to_db to None
[2022-04-14 11:44:05,369] {processor.py:171} INFO - Processing /opt/airflow/dags/dag_connection_to_db.py took 0.137 seconds
[2022-04-14 11:44:35,718] {processor.py:163} INFO - Started process (PID=969) to work on /opt/airflow/dags/dag_connection_to_db.py
[2022-04-14 11:44:35,720] {processor.py:642} INFO - Processing file /opt/airflow/dags/dag_connection_to_db.py for tasks to queue
[2022-04-14 11:44:35,721] {logging_mixin.py:109} INFO - [2022-04-14 11:44:35,721] {dagbag.py:500} INFO - Filling up the DagBag from /opt/airflow/dags/dag_connection_to_db.py
[2022-04-14 11:44:35,820] {processor.py:652} INFO - DAG(s) dict_keys(['dag_connection_to_db']) retrieved from /opt/airflow/dags/dag_connection_to_db.py
[2022-04-14 11:44:35,840] {logging_mixin.py:109} INFO - [2022-04-14 11:44:35,840] {dag.py:2398} INFO - Sync 1 DAGs
[2022-04-14 11:44:35,853] {logging_mixin.py:109} INFO - [2022-04-14 11:44:35,853] {dag.py:2937} INFO - Setting next_dagrun for dag_connection_to_db to None
[2022-04-14 11:44:35,864] {processor.py:171} INFO - Processing /opt/airflow/dags/dag_connection_to_db.py took 0.150 seconds
[2022-04-14 11:45:06,012] {processor.py:163} INFO - Started process (PID=1002) to work on /opt/airflow/dags/dag_connection_to_db.py
[2022-04-14 11:45:06,016] {processor.py:642} INFO - Processing file /opt/airflow/dags/dag_connection_to_db.py for tasks to queue
[2022-04-14 11:45:06,017] {logging_mixin.py:109} INFO - [2022-04-14 11:45:06,017] {dagbag.py:500} INFO - Filling up the DagBag from /opt/airflow/dags/dag_connection_to_db.py
[2022-04-14 11:45:06,113] {processor.py:652} INFO - DAG(s) dict_keys(['dag_connection_to_db']) retrieved from /opt/airflow/dags/dag_connection_to_db.py
[2022-04-14 11:45:06,132] {logging_mixin.py:109} INFO - [2022-04-14 11:45:06,131] {dag.py:2398} INFO - Sync 1 DAGs
[2022-04-14 11:45:06,144] {logging_mixin.py:109} INFO - [2022-04-14 11:45:06,144] {dag.py:2937} INFO - Setting next_dagrun for dag_connection_to_db to None
[2022-04-14 11:45:06,158] {processor.py:171} INFO - Processing /opt/airflow/dags/dag_connection_to_db.py took 0.148 seconds
[2022-04-14 11:45:36,377] {processor.py:163} INFO - Started process (PID=1034) to work on /opt/airflow/dags/dag_connection_to_db.py
[2022-04-14 11:45:36,379] {processor.py:642} INFO - Processing file /opt/airflow/dags/dag_connection_to_db.py for tasks to queue
[2022-04-14 11:45:36,379] {logging_mixin.py:109} INFO - [2022-04-14 11:45:36,379] {dagbag.py:500} INFO - Filling up the DagBag from /opt/airflow/dags/dag_connection_to_db.py
[2022-04-14 11:45:36,485] {processor.py:652} INFO - DAG(s) dict_keys(['dag_connection_to_db']) retrieved from /opt/airflow/dags/dag_connection_to_db.py
[2022-04-14 11:45:36,505] {logging_mixin.py:109} INFO - [2022-04-14 11:45:36,505] {dag.py:2398} INFO - Sync 1 DAGs
[2022-04-14 11:45:36,519] {logging_mixin.py:109} INFO - [2022-04-14 11:45:36,519] {dag.py:2937} INFO - Setting next_dagrun for dag_connection_to_db to None
[2022-04-14 11:45:36,534] {processor.py:171} INFO - Processing /opt/airflow/dags/dag_connection_to_db.py took 0.159 seconds
[2022-04-14 11:46:06,680] {processor.py:163} INFO - Started process (PID=1058) to work on /opt/airflow/dags/dag_connection_to_db.py
[2022-04-14 11:46:06,682] {processor.py:642} INFO - Processing file /opt/airflow/dags/dag_connection_to_db.py for tasks to queue
[2022-04-14 11:46:06,683] {logging_mixin.py:109} INFO - [2022-04-14 11:46:06,683] {dagbag.py:500} INFO - Filling up the DagBag from /opt/airflow/dags/dag_connection_to_db.py
[2022-04-14 11:46:06,803] {processor.py:652} INFO - DAG(s) dict_keys(['dag_connection_to_db']) retrieved from /opt/airflow/dags/dag_connection_to_db.py
[2022-04-14 11:46:06,821] {logging_mixin.py:109} INFO - [2022-04-14 11:46:06,820] {dag.py:2398} INFO - Sync 1 DAGs
[2022-04-14 11:46:06,835] {logging_mixin.py:109} INFO - [2022-04-14 11:46:06,834] {dag.py:2937} INFO - Setting next_dagrun for dag_connection_to_db to None
[2022-04-14 11:46:06,843] {processor.py:171} INFO - Processing /opt/airflow/dags/dag_connection_to_db.py took 0.165 seconds
[2022-04-14 11:46:37,175] {processor.py:163} INFO - Started process (PID=1090) to work on /opt/airflow/dags/dag_connection_to_db.py
[2022-04-14 11:46:37,176] {processor.py:642} INFO - Processing file /opt/airflow/dags/dag_connection_to_db.py for tasks to queue
[2022-04-14 11:46:37,176] {logging_mixin.py:109} INFO - [2022-04-14 11:46:37,176] {dagbag.py:500} INFO - Filling up the DagBag from /opt/airflow/dags/dag_connection_to_db.py
[2022-04-14 11:46:37,188] {processor.py:652} INFO - DAG(s) dict_keys(['dag_connection_to_db']) retrieved from /opt/airflow/dags/dag_connection_to_db.py
[2022-04-14 11:46:37,205] {logging_mixin.py:109} INFO - [2022-04-14 11:46:37,205] {dag.py:2398} INFO - Sync 1 DAGs
[2022-04-14 11:46:37,218] {logging_mixin.py:109} INFO - [2022-04-14 11:46:37,218] {dag.py:2937} INFO - Setting next_dagrun for dag_connection_to_db to None
[2022-04-14 11:46:37,229] {processor.py:171} INFO - Processing /opt/airflow/dags/dag_connection_to_db.py took 0.057 seconds
[2022-04-14 11:47:07,436] {processor.py:163} INFO - Started process (PID=1114) to work on /opt/airflow/dags/dag_connection_to_db.py
[2022-04-14 11:47:07,438] {processor.py:642} INFO - Processing file /opt/airflow/dags/dag_connection_to_db.py for tasks to queue
[2022-04-14 11:47:07,439] {logging_mixin.py:109} INFO - [2022-04-14 11:47:07,439] {dagbag.py:500} INFO - Filling up the DagBag from /opt/airflow/dags/dag_connection_to_db.py
[2022-04-14 11:47:07,451] {processor.py:652} INFO - DAG(s) dict_keys(['dag_connection_to_db']) retrieved from /opt/airflow/dags/dag_connection_to_db.py
[2022-04-14 11:47:07,468] {logging_mixin.py:109} INFO - [2022-04-14 11:47:07,468] {dag.py:2398} INFO - Sync 1 DAGs
[2022-04-14 11:47:07,481] {logging_mixin.py:109} INFO - [2022-04-14 11:47:07,481] {dag.py:2937} INFO - Setting next_dagrun for dag_connection_to_db to None
[2022-04-14 11:47:07,492] {processor.py:171} INFO - Processing /opt/airflow/dags/dag_connection_to_db.py took 0.058 seconds
[2022-04-14 11:47:37,640] {processor.py:163} INFO - Started process (PID=1148) to work on /opt/airflow/dags/dag_connection_to_db.py
[2022-04-14 11:47:37,641] {processor.py:642} INFO - Processing file /opt/airflow/dags/dag_connection_to_db.py for tasks to queue
[2022-04-14 11:47:37,641] {logging_mixin.py:109} INFO - [2022-04-14 11:47:37,641] {dagbag.py:500} INFO - Filling up the DagBag from /opt/airflow/dags/dag_connection_to_db.py
[2022-04-14 11:47:37,653] {processor.py:652} INFO - DAG(s) dict_keys(['dag_connection_to_db']) retrieved from /opt/airflow/dags/dag_connection_to_db.py
[2022-04-14 11:47:37,671] {logging_mixin.py:109} INFO - [2022-04-14 11:47:37,671] {dag.py:2398} INFO - Sync 1 DAGs
[2022-04-14 11:47:37,685] {logging_mixin.py:109} INFO - [2022-04-14 11:47:37,685] {dag.py:2937} INFO - Setting next_dagrun for dag_connection_to_db to None
[2022-04-14 11:47:37,698] {processor.py:171} INFO - Processing /opt/airflow/dags/dag_connection_to_db.py took 0.060 seconds
[2022-04-14 11:48:07,895] {processor.py:163} INFO - Started process (PID=1171) to work on /opt/airflow/dags/dag_connection_to_db.py
[2022-04-14 11:48:07,904] {processor.py:642} INFO - Processing file /opt/airflow/dags/dag_connection_to_db.py for tasks to queue
[2022-04-14 11:48:07,905] {logging_mixin.py:109} INFO - [2022-04-14 11:48:07,905] {dagbag.py:500} INFO - Filling up the DagBag from /opt/airflow/dags/dag_connection_to_db.py
[2022-04-14 11:48:07,916] {processor.py:652} INFO - DAG(s) dict_keys(['dag_connection_to_db']) retrieved from /opt/airflow/dags/dag_connection_to_db.py
[2022-04-14 11:48:07,933] {logging_mixin.py:109} INFO - [2022-04-14 11:48:07,933] {dag.py:2398} INFO - Sync 1 DAGs
[2022-04-14 11:48:07,948] {logging_mixin.py:109} INFO - [2022-04-14 11:48:07,948] {dag.py:2937} INFO - Setting next_dagrun for dag_connection_to_db to None
[2022-04-14 11:48:07,958] {processor.py:171} INFO - Processing /opt/airflow/dags/dag_connection_to_db.py took 0.065 seconds
[2022-04-14 11:48:38,179] {processor.py:163} INFO - Started process (PID=1204) to work on /opt/airflow/dags/dag_connection_to_db.py
[2022-04-14 11:48:38,180] {processor.py:642} INFO - Processing file /opt/airflow/dags/dag_connection_to_db.py for tasks to queue
[2022-04-14 11:48:38,181] {logging_mixin.py:109} INFO - [2022-04-14 11:48:38,181] {dagbag.py:500} INFO - Filling up the DagBag from /opt/airflow/dags/dag_connection_to_db.py
[2022-04-14 11:48:38,194] {processor.py:652} INFO - DAG(s) dict_keys(['dag_connection_to_db']) retrieved from /opt/airflow/dags/dag_connection_to_db.py
[2022-04-14 11:48:38,214] {logging_mixin.py:109} INFO - [2022-04-14 11:48:38,214] {dag.py:2398} INFO - Sync 1 DAGs
[2022-04-14 11:48:38,228] {logging_mixin.py:109} INFO - [2022-04-14 11:48:38,228] {dag.py:2937} INFO - Setting next_dagrun for dag_connection_to_db to None
[2022-04-14 11:48:38,238] {processor.py:171} INFO - Processing /opt/airflow/dags/dag_connection_to_db.py took 0.062 seconds
[2022-04-14 11:49:08,438] {processor.py:163} INFO - Started process (PID=1228) to work on /opt/airflow/dags/dag_connection_to_db.py
[2022-04-14 11:49:08,440] {processor.py:642} INFO - Processing file /opt/airflow/dags/dag_connection_to_db.py for tasks to queue
[2022-04-14 11:49:08,441] {logging_mixin.py:109} INFO - [2022-04-14 11:49:08,441] {dagbag.py:500} INFO - Filling up the DagBag from /opt/airflow/dags/dag_connection_to_db.py
[2022-04-14 11:49:08,453] {processor.py:652} INFO - DAG(s) dict_keys(['dag_connection_to_db']) retrieved from /opt/airflow/dags/dag_connection_to_db.py
[2022-04-14 11:49:08,470] {logging_mixin.py:109} INFO - [2022-04-14 11:49:08,470] {dag.py:2398} INFO - Sync 1 DAGs
[2022-04-14 11:49:08,485] {logging_mixin.py:109} INFO - [2022-04-14 11:49:08,485] {dag.py:2937} INFO - Setting next_dagrun for dag_connection_to_db to None
[2022-04-14 11:49:08,496] {processor.py:171} INFO - Processing /opt/airflow/dags/dag_connection_to_db.py took 0.059 seconds
[2022-04-14 11:49:38,650] {processor.py:163} INFO - Started process (PID=1261) to work on /opt/airflow/dags/dag_connection_to_db.py
[2022-04-14 11:49:38,651] {processor.py:642} INFO - Processing file /opt/airflow/dags/dag_connection_to_db.py for tasks to queue
[2022-04-14 11:49:38,652] {logging_mixin.py:109} INFO - [2022-04-14 11:49:38,651] {dagbag.py:500} INFO - Filling up the DagBag from /opt/airflow/dags/dag_connection_to_db.py
[2022-04-14 11:49:38,664] {processor.py:652} INFO - DAG(s) dict_keys(['dag_connection_to_db']) retrieved from /opt/airflow/dags/dag_connection_to_db.py
[2022-04-14 11:49:38,683] {logging_mixin.py:109} INFO - [2022-04-14 11:49:38,683] {dag.py:2398} INFO - Sync 1 DAGs
[2022-04-14 11:49:38,696] {logging_mixin.py:109} INFO - [2022-04-14 11:49:38,696] {dag.py:2937} INFO - Setting next_dagrun for dag_connection_to_db to None
[2022-04-14 11:49:38,706] {processor.py:171} INFO - Processing /opt/airflow/dags/dag_connection_to_db.py took 0.058 seconds
[2022-04-14 11:50:08,872] {processor.py:163} INFO - Started process (PID=1284) to work on /opt/airflow/dags/dag_connection_to_db.py
[2022-04-14 11:50:08,878] {processor.py:642} INFO - Processing file /opt/airflow/dags/dag_connection_to_db.py for tasks to queue
[2022-04-14 11:50:08,879] {logging_mixin.py:109} INFO - [2022-04-14 11:50:08,879] {dagbag.py:500} INFO - Filling up the DagBag from /opt/airflow/dags/dag_connection_to_db.py
[2022-04-14 11:50:08,890] {processor.py:652} INFO - DAG(s) dict_keys(['dag_connection_to_db']) retrieved from /opt/airflow/dags/dag_connection_to_db.py
[2022-04-14 11:50:08,907] {logging_mixin.py:109} INFO - [2022-04-14 11:50:08,906] {dag.py:2398} INFO - Sync 1 DAGs
[2022-04-14 11:50:08,922] {logging_mixin.py:109} INFO - [2022-04-14 11:50:08,922] {dag.py:2937} INFO - Setting next_dagrun for dag_connection_to_db to None
[2022-04-14 11:50:08,933] {processor.py:171} INFO - Processing /opt/airflow/dags/dag_connection_to_db.py took 0.063 seconds
[2022-04-14 11:50:39,138] {processor.py:163} INFO - Started process (PID=1317) to work on /opt/airflow/dags/dag_connection_to_db.py
[2022-04-14 11:50:39,139] {processor.py:642} INFO - Processing file /opt/airflow/dags/dag_connection_to_db.py for tasks to queue
[2022-04-14 11:50:39,139] {logging_mixin.py:109} INFO - [2022-04-14 11:50:39,139] {dagbag.py:500} INFO - Filling up the DagBag from /opt/airflow/dags/dag_connection_to_db.py
[2022-04-14 11:50:39,151] {processor.py:652} INFO - DAG(s) dict_keys(['dag_connection_to_db']) retrieved from /opt/airflow/dags/dag_connection_to_db.py
[2022-04-14 11:50:39,169] {logging_mixin.py:109} INFO - [2022-04-14 11:50:39,169] {dag.py:2398} INFO - Sync 1 DAGs
[2022-04-14 11:50:39,183] {logging_mixin.py:109} INFO - [2022-04-14 11:50:39,183] {dag.py:2937} INFO - Setting next_dagrun for dag_connection_to_db to None
[2022-04-14 11:50:39,194] {processor.py:171} INFO - Processing /opt/airflow/dags/dag_connection_to_db.py took 0.058 seconds
[2022-04-14 11:51:09,392] {processor.py:163} INFO - Started process (PID=1340) to work on /opt/airflow/dags/dag_connection_to_db.py
[2022-04-14 11:51:09,393] {processor.py:642} INFO - Processing file /opt/airflow/dags/dag_connection_to_db.py for tasks to queue
[2022-04-14 11:51:09,394] {logging_mixin.py:109} INFO - [2022-04-14 11:51:09,394] {dagbag.py:500} INFO - Filling up the DagBag from /opt/airflow/dags/dag_connection_to_db.py
[2022-04-14 11:51:09,406] {processor.py:652} INFO - DAG(s) dict_keys(['dag_connection_to_db']) retrieved from /opt/airflow/dags/dag_connection_to_db.py
[2022-04-14 11:51:09,424] {logging_mixin.py:109} INFO - [2022-04-14 11:51:09,424] {dag.py:2398} INFO - Sync 1 DAGs
[2022-04-14 11:51:09,439] {logging_mixin.py:109} INFO - [2022-04-14 11:51:09,438] {dag.py:2937} INFO - Setting next_dagrun for dag_connection_to_db to None
[2022-04-14 11:51:09,451] {processor.py:171} INFO - Processing /opt/airflow/dags/dag_connection_to_db.py took 0.061 seconds
[2022-04-14 11:51:39,596] {processor.py:163} INFO - Started process (PID=1372) to work on /opt/airflow/dags/dag_connection_to_db.py
[2022-04-14 11:51:39,597] {processor.py:642} INFO - Processing file /opt/airflow/dags/dag_connection_to_db.py for tasks to queue
[2022-04-14 11:51:39,597] {logging_mixin.py:109} INFO - [2022-04-14 11:51:39,597] {dagbag.py:500} INFO - Filling up the DagBag from /opt/airflow/dags/dag_connection_to_db.py
[2022-04-14 11:51:39,609] {processor.py:652} INFO - DAG(s) dict_keys(['dag_connection_to_db']) retrieved from /opt/airflow/dags/dag_connection_to_db.py
[2022-04-14 11:51:39,628] {logging_mixin.py:109} INFO - [2022-04-14 11:51:39,628] {dag.py:2398} INFO - Sync 1 DAGs
[2022-04-14 11:51:39,643] {logging_mixin.py:109} INFO - [2022-04-14 11:51:39,643] {dag.py:2937} INFO - Setting next_dagrun for dag_connection_to_db to None
[2022-04-14 11:51:39,656] {processor.py:171} INFO - Processing /opt/airflow/dags/dag_connection_to_db.py took 0.062 seconds
[2022-04-14 11:52:09,830] {processor.py:163} INFO - Started process (PID=1395) to work on /opt/airflow/dags/dag_connection_to_db.py
[2022-04-14 11:52:09,831] {processor.py:642} INFO - Processing file /opt/airflow/dags/dag_connection_to_db.py for tasks to queue
[2022-04-14 11:52:09,832] {logging_mixin.py:109} INFO - [2022-04-14 11:52:09,832] {dagbag.py:500} INFO - Filling up the DagBag from /opt/airflow/dags/dag_connection_to_db.py
[2022-04-14 11:52:09,843] {processor.py:652} INFO - DAG(s) dict_keys(['dag_connection_to_db']) retrieved from /opt/airflow/dags/dag_connection_to_db.py
[2022-04-14 11:52:09,864] {logging_mixin.py:109} INFO - [2022-04-14 11:52:09,864] {dag.py:2398} INFO - Sync 1 DAGs
[2022-04-14 11:52:09,879] {logging_mixin.py:109} INFO - [2022-04-14 11:52:09,879] {dag.py:2937} INFO - Setting next_dagrun for dag_connection_to_db to None
[2022-04-14 11:52:09,889] {processor.py:171} INFO - Processing /opt/airflow/dags/dag_connection_to_db.py took 0.061 seconds
[2022-04-14 11:52:40,079] {processor.py:163} INFO - Started process (PID=1429) to work on /opt/airflow/dags/dag_connection_to_db.py
[2022-04-14 11:52:40,080] {processor.py:642} INFO - Processing file /opt/airflow/dags/dag_connection_to_db.py for tasks to queue
[2022-04-14 11:52:40,080] {logging_mixin.py:109} INFO - [2022-04-14 11:52:40,080] {dagbag.py:500} INFO - Filling up the DagBag from /opt/airflow/dags/dag_connection_to_db.py
[2022-04-14 11:52:40,092] {processor.py:652} INFO - DAG(s) dict_keys(['dag_connection_to_db']) retrieved from /opt/airflow/dags/dag_connection_to_db.py
[2022-04-14 11:52:40,114] {logging_mixin.py:109} INFO - [2022-04-14 11:52:40,114] {dag.py:2398} INFO - Sync 1 DAGs
[2022-04-14 11:52:40,134] {logging_mixin.py:109} INFO - [2022-04-14 11:52:40,134] {dag.py:2937} INFO - Setting next_dagrun for dag_connection_to_db to None
[2022-04-14 11:52:40,147] {processor.py:171} INFO - Processing /opt/airflow/dags/dag_connection_to_db.py took 0.070 seconds
[2022-04-14 11:53:10,432] {processor.py:163} INFO - Started process (PID=1452) to work on /opt/airflow/dags/dag_connection_to_db.py
[2022-04-14 11:53:10,437] {processor.py:642} INFO - Processing file /opt/airflow/dags/dag_connection_to_db.py for tasks to queue
[2022-04-14 11:53:10,438] {logging_mixin.py:109} INFO - [2022-04-14 11:53:10,438] {dagbag.py:500} INFO - Filling up the DagBag from /opt/airflow/dags/dag_connection_to_db.py
[2022-04-14 11:53:10,464] {processor.py:652} INFO - DAG(s) dict_keys(['dag_connection_to_db']) retrieved from /opt/airflow/dags/dag_connection_to_db.py
[2022-04-14 11:53:10,490] {logging_mixin.py:109} INFO - [2022-04-14 11:53:10,490] {dag.py:2398} INFO - Sync 1 DAGs
[2022-04-14 11:53:10,506] {logging_mixin.py:109} INFO - [2022-04-14 11:53:10,506] {dag.py:2937} INFO - Setting next_dagrun for dag_connection_to_db to None
[2022-04-14 11:53:10,521] {processor.py:171} INFO - Processing /opt/airflow/dags/dag_connection_to_db.py took 0.092 seconds
[2022-04-14 11:53:40,664] {processor.py:163} INFO - Started process (PID=1485) to work on /opt/airflow/dags/dag_connection_to_db.py
[2022-04-14 11:53:40,665] {processor.py:642} INFO - Processing file /opt/airflow/dags/dag_connection_to_db.py for tasks to queue
[2022-04-14 11:53:40,665] {logging_mixin.py:109} INFO - [2022-04-14 11:53:40,665] {dagbag.py:500} INFO - Filling up the DagBag from /opt/airflow/dags/dag_connection_to_db.py
[2022-04-14 11:53:40,678] {processor.py:652} INFO - DAG(s) dict_keys(['dag_connection_to_db']) retrieved from /opt/airflow/dags/dag_connection_to_db.py
[2022-04-14 11:53:40,695] {logging_mixin.py:109} INFO - [2022-04-14 11:53:40,695] {dag.py:2398} INFO - Sync 1 DAGs
[2022-04-14 11:53:40,709] {logging_mixin.py:109} INFO - [2022-04-14 11:53:40,709] {dag.py:2937} INFO - Setting next_dagrun for dag_connection_to_db to None
[2022-04-14 11:53:40,718] {processor.py:171} INFO - Processing /opt/airflow/dags/dag_connection_to_db.py took 0.058 seconds
