[2022-04-14 11:16:35,265] {processor.py:163} INFO - Started process (PID=94) to work on /opt/airflow/dags/dag_sleep_10s.py
[2022-04-14 11:16:35,266] {processor.py:642} INFO - Processing file /opt/airflow/dags/dag_sleep_10s.py for tasks to queue
[2022-04-14 11:16:35,267] {logging_mixin.py:109} INFO - [2022-04-14 11:16:35,267] {dagbag.py:500} INFO - Filling up the DagBag from /opt/airflow/dags/dag_sleep_10s.py
[2022-04-14 11:16:35,310] {processor.py:652} INFO - DAG(s) dict_keys(['dag_sleep_10s']) retrieved from /opt/airflow/dags/dag_sleep_10s.py
[2022-04-14 11:16:40,725] {logging_mixin.py:109} INFO - [2022-04-14 11:16:40,725] {manager.py:496} INFO - Created Permission View: can edit on DAG:dag_sleep_10s
[2022-04-14 11:16:40,735] {logging_mixin.py:109} INFO - [2022-04-14 11:16:40,735] {manager.py:496} INFO - Created Permission View: can read on DAG:dag_sleep_10s
[2022-04-14 11:16:40,736] {logging_mixin.py:109} INFO - [2022-04-14 11:16:40,736] {dag.py:2398} INFO - Sync 1 DAGs
[2022-04-14 11:16:40,743] {logging_mixin.py:109} INFO - [2022-04-14 11:16:40,743] {dag.py:2417} INFO - Creating ORM DAG for dag_sleep_10s
[2022-04-14 11:16:40,750] {logging_mixin.py:109} INFO - [2022-04-14 11:16:40,750] {dag.py:2937} INFO - Setting next_dagrun for dag_sleep_10s to None
[2022-04-14 11:16:40,762] {processor.py:171} INFO - Processing /opt/airflow/dags/dag_sleep_10s.py took 5.500 seconds
[2022-04-14 11:17:10,861] {processor.py:163} INFO - Started process (PID=162) to work on /opt/airflow/dags/dag_sleep_10s.py
[2022-04-14 11:17:10,868] {processor.py:642} INFO - Processing file /opt/airflow/dags/dag_sleep_10s.py for tasks to queue
[2022-04-14 11:17:10,868] {logging_mixin.py:109} INFO - [2022-04-14 11:17:10,868] {dagbag.py:500} INFO - Filling up the DagBag from /opt/airflow/dags/dag_sleep_10s.py
[2022-04-14 11:17:10,880] {processor.py:652} INFO - DAG(s) dict_keys(['dag_sleep_10s']) retrieved from /opt/airflow/dags/dag_sleep_10s.py
[2022-04-14 11:17:10,898] {logging_mixin.py:109} INFO - [2022-04-14 11:17:10,898] {dag.py:2398} INFO - Sync 1 DAGs
[2022-04-14 11:17:10,912] {logging_mixin.py:109} INFO - [2022-04-14 11:17:10,912] {dag.py:2937} INFO - Setting next_dagrun for dag_sleep_10s to None
[2022-04-14 11:17:10,924] {processor.py:171} INFO - Processing /opt/airflow/dags/dag_sleep_10s.py took 0.064 seconds
[2022-04-14 11:17:41,073] {processor.py:163} INFO - Started process (PID=194) to work on /opt/airflow/dags/dag_sleep_10s.py
[2022-04-14 11:17:41,074] {processor.py:642} INFO - Processing file /opt/airflow/dags/dag_sleep_10s.py for tasks to queue
[2022-04-14 11:17:41,074] {logging_mixin.py:109} INFO - [2022-04-14 11:17:41,074] {dagbag.py:500} INFO - Filling up the DagBag from /opt/airflow/dags/dag_sleep_10s.py
[2022-04-14 11:17:41,087] {processor.py:652} INFO - DAG(s) dict_keys(['dag_sleep_10s']) retrieved from /opt/airflow/dags/dag_sleep_10s.py
[2022-04-14 11:17:41,101] {logging_mixin.py:109} INFO - [2022-04-14 11:17:41,101] {dag.py:2398} INFO - Sync 1 DAGs
[2022-04-14 11:17:41,114] {logging_mixin.py:109} INFO - [2022-04-14 11:17:41,114] {dag.py:2937} INFO - Setting next_dagrun for dag_sleep_10s to None
[2022-04-14 11:17:41,123] {processor.py:171} INFO - Processing /opt/airflow/dags/dag_sleep_10s.py took 0.052 seconds
[2022-04-14 11:18:11,260] {processor.py:163} INFO - Started process (PID=216) to work on /opt/airflow/dags/dag_sleep_10s.py
[2022-04-14 11:18:11,261] {processor.py:642} INFO - Processing file /opt/airflow/dags/dag_sleep_10s.py for tasks to queue
[2022-04-14 11:18:11,262] {logging_mixin.py:109} INFO - [2022-04-14 11:18:11,261] {dagbag.py:500} INFO - Filling up the DagBag from /opt/airflow/dags/dag_sleep_10s.py
[2022-04-14 11:18:11,271] {processor.py:652} INFO - DAG(s) dict_keys(['dag_sleep_10s']) retrieved from /opt/airflow/dags/dag_sleep_10s.py
[2022-04-14 11:18:11,285] {logging_mixin.py:109} INFO - [2022-04-14 11:18:11,285] {dag.py:2398} INFO - Sync 1 DAGs
[2022-04-14 11:18:11,300] {logging_mixin.py:109} INFO - [2022-04-14 11:18:11,300] {dag.py:2937} INFO - Setting next_dagrun for dag_sleep_10s to None
[2022-04-14 11:18:11,309] {processor.py:171} INFO - Processing /opt/airflow/dags/dag_sleep_10s.py took 0.051 seconds
[2022-04-14 11:18:41,483] {processor.py:163} INFO - Started process (PID=247) to work on /opt/airflow/dags/dag_sleep_10s.py
[2022-04-14 11:18:41,484] {processor.py:642} INFO - Processing file /opt/airflow/dags/dag_sleep_10s.py for tasks to queue
[2022-04-14 11:18:41,484] {logging_mixin.py:109} INFO - [2022-04-14 11:18:41,484] {dagbag.py:500} INFO - Filling up the DagBag from /opt/airflow/dags/dag_sleep_10s.py
[2022-04-14 11:18:41,493] {processor.py:652} INFO - DAG(s) dict_keys(['dag_sleep_10s']) retrieved from /opt/airflow/dags/dag_sleep_10s.py
[2022-04-14 11:18:41,510] {logging_mixin.py:109} INFO - [2022-04-14 11:18:41,510] {dag.py:2398} INFO - Sync 1 DAGs
[2022-04-14 11:18:41,524] {logging_mixin.py:109} INFO - [2022-04-14 11:18:41,524] {dag.py:2937} INFO - Setting next_dagrun for dag_sleep_10s to None
[2022-04-14 11:18:41,533] {processor.py:171} INFO - Processing /opt/airflow/dags/dag_sleep_10s.py took 0.052 seconds
[2022-04-14 11:19:11,664] {processor.py:163} INFO - Started process (PID=269) to work on /opt/airflow/dags/dag_sleep_10s.py
[2022-04-14 11:19:11,665] {processor.py:642} INFO - Processing file /opt/airflow/dags/dag_sleep_10s.py for tasks to queue
[2022-04-14 11:19:11,666] {logging_mixin.py:109} INFO - [2022-04-14 11:19:11,665] {dagbag.py:500} INFO - Filling up the DagBag from /opt/airflow/dags/dag_sleep_10s.py
[2022-04-14 11:19:11,678] {processor.py:652} INFO - DAG(s) dict_keys(['dag_sleep_10s']) retrieved from /opt/airflow/dags/dag_sleep_10s.py
[2022-04-14 11:19:11,696] {logging_mixin.py:109} INFO - [2022-04-14 11:19:11,696] {dag.py:2398} INFO - Sync 1 DAGs
[2022-04-14 11:19:11,711] {logging_mixin.py:109} INFO - [2022-04-14 11:19:11,711] {dag.py:2937} INFO - Setting next_dagrun for dag_sleep_10s to None
[2022-04-14 11:19:11,723] {processor.py:171} INFO - Processing /opt/airflow/dags/dag_sleep_10s.py took 0.061 seconds
[2022-04-14 11:19:41,869] {processor.py:163} INFO - Started process (PID=301) to work on /opt/airflow/dags/dag_sleep_10s.py
[2022-04-14 11:19:41,870] {processor.py:642} INFO - Processing file /opt/airflow/dags/dag_sleep_10s.py for tasks to queue
[2022-04-14 11:19:41,871] {logging_mixin.py:109} INFO - [2022-04-14 11:19:41,871] {dagbag.py:500} INFO - Filling up the DagBag from /opt/airflow/dags/dag_sleep_10s.py
[2022-04-14 11:19:41,881] {processor.py:652} INFO - DAG(s) dict_keys(['dag_sleep_10s']) retrieved from /opt/airflow/dags/dag_sleep_10s.py
[2022-04-14 11:19:41,897] {logging_mixin.py:109} INFO - [2022-04-14 11:19:41,897] {dag.py:2398} INFO - Sync 1 DAGs
[2022-04-14 11:19:41,911] {logging_mixin.py:109} INFO - [2022-04-14 11:19:41,911] {dag.py:2937} INFO - Setting next_dagrun for dag_sleep_10s to None
[2022-04-14 11:19:41,921] {processor.py:171} INFO - Processing /opt/airflow/dags/dag_sleep_10s.py took 0.053 seconds
[2022-04-14 11:21:14,333] {processor.py:163} INFO - Started process (PID=40) to work on /opt/airflow/dags/dag_sleep_10s.py
[2022-04-14 11:21:14,335] {processor.py:642} INFO - Processing file /opt/airflow/dags/dag_sleep_10s.py for tasks to queue
[2022-04-14 11:21:14,336] {logging_mixin.py:109} INFO - [2022-04-14 11:21:14,336] {dagbag.py:500} INFO - Filling up the DagBag from /opt/airflow/dags/dag_sleep_10s.py
[2022-04-14 11:21:14,378] {processor.py:652} INFO - DAG(s) dict_keys(['dag_sleep_10s']) retrieved from /opt/airflow/dags/dag_sleep_10s.py
[2022-04-14 11:21:14,409] {logging_mixin.py:109} INFO - [2022-04-14 11:21:14,409] {dag.py:2398} INFO - Sync 1 DAGs
[2022-04-14 11:21:14,431] {logging_mixin.py:109} INFO - [2022-04-14 11:21:14,431] {dag.py:2937} INFO - Setting next_dagrun for dag_sleep_10s to None
[2022-04-14 11:21:14,448] {processor.py:171} INFO - Processing /opt/airflow/dags/dag_sleep_10s.py took 0.120 seconds
[2022-04-14 11:21:44,580] {processor.py:163} INFO - Started process (PID=62) to work on /opt/airflow/dags/dag_sleep_10s.py
[2022-04-14 11:21:44,581] {processor.py:642} INFO - Processing file /opt/airflow/dags/dag_sleep_10s.py for tasks to queue
[2022-04-14 11:21:44,581] {logging_mixin.py:109} INFO - [2022-04-14 11:21:44,581] {dagbag.py:500} INFO - Filling up the DagBag from /opt/airflow/dags/dag_sleep_10s.py
[2022-04-14 11:21:44,594] {processor.py:652} INFO - DAG(s) dict_keys(['dag_sleep_10s']) retrieved from /opt/airflow/dags/dag_sleep_10s.py
[2022-04-14 11:21:44,615] {logging_mixin.py:109} INFO - [2022-04-14 11:21:44,615] {dag.py:2398} INFO - Sync 1 DAGs
[2022-04-14 11:21:44,630] {logging_mixin.py:109} INFO - [2022-04-14 11:21:44,630] {dag.py:2937} INFO - Setting next_dagrun for dag_sleep_10s to None
[2022-04-14 11:21:44,643] {processor.py:171} INFO - Processing /opt/airflow/dags/dag_sleep_10s.py took 0.065 seconds
[2022-04-14 11:22:48,675] {processor.py:163} INFO - Started process (PID=41) to work on /opt/airflow/dags/dag_sleep_10s.py
[2022-04-14 11:22:48,677] {processor.py:642} INFO - Processing file /opt/airflow/dags/dag_sleep_10s.py for tasks to queue
[2022-04-14 11:22:48,678] {logging_mixin.py:109} INFO - [2022-04-14 11:22:48,677] {dagbag.py:500} INFO - Filling up the DagBag from /opt/airflow/dags/dag_sleep_10s.py
[2022-04-14 11:22:48,730] {processor.py:652} INFO - DAG(s) dict_keys(['dag_sleep_10s']) retrieved from /opt/airflow/dags/dag_sleep_10s.py
[2022-04-14 11:22:48,772] {logging_mixin.py:109} INFO - [2022-04-14 11:22:48,772] {dag.py:2398} INFO - Sync 1 DAGs
[2022-04-14 11:22:48,793] {logging_mixin.py:109} INFO - [2022-04-14 11:22:48,793] {dag.py:2937} INFO - Setting next_dagrun for dag_sleep_10s to None
[2022-04-14 11:22:48,809] {processor.py:171} INFO - Processing /opt/airflow/dags/dag_sleep_10s.py took 0.137 seconds
[2022-04-14 11:23:18,943] {processor.py:163} INFO - Started process (PID=63) to work on /opt/airflow/dags/dag_sleep_10s.py
[2022-04-14 11:23:18,945] {processor.py:642} INFO - Processing file /opt/airflow/dags/dag_sleep_10s.py for tasks to queue
[2022-04-14 11:23:18,945] {logging_mixin.py:109} INFO - [2022-04-14 11:23:18,945] {dagbag.py:500} INFO - Filling up the DagBag from /opt/airflow/dags/dag_sleep_10s.py
[2022-04-14 11:23:18,961] {processor.py:652} INFO - DAG(s) dict_keys(['dag_sleep_10s']) retrieved from /opt/airflow/dags/dag_sleep_10s.py
[2022-04-14 11:23:18,980] {logging_mixin.py:109} INFO - [2022-04-14 11:23:18,980] {dag.py:2398} INFO - Sync 1 DAGs
[2022-04-14 11:23:18,995] {logging_mixin.py:109} INFO - [2022-04-14 11:23:18,995] {dag.py:2937} INFO - Setting next_dagrun for dag_sleep_10s to None
[2022-04-14 11:23:19,005] {processor.py:171} INFO - Processing /opt/airflow/dags/dag_sleep_10s.py took 0.063 seconds
[2022-04-14 11:24:50,548] {processor.py:163} INFO - Started process (PID=41) to work on /opt/airflow/dags/dag_sleep_10s.py
[2022-04-14 11:24:50,551] {processor.py:642} INFO - Processing file /opt/airflow/dags/dag_sleep_10s.py for tasks to queue
[2022-04-14 11:24:50,551] {logging_mixin.py:109} INFO - [2022-04-14 11:24:50,551] {dagbag.py:500} INFO - Filling up the DagBag from /opt/airflow/dags/dag_sleep_10s.py
[2022-04-14 11:24:50,605] {processor.py:652} INFO - DAG(s) dict_keys(['dag_sleep_10s']) retrieved from /opt/airflow/dags/dag_sleep_10s.py
[2022-04-14 11:24:50,640] {logging_mixin.py:109} INFO - [2022-04-14 11:24:50,640] {dag.py:2398} INFO - Sync 1 DAGs
[2022-04-14 11:24:50,667] {logging_mixin.py:109} INFO - [2022-04-14 11:24:50,667] {dag.py:2937} INFO - Setting next_dagrun for dag_sleep_10s to None
[2022-04-14 11:24:50,685] {processor.py:171} INFO - Processing /opt/airflow/dags/dag_sleep_10s.py took 0.140 seconds
[2022-04-14 11:25:20,821] {processor.py:163} INFO - Started process (PID=62) to work on /opt/airflow/dags/dag_sleep_10s.py
[2022-04-14 11:25:20,822] {processor.py:642} INFO - Processing file /opt/airflow/dags/dag_sleep_10s.py for tasks to queue
[2022-04-14 11:25:20,823] {logging_mixin.py:109} INFO - [2022-04-14 11:25:20,823] {dagbag.py:500} INFO - Filling up the DagBag from /opt/airflow/dags/dag_sleep_10s.py
[2022-04-14 11:25:20,839] {processor.py:652} INFO - DAG(s) dict_keys(['dag_sleep_10s']) retrieved from /opt/airflow/dags/dag_sleep_10s.py
[2022-04-14 11:25:20,858] {logging_mixin.py:109} INFO - [2022-04-14 11:25:20,858] {dag.py:2398} INFO - Sync 1 DAGs
[2022-04-14 11:25:20,874] {logging_mixin.py:109} INFO - [2022-04-14 11:25:20,874] {dag.py:2937} INFO - Setting next_dagrun for dag_sleep_10s to None
[2022-04-14 11:25:20,887] {processor.py:171} INFO - Processing /opt/airflow/dags/dag_sleep_10s.py took 0.068 seconds
[2022-04-14 11:25:51,045] {processor.py:163} INFO - Started process (PID=93) to work on /opt/airflow/dags/dag_sleep_10s.py
[2022-04-14 11:25:51,047] {processor.py:642} INFO - Processing file /opt/airflow/dags/dag_sleep_10s.py for tasks to queue
[2022-04-14 11:25:51,048] {logging_mixin.py:109} INFO - [2022-04-14 11:25:51,048] {dagbag.py:500} INFO - Filling up the DagBag from /opt/airflow/dags/dag_sleep_10s.py
[2022-04-14 11:25:51,063] {processor.py:652} INFO - DAG(s) dict_keys(['dag_sleep_10s']) retrieved from /opt/airflow/dags/dag_sleep_10s.py
[2022-04-14 11:25:51,088] {logging_mixin.py:109} INFO - [2022-04-14 11:25:51,087] {dag.py:2398} INFO - Sync 1 DAGs
[2022-04-14 11:25:51,104] {logging_mixin.py:109} INFO - [2022-04-14 11:25:51,104] {dag.py:2937} INFO - Setting next_dagrun for dag_sleep_10s to None
[2022-04-14 11:25:51,118] {processor.py:171} INFO - Processing /opt/airflow/dags/dag_sleep_10s.py took 0.076 seconds
[2022-04-14 11:26:21,285] {processor.py:163} INFO - Started process (PID=114) to work on /opt/airflow/dags/dag_sleep_10s.py
[2022-04-14 11:26:21,287] {processor.py:642} INFO - Processing file /opt/airflow/dags/dag_sleep_10s.py for tasks to queue
[2022-04-14 11:26:21,287] {logging_mixin.py:109} INFO - [2022-04-14 11:26:21,287] {dagbag.py:500} INFO - Filling up the DagBag from /opt/airflow/dags/dag_sleep_10s.py
[2022-04-14 11:26:21,297] {processor.py:652} INFO - DAG(s) dict_keys(['dag_sleep_10s']) retrieved from /opt/airflow/dags/dag_sleep_10s.py
[2022-04-14 11:26:21,312] {logging_mixin.py:109} INFO - [2022-04-14 11:26:21,312] {dag.py:2398} INFO - Sync 1 DAGs
[2022-04-14 11:26:21,327] {logging_mixin.py:109} INFO - [2022-04-14 11:26:21,327] {dag.py:2937} INFO - Setting next_dagrun for dag_sleep_10s to None
[2022-04-14 11:26:21,337] {processor.py:171} INFO - Processing /opt/airflow/dags/dag_sleep_10s.py took 0.054 seconds
[2022-04-14 11:27:27,803] {processor.py:163} INFO - Started process (PID=40) to work on /opt/airflow/dags/dag_sleep_10s.py
[2022-04-14 11:27:27,805] {processor.py:642} INFO - Processing file /opt/airflow/dags/dag_sleep_10s.py for tasks to queue
[2022-04-14 11:27:27,806] {logging_mixin.py:109} INFO - [2022-04-14 11:27:27,805] {dagbag.py:500} INFO - Filling up the DagBag from /opt/airflow/dags/dag_sleep_10s.py
[2022-04-14 11:27:27,867] {processor.py:652} INFO - DAG(s) dict_keys(['dag_sleep_10s']) retrieved from /opt/airflow/dags/dag_sleep_10s.py
[2022-04-14 11:27:27,895] {logging_mixin.py:109} INFO - [2022-04-14 11:27:27,895] {dag.py:2398} INFO - Sync 1 DAGs
[2022-04-14 11:27:27,912] {logging_mixin.py:109} INFO - [2022-04-14 11:27:27,912] {dag.py:2937} INFO - Setting next_dagrun for dag_sleep_10s to None
[2022-04-14 11:27:27,927] {processor.py:171} INFO - Processing /opt/airflow/dags/dag_sleep_10s.py took 0.129 seconds
[2022-04-14 11:27:58,088] {processor.py:163} INFO - Started process (PID=62) to work on /opt/airflow/dags/dag_sleep_10s.py
[2022-04-14 11:27:58,089] {processor.py:642} INFO - Processing file /opt/airflow/dags/dag_sleep_10s.py for tasks to queue
[2022-04-14 11:27:58,090] {logging_mixin.py:109} INFO - [2022-04-14 11:27:58,090] {dagbag.py:500} INFO - Filling up the DagBag from /opt/airflow/dags/dag_sleep_10s.py
[2022-04-14 11:27:58,102] {processor.py:652} INFO - DAG(s) dict_keys(['dag_sleep_10s']) retrieved from /opt/airflow/dags/dag_sleep_10s.py
[2022-04-14 11:27:58,129] {logging_mixin.py:109} INFO - [2022-04-14 11:27:58,129] {dag.py:2398} INFO - Sync 1 DAGs
[2022-04-14 11:27:58,142] {logging_mixin.py:109} INFO - [2022-04-14 11:27:58,142] {dag.py:2937} INFO - Setting next_dagrun for dag_sleep_10s to None
[2022-04-14 11:27:58,151] {processor.py:171} INFO - Processing /opt/airflow/dags/dag_sleep_10s.py took 0.066 seconds
[2022-04-14 11:28:28,293] {processor.py:163} INFO - Started process (PID=92) to work on /opt/airflow/dags/dag_sleep_10s.py
[2022-04-14 11:28:28,301] {processor.py:642} INFO - Processing file /opt/airflow/dags/dag_sleep_10s.py for tasks to queue
[2022-04-14 11:28:28,301] {logging_mixin.py:109} INFO - [2022-04-14 11:28:28,301] {dagbag.py:500} INFO - Filling up the DagBag from /opt/airflow/dags/dag_sleep_10s.py
[2022-04-14 11:28:28,311] {processor.py:652} INFO - DAG(s) dict_keys(['dag_sleep_10s']) retrieved from /opt/airflow/dags/dag_sleep_10s.py
[2022-04-14 11:28:28,330] {logging_mixin.py:109} INFO - [2022-04-14 11:28:28,329] {dag.py:2398} INFO - Sync 1 DAGs
[2022-04-14 11:28:28,345] {logging_mixin.py:109} INFO - [2022-04-14 11:28:28,345] {dag.py:2937} INFO - Setting next_dagrun for dag_sleep_10s to None
[2022-04-14 11:28:28,356] {processor.py:171} INFO - Processing /opt/airflow/dags/dag_sleep_10s.py took 0.065 seconds
[2022-04-14 11:28:58,503] {processor.py:163} INFO - Started process (PID=115) to work on /opt/airflow/dags/dag_sleep_10s.py
[2022-04-14 11:28:58,504] {processor.py:642} INFO - Processing file /opt/airflow/dags/dag_sleep_10s.py for tasks to queue
[2022-04-14 11:28:58,505] {logging_mixin.py:109} INFO - [2022-04-14 11:28:58,504] {dagbag.py:500} INFO - Filling up the DagBag from /opt/airflow/dags/dag_sleep_10s.py
[2022-04-14 11:28:58,513] {processor.py:652} INFO - DAG(s) dict_keys(['dag_sleep_10s']) retrieved from /opt/airflow/dags/dag_sleep_10s.py
[2022-04-14 11:28:58,531] {logging_mixin.py:109} INFO - [2022-04-14 11:28:58,531] {dag.py:2398} INFO - Sync 1 DAGs
[2022-04-14 11:28:58,546] {logging_mixin.py:109} INFO - [2022-04-14 11:28:58,545] {dag.py:2937} INFO - Setting next_dagrun for dag_sleep_10s to None
[2022-04-14 11:28:58,558] {processor.py:171} INFO - Processing /opt/airflow/dags/dag_sleep_10s.py took 0.056 seconds
[2022-04-14 11:29:28,703] {processor.py:163} INFO - Started process (PID=145) to work on /opt/airflow/dags/dag_sleep_10s.py
[2022-04-14 11:29:28,710] {processor.py:642} INFO - Processing file /opt/airflow/dags/dag_sleep_10s.py for tasks to queue
[2022-04-14 11:29:28,710] {logging_mixin.py:109} INFO - [2022-04-14 11:29:28,710] {dagbag.py:500} INFO - Filling up the DagBag from /opt/airflow/dags/dag_sleep_10s.py
[2022-04-14 11:29:28,719] {processor.py:652} INFO - DAG(s) dict_keys(['dag_sleep_10s']) retrieved from /opt/airflow/dags/dag_sleep_10s.py
[2022-04-14 11:29:28,735] {logging_mixin.py:109} INFO - [2022-04-14 11:29:28,735] {dag.py:2398} INFO - Sync 1 DAGs
[2022-04-14 11:29:28,749] {logging_mixin.py:109} INFO - [2022-04-14 11:29:28,748] {dag.py:2937} INFO - Setting next_dagrun for dag_sleep_10s to None
[2022-04-14 11:29:28,758] {processor.py:171} INFO - Processing /opt/airflow/dags/dag_sleep_10s.py took 0.057 seconds
[2022-04-14 11:29:58,911] {processor.py:163} INFO - Started process (PID=167) to work on /opt/airflow/dags/dag_sleep_10s.py
[2022-04-14 11:29:58,911] {processor.py:642} INFO - Processing file /opt/airflow/dags/dag_sleep_10s.py for tasks to queue
[2022-04-14 11:29:58,912] {logging_mixin.py:109} INFO - [2022-04-14 11:29:58,912] {dagbag.py:500} INFO - Filling up the DagBag from /opt/airflow/dags/dag_sleep_10s.py
[2022-04-14 11:29:58,923] {processor.py:652} INFO - DAG(s) dict_keys(['dag_sleep_10s']) retrieved from /opt/airflow/dags/dag_sleep_10s.py
[2022-04-14 11:29:58,940] {logging_mixin.py:109} INFO - [2022-04-14 11:29:58,939] {dag.py:2398} INFO - Sync 1 DAGs
[2022-04-14 11:29:58,955] {logging_mixin.py:109} INFO - [2022-04-14 11:29:58,955] {dag.py:2937} INFO - Setting next_dagrun for dag_sleep_10s to None
[2022-04-14 11:29:58,966] {processor.py:171} INFO - Processing /opt/airflow/dags/dag_sleep_10s.py took 0.058 seconds
[2022-04-14 11:30:29,113] {processor.py:163} INFO - Started process (PID=198) to work on /opt/airflow/dags/dag_sleep_10s.py
[2022-04-14 11:30:29,119] {processor.py:642} INFO - Processing file /opt/airflow/dags/dag_sleep_10s.py for tasks to queue
[2022-04-14 11:30:29,120] {logging_mixin.py:109} INFO - [2022-04-14 11:30:29,120] {dagbag.py:500} INFO - Filling up the DagBag from /opt/airflow/dags/dag_sleep_10s.py
[2022-04-14 11:30:29,129] {processor.py:652} INFO - DAG(s) dict_keys(['dag_sleep_10s']) retrieved from /opt/airflow/dags/dag_sleep_10s.py
[2022-04-14 11:30:29,146] {logging_mixin.py:109} INFO - [2022-04-14 11:30:29,146] {dag.py:2398} INFO - Sync 1 DAGs
[2022-04-14 11:30:29,160] {logging_mixin.py:109} INFO - [2022-04-14 11:30:29,159] {dag.py:2937} INFO - Setting next_dagrun for dag_sleep_10s to None
[2022-04-14 11:30:29,169] {processor.py:171} INFO - Processing /opt/airflow/dags/dag_sleep_10s.py took 0.058 seconds
[2022-04-14 11:30:59,313] {processor.py:163} INFO - Started process (PID=221) to work on /opt/airflow/dags/dag_sleep_10s.py
[2022-04-14 11:30:59,320] {processor.py:642} INFO - Processing file /opt/airflow/dags/dag_sleep_10s.py for tasks to queue
[2022-04-14 11:30:59,320] {logging_mixin.py:109} INFO - [2022-04-14 11:30:59,320] {dagbag.py:500} INFO - Filling up the DagBag from /opt/airflow/dags/dag_sleep_10s.py
[2022-04-14 11:30:59,329] {processor.py:652} INFO - DAG(s) dict_keys(['dag_sleep_10s']) retrieved from /opt/airflow/dags/dag_sleep_10s.py
[2022-04-14 11:30:59,344] {logging_mixin.py:109} INFO - [2022-04-14 11:30:59,344] {dag.py:2398} INFO - Sync 1 DAGs
[2022-04-14 11:30:59,358] {logging_mixin.py:109} INFO - [2022-04-14 11:30:59,358] {dag.py:2937} INFO - Setting next_dagrun for dag_sleep_10s to None
[2022-04-14 11:30:59,367] {processor.py:171} INFO - Processing /opt/airflow/dags/dag_sleep_10s.py took 0.055 seconds
[2022-04-14 11:31:29,517] {processor.py:163} INFO - Started process (PID=252) to work on /opt/airflow/dags/dag_sleep_10s.py
[2022-04-14 11:31:29,518] {processor.py:642} INFO - Processing file /opt/airflow/dags/dag_sleep_10s.py for tasks to queue
[2022-04-14 11:31:29,519] {logging_mixin.py:109} INFO - [2022-04-14 11:31:29,518] {dagbag.py:500} INFO - Filling up the DagBag from /opt/airflow/dags/dag_sleep_10s.py
[2022-04-14 11:31:29,529] {processor.py:652} INFO - DAG(s) dict_keys(['dag_sleep_10s']) retrieved from /opt/airflow/dags/dag_sleep_10s.py
[2022-04-14 11:31:29,546] {logging_mixin.py:109} INFO - [2022-04-14 11:31:29,546] {dag.py:2398} INFO - Sync 1 DAGs
[2022-04-14 11:31:29,562] {logging_mixin.py:109} INFO - [2022-04-14 11:31:29,562] {dag.py:2937} INFO - Setting next_dagrun for dag_sleep_10s to None
[2022-04-14 11:31:29,571] {processor.py:171} INFO - Processing /opt/airflow/dags/dag_sleep_10s.py took 0.056 seconds
[2022-04-14 11:31:59,755] {processor.py:163} INFO - Started process (PID=274) to work on /opt/airflow/dags/dag_sleep_10s.py
[2022-04-14 11:31:59,756] {processor.py:642} INFO - Processing file /opt/airflow/dags/dag_sleep_10s.py for tasks to queue
[2022-04-14 11:31:59,757] {logging_mixin.py:109} INFO - [2022-04-14 11:31:59,757] {dagbag.py:500} INFO - Filling up the DagBag from /opt/airflow/dags/dag_sleep_10s.py
[2022-04-14 11:31:59,775] {processor.py:652} INFO - DAG(s) dict_keys(['dag_sleep_10s']) retrieved from /opt/airflow/dags/dag_sleep_10s.py
[2022-04-14 11:31:59,791] {logging_mixin.py:109} INFO - [2022-04-14 11:31:59,791] {dag.py:2398} INFO - Sync 1 DAGs
[2022-04-14 11:31:59,804] {logging_mixin.py:109} INFO - [2022-04-14 11:31:59,804] {dag.py:2937} INFO - Setting next_dagrun for dag_sleep_10s to None
[2022-04-14 11:31:59,815] {processor.py:171} INFO - Processing /opt/airflow/dags/dag_sleep_10s.py took 0.062 seconds
[2022-04-14 11:32:29,964] {processor.py:163} INFO - Started process (PID=306) to work on /opt/airflow/dags/dag_sleep_10s.py
[2022-04-14 11:32:29,964] {processor.py:642} INFO - Processing file /opt/airflow/dags/dag_sleep_10s.py for tasks to queue
[2022-04-14 11:32:29,965] {logging_mixin.py:109} INFO - [2022-04-14 11:32:29,965] {dagbag.py:500} INFO - Filling up the DagBag from /opt/airflow/dags/dag_sleep_10s.py
[2022-04-14 11:32:29,974] {processor.py:652} INFO - DAG(s) dict_keys(['dag_sleep_10s']) retrieved from /opt/airflow/dags/dag_sleep_10s.py
[2022-04-14 11:32:29,991] {logging_mixin.py:109} INFO - [2022-04-14 11:32:29,991] {dag.py:2398} INFO - Sync 1 DAGs
[2022-04-14 11:32:30,005] {logging_mixin.py:109} INFO - [2022-04-14 11:32:30,005] {dag.py:2937} INFO - Setting next_dagrun for dag_sleep_10s to None
[2022-04-14 11:32:30,016] {processor.py:171} INFO - Processing /opt/airflow/dags/dag_sleep_10s.py took 0.054 seconds
[2022-04-14 11:33:00,161] {processor.py:163} INFO - Started process (PID=328) to work on /opt/airflow/dags/dag_sleep_10s.py
[2022-04-14 11:33:00,168] {processor.py:642} INFO - Processing file /opt/airflow/dags/dag_sleep_10s.py for tasks to queue
[2022-04-14 11:33:00,169] {logging_mixin.py:109} INFO - [2022-04-14 11:33:00,169] {dagbag.py:500} INFO - Filling up the DagBag from /opt/airflow/dags/dag_sleep_10s.py
[2022-04-14 11:33:00,180] {processor.py:652} INFO - DAG(s) dict_keys(['dag_sleep_10s']) retrieved from /opt/airflow/dags/dag_sleep_10s.py
[2022-04-14 11:33:00,199] {logging_mixin.py:109} INFO - [2022-04-14 11:33:00,198] {dag.py:2398} INFO - Sync 1 DAGs
[2022-04-14 11:33:00,214] {logging_mixin.py:109} INFO - [2022-04-14 11:33:00,214] {dag.py:2937} INFO - Setting next_dagrun for dag_sleep_10s to None
[2022-04-14 11:33:00,223] {processor.py:171} INFO - Processing /opt/airflow/dags/dag_sleep_10s.py took 0.064 seconds
[2022-04-14 11:33:30,378] {processor.py:163} INFO - Started process (PID=359) to work on /opt/airflow/dags/dag_sleep_10s.py
[2022-04-14 11:33:30,379] {processor.py:642} INFO - Processing file /opt/airflow/dags/dag_sleep_10s.py for tasks to queue
[2022-04-14 11:33:30,379] {logging_mixin.py:109} INFO - [2022-04-14 11:33:30,379] {dagbag.py:500} INFO - Filling up the DagBag from /opt/airflow/dags/dag_sleep_10s.py
[2022-04-14 11:33:30,393] {processor.py:652} INFO - DAG(s) dict_keys(['dag_sleep_10s']) retrieved from /opt/airflow/dags/dag_sleep_10s.py
[2022-04-14 11:33:30,409] {logging_mixin.py:109} INFO - [2022-04-14 11:33:30,409] {dag.py:2398} INFO - Sync 1 DAGs
[2022-04-14 11:33:30,422] {logging_mixin.py:109} INFO - [2022-04-14 11:33:30,422] {dag.py:2937} INFO - Setting next_dagrun for dag_sleep_10s to None
[2022-04-14 11:33:30,432] {processor.py:171} INFO - Processing /opt/airflow/dags/dag_sleep_10s.py took 0.057 seconds
[2022-04-14 11:34:00,577] {processor.py:163} INFO - Started process (PID=381) to work on /opt/airflow/dags/dag_sleep_10s.py
[2022-04-14 11:34:00,578] {processor.py:642} INFO - Processing file /opt/airflow/dags/dag_sleep_10s.py for tasks to queue
[2022-04-14 11:34:00,578] {logging_mixin.py:109} INFO - [2022-04-14 11:34:00,578] {dagbag.py:500} INFO - Filling up the DagBag from /opt/airflow/dags/dag_sleep_10s.py
[2022-04-14 11:34:00,587] {processor.py:652} INFO - DAG(s) dict_keys(['dag_sleep_10s']) retrieved from /opt/airflow/dags/dag_sleep_10s.py
[2022-04-14 11:34:00,603] {logging_mixin.py:109} INFO - [2022-04-14 11:34:00,603] {dag.py:2398} INFO - Sync 1 DAGs
[2022-04-14 11:34:00,616] {logging_mixin.py:109} INFO - [2022-04-14 11:34:00,616] {dag.py:2937} INFO - Setting next_dagrun for dag_sleep_10s to None
[2022-04-14 11:34:00,625] {processor.py:171} INFO - Processing /opt/airflow/dags/dag_sleep_10s.py took 0.050 seconds
[2022-04-14 11:34:30,775] {processor.py:163} INFO - Started process (PID=413) to work on /opt/airflow/dags/dag_sleep_10s.py
[2022-04-14 11:34:30,775] {processor.py:642} INFO - Processing file /opt/airflow/dags/dag_sleep_10s.py for tasks to queue
[2022-04-14 11:34:30,776] {logging_mixin.py:109} INFO - [2022-04-14 11:34:30,776] {dagbag.py:500} INFO - Filling up the DagBag from /opt/airflow/dags/dag_sleep_10s.py
[2022-04-14 11:34:30,785] {processor.py:652} INFO - DAG(s) dict_keys(['dag_sleep_10s']) retrieved from /opt/airflow/dags/dag_sleep_10s.py
[2022-04-14 11:34:30,801] {logging_mixin.py:109} INFO - [2022-04-14 11:34:30,801] {dag.py:2398} INFO - Sync 1 DAGs
[2022-04-14 11:34:30,816] {logging_mixin.py:109} INFO - [2022-04-14 11:34:30,816] {dag.py:2937} INFO - Setting next_dagrun for dag_sleep_10s to None
[2022-04-14 11:34:30,825] {processor.py:171} INFO - Processing /opt/airflow/dags/dag_sleep_10s.py took 0.052 seconds
[2022-04-14 11:35:00,969] {processor.py:163} INFO - Started process (PID=434) to work on /opt/airflow/dags/dag_sleep_10s.py
[2022-04-14 11:35:00,976] {processor.py:642} INFO - Processing file /opt/airflow/dags/dag_sleep_10s.py for tasks to queue
[2022-04-14 11:35:00,976] {logging_mixin.py:109} INFO - [2022-04-14 11:35:00,976] {dagbag.py:500} INFO - Filling up the DagBag from /opt/airflow/dags/dag_sleep_10s.py
[2022-04-14 11:35:00,985] {processor.py:652} INFO - DAG(s) dict_keys(['dag_sleep_10s']) retrieved from /opt/airflow/dags/dag_sleep_10s.py
[2022-04-14 11:35:01,002] {logging_mixin.py:109} INFO - [2022-04-14 11:35:01,002] {dag.py:2398} INFO - Sync 1 DAGs
[2022-04-14 11:35:01,016] {logging_mixin.py:109} INFO - [2022-04-14 11:35:01,016] {dag.py:2937} INFO - Setting next_dagrun for dag_sleep_10s to None
[2022-04-14 11:35:01,026] {processor.py:171} INFO - Processing /opt/airflow/dags/dag_sleep_10s.py took 0.059 seconds
[2022-04-14 11:35:31,173] {processor.py:163} INFO - Started process (PID=466) to work on /opt/airflow/dags/dag_sleep_10s.py
[2022-04-14 11:35:31,173] {processor.py:642} INFO - Processing file /opt/airflow/dags/dag_sleep_10s.py for tasks to queue
[2022-04-14 11:35:31,174] {logging_mixin.py:109} INFO - [2022-04-14 11:35:31,174] {dagbag.py:500} INFO - Filling up the DagBag from /opt/airflow/dags/dag_sleep_10s.py
[2022-04-14 11:35:31,183] {processor.py:652} INFO - DAG(s) dict_keys(['dag_sleep_10s']) retrieved from /opt/airflow/dags/dag_sleep_10s.py
[2022-04-14 11:35:31,198] {logging_mixin.py:109} INFO - [2022-04-14 11:35:31,198] {dag.py:2398} INFO - Sync 1 DAGs
[2022-04-14 11:35:31,214] {logging_mixin.py:109} INFO - [2022-04-14 11:35:31,214] {dag.py:2937} INFO - Setting next_dagrun for dag_sleep_10s to None
[2022-04-14 11:35:31,226] {processor.py:171} INFO - Processing /opt/airflow/dags/dag_sleep_10s.py took 0.055 seconds
[2022-04-14 11:36:01,415] {processor.py:163} INFO - Started process (PID=496) to work on /opt/airflow/dags/dag_sleep_10s.py
[2022-04-14 11:36:01,420] {processor.py:642} INFO - Processing file /opt/airflow/dags/dag_sleep_10s.py for tasks to queue
[2022-04-14 11:36:01,421] {logging_mixin.py:109} INFO - [2022-04-14 11:36:01,421] {dagbag.py:500} INFO - Filling up the DagBag from /opt/airflow/dags/dag_sleep_10s.py
[2022-04-14 11:36:01,437] {processor.py:652} INFO - DAG(s) dict_keys(['dag_sleep_10s']) retrieved from /opt/airflow/dags/dag_sleep_10s.py
[2022-04-14 11:36:01,455] {logging_mixin.py:109} INFO - [2022-04-14 11:36:01,455] {dag.py:2398} INFO - Sync 1 DAGs
[2022-04-14 11:36:01,472] {logging_mixin.py:109} INFO - [2022-04-14 11:36:01,472] {dag.py:2937} INFO - Setting next_dagrun for dag_sleep_10s to None
[2022-04-14 11:36:01,484] {processor.py:171} INFO - Processing /opt/airflow/dags/dag_sleep_10s.py took 0.071 seconds
[2022-04-14 11:36:31,546] {processor.py:163} INFO - Started process (PID=533) to work on /opt/airflow/dags/dag_sleep_10s.py
[2022-04-14 11:36:31,546] {processor.py:642} INFO - Processing file /opt/airflow/dags/dag_sleep_10s.py for tasks to queue
[2022-04-14 11:36:31,547] {logging_mixin.py:109} INFO - [2022-04-14 11:36:31,547] {dagbag.py:500} INFO - Filling up the DagBag from /opt/airflow/dags/dag_sleep_10s.py
[2022-04-14 11:36:31,560] {processor.py:652} INFO - DAG(s) dict_keys(['dag_sleep_10s']) retrieved from /opt/airflow/dags/dag_sleep_10s.py
[2022-04-14 11:36:31,578] {logging_mixin.py:109} INFO - [2022-04-14 11:36:31,578] {dag.py:2398} INFO - Sync 1 DAGs
[2022-04-14 11:36:31,594] {logging_mixin.py:109} INFO - [2022-04-14 11:36:31,593] {dag.py:2937} INFO - Setting next_dagrun for dag_sleep_10s to None
[2022-04-14 11:36:31,607] {processor.py:171} INFO - Processing /opt/airflow/dags/dag_sleep_10s.py took 0.063 seconds
[2022-04-14 11:37:01,772] {processor.py:163} INFO - Started process (PID=565) to work on /opt/airflow/dags/dag_sleep_10s.py
[2022-04-14 11:37:01,774] {processor.py:642} INFO - Processing file /opt/airflow/dags/dag_sleep_10s.py for tasks to queue
[2022-04-14 11:37:01,774] {logging_mixin.py:109} INFO - [2022-04-14 11:37:01,774] {dagbag.py:500} INFO - Filling up the DagBag from /opt/airflow/dags/dag_sleep_10s.py
[2022-04-14 11:37:01,785] {processor.py:652} INFO - DAG(s) dict_keys(['dag_sleep_10s']) retrieved from /opt/airflow/dags/dag_sleep_10s.py
[2022-04-14 11:37:01,805] {logging_mixin.py:109} INFO - [2022-04-14 11:37:01,805] {dag.py:2398} INFO - Sync 1 DAGs
[2022-04-14 11:37:01,819] {logging_mixin.py:109} INFO - [2022-04-14 11:37:01,819] {dag.py:2937} INFO - Setting next_dagrun for dag_sleep_10s to None
[2022-04-14 11:37:01,829] {processor.py:171} INFO - Processing /opt/airflow/dags/dag_sleep_10s.py took 0.060 seconds
[2022-04-14 11:37:32,031] {processor.py:163} INFO - Started process (PID=587) to work on /opt/airflow/dags/dag_sleep_10s.py
[2022-04-14 11:37:32,032] {processor.py:642} INFO - Processing file /opt/airflow/dags/dag_sleep_10s.py for tasks to queue
[2022-04-14 11:37:32,032] {logging_mixin.py:109} INFO - [2022-04-14 11:37:32,032] {dagbag.py:500} INFO - Filling up the DagBag from /opt/airflow/dags/dag_sleep_10s.py
[2022-04-14 11:37:32,042] {processor.py:652} INFO - DAG(s) dict_keys(['dag_sleep_10s']) retrieved from /opt/airflow/dags/dag_sleep_10s.py
[2022-04-14 11:37:32,057] {logging_mixin.py:109} INFO - [2022-04-14 11:37:32,057] {dag.py:2398} INFO - Sync 1 DAGs
[2022-04-14 11:37:32,071] {logging_mixin.py:109} INFO - [2022-04-14 11:37:32,071] {dag.py:2937} INFO - Setting next_dagrun for dag_sleep_10s to None
[2022-04-14 11:37:32,083] {processor.py:171} INFO - Processing /opt/airflow/dags/dag_sleep_10s.py took 0.054 seconds
[2022-04-14 11:38:02,282] {processor.py:163} INFO - Started process (PID=619) to work on /opt/airflow/dags/dag_sleep_10s.py
[2022-04-14 11:38:02,288] {processor.py:642} INFO - Processing file /opt/airflow/dags/dag_sleep_10s.py for tasks to queue
[2022-04-14 11:38:02,289] {logging_mixin.py:109} INFO - [2022-04-14 11:38:02,289] {dagbag.py:500} INFO - Filling up the DagBag from /opt/airflow/dags/dag_sleep_10s.py
[2022-04-14 11:38:02,300] {processor.py:652} INFO - DAG(s) dict_keys(['dag_sleep_10s']) retrieved from /opt/airflow/dags/dag_sleep_10s.py
[2022-04-14 11:38:02,319] {logging_mixin.py:109} INFO - [2022-04-14 11:38:02,319] {dag.py:2398} INFO - Sync 1 DAGs
[2022-04-14 11:38:02,335] {logging_mixin.py:109} INFO - [2022-04-14 11:38:02,335] {dag.py:2937} INFO - Setting next_dagrun for dag_sleep_10s to None
[2022-04-14 11:38:02,347] {processor.py:171} INFO - Processing /opt/airflow/dags/dag_sleep_10s.py took 0.067 seconds
[2022-04-14 11:38:32,546] {processor.py:163} INFO - Started process (PID=641) to work on /opt/airflow/dags/dag_sleep_10s.py
[2022-04-14 11:38:32,547] {processor.py:642} INFO - Processing file /opt/airflow/dags/dag_sleep_10s.py for tasks to queue
[2022-04-14 11:38:32,547] {logging_mixin.py:109} INFO - [2022-04-14 11:38:32,547] {dagbag.py:500} INFO - Filling up the DagBag from /opt/airflow/dags/dag_sleep_10s.py
[2022-04-14 11:38:32,556] {processor.py:652} INFO - DAG(s) dict_keys(['dag_sleep_10s']) retrieved from /opt/airflow/dags/dag_sleep_10s.py
[2022-04-14 11:38:32,572] {logging_mixin.py:109} INFO - [2022-04-14 11:38:32,571] {dag.py:2398} INFO - Sync 1 DAGs
[2022-04-14 11:38:32,585] {logging_mixin.py:109} INFO - [2022-04-14 11:38:32,585] {dag.py:2937} INFO - Setting next_dagrun for dag_sleep_10s to None
[2022-04-14 11:38:32,594] {processor.py:171} INFO - Processing /opt/airflow/dags/dag_sleep_10s.py took 0.050 seconds
[2022-04-14 11:39:02,783] {processor.py:163} INFO - Started process (PID=674) to work on /opt/airflow/dags/dag_sleep_10s.py
[2022-04-14 11:39:02,789] {processor.py:642} INFO - Processing file /opt/airflow/dags/dag_sleep_10s.py for tasks to queue
[2022-04-14 11:39:02,790] {logging_mixin.py:109} INFO - [2022-04-14 11:39:02,790] {dagbag.py:500} INFO - Filling up the DagBag from /opt/airflow/dags/dag_sleep_10s.py
[2022-04-14 11:39:02,799] {processor.py:652} INFO - DAG(s) dict_keys(['dag_sleep_10s']) retrieved from /opt/airflow/dags/dag_sleep_10s.py
[2022-04-14 11:39:02,815] {logging_mixin.py:109} INFO - [2022-04-14 11:39:02,815] {dag.py:2398} INFO - Sync 1 DAGs
[2022-04-14 11:39:02,831] {logging_mixin.py:109} INFO - [2022-04-14 11:39:02,831] {dag.py:2937} INFO - Setting next_dagrun for dag_sleep_10s to None
[2022-04-14 11:39:02,840] {processor.py:171} INFO - Processing /opt/airflow/dags/dag_sleep_10s.py took 0.059 seconds
[2022-04-14 11:39:32,983] {processor.py:163} INFO - Started process (PID=697) to work on /opt/airflow/dags/dag_sleep_10s.py
[2022-04-14 11:39:32,984] {processor.py:642} INFO - Processing file /opt/airflow/dags/dag_sleep_10s.py for tasks to queue
[2022-04-14 11:39:32,984] {logging_mixin.py:109} INFO - [2022-04-14 11:39:32,984] {dagbag.py:500} INFO - Filling up the DagBag from /opt/airflow/dags/dag_sleep_10s.py
[2022-04-14 11:39:32,993] {processor.py:652} INFO - DAG(s) dict_keys(['dag_sleep_10s']) retrieved from /opt/airflow/dags/dag_sleep_10s.py
[2022-04-14 11:39:33,008] {logging_mixin.py:109} INFO - [2022-04-14 11:39:33,007] {dag.py:2398} INFO - Sync 1 DAGs
[2022-04-14 11:39:33,022] {logging_mixin.py:109} INFO - [2022-04-14 11:39:33,022] {dag.py:2937} INFO - Setting next_dagrun for dag_sleep_10s to None
[2022-04-14 11:39:33,033] {processor.py:171} INFO - Processing /opt/airflow/dags/dag_sleep_10s.py took 0.052 seconds
[2022-04-14 11:40:03,170] {processor.py:163} INFO - Started process (PID=729) to work on /opt/airflow/dags/dag_sleep_10s.py
[2022-04-14 11:40:03,172] {processor.py:642} INFO - Processing file /opt/airflow/dags/dag_sleep_10s.py for tasks to queue
[2022-04-14 11:40:03,172] {logging_mixin.py:109} INFO - [2022-04-14 11:40:03,172] {dagbag.py:500} INFO - Filling up the DagBag from /opt/airflow/dags/dag_sleep_10s.py
[2022-04-14 11:40:03,182] {processor.py:652} INFO - DAG(s) dict_keys(['dag_sleep_10s']) retrieved from /opt/airflow/dags/dag_sleep_10s.py
[2022-04-14 11:40:03,200] {logging_mixin.py:109} INFO - [2022-04-14 11:40:03,200] {dag.py:2398} INFO - Sync 1 DAGs
[2022-04-14 11:40:03,215] {logging_mixin.py:109} INFO - [2022-04-14 11:40:03,215] {dag.py:2937} INFO - Setting next_dagrun for dag_sleep_10s to None
[2022-04-14 11:40:03,225] {processor.py:171} INFO - Processing /opt/airflow/dags/dag_sleep_10s.py took 0.057 seconds
[2022-04-14 11:40:33,378] {processor.py:163} INFO - Started process (PID=753) to work on /opt/airflow/dags/dag_sleep_10s.py
[2022-04-14 11:40:33,379] {processor.py:642} INFO - Processing file /opt/airflow/dags/dag_sleep_10s.py for tasks to queue
[2022-04-14 11:40:33,379] {logging_mixin.py:109} INFO - [2022-04-14 11:40:33,379] {dagbag.py:500} INFO - Filling up the DagBag from /opt/airflow/dags/dag_sleep_10s.py
[2022-04-14 11:40:33,388] {processor.py:652} INFO - DAG(s) dict_keys(['dag_sleep_10s']) retrieved from /opt/airflow/dags/dag_sleep_10s.py
[2022-04-14 11:40:33,407] {logging_mixin.py:109} INFO - [2022-04-14 11:40:33,407] {dag.py:2398} INFO - Sync 1 DAGs
[2022-04-14 11:40:33,421] {logging_mixin.py:109} INFO - [2022-04-14 11:40:33,421] {dag.py:2937} INFO - Setting next_dagrun for dag_sleep_10s to None
[2022-04-14 11:40:33,435] {processor.py:171} INFO - Processing /opt/airflow/dags/dag_sleep_10s.py took 0.059 seconds
[2022-04-14 11:41:03,593] {processor.py:163} INFO - Started process (PID=784) to work on /opt/airflow/dags/dag_sleep_10s.py
[2022-04-14 11:41:03,595] {processor.py:642} INFO - Processing file /opt/airflow/dags/dag_sleep_10s.py for tasks to queue
[2022-04-14 11:41:03,596] {logging_mixin.py:109} INFO - [2022-04-14 11:41:03,595] {dagbag.py:500} INFO - Filling up the DagBag from /opt/airflow/dags/dag_sleep_10s.py
[2022-04-14 11:41:03,605] {processor.py:652} INFO - DAG(s) dict_keys(['dag_sleep_10s']) retrieved from /opt/airflow/dags/dag_sleep_10s.py
[2022-04-14 11:41:03,621] {logging_mixin.py:109} INFO - [2022-04-14 11:41:03,621] {dag.py:2398} INFO - Sync 1 DAGs
[2022-04-14 11:41:03,634] {logging_mixin.py:109} INFO - [2022-04-14 11:41:03,634] {dag.py:2937} INFO - Setting next_dagrun for dag_sleep_10s to None
[2022-04-14 11:41:03,647] {processor.py:171} INFO - Processing /opt/airflow/dags/dag_sleep_10s.py took 0.055 seconds
[2022-04-14 11:41:33,796] {processor.py:163} INFO - Started process (PID=807) to work on /opt/airflow/dags/dag_sleep_10s.py
[2022-04-14 11:41:33,796] {processor.py:642} INFO - Processing file /opt/airflow/dags/dag_sleep_10s.py for tasks to queue
[2022-04-14 11:41:33,797] {logging_mixin.py:109} INFO - [2022-04-14 11:41:33,797] {dagbag.py:500} INFO - Filling up the DagBag from /opt/airflow/dags/dag_sleep_10s.py
[2022-04-14 11:41:33,814] {processor.py:652} INFO - DAG(s) dict_keys(['dag_sleep_10s']) retrieved from /opt/airflow/dags/dag_sleep_10s.py
[2022-04-14 11:41:33,833] {logging_mixin.py:109} INFO - [2022-04-14 11:41:33,833] {dag.py:2398} INFO - Sync 1 DAGs
[2022-04-14 11:41:33,847] {logging_mixin.py:109} INFO - [2022-04-14 11:41:33,847] {dag.py:2937} INFO - Setting next_dagrun for dag_sleep_10s to None
[2022-04-14 11:41:33,858] {processor.py:171} INFO - Processing /opt/airflow/dags/dag_sleep_10s.py took 0.065 seconds
[2022-04-14 11:42:04,006] {processor.py:163} INFO - Started process (PID=839) to work on /opt/airflow/dags/dag_sleep_10s.py
[2022-04-14 11:42:04,011] {processor.py:642} INFO - Processing file /opt/airflow/dags/dag_sleep_10s.py for tasks to queue
[2022-04-14 11:42:04,011] {logging_mixin.py:109} INFO - [2022-04-14 11:42:04,011] {dagbag.py:500} INFO - Filling up the DagBag from /opt/airflow/dags/dag_sleep_10s.py
[2022-04-14 11:42:04,021] {processor.py:652} INFO - DAG(s) dict_keys(['dag_sleep_10s']) retrieved from /opt/airflow/dags/dag_sleep_10s.py
[2022-04-14 11:42:04,038] {logging_mixin.py:109} INFO - [2022-04-14 11:42:04,038] {dag.py:2398} INFO - Sync 1 DAGs
[2022-04-14 11:42:04,055] {logging_mixin.py:109} INFO - [2022-04-14 11:42:04,054] {dag.py:2937} INFO - Setting next_dagrun for dag_sleep_10s to None
[2022-04-14 11:42:04,066] {processor.py:171} INFO - Processing /opt/airflow/dags/dag_sleep_10s.py took 0.062 seconds
[2022-04-14 11:42:34,222] {processor.py:163} INFO - Started process (PID=861) to work on /opt/airflow/dags/dag_sleep_10s.py
[2022-04-14 11:42:34,223] {processor.py:642} INFO - Processing file /opt/airflow/dags/dag_sleep_10s.py for tasks to queue
[2022-04-14 11:42:34,224] {logging_mixin.py:109} INFO - [2022-04-14 11:42:34,224] {dagbag.py:500} INFO - Filling up the DagBag from /opt/airflow/dags/dag_sleep_10s.py
[2022-04-14 11:42:34,240] {processor.py:652} INFO - DAG(s) dict_keys(['dag_sleep_10s']) retrieved from /opt/airflow/dags/dag_sleep_10s.py
[2022-04-14 11:42:34,257] {logging_mixin.py:109} INFO - [2022-04-14 11:42:34,257] {dag.py:2398} INFO - Sync 1 DAGs
[2022-04-14 11:42:34,273] {logging_mixin.py:109} INFO - [2022-04-14 11:42:34,273] {dag.py:2937} INFO - Setting next_dagrun for dag_sleep_10s to None
[2022-04-14 11:42:34,286] {processor.py:171} INFO - Processing /opt/airflow/dags/dag_sleep_10s.py took 0.067 seconds
[2022-04-14 11:43:04,443] {processor.py:163} INFO - Started process (PID=892) to work on /opt/airflow/dags/dag_sleep_10s.py
[2022-04-14 11:43:04,444] {processor.py:642} INFO - Processing file /opt/airflow/dags/dag_sleep_10s.py for tasks to queue
[2022-04-14 11:43:04,444] {logging_mixin.py:109} INFO - [2022-04-14 11:43:04,444] {dagbag.py:500} INFO - Filling up the DagBag from /opt/airflow/dags/dag_sleep_10s.py
[2022-04-14 11:43:04,454] {processor.py:652} INFO - DAG(s) dict_keys(['dag_sleep_10s']) retrieved from /opt/airflow/dags/dag_sleep_10s.py
[2022-04-14 11:43:04,471] {logging_mixin.py:109} INFO - [2022-04-14 11:43:04,471] {dag.py:2398} INFO - Sync 1 DAGs
[2022-04-14 11:43:04,568] {logging_mixin.py:109} INFO - [2022-04-14 11:43:04,568] {dag.py:2937} INFO - Setting next_dagrun for dag_sleep_10s to None
[2022-04-14 11:43:04,580] {processor.py:171} INFO - Processing /opt/airflow/dags/dag_sleep_10s.py took 0.139 seconds
[2022-04-14 11:43:34,869] {processor.py:163} INFO - Started process (PID=915) to work on /opt/airflow/dags/dag_sleep_10s.py
[2022-04-14 11:43:34,870] {processor.py:642} INFO - Processing file /opt/airflow/dags/dag_sleep_10s.py for tasks to queue
[2022-04-14 11:43:34,871] {logging_mixin.py:109} INFO - [2022-04-14 11:43:34,871] {dagbag.py:500} INFO - Filling up the DagBag from /opt/airflow/dags/dag_sleep_10s.py
[2022-04-14 11:43:34,881] {processor.py:652} INFO - DAG(s) dict_keys(['dag_sleep_10s']) retrieved from /opt/airflow/dags/dag_sleep_10s.py
[2022-04-14 11:43:34,899] {logging_mixin.py:109} INFO - [2022-04-14 11:43:34,899] {dag.py:2398} INFO - Sync 1 DAGs
[2022-04-14 11:43:34,997] {logging_mixin.py:109} INFO - [2022-04-14 11:43:34,997] {dag.py:2937} INFO - Setting next_dagrun for dag_sleep_10s to None
[2022-04-14 11:43:35,007] {processor.py:171} INFO - Processing /opt/airflow/dags/dag_sleep_10s.py took 0.140 seconds
[2022-04-14 11:44:05,238] {processor.py:163} INFO - Started process (PID=947) to work on /opt/airflow/dags/dag_sleep_10s.py
[2022-04-14 11:44:05,239] {processor.py:642} INFO - Processing file /opt/airflow/dags/dag_sleep_10s.py for tasks to queue
[2022-04-14 11:44:05,239] {logging_mixin.py:109} INFO - [2022-04-14 11:44:05,239] {dagbag.py:500} INFO - Filling up the DagBag from /opt/airflow/dags/dag_sleep_10s.py
[2022-04-14 11:44:05,250] {processor.py:652} INFO - DAG(s) dict_keys(['dag_sleep_10s']) retrieved from /opt/airflow/dags/dag_sleep_10s.py
[2022-04-14 11:44:05,267] {logging_mixin.py:109} INFO - [2022-04-14 11:44:05,267] {dag.py:2398} INFO - Sync 1 DAGs
[2022-04-14 11:44:05,356] {logging_mixin.py:109} INFO - [2022-04-14 11:44:05,356] {dag.py:2937} INFO - Setting next_dagrun for dag_sleep_10s to None
[2022-04-14 11:44:05,367] {processor.py:171} INFO - Processing /opt/airflow/dags/dag_sleep_10s.py took 0.131 seconds
[2022-04-14 11:44:35,722] {processor.py:163} INFO - Started process (PID=970) to work on /opt/airflow/dags/dag_sleep_10s.py
[2022-04-14 11:44:35,723] {processor.py:642} INFO - Processing file /opt/airflow/dags/dag_sleep_10s.py for tasks to queue
[2022-04-14 11:44:35,724] {logging_mixin.py:109} INFO - [2022-04-14 11:44:35,724] {dagbag.py:500} INFO - Filling up the DagBag from /opt/airflow/dags/dag_sleep_10s.py
[2022-04-14 11:44:35,736] {processor.py:652} INFO - DAG(s) dict_keys(['dag_sleep_10s']) retrieved from /opt/airflow/dags/dag_sleep_10s.py
[2022-04-14 11:44:35,836] {logging_mixin.py:109} INFO - [2022-04-14 11:44:35,836] {dag.py:2398} INFO - Sync 1 DAGs
[2022-04-14 11:44:35,850] {logging_mixin.py:109} INFO - [2022-04-14 11:44:35,850] {dag.py:2937} INFO - Setting next_dagrun for dag_sleep_10s to None
[2022-04-14 11:44:35,862] {processor.py:171} INFO - Processing /opt/airflow/dags/dag_sleep_10s.py took 0.144 seconds
[2022-04-14 11:45:06,016] {processor.py:163} INFO - Started process (PID=1003) to work on /opt/airflow/dags/dag_sleep_10s.py
[2022-04-14 11:45:06,018] {processor.py:642} INFO - Processing file /opt/airflow/dags/dag_sleep_10s.py for tasks to queue
[2022-04-14 11:45:06,018] {logging_mixin.py:109} INFO - [2022-04-14 11:45:06,018] {dagbag.py:500} INFO - Filling up the DagBag from /opt/airflow/dags/dag_sleep_10s.py
[2022-04-14 11:45:06,113] {processor.py:652} INFO - DAG(s) dict_keys(['dag_sleep_10s']) retrieved from /opt/airflow/dags/dag_sleep_10s.py
[2022-04-14 11:45:06,130] {logging_mixin.py:109} INFO - [2022-04-14 11:45:06,130] {dag.py:2398} INFO - Sync 1 DAGs
[2022-04-14 11:45:06,144] {logging_mixin.py:109} INFO - [2022-04-14 11:45:06,144] {dag.py:2937} INFO - Setting next_dagrun for dag_sleep_10s to None
[2022-04-14 11:45:06,157] {processor.py:171} INFO - Processing /opt/airflow/dags/dag_sleep_10s.py took 0.144 seconds
[2022-04-14 11:45:36,381] {processor.py:163} INFO - Started process (PID=1035) to work on /opt/airflow/dags/dag_sleep_10s.py
[2022-04-14 11:45:36,382] {processor.py:642} INFO - Processing file /opt/airflow/dags/dag_sleep_10s.py for tasks to queue
[2022-04-14 11:45:36,382] {logging_mixin.py:109} INFO - [2022-04-14 11:45:36,382] {dagbag.py:500} INFO - Filling up the DagBag from /opt/airflow/dags/dag_sleep_10s.py
[2022-04-14 11:45:36,490] {processor.py:652} INFO - DAG(s) dict_keys(['dag_sleep_10s']) retrieved from /opt/airflow/dags/dag_sleep_10s.py
[2022-04-14 11:45:36,507] {logging_mixin.py:109} INFO - [2022-04-14 11:45:36,507] {dag.py:2398} INFO - Sync 1 DAGs
[2022-04-14 11:45:36,522] {logging_mixin.py:109} INFO - [2022-04-14 11:45:36,522] {dag.py:2937} INFO - Setting next_dagrun for dag_sleep_10s to None
[2022-04-14 11:45:36,535] {processor.py:171} INFO - Processing /opt/airflow/dags/dag_sleep_10s.py took 0.156 seconds
[2022-04-14 11:46:06,684] {processor.py:163} INFO - Started process (PID=1059) to work on /opt/airflow/dags/dag_sleep_10s.py
[2022-04-14 11:46:06,685] {processor.py:642} INFO - Processing file /opt/airflow/dags/dag_sleep_10s.py for tasks to queue
[2022-04-14 11:46:06,686] {logging_mixin.py:109} INFO - [2022-04-14 11:46:06,686] {dagbag.py:500} INFO - Filling up the DagBag from /opt/airflow/dags/dag_sleep_10s.py
[2022-04-14 11:46:06,784] {processor.py:652} INFO - DAG(s) dict_keys(['dag_sleep_10s']) retrieved from /opt/airflow/dags/dag_sleep_10s.py
[2022-04-14 11:46:06,799] {logging_mixin.py:109} INFO - [2022-04-14 11:46:06,799] {dag.py:2398} INFO - Sync 1 DAGs
[2022-04-14 11:46:06,813] {logging_mixin.py:109} INFO - [2022-04-14 11:46:06,813] {dag.py:2937} INFO - Setting next_dagrun for dag_sleep_10s to None
[2022-04-14 11:46:06,824] {processor.py:171} INFO - Processing /opt/airflow/dags/dag_sleep_10s.py took 0.142 seconds
[2022-04-14 11:46:37,177] {processor.py:163} INFO - Started process (PID=1091) to work on /opt/airflow/dags/dag_sleep_10s.py
[2022-04-14 11:46:37,178] {processor.py:642} INFO - Processing file /opt/airflow/dags/dag_sleep_10s.py for tasks to queue
[2022-04-14 11:46:37,179] {logging_mixin.py:109} INFO - [2022-04-14 11:46:37,179] {dagbag.py:500} INFO - Filling up the DagBag from /opt/airflow/dags/dag_sleep_10s.py
[2022-04-14 11:46:37,188] {processor.py:652} INFO - DAG(s) dict_keys(['dag_sleep_10s']) retrieved from /opt/airflow/dags/dag_sleep_10s.py
[2022-04-14 11:46:37,204] {logging_mixin.py:109} INFO - [2022-04-14 11:46:37,204] {dag.py:2398} INFO - Sync 1 DAGs
[2022-04-14 11:46:37,218] {logging_mixin.py:109} INFO - [2022-04-14 11:46:37,218] {dag.py:2937} INFO - Setting next_dagrun for dag_sleep_10s to None
[2022-04-14 11:46:37,228] {processor.py:171} INFO - Processing /opt/airflow/dags/dag_sleep_10s.py took 0.052 seconds
[2022-04-14 11:47:07,439] {processor.py:163} INFO - Started process (PID=1115) to work on /opt/airflow/dags/dag_sleep_10s.py
[2022-04-14 11:47:07,441] {processor.py:642} INFO - Processing file /opt/airflow/dags/dag_sleep_10s.py for tasks to queue
[2022-04-14 11:47:07,441] {logging_mixin.py:109} INFO - [2022-04-14 11:47:07,441] {dagbag.py:500} INFO - Filling up the DagBag from /opt/airflow/dags/dag_sleep_10s.py
[2022-04-14 11:47:07,451] {processor.py:652} INFO - DAG(s) dict_keys(['dag_sleep_10s']) retrieved from /opt/airflow/dags/dag_sleep_10s.py
[2022-04-14 11:47:07,467] {logging_mixin.py:109} INFO - [2022-04-14 11:47:07,467] {dag.py:2398} INFO - Sync 1 DAGs
[2022-04-14 11:47:07,481] {logging_mixin.py:109} INFO - [2022-04-14 11:47:07,481] {dag.py:2937} INFO - Setting next_dagrun for dag_sleep_10s to None
[2022-04-14 11:47:07,490] {processor.py:171} INFO - Processing /opt/airflow/dags/dag_sleep_10s.py took 0.053 seconds
[2022-04-14 11:47:37,644] {processor.py:163} INFO - Started process (PID=1149) to work on /opt/airflow/dags/dag_sleep_10s.py
[2022-04-14 11:47:37,645] {processor.py:642} INFO - Processing file /opt/airflow/dags/dag_sleep_10s.py for tasks to queue
[2022-04-14 11:47:37,645] {logging_mixin.py:109} INFO - [2022-04-14 11:47:37,645] {dagbag.py:500} INFO - Filling up the DagBag from /opt/airflow/dags/dag_sleep_10s.py
[2022-04-14 11:47:37,654] {processor.py:652} INFO - DAG(s) dict_keys(['dag_sleep_10s']) retrieved from /opt/airflow/dags/dag_sleep_10s.py
[2022-04-14 11:47:37,670] {logging_mixin.py:109} INFO - [2022-04-14 11:47:37,670] {dag.py:2398} INFO - Sync 1 DAGs
[2022-04-14 11:47:37,685] {logging_mixin.py:109} INFO - [2022-04-14 11:47:37,685] {dag.py:2937} INFO - Setting next_dagrun for dag_sleep_10s to None
[2022-04-14 11:47:37,695] {processor.py:171} INFO - Processing /opt/airflow/dags/dag_sleep_10s.py took 0.053 seconds
[2022-04-14 11:48:07,897] {processor.py:163} INFO - Started process (PID=1172) to work on /opt/airflow/dags/dag_sleep_10s.py
[2022-04-14 11:48:07,905] {processor.py:642} INFO - Processing file /opt/airflow/dags/dag_sleep_10s.py for tasks to queue
[2022-04-14 11:48:07,905] {logging_mixin.py:109} INFO - [2022-04-14 11:48:07,905] {dagbag.py:500} INFO - Filling up the DagBag from /opt/airflow/dags/dag_sleep_10s.py
[2022-04-14 11:48:07,914] {processor.py:652} INFO - DAG(s) dict_keys(['dag_sleep_10s']) retrieved from /opt/airflow/dags/dag_sleep_10s.py
[2022-04-14 11:48:07,930] {logging_mixin.py:109} INFO - [2022-04-14 11:48:07,930] {dag.py:2398} INFO - Sync 1 DAGs
[2022-04-14 11:48:07,945] {logging_mixin.py:109} INFO - [2022-04-14 11:48:07,945] {dag.py:2937} INFO - Setting next_dagrun for dag_sleep_10s to None
[2022-04-14 11:48:07,954] {processor.py:171} INFO - Processing /opt/airflow/dags/dag_sleep_10s.py took 0.058 seconds
[2022-04-14 11:48:38,183] {processor.py:163} INFO - Started process (PID=1205) to work on /opt/airflow/dags/dag_sleep_10s.py
[2022-04-14 11:48:38,184] {processor.py:642} INFO - Processing file /opt/airflow/dags/dag_sleep_10s.py for tasks to queue
[2022-04-14 11:48:38,184] {logging_mixin.py:109} INFO - [2022-04-14 11:48:38,184] {dagbag.py:500} INFO - Filling up the DagBag from /opt/airflow/dags/dag_sleep_10s.py
[2022-04-14 11:48:38,195] {processor.py:652} INFO - DAG(s) dict_keys(['dag_sleep_10s']) retrieved from /opt/airflow/dags/dag_sleep_10s.py
[2022-04-14 11:48:38,212] {logging_mixin.py:109} INFO - [2022-04-14 11:48:38,212] {dag.py:2398} INFO - Sync 1 DAGs
[2022-04-14 11:48:38,227] {logging_mixin.py:109} INFO - [2022-04-14 11:48:38,227] {dag.py:2937} INFO - Setting next_dagrun for dag_sleep_10s to None
[2022-04-14 11:48:38,237] {processor.py:171} INFO - Processing /opt/airflow/dags/dag_sleep_10s.py took 0.056 seconds
[2022-04-14 11:49:08,442] {processor.py:163} INFO - Started process (PID=1229) to work on /opt/airflow/dags/dag_sleep_10s.py
[2022-04-14 11:49:08,443] {processor.py:642} INFO - Processing file /opt/airflow/dags/dag_sleep_10s.py for tasks to queue
[2022-04-14 11:49:08,443] {logging_mixin.py:109} INFO - [2022-04-14 11:49:08,443] {dagbag.py:500} INFO - Filling up the DagBag from /opt/airflow/dags/dag_sleep_10s.py
[2022-04-14 11:49:08,453] {processor.py:652} INFO - DAG(s) dict_keys(['dag_sleep_10s']) retrieved from /opt/airflow/dags/dag_sleep_10s.py
[2022-04-14 11:49:08,469] {logging_mixin.py:109} INFO - [2022-04-14 11:49:08,469] {dag.py:2398} INFO - Sync 1 DAGs
[2022-04-14 11:49:08,484] {logging_mixin.py:109} INFO - [2022-04-14 11:49:08,483] {dag.py:2937} INFO - Setting next_dagrun for dag_sleep_10s to None
[2022-04-14 11:49:08,493] {processor.py:171} INFO - Processing /opt/airflow/dags/dag_sleep_10s.py took 0.054 seconds
[2022-04-14 11:49:38,654] {processor.py:163} INFO - Started process (PID=1262) to work on /opt/airflow/dags/dag_sleep_10s.py
[2022-04-14 11:49:38,655] {processor.py:642} INFO - Processing file /opt/airflow/dags/dag_sleep_10s.py for tasks to queue
[2022-04-14 11:49:38,655] {logging_mixin.py:109} INFO - [2022-04-14 11:49:38,655] {dagbag.py:500} INFO - Filling up the DagBag from /opt/airflow/dags/dag_sleep_10s.py
[2022-04-14 11:49:38,666] {processor.py:652} INFO - DAG(s) dict_keys(['dag_sleep_10s']) retrieved from /opt/airflow/dags/dag_sleep_10s.py
[2022-04-14 11:49:38,683] {logging_mixin.py:109} INFO - [2022-04-14 11:49:38,683] {dag.py:2398} INFO - Sync 1 DAGs
[2022-04-14 11:49:38,698] {logging_mixin.py:109} INFO - [2022-04-14 11:49:38,697] {dag.py:2937} INFO - Setting next_dagrun for dag_sleep_10s to None
[2022-04-14 11:49:38,708] {processor.py:171} INFO - Processing /opt/airflow/dags/dag_sleep_10s.py took 0.056 seconds
[2022-04-14 11:50:08,875] {processor.py:163} INFO - Started process (PID=1285) to work on /opt/airflow/dags/dag_sleep_10s.py
[2022-04-14 11:50:08,878] {processor.py:642} INFO - Processing file /opt/airflow/dags/dag_sleep_10s.py for tasks to queue
[2022-04-14 11:50:08,879] {logging_mixin.py:109} INFO - [2022-04-14 11:50:08,879] {dagbag.py:500} INFO - Filling up the DagBag from /opt/airflow/dags/dag_sleep_10s.py
[2022-04-14 11:50:08,889] {processor.py:652} INFO - DAG(s) dict_keys(['dag_sleep_10s']) retrieved from /opt/airflow/dags/dag_sleep_10s.py
[2022-04-14 11:50:08,906] {logging_mixin.py:109} INFO - [2022-04-14 11:50:08,906] {dag.py:2398} INFO - Sync 1 DAGs
[2022-04-14 11:50:08,921] {logging_mixin.py:109} INFO - [2022-04-14 11:50:08,921] {dag.py:2937} INFO - Setting next_dagrun for dag_sleep_10s to None
[2022-04-14 11:50:08,932] {processor.py:171} INFO - Processing /opt/airflow/dags/dag_sleep_10s.py took 0.059 seconds
[2022-04-14 11:50:39,141] {processor.py:163} INFO - Started process (PID=1318) to work on /opt/airflow/dags/dag_sleep_10s.py
[2022-04-14 11:50:39,141] {processor.py:642} INFO - Processing file /opt/airflow/dags/dag_sleep_10s.py for tasks to queue
[2022-04-14 11:50:39,142] {logging_mixin.py:109} INFO - [2022-04-14 11:50:39,142] {dagbag.py:500} INFO - Filling up the DagBag from /opt/airflow/dags/dag_sleep_10s.py
[2022-04-14 11:50:39,152] {processor.py:652} INFO - DAG(s) dict_keys(['dag_sleep_10s']) retrieved from /opt/airflow/dags/dag_sleep_10s.py
[2022-04-14 11:50:39,169] {logging_mixin.py:109} INFO - [2022-04-14 11:50:39,169] {dag.py:2398} INFO - Sync 1 DAGs
[2022-04-14 11:50:39,183] {logging_mixin.py:109} INFO - [2022-04-14 11:50:39,183] {dag.py:2937} INFO - Setting next_dagrun for dag_sleep_10s to None
[2022-04-14 11:50:39,194] {processor.py:171} INFO - Processing /opt/airflow/dags/dag_sleep_10s.py took 0.055 seconds
[2022-04-14 11:51:09,396] {processor.py:163} INFO - Started process (PID=1341) to work on /opt/airflow/dags/dag_sleep_10s.py
[2022-04-14 11:51:09,397] {processor.py:642} INFO - Processing file /opt/airflow/dags/dag_sleep_10s.py for tasks to queue
[2022-04-14 11:51:09,398] {logging_mixin.py:109} INFO - [2022-04-14 11:51:09,398] {dagbag.py:500} INFO - Filling up the DagBag from /opt/airflow/dags/dag_sleep_10s.py
[2022-04-14 11:51:09,408] {processor.py:652} INFO - DAG(s) dict_keys(['dag_sleep_10s']) retrieved from /opt/airflow/dags/dag_sleep_10s.py
[2022-04-14 11:51:09,425] {logging_mixin.py:109} INFO - [2022-04-14 11:51:09,425] {dag.py:2398} INFO - Sync 1 DAGs
[2022-04-14 11:51:09,439] {logging_mixin.py:109} INFO - [2022-04-14 11:51:09,438] {dag.py:2937} INFO - Setting next_dagrun for dag_sleep_10s to None
[2022-04-14 11:51:09,449] {processor.py:171} INFO - Processing /opt/airflow/dags/dag_sleep_10s.py took 0.055 seconds
[2022-04-14 11:51:39,599] {processor.py:163} INFO - Started process (PID=1373) to work on /opt/airflow/dags/dag_sleep_10s.py
[2022-04-14 11:51:39,600] {processor.py:642} INFO - Processing file /opt/airflow/dags/dag_sleep_10s.py for tasks to queue
[2022-04-14 11:51:39,601] {logging_mixin.py:109} INFO - [2022-04-14 11:51:39,601] {dagbag.py:500} INFO - Filling up the DagBag from /opt/airflow/dags/dag_sleep_10s.py
[2022-04-14 11:51:39,612] {processor.py:652} INFO - DAG(s) dict_keys(['dag_sleep_10s']) retrieved from /opt/airflow/dags/dag_sleep_10s.py
[2022-04-14 11:51:39,628] {logging_mixin.py:109} INFO - [2022-04-14 11:51:39,628] {dag.py:2398} INFO - Sync 1 DAGs
[2022-04-14 11:51:39,644] {logging_mixin.py:109} INFO - [2022-04-14 11:51:39,644] {dag.py:2937} INFO - Setting next_dagrun for dag_sleep_10s to None
[2022-04-14 11:51:39,657] {processor.py:171} INFO - Processing /opt/airflow/dags/dag_sleep_10s.py took 0.060 seconds
[2022-04-14 11:52:09,834] {processor.py:163} INFO - Started process (PID=1396) to work on /opt/airflow/dags/dag_sleep_10s.py
[2022-04-14 11:52:09,835] {processor.py:642} INFO - Processing file /opt/airflow/dags/dag_sleep_10s.py for tasks to queue
[2022-04-14 11:52:09,836] {logging_mixin.py:109} INFO - [2022-04-14 11:52:09,836] {dagbag.py:500} INFO - Filling up the DagBag from /opt/airflow/dags/dag_sleep_10s.py
[2022-04-14 11:52:09,845] {processor.py:652} INFO - DAG(s) dict_keys(['dag_sleep_10s']) retrieved from /opt/airflow/dags/dag_sleep_10s.py
[2022-04-14 11:52:09,863] {logging_mixin.py:109} INFO - [2022-04-14 11:52:09,863] {dag.py:2398} INFO - Sync 1 DAGs
[2022-04-14 11:52:09,879] {logging_mixin.py:109} INFO - [2022-04-14 11:52:09,879] {dag.py:2937} INFO - Setting next_dagrun for dag_sleep_10s to None
[2022-04-14 11:52:09,891] {processor.py:171} INFO - Processing /opt/airflow/dags/dag_sleep_10s.py took 0.059 seconds
[2022-04-14 11:52:40,081] {processor.py:163} INFO - Started process (PID=1430) to work on /opt/airflow/dags/dag_sleep_10s.py
[2022-04-14 11:52:40,082] {processor.py:642} INFO - Processing file /opt/airflow/dags/dag_sleep_10s.py for tasks to queue
[2022-04-14 11:52:40,082] {logging_mixin.py:109} INFO - [2022-04-14 11:52:40,082] {dagbag.py:500} INFO - Filling up the DagBag from /opt/airflow/dags/dag_sleep_10s.py
[2022-04-14 11:52:40,092] {processor.py:652} INFO - DAG(s) dict_keys(['dag_sleep_10s']) retrieved from /opt/airflow/dags/dag_sleep_10s.py
[2022-04-14 11:52:40,112] {logging_mixin.py:109} INFO - [2022-04-14 11:52:40,112] {dag.py:2398} INFO - Sync 1 DAGs
[2022-04-14 11:52:40,132] {logging_mixin.py:109} INFO - [2022-04-14 11:52:40,132] {dag.py:2937} INFO - Setting next_dagrun for dag_sleep_10s to None
[2022-04-14 11:52:40,144] {processor.py:171} INFO - Processing /opt/airflow/dags/dag_sleep_10s.py took 0.065 seconds
[2022-04-14 11:53:10,436] {processor.py:163} INFO - Started process (PID=1453) to work on /opt/airflow/dags/dag_sleep_10s.py
[2022-04-14 11:53:10,438] {processor.py:642} INFO - Processing file /opt/airflow/dags/dag_sleep_10s.py for tasks to queue
[2022-04-14 11:53:10,438] {logging_mixin.py:109} INFO - [2022-04-14 11:53:10,438] {dagbag.py:500} INFO - Filling up the DagBag from /opt/airflow/dags/dag_sleep_10s.py
[2022-04-14 11:53:10,461] {processor.py:652} INFO - DAG(s) dict_keys(['dag_sleep_10s']) retrieved from /opt/airflow/dags/dag_sleep_10s.py
[2022-04-14 11:53:10,487] {logging_mixin.py:109} INFO - [2022-04-14 11:53:10,487] {dag.py:2398} INFO - Sync 1 DAGs
[2022-04-14 11:53:10,506] {logging_mixin.py:109} INFO - [2022-04-14 11:53:10,505] {dag.py:2937} INFO - Setting next_dagrun for dag_sleep_10s to None
[2022-04-14 11:53:10,522] {processor.py:171} INFO - Processing /opt/airflow/dags/dag_sleep_10s.py took 0.089 seconds
[2022-04-14 11:53:40,667] {processor.py:163} INFO - Started process (PID=1486) to work on /opt/airflow/dags/dag_sleep_10s.py
[2022-04-14 11:53:40,667] {processor.py:642} INFO - Processing file /opt/airflow/dags/dag_sleep_10s.py for tasks to queue
[2022-04-14 11:53:40,668] {logging_mixin.py:109} INFO - [2022-04-14 11:53:40,668] {dagbag.py:500} INFO - Filling up the DagBag from /opt/airflow/dags/dag_sleep_10s.py
[2022-04-14 11:53:40,678] {processor.py:652} INFO - DAG(s) dict_keys(['dag_sleep_10s']) retrieved from /opt/airflow/dags/dag_sleep_10s.py
[2022-04-14 11:53:40,694] {logging_mixin.py:109} INFO - [2022-04-14 11:53:40,694] {dag.py:2398} INFO - Sync 1 DAGs
[2022-04-14 11:53:40,709] {logging_mixin.py:109} INFO - [2022-04-14 11:53:40,709] {dag.py:2937} INFO - Setting next_dagrun for dag_sleep_10s to None
[2022-04-14 11:53:40,720] {processor.py:171} INFO - Processing /opt/airflow/dags/dag_sleep_10s.py took 0.056 seconds
