[2022-04-14 11:42:00,871] {taskinstance.py:1043} INFO - Dependencies all met for <TaskInstance: karols_dag_sleep_10s.task scheduled__2022-04-14T10:00:00+00:00 [queued]>
[2022-04-14 11:42:00,884] {taskinstance.py:1043} INFO - Dependencies all met for <TaskInstance: karols_dag_sleep_10s.task scheduled__2022-04-14T10:00:00+00:00 [queued]>
[2022-04-14 11:42:00,884] {taskinstance.py:1249} INFO - 
--------------------------------------------------------------------------------
[2022-04-14 11:42:00,884] {taskinstance.py:1250} INFO - Starting attempt 1 of 1
[2022-04-14 11:42:00,884] {taskinstance.py:1251} INFO - 
--------------------------------------------------------------------------------
[2022-04-14 11:42:00,898] {taskinstance.py:1270} INFO - Executing <Task(PythonOperator): task> on 2022-04-14 10:00:00+00:00
[2022-04-14 11:42:00,901] {standard_task_runner.py:52} INFO - Started process 723 to run task
[2022-04-14 11:42:00,904] {standard_task_runner.py:79} INFO - Running: ['***', 'tasks', 'run', 'karols_dag_sleep_10s', 'task', 'scheduled__2022-04-14T10:00:00+00:00', '--job-id', '45', '--raw', '--subdir', 'DAGS_FOLDER/karols_dag_sleep_10s.py', '--cfg-path', '/tmp/tmp0a73j4ec', '--error-file', '/tmp/tmpzzo7uh9b']
[2022-04-14 11:42:00,904] {standard_task_runner.py:80} INFO - Job 45: Subtask task
[2022-04-14 11:42:00,954] {logging_mixin.py:109} INFO - Running <TaskInstance: karols_dag_sleep_10s.task scheduled__2022-04-14T10:00:00+00:00 [running]> on host 6ff3eeab8862
[2022-04-14 11:42:01,006] {taskinstance.py:1448} INFO - Exporting the following env vars:
AIRFLOW_CTX_DAG_OWNER=Airflow
AIRFLOW_CTX_DAG_ID=karols_dag_sleep_10s
AIRFLOW_CTX_TASK_ID=task
AIRFLOW_CTX_EXECUTION_DATE=2022-04-14T10:00:00+00:00
AIRFLOW_CTX_DAG_RUN_ID=scheduled__2022-04-14T10:00:00+00:00
[2022-04-14 11:42:11,017] {python.py:175} INFO - Done. Returned value was: None
[2022-04-14 11:42:11,030] {taskinstance.py:1288} INFO - Marking task as SUCCESS. dag_id=karols_dag_sleep_10s, task_id=task, execution_date=20220414T100000, start_date=20220414T114200, end_date=20220414T114211
[2022-04-14 11:42:11,065] {local_task_job.py:154} INFO - Task exited with return code 0
[2022-04-14 11:42:11,110] {local_task_job.py:264} INFO - 0 downstream tasks scheduled from follow-on schedule check
