[2022-04-15 07:38:40,444] {processor.py:163} INFO - Started process (PID=112) to work on /opt/airflow/dags/dag_connection_to_db.py
[2022-04-15 07:38:40,445] {processor.py:642} INFO - Processing file /opt/airflow/dags/dag_connection_to_db.py for tasks to queue
[2022-04-15 07:38:40,446] {logging_mixin.py:109} INFO - [2022-04-15 07:38:40,446] {dagbag.py:500} INFO - Filling up the DagBag from /opt/airflow/dags/dag_connection_to_db.py
[2022-04-15 07:38:40,487] {processor.py:652} INFO - DAG(s) dict_keys(['dag_connection_to_db']) retrieved from /opt/airflow/dags/dag_connection_to_db.py
[2022-04-15 07:38:41,164] {logging_mixin.py:109} INFO - [2022-04-15 07:38:41,163] {dag.py:2398} INFO - Sync 1 DAGs
[2022-04-15 07:38:41,177] {logging_mixin.py:109} INFO - [2022-04-15 07:38:41,176] {dag.py:2937} INFO - Setting next_dagrun for dag_connection_to_db to None
[2022-04-15 07:38:41,197] {processor.py:171} INFO - Processing /opt/airflow/dags/dag_connection_to_db.py took 0.755 seconds
[2022-04-15 07:39:11,686] {processor.py:163} INFO - Started process (PID=142) to work on /opt/airflow/dags/dag_connection_to_db.py
[2022-04-15 07:39:11,687] {processor.py:642} INFO - Processing file /opt/airflow/dags/dag_connection_to_db.py for tasks to queue
[2022-04-15 07:39:11,688] {logging_mixin.py:109} INFO - [2022-04-15 07:39:11,688] {dagbag.py:500} INFO - Filling up the DagBag from /opt/airflow/dags/dag_connection_to_db.py
[2022-04-15 07:39:11,708] {processor.py:652} INFO - DAG(s) dict_keys(['dag_connection_to_db']) retrieved from /opt/airflow/dags/dag_connection_to_db.py
[2022-04-15 07:39:11,743] {logging_mixin.py:109} INFO - [2022-04-15 07:39:11,743] {dag.py:2398} INFO - Sync 1 DAGs
[2022-04-15 07:39:11,759] {logging_mixin.py:109} INFO - [2022-04-15 07:39:11,759] {dag.py:2937} INFO - Setting next_dagrun for dag_connection_to_db to None
[2022-04-15 07:39:11,772] {processor.py:171} INFO - Processing /opt/airflow/dags/dag_connection_to_db.py took 0.089 seconds
[2022-04-15 07:39:41,928] {processor.py:163} INFO - Started process (PID=164) to work on /opt/airflow/dags/dag_connection_to_db.py
[2022-04-15 07:39:41,941] {processor.py:642} INFO - Processing file /opt/airflow/dags/dag_connection_to_db.py for tasks to queue
[2022-04-15 07:39:41,942] {logging_mixin.py:109} INFO - [2022-04-15 07:39:41,941] {dagbag.py:500} INFO - Filling up the DagBag from /opt/airflow/dags/dag_connection_to_db.py
[2022-04-15 07:39:41,955] {processor.py:652} INFO - DAG(s) dict_keys(['dag_connection_to_db']) retrieved from /opt/airflow/dags/dag_connection_to_db.py
[2022-04-15 07:39:41,980] {logging_mixin.py:109} INFO - [2022-04-15 07:39:41,980] {dag.py:2398} INFO - Sync 1 DAGs
[2022-04-15 07:39:42,008] {logging_mixin.py:109} INFO - [2022-04-15 07:39:42,008] {dag.py:2937} INFO - Setting next_dagrun for dag_connection_to_db to None
[2022-04-15 07:39:42,027] {processor.py:171} INFO - Processing /opt/airflow/dags/dag_connection_to_db.py took 0.102 seconds
[2022-04-15 07:40:12,179] {processor.py:163} INFO - Started process (PID=194) to work on /opt/airflow/dags/dag_connection_to_db.py
[2022-04-15 07:40:12,180] {processor.py:642} INFO - Processing file /opt/airflow/dags/dag_connection_to_db.py for tasks to queue
[2022-04-15 07:40:12,180] {logging_mixin.py:109} INFO - [2022-04-15 07:40:12,180] {dagbag.py:500} INFO - Filling up the DagBag from /opt/airflow/dags/dag_connection_to_db.py
[2022-04-15 07:40:12,192] {processor.py:652} INFO - DAG(s) dict_keys(['dag_connection_to_db']) retrieved from /opt/airflow/dags/dag_connection_to_db.py
[2022-04-15 07:40:12,209] {logging_mixin.py:109} INFO - [2022-04-15 07:40:12,209] {dag.py:2398} INFO - Sync 1 DAGs
[2022-04-15 07:40:12,223] {logging_mixin.py:109} INFO - [2022-04-15 07:40:12,223] {dag.py:2937} INFO - Setting next_dagrun for dag_connection_to_db to None
[2022-04-15 07:40:12,233] {processor.py:171} INFO - Processing /opt/airflow/dags/dag_connection_to_db.py took 0.056 seconds
[2022-04-15 07:40:42,378] {processor.py:163} INFO - Started process (PID=217) to work on /opt/airflow/dags/dag_connection_to_db.py
[2022-04-15 07:40:42,382] {processor.py:642} INFO - Processing file /opt/airflow/dags/dag_connection_to_db.py for tasks to queue
[2022-04-15 07:40:42,383] {logging_mixin.py:109} INFO - [2022-04-15 07:40:42,382] {dagbag.py:500} INFO - Filling up the DagBag from /opt/airflow/dags/dag_connection_to_db.py
[2022-04-15 07:40:42,394] {processor.py:652} INFO - DAG(s) dict_keys(['dag_connection_to_db']) retrieved from /opt/airflow/dags/dag_connection_to_db.py
[2022-04-15 07:40:42,411] {logging_mixin.py:109} INFO - [2022-04-15 07:40:42,411] {dag.py:2398} INFO - Sync 1 DAGs
[2022-04-15 07:40:42,429] {logging_mixin.py:109} INFO - [2022-04-15 07:40:42,429] {dag.py:2937} INFO - Setting next_dagrun for dag_connection_to_db to None
[2022-04-15 07:40:42,442] {processor.py:171} INFO - Processing /opt/airflow/dags/dag_connection_to_db.py took 0.066 seconds
[2022-04-15 07:41:12,630] {processor.py:163} INFO - Started process (PID=249) to work on /opt/airflow/dags/dag_connection_to_db.py
[2022-04-15 07:41:12,631] {processor.py:642} INFO - Processing file /opt/airflow/dags/dag_connection_to_db.py for tasks to queue
[2022-04-15 07:41:12,632] {logging_mixin.py:109} INFO - [2022-04-15 07:41:12,632] {dagbag.py:500} INFO - Filling up the DagBag from /opt/airflow/dags/dag_connection_to_db.py
[2022-04-15 07:41:12,647] {processor.py:652} INFO - DAG(s) dict_keys(['dag_connection_to_db']) retrieved from /opt/airflow/dags/dag_connection_to_db.py
[2022-04-15 07:41:12,668] {logging_mixin.py:109} INFO - [2022-04-15 07:41:12,668] {dag.py:2398} INFO - Sync 1 DAGs
[2022-04-15 07:41:12,682] {logging_mixin.py:109} INFO - [2022-04-15 07:41:12,682] {dag.py:2937} INFO - Setting next_dagrun for dag_connection_to_db to None
[2022-04-15 07:41:12,699] {processor.py:171} INFO - Processing /opt/airflow/dags/dag_connection_to_db.py took 0.071 seconds
[2022-04-15 07:41:42,850] {processor.py:163} INFO - Started process (PID=271) to work on /opt/airflow/dags/dag_connection_to_db.py
[2022-04-15 07:41:42,851] {processor.py:642} INFO - Processing file /opt/airflow/dags/dag_connection_to_db.py for tasks to queue
[2022-04-15 07:41:42,851] {logging_mixin.py:109} INFO - [2022-04-15 07:41:42,851] {dagbag.py:500} INFO - Filling up the DagBag from /opt/airflow/dags/dag_connection_to_db.py
[2022-04-15 07:41:42,864] {processor.py:652} INFO - DAG(s) dict_keys(['dag_connection_to_db']) retrieved from /opt/airflow/dags/dag_connection_to_db.py
[2022-04-15 07:41:42,884] {logging_mixin.py:109} INFO - [2022-04-15 07:41:42,884] {dag.py:2398} INFO - Sync 1 DAGs
[2022-04-15 07:41:42,897] {logging_mixin.py:109} INFO - [2022-04-15 07:41:42,897] {dag.py:2937} INFO - Setting next_dagrun for dag_connection_to_db to None
[2022-04-15 07:41:42,909] {processor.py:171} INFO - Processing /opt/airflow/dags/dag_connection_to_db.py took 0.061 seconds
[2022-04-15 07:42:13,056] {processor.py:163} INFO - Started process (PID=301) to work on /opt/airflow/dags/dag_connection_to_db.py
[2022-04-15 07:42:13,057] {processor.py:642} INFO - Processing file /opt/airflow/dags/dag_connection_to_db.py for tasks to queue
[2022-04-15 07:42:13,057] {logging_mixin.py:109} INFO - [2022-04-15 07:42:13,057] {dagbag.py:500} INFO - Filling up the DagBag from /opt/airflow/dags/dag_connection_to_db.py
[2022-04-15 07:42:13,070] {processor.py:652} INFO - DAG(s) dict_keys(['dag_connection_to_db']) retrieved from /opt/airflow/dags/dag_connection_to_db.py
[2022-04-15 07:42:13,090] {logging_mixin.py:109} INFO - [2022-04-15 07:42:13,090] {dag.py:2398} INFO - Sync 1 DAGs
[2022-04-15 07:42:13,104] {logging_mixin.py:109} INFO - [2022-04-15 07:42:13,104] {dag.py:2937} INFO - Setting next_dagrun for dag_connection_to_db to None
[2022-04-15 07:42:13,114] {processor.py:171} INFO - Processing /opt/airflow/dags/dag_connection_to_db.py took 0.060 seconds
[2022-04-15 07:42:43,252] {processor.py:163} INFO - Started process (PID=322) to work on /opt/airflow/dags/dag_connection_to_db.py
[2022-04-15 07:42:43,262] {processor.py:642} INFO - Processing file /opt/airflow/dags/dag_connection_to_db.py for tasks to queue
[2022-04-15 07:42:43,262] {logging_mixin.py:109} INFO - [2022-04-15 07:42:43,262] {dagbag.py:500} INFO - Filling up the DagBag from /opt/airflow/dags/dag_connection_to_db.py
[2022-04-15 07:42:43,273] {processor.py:652} INFO - DAG(s) dict_keys(['dag_connection_to_db']) retrieved from /opt/airflow/dags/dag_connection_to_db.py
[2022-04-15 07:42:43,291] {logging_mixin.py:109} INFO - [2022-04-15 07:42:43,291] {dag.py:2398} INFO - Sync 1 DAGs
[2022-04-15 07:42:43,306] {logging_mixin.py:109} INFO - [2022-04-15 07:42:43,305] {dag.py:2937} INFO - Setting next_dagrun for dag_connection_to_db to None
[2022-04-15 07:42:43,321] {processor.py:171} INFO - Processing /opt/airflow/dags/dag_connection_to_db.py took 0.072 seconds
[2022-04-15 07:43:13,516] {processor.py:163} INFO - Started process (PID=354) to work on /opt/airflow/dags/dag_connection_to_db.py
[2022-04-15 07:43:13,519] {processor.py:642} INFO - Processing file /opt/airflow/dags/dag_connection_to_db.py for tasks to queue
[2022-04-15 07:43:13,520] {logging_mixin.py:109} INFO - [2022-04-15 07:43:13,520] {dagbag.py:500} INFO - Filling up the DagBag from /opt/airflow/dags/dag_connection_to_db.py
[2022-04-15 07:43:13,556] {processor.py:652} INFO - DAG(s) dict_keys(['dag_connection_to_db']) retrieved from /opt/airflow/dags/dag_connection_to_db.py
[2022-04-15 07:43:13,611] {logging_mixin.py:109} INFO - [2022-04-15 07:43:13,610] {dag.py:2398} INFO - Sync 1 DAGs
[2022-04-15 07:43:13,654] {logging_mixin.py:109} INFO - [2022-04-15 07:43:13,654] {dag.py:2937} INFO - Setting next_dagrun for dag_connection_to_db to None
[2022-04-15 07:43:13,676] {processor.py:171} INFO - Processing /opt/airflow/dags/dag_connection_to_db.py took 0.165 seconds
[2022-04-15 07:43:43,837] {processor.py:163} INFO - Started process (PID=376) to work on /opt/airflow/dags/dag_connection_to_db.py
[2022-04-15 07:43:43,839] {processor.py:642} INFO - Processing file /opt/airflow/dags/dag_connection_to_db.py for tasks to queue
[2022-04-15 07:43:43,840] {logging_mixin.py:109} INFO - [2022-04-15 07:43:43,840] {dagbag.py:500} INFO - Filling up the DagBag from /opt/airflow/dags/dag_connection_to_db.py
[2022-04-15 07:43:43,858] {processor.py:652} INFO - DAG(s) dict_keys(['dag_connection_to_db']) retrieved from /opt/airflow/dags/dag_connection_to_db.py
[2022-04-15 07:43:43,883] {logging_mixin.py:109} INFO - [2022-04-15 07:43:43,883] {dag.py:2398} INFO - Sync 1 DAGs
[2022-04-15 07:43:43,907] {logging_mixin.py:109} INFO - [2022-04-15 07:43:43,906] {dag.py:2937} INFO - Setting next_dagrun for dag_connection_to_db to None
[2022-04-15 07:43:43,924] {processor.py:171} INFO - Processing /opt/airflow/dags/dag_connection_to_db.py took 0.090 seconds
[2022-04-15 07:44:14,104] {processor.py:163} INFO - Started process (PID=408) to work on /opt/airflow/dags/dag_connection_to_db.py
[2022-04-15 07:44:14,105] {processor.py:642} INFO - Processing file /opt/airflow/dags/dag_connection_to_db.py for tasks to queue
[2022-04-15 07:44:14,105] {logging_mixin.py:109} INFO - [2022-04-15 07:44:14,105] {dagbag.py:500} INFO - Filling up the DagBag from /opt/airflow/dags/dag_connection_to_db.py
[2022-04-15 07:44:14,122] {processor.py:652} INFO - DAG(s) dict_keys(['dag_connection_to_db']) retrieved from /opt/airflow/dags/dag_connection_to_db.py
[2022-04-15 07:44:14,147] {logging_mixin.py:109} INFO - [2022-04-15 07:44:14,147] {dag.py:2398} INFO - Sync 1 DAGs
[2022-04-15 07:44:14,164] {logging_mixin.py:109} INFO - [2022-04-15 07:44:14,163] {dag.py:2937} INFO - Setting next_dagrun for dag_connection_to_db to None
[2022-04-15 07:44:14,180] {processor.py:171} INFO - Processing /opt/airflow/dags/dag_connection_to_db.py took 0.079 seconds
[2022-04-15 07:44:44,350] {processor.py:163} INFO - Started process (PID=431) to work on /opt/airflow/dags/dag_connection_to_db.py
[2022-04-15 07:44:44,360] {processor.py:642} INFO - Processing file /opt/airflow/dags/dag_connection_to_db.py for tasks to queue
[2022-04-15 07:44:44,360] {logging_mixin.py:109} INFO - [2022-04-15 07:44:44,360] {dagbag.py:500} INFO - Filling up the DagBag from /opt/airflow/dags/dag_connection_to_db.py
[2022-04-15 07:44:44,372] {processor.py:652} INFO - DAG(s) dict_keys(['dag_connection_to_db']) retrieved from /opt/airflow/dags/dag_connection_to_db.py
[2022-04-15 07:44:44,402] {logging_mixin.py:109} INFO - [2022-04-15 07:44:44,401] {dag.py:2398} INFO - Sync 1 DAGs
[2022-04-15 07:44:44,419] {logging_mixin.py:109} INFO - [2022-04-15 07:44:44,419] {dag.py:2937} INFO - Setting next_dagrun for dag_connection_to_db to None
[2022-04-15 07:44:44,430] {processor.py:171} INFO - Processing /opt/airflow/dags/dag_connection_to_db.py took 0.082 seconds
[2022-04-15 07:45:14,581] {processor.py:163} INFO - Started process (PID=452) to work on /opt/airflow/dags/dag_connection_to_db.py
[2022-04-15 07:45:14,582] {processor.py:642} INFO - Processing file /opt/airflow/dags/dag_connection_to_db.py for tasks to queue
[2022-04-15 07:45:14,583] {logging_mixin.py:109} INFO - [2022-04-15 07:45:14,583] {dagbag.py:500} INFO - Filling up the DagBag from /opt/airflow/dags/dag_connection_to_db.py
[2022-04-15 07:45:14,604] {processor.py:652} INFO - DAG(s) dict_keys(['dag_connection_to_db']) retrieved from /opt/airflow/dags/dag_connection_to_db.py
[2022-04-15 07:45:14,626] {logging_mixin.py:109} INFO - [2022-04-15 07:45:14,626] {dag.py:2398} INFO - Sync 1 DAGs
[2022-04-15 07:45:14,642] {logging_mixin.py:109} INFO - [2022-04-15 07:45:14,642] {dag.py:2937} INFO - Setting next_dagrun for dag_connection_to_db to None
[2022-04-15 07:45:14,653] {processor.py:171} INFO - Processing /opt/airflow/dags/dag_connection_to_db.py took 0.074 seconds
[2022-04-15 07:45:44,802] {processor.py:163} INFO - Started process (PID=483) to work on /opt/airflow/dags/dag_connection_to_db.py
[2022-04-15 07:45:44,812] {processor.py:642} INFO - Processing file /opt/airflow/dags/dag_connection_to_db.py for tasks to queue
[2022-04-15 07:45:44,813] {logging_mixin.py:109} INFO - [2022-04-15 07:45:44,813] {dagbag.py:500} INFO - Filling up the DagBag from /opt/airflow/dags/dag_connection_to_db.py
[2022-04-15 07:45:44,826] {processor.py:652} INFO - DAG(s) dict_keys(['dag_connection_to_db']) retrieved from /opt/airflow/dags/dag_connection_to_db.py
[2022-04-15 07:45:44,847] {logging_mixin.py:109} INFO - [2022-04-15 07:45:44,847] {dag.py:2398} INFO - Sync 1 DAGs
[2022-04-15 07:45:44,871] {logging_mixin.py:109} INFO - [2022-04-15 07:45:44,870] {dag.py:2937} INFO - Setting next_dagrun for dag_connection_to_db to None
[2022-04-15 07:45:44,886] {processor.py:171} INFO - Processing /opt/airflow/dags/dag_connection_to_db.py took 0.086 seconds
[2022-04-15 07:46:15,043] {processor.py:163} INFO - Started process (PID=505) to work on /opt/airflow/dags/dag_connection_to_db.py
[2022-04-15 07:46:15,044] {processor.py:642} INFO - Processing file /opt/airflow/dags/dag_connection_to_db.py for tasks to queue
[2022-04-15 07:46:15,045] {logging_mixin.py:109} INFO - [2022-04-15 07:46:15,044] {dagbag.py:500} INFO - Filling up the DagBag from /opt/airflow/dags/dag_connection_to_db.py
[2022-04-15 07:46:15,057] {processor.py:652} INFO - DAG(s) dict_keys(['dag_connection_to_db']) retrieved from /opt/airflow/dags/dag_connection_to_db.py
[2022-04-15 07:46:15,074] {logging_mixin.py:109} INFO - [2022-04-15 07:46:15,074] {dag.py:2398} INFO - Sync 1 DAGs
[2022-04-15 07:46:15,088] {logging_mixin.py:109} INFO - [2022-04-15 07:46:15,088] {dag.py:2937} INFO - Setting next_dagrun for dag_connection_to_db to None
[2022-04-15 07:46:15,099] {processor.py:171} INFO - Processing /opt/airflow/dags/dag_connection_to_db.py took 0.059 seconds
[2022-04-15 07:46:45,251] {processor.py:163} INFO - Started process (PID=536) to work on /opt/airflow/dags/dag_connection_to_db.py
[2022-04-15 07:46:45,252] {processor.py:642} INFO - Processing file /opt/airflow/dags/dag_connection_to_db.py for tasks to queue
[2022-04-15 07:46:45,253] {logging_mixin.py:109} INFO - [2022-04-15 07:46:45,253] {dagbag.py:500} INFO - Filling up the DagBag from /opt/airflow/dags/dag_connection_to_db.py
[2022-04-15 07:46:45,271] {processor.py:652} INFO - DAG(s) dict_keys(['dag_connection_to_db']) retrieved from /opt/airflow/dags/dag_connection_to_db.py
[2022-04-15 07:46:45,304] {logging_mixin.py:109} INFO - [2022-04-15 07:46:45,304] {dag.py:2398} INFO - Sync 1 DAGs
[2022-04-15 07:46:45,329] {logging_mixin.py:109} INFO - [2022-04-15 07:46:45,329] {dag.py:2937} INFO - Setting next_dagrun for dag_connection_to_db to None
[2022-04-15 07:46:45,351] {processor.py:171} INFO - Processing /opt/airflow/dags/dag_connection_to_db.py took 0.103 seconds
[2022-04-15 07:47:15,517] {processor.py:163} INFO - Started process (PID=559) to work on /opt/airflow/dags/dag_connection_to_db.py
[2022-04-15 07:47:15,527] {processor.py:642} INFO - Processing file /opt/airflow/dags/dag_connection_to_db.py for tasks to queue
[2022-04-15 07:47:15,528] {logging_mixin.py:109} INFO - [2022-04-15 07:47:15,528] {dagbag.py:500} INFO - Filling up the DagBag from /opt/airflow/dags/dag_connection_to_db.py
[2022-04-15 07:47:15,550] {processor.py:652} INFO - DAG(s) dict_keys(['dag_connection_to_db']) retrieved from /opt/airflow/dags/dag_connection_to_db.py
[2022-04-15 07:47:15,580] {logging_mixin.py:109} INFO - [2022-04-15 07:47:15,580] {dag.py:2398} INFO - Sync 1 DAGs
[2022-04-15 07:47:15,604] {logging_mixin.py:109} INFO - [2022-04-15 07:47:15,604] {dag.py:2937} INFO - Setting next_dagrun for dag_connection_to_db to None
[2022-04-15 07:47:15,637] {processor.py:171} INFO - Processing /opt/airflow/dags/dag_connection_to_db.py took 0.127 seconds
[2022-04-15 07:47:45,788] {processor.py:163} INFO - Started process (PID=580) to work on /opt/airflow/dags/dag_connection_to_db.py
[2022-04-15 07:47:45,797] {processor.py:642} INFO - Processing file /opt/airflow/dags/dag_connection_to_db.py for tasks to queue
[2022-04-15 07:47:45,798] {logging_mixin.py:109} INFO - [2022-04-15 07:47:45,798] {dagbag.py:500} INFO - Filling up the DagBag from /opt/airflow/dags/dag_connection_to_db.py
[2022-04-15 07:47:45,811] {processor.py:652} INFO - DAG(s) dict_keys(['dag_connection_to_db']) retrieved from /opt/airflow/dags/dag_connection_to_db.py
[2022-04-15 07:47:45,834] {logging_mixin.py:109} INFO - [2022-04-15 07:47:45,834] {dag.py:2398} INFO - Sync 1 DAGs
[2022-04-15 07:47:45,849] {logging_mixin.py:109} INFO - [2022-04-15 07:47:45,849] {dag.py:2937} INFO - Setting next_dagrun for dag_connection_to_db to None
[2022-04-15 07:47:45,863] {processor.py:171} INFO - Processing /opt/airflow/dags/dag_connection_to_db.py took 0.077 seconds
[2022-04-15 07:48:16,020] {processor.py:163} INFO - Started process (PID=612) to work on /opt/airflow/dags/dag_connection_to_db.py
[2022-04-15 07:48:16,021] {processor.py:642} INFO - Processing file /opt/airflow/dags/dag_connection_to_db.py for tasks to queue
[2022-04-15 07:48:16,022] {logging_mixin.py:109} INFO - [2022-04-15 07:48:16,021] {dagbag.py:500} INFO - Filling up the DagBag from /opt/airflow/dags/dag_connection_to_db.py
[2022-04-15 07:48:16,035] {processor.py:652} INFO - DAG(s) dict_keys(['dag_connection_to_db']) retrieved from /opt/airflow/dags/dag_connection_to_db.py
[2022-04-15 07:48:16,060] {logging_mixin.py:109} INFO - [2022-04-15 07:48:16,060] {dag.py:2398} INFO - Sync 1 DAGs
[2022-04-15 07:48:16,075] {logging_mixin.py:109} INFO - [2022-04-15 07:48:16,075] {dag.py:2937} INFO - Setting next_dagrun for dag_connection_to_db to None
[2022-04-15 07:48:16,087] {processor.py:171} INFO - Processing /opt/airflow/dags/dag_connection_to_db.py took 0.070 seconds
[2022-04-15 07:48:46,243] {processor.py:163} INFO - Started process (PID=635) to work on /opt/airflow/dags/dag_connection_to_db.py
[2022-04-15 07:48:46,247] {processor.py:642} INFO - Processing file /opt/airflow/dags/dag_connection_to_db.py for tasks to queue
[2022-04-15 07:48:46,248] {logging_mixin.py:109} INFO - [2022-04-15 07:48:46,248] {dagbag.py:500} INFO - Filling up the DagBag from /opt/airflow/dags/dag_connection_to_db.py
[2022-04-15 07:48:46,260] {processor.py:652} INFO - DAG(s) dict_keys(['dag_connection_to_db']) retrieved from /opt/airflow/dags/dag_connection_to_db.py
[2022-04-15 07:48:46,280] {logging_mixin.py:109} INFO - [2022-04-15 07:48:46,280] {dag.py:2398} INFO - Sync 1 DAGs
[2022-04-15 07:48:46,295] {logging_mixin.py:109} INFO - [2022-04-15 07:48:46,295] {dag.py:2937} INFO - Setting next_dagrun for dag_connection_to_db to None
[2022-04-15 07:48:46,310] {processor.py:171} INFO - Processing /opt/airflow/dags/dag_connection_to_db.py took 0.069 seconds
[2022-04-15 07:49:16,475] {processor.py:163} INFO - Started process (PID=665) to work on /opt/airflow/dags/dag_connection_to_db.py
[2022-04-15 07:49:16,477] {processor.py:642} INFO - Processing file /opt/airflow/dags/dag_connection_to_db.py for tasks to queue
[2022-04-15 07:49:16,478] {logging_mixin.py:109} INFO - [2022-04-15 07:49:16,477] {dagbag.py:500} INFO - Filling up the DagBag from /opt/airflow/dags/dag_connection_to_db.py
[2022-04-15 07:49:16,499] {processor.py:652} INFO - DAG(s) dict_keys(['dag_connection_to_db']) retrieved from /opt/airflow/dags/dag_connection_to_db.py
[2022-04-15 07:49:16,524] {logging_mixin.py:109} INFO - [2022-04-15 07:49:16,524] {dag.py:2398} INFO - Sync 1 DAGs
[2022-04-15 07:49:16,540] {logging_mixin.py:109} INFO - [2022-04-15 07:49:16,540] {dag.py:2937} INFO - Setting next_dagrun for dag_connection_to_db to None
[2022-04-15 07:49:16,556] {processor.py:171} INFO - Processing /opt/airflow/dags/dag_connection_to_db.py took 0.086 seconds
[2022-04-15 07:49:46,834] {processor.py:163} INFO - Started process (PID=691) to work on /opt/airflow/dags/dag_connection_to_db.py
[2022-04-15 07:49:46,843] {processor.py:642} INFO - Processing file /opt/airflow/dags/dag_connection_to_db.py for tasks to queue
[2022-04-15 07:49:46,843] {logging_mixin.py:109} INFO - [2022-04-15 07:49:46,843] {dagbag.py:500} INFO - Filling up the DagBag from /opt/airflow/dags/dag_connection_to_db.py
[2022-04-15 07:49:46,859] {processor.py:652} INFO - DAG(s) dict_keys(['dag_connection_to_db']) retrieved from /opt/airflow/dags/dag_connection_to_db.py
[2022-04-15 07:49:46,879] {logging_mixin.py:109} INFO - [2022-04-15 07:49:46,879] {dag.py:2398} INFO - Sync 1 DAGs
[2022-04-15 07:49:46,895] {logging_mixin.py:109} INFO - [2022-04-15 07:49:46,895] {dag.py:2937} INFO - Setting next_dagrun for dag_connection_to_db to None
[2022-04-15 07:49:46,908] {processor.py:171} INFO - Processing /opt/airflow/dags/dag_connection_to_db.py took 0.076 seconds
[2022-04-15 07:50:17,062] {processor.py:163} INFO - Started process (PID=714) to work on /opt/airflow/dags/dag_connection_to_db.py
[2022-04-15 07:50:17,063] {processor.py:642} INFO - Processing file /opt/airflow/dags/dag_connection_to_db.py for tasks to queue
[2022-04-15 07:50:17,064] {logging_mixin.py:109} INFO - [2022-04-15 07:50:17,064] {dagbag.py:500} INFO - Filling up the DagBag from /opt/airflow/dags/dag_connection_to_db.py
[2022-04-15 07:50:17,086] {processor.py:652} INFO - DAG(s) dict_keys(['dag_connection_to_db']) retrieved from /opt/airflow/dags/dag_connection_to_db.py
[2022-04-15 07:50:17,111] {logging_mixin.py:109} INFO - [2022-04-15 07:50:17,111] {dag.py:2398} INFO - Sync 1 DAGs
[2022-04-15 07:50:17,131] {logging_mixin.py:109} INFO - [2022-04-15 07:50:17,131] {dag.py:2937} INFO - Setting next_dagrun for dag_connection_to_db to None
[2022-04-15 07:50:17,146] {processor.py:171} INFO - Processing /opt/airflow/dags/dag_connection_to_db.py took 0.086 seconds
[2022-04-15 07:50:47,292] {processor.py:163} INFO - Started process (PID=746) to work on /opt/airflow/dags/dag_connection_to_db.py
[2022-04-15 07:50:47,295] {processor.py:642} INFO - Processing file /opt/airflow/dags/dag_connection_to_db.py for tasks to queue
[2022-04-15 07:50:47,295] {logging_mixin.py:109} INFO - [2022-04-15 07:50:47,295] {dagbag.py:500} INFO - Filling up the DagBag from /opt/airflow/dags/dag_connection_to_db.py
[2022-04-15 07:50:47,312] {processor.py:652} INFO - DAG(s) dict_keys(['dag_connection_to_db']) retrieved from /opt/airflow/dags/dag_connection_to_db.py
[2022-04-15 07:50:47,334] {logging_mixin.py:109} INFO - [2022-04-15 07:50:47,334] {dag.py:2398} INFO - Sync 1 DAGs
[2022-04-15 07:50:47,350] {logging_mixin.py:109} INFO - [2022-04-15 07:50:47,350] {dag.py:2937} INFO - Setting next_dagrun for dag_connection_to_db to None
[2022-04-15 07:50:47,362] {processor.py:171} INFO - Processing /opt/airflow/dags/dag_connection_to_db.py took 0.072 seconds
[2022-04-15 07:51:17,522] {processor.py:163} INFO - Started process (PID=769) to work on /opt/airflow/dags/dag_connection_to_db.py
[2022-04-15 07:51:17,527] {processor.py:642} INFO - Processing file /opt/airflow/dags/dag_connection_to_db.py for tasks to queue
[2022-04-15 07:51:17,528] {logging_mixin.py:109} INFO - [2022-04-15 07:51:17,527] {dagbag.py:500} INFO - Filling up the DagBag from /opt/airflow/dags/dag_connection_to_db.py
[2022-04-15 07:51:17,542] {processor.py:652} INFO - DAG(s) dict_keys(['dag_connection_to_db']) retrieved from /opt/airflow/dags/dag_connection_to_db.py
[2022-04-15 07:51:17,562] {logging_mixin.py:109} INFO - [2022-04-15 07:51:17,562] {dag.py:2398} INFO - Sync 1 DAGs
[2022-04-15 07:51:17,578] {logging_mixin.py:109} INFO - [2022-04-15 07:51:17,578] {dag.py:2937} INFO - Setting next_dagrun for dag_connection_to_db to None
[2022-04-15 07:51:17,589] {processor.py:171} INFO - Processing /opt/airflow/dags/dag_connection_to_db.py took 0.069 seconds
[2022-04-15 07:51:47,750] {processor.py:163} INFO - Started process (PID=803) to work on /opt/airflow/dags/dag_connection_to_db.py
[2022-04-15 07:51:47,751] {processor.py:642} INFO - Processing file /opt/airflow/dags/dag_connection_to_db.py for tasks to queue
[2022-04-15 07:51:47,752] {logging_mixin.py:109} INFO - [2022-04-15 07:51:47,752] {dagbag.py:500} INFO - Filling up the DagBag from /opt/airflow/dags/dag_connection_to_db.py
[2022-04-15 07:51:47,775] {processor.py:652} INFO - DAG(s) dict_keys(['dag_connection_to_db']) retrieved from /opt/airflow/dags/dag_connection_to_db.py
[2022-04-15 07:51:47,813] {logging_mixin.py:109} INFO - [2022-04-15 07:51:47,813] {dag.py:2398} INFO - Sync 1 DAGs
[2022-04-15 07:51:47,844] {logging_mixin.py:109} INFO - [2022-04-15 07:51:47,843] {dag.py:2937} INFO - Setting next_dagrun for dag_connection_to_db to None
[2022-04-15 07:51:47,871] {processor.py:171} INFO - Processing /opt/airflow/dags/dag_connection_to_db.py took 0.126 seconds
[2022-04-15 07:52:18,041] {processor.py:163} INFO - Started process (PID=826) to work on /opt/airflow/dags/dag_connection_to_db.py
[2022-04-15 07:52:18,046] {processor.py:642} INFO - Processing file /opt/airflow/dags/dag_connection_to_db.py for tasks to queue
[2022-04-15 07:52:18,047] {logging_mixin.py:109} INFO - [2022-04-15 07:52:18,047] {dagbag.py:500} INFO - Filling up the DagBag from /opt/airflow/dags/dag_connection_to_db.py
[2022-04-15 07:52:18,060] {processor.py:652} INFO - DAG(s) dict_keys(['dag_connection_to_db']) retrieved from /opt/airflow/dags/dag_connection_to_db.py
[2022-04-15 07:52:18,086] {logging_mixin.py:109} INFO - [2022-04-15 07:52:18,086] {dag.py:2398} INFO - Sync 1 DAGs
[2022-04-15 07:52:18,107] {logging_mixin.py:109} INFO - [2022-04-15 07:52:18,107] {dag.py:2937} INFO - Setting next_dagrun for dag_connection_to_db to None
[2022-04-15 07:52:18,129] {processor.py:171} INFO - Processing /opt/airflow/dags/dag_connection_to_db.py took 0.090 seconds
[2022-04-15 07:52:48,338] {processor.py:163} INFO - Started process (PID=848) to work on /opt/airflow/dags/dag_connection_to_db.py
[2022-04-15 07:52:48,340] {processor.py:642} INFO - Processing file /opt/airflow/dags/dag_connection_to_db.py for tasks to queue
[2022-04-15 07:52:48,341] {logging_mixin.py:109} INFO - [2022-04-15 07:52:48,341] {dagbag.py:500} INFO - Filling up the DagBag from /opt/airflow/dags/dag_connection_to_db.py
[2022-04-15 07:52:48,372] {processor.py:652} INFO - DAG(s) dict_keys(['dag_connection_to_db']) retrieved from /opt/airflow/dags/dag_connection_to_db.py
[2022-04-15 07:52:48,402] {logging_mixin.py:109} INFO - [2022-04-15 07:52:48,402] {dag.py:2398} INFO - Sync 1 DAGs
[2022-04-15 07:52:48,560] {logging_mixin.py:109} INFO - [2022-04-15 07:52:48,560] {dag.py:2937} INFO - Setting next_dagrun for dag_connection_to_db to None
[2022-04-15 07:52:48,579] {processor.py:171} INFO - Processing /opt/airflow/dags/dag_connection_to_db.py took 0.246 seconds
[2022-04-15 07:53:18,732] {processor.py:163} INFO - Started process (PID=885) to work on /opt/airflow/dags/dag_connection_to_db.py
[2022-04-15 07:53:18,737] {processor.py:642} INFO - Processing file /opt/airflow/dags/dag_connection_to_db.py for tasks to queue
[2022-04-15 07:53:18,737] {logging_mixin.py:109} INFO - [2022-04-15 07:53:18,737] {dagbag.py:500} INFO - Filling up the DagBag from /opt/airflow/dags/dag_connection_to_db.py
[2022-04-15 07:53:18,749] {processor.py:652} INFO - DAG(s) dict_keys(['dag_connection_to_db']) retrieved from /opt/airflow/dags/dag_connection_to_db.py
[2022-04-15 07:53:18,775] {logging_mixin.py:109} INFO - [2022-04-15 07:53:18,775] {dag.py:2398} INFO - Sync 1 DAGs
[2022-04-15 07:53:18,889] {logging_mixin.py:109} INFO - [2022-04-15 07:53:18,888] {dag.py:2937} INFO - Setting next_dagrun for dag_connection_to_db to None
[2022-04-15 07:53:18,901] {processor.py:171} INFO - Processing /opt/airflow/dags/dag_connection_to_db.py took 0.171 seconds
[2022-04-15 07:53:49,069] {processor.py:163} INFO - Started process (PID=907) to work on /opt/airflow/dags/dag_connection_to_db.py
[2022-04-15 07:53:49,073] {processor.py:642} INFO - Processing file /opt/airflow/dags/dag_connection_to_db.py for tasks to queue
[2022-04-15 07:53:49,074] {logging_mixin.py:109} INFO - [2022-04-15 07:53:49,074] {dagbag.py:500} INFO - Filling up the DagBag from /opt/airflow/dags/dag_connection_to_db.py
[2022-04-15 07:53:49,088] {processor.py:652} INFO - DAG(s) dict_keys(['dag_connection_to_db']) retrieved from /opt/airflow/dags/dag_connection_to_db.py
[2022-04-15 07:53:49,220] {logging_mixin.py:109} INFO - [2022-04-15 07:53:49,220] {dag.py:2398} INFO - Sync 1 DAGs
[2022-04-15 07:53:49,235] {logging_mixin.py:109} INFO - [2022-04-15 07:53:49,235] {dag.py:2937} INFO - Setting next_dagrun for dag_connection_to_db to None
[2022-04-15 07:53:49,249] {processor.py:171} INFO - Processing /opt/airflow/dags/dag_connection_to_db.py took 0.183 seconds
[2022-04-15 07:54:19,380] {processor.py:163} INFO - Started process (PID=938) to work on /opt/airflow/dags/dag_connection_to_db.py
[2022-04-15 07:54:19,385] {processor.py:642} INFO - Processing file /opt/airflow/dags/dag_connection_to_db.py for tasks to queue
[2022-04-15 07:54:19,385] {logging_mixin.py:109} INFO - [2022-04-15 07:54:19,385] {dagbag.py:500} INFO - Filling up the DagBag from /opt/airflow/dags/dag_connection_to_db.py
[2022-04-15 07:54:19,574] {processor.py:652} INFO - DAG(s) dict_keys(['dag_connection_to_db']) retrieved from /opt/airflow/dags/dag_connection_to_db.py
[2022-04-15 07:54:19,599] {logging_mixin.py:109} INFO - [2022-04-15 07:54:19,599] {dag.py:2398} INFO - Sync 1 DAGs
[2022-04-15 07:54:19,612] {logging_mixin.py:109} INFO - [2022-04-15 07:54:19,611] {dag.py:2937} INFO - Setting next_dagrun for dag_connection_to_db to None
[2022-04-15 07:54:19,622] {processor.py:171} INFO - Processing /opt/airflow/dags/dag_connection_to_db.py took 0.245 seconds
[2022-04-15 07:54:49,796] {processor.py:163} INFO - Started process (PID=960) to work on /opt/airflow/dags/dag_connection_to_db.py
[2022-04-15 07:54:49,798] {processor.py:642} INFO - Processing file /opt/airflow/dags/dag_connection_to_db.py for tasks to queue
[2022-04-15 07:54:49,799] {logging_mixin.py:109} INFO - [2022-04-15 07:54:49,799] {dagbag.py:500} INFO - Filling up the DagBag from /opt/airflow/dags/dag_connection_to_db.py
[2022-04-15 07:54:49,938] {processor.py:652} INFO - DAG(s) dict_keys(['dag_connection_to_db']) retrieved from /opt/airflow/dags/dag_connection_to_db.py
[2022-04-15 07:54:49,957] {logging_mixin.py:109} INFO - [2022-04-15 07:54:49,957] {dag.py:2398} INFO - Sync 1 DAGs
[2022-04-15 07:54:49,972] {logging_mixin.py:109} INFO - [2022-04-15 07:54:49,972] {dag.py:2937} INFO - Setting next_dagrun for dag_connection_to_db to None
[2022-04-15 07:54:49,987] {processor.py:171} INFO - Processing /opt/airflow/dags/dag_connection_to_db.py took 0.194 seconds
[2022-04-15 07:55:20,126] {processor.py:163} INFO - Started process (PID=990) to work on /opt/airflow/dags/dag_connection_to_db.py
[2022-04-15 07:55:20,128] {processor.py:642} INFO - Processing file /opt/airflow/dags/dag_connection_to_db.py for tasks to queue
[2022-04-15 07:55:20,130] {logging_mixin.py:109} INFO - [2022-04-15 07:55:20,130] {dagbag.py:500} INFO - Filling up the DagBag from /opt/airflow/dags/dag_connection_to_db.py
[2022-04-15 07:55:20,337] {processor.py:652} INFO - DAG(s) dict_keys(['dag_connection_to_db']) retrieved from /opt/airflow/dags/dag_connection_to_db.py
[2022-04-15 07:55:20,358] {logging_mixin.py:109} INFO - [2022-04-15 07:55:20,357] {dag.py:2398} INFO - Sync 1 DAGs
[2022-04-15 07:55:20,371] {logging_mixin.py:109} INFO - [2022-04-15 07:55:20,371] {dag.py:2937} INFO - Setting next_dagrun for dag_connection_to_db to None
[2022-04-15 07:55:20,392] {processor.py:171} INFO - Processing /opt/airflow/dags/dag_connection_to_db.py took 0.270 seconds
[2022-04-15 07:55:50,546] {processor.py:163} INFO - Started process (PID=1014) to work on /opt/airflow/dags/dag_connection_to_db.py
[2022-04-15 07:55:50,547] {processor.py:642} INFO - Processing file /opt/airflow/dags/dag_connection_to_db.py for tasks to queue
[2022-04-15 07:55:50,547] {logging_mixin.py:109} INFO - [2022-04-15 07:55:50,547] {dagbag.py:500} INFO - Filling up the DagBag from /opt/airflow/dags/dag_connection_to_db.py
[2022-04-15 07:55:50,704] {processor.py:652} INFO - DAG(s) dict_keys(['dag_connection_to_db']) retrieved from /opt/airflow/dags/dag_connection_to_db.py
[2022-04-15 07:55:50,729] {logging_mixin.py:109} INFO - [2022-04-15 07:55:50,729] {dag.py:2398} INFO - Sync 1 DAGs
[2022-04-15 07:55:50,745] {logging_mixin.py:109} INFO - [2022-04-15 07:55:50,745] {dag.py:2937} INFO - Setting next_dagrun for dag_connection_to_db to None
[2022-04-15 07:55:50,757] {processor.py:171} INFO - Processing /opt/airflow/dags/dag_connection_to_db.py took 0.215 seconds
[2022-04-15 07:56:20,968] {processor.py:163} INFO - Started process (PID=1035) to work on /opt/airflow/dags/dag_connection_to_db.py
[2022-04-15 07:56:20,969] {processor.py:642} INFO - Processing file /opt/airflow/dags/dag_connection_to_db.py for tasks to queue
[2022-04-15 07:56:20,970] {logging_mixin.py:109} INFO - [2022-04-15 07:56:20,970] {dagbag.py:500} INFO - Filling up the DagBag from /opt/airflow/dags/dag_connection_to_db.py
[2022-04-15 07:56:20,983] {processor.py:652} INFO - DAG(s) dict_keys(['dag_connection_to_db']) retrieved from /opt/airflow/dags/dag_connection_to_db.py
[2022-04-15 07:56:21,009] {logging_mixin.py:109} INFO - [2022-04-15 07:56:21,008] {dag.py:2398} INFO - Sync 1 DAGs
[2022-04-15 07:56:21,026] {logging_mixin.py:109} INFO - [2022-04-15 07:56:21,026] {dag.py:2937} INFO - Setting next_dagrun for dag_connection_to_db to None
[2022-04-15 07:56:21,040] {processor.py:171} INFO - Processing /opt/airflow/dags/dag_connection_to_db.py took 0.074 seconds
[2022-04-15 07:56:51,206] {processor.py:163} INFO - Started process (PID=1066) to work on /opt/airflow/dags/dag_connection_to_db.py
[2022-04-15 07:56:51,207] {processor.py:642} INFO - Processing file /opt/airflow/dags/dag_connection_to_db.py for tasks to queue
[2022-04-15 07:56:51,208] {logging_mixin.py:109} INFO - [2022-04-15 07:56:51,208] {dagbag.py:500} INFO - Filling up the DagBag from /opt/airflow/dags/dag_connection_to_db.py
[2022-04-15 07:56:51,222] {processor.py:652} INFO - DAG(s) dict_keys(['dag_connection_to_db']) retrieved from /opt/airflow/dags/dag_connection_to_db.py
[2022-04-15 07:56:51,246] {logging_mixin.py:109} INFO - [2022-04-15 07:56:51,246] {dag.py:2398} INFO - Sync 1 DAGs
[2022-04-15 07:56:51,261] {logging_mixin.py:109} INFO - [2022-04-15 07:56:51,261] {dag.py:2937} INFO - Setting next_dagrun for dag_connection_to_db to None
[2022-04-15 07:56:51,273] {processor.py:171} INFO - Processing /opt/airflow/dags/dag_connection_to_db.py took 0.070 seconds
[2022-04-15 07:57:21,412] {processor.py:163} INFO - Started process (PID=1087) to work on /opt/airflow/dags/dag_connection_to_db.py
[2022-04-15 07:57:21,421] {processor.py:642} INFO - Processing file /opt/airflow/dags/dag_connection_to_db.py for tasks to queue
[2022-04-15 07:57:21,422] {logging_mixin.py:109} INFO - [2022-04-15 07:57:21,422] {dagbag.py:500} INFO - Filling up the DagBag from /opt/airflow/dags/dag_connection_to_db.py
[2022-04-15 07:57:21,434] {processor.py:652} INFO - DAG(s) dict_keys(['dag_connection_to_db']) retrieved from /opt/airflow/dags/dag_connection_to_db.py
[2022-04-15 07:57:21,459] {logging_mixin.py:109} INFO - [2022-04-15 07:57:21,459] {dag.py:2398} INFO - Sync 1 DAGs
[2022-04-15 07:57:21,474] {logging_mixin.py:109} INFO - [2022-04-15 07:57:21,474] {dag.py:2937} INFO - Setting next_dagrun for dag_connection_to_db to None
[2022-04-15 07:57:21,484] {processor.py:171} INFO - Processing /opt/airflow/dags/dag_connection_to_db.py took 0.075 seconds
[2022-04-15 07:57:51,632] {processor.py:163} INFO - Started process (PID=1119) to work on /opt/airflow/dags/dag_connection_to_db.py
[2022-04-15 07:57:51,632] {processor.py:642} INFO - Processing file /opt/airflow/dags/dag_connection_to_db.py for tasks to queue
[2022-04-15 07:57:51,633] {logging_mixin.py:109} INFO - [2022-04-15 07:57:51,633] {dagbag.py:500} INFO - Filling up the DagBag from /opt/airflow/dags/dag_connection_to_db.py
[2022-04-15 07:57:51,647] {processor.py:652} INFO - DAG(s) dict_keys(['dag_connection_to_db']) retrieved from /opt/airflow/dags/dag_connection_to_db.py
[2022-04-15 07:57:51,668] {logging_mixin.py:109} INFO - [2022-04-15 07:57:51,668] {dag.py:2398} INFO - Sync 1 DAGs
[2022-04-15 07:57:51,683] {logging_mixin.py:109} INFO - [2022-04-15 07:57:51,683] {dag.py:2937} INFO - Setting next_dagrun for dag_connection_to_db to None
[2022-04-15 07:57:51,696] {processor.py:171} INFO - Processing /opt/airflow/dags/dag_connection_to_db.py took 0.066 seconds
[2022-04-15 07:58:21,850] {processor.py:163} INFO - Started process (PID=1141) to work on /opt/airflow/dags/dag_connection_to_db.py
[2022-04-15 07:58:21,859] {processor.py:642} INFO - Processing file /opt/airflow/dags/dag_connection_to_db.py for tasks to queue
[2022-04-15 07:58:21,859] {logging_mixin.py:109} INFO - [2022-04-15 07:58:21,859] {dagbag.py:500} INFO - Filling up the DagBag from /opt/airflow/dags/dag_connection_to_db.py
[2022-04-15 07:58:21,873] {processor.py:652} INFO - DAG(s) dict_keys(['dag_connection_to_db']) retrieved from /opt/airflow/dags/dag_connection_to_db.py
[2022-04-15 07:58:21,893] {logging_mixin.py:109} INFO - [2022-04-15 07:58:21,892] {dag.py:2398} INFO - Sync 1 DAGs
[2022-04-15 07:58:21,909] {logging_mixin.py:109} INFO - [2022-04-15 07:58:21,908] {dag.py:2937} INFO - Setting next_dagrun for dag_connection_to_db to None
[2022-04-15 07:58:21,919] {processor.py:171} INFO - Processing /opt/airflow/dags/dag_connection_to_db.py took 0.071 seconds
[2022-04-15 07:58:52,055] {processor.py:163} INFO - Started process (PID=1173) to work on /opt/airflow/dags/dag_connection_to_db.py
[2022-04-15 07:58:52,056] {processor.py:642} INFO - Processing file /opt/airflow/dags/dag_connection_to_db.py for tasks to queue
[2022-04-15 07:58:52,057] {logging_mixin.py:109} INFO - [2022-04-15 07:58:52,057] {dagbag.py:500} INFO - Filling up the DagBag from /opt/airflow/dags/dag_connection_to_db.py
[2022-04-15 07:58:52,069] {processor.py:652} INFO - DAG(s) dict_keys(['dag_connection_to_db']) retrieved from /opt/airflow/dags/dag_connection_to_db.py
[2022-04-15 07:58:52,089] {logging_mixin.py:109} INFO - [2022-04-15 07:58:52,089] {dag.py:2398} INFO - Sync 1 DAGs
[2022-04-15 07:58:52,104] {logging_mixin.py:109} INFO - [2022-04-15 07:58:52,104] {dag.py:2937} INFO - Setting next_dagrun for dag_connection_to_db to None
[2022-04-15 07:58:52,116] {processor.py:171} INFO - Processing /opt/airflow/dags/dag_connection_to_db.py took 0.064 seconds
[2022-04-15 07:59:22,263] {processor.py:163} INFO - Started process (PID=1195) to work on /opt/airflow/dags/dag_connection_to_db.py
[2022-04-15 07:59:22,272] {processor.py:642} INFO - Processing file /opt/airflow/dags/dag_connection_to_db.py for tasks to queue
[2022-04-15 07:59:22,273] {logging_mixin.py:109} INFO - [2022-04-15 07:59:22,273] {dagbag.py:500} INFO - Filling up the DagBag from /opt/airflow/dags/dag_connection_to_db.py
[2022-04-15 07:59:22,284] {processor.py:652} INFO - DAG(s) dict_keys(['dag_connection_to_db']) retrieved from /opt/airflow/dags/dag_connection_to_db.py
[2022-04-15 07:59:22,304] {logging_mixin.py:109} INFO - [2022-04-15 07:59:22,304] {dag.py:2398} INFO - Sync 1 DAGs
[2022-04-15 07:59:22,318] {logging_mixin.py:109} INFO - [2022-04-15 07:59:22,317] {dag.py:2937} INFO - Setting next_dagrun for dag_connection_to_db to None
[2022-04-15 07:59:22,330] {processor.py:171} INFO - Processing /opt/airflow/dags/dag_connection_to_db.py took 0.071 seconds
[2022-04-15 07:59:52,482] {processor.py:163} INFO - Started process (PID=1225) to work on /opt/airflow/dags/dag_connection_to_db.py
[2022-04-15 07:59:52,483] {processor.py:642} INFO - Processing file /opt/airflow/dags/dag_connection_to_db.py for tasks to queue
[2022-04-15 07:59:52,484] {logging_mixin.py:109} INFO - [2022-04-15 07:59:52,484] {dagbag.py:500} INFO - Filling up the DagBag from /opt/airflow/dags/dag_connection_to_db.py
[2022-04-15 07:59:52,505] {processor.py:652} INFO - DAG(s) dict_keys(['dag_connection_to_db']) retrieved from /opt/airflow/dags/dag_connection_to_db.py
[2022-04-15 07:59:52,531] {logging_mixin.py:109} INFO - [2022-04-15 07:59:52,531] {dag.py:2398} INFO - Sync 1 DAGs
[2022-04-15 07:59:52,558] {logging_mixin.py:109} INFO - [2022-04-15 07:59:52,558] {dag.py:2937} INFO - Setting next_dagrun for dag_connection_to_db to None
[2022-04-15 07:59:52,576] {processor.py:171} INFO - Processing /opt/airflow/dags/dag_connection_to_db.py took 0.098 seconds
[2022-04-15 08:00:22,726] {processor.py:163} INFO - Started process (PID=1246) to work on /opt/airflow/dags/dag_connection_to_db.py
[2022-04-15 08:00:22,736] {processor.py:642} INFO - Processing file /opt/airflow/dags/dag_connection_to_db.py for tasks to queue
[2022-04-15 08:00:22,737] {logging_mixin.py:109} INFO - [2022-04-15 08:00:22,737] {dagbag.py:500} INFO - Filling up the DagBag from /opt/airflow/dags/dag_connection_to_db.py
[2022-04-15 08:00:22,750] {processor.py:652} INFO - DAG(s) dict_keys(['dag_connection_to_db']) retrieved from /opt/airflow/dags/dag_connection_to_db.py
[2022-04-15 08:00:22,774] {logging_mixin.py:109} INFO - [2022-04-15 08:00:22,774] {dag.py:2398} INFO - Sync 1 DAGs
[2022-04-15 08:00:22,789] {logging_mixin.py:109} INFO - [2022-04-15 08:00:22,789] {dag.py:2937} INFO - Setting next_dagrun for dag_connection_to_db to None
[2022-04-15 08:00:22,800] {processor.py:171} INFO - Processing /opt/airflow/dags/dag_connection_to_db.py took 0.076 seconds
[2022-04-15 08:00:52,941] {processor.py:163} INFO - Started process (PID=1279) to work on /opt/airflow/dags/dag_connection_to_db.py
[2022-04-15 08:00:52,942] {processor.py:642} INFO - Processing file /opt/airflow/dags/dag_connection_to_db.py for tasks to queue
[2022-04-15 08:00:52,943] {logging_mixin.py:109} INFO - [2022-04-15 08:00:52,943] {dagbag.py:500} INFO - Filling up the DagBag from /opt/airflow/dags/dag_connection_to_db.py
[2022-04-15 08:00:52,956] {processor.py:652} INFO - DAG(s) dict_keys(['dag_connection_to_db']) retrieved from /opt/airflow/dags/dag_connection_to_db.py
[2022-04-15 08:00:52,980] {logging_mixin.py:109} INFO - [2022-04-15 08:00:52,980] {dag.py:2398} INFO - Sync 1 DAGs
[2022-04-15 08:00:53,000] {logging_mixin.py:109} INFO - [2022-04-15 08:00:53,000] {dag.py:2937} INFO - Setting next_dagrun for dag_connection_to_db to None
[2022-04-15 08:00:53,012] {processor.py:171} INFO - Processing /opt/airflow/dags/dag_connection_to_db.py took 0.074 seconds
[2022-04-15 08:01:23,172] {processor.py:163} INFO - Started process (PID=1300) to work on /opt/airflow/dags/dag_connection_to_db.py
[2022-04-15 08:01:23,177] {processor.py:642} INFO - Processing file /opt/airflow/dags/dag_connection_to_db.py for tasks to queue
[2022-04-15 08:01:23,177] {logging_mixin.py:109} INFO - [2022-04-15 08:01:23,177] {dagbag.py:500} INFO - Filling up the DagBag from /opt/airflow/dags/dag_connection_to_db.py
[2022-04-15 08:01:23,191] {processor.py:652} INFO - DAG(s) dict_keys(['dag_connection_to_db']) retrieved from /opt/airflow/dags/dag_connection_to_db.py
[2022-04-15 08:01:23,211] {logging_mixin.py:109} INFO - [2022-04-15 08:01:23,211] {dag.py:2398} INFO - Sync 1 DAGs
[2022-04-15 08:01:23,227] {logging_mixin.py:109} INFO - [2022-04-15 08:01:23,227] {dag.py:2937} INFO - Setting next_dagrun for dag_connection_to_db to None
[2022-04-15 08:01:23,239] {processor.py:171} INFO - Processing /opt/airflow/dags/dag_connection_to_db.py took 0.070 seconds
[2022-04-15 08:01:53,464] {processor.py:163} INFO - Started process (PID=1332) to work on /opt/airflow/dags/dag_connection_to_db.py
[2022-04-15 08:01:53,466] {processor.py:642} INFO - Processing file /opt/airflow/dags/dag_connection_to_db.py for tasks to queue
[2022-04-15 08:01:53,467] {logging_mixin.py:109} INFO - [2022-04-15 08:01:53,466] {dagbag.py:500} INFO - Filling up the DagBag from /opt/airflow/dags/dag_connection_to_db.py
[2022-04-15 08:01:53,483] {processor.py:652} INFO - DAG(s) dict_keys(['dag_connection_to_db']) retrieved from /opt/airflow/dags/dag_connection_to_db.py
[2022-04-15 08:01:53,509] {logging_mixin.py:109} INFO - [2022-04-15 08:01:53,509] {dag.py:2398} INFO - Sync 1 DAGs
[2022-04-15 08:01:53,527] {logging_mixin.py:109} INFO - [2022-04-15 08:01:53,527] {dag.py:2937} INFO - Setting next_dagrun for dag_connection_to_db to None
[2022-04-15 08:01:53,543] {processor.py:171} INFO - Processing /opt/airflow/dags/dag_connection_to_db.py took 0.083 seconds
[2022-04-15 08:02:23,707] {processor.py:163} INFO - Started process (PID=1353) to work on /opt/airflow/dags/dag_connection_to_db.py
[2022-04-15 08:02:23,717] {processor.py:642} INFO - Processing file /opt/airflow/dags/dag_connection_to_db.py for tasks to queue
[2022-04-15 08:02:23,717] {logging_mixin.py:109} INFO - [2022-04-15 08:02:23,717] {dagbag.py:500} INFO - Filling up the DagBag from /opt/airflow/dags/dag_connection_to_db.py
[2022-04-15 08:02:23,733] {processor.py:652} INFO - DAG(s) dict_keys(['dag_connection_to_db']) retrieved from /opt/airflow/dags/dag_connection_to_db.py
[2022-04-15 08:02:23,754] {logging_mixin.py:109} INFO - [2022-04-15 08:02:23,754] {dag.py:2398} INFO - Sync 1 DAGs
[2022-04-15 08:02:23,775] {logging_mixin.py:109} INFO - [2022-04-15 08:02:23,774] {dag.py:2937} INFO - Setting next_dagrun for dag_connection_to_db to None
[2022-04-15 08:02:23,792] {processor.py:171} INFO - Processing /opt/airflow/dags/dag_connection_to_db.py took 0.088 seconds
[2022-04-15 08:02:53,932] {processor.py:163} INFO - Started process (PID=1374) to work on /opt/airflow/dags/dag_connection_to_db.py
[2022-04-15 08:02:53,933] {processor.py:642} INFO - Processing file /opt/airflow/dags/dag_connection_to_db.py for tasks to queue
[2022-04-15 08:02:53,934] {logging_mixin.py:109} INFO - [2022-04-15 08:02:53,934] {dagbag.py:500} INFO - Filling up the DagBag from /opt/airflow/dags/dag_connection_to_db.py
[2022-04-15 08:02:53,947] {processor.py:652} INFO - DAG(s) dict_keys(['dag_connection_to_db']) retrieved from /opt/airflow/dags/dag_connection_to_db.py
[2022-04-15 08:02:53,966] {logging_mixin.py:109} INFO - [2022-04-15 08:02:53,966] {dag.py:2398} INFO - Sync 1 DAGs
[2022-04-15 08:02:53,982] {logging_mixin.py:109} INFO - [2022-04-15 08:02:53,982] {dag.py:2937} INFO - Setting next_dagrun for dag_connection_to_db to None
[2022-04-15 08:02:53,995] {processor.py:171} INFO - Processing /opt/airflow/dags/dag_connection_to_db.py took 0.065 seconds
[2022-04-15 08:03:24,134] {processor.py:163} INFO - Started process (PID=1405) to work on /opt/airflow/dags/dag_connection_to_db.py
[2022-04-15 08:03:24,136] {processor.py:642} INFO - Processing file /opt/airflow/dags/dag_connection_to_db.py for tasks to queue
[2022-04-15 08:03:24,137] {logging_mixin.py:109} INFO - [2022-04-15 08:03:24,137] {dagbag.py:500} INFO - Filling up the DagBag from /opt/airflow/dags/dag_connection_to_db.py
[2022-04-15 08:03:24,151] {processor.py:652} INFO - DAG(s) dict_keys(['dag_connection_to_db']) retrieved from /opt/airflow/dags/dag_connection_to_db.py
[2022-04-15 08:03:24,175] {logging_mixin.py:109} INFO - [2022-04-15 08:03:24,175] {dag.py:2398} INFO - Sync 1 DAGs
[2022-04-15 08:03:24,192] {logging_mixin.py:109} INFO - [2022-04-15 08:03:24,192] {dag.py:2937} INFO - Setting next_dagrun for dag_connection_to_db to None
[2022-04-15 08:03:24,212] {processor.py:171} INFO - Processing /opt/airflow/dags/dag_connection_to_db.py took 0.080 seconds
[2022-04-15 08:03:54,347] {processor.py:163} INFO - Started process (PID=1426) to work on /opt/airflow/dags/dag_connection_to_db.py
[2022-04-15 08:03:54,348] {processor.py:642} INFO - Processing file /opt/airflow/dags/dag_connection_to_db.py for tasks to queue
[2022-04-15 08:03:54,349] {logging_mixin.py:109} INFO - [2022-04-15 08:03:54,349] {dagbag.py:500} INFO - Filling up the DagBag from /opt/airflow/dags/dag_connection_to_db.py
[2022-04-15 08:03:54,365] {processor.py:652} INFO - DAG(s) dict_keys(['dag_connection_to_db']) retrieved from /opt/airflow/dags/dag_connection_to_db.py
[2022-04-15 08:03:54,388] {logging_mixin.py:109} INFO - [2022-04-15 08:03:54,388] {dag.py:2398} INFO - Sync 1 DAGs
[2022-04-15 08:03:54,404] {logging_mixin.py:109} INFO - [2022-04-15 08:03:54,403] {dag.py:2937} INFO - Setting next_dagrun for dag_connection_to_db to None
[2022-04-15 08:03:54,421] {processor.py:171} INFO - Processing /opt/airflow/dags/dag_connection_to_db.py took 0.076 seconds
[2022-04-15 08:04:24,618] {processor.py:163} INFO - Started process (PID=1458) to work on /opt/airflow/dags/dag_connection_to_db.py
[2022-04-15 08:04:24,623] {processor.py:642} INFO - Processing file /opt/airflow/dags/dag_connection_to_db.py for tasks to queue
[2022-04-15 08:04:24,623] {logging_mixin.py:109} INFO - [2022-04-15 08:04:24,623] {dagbag.py:500} INFO - Filling up the DagBag from /opt/airflow/dags/dag_connection_to_db.py
[2022-04-15 08:04:24,637] {processor.py:652} INFO - DAG(s) dict_keys(['dag_connection_to_db']) retrieved from /opt/airflow/dags/dag_connection_to_db.py
[2022-04-15 08:04:24,664] {logging_mixin.py:109} INFO - [2022-04-15 08:04:24,664] {dag.py:2398} INFO - Sync 1 DAGs
[2022-04-15 08:04:24,685] {logging_mixin.py:109} INFO - [2022-04-15 08:04:24,684] {dag.py:2937} INFO - Setting next_dagrun for dag_connection_to_db to None
[2022-04-15 08:04:24,701] {processor.py:171} INFO - Processing /opt/airflow/dags/dag_connection_to_db.py took 0.087 seconds
[2022-04-15 08:04:54,864] {processor.py:163} INFO - Started process (PID=1480) to work on /opt/airflow/dags/dag_connection_to_db.py
[2022-04-15 08:04:54,864] {processor.py:642} INFO - Processing file /opt/airflow/dags/dag_connection_to_db.py for tasks to queue
[2022-04-15 08:04:54,865] {logging_mixin.py:109} INFO - [2022-04-15 08:04:54,865] {dagbag.py:500} INFO - Filling up the DagBag from /opt/airflow/dags/dag_connection_to_db.py
[2022-04-15 08:04:54,880] {processor.py:652} INFO - DAG(s) dict_keys(['dag_connection_to_db']) retrieved from /opt/airflow/dags/dag_connection_to_db.py
[2022-04-15 08:04:54,903] {logging_mixin.py:109} INFO - [2022-04-15 08:04:54,903] {dag.py:2398} INFO - Sync 1 DAGs
[2022-04-15 08:04:54,921] {logging_mixin.py:109} INFO - [2022-04-15 08:04:54,921] {dag.py:2937} INFO - Setting next_dagrun for dag_connection_to_db to None
[2022-04-15 08:04:54,932] {processor.py:171} INFO - Processing /opt/airflow/dags/dag_connection_to_db.py took 0.071 seconds
[2022-04-15 08:05:25,072] {processor.py:163} INFO - Started process (PID=1510) to work on /opt/airflow/dags/dag_connection_to_db.py
[2022-04-15 08:05:25,089] {processor.py:642} INFO - Processing file /opt/airflow/dags/dag_connection_to_db.py for tasks to queue
[2022-04-15 08:05:25,090] {logging_mixin.py:109} INFO - [2022-04-15 08:05:25,090] {dagbag.py:500} INFO - Filling up the DagBag from /opt/airflow/dags/dag_connection_to_db.py
[2022-04-15 08:05:25,119] {processor.py:652} INFO - DAG(s) dict_keys(['dag_connection_to_db']) retrieved from /opt/airflow/dags/dag_connection_to_db.py
[2022-04-15 08:05:25,145] {logging_mixin.py:109} INFO - [2022-04-15 08:05:25,144] {dag.py:2398} INFO - Sync 1 DAGs
[2022-04-15 08:05:25,176] {logging_mixin.py:109} INFO - [2022-04-15 08:05:25,174] {dag.py:2937} INFO - Setting next_dagrun for dag_connection_to_db to None
[2022-04-15 08:05:25,194] {processor.py:171} INFO - Processing /opt/airflow/dags/dag_connection_to_db.py took 0.125 seconds
[2022-04-15 08:05:55,363] {processor.py:163} INFO - Started process (PID=1532) to work on /opt/airflow/dags/dag_connection_to_db.py
[2022-04-15 08:05:55,364] {processor.py:642} INFO - Processing file /opt/airflow/dags/dag_connection_to_db.py for tasks to queue
[2022-04-15 08:05:55,364] {logging_mixin.py:109} INFO - [2022-04-15 08:05:55,364] {dagbag.py:500} INFO - Filling up the DagBag from /opt/airflow/dags/dag_connection_to_db.py
[2022-04-15 08:05:55,378] {processor.py:652} INFO - DAG(s) dict_keys(['dag_connection_to_db']) retrieved from /opt/airflow/dags/dag_connection_to_db.py
[2022-04-15 08:05:55,398] {logging_mixin.py:109} INFO - [2022-04-15 08:05:55,398] {dag.py:2398} INFO - Sync 1 DAGs
[2022-04-15 08:05:55,416] {logging_mixin.py:109} INFO - [2022-04-15 08:05:55,416] {dag.py:2937} INFO - Setting next_dagrun for dag_connection_to_db to None
[2022-04-15 08:05:55,431] {processor.py:171} INFO - Processing /opt/airflow/dags/dag_connection_to_db.py took 0.071 seconds
[2022-04-15 08:06:25,577] {processor.py:163} INFO - Started process (PID=1553) to work on /opt/airflow/dags/dag_connection_to_db.py
[2022-04-15 08:06:25,578] {processor.py:642} INFO - Processing file /opt/airflow/dags/dag_connection_to_db.py for tasks to queue
[2022-04-15 08:06:25,579] {logging_mixin.py:109} INFO - [2022-04-15 08:06:25,579] {dagbag.py:500} INFO - Filling up the DagBag from /opt/airflow/dags/dag_connection_to_db.py
[2022-04-15 08:06:25,593] {processor.py:652} INFO - DAG(s) dict_keys(['dag_connection_to_db']) retrieved from /opt/airflow/dags/dag_connection_to_db.py
[2022-04-15 08:06:25,613] {logging_mixin.py:109} INFO - [2022-04-15 08:06:25,612] {dag.py:2398} INFO - Sync 1 DAGs
[2022-04-15 08:06:25,628] {logging_mixin.py:109} INFO - [2022-04-15 08:06:25,628] {dag.py:2937} INFO - Setting next_dagrun for dag_connection_to_db to None
[2022-04-15 08:06:25,642] {processor.py:171} INFO - Processing /opt/airflow/dags/dag_connection_to_db.py took 0.067 seconds
[2022-04-15 08:06:55,779] {processor.py:163} INFO - Started process (PID=1585) to work on /opt/airflow/dags/dag_connection_to_db.py
[2022-04-15 08:06:55,780] {processor.py:642} INFO - Processing file /opt/airflow/dags/dag_connection_to_db.py for tasks to queue
[2022-04-15 08:06:55,781] {logging_mixin.py:109} INFO - [2022-04-15 08:06:55,781] {dagbag.py:500} INFO - Filling up the DagBag from /opt/airflow/dags/dag_connection_to_db.py
[2022-04-15 08:06:55,795] {processor.py:652} INFO - DAG(s) dict_keys(['dag_connection_to_db']) retrieved from /opt/airflow/dags/dag_connection_to_db.py
[2022-04-15 08:06:55,821] {logging_mixin.py:109} INFO - [2022-04-15 08:06:55,821] {dag.py:2398} INFO - Sync 1 DAGs
[2022-04-15 08:06:55,840] {logging_mixin.py:109} INFO - [2022-04-15 08:06:55,840] {dag.py:2937} INFO - Setting next_dagrun for dag_connection_to_db to None
[2022-04-15 08:06:55,852] {processor.py:171} INFO - Processing /opt/airflow/dags/dag_connection_to_db.py took 0.075 seconds
[2022-04-15 08:07:26,022] {processor.py:163} INFO - Started process (PID=1607) to work on /opt/airflow/dags/dag_connection_to_db.py
[2022-04-15 08:07:26,031] {processor.py:642} INFO - Processing file /opt/airflow/dags/dag_connection_to_db.py for tasks to queue
[2022-04-15 08:07:26,032] {logging_mixin.py:109} INFO - [2022-04-15 08:07:26,032] {dagbag.py:500} INFO - Filling up the DagBag from /opt/airflow/dags/dag_connection_to_db.py
[2022-04-15 08:07:26,046] {processor.py:652} INFO - DAG(s) dict_keys(['dag_connection_to_db']) retrieved from /opt/airflow/dags/dag_connection_to_db.py
[2022-04-15 08:07:26,067] {logging_mixin.py:109} INFO - [2022-04-15 08:07:26,066] {dag.py:2398} INFO - Sync 1 DAGs
[2022-04-15 08:07:26,083] {logging_mixin.py:109} INFO - [2022-04-15 08:07:26,083] {dag.py:2937} INFO - Setting next_dagrun for dag_connection_to_db to None
[2022-04-15 08:07:26,093] {processor.py:171} INFO - Processing /opt/airflow/dags/dag_connection_to_db.py took 0.073 seconds
[2022-04-15 08:07:56,250] {processor.py:163} INFO - Started process (PID=1638) to work on /opt/airflow/dags/dag_connection_to_db.py
[2022-04-15 08:07:56,251] {processor.py:642} INFO - Processing file /opt/airflow/dags/dag_connection_to_db.py for tasks to queue
[2022-04-15 08:07:56,251] {logging_mixin.py:109} INFO - [2022-04-15 08:07:56,251] {dagbag.py:500} INFO - Filling up the DagBag from /opt/airflow/dags/dag_connection_to_db.py
[2022-04-15 08:07:56,267] {processor.py:652} INFO - DAG(s) dict_keys(['dag_connection_to_db']) retrieved from /opt/airflow/dags/dag_connection_to_db.py
[2022-04-15 08:07:56,295] {logging_mixin.py:109} INFO - [2022-04-15 08:07:56,295] {dag.py:2398} INFO - Sync 1 DAGs
[2022-04-15 08:07:56,315] {logging_mixin.py:109} INFO - [2022-04-15 08:07:56,315] {dag.py:2937} INFO - Setting next_dagrun for dag_connection_to_db to None
[2022-04-15 08:07:56,326] {processor.py:171} INFO - Processing /opt/airflow/dags/dag_connection_to_db.py took 0.080 seconds
[2022-04-15 08:08:26,482] {processor.py:163} INFO - Started process (PID=1659) to work on /opt/airflow/dags/dag_connection_to_db.py
[2022-04-15 08:08:26,492] {processor.py:642} INFO - Processing file /opt/airflow/dags/dag_connection_to_db.py for tasks to queue
[2022-04-15 08:08:26,492] {logging_mixin.py:109} INFO - [2022-04-15 08:08:26,492] {dagbag.py:500} INFO - Filling up the DagBag from /opt/airflow/dags/dag_connection_to_db.py
[2022-04-15 08:08:26,508] {processor.py:652} INFO - DAG(s) dict_keys(['dag_connection_to_db']) retrieved from /opt/airflow/dags/dag_connection_to_db.py
[2022-04-15 08:08:26,525] {logging_mixin.py:109} INFO - [2022-04-15 08:08:26,525] {dag.py:2398} INFO - Sync 1 DAGs
[2022-04-15 08:08:26,541] {logging_mixin.py:109} INFO - [2022-04-15 08:08:26,541] {dag.py:2937} INFO - Setting next_dagrun for dag_connection_to_db to None
[2022-04-15 08:08:26,553] {processor.py:171} INFO - Processing /opt/airflow/dags/dag_connection_to_db.py took 0.074 seconds
[2022-04-15 08:08:56,709] {processor.py:163} INFO - Started process (PID=1690) to work on /opt/airflow/dags/dag_connection_to_db.py
[2022-04-15 08:08:56,710] {processor.py:642} INFO - Processing file /opt/airflow/dags/dag_connection_to_db.py for tasks to queue
[2022-04-15 08:08:56,711] {logging_mixin.py:109} INFO - [2022-04-15 08:08:56,711] {dagbag.py:500} INFO - Filling up the DagBag from /opt/airflow/dags/dag_connection_to_db.py
[2022-04-15 08:08:56,727] {processor.py:652} INFO - DAG(s) dict_keys(['dag_connection_to_db']) retrieved from /opt/airflow/dags/dag_connection_to_db.py
[2022-04-15 08:08:56,753] {logging_mixin.py:109} INFO - [2022-04-15 08:08:56,753] {dag.py:2398} INFO - Sync 1 DAGs
[2022-04-15 08:08:56,774] {logging_mixin.py:109} INFO - [2022-04-15 08:08:56,774] {dag.py:2937} INFO - Setting next_dagrun for dag_connection_to_db to None
[2022-04-15 08:08:56,787] {processor.py:171} INFO - Processing /opt/airflow/dags/dag_connection_to_db.py took 0.081 seconds
[2022-04-15 08:09:26,953] {processor.py:163} INFO - Started process (PID=1711) to work on /opt/airflow/dags/dag_connection_to_db.py
[2022-04-15 08:09:26,957] {processor.py:642} INFO - Processing file /opt/airflow/dags/dag_connection_to_db.py for tasks to queue
[2022-04-15 08:09:26,958] {logging_mixin.py:109} INFO - [2022-04-15 08:09:26,958] {dagbag.py:500} INFO - Filling up the DagBag from /opt/airflow/dags/dag_connection_to_db.py
[2022-04-15 08:09:26,970] {processor.py:652} INFO - DAG(s) dict_keys(['dag_connection_to_db']) retrieved from /opt/airflow/dags/dag_connection_to_db.py
[2022-04-15 08:09:26,989] {logging_mixin.py:109} INFO - [2022-04-15 08:09:26,989] {dag.py:2398} INFO - Sync 1 DAGs
[2022-04-15 08:09:27,003] {logging_mixin.py:109} INFO - [2022-04-15 08:09:27,003] {dag.py:2937} INFO - Setting next_dagrun for dag_connection_to_db to None
[2022-04-15 08:09:27,015] {processor.py:171} INFO - Processing /opt/airflow/dags/dag_connection_to_db.py took 0.066 seconds
[2022-04-15 08:09:57,158] {processor.py:163} INFO - Started process (PID=1733) to work on /opt/airflow/dags/dag_connection_to_db.py
[2022-04-15 08:09:57,159] {processor.py:642} INFO - Processing file /opt/airflow/dags/dag_connection_to_db.py for tasks to queue
[2022-04-15 08:09:57,159] {logging_mixin.py:109} INFO - [2022-04-15 08:09:57,159] {dagbag.py:500} INFO - Filling up the DagBag from /opt/airflow/dags/dag_connection_to_db.py
[2022-04-15 08:09:57,171] {processor.py:652} INFO - DAG(s) dict_keys(['dag_connection_to_db']) retrieved from /opt/airflow/dags/dag_connection_to_db.py
[2022-04-15 08:09:57,190] {logging_mixin.py:109} INFO - [2022-04-15 08:09:57,189] {dag.py:2398} INFO - Sync 1 DAGs
[2022-04-15 08:09:57,206] {logging_mixin.py:109} INFO - [2022-04-15 08:09:57,206] {dag.py:2937} INFO - Setting next_dagrun for dag_connection_to_db to None
[2022-04-15 08:09:57,220] {processor.py:171} INFO - Processing /opt/airflow/dags/dag_connection_to_db.py took 0.064 seconds
[2022-04-15 08:10:27,386] {processor.py:163} INFO - Started process (PID=1765) to work on /opt/airflow/dags/dag_connection_to_db.py
[2022-04-15 08:10:27,395] {processor.py:642} INFO - Processing file /opt/airflow/dags/dag_connection_to_db.py for tasks to queue
[2022-04-15 08:10:27,396] {logging_mixin.py:109} INFO - [2022-04-15 08:10:27,396] {dagbag.py:500} INFO - Filling up the DagBag from /opt/airflow/dags/dag_connection_to_db.py
[2022-04-15 08:10:27,408] {processor.py:652} INFO - DAG(s) dict_keys(['dag_connection_to_db']) retrieved from /opt/airflow/dags/dag_connection_to_db.py
[2022-04-15 08:10:27,426] {logging_mixin.py:109} INFO - [2022-04-15 08:10:27,425] {dag.py:2398} INFO - Sync 1 DAGs
[2022-04-15 08:10:27,441] {logging_mixin.py:109} INFO - [2022-04-15 08:10:27,441] {dag.py:2937} INFO - Setting next_dagrun for dag_connection_to_db to None
[2022-04-15 08:10:27,452] {processor.py:171} INFO - Processing /opt/airflow/dags/dag_connection_to_db.py took 0.070 seconds
[2022-04-15 08:10:57,606] {processor.py:163} INFO - Started process (PID=1787) to work on /opt/airflow/dags/dag_connection_to_db.py
[2022-04-15 08:10:57,607] {processor.py:642} INFO - Processing file /opt/airflow/dags/dag_connection_to_db.py for tasks to queue
[2022-04-15 08:10:57,608] {logging_mixin.py:109} INFO - [2022-04-15 08:10:57,608] {dagbag.py:500} INFO - Filling up the DagBag from /opt/airflow/dags/dag_connection_to_db.py
[2022-04-15 08:10:57,625] {processor.py:652} INFO - DAG(s) dict_keys(['dag_connection_to_db']) retrieved from /opt/airflow/dags/dag_connection_to_db.py
[2022-04-15 08:10:57,648] {logging_mixin.py:109} INFO - [2022-04-15 08:10:57,648] {dag.py:2398} INFO - Sync 1 DAGs
[2022-04-15 08:10:57,664] {logging_mixin.py:109} INFO - [2022-04-15 08:10:57,664] {dag.py:2937} INFO - Setting next_dagrun for dag_connection_to_db to None
[2022-04-15 08:10:57,676] {processor.py:171} INFO - Processing /opt/airflow/dags/dag_connection_to_db.py took 0.076 seconds
[2022-04-15 08:11:27,836] {processor.py:163} INFO - Started process (PID=1819) to work on /opt/airflow/dags/dag_connection_to_db.py
[2022-04-15 08:11:27,846] {processor.py:642} INFO - Processing file /opt/airflow/dags/dag_connection_to_db.py for tasks to queue
[2022-04-15 08:11:27,846] {logging_mixin.py:109} INFO - [2022-04-15 08:11:27,846] {dagbag.py:500} INFO - Filling up the DagBag from /opt/airflow/dags/dag_connection_to_db.py
[2022-04-15 08:11:27,858] {processor.py:652} INFO - DAG(s) dict_keys(['dag_connection_to_db']) retrieved from /opt/airflow/dags/dag_connection_to_db.py
[2022-04-15 08:11:27,873] {logging_mixin.py:109} INFO - [2022-04-15 08:11:27,873] {dag.py:2398} INFO - Sync 1 DAGs
[2022-04-15 08:11:27,888] {logging_mixin.py:109} INFO - [2022-04-15 08:11:27,888] {dag.py:2937} INFO - Setting next_dagrun for dag_connection_to_db to None
[2022-04-15 08:11:27,899] {processor.py:171} INFO - Processing /opt/airflow/dags/dag_connection_to_db.py took 0.065 seconds
[2022-04-15 08:11:58,038] {processor.py:163} INFO - Started process (PID=1841) to work on /opt/airflow/dags/dag_connection_to_db.py
[2022-04-15 08:11:58,039] {processor.py:642} INFO - Processing file /opt/airflow/dags/dag_connection_to_db.py for tasks to queue
[2022-04-15 08:11:58,040] {logging_mixin.py:109} INFO - [2022-04-15 08:11:58,039] {dagbag.py:500} INFO - Filling up the DagBag from /opt/airflow/dags/dag_connection_to_db.py
[2022-04-15 08:11:58,053] {processor.py:652} INFO - DAG(s) dict_keys(['dag_connection_to_db']) retrieved from /opt/airflow/dags/dag_connection_to_db.py
[2022-04-15 08:11:58,074] {logging_mixin.py:109} INFO - [2022-04-15 08:11:58,074] {dag.py:2398} INFO - Sync 1 DAGs
[2022-04-15 08:11:58,088] {logging_mixin.py:109} INFO - [2022-04-15 08:11:58,088] {dag.py:2937} INFO - Setting next_dagrun for dag_connection_to_db to None
[2022-04-15 08:11:58,104] {processor.py:171} INFO - Processing /opt/airflow/dags/dag_connection_to_db.py took 0.068 seconds
[2022-04-15 08:12:28,238] {processor.py:163} INFO - Started process (PID=1873) to work on /opt/airflow/dags/dag_connection_to_db.py
[2022-04-15 08:12:28,243] {processor.py:642} INFO - Processing file /opt/airflow/dags/dag_connection_to_db.py for tasks to queue
[2022-04-15 08:12:28,244] {logging_mixin.py:109} INFO - [2022-04-15 08:12:28,244] {dagbag.py:500} INFO - Filling up the DagBag from /opt/airflow/dags/dag_connection_to_db.py
[2022-04-15 08:12:28,255] {processor.py:652} INFO - DAG(s) dict_keys(['dag_connection_to_db']) retrieved from /opt/airflow/dags/dag_connection_to_db.py
[2022-04-15 08:12:28,272] {logging_mixin.py:109} INFO - [2022-04-15 08:12:28,272] {dag.py:2398} INFO - Sync 1 DAGs
[2022-04-15 08:12:28,287] {logging_mixin.py:109} INFO - [2022-04-15 08:12:28,287] {dag.py:2937} INFO - Setting next_dagrun for dag_connection_to_db to None
[2022-04-15 08:12:28,297] {processor.py:171} INFO - Processing /opt/airflow/dags/dag_connection_to_db.py took 0.062 seconds
[2022-04-15 08:12:58,442] {processor.py:163} INFO - Started process (PID=1895) to work on /opt/airflow/dags/dag_connection_to_db.py
[2022-04-15 08:12:58,443] {processor.py:642} INFO - Processing file /opt/airflow/dags/dag_connection_to_db.py for tasks to queue
[2022-04-15 08:12:58,444] {logging_mixin.py:109} INFO - [2022-04-15 08:12:58,444] {dagbag.py:500} INFO - Filling up the DagBag from /opt/airflow/dags/dag_connection_to_db.py
[2022-04-15 08:12:58,456] {processor.py:652} INFO - DAG(s) dict_keys(['dag_connection_to_db']) retrieved from /opt/airflow/dags/dag_connection_to_db.py
[2022-04-15 08:12:58,477] {logging_mixin.py:109} INFO - [2022-04-15 08:12:58,476] {dag.py:2398} INFO - Sync 1 DAGs
[2022-04-15 08:12:58,493] {logging_mixin.py:109} INFO - [2022-04-15 08:12:58,493] {dag.py:2937} INFO - Setting next_dagrun for dag_connection_to_db to None
[2022-04-15 08:12:58,505] {processor.py:171} INFO - Processing /opt/airflow/dags/dag_connection_to_db.py took 0.065 seconds
