[2022-04-15 07:38:40,449] {processor.py:163} INFO - Started process (PID=113) to work on /opt/airflow/dags/dag_sleep_10s.py
[2022-04-15 07:38:40,450] {processor.py:642} INFO - Processing file /opt/airflow/dags/dag_sleep_10s.py for tasks to queue
[2022-04-15 07:38:40,450] {logging_mixin.py:109} INFO - [2022-04-15 07:38:40,450] {dagbag.py:500} INFO - Filling up the DagBag from /opt/airflow/dags/dag_sleep_10s.py
[2022-04-15 07:38:40,487] {processor.py:652} INFO - DAG(s) dict_keys(['dag_sleep_10s']) retrieved from /opt/airflow/dags/dag_sleep_10s.py
[2022-04-15 07:38:41,162] {logging_mixin.py:109} INFO - [2022-04-15 07:38:41,162] {dag.py:2398} INFO - Sync 1 DAGs
[2022-04-15 07:38:41,176] {logging_mixin.py:109} INFO - [2022-04-15 07:38:41,176] {dag.py:2937} INFO - Setting next_dagrun for dag_sleep_10s to None
[2022-04-15 07:38:41,195] {processor.py:171} INFO - Processing /opt/airflow/dags/dag_sleep_10s.py took 0.750 seconds
[2022-04-15 07:39:11,691] {processor.py:163} INFO - Started process (PID=143) to work on /opt/airflow/dags/dag_sleep_10s.py
[2022-04-15 07:39:11,692] {processor.py:642} INFO - Processing file /opt/airflow/dags/dag_sleep_10s.py for tasks to queue
[2022-04-15 07:39:11,693] {logging_mixin.py:109} INFO - [2022-04-15 07:39:11,693] {dagbag.py:500} INFO - Filling up the DagBag from /opt/airflow/dags/dag_sleep_10s.py
[2022-04-15 07:39:11,715] {processor.py:652} INFO - DAG(s) dict_keys(['dag_sleep_10s']) retrieved from /opt/airflow/dags/dag_sleep_10s.py
[2022-04-15 07:39:11,747] {logging_mixin.py:109} INFO - [2022-04-15 07:39:11,747] {dag.py:2398} INFO - Sync 1 DAGs
[2022-04-15 07:39:11,765] {logging_mixin.py:109} INFO - [2022-04-15 07:39:11,764] {dag.py:2937} INFO - Setting next_dagrun for dag_sleep_10s to None
[2022-04-15 07:39:11,777] {processor.py:171} INFO - Processing /opt/airflow/dags/dag_sleep_10s.py took 0.090 seconds
[2022-04-15 07:39:41,933] {processor.py:163} INFO - Started process (PID=165) to work on /opt/airflow/dags/dag_sleep_10s.py
[2022-04-15 07:39:41,941] {processor.py:642} INFO - Processing file /opt/airflow/dags/dag_sleep_10s.py for tasks to queue
[2022-04-15 07:39:41,942] {logging_mixin.py:109} INFO - [2022-04-15 07:39:41,941] {dagbag.py:500} INFO - Filling up the DagBag from /opt/airflow/dags/dag_sleep_10s.py
[2022-04-15 07:39:41,956] {processor.py:652} INFO - DAG(s) dict_keys(['dag_sleep_10s']) retrieved from /opt/airflow/dags/dag_sleep_10s.py
[2022-04-15 07:39:41,982] {logging_mixin.py:109} INFO - [2022-04-15 07:39:41,982] {dag.py:2398} INFO - Sync 1 DAGs
[2022-04-15 07:39:42,011] {logging_mixin.py:109} INFO - [2022-04-15 07:39:42,011] {dag.py:2937} INFO - Setting next_dagrun for dag_sleep_10s to None
[2022-04-15 07:39:42,029] {processor.py:171} INFO - Processing /opt/airflow/dags/dag_sleep_10s.py took 0.098 seconds
[2022-04-15 07:40:12,181] {processor.py:163} INFO - Started process (PID=195) to work on /opt/airflow/dags/dag_sleep_10s.py
[2022-04-15 07:40:12,182] {processor.py:642} INFO - Processing file /opt/airflow/dags/dag_sleep_10s.py for tasks to queue
[2022-04-15 07:40:12,182] {logging_mixin.py:109} INFO - [2022-04-15 07:40:12,182] {dagbag.py:500} INFO - Filling up the DagBag from /opt/airflow/dags/dag_sleep_10s.py
[2022-04-15 07:40:12,193] {processor.py:652} INFO - DAG(s) dict_keys(['dag_sleep_10s']) retrieved from /opt/airflow/dags/dag_sleep_10s.py
[2022-04-15 07:40:12,209] {logging_mixin.py:109} INFO - [2022-04-15 07:40:12,209] {dag.py:2398} INFO - Sync 1 DAGs
[2022-04-15 07:40:12,223] {logging_mixin.py:109} INFO - [2022-04-15 07:40:12,223] {dag.py:2937} INFO - Setting next_dagrun for dag_sleep_10s to None
[2022-04-15 07:40:12,235] {processor.py:171} INFO - Processing /opt/airflow/dags/dag_sleep_10s.py took 0.056 seconds
[2022-04-15 07:40:42,381] {processor.py:163} INFO - Started process (PID=218) to work on /opt/airflow/dags/dag_sleep_10s.py
[2022-04-15 07:40:42,382] {processor.py:642} INFO - Processing file /opt/airflow/dags/dag_sleep_10s.py for tasks to queue
[2022-04-15 07:40:42,383] {logging_mixin.py:109} INFO - [2022-04-15 07:40:42,382] {dagbag.py:500} INFO - Filling up the DagBag from /opt/airflow/dags/dag_sleep_10s.py
[2022-04-15 07:40:42,394] {processor.py:652} INFO - DAG(s) dict_keys(['dag_sleep_10s']) retrieved from /opt/airflow/dags/dag_sleep_10s.py
[2022-04-15 07:40:42,410] {logging_mixin.py:109} INFO - [2022-04-15 07:40:42,410] {dag.py:2398} INFO - Sync 1 DAGs
[2022-04-15 07:40:42,429] {logging_mixin.py:109} INFO - [2022-04-15 07:40:42,429] {dag.py:2937} INFO - Setting next_dagrun for dag_sleep_10s to None
[2022-04-15 07:40:42,444] {processor.py:171} INFO - Processing /opt/airflow/dags/dag_sleep_10s.py took 0.065 seconds
[2022-04-15 07:41:12,634] {processor.py:163} INFO - Started process (PID=250) to work on /opt/airflow/dags/dag_sleep_10s.py
[2022-04-15 07:41:12,635] {processor.py:642} INFO - Processing file /opt/airflow/dags/dag_sleep_10s.py for tasks to queue
[2022-04-15 07:41:12,636] {logging_mixin.py:109} INFO - [2022-04-15 07:41:12,636] {dagbag.py:500} INFO - Filling up the DagBag from /opt/airflow/dags/dag_sleep_10s.py
[2022-04-15 07:41:12,649] {processor.py:652} INFO - DAG(s) dict_keys(['dag_sleep_10s']) retrieved from /opt/airflow/dags/dag_sleep_10s.py
[2022-04-15 07:41:12,668] {logging_mixin.py:109} INFO - [2022-04-15 07:41:12,668] {dag.py:2398} INFO - Sync 1 DAGs
[2022-04-15 07:41:12,682] {logging_mixin.py:109} INFO - [2022-04-15 07:41:12,682] {dag.py:2937} INFO - Setting next_dagrun for dag_sleep_10s to None
[2022-04-15 07:41:12,702] {processor.py:171} INFO - Processing /opt/airflow/dags/dag_sleep_10s.py took 0.070 seconds
[2022-04-15 07:41:42,853] {processor.py:163} INFO - Started process (PID=272) to work on /opt/airflow/dags/dag_sleep_10s.py
[2022-04-15 07:41:42,854] {processor.py:642} INFO - Processing file /opt/airflow/dags/dag_sleep_10s.py for tasks to queue
[2022-04-15 07:41:42,855] {logging_mixin.py:109} INFO - [2022-04-15 07:41:42,855] {dagbag.py:500} INFO - Filling up the DagBag from /opt/airflow/dags/dag_sleep_10s.py
[2022-04-15 07:41:42,865] {processor.py:652} INFO - DAG(s) dict_keys(['dag_sleep_10s']) retrieved from /opt/airflow/dags/dag_sleep_10s.py
[2022-04-15 07:41:42,882] {logging_mixin.py:109} INFO - [2022-04-15 07:41:42,881] {dag.py:2398} INFO - Sync 1 DAGs
[2022-04-15 07:41:42,894] {logging_mixin.py:109} INFO - [2022-04-15 07:41:42,894] {dag.py:2937} INFO - Setting next_dagrun for dag_sleep_10s to None
[2022-04-15 07:41:42,906] {processor.py:171} INFO - Processing /opt/airflow/dags/dag_sleep_10s.py took 0.055 seconds
[2022-04-15 07:42:13,059] {processor.py:163} INFO - Started process (PID=302) to work on /opt/airflow/dags/dag_sleep_10s.py
[2022-04-15 07:42:13,059] {processor.py:642} INFO - Processing file /opt/airflow/dags/dag_sleep_10s.py for tasks to queue
[2022-04-15 07:42:13,060] {logging_mixin.py:109} INFO - [2022-04-15 07:42:13,060] {dagbag.py:500} INFO - Filling up the DagBag from /opt/airflow/dags/dag_sleep_10s.py
[2022-04-15 07:42:13,070] {processor.py:652} INFO - DAG(s) dict_keys(['dag_sleep_10s']) retrieved from /opt/airflow/dags/dag_sleep_10s.py
[2022-04-15 07:42:13,087] {logging_mixin.py:109} INFO - [2022-04-15 07:42:13,087] {dag.py:2398} INFO - Sync 1 DAGs
[2022-04-15 07:42:13,102] {logging_mixin.py:109} INFO - [2022-04-15 07:42:13,101] {dag.py:2937} INFO - Setting next_dagrun for dag_sleep_10s to None
[2022-04-15 07:42:13,112] {processor.py:171} INFO - Processing /opt/airflow/dags/dag_sleep_10s.py took 0.055 seconds
[2022-04-15 07:42:43,256] {processor.py:163} INFO - Started process (PID=323) to work on /opt/airflow/dags/dag_sleep_10s.py
[2022-04-15 07:42:43,262] {processor.py:642} INFO - Processing file /opt/airflow/dags/dag_sleep_10s.py for tasks to queue
[2022-04-15 07:42:43,263] {logging_mixin.py:109} INFO - [2022-04-15 07:42:43,263] {dagbag.py:500} INFO - Filling up the DagBag from /opt/airflow/dags/dag_sleep_10s.py
[2022-04-15 07:42:43,272] {processor.py:652} INFO - DAG(s) dict_keys(['dag_sleep_10s']) retrieved from /opt/airflow/dags/dag_sleep_10s.py
[2022-04-15 07:42:43,289] {logging_mixin.py:109} INFO - [2022-04-15 07:42:43,289] {dag.py:2398} INFO - Sync 1 DAGs
[2022-04-15 07:42:43,306] {logging_mixin.py:109} INFO - [2022-04-15 07:42:43,305] {dag.py:2937} INFO - Setting next_dagrun for dag_sleep_10s to None
[2022-04-15 07:42:43,327] {processor.py:171} INFO - Processing /opt/airflow/dags/dag_sleep_10s.py took 0.073 seconds
[2022-04-15 07:43:13,524] {processor.py:163} INFO - Started process (PID=355) to work on /opt/airflow/dags/dag_sleep_10s.py
[2022-04-15 07:43:13,525] {processor.py:642} INFO - Processing file /opt/airflow/dags/dag_sleep_10s.py for tasks to queue
[2022-04-15 07:43:13,528] {logging_mixin.py:109} INFO - [2022-04-15 07:43:13,528] {dagbag.py:500} INFO - Filling up the DagBag from /opt/airflow/dags/dag_sleep_10s.py
[2022-04-15 07:43:13,562] {processor.py:652} INFO - DAG(s) dict_keys(['dag_sleep_10s']) retrieved from /opt/airflow/dags/dag_sleep_10s.py
[2022-04-15 07:43:13,601] {logging_mixin.py:109} INFO - [2022-04-15 07:43:13,600] {dag.py:2398} INFO - Sync 1 DAGs
[2022-04-15 07:43:13,654] {logging_mixin.py:109} INFO - [2022-04-15 07:43:13,654] {dag.py:2937} INFO - Setting next_dagrun for dag_sleep_10s to None
[2022-04-15 07:43:13,680] {processor.py:171} INFO - Processing /opt/airflow/dags/dag_sleep_10s.py took 0.161 seconds
[2022-04-15 07:43:43,840] {processor.py:163} INFO - Started process (PID=377) to work on /opt/airflow/dags/dag_sleep_10s.py
[2022-04-15 07:43:43,841] {processor.py:642} INFO - Processing file /opt/airflow/dags/dag_sleep_10s.py for tasks to queue
[2022-04-15 07:43:43,842] {logging_mixin.py:109} INFO - [2022-04-15 07:43:43,842] {dagbag.py:500} INFO - Filling up the DagBag from /opt/airflow/dags/dag_sleep_10s.py
[2022-04-15 07:43:43,854] {processor.py:652} INFO - DAG(s) dict_keys(['dag_sleep_10s']) retrieved from /opt/airflow/dags/dag_sleep_10s.py
[2022-04-15 07:43:43,874] {logging_mixin.py:109} INFO - [2022-04-15 07:43:43,873] {dag.py:2398} INFO - Sync 1 DAGs
[2022-04-15 07:43:43,896] {logging_mixin.py:109} INFO - [2022-04-15 07:43:43,895] {dag.py:2937} INFO - Setting next_dagrun for dag_sleep_10s to None
[2022-04-15 07:43:43,914] {processor.py:171} INFO - Processing /opt/airflow/dags/dag_sleep_10s.py took 0.076 seconds
[2022-04-15 07:44:14,108] {processor.py:163} INFO - Started process (PID=409) to work on /opt/airflow/dags/dag_sleep_10s.py
[2022-04-15 07:44:14,109] {processor.py:642} INFO - Processing file /opt/airflow/dags/dag_sleep_10s.py for tasks to queue
[2022-04-15 07:44:14,110] {logging_mixin.py:109} INFO - [2022-04-15 07:44:14,110] {dagbag.py:500} INFO - Filling up the DagBag from /opt/airflow/dags/dag_sleep_10s.py
[2022-04-15 07:44:14,125] {processor.py:652} INFO - DAG(s) dict_keys(['dag_sleep_10s']) retrieved from /opt/airflow/dags/dag_sleep_10s.py
[2022-04-15 07:44:14,150] {logging_mixin.py:109} INFO - [2022-04-15 07:44:14,150] {dag.py:2398} INFO - Sync 1 DAGs
[2022-04-15 07:44:14,170] {logging_mixin.py:109} INFO - [2022-04-15 07:44:14,169] {dag.py:2937} INFO - Setting next_dagrun for dag_sleep_10s to None
[2022-04-15 07:44:14,183] {processor.py:171} INFO - Processing /opt/airflow/dags/dag_sleep_10s.py took 0.078 seconds
[2022-04-15 07:44:44,354] {processor.py:163} INFO - Started process (PID=432) to work on /opt/airflow/dags/dag_sleep_10s.py
[2022-04-15 07:44:44,360] {processor.py:642} INFO - Processing file /opt/airflow/dags/dag_sleep_10s.py for tasks to queue
[2022-04-15 07:44:44,360] {logging_mixin.py:109} INFO - [2022-04-15 07:44:44,360] {dagbag.py:500} INFO - Filling up the DagBag from /opt/airflow/dags/dag_sleep_10s.py
[2022-04-15 07:44:44,371] {processor.py:652} INFO - DAG(s) dict_keys(['dag_sleep_10s']) retrieved from /opt/airflow/dags/dag_sleep_10s.py
[2022-04-15 07:44:44,396] {logging_mixin.py:109} INFO - [2022-04-15 07:44:44,396] {dag.py:2398} INFO - Sync 1 DAGs
[2022-04-15 07:44:44,415] {logging_mixin.py:109} INFO - [2022-04-15 07:44:44,415] {dag.py:2937} INFO - Setting next_dagrun for dag_sleep_10s to None
[2022-04-15 07:44:44,430] {processor.py:171} INFO - Processing /opt/airflow/dags/dag_sleep_10s.py took 0.078 seconds
[2022-04-15 07:45:14,587] {processor.py:163} INFO - Started process (PID=453) to work on /opt/airflow/dags/dag_sleep_10s.py
[2022-04-15 07:45:14,589] {processor.py:642} INFO - Processing file /opt/airflow/dags/dag_sleep_10s.py for tasks to queue
[2022-04-15 07:45:14,590] {logging_mixin.py:109} INFO - [2022-04-15 07:45:14,590] {dagbag.py:500} INFO - Filling up the DagBag from /opt/airflow/dags/dag_sleep_10s.py
[2022-04-15 07:45:14,607] {processor.py:652} INFO - DAG(s) dict_keys(['dag_sleep_10s']) retrieved from /opt/airflow/dags/dag_sleep_10s.py
[2022-04-15 07:45:14,624] {logging_mixin.py:109} INFO - [2022-04-15 07:45:14,624] {dag.py:2398} INFO - Sync 1 DAGs
[2022-04-15 07:45:14,639] {logging_mixin.py:109} INFO - [2022-04-15 07:45:14,638] {dag.py:2937} INFO - Setting next_dagrun for dag_sleep_10s to None
[2022-04-15 07:45:14,649] {processor.py:171} INFO - Processing /opt/airflow/dags/dag_sleep_10s.py took 0.066 seconds
[2022-04-15 07:45:44,806] {processor.py:163} INFO - Started process (PID=484) to work on /opt/airflow/dags/dag_sleep_10s.py
[2022-04-15 07:45:44,811] {processor.py:642} INFO - Processing file /opt/airflow/dags/dag_sleep_10s.py for tasks to queue
[2022-04-15 07:45:44,813] {logging_mixin.py:109} INFO - [2022-04-15 07:45:44,813] {dagbag.py:500} INFO - Filling up the DagBag from /opt/airflow/dags/dag_sleep_10s.py
[2022-04-15 07:45:44,825] {processor.py:652} INFO - DAG(s) dict_keys(['dag_sleep_10s']) retrieved from /opt/airflow/dags/dag_sleep_10s.py
[2022-04-15 07:45:44,844] {logging_mixin.py:109} INFO - [2022-04-15 07:45:44,844] {dag.py:2398} INFO - Sync 1 DAGs
[2022-04-15 07:45:44,868] {logging_mixin.py:109} INFO - [2022-04-15 07:45:44,868] {dag.py:2937} INFO - Setting next_dagrun for dag_sleep_10s to None
[2022-04-15 07:45:44,881] {processor.py:171} INFO - Processing /opt/airflow/dags/dag_sleep_10s.py took 0.077 seconds
[2022-04-15 07:46:15,046] {processor.py:163} INFO - Started process (PID=506) to work on /opt/airflow/dags/dag_sleep_10s.py
[2022-04-15 07:46:15,047] {processor.py:642} INFO - Processing file /opt/airflow/dags/dag_sleep_10s.py for tasks to queue
[2022-04-15 07:46:15,048] {logging_mixin.py:109} INFO - [2022-04-15 07:46:15,048] {dagbag.py:500} INFO - Filling up the DagBag from /opt/airflow/dags/dag_sleep_10s.py
[2022-04-15 07:46:15,057] {processor.py:652} INFO - DAG(s) dict_keys(['dag_sleep_10s']) retrieved from /opt/airflow/dags/dag_sleep_10s.py
[2022-04-15 07:46:15,073] {logging_mixin.py:109} INFO - [2022-04-15 07:46:15,072] {dag.py:2398} INFO - Sync 1 DAGs
[2022-04-15 07:46:15,088] {logging_mixin.py:109} INFO - [2022-04-15 07:46:15,088] {dag.py:2937} INFO - Setting next_dagrun for dag_sleep_10s to None
[2022-04-15 07:46:15,100] {processor.py:171} INFO - Processing /opt/airflow/dags/dag_sleep_10s.py took 0.056 seconds
[2022-04-15 07:46:45,257] {processor.py:163} INFO - Started process (PID=537) to work on /opt/airflow/dags/dag_sleep_10s.py
[2022-04-15 07:46:45,258] {processor.py:642} INFO - Processing file /opt/airflow/dags/dag_sleep_10s.py for tasks to queue
[2022-04-15 07:46:45,259] {logging_mixin.py:109} INFO - [2022-04-15 07:46:45,259] {dagbag.py:500} INFO - Filling up the DagBag from /opt/airflow/dags/dag_sleep_10s.py
[2022-04-15 07:46:45,275] {processor.py:652} INFO - DAG(s) dict_keys(['dag_sleep_10s']) retrieved from /opt/airflow/dags/dag_sleep_10s.py
[2022-04-15 07:46:45,303] {logging_mixin.py:109} INFO - [2022-04-15 07:46:45,303] {dag.py:2398} INFO - Sync 1 DAGs
[2022-04-15 07:46:45,327] {logging_mixin.py:109} INFO - [2022-04-15 07:46:45,327] {dag.py:2937} INFO - Setting next_dagrun for dag_sleep_10s to None
[2022-04-15 07:46:45,349] {processor.py:171} INFO - Processing /opt/airflow/dags/dag_sleep_10s.py took 0.095 seconds
[2022-04-15 07:47:15,521] {processor.py:163} INFO - Started process (PID=560) to work on /opt/airflow/dags/dag_sleep_10s.py
[2022-04-15 07:47:15,528] {processor.py:642} INFO - Processing file /opt/airflow/dags/dag_sleep_10s.py for tasks to queue
[2022-04-15 07:47:15,528] {logging_mixin.py:109} INFO - [2022-04-15 07:47:15,528] {dagbag.py:500} INFO - Filling up the DagBag from /opt/airflow/dags/dag_sleep_10s.py
[2022-04-15 07:47:15,545] {processor.py:652} INFO - DAG(s) dict_keys(['dag_sleep_10s']) retrieved from /opt/airflow/dags/dag_sleep_10s.py
[2022-04-15 07:47:15,571] {logging_mixin.py:109} INFO - [2022-04-15 07:47:15,571] {dag.py:2398} INFO - Sync 1 DAGs
[2022-04-15 07:47:15,594] {logging_mixin.py:109} INFO - [2022-04-15 07:47:15,594] {dag.py:2937} INFO - Setting next_dagrun for dag_sleep_10s to None
[2022-04-15 07:47:15,631] {processor.py:171} INFO - Processing /opt/airflow/dags/dag_sleep_10s.py took 0.114 seconds
[2022-04-15 07:47:45,793] {processor.py:163} INFO - Started process (PID=581) to work on /opt/airflow/dags/dag_sleep_10s.py
[2022-04-15 07:47:45,797] {processor.py:642} INFO - Processing file /opt/airflow/dags/dag_sleep_10s.py for tasks to queue
[2022-04-15 07:47:45,798] {logging_mixin.py:109} INFO - [2022-04-15 07:47:45,798] {dagbag.py:500} INFO - Filling up the DagBag from /opt/airflow/dags/dag_sleep_10s.py
[2022-04-15 07:47:45,810] {processor.py:652} INFO - DAG(s) dict_keys(['dag_sleep_10s']) retrieved from /opt/airflow/dags/dag_sleep_10s.py
[2022-04-15 07:47:45,832] {logging_mixin.py:109} INFO - [2022-04-15 07:47:45,832] {dag.py:2398} INFO - Sync 1 DAGs
[2022-04-15 07:47:45,849] {logging_mixin.py:109} INFO - [2022-04-15 07:47:45,849] {dag.py:2937} INFO - Setting next_dagrun for dag_sleep_10s to None
[2022-04-15 07:47:45,863] {processor.py:171} INFO - Processing /opt/airflow/dags/dag_sleep_10s.py took 0.072 seconds
[2022-04-15 07:48:16,024] {processor.py:163} INFO - Started process (PID=613) to work on /opt/airflow/dags/dag_sleep_10s.py
[2022-04-15 07:48:16,024] {processor.py:642} INFO - Processing file /opt/airflow/dags/dag_sleep_10s.py for tasks to queue
[2022-04-15 07:48:16,025] {logging_mixin.py:109} INFO - [2022-04-15 07:48:16,025] {dagbag.py:500} INFO - Filling up the DagBag from /opt/airflow/dags/dag_sleep_10s.py
[2022-04-15 07:48:16,036] {processor.py:652} INFO - DAG(s) dict_keys(['dag_sleep_10s']) retrieved from /opt/airflow/dags/dag_sleep_10s.py
[2022-04-15 07:48:16,059] {logging_mixin.py:109} INFO - [2022-04-15 07:48:16,058] {dag.py:2398} INFO - Sync 1 DAGs
[2022-04-15 07:48:16,075] {logging_mixin.py:109} INFO - [2022-04-15 07:48:16,075] {dag.py:2937} INFO - Setting next_dagrun for dag_sleep_10s to None
[2022-04-15 07:48:16,088] {processor.py:171} INFO - Processing /opt/airflow/dags/dag_sleep_10s.py took 0.067 seconds
[2022-04-15 07:48:46,246] {processor.py:163} INFO - Started process (PID=636) to work on /opt/airflow/dags/dag_sleep_10s.py
[2022-04-15 07:48:46,248] {processor.py:642} INFO - Processing file /opt/airflow/dags/dag_sleep_10s.py for tasks to queue
[2022-04-15 07:48:46,248] {logging_mixin.py:109} INFO - [2022-04-15 07:48:46,248] {dagbag.py:500} INFO - Filling up the DagBag from /opt/airflow/dags/dag_sleep_10s.py
[2022-04-15 07:48:46,259] {processor.py:652} INFO - DAG(s) dict_keys(['dag_sleep_10s']) retrieved from /opt/airflow/dags/dag_sleep_10s.py
[2022-04-15 07:48:46,278] {logging_mixin.py:109} INFO - [2022-04-15 07:48:46,278] {dag.py:2398} INFO - Sync 1 DAGs
[2022-04-15 07:48:46,295] {logging_mixin.py:109} INFO - [2022-04-15 07:48:46,294] {dag.py:2937} INFO - Setting next_dagrun for dag_sleep_10s to None
[2022-04-15 07:48:46,308] {processor.py:171} INFO - Processing /opt/airflow/dags/dag_sleep_10s.py took 0.064 seconds
[2022-04-15 07:49:16,481] {processor.py:163} INFO - Started process (PID=666) to work on /opt/airflow/dags/dag_sleep_10s.py
[2022-04-15 07:49:16,482] {processor.py:642} INFO - Processing file /opt/airflow/dags/dag_sleep_10s.py for tasks to queue
[2022-04-15 07:49:16,484] {logging_mixin.py:109} INFO - [2022-04-15 07:49:16,483] {dagbag.py:500} INFO - Filling up the DagBag from /opt/airflow/dags/dag_sleep_10s.py
[2022-04-15 07:49:16,502] {processor.py:652} INFO - DAG(s) dict_keys(['dag_sleep_10s']) retrieved from /opt/airflow/dags/dag_sleep_10s.py
[2022-04-15 07:49:16,524] {logging_mixin.py:109} INFO - [2022-04-15 07:49:16,524] {dag.py:2398} INFO - Sync 1 DAGs
[2022-04-15 07:49:16,540] {logging_mixin.py:109} INFO - [2022-04-15 07:49:16,540] {dag.py:2937} INFO - Setting next_dagrun for dag_sleep_10s to None
[2022-04-15 07:49:16,557] {processor.py:171} INFO - Processing /opt/airflow/dags/dag_sleep_10s.py took 0.080 seconds
[2022-04-15 07:49:46,839] {processor.py:163} INFO - Started process (PID=692) to work on /opt/airflow/dags/dag_sleep_10s.py
[2022-04-15 07:49:46,843] {processor.py:642} INFO - Processing file /opt/airflow/dags/dag_sleep_10s.py for tasks to queue
[2022-04-15 07:49:46,843] {logging_mixin.py:109} INFO - [2022-04-15 07:49:46,843] {dagbag.py:500} INFO - Filling up the DagBag from /opt/airflow/dags/dag_sleep_10s.py
[2022-04-15 07:49:46,856] {processor.py:652} INFO - DAG(s) dict_keys(['dag_sleep_10s']) retrieved from /opt/airflow/dags/dag_sleep_10s.py
[2022-04-15 07:49:46,877] {logging_mixin.py:109} INFO - [2022-04-15 07:49:46,877] {dag.py:2398} INFO - Sync 1 DAGs
[2022-04-15 07:49:46,895] {logging_mixin.py:109} INFO - [2022-04-15 07:49:46,895] {dag.py:2937} INFO - Setting next_dagrun for dag_sleep_10s to None
[2022-04-15 07:49:46,907] {processor.py:171} INFO - Processing /opt/airflow/dags/dag_sleep_10s.py took 0.071 seconds
[2022-04-15 07:50:17,070] {processor.py:163} INFO - Started process (PID=715) to work on /opt/airflow/dags/dag_sleep_10s.py
[2022-04-15 07:50:17,072] {processor.py:642} INFO - Processing file /opt/airflow/dags/dag_sleep_10s.py for tasks to queue
[2022-04-15 07:50:17,073] {logging_mixin.py:109} INFO - [2022-04-15 07:50:17,073] {dagbag.py:500} INFO - Filling up the DagBag from /opt/airflow/dags/dag_sleep_10s.py
[2022-04-15 07:50:17,088] {processor.py:652} INFO - DAG(s) dict_keys(['dag_sleep_10s']) retrieved from /opt/airflow/dags/dag_sleep_10s.py
[2022-04-15 07:50:17,111] {logging_mixin.py:109} INFO - [2022-04-15 07:50:17,111] {dag.py:2398} INFO - Sync 1 DAGs
[2022-04-15 07:50:17,129] {logging_mixin.py:109} INFO - [2022-04-15 07:50:17,129] {dag.py:2937} INFO - Setting next_dagrun for dag_sleep_10s to None
[2022-04-15 07:50:17,144] {processor.py:171} INFO - Processing /opt/airflow/dags/dag_sleep_10s.py took 0.079 seconds
[2022-04-15 07:50:47,295] {processor.py:163} INFO - Started process (PID=747) to work on /opt/airflow/dags/dag_sleep_10s.py
[2022-04-15 07:50:47,297] {processor.py:642} INFO - Processing file /opt/airflow/dags/dag_sleep_10s.py for tasks to queue
[2022-04-15 07:50:47,297] {logging_mixin.py:109} INFO - [2022-04-15 07:50:47,297] {dagbag.py:500} INFO - Filling up the DagBag from /opt/airflow/dags/dag_sleep_10s.py
[2022-04-15 07:50:47,312] {processor.py:652} INFO - DAG(s) dict_keys(['dag_sleep_10s']) retrieved from /opt/airflow/dags/dag_sleep_10s.py
[2022-04-15 07:50:47,332] {logging_mixin.py:109} INFO - [2022-04-15 07:50:47,332] {dag.py:2398} INFO - Sync 1 DAGs
[2022-04-15 07:50:47,348] {logging_mixin.py:109} INFO - [2022-04-15 07:50:47,348] {dag.py:2937} INFO - Setting next_dagrun for dag_sleep_10s to None
[2022-04-15 07:50:47,360] {processor.py:171} INFO - Processing /opt/airflow/dags/dag_sleep_10s.py took 0.067 seconds
[2022-04-15 07:51:17,526] {processor.py:163} INFO - Started process (PID=770) to work on /opt/airflow/dags/dag_sleep_10s.py
[2022-04-15 07:51:17,527] {processor.py:642} INFO - Processing file /opt/airflow/dags/dag_sleep_10s.py for tasks to queue
[2022-04-15 07:51:17,528] {logging_mixin.py:109} INFO - [2022-04-15 07:51:17,527] {dagbag.py:500} INFO - Filling up the DagBag from /opt/airflow/dags/dag_sleep_10s.py
[2022-04-15 07:51:17,540] {processor.py:652} INFO - DAG(s) dict_keys(['dag_sleep_10s']) retrieved from /opt/airflow/dags/dag_sleep_10s.py
[2022-04-15 07:51:17,560] {logging_mixin.py:109} INFO - [2022-04-15 07:51:17,560] {dag.py:2398} INFO - Sync 1 DAGs
[2022-04-15 07:51:17,574] {logging_mixin.py:109} INFO - [2022-04-15 07:51:17,574] {dag.py:2937} INFO - Setting next_dagrun for dag_sleep_10s to None
[2022-04-15 07:51:17,586] {processor.py:171} INFO - Processing /opt/airflow/dags/dag_sleep_10s.py took 0.062 seconds
[2022-04-15 07:51:47,756] {processor.py:163} INFO - Started process (PID=804) to work on /opt/airflow/dags/dag_sleep_10s.py
[2022-04-15 07:51:47,757] {processor.py:642} INFO - Processing file /opt/airflow/dags/dag_sleep_10s.py for tasks to queue
[2022-04-15 07:51:47,759] {logging_mixin.py:109} INFO - [2022-04-15 07:51:47,759] {dagbag.py:500} INFO - Filling up the DagBag from /opt/airflow/dags/dag_sleep_10s.py
[2022-04-15 07:51:47,779] {processor.py:652} INFO - DAG(s) dict_keys(['dag_sleep_10s']) retrieved from /opt/airflow/dags/dag_sleep_10s.py
[2022-04-15 07:51:47,813] {logging_mixin.py:109} INFO - [2022-04-15 07:51:47,813] {dag.py:2398} INFO - Sync 1 DAGs
[2022-04-15 07:51:47,844] {logging_mixin.py:109} INFO - [2022-04-15 07:51:47,843] {dag.py:2937} INFO - Setting next_dagrun for dag_sleep_10s to None
[2022-04-15 07:51:47,874] {processor.py:171} INFO - Processing /opt/airflow/dags/dag_sleep_10s.py took 0.123 seconds
[2022-04-15 07:52:18,045] {processor.py:163} INFO - Started process (PID=827) to work on /opt/airflow/dags/dag_sleep_10s.py
[2022-04-15 07:52:18,047] {processor.py:642} INFO - Processing file /opt/airflow/dags/dag_sleep_10s.py for tasks to queue
[2022-04-15 07:52:18,048] {logging_mixin.py:109} INFO - [2022-04-15 07:52:18,047] {dagbag.py:500} INFO - Filling up the DagBag from /opt/airflow/dags/dag_sleep_10s.py
[2022-04-15 07:52:18,059] {processor.py:652} INFO - DAG(s) dict_keys(['dag_sleep_10s']) retrieved from /opt/airflow/dags/dag_sleep_10s.py
[2022-04-15 07:52:18,082] {logging_mixin.py:109} INFO - [2022-04-15 07:52:18,082] {dag.py:2398} INFO - Sync 1 DAGs
[2022-04-15 07:52:18,107] {logging_mixin.py:109} INFO - [2022-04-15 07:52:18,107] {dag.py:2937} INFO - Setting next_dagrun for dag_sleep_10s to None
[2022-04-15 07:52:18,126] {processor.py:171} INFO - Processing /opt/airflow/dags/dag_sleep_10s.py took 0.083 seconds
[2022-04-15 07:52:48,343] {processor.py:163} INFO - Started process (PID=849) to work on /opt/airflow/dags/dag_sleep_10s.py
[2022-04-15 07:52:48,345] {processor.py:642} INFO - Processing file /opt/airflow/dags/dag_sleep_10s.py for tasks to queue
[2022-04-15 07:52:48,346] {logging_mixin.py:109} INFO - [2022-04-15 07:52:48,346] {dagbag.py:500} INFO - Filling up the DagBag from /opt/airflow/dags/dag_sleep_10s.py
[2022-04-15 07:52:48,375] {processor.py:652} INFO - DAG(s) dict_keys(['dag_sleep_10s']) retrieved from /opt/airflow/dags/dag_sleep_10s.py
[2022-04-15 07:52:48,402] {logging_mixin.py:109} INFO - [2022-04-15 07:52:48,401] {dag.py:2398} INFO - Sync 1 DAGs
[2022-04-15 07:52:48,554] {logging_mixin.py:109} INFO - [2022-04-15 07:52:48,554] {dag.py:2937} INFO - Setting next_dagrun for dag_sleep_10s to None
[2022-04-15 07:52:48,571] {processor.py:171} INFO - Processing /opt/airflow/dags/dag_sleep_10s.py took 0.231 seconds
[2022-04-15 07:53:18,735] {processor.py:163} INFO - Started process (PID=886) to work on /opt/airflow/dags/dag_sleep_10s.py
[2022-04-15 07:53:18,737] {processor.py:642} INFO - Processing file /opt/airflow/dags/dag_sleep_10s.py for tasks to queue
[2022-04-15 07:53:18,737] {logging_mixin.py:109} INFO - [2022-04-15 07:53:18,737] {dagbag.py:500} INFO - Filling up the DagBag from /opt/airflow/dags/dag_sleep_10s.py
[2022-04-15 07:53:18,747] {processor.py:652} INFO - DAG(s) dict_keys(['dag_sleep_10s']) retrieved from /opt/airflow/dags/dag_sleep_10s.py
[2022-04-15 07:53:18,771] {logging_mixin.py:109} INFO - [2022-04-15 07:53:18,771] {dag.py:2398} INFO - Sync 1 DAGs
[2022-04-15 07:53:18,885] {logging_mixin.py:109} INFO - [2022-04-15 07:53:18,885] {dag.py:2937} INFO - Setting next_dagrun for dag_sleep_10s to None
[2022-04-15 07:53:18,898] {processor.py:171} INFO - Processing /opt/airflow/dags/dag_sleep_10s.py took 0.165 seconds
[2022-04-15 07:53:49,071] {processor.py:163} INFO - Started process (PID=908) to work on /opt/airflow/dags/dag_sleep_10s.py
[2022-04-15 07:53:49,073] {processor.py:642} INFO - Processing file /opt/airflow/dags/dag_sleep_10s.py for tasks to queue
[2022-04-15 07:53:49,074] {logging_mixin.py:109} INFO - [2022-04-15 07:53:49,074] {dagbag.py:500} INFO - Filling up the DagBag from /opt/airflow/dags/dag_sleep_10s.py
[2022-04-15 07:53:49,085] {processor.py:652} INFO - DAG(s) dict_keys(['dag_sleep_10s']) retrieved from /opt/airflow/dags/dag_sleep_10s.py
[2022-04-15 07:53:49,103] {logging_mixin.py:109} INFO - [2022-04-15 07:53:49,103] {dag.py:2398} INFO - Sync 1 DAGs
[2022-04-15 07:53:49,212] {logging_mixin.py:109} INFO - [2022-04-15 07:53:49,212] {dag.py:2937} INFO - Setting next_dagrun for dag_sleep_10s to None
[2022-04-15 07:53:49,226] {processor.py:171} INFO - Processing /opt/airflow/dags/dag_sleep_10s.py took 0.156 seconds
[2022-04-15 07:54:19,384] {processor.py:163} INFO - Started process (PID=939) to work on /opt/airflow/dags/dag_sleep_10s.py
[2022-04-15 07:54:19,386] {processor.py:642} INFO - Processing file /opt/airflow/dags/dag_sleep_10s.py for tasks to queue
[2022-04-15 07:54:19,387] {logging_mixin.py:109} INFO - [2022-04-15 07:54:19,387] {dagbag.py:500} INFO - Filling up the DagBag from /opt/airflow/dags/dag_sleep_10s.py
[2022-04-15 07:54:19,402] {processor.py:652} INFO - DAG(s) dict_keys(['dag_sleep_10s']) retrieved from /opt/airflow/dags/dag_sleep_10s.py
[2022-04-15 07:54:19,595] {logging_mixin.py:109} INFO - [2022-04-15 07:54:19,595] {dag.py:2398} INFO - Sync 1 DAGs
[2022-04-15 07:54:19,609] {logging_mixin.py:109} INFO - [2022-04-15 07:54:19,609] {dag.py:2937} INFO - Setting next_dagrun for dag_sleep_10s to None
[2022-04-15 07:54:19,619] {processor.py:171} INFO - Processing /opt/airflow/dags/dag_sleep_10s.py took 0.237 seconds
[2022-04-15 07:54:49,802] {processor.py:163} INFO - Started process (PID=961) to work on /opt/airflow/dags/dag_sleep_10s.py
[2022-04-15 07:54:49,803] {processor.py:642} INFO - Processing file /opt/airflow/dags/dag_sleep_10s.py for tasks to queue
[2022-04-15 07:54:49,804] {logging_mixin.py:109} INFO - [2022-04-15 07:54:49,804] {dagbag.py:500} INFO - Filling up the DagBag from /opt/airflow/dags/dag_sleep_10s.py
[2022-04-15 07:54:49,938] {processor.py:652} INFO - DAG(s) dict_keys(['dag_sleep_10s']) retrieved from /opt/airflow/dags/dag_sleep_10s.py
[2022-04-15 07:54:49,954] {logging_mixin.py:109} INFO - [2022-04-15 07:54:49,954] {dag.py:2398} INFO - Sync 1 DAGs
[2022-04-15 07:54:49,969] {logging_mixin.py:109} INFO - [2022-04-15 07:54:49,969] {dag.py:2937} INFO - Setting next_dagrun for dag_sleep_10s to None
[2022-04-15 07:54:49,985] {processor.py:171} INFO - Processing /opt/airflow/dags/dag_sleep_10s.py took 0.186 seconds
[2022-04-15 07:55:20,131] {processor.py:163} INFO - Started process (PID=991) to work on /opt/airflow/dags/dag_sleep_10s.py
[2022-04-15 07:55:20,134] {processor.py:642} INFO - Processing file /opt/airflow/dags/dag_sleep_10s.py for tasks to queue
[2022-04-15 07:55:20,135] {logging_mixin.py:109} INFO - [2022-04-15 07:55:20,135] {dagbag.py:500} INFO - Filling up the DagBag from /opt/airflow/dags/dag_sleep_10s.py
[2022-04-15 07:55:20,339] {processor.py:652} INFO - DAG(s) dict_keys(['dag_sleep_10s']) retrieved from /opt/airflow/dags/dag_sleep_10s.py
[2022-04-15 07:55:20,358] {logging_mixin.py:109} INFO - [2022-04-15 07:55:20,358] {dag.py:2398} INFO - Sync 1 DAGs
[2022-04-15 07:55:20,371] {logging_mixin.py:109} INFO - [2022-04-15 07:55:20,371] {dag.py:2937} INFO - Setting next_dagrun for dag_sleep_10s to None
[2022-04-15 07:55:20,392] {processor.py:171} INFO - Processing /opt/airflow/dags/dag_sleep_10s.py took 0.264 seconds
[2022-04-15 07:55:50,549] {processor.py:163} INFO - Started process (PID=1015) to work on /opt/airflow/dags/dag_sleep_10s.py
[2022-04-15 07:55:50,549] {processor.py:642} INFO - Processing file /opt/airflow/dags/dag_sleep_10s.py for tasks to queue
[2022-04-15 07:55:50,550] {logging_mixin.py:109} INFO - [2022-04-15 07:55:50,550] {dagbag.py:500} INFO - Filling up the DagBag from /opt/airflow/dags/dag_sleep_10s.py
[2022-04-15 07:55:50,691] {processor.py:652} INFO - DAG(s) dict_keys(['dag_sleep_10s']) retrieved from /opt/airflow/dags/dag_sleep_10s.py
[2022-04-15 07:55:50,711] {logging_mixin.py:109} INFO - [2022-04-15 07:55:50,711] {dag.py:2398} INFO - Sync 1 DAGs
[2022-04-15 07:55:50,730] {logging_mixin.py:109} INFO - [2022-04-15 07:55:50,730] {dag.py:2937} INFO - Setting next_dagrun for dag_sleep_10s to None
[2022-04-15 07:55:50,745] {processor.py:171} INFO - Processing /opt/airflow/dags/dag_sleep_10s.py took 0.198 seconds
[2022-04-15 07:56:20,971] {processor.py:163} INFO - Started process (PID=1036) to work on /opt/airflow/dags/dag_sleep_10s.py
[2022-04-15 07:56:20,972] {processor.py:642} INFO - Processing file /opt/airflow/dags/dag_sleep_10s.py for tasks to queue
[2022-04-15 07:56:20,973] {logging_mixin.py:109} INFO - [2022-04-15 07:56:20,973] {dagbag.py:500} INFO - Filling up the DagBag from /opt/airflow/dags/dag_sleep_10s.py
[2022-04-15 07:56:20,984] {processor.py:652} INFO - DAG(s) dict_keys(['dag_sleep_10s']) retrieved from /opt/airflow/dags/dag_sleep_10s.py
[2022-04-15 07:56:21,007] {logging_mixin.py:109} INFO - [2022-04-15 07:56:21,006] {dag.py:2398} INFO - Sync 1 DAGs
[2022-04-15 07:56:21,026] {logging_mixin.py:109} INFO - [2022-04-15 07:56:21,026] {dag.py:2937} INFO - Setting next_dagrun for dag_sleep_10s to None
[2022-04-15 07:56:21,040] {processor.py:171} INFO - Processing /opt/airflow/dags/dag_sleep_10s.py took 0.071 seconds
[2022-04-15 07:56:51,211] {processor.py:163} INFO - Started process (PID=1067) to work on /opt/airflow/dags/dag_sleep_10s.py
[2022-04-15 07:56:51,212] {processor.py:642} INFO - Processing file /opt/airflow/dags/dag_sleep_10s.py for tasks to queue
[2022-04-15 07:56:51,212] {logging_mixin.py:109} INFO - [2022-04-15 07:56:51,212] {dagbag.py:500} INFO - Filling up the DagBag from /opt/airflow/dags/dag_sleep_10s.py
[2022-04-15 07:56:51,225] {processor.py:652} INFO - DAG(s) dict_keys(['dag_sleep_10s']) retrieved from /opt/airflow/dags/dag_sleep_10s.py
[2022-04-15 07:56:51,248] {logging_mixin.py:109} INFO - [2022-04-15 07:56:51,248] {dag.py:2398} INFO - Sync 1 DAGs
[2022-04-15 07:56:51,262] {logging_mixin.py:109} INFO - [2022-04-15 07:56:51,262] {dag.py:2937} INFO - Setting next_dagrun for dag_sleep_10s to None
[2022-04-15 07:56:51,274] {processor.py:171} INFO - Processing /opt/airflow/dags/dag_sleep_10s.py took 0.066 seconds
[2022-04-15 07:57:21,416] {processor.py:163} INFO - Started process (PID=1088) to work on /opt/airflow/dags/dag_sleep_10s.py
[2022-04-15 07:57:21,421] {processor.py:642} INFO - Processing file /opt/airflow/dags/dag_sleep_10s.py for tasks to queue
[2022-04-15 07:57:21,422] {logging_mixin.py:109} INFO - [2022-04-15 07:57:21,422] {dagbag.py:500} INFO - Filling up the DagBag from /opt/airflow/dags/dag_sleep_10s.py
[2022-04-15 07:57:21,432] {processor.py:652} INFO - DAG(s) dict_keys(['dag_sleep_10s']) retrieved from /opt/airflow/dags/dag_sleep_10s.py
[2022-04-15 07:57:21,457] {logging_mixin.py:109} INFO - [2022-04-15 07:57:21,457] {dag.py:2398} INFO - Sync 1 DAGs
[2022-04-15 07:57:21,471] {logging_mixin.py:109} INFO - [2022-04-15 07:57:21,471] {dag.py:2937} INFO - Setting next_dagrun for dag_sleep_10s to None
[2022-04-15 07:57:21,482] {processor.py:171} INFO - Processing /opt/airflow/dags/dag_sleep_10s.py took 0.068 seconds
[2022-04-15 07:57:51,635] {processor.py:163} INFO - Started process (PID=1120) to work on /opt/airflow/dags/dag_sleep_10s.py
[2022-04-15 07:57:51,636] {processor.py:642} INFO - Processing file /opt/airflow/dags/dag_sleep_10s.py for tasks to queue
[2022-04-15 07:57:51,636] {logging_mixin.py:109} INFO - [2022-04-15 07:57:51,636] {dagbag.py:500} INFO - Filling up the DagBag from /opt/airflow/dags/dag_sleep_10s.py
[2022-04-15 07:57:51,650] {processor.py:652} INFO - DAG(s) dict_keys(['dag_sleep_10s']) retrieved from /opt/airflow/dags/dag_sleep_10s.py
[2022-04-15 07:57:51,668] {logging_mixin.py:109} INFO - [2022-04-15 07:57:51,668] {dag.py:2398} INFO - Sync 1 DAGs
[2022-04-15 07:57:51,683] {logging_mixin.py:109} INFO - [2022-04-15 07:57:51,683] {dag.py:2937} INFO - Setting next_dagrun for dag_sleep_10s to None
[2022-04-15 07:57:51,693] {processor.py:171} INFO - Processing /opt/airflow/dags/dag_sleep_10s.py took 0.061 seconds
[2022-04-15 07:58:21,852] {processor.py:163} INFO - Started process (PID=1142) to work on /opt/airflow/dags/dag_sleep_10s.py
[2022-04-15 07:58:21,859] {processor.py:642} INFO - Processing file /opt/airflow/dags/dag_sleep_10s.py for tasks to queue
[2022-04-15 07:58:21,860] {logging_mixin.py:109} INFO - [2022-04-15 07:58:21,860] {dagbag.py:500} INFO - Filling up the DagBag from /opt/airflow/dags/dag_sleep_10s.py
[2022-04-15 07:58:21,871] {processor.py:652} INFO - DAG(s) dict_keys(['dag_sleep_10s']) retrieved from /opt/airflow/dags/dag_sleep_10s.py
[2022-04-15 07:58:21,889] {logging_mixin.py:109} INFO - [2022-04-15 07:58:21,889] {dag.py:2398} INFO - Sync 1 DAGs
[2022-04-15 07:58:21,904] {logging_mixin.py:109} INFO - [2022-04-15 07:58:21,904] {dag.py:2937} INFO - Setting next_dagrun for dag_sleep_10s to None
[2022-04-15 07:58:21,917] {processor.py:171} INFO - Processing /opt/airflow/dags/dag_sleep_10s.py took 0.068 seconds
[2022-04-15 07:58:52,058] {processor.py:163} INFO - Started process (PID=1174) to work on /opt/airflow/dags/dag_sleep_10s.py
[2022-04-15 07:58:52,059] {processor.py:642} INFO - Processing file /opt/airflow/dags/dag_sleep_10s.py for tasks to queue
[2022-04-15 07:58:52,059] {logging_mixin.py:109} INFO - [2022-04-15 07:58:52,059] {dagbag.py:500} INFO - Filling up the DagBag from /opt/airflow/dags/dag_sleep_10s.py
[2022-04-15 07:58:52,071] {processor.py:652} INFO - DAG(s) dict_keys(['dag_sleep_10s']) retrieved from /opt/airflow/dags/dag_sleep_10s.py
[2022-04-15 07:58:52,089] {logging_mixin.py:109} INFO - [2022-04-15 07:58:52,089] {dag.py:2398} INFO - Sync 1 DAGs
[2022-04-15 07:58:52,104] {logging_mixin.py:109} INFO - [2022-04-15 07:58:52,104] {dag.py:2937} INFO - Setting next_dagrun for dag_sleep_10s to None
[2022-04-15 07:58:52,115] {processor.py:171} INFO - Processing /opt/airflow/dags/dag_sleep_10s.py took 0.059 seconds
[2022-04-15 07:59:22,266] {processor.py:163} INFO - Started process (PID=1196) to work on /opt/airflow/dags/dag_sleep_10s.py
[2022-04-15 07:59:22,272] {processor.py:642} INFO - Processing file /opt/airflow/dags/dag_sleep_10s.py for tasks to queue
[2022-04-15 07:59:22,273] {logging_mixin.py:109} INFO - [2022-04-15 07:59:22,273] {dagbag.py:500} INFO - Filling up the DagBag from /opt/airflow/dags/dag_sleep_10s.py
[2022-04-15 07:59:22,282] {processor.py:652} INFO - DAG(s) dict_keys(['dag_sleep_10s']) retrieved from /opt/airflow/dags/dag_sleep_10s.py
[2022-04-15 07:59:22,303] {logging_mixin.py:109} INFO - [2022-04-15 07:59:22,303] {dag.py:2398} INFO - Sync 1 DAGs
[2022-04-15 07:59:22,317] {logging_mixin.py:109} INFO - [2022-04-15 07:59:22,317] {dag.py:2937} INFO - Setting next_dagrun for dag_sleep_10s to None
[2022-04-15 07:59:22,330] {processor.py:171} INFO - Processing /opt/airflow/dags/dag_sleep_10s.py took 0.066 seconds
[2022-04-15 07:59:52,486] {processor.py:163} INFO - Started process (PID=1226) to work on /opt/airflow/dags/dag_sleep_10s.py
[2022-04-15 07:59:52,487] {processor.py:642} INFO - Processing file /opt/airflow/dags/dag_sleep_10s.py for tasks to queue
[2022-04-15 07:59:52,488] {logging_mixin.py:109} INFO - [2022-04-15 07:59:52,488] {dagbag.py:500} INFO - Filling up the DagBag from /opt/airflow/dags/dag_sleep_10s.py
[2022-04-15 07:59:52,505] {processor.py:652} INFO - DAG(s) dict_keys(['dag_sleep_10s']) retrieved from /opt/airflow/dags/dag_sleep_10s.py
[2022-04-15 07:59:52,528] {logging_mixin.py:109} INFO - [2022-04-15 07:59:52,528] {dag.py:2398} INFO - Sync 1 DAGs
[2022-04-15 07:59:52,555] {logging_mixin.py:109} INFO - [2022-04-15 07:59:52,555] {dag.py:2937} INFO - Setting next_dagrun for dag_sleep_10s to None
[2022-04-15 07:59:52,574] {processor.py:171} INFO - Processing /opt/airflow/dags/dag_sleep_10s.py took 0.091 seconds
[2022-04-15 08:00:22,730] {processor.py:163} INFO - Started process (PID=1247) to work on /opt/airflow/dags/dag_sleep_10s.py
[2022-04-15 08:00:22,736] {processor.py:642} INFO - Processing file /opt/airflow/dags/dag_sleep_10s.py for tasks to queue
[2022-04-15 08:00:22,737] {logging_mixin.py:109} INFO - [2022-04-15 08:00:22,737] {dagbag.py:500} INFO - Filling up the DagBag from /opt/airflow/dags/dag_sleep_10s.py
[2022-04-15 08:00:22,748] {processor.py:652} INFO - DAG(s) dict_keys(['dag_sleep_10s']) retrieved from /opt/airflow/dags/dag_sleep_10s.py
[2022-04-15 08:00:22,769] {logging_mixin.py:109} INFO - [2022-04-15 08:00:22,769] {dag.py:2398} INFO - Sync 1 DAGs
[2022-04-15 08:00:22,785] {logging_mixin.py:109} INFO - [2022-04-15 08:00:22,785] {dag.py:2937} INFO - Setting next_dagrun for dag_sleep_10s to None
[2022-04-15 08:00:22,798] {processor.py:171} INFO - Processing /opt/airflow/dags/dag_sleep_10s.py took 0.069 seconds
[2022-04-15 08:00:52,944] {processor.py:163} INFO - Started process (PID=1280) to work on /opt/airflow/dags/dag_sleep_10s.py
[2022-04-15 08:00:52,945] {processor.py:642} INFO - Processing file /opt/airflow/dags/dag_sleep_10s.py for tasks to queue
[2022-04-15 08:00:52,946] {logging_mixin.py:109} INFO - [2022-04-15 08:00:52,946] {dagbag.py:500} INFO - Filling up the DagBag from /opt/airflow/dags/dag_sleep_10s.py
[2022-04-15 08:00:52,956] {processor.py:652} INFO - DAG(s) dict_keys(['dag_sleep_10s']) retrieved from /opt/airflow/dags/dag_sleep_10s.py
[2022-04-15 08:00:52,980] {logging_mixin.py:109} INFO - [2022-04-15 08:00:52,979] {dag.py:2398} INFO - Sync 1 DAGs
[2022-04-15 08:00:52,998] {logging_mixin.py:109} INFO - [2022-04-15 08:00:52,997] {dag.py:2937} INFO - Setting next_dagrun for dag_sleep_10s to None
[2022-04-15 08:00:53,010] {processor.py:171} INFO - Processing /opt/airflow/dags/dag_sleep_10s.py took 0.068 seconds
[2022-04-15 08:01:23,174] {processor.py:163} INFO - Started process (PID=1301) to work on /opt/airflow/dags/dag_sleep_10s.py
[2022-04-15 08:01:23,176] {processor.py:642} INFO - Processing file /opt/airflow/dags/dag_sleep_10s.py for tasks to queue
[2022-04-15 08:01:23,177] {logging_mixin.py:109} INFO - [2022-04-15 08:01:23,177] {dagbag.py:500} INFO - Filling up the DagBag from /opt/airflow/dags/dag_sleep_10s.py
[2022-04-15 08:01:23,188] {processor.py:652} INFO - DAG(s) dict_keys(['dag_sleep_10s']) retrieved from /opt/airflow/dags/dag_sleep_10s.py
[2022-04-15 08:01:23,207] {logging_mixin.py:109} INFO - [2022-04-15 08:01:23,207] {dag.py:2398} INFO - Sync 1 DAGs
[2022-04-15 08:01:23,224] {logging_mixin.py:109} INFO - [2022-04-15 08:01:23,223] {dag.py:2937} INFO - Setting next_dagrun for dag_sleep_10s to None
[2022-04-15 08:01:23,237] {processor.py:171} INFO - Processing /opt/airflow/dags/dag_sleep_10s.py took 0.065 seconds
[2022-04-15 08:01:53,470] {processor.py:163} INFO - Started process (PID=1333) to work on /opt/airflow/dags/dag_sleep_10s.py
[2022-04-15 08:01:53,472] {processor.py:642} INFO - Processing file /opt/airflow/dags/dag_sleep_10s.py for tasks to queue
[2022-04-15 08:01:53,472] {logging_mixin.py:109} INFO - [2022-04-15 08:01:53,472] {dagbag.py:500} INFO - Filling up the DagBag from /opt/airflow/dags/dag_sleep_10s.py
[2022-04-15 08:01:53,488] {processor.py:652} INFO - DAG(s) dict_keys(['dag_sleep_10s']) retrieved from /opt/airflow/dags/dag_sleep_10s.py
[2022-04-15 08:01:53,510] {logging_mixin.py:109} INFO - [2022-04-15 08:01:53,510] {dag.py:2398} INFO - Sync 1 DAGs
[2022-04-15 08:01:53,530] {logging_mixin.py:109} INFO - [2022-04-15 08:01:53,529] {dag.py:2937} INFO - Setting next_dagrun for dag_sleep_10s to None
[2022-04-15 08:01:53,545] {processor.py:171} INFO - Processing /opt/airflow/dags/dag_sleep_10s.py took 0.079 seconds
[2022-04-15 08:02:23,709] {processor.py:163} INFO - Started process (PID=1354) to work on /opt/airflow/dags/dag_sleep_10s.py
[2022-04-15 08:02:23,717] {processor.py:642} INFO - Processing file /opt/airflow/dags/dag_sleep_10s.py for tasks to queue
[2022-04-15 08:02:23,717] {logging_mixin.py:109} INFO - [2022-04-15 08:02:23,717] {dagbag.py:500} INFO - Filling up the DagBag from /opt/airflow/dags/dag_sleep_10s.py
[2022-04-15 08:02:23,731] {processor.py:652} INFO - DAG(s) dict_keys(['dag_sleep_10s']) retrieved from /opt/airflow/dags/dag_sleep_10s.py
[2022-04-15 08:02:23,751] {logging_mixin.py:109} INFO - [2022-04-15 08:02:23,751] {dag.py:2398} INFO - Sync 1 DAGs
[2022-04-15 08:02:23,771] {logging_mixin.py:109} INFO - [2022-04-15 08:02:23,770] {dag.py:2937} INFO - Setting next_dagrun for dag_sleep_10s to None
[2022-04-15 08:02:23,790] {processor.py:171} INFO - Processing /opt/airflow/dags/dag_sleep_10s.py took 0.083 seconds
[2022-04-15 08:02:53,936] {processor.py:163} INFO - Started process (PID=1375) to work on /opt/airflow/dags/dag_sleep_10s.py
[2022-04-15 08:02:53,937] {processor.py:642} INFO - Processing file /opt/airflow/dags/dag_sleep_10s.py for tasks to queue
[2022-04-15 08:02:53,937] {logging_mixin.py:109} INFO - [2022-04-15 08:02:53,937] {dagbag.py:500} INFO - Filling up the DagBag from /opt/airflow/dags/dag_sleep_10s.py
[2022-04-15 08:02:53,949] {processor.py:652} INFO - DAG(s) dict_keys(['dag_sleep_10s']) retrieved from /opt/airflow/dags/dag_sleep_10s.py
[2022-04-15 08:02:53,967] {logging_mixin.py:109} INFO - [2022-04-15 08:02:53,966] {dag.py:2398} INFO - Sync 1 DAGs
[2022-04-15 08:02:53,982] {logging_mixin.py:109} INFO - [2022-04-15 08:02:53,982] {dag.py:2937} INFO - Setting next_dagrun for dag_sleep_10s to None
[2022-04-15 08:02:53,994] {processor.py:171} INFO - Processing /opt/airflow/dags/dag_sleep_10s.py took 0.059 seconds
[2022-04-15 08:03:24,138] {processor.py:163} INFO - Started process (PID=1406) to work on /opt/airflow/dags/dag_sleep_10s.py
[2022-04-15 08:03:24,139] {processor.py:642} INFO - Processing file /opt/airflow/dags/dag_sleep_10s.py for tasks to queue
[2022-04-15 08:03:24,140] {logging_mixin.py:109} INFO - [2022-04-15 08:03:24,140] {dagbag.py:500} INFO - Filling up the DagBag from /opt/airflow/dags/dag_sleep_10s.py
[2022-04-15 08:03:24,153] {processor.py:652} INFO - DAG(s) dict_keys(['dag_sleep_10s']) retrieved from /opt/airflow/dags/dag_sleep_10s.py
[2022-04-15 08:03:24,176] {logging_mixin.py:109} INFO - [2022-04-15 08:03:24,176] {dag.py:2398} INFO - Sync 1 DAGs
[2022-04-15 08:03:24,192] {logging_mixin.py:109} INFO - [2022-04-15 08:03:24,192] {dag.py:2937} INFO - Setting next_dagrun for dag_sleep_10s to None
[2022-04-15 08:03:24,207] {processor.py:171} INFO - Processing /opt/airflow/dags/dag_sleep_10s.py took 0.071 seconds
[2022-04-15 08:03:54,353] {processor.py:163} INFO - Started process (PID=1427) to work on /opt/airflow/dags/dag_sleep_10s.py
[2022-04-15 08:03:54,354] {processor.py:642} INFO - Processing file /opt/airflow/dags/dag_sleep_10s.py for tasks to queue
[2022-04-15 08:03:54,355] {logging_mixin.py:109} INFO - [2022-04-15 08:03:54,355] {dagbag.py:500} INFO - Filling up the DagBag from /opt/airflow/dags/dag_sleep_10s.py
[2022-04-15 08:03:54,369] {processor.py:652} INFO - DAG(s) dict_keys(['dag_sleep_10s']) retrieved from /opt/airflow/dags/dag_sleep_10s.py
[2022-04-15 08:03:54,391] {logging_mixin.py:109} INFO - [2022-04-15 08:03:54,391] {dag.py:2398} INFO - Sync 1 DAGs
[2022-04-15 08:03:54,410] {logging_mixin.py:109} INFO - [2022-04-15 08:03:54,410] {dag.py:2937} INFO - Setting next_dagrun for dag_sleep_10s to None
[2022-04-15 08:03:54,425] {processor.py:171} INFO - Processing /opt/airflow/dags/dag_sleep_10s.py took 0.075 seconds
[2022-04-15 08:04:24,621] {processor.py:163} INFO - Started process (PID=1459) to work on /opt/airflow/dags/dag_sleep_10s.py
[2022-04-15 08:04:24,622] {processor.py:642} INFO - Processing file /opt/airflow/dags/dag_sleep_10s.py for tasks to queue
[2022-04-15 08:04:24,623] {logging_mixin.py:109} INFO - [2022-04-15 08:04:24,623] {dagbag.py:500} INFO - Filling up the DagBag from /opt/airflow/dags/dag_sleep_10s.py
[2022-04-15 08:04:24,635] {processor.py:652} INFO - DAG(s) dict_keys(['dag_sleep_10s']) retrieved from /opt/airflow/dags/dag_sleep_10s.py
[2022-04-15 08:04:24,662] {logging_mixin.py:109} INFO - [2022-04-15 08:04:24,662] {dag.py:2398} INFO - Sync 1 DAGs
[2022-04-15 08:04:24,685] {logging_mixin.py:109} INFO - [2022-04-15 08:04:24,684] {dag.py:2937} INFO - Setting next_dagrun for dag_sleep_10s to None
[2022-04-15 08:04:24,706] {processor.py:171} INFO - Processing /opt/airflow/dags/dag_sleep_10s.py took 0.087 seconds
[2022-04-15 08:04:54,867] {processor.py:163} INFO - Started process (PID=1481) to work on /opt/airflow/dags/dag_sleep_10s.py
[2022-04-15 08:04:54,868] {processor.py:642} INFO - Processing file /opt/airflow/dags/dag_sleep_10s.py for tasks to queue
[2022-04-15 08:04:54,869] {logging_mixin.py:109} INFO - [2022-04-15 08:04:54,868] {dagbag.py:500} INFO - Filling up the DagBag from /opt/airflow/dags/dag_sleep_10s.py
[2022-04-15 08:04:54,881] {processor.py:652} INFO - DAG(s) dict_keys(['dag_sleep_10s']) retrieved from /opt/airflow/dags/dag_sleep_10s.py
[2022-04-15 08:04:54,905] {logging_mixin.py:109} INFO - [2022-04-15 08:04:54,904] {dag.py:2398} INFO - Sync 1 DAGs
[2022-04-15 08:04:54,923] {logging_mixin.py:109} INFO - [2022-04-15 08:04:54,923] {dag.py:2937} INFO - Setting next_dagrun for dag_sleep_10s to None
[2022-04-15 08:04:54,934] {processor.py:171} INFO - Processing /opt/airflow/dags/dag_sleep_10s.py took 0.070 seconds
[2022-04-15 08:05:25,076] {processor.py:163} INFO - Started process (PID=1511) to work on /opt/airflow/dags/dag_sleep_10s.py
[2022-04-15 08:05:25,089] {processor.py:642} INFO - Processing file /opt/airflow/dags/dag_sleep_10s.py for tasks to queue
[2022-04-15 08:05:25,091] {logging_mixin.py:109} INFO - [2022-04-15 08:05:25,090] {dagbag.py:500} INFO - Filling up the DagBag from /opt/airflow/dags/dag_sleep_10s.py
[2022-04-15 08:05:25,119] {processor.py:652} INFO - DAG(s) dict_keys(['dag_sleep_10s']) retrieved from /opt/airflow/dags/dag_sleep_10s.py
[2022-04-15 08:05:25,143] {logging_mixin.py:109} INFO - [2022-04-15 08:05:25,142] {dag.py:2398} INFO - Sync 1 DAGs
[2022-04-15 08:05:25,169] {logging_mixin.py:109} INFO - [2022-04-15 08:05:25,169] {dag.py:2937} INFO - Setting next_dagrun for dag_sleep_10s to None
[2022-04-15 08:05:25,191] {processor.py:171} INFO - Processing /opt/airflow/dags/dag_sleep_10s.py took 0.118 seconds
[2022-04-15 08:05:55,366] {processor.py:163} INFO - Started process (PID=1533) to work on /opt/airflow/dags/dag_sleep_10s.py
[2022-04-15 08:05:55,367] {processor.py:642} INFO - Processing file /opt/airflow/dags/dag_sleep_10s.py for tasks to queue
[2022-04-15 08:05:55,368] {logging_mixin.py:109} INFO - [2022-04-15 08:05:55,368] {dagbag.py:500} INFO - Filling up the DagBag from /opt/airflow/dags/dag_sleep_10s.py
[2022-04-15 08:05:55,380] {processor.py:652} INFO - DAG(s) dict_keys(['dag_sleep_10s']) retrieved from /opt/airflow/dags/dag_sleep_10s.py
[2022-04-15 08:05:55,397] {logging_mixin.py:109} INFO - [2022-04-15 08:05:55,397] {dag.py:2398} INFO - Sync 1 DAGs
[2022-04-15 08:05:55,417] {logging_mixin.py:109} INFO - [2022-04-15 08:05:55,417] {dag.py:2937} INFO - Setting next_dagrun for dag_sleep_10s to None
[2022-04-15 08:05:55,431] {processor.py:171} INFO - Processing /opt/airflow/dags/dag_sleep_10s.py took 0.067 seconds
[2022-04-15 08:06:25,580] {processor.py:163} INFO - Started process (PID=1554) to work on /opt/airflow/dags/dag_sleep_10s.py
[2022-04-15 08:06:25,582] {processor.py:642} INFO - Processing file /opt/airflow/dags/dag_sleep_10s.py for tasks to queue
[2022-04-15 08:06:25,582] {logging_mixin.py:109} INFO - [2022-04-15 08:06:25,582] {dagbag.py:500} INFO - Filling up the DagBag from /opt/airflow/dags/dag_sleep_10s.py
[2022-04-15 08:06:25,594] {processor.py:652} INFO - DAG(s) dict_keys(['dag_sleep_10s']) retrieved from /opt/airflow/dags/dag_sleep_10s.py
[2022-04-15 08:06:25,612] {logging_mixin.py:109} INFO - [2022-04-15 08:06:25,612] {dag.py:2398} INFO - Sync 1 DAGs
[2022-04-15 08:06:25,627] {logging_mixin.py:109} INFO - [2022-04-15 08:06:25,627] {dag.py:2937} INFO - Setting next_dagrun for dag_sleep_10s to None
[2022-04-15 08:06:25,641] {processor.py:171} INFO - Processing /opt/airflow/dags/dag_sleep_10s.py took 0.063 seconds
[2022-04-15 08:06:55,782] {processor.py:163} INFO - Started process (PID=1586) to work on /opt/airflow/dags/dag_sleep_10s.py
[2022-04-15 08:06:55,783] {processor.py:642} INFO - Processing file /opt/airflow/dags/dag_sleep_10s.py for tasks to queue
[2022-04-15 08:06:55,784] {logging_mixin.py:109} INFO - [2022-04-15 08:06:55,784] {dagbag.py:500} INFO - Filling up the DagBag from /opt/airflow/dags/dag_sleep_10s.py
[2022-04-15 08:06:55,795] {processor.py:652} INFO - DAG(s) dict_keys(['dag_sleep_10s']) retrieved from /opt/airflow/dags/dag_sleep_10s.py
[2022-04-15 08:06:55,819] {logging_mixin.py:109} INFO - [2022-04-15 08:06:55,819] {dag.py:2398} INFO - Sync 1 DAGs
[2022-04-15 08:06:55,838] {logging_mixin.py:109} INFO - [2022-04-15 08:06:55,837] {dag.py:2937} INFO - Setting next_dagrun for dag_sleep_10s to None
[2022-04-15 08:06:55,850] {processor.py:171} INFO - Processing /opt/airflow/dags/dag_sleep_10s.py took 0.070 seconds
[2022-04-15 08:07:26,025] {processor.py:163} INFO - Started process (PID=1608) to work on /opt/airflow/dags/dag_sleep_10s.py
[2022-04-15 08:07:26,031] {processor.py:642} INFO - Processing file /opt/airflow/dags/dag_sleep_10s.py for tasks to queue
[2022-04-15 08:07:26,031] {logging_mixin.py:109} INFO - [2022-04-15 08:07:26,031] {dagbag.py:500} INFO - Filling up the DagBag from /opt/airflow/dags/dag_sleep_10s.py
[2022-04-15 08:07:26,045] {processor.py:652} INFO - DAG(s) dict_keys(['dag_sleep_10s']) retrieved from /opt/airflow/dags/dag_sleep_10s.py
[2022-04-15 08:07:26,063] {logging_mixin.py:109} INFO - [2022-04-15 08:07:26,063] {dag.py:2398} INFO - Sync 1 DAGs
[2022-04-15 08:07:26,082] {logging_mixin.py:109} INFO - [2022-04-15 08:07:26,082] {dag.py:2937} INFO - Setting next_dagrun for dag_sleep_10s to None
[2022-04-15 08:07:26,095] {processor.py:171} INFO - Processing /opt/airflow/dags/dag_sleep_10s.py took 0.073 seconds
[2022-04-15 08:07:56,254] {processor.py:163} INFO - Started process (PID=1639) to work on /opt/airflow/dags/dag_sleep_10s.py
[2022-04-15 08:07:56,255] {processor.py:642} INFO - Processing file /opt/airflow/dags/dag_sleep_10s.py for tasks to queue
[2022-04-15 08:07:56,256] {logging_mixin.py:109} INFO - [2022-04-15 08:07:56,255] {dagbag.py:500} INFO - Filling up the DagBag from /opt/airflow/dags/dag_sleep_10s.py
[2022-04-15 08:07:56,269] {processor.py:652} INFO - DAG(s) dict_keys(['dag_sleep_10s']) retrieved from /opt/airflow/dags/dag_sleep_10s.py
[2022-04-15 08:07:56,296] {logging_mixin.py:109} INFO - [2022-04-15 08:07:56,296] {dag.py:2398} INFO - Sync 1 DAGs
[2022-04-15 08:07:56,316] {logging_mixin.py:109} INFO - [2022-04-15 08:07:56,316] {dag.py:2937} INFO - Setting next_dagrun for dag_sleep_10s to None
[2022-04-15 08:07:56,329] {processor.py:171} INFO - Processing /opt/airflow/dags/dag_sleep_10s.py took 0.078 seconds
[2022-04-15 08:08:26,484] {processor.py:163} INFO - Started process (PID=1660) to work on /opt/airflow/dags/dag_sleep_10s.py
[2022-04-15 08:08:26,492] {processor.py:642} INFO - Processing file /opt/airflow/dags/dag_sleep_10s.py for tasks to queue
[2022-04-15 08:08:26,492] {logging_mixin.py:109} INFO - [2022-04-15 08:08:26,492] {dagbag.py:500} INFO - Filling up the DagBag from /opt/airflow/dags/dag_sleep_10s.py
[2022-04-15 08:08:26,505] {processor.py:652} INFO - DAG(s) dict_keys(['dag_sleep_10s']) retrieved from /opt/airflow/dags/dag_sleep_10s.py
[2022-04-15 08:08:26,523] {logging_mixin.py:109} INFO - [2022-04-15 08:08:26,522] {dag.py:2398} INFO - Sync 1 DAGs
[2022-04-15 08:08:26,538] {logging_mixin.py:109} INFO - [2022-04-15 08:08:26,538] {dag.py:2937} INFO - Setting next_dagrun for dag_sleep_10s to None
[2022-04-15 08:08:26,550] {processor.py:171} INFO - Processing /opt/airflow/dags/dag_sleep_10s.py took 0.068 seconds
[2022-04-15 08:08:56,712] {processor.py:163} INFO - Started process (PID=1691) to work on /opt/airflow/dags/dag_sleep_10s.py
[2022-04-15 08:08:56,713] {processor.py:642} INFO - Processing file /opt/airflow/dags/dag_sleep_10s.py for tasks to queue
[2022-04-15 08:08:56,714] {logging_mixin.py:109} INFO - [2022-04-15 08:08:56,714] {dagbag.py:500} INFO - Filling up the DagBag from /opt/airflow/dags/dag_sleep_10s.py
[2022-04-15 08:08:56,733] {processor.py:652} INFO - DAG(s) dict_keys(['dag_sleep_10s']) retrieved from /opt/airflow/dags/dag_sleep_10s.py
[2022-04-15 08:08:56,758] {logging_mixin.py:109} INFO - [2022-04-15 08:08:56,758] {dag.py:2398} INFO - Sync 1 DAGs
[2022-04-15 08:08:56,781] {logging_mixin.py:109} INFO - [2022-04-15 08:08:56,781] {dag.py:2937} INFO - Setting next_dagrun for dag_sleep_10s to None
[2022-04-15 08:08:56,796] {processor.py:171} INFO - Processing /opt/airflow/dags/dag_sleep_10s.py took 0.087 seconds
[2022-04-15 08:09:26,956] {processor.py:163} INFO - Started process (PID=1712) to work on /opt/airflow/dags/dag_sleep_10s.py
[2022-04-15 08:09:26,957] {processor.py:642} INFO - Processing file /opt/airflow/dags/dag_sleep_10s.py for tasks to queue
[2022-04-15 08:09:26,958] {logging_mixin.py:109} INFO - [2022-04-15 08:09:26,958] {dagbag.py:500} INFO - Filling up the DagBag from /opt/airflow/dags/dag_sleep_10s.py
[2022-04-15 08:09:26,969] {processor.py:652} INFO - DAG(s) dict_keys(['dag_sleep_10s']) retrieved from /opt/airflow/dags/dag_sleep_10s.py
[2022-04-15 08:09:26,988] {logging_mixin.py:109} INFO - [2022-04-15 08:09:26,988] {dag.py:2398} INFO - Sync 1 DAGs
[2022-04-15 08:09:27,002] {logging_mixin.py:109} INFO - [2022-04-15 08:09:27,001] {dag.py:2937} INFO - Setting next_dagrun for dag_sleep_10s to None
[2022-04-15 08:09:27,014] {processor.py:171} INFO - Processing /opt/airflow/dags/dag_sleep_10s.py took 0.060 seconds
[2022-04-15 08:09:57,161] {processor.py:163} INFO - Started process (PID=1734) to work on /opt/airflow/dags/dag_sleep_10s.py
[2022-04-15 08:09:57,162] {processor.py:642} INFO - Processing file /opt/airflow/dags/dag_sleep_10s.py for tasks to queue
[2022-04-15 08:09:57,162] {logging_mixin.py:109} INFO - [2022-04-15 08:09:57,162] {dagbag.py:500} INFO - Filling up the DagBag from /opt/airflow/dags/dag_sleep_10s.py
[2022-04-15 08:09:57,172] {processor.py:652} INFO - DAG(s) dict_keys(['dag_sleep_10s']) retrieved from /opt/airflow/dags/dag_sleep_10s.py
[2022-04-15 08:09:57,189] {logging_mixin.py:109} INFO - [2022-04-15 08:09:57,189] {dag.py:2398} INFO - Sync 1 DAGs
[2022-04-15 08:09:57,206] {logging_mixin.py:109} INFO - [2022-04-15 08:09:57,206] {dag.py:2937} INFO - Setting next_dagrun for dag_sleep_10s to None
[2022-04-15 08:09:57,217] {processor.py:171} INFO - Processing /opt/airflow/dags/dag_sleep_10s.py took 0.058 seconds
[2022-04-15 08:10:27,388] {processor.py:163} INFO - Started process (PID=1766) to work on /opt/airflow/dags/dag_sleep_10s.py
[2022-04-15 08:10:27,395] {processor.py:642} INFO - Processing file /opt/airflow/dags/dag_sleep_10s.py for tasks to queue
[2022-04-15 08:10:27,396] {logging_mixin.py:109} INFO - [2022-04-15 08:10:27,396] {dagbag.py:500} INFO - Filling up the DagBag from /opt/airflow/dags/dag_sleep_10s.py
[2022-04-15 08:10:27,406] {processor.py:652} INFO - DAG(s) dict_keys(['dag_sleep_10s']) retrieved from /opt/airflow/dags/dag_sleep_10s.py
[2022-04-15 08:10:27,424] {logging_mixin.py:109} INFO - [2022-04-15 08:10:27,424] {dag.py:2398} INFO - Sync 1 DAGs
[2022-04-15 08:10:27,441] {logging_mixin.py:109} INFO - [2022-04-15 08:10:27,441] {dag.py:2937} INFO - Setting next_dagrun for dag_sleep_10s to None
[2022-04-15 08:10:27,455] {processor.py:171} INFO - Processing /opt/airflow/dags/dag_sleep_10s.py took 0.069 seconds
[2022-04-15 08:10:57,608] {processor.py:163} INFO - Started process (PID=1788) to work on /opt/airflow/dags/dag_sleep_10s.py
[2022-04-15 08:10:57,609] {processor.py:642} INFO - Processing file /opt/airflow/dags/dag_sleep_10s.py for tasks to queue
[2022-04-15 08:10:57,609] {logging_mixin.py:109} INFO - [2022-04-15 08:10:57,609] {dagbag.py:500} INFO - Filling up the DagBag from /opt/airflow/dags/dag_sleep_10s.py
[2022-04-15 08:10:57,621] {processor.py:652} INFO - DAG(s) dict_keys(['dag_sleep_10s']) retrieved from /opt/airflow/dags/dag_sleep_10s.py
[2022-04-15 08:10:57,643] {logging_mixin.py:109} INFO - [2022-04-15 08:10:57,643] {dag.py:2398} INFO - Sync 1 DAGs
[2022-04-15 08:10:57,661] {logging_mixin.py:109} INFO - [2022-04-15 08:10:57,660] {dag.py:2937} INFO - Setting next_dagrun for dag_sleep_10s to None
[2022-04-15 08:10:57,674] {processor.py:171} INFO - Processing /opt/airflow/dags/dag_sleep_10s.py took 0.068 seconds
[2022-04-15 08:11:27,838] {processor.py:163} INFO - Started process (PID=1820) to work on /opt/airflow/dags/dag_sleep_10s.py
[2022-04-15 08:11:27,846] {processor.py:642} INFO - Processing file /opt/airflow/dags/dag_sleep_10s.py for tasks to queue
[2022-04-15 08:11:27,846] {logging_mixin.py:109} INFO - [2022-04-15 08:11:27,846] {dagbag.py:500} INFO - Filling up the DagBag from /opt/airflow/dags/dag_sleep_10s.py
[2022-04-15 08:11:27,856] {processor.py:652} INFO - DAG(s) dict_keys(['dag_sleep_10s']) retrieved from /opt/airflow/dags/dag_sleep_10s.py
[2022-04-15 08:11:27,873] {logging_mixin.py:109} INFO - [2022-04-15 08:11:27,873] {dag.py:2398} INFO - Sync 1 DAGs
[2022-04-15 08:11:27,889] {logging_mixin.py:109} INFO - [2022-04-15 08:11:27,889] {dag.py:2937} INFO - Setting next_dagrun for dag_sleep_10s to None
[2022-04-15 08:11:27,899] {processor.py:171} INFO - Processing /opt/airflow/dags/dag_sleep_10s.py took 0.063 seconds
[2022-04-15 08:11:58,040] {processor.py:163} INFO - Started process (PID=1842) to work on /opt/airflow/dags/dag_sleep_10s.py
[2022-04-15 08:11:58,041] {processor.py:642} INFO - Processing file /opt/airflow/dags/dag_sleep_10s.py for tasks to queue
[2022-04-15 08:11:58,041] {logging_mixin.py:109} INFO - [2022-04-15 08:11:58,041] {dagbag.py:500} INFO - Filling up the DagBag from /opt/airflow/dags/dag_sleep_10s.py
[2022-04-15 08:11:58,053] {processor.py:652} INFO - DAG(s) dict_keys(['dag_sleep_10s']) retrieved from /opt/airflow/dags/dag_sleep_10s.py
[2022-04-15 08:11:58,073] {logging_mixin.py:109} INFO - [2022-04-15 08:11:58,073] {dag.py:2398} INFO - Sync 1 DAGs
[2022-04-15 08:11:58,088] {logging_mixin.py:109} INFO - [2022-04-15 08:11:58,088] {dag.py:2937} INFO - Setting next_dagrun for dag_sleep_10s to None
[2022-04-15 08:11:58,102] {processor.py:171} INFO - Processing /opt/airflow/dags/dag_sleep_10s.py took 0.064 seconds
[2022-04-15 08:12:28,241] {processor.py:163} INFO - Started process (PID=1874) to work on /opt/airflow/dags/dag_sleep_10s.py
[2022-04-15 08:12:28,243] {processor.py:642} INFO - Processing file /opt/airflow/dags/dag_sleep_10s.py for tasks to queue
[2022-04-15 08:12:28,243] {logging_mixin.py:109} INFO - [2022-04-15 08:12:28,243] {dagbag.py:500} INFO - Filling up the DagBag from /opt/airflow/dags/dag_sleep_10s.py
[2022-04-15 08:12:28,254] {processor.py:652} INFO - DAG(s) dict_keys(['dag_sleep_10s']) retrieved from /opt/airflow/dags/dag_sleep_10s.py
[2022-04-15 08:12:28,271] {logging_mixin.py:109} INFO - [2022-04-15 08:12:28,271] {dag.py:2398} INFO - Sync 1 DAGs
[2022-04-15 08:12:28,289] {logging_mixin.py:109} INFO - [2022-04-15 08:12:28,289] {dag.py:2937} INFO - Setting next_dagrun for dag_sleep_10s to None
[2022-04-15 08:12:28,300] {processor.py:171} INFO - Processing /opt/airflow/dags/dag_sleep_10s.py took 0.061 seconds
[2022-04-15 08:12:58,445] {processor.py:163} INFO - Started process (PID=1896) to work on /opt/airflow/dags/dag_sleep_10s.py
[2022-04-15 08:12:58,446] {processor.py:642} INFO - Processing file /opt/airflow/dags/dag_sleep_10s.py for tasks to queue
[2022-04-15 08:12:58,446] {logging_mixin.py:109} INFO - [2022-04-15 08:12:58,446] {dagbag.py:500} INFO - Filling up the DagBag from /opt/airflow/dags/dag_sleep_10s.py
[2022-04-15 08:12:58,456] {processor.py:652} INFO - DAG(s) dict_keys(['dag_sleep_10s']) retrieved from /opt/airflow/dags/dag_sleep_10s.py
[2022-04-15 08:12:58,475] {logging_mixin.py:109} INFO - [2022-04-15 08:12:58,474] {dag.py:2398} INFO - Sync 1 DAGs
[2022-04-15 08:12:58,492] {logging_mixin.py:109} INFO - [2022-04-15 08:12:58,491] {dag.py:2937} INFO - Setting next_dagrun for dag_sleep_10s to None
[2022-04-15 08:12:58,504] {processor.py:171} INFO - Processing /opt/airflow/dags/dag_sleep_10s.py took 0.061 seconds
