[2022-04-15 07:48:30,171] {processor.py:163} INFO - Started process (PID=625) to work on /opt/airflow/dags/karols_dag_sleep_10s.py
[2022-04-15 07:48:30,172] {processor.py:642} INFO - Processing file /opt/airflow/dags/karols_dag_sleep_10s.py for tasks to queue
[2022-04-15 07:48:30,172] {logging_mixin.py:109} INFO - [2022-04-15 07:48:30,172] {dagbag.py:500} INFO - Filling up the DagBag from /opt/airflow/dags/karols_dag_sleep_10s.py
[2022-04-15 07:48:30,184] {processor.py:652} INFO - DAG(s) dict_keys(['karols_dag_sleep_10s']) retrieved from /opt/airflow/dags/karols_dag_sleep_10s.py
[2022-04-15 07:48:30,494] {logging_mixin.py:109} INFO - [2022-04-15 07:48:30,494] {dag.py:2398} INFO - Sync 1 DAGs
[2022-04-15 07:48:30,514] {logging_mixin.py:109} INFO - [2022-04-15 07:48:30,514] {dag.py:2937} INFO - Setting next_dagrun for karols_dag_sleep_10s to 2022-04-15T06:00:00+00:00
[2022-04-15 07:48:30,530] {processor.py:171} INFO - Processing /opt/airflow/dags/karols_dag_sleep_10s.py took 0.361 seconds
[2022-04-15 07:49:01,392] {processor.py:163} INFO - Started process (PID=647) to work on /opt/airflow/dags/karols_dag_sleep_10s.py
[2022-04-15 07:49:01,393] {processor.py:642} INFO - Processing file /opt/airflow/dags/karols_dag_sleep_10s.py for tasks to queue
[2022-04-15 07:49:01,394] {logging_mixin.py:109} INFO - [2022-04-15 07:49:01,393] {dagbag.py:500} INFO - Filling up the DagBag from /opt/airflow/dags/karols_dag_sleep_10s.py
[2022-04-15 07:49:01,403] {processor.py:652} INFO - DAG(s) dict_keys(['karols_dag_sleep_10s']) retrieved from /opt/airflow/dags/karols_dag_sleep_10s.py
[2022-04-15 07:49:01,423] {logging_mixin.py:109} INFO - [2022-04-15 07:49:01,423] {dag.py:2398} INFO - Sync 1 DAGs
[2022-04-15 07:49:01,441] {logging_mixin.py:109} INFO - [2022-04-15 07:49:01,440] {dag.py:2937} INFO - Setting next_dagrun for karols_dag_sleep_10s to 2022-04-15T07:00:00+00:00
[2022-04-15 07:49:01,451] {processor.py:171} INFO - Processing /opt/airflow/dags/karols_dag_sleep_10s.py took 0.060 seconds
[2022-04-15 07:49:31,649] {processor.py:163} INFO - Started process (PID=680) to work on /opt/airflow/dags/karols_dag_sleep_10s.py
[2022-04-15 07:49:31,654] {processor.py:642} INFO - Processing file /opt/airflow/dags/karols_dag_sleep_10s.py for tasks to queue
[2022-04-15 07:49:31,654] {logging_mixin.py:109} INFO - [2022-04-15 07:49:31,654] {dagbag.py:500} INFO - Filling up the DagBag from /opt/airflow/dags/karols_dag_sleep_10s.py
[2022-04-15 07:49:31,668] {processor.py:652} INFO - DAG(s) dict_keys(['karols_dag_sleep_10s']) retrieved from /opt/airflow/dags/karols_dag_sleep_10s.py
[2022-04-15 07:49:31,766] {logging_mixin.py:109} INFO - [2022-04-15 07:49:31,766] {dag.py:2398} INFO - Sync 1 DAGs
[2022-04-15 07:49:31,787] {logging_mixin.py:109} INFO - [2022-04-15 07:49:31,787] {dag.py:2937} INFO - Setting next_dagrun for karols_dag_sleep_10s to 2022-04-15T07:00:00+00:00
[2022-04-15 07:49:31,807] {processor.py:171} INFO - Processing /opt/airflow/dags/karols_dag_sleep_10s.py took 0.161 seconds
[2022-04-15 07:50:01,994] {processor.py:163} INFO - Started process (PID=703) to work on /opt/airflow/dags/karols_dag_sleep_10s.py
[2022-04-15 07:50:01,995] {processor.py:642} INFO - Processing file /opt/airflow/dags/karols_dag_sleep_10s.py for tasks to queue
[2022-04-15 07:50:01,996] {logging_mixin.py:109} INFO - [2022-04-15 07:50:01,996] {dagbag.py:500} INFO - Filling up the DagBag from /opt/airflow/dags/karols_dag_sleep_10s.py
[2022-04-15 07:50:02,012] {processor.py:652} INFO - DAG(s) dict_keys(['karols_dag_sleep_10s']) retrieved from /opt/airflow/dags/karols_dag_sleep_10s.py
[2022-04-15 07:50:02,035] {logging_mixin.py:109} INFO - [2022-04-15 07:50:02,035] {dag.py:2398} INFO - Sync 1 DAGs
[2022-04-15 07:50:02,052] {logging_mixin.py:109} INFO - [2022-04-15 07:50:02,052] {dag.py:2937} INFO - Setting next_dagrun for karols_dag_sleep_10s to 2022-04-15T07:00:00+00:00
[2022-04-15 07:50:02,066] {processor.py:171} INFO - Processing /opt/airflow/dags/karols_dag_sleep_10s.py took 0.074 seconds
[2022-04-15 07:50:32,239] {processor.py:163} INFO - Started process (PID=735) to work on /opt/airflow/dags/karols_dag_sleep_10s.py
[2022-04-15 07:50:32,243] {processor.py:642} INFO - Processing file /opt/airflow/dags/karols_dag_sleep_10s.py for tasks to queue
[2022-04-15 07:50:32,244] {logging_mixin.py:109} INFO - [2022-04-15 07:50:32,244] {dagbag.py:500} INFO - Filling up the DagBag from /opt/airflow/dags/karols_dag_sleep_10s.py
[2022-04-15 07:50:32,259] {processor.py:652} INFO - DAG(s) dict_keys(['karols_dag_sleep_10s']) retrieved from /opt/airflow/dags/karols_dag_sleep_10s.py
[2022-04-15 07:50:32,375] {logging_mixin.py:109} INFO - [2022-04-15 07:50:32,375] {dag.py:2398} INFO - Sync 1 DAGs
[2022-04-15 07:50:32,407] {logging_mixin.py:109} INFO - [2022-04-15 07:50:32,407] {dag.py:2937} INFO - Setting next_dagrun for karols_dag_sleep_10s to 2022-04-15T07:00:00+00:00
[2022-04-15 07:50:32,425] {processor.py:171} INFO - Processing /opt/airflow/dags/karols_dag_sleep_10s.py took 0.192 seconds
[2022-04-15 07:51:02,451] {processor.py:163} INFO - Started process (PID=759) to work on /opt/airflow/dags/karols_dag_sleep_10s.py
[2022-04-15 07:51:02,452] {processor.py:642} INFO - Processing file /opt/airflow/dags/karols_dag_sleep_10s.py for tasks to queue
[2022-04-15 07:51:02,453] {logging_mixin.py:109} INFO - [2022-04-15 07:51:02,453] {dagbag.py:500} INFO - Filling up the DagBag from /opt/airflow/dags/karols_dag_sleep_10s.py
[2022-04-15 07:51:02,466] {processor.py:652} INFO - DAG(s) dict_keys(['karols_dag_sleep_10s']) retrieved from /opt/airflow/dags/karols_dag_sleep_10s.py
[2022-04-15 07:51:02,484] {logging_mixin.py:109} INFO - [2022-04-15 07:51:02,484] {dag.py:2398} INFO - Sync 1 DAGs
[2022-04-15 07:51:02,505] {logging_mixin.py:109} INFO - [2022-04-15 07:51:02,505] {dag.py:2937} INFO - Setting next_dagrun for karols_dag_sleep_10s to 2022-04-15T07:00:00+00:00
[2022-04-15 07:51:02,516] {processor.py:171} INFO - Processing /opt/airflow/dags/karols_dag_sleep_10s.py took 0.067 seconds
[2022-04-15 07:51:32,677] {processor.py:163} INFO - Started process (PID=783) to work on /opt/airflow/dags/karols_dag_sleep_10s.py
[2022-04-15 07:51:32,678] {processor.py:642} INFO - Processing file /opt/airflow/dags/karols_dag_sleep_10s.py for tasks to queue
[2022-04-15 07:51:32,678] {logging_mixin.py:109} INFO - [2022-04-15 07:51:32,678] {dagbag.py:500} INFO - Filling up the DagBag from /opt/airflow/dags/karols_dag_sleep_10s.py
[2022-04-15 07:51:32,692] {processor.py:652} INFO - DAG(s) dict_keys(['karols_dag_sleep_10s']) retrieved from /opt/airflow/dags/karols_dag_sleep_10s.py
[2022-04-15 07:51:32,709] {logging_mixin.py:109} INFO - [2022-04-15 07:51:32,709] {dag.py:2398} INFO - Sync 1 DAGs
[2022-04-15 07:51:32,725] {logging_mixin.py:109} INFO - [2022-04-15 07:51:32,725] {dag.py:2937} INFO - Setting next_dagrun for karols_dag_sleep_10s to 2022-04-15T07:00:00+00:00
[2022-04-15 07:51:32,736] {processor.py:171} INFO - Processing /opt/airflow/dags/karols_dag_sleep_10s.py took 0.061 seconds
[2022-04-15 07:52:02,967] {processor.py:163} INFO - Started process (PID=815) to work on /opt/airflow/dags/karols_dag_sleep_10s.py
[2022-04-15 07:52:02,968] {processor.py:642} INFO - Processing file /opt/airflow/dags/karols_dag_sleep_10s.py for tasks to queue
[2022-04-15 07:52:02,969] {logging_mixin.py:109} INFO - [2022-04-15 07:52:02,969] {dagbag.py:500} INFO - Filling up the DagBag from /opt/airflow/dags/karols_dag_sleep_10s.py
[2022-04-15 07:52:02,982] {processor.py:652} INFO - DAG(s) dict_keys(['karols_dag_sleep_10s']) retrieved from /opt/airflow/dags/karols_dag_sleep_10s.py
[2022-04-15 07:52:03,006] {logging_mixin.py:109} INFO - [2022-04-15 07:52:03,006] {dag.py:2398} INFO - Sync 1 DAGs
[2022-04-15 07:52:03,023] {logging_mixin.py:109} INFO - [2022-04-15 07:52:03,023] {dag.py:2937} INFO - Setting next_dagrun for karols_dag_sleep_10s to 2022-04-15T07:00:00+00:00
[2022-04-15 07:52:03,036] {processor.py:171} INFO - Processing /opt/airflow/dags/karols_dag_sleep_10s.py took 0.070 seconds
