[2022-04-15 07:38:41,215] {processor.py:163} INFO - Started process (PID=114) to work on /opt/airflow/dags/template_task.py
[2022-04-15 07:38:41,216] {processor.py:642} INFO - Processing file /opt/airflow/dags/template_task.py for tasks to queue
[2022-04-15 07:38:41,217] {logging_mixin.py:109} INFO - [2022-04-15 07:38:41,217] {dagbag.py:500} INFO - Filling up the DagBag from /opt/airflow/dags/template_task.py
[2022-04-15 07:38:41,254] {processor.py:652} INFO - DAG(s) dict_keys(['template_task']) retrieved from /opt/airflow/dags/template_task.py
[2022-04-15 07:38:41,601] {logging_mixin.py:109} INFO - [2022-04-15 07:38:41,601] {dag.py:2398} INFO - Sync 1 DAGs
[2022-04-15 07:38:41,620] {logging_mixin.py:109} INFO - [2022-04-15 07:38:41,619] {dag.py:2937} INFO - Setting next_dagrun for template_task to None
[2022-04-15 07:38:41,645] {processor.py:171} INFO - Processing /opt/airflow/dags/template_task.py took 0.432 seconds
[2022-04-15 07:39:11,785] {processor.py:163} INFO - Started process (PID=144) to work on /opt/airflow/dags/template_task.py
[2022-04-15 07:39:11,786] {processor.py:642} INFO - Processing file /opt/airflow/dags/template_task.py for tasks to queue
[2022-04-15 07:39:11,787] {logging_mixin.py:109} INFO - [2022-04-15 07:39:11,786] {dagbag.py:500} INFO - Filling up the DagBag from /opt/airflow/dags/template_task.py
[2022-04-15 07:39:11,813] {processor.py:652} INFO - DAG(s) dict_keys(['template_task']) retrieved from /opt/airflow/dags/template_task.py
[2022-04-15 07:39:11,845] {logging_mixin.py:109} INFO - [2022-04-15 07:39:11,845] {dag.py:2398} INFO - Sync 1 DAGs
[2022-04-15 07:39:11,862] {logging_mixin.py:109} INFO - [2022-04-15 07:39:11,862] {dag.py:2937} INFO - Setting next_dagrun for template_task to None
[2022-04-15 07:39:11,877] {processor.py:171} INFO - Processing /opt/airflow/dags/template_task.py took 0.094 seconds
[2022-04-15 07:39:42,048] {processor.py:163} INFO - Started process (PID=166) to work on /opt/airflow/dags/template_task.py
[2022-04-15 07:39:42,050] {processor.py:642} INFO - Processing file /opt/airflow/dags/template_task.py for tasks to queue
[2022-04-15 07:39:42,051] {logging_mixin.py:109} INFO - [2022-04-15 07:39:42,051] {dagbag.py:500} INFO - Filling up the DagBag from /opt/airflow/dags/template_task.py
[2022-04-15 07:39:42,116] {processor.py:652} INFO - DAG(s) dict_keys(['template_task']) retrieved from /opt/airflow/dags/template_task.py
[2022-04-15 07:39:42,217] {logging_mixin.py:109} INFO - [2022-04-15 07:39:42,216] {dag.py:2398} INFO - Sync 1 DAGs
[2022-04-15 07:39:42,238] {logging_mixin.py:109} INFO - [2022-04-15 07:39:42,238] {dag.py:2937} INFO - Setting next_dagrun for template_task to None
[2022-04-15 07:39:42,252] {processor.py:171} INFO - Processing /opt/airflow/dags/template_task.py took 0.208 seconds
[2022-04-15 07:40:13,248] {processor.py:163} INFO - Started process (PID=196) to work on /opt/airflow/dags/template_task.py
[2022-04-15 07:40:13,257] {processor.py:642} INFO - Processing file /opt/airflow/dags/template_task.py for tasks to queue
[2022-04-15 07:40:13,258] {logging_mixin.py:109} INFO - [2022-04-15 07:40:13,258] {dagbag.py:500} INFO - Filling up the DagBag from /opt/airflow/dags/template_task.py
[2022-04-15 07:40:13,282] {processor.py:652} INFO - DAG(s) dict_keys(['template_task']) retrieved from /opt/airflow/dags/template_task.py
[2022-04-15 07:40:13,319] {logging_mixin.py:109} INFO - [2022-04-15 07:40:13,319] {dag.py:2398} INFO - Sync 1 DAGs
[2022-04-15 07:40:13,334] {logging_mixin.py:109} INFO - [2022-04-15 07:40:13,333] {dag.py:2937} INFO - Setting next_dagrun for template_task to None
[2022-04-15 07:40:13,347] {processor.py:171} INFO - Processing /opt/airflow/dags/template_task.py took 0.101 seconds
[2022-04-15 07:40:43,460] {processor.py:163} INFO - Started process (PID=219) to work on /opt/airflow/dags/template_task.py
[2022-04-15 07:40:43,462] {processor.py:642} INFO - Processing file /opt/airflow/dags/template_task.py for tasks to queue
[2022-04-15 07:40:43,463] {logging_mixin.py:109} INFO - [2022-04-15 07:40:43,463] {dagbag.py:500} INFO - Filling up the DagBag from /opt/airflow/dags/template_task.py
[2022-04-15 07:40:43,491] {processor.py:652} INFO - DAG(s) dict_keys(['template_task']) retrieved from /opt/airflow/dags/template_task.py
[2022-04-15 07:40:43,528] {logging_mixin.py:109} INFO - [2022-04-15 07:40:43,528] {dag.py:2398} INFO - Sync 1 DAGs
[2022-04-15 07:40:43,542] {logging_mixin.py:109} INFO - [2022-04-15 07:40:43,542] {dag.py:2937} INFO - Setting next_dagrun for template_task to None
[2022-04-15 07:40:43,560] {processor.py:171} INFO - Processing /opt/airflow/dags/template_task.py took 0.102 seconds
[2022-04-15 07:41:13,718] {processor.py:163} INFO - Started process (PID=251) to work on /opt/airflow/dags/template_task.py
[2022-04-15 07:41:13,719] {processor.py:642} INFO - Processing file /opt/airflow/dags/template_task.py for tasks to queue
[2022-04-15 07:41:13,720] {logging_mixin.py:109} INFO - [2022-04-15 07:41:13,720] {dagbag.py:500} INFO - Filling up the DagBag from /opt/airflow/dags/template_task.py
[2022-04-15 07:41:13,750] {processor.py:652} INFO - DAG(s) dict_keys(['template_task']) retrieved from /opt/airflow/dags/template_task.py
[2022-04-15 07:41:13,788] {logging_mixin.py:109} INFO - [2022-04-15 07:41:13,788] {dag.py:2398} INFO - Sync 1 DAGs
[2022-04-15 07:41:13,802] {logging_mixin.py:109} INFO - [2022-04-15 07:41:13,801] {dag.py:2937} INFO - Setting next_dagrun for template_task to None
[2022-04-15 07:41:13,817] {processor.py:171} INFO - Processing /opt/airflow/dags/template_task.py took 0.101 seconds
[2022-04-15 07:41:43,920] {processor.py:163} INFO - Started process (PID=273) to work on /opt/airflow/dags/template_task.py
[2022-04-15 07:41:43,921] {processor.py:642} INFO - Processing file /opt/airflow/dags/template_task.py for tasks to queue
[2022-04-15 07:41:43,921] {logging_mixin.py:109} INFO - [2022-04-15 07:41:43,921] {dagbag.py:500} INFO - Filling up the DagBag from /opt/airflow/dags/template_task.py
[2022-04-15 07:41:43,947] {processor.py:652} INFO - DAG(s) dict_keys(['template_task']) retrieved from /opt/airflow/dags/template_task.py
[2022-04-15 07:41:43,979] {logging_mixin.py:109} INFO - [2022-04-15 07:41:43,979] {dag.py:2398} INFO - Sync 1 DAGs
[2022-04-15 07:41:43,998] {logging_mixin.py:109} INFO - [2022-04-15 07:41:43,997] {dag.py:2937} INFO - Setting next_dagrun for template_task to None
[2022-04-15 07:41:44,020] {processor.py:171} INFO - Processing /opt/airflow/dags/template_task.py took 0.101 seconds
[2022-04-15 07:42:14,126] {processor.py:163} INFO - Started process (PID=303) to work on /opt/airflow/dags/template_task.py
[2022-04-15 07:42:14,135] {processor.py:642} INFO - Processing file /opt/airflow/dags/template_task.py for tasks to queue
[2022-04-15 07:42:14,136] {logging_mixin.py:109} INFO - [2022-04-15 07:42:14,136] {dagbag.py:500} INFO - Filling up the DagBag from /opt/airflow/dags/template_task.py
[2022-04-15 07:42:14,162] {processor.py:652} INFO - DAG(s) dict_keys(['template_task']) retrieved from /opt/airflow/dags/template_task.py
[2022-04-15 07:42:14,196] {logging_mixin.py:109} INFO - [2022-04-15 07:42:14,196] {dag.py:2398} INFO - Sync 1 DAGs
[2022-04-15 07:42:14,211] {logging_mixin.py:109} INFO - [2022-04-15 07:42:14,211] {dag.py:2937} INFO - Setting next_dagrun for template_task to None
[2022-04-15 07:42:14,226] {processor.py:171} INFO - Processing /opt/airflow/dags/template_task.py took 0.102 seconds
[2022-04-15 07:42:44,340] {processor.py:163} INFO - Started process (PID=324) to work on /opt/airflow/dags/template_task.py
[2022-04-15 07:42:44,341] {processor.py:642} INFO - Processing file /opt/airflow/dags/template_task.py for tasks to queue
[2022-04-15 07:42:44,341] {logging_mixin.py:109} INFO - [2022-04-15 07:42:44,341] {dagbag.py:500} INFO - Filling up the DagBag from /opt/airflow/dags/template_task.py
[2022-04-15 07:42:44,374] {processor.py:652} INFO - DAG(s) dict_keys(['template_task']) retrieved from /opt/airflow/dags/template_task.py
[2022-04-15 07:42:44,414] {logging_mixin.py:109} INFO - [2022-04-15 07:42:44,414] {dag.py:2398} INFO - Sync 1 DAGs
[2022-04-15 07:42:44,433] {logging_mixin.py:109} INFO - [2022-04-15 07:42:44,433] {dag.py:2937} INFO - Setting next_dagrun for template_task to None
[2022-04-15 07:42:44,450] {processor.py:171} INFO - Processing /opt/airflow/dags/template_task.py took 0.112 seconds
[2022-04-15 07:43:14,698] {processor.py:163} INFO - Started process (PID=356) to work on /opt/airflow/dags/template_task.py
[2022-04-15 07:43:14,702] {processor.py:642} INFO - Processing file /opt/airflow/dags/template_task.py for tasks to queue
[2022-04-15 07:43:14,703] {logging_mixin.py:109} INFO - [2022-04-15 07:43:14,703] {dagbag.py:500} INFO - Filling up the DagBag from /opt/airflow/dags/template_task.py
[2022-04-15 07:43:14,743] {processor.py:652} INFO - DAG(s) dict_keys(['template_task']) retrieved from /opt/airflow/dags/template_task.py
[2022-04-15 07:43:14,907] {logging_mixin.py:109} INFO - [2022-04-15 07:43:14,907] {dag.py:2398} INFO - Sync 1 DAGs
[2022-04-15 07:43:14,932] {logging_mixin.py:109} INFO - [2022-04-15 07:43:14,932] {dag.py:2937} INFO - Setting next_dagrun for template_task to None
[2022-04-15 07:43:14,957] {processor.py:171} INFO - Processing /opt/airflow/dags/template_task.py took 0.261 seconds
[2022-04-15 07:43:45,973] {processor.py:163} INFO - Started process (PID=378) to work on /opt/airflow/dags/template_task.py
[2022-04-15 07:43:45,983] {processor.py:642} INFO - Processing file /opt/airflow/dags/template_task.py for tasks to queue
[2022-04-15 07:43:45,984] {logging_mixin.py:109} INFO - [2022-04-15 07:43:45,984] {dagbag.py:500} INFO - Filling up the DagBag from /opt/airflow/dags/template_task.py
[2022-04-15 07:43:46,046] {processor.py:652} INFO - DAG(s) dict_keys(['template_task']) retrieved from /opt/airflow/dags/template_task.py
[2022-04-15 07:43:46,086] {logging_mixin.py:109} INFO - [2022-04-15 07:43:46,086] {dag.py:2398} INFO - Sync 1 DAGs
[2022-04-15 07:43:46,103] {logging_mixin.py:109} INFO - [2022-04-15 07:43:46,103] {dag.py:2937} INFO - Setting next_dagrun for template_task to None
[2022-04-15 07:43:46,117] {processor.py:171} INFO - Processing /opt/airflow/dags/template_task.py took 0.153 seconds
[2022-04-15 07:44:16,199] {processor.py:163} INFO - Started process (PID=410) to work on /opt/airflow/dags/template_task.py
[2022-04-15 07:44:16,200] {processor.py:642} INFO - Processing file /opt/airflow/dags/template_task.py for tasks to queue
[2022-04-15 07:44:16,200] {logging_mixin.py:109} INFO - [2022-04-15 07:44:16,200] {dagbag.py:500} INFO - Filling up the DagBag from /opt/airflow/dags/template_task.py
[2022-04-15 07:44:16,226] {processor.py:652} INFO - DAG(s) dict_keys(['template_task']) retrieved from /opt/airflow/dags/template_task.py
[2022-04-15 07:44:16,262] {logging_mixin.py:109} INFO - [2022-04-15 07:44:16,262] {dag.py:2398} INFO - Sync 1 DAGs
[2022-04-15 07:44:16,278] {logging_mixin.py:109} INFO - [2022-04-15 07:44:16,278] {dag.py:2937} INFO - Setting next_dagrun for template_task to None
[2022-04-15 07:44:16,290] {processor.py:171} INFO - Processing /opt/airflow/dags/template_task.py took 0.092 seconds
[2022-04-15 07:44:46,363] {processor.py:163} INFO - Started process (PID=433) to work on /opt/airflow/dags/template_task.py
[2022-04-15 07:44:46,368] {processor.py:642} INFO - Processing file /opt/airflow/dags/template_task.py for tasks to queue
[2022-04-15 07:44:46,368] {logging_mixin.py:109} INFO - [2022-04-15 07:44:46,368] {dagbag.py:500} INFO - Filling up the DagBag from /opt/airflow/dags/template_task.py
[2022-04-15 07:44:46,408] {processor.py:652} INFO - DAG(s) dict_keys(['template_task']) retrieved from /opt/airflow/dags/template_task.py
[2022-04-15 07:44:46,457] {logging_mixin.py:109} INFO - [2022-04-15 07:44:46,457] {dag.py:2398} INFO - Sync 1 DAGs
[2022-04-15 07:44:46,474] {logging_mixin.py:109} INFO - [2022-04-15 07:44:46,474] {dag.py:2937} INFO - Setting next_dagrun for template_task to None
[2022-04-15 07:44:46,487] {processor.py:171} INFO - Processing /opt/airflow/dags/template_task.py took 0.126 seconds
[2022-04-15 07:45:16,669] {processor.py:163} INFO - Started process (PID=463) to work on /opt/airflow/dags/template_task.py
[2022-04-15 07:45:16,669] {processor.py:642} INFO - Processing file /opt/airflow/dags/template_task.py for tasks to queue
[2022-04-15 07:45:16,670] {logging_mixin.py:109} INFO - [2022-04-15 07:45:16,670] {dagbag.py:500} INFO - Filling up the DagBag from /opt/airflow/dags/template_task.py
[2022-04-15 07:45:16,696] {processor.py:652} INFO - DAG(s) dict_keys(['template_task']) retrieved from /opt/airflow/dags/template_task.py
[2022-04-15 07:45:16,731] {logging_mixin.py:109} INFO - [2022-04-15 07:45:16,730] {dag.py:2398} INFO - Sync 1 DAGs
[2022-04-15 07:45:16,745] {logging_mixin.py:109} INFO - [2022-04-15 07:45:16,745] {dag.py:2937} INFO - Setting next_dagrun for template_task to None
[2022-04-15 07:45:16,759] {processor.py:171} INFO - Processing /opt/airflow/dags/template_task.py took 0.092 seconds
[2022-04-15 07:45:46,900] {processor.py:163} INFO - Started process (PID=485) to work on /opt/airflow/dags/template_task.py
[2022-04-15 07:45:46,909] {processor.py:642} INFO - Processing file /opt/airflow/dags/template_task.py for tasks to queue
[2022-04-15 07:45:46,910] {logging_mixin.py:109} INFO - [2022-04-15 07:45:46,909] {dagbag.py:500} INFO - Filling up the DagBag from /opt/airflow/dags/template_task.py
[2022-04-15 07:45:46,936] {processor.py:652} INFO - DAG(s) dict_keys(['template_task']) retrieved from /opt/airflow/dags/template_task.py
[2022-04-15 07:45:46,968] {logging_mixin.py:109} INFO - [2022-04-15 07:45:46,968] {dag.py:2398} INFO - Sync 1 DAGs
[2022-04-15 07:45:46,983] {logging_mixin.py:109} INFO - [2022-04-15 07:45:46,983] {dag.py:2937} INFO - Setting next_dagrun for template_task to None
[2022-04-15 07:45:46,996] {processor.py:171} INFO - Processing /opt/airflow/dags/template_task.py took 0.098 seconds
[2022-04-15 07:46:17,057] {processor.py:163} INFO - Started process (PID=507) to work on /opt/airflow/dags/template_task.py
[2022-04-15 07:46:17,066] {processor.py:642} INFO - Processing file /opt/airflow/dags/template_task.py for tasks to queue
[2022-04-15 07:46:17,067] {logging_mixin.py:109} INFO - [2022-04-15 07:46:17,067] {dagbag.py:500} INFO - Filling up the DagBag from /opt/airflow/dags/template_task.py
[2022-04-15 07:46:17,094] {processor.py:652} INFO - DAG(s) dict_keys(['template_task']) retrieved from /opt/airflow/dags/template_task.py
[2022-04-15 07:46:17,126] {logging_mixin.py:109} INFO - [2022-04-15 07:46:17,126] {dag.py:2398} INFO - Sync 1 DAGs
[2022-04-15 07:46:17,141] {logging_mixin.py:109} INFO - [2022-04-15 07:46:17,141] {dag.py:2937} INFO - Setting next_dagrun for template_task to None
[2022-04-15 07:46:17,154] {processor.py:171} INFO - Processing /opt/airflow/dags/template_task.py took 0.099 seconds
[2022-04-15 07:46:47,265] {processor.py:163} INFO - Started process (PID=538) to work on /opt/airflow/dags/template_task.py
[2022-04-15 07:46:47,266] {processor.py:642} INFO - Processing file /opt/airflow/dags/template_task.py for tasks to queue
[2022-04-15 07:46:47,266] {logging_mixin.py:109} INFO - [2022-04-15 07:46:47,266] {dagbag.py:500} INFO - Filling up the DagBag from /opt/airflow/dags/template_task.py
[2022-04-15 07:46:47,290] {processor.py:652} INFO - DAG(s) dict_keys(['template_task']) retrieved from /opt/airflow/dags/template_task.py
[2022-04-15 07:46:47,326] {logging_mixin.py:109} INFO - [2022-04-15 07:46:47,325] {dag.py:2398} INFO - Sync 1 DAGs
[2022-04-15 07:46:47,345] {logging_mixin.py:109} INFO - [2022-04-15 07:46:47,345] {dag.py:2937} INFO - Setting next_dagrun for template_task to None
[2022-04-15 07:46:47,360] {processor.py:171} INFO - Processing /opt/airflow/dags/template_task.py took 0.097 seconds
[2022-04-15 07:47:17,663] {processor.py:163} INFO - Started process (PID=561) to work on /opt/airflow/dags/template_task.py
[2022-04-15 07:47:17,665] {processor.py:642} INFO - Processing file /opt/airflow/dags/template_task.py for tasks to queue
[2022-04-15 07:47:17,666] {logging_mixin.py:109} INFO - [2022-04-15 07:47:17,666] {dagbag.py:500} INFO - Filling up the DagBag from /opt/airflow/dags/template_task.py
[2022-04-15 07:47:17,698] {processor.py:652} INFO - DAG(s) dict_keys(['template_task']) retrieved from /opt/airflow/dags/template_task.py
[2022-04-15 07:47:17,738] {logging_mixin.py:109} INFO - [2022-04-15 07:47:17,738] {dag.py:2398} INFO - Sync 1 DAGs
[2022-04-15 07:47:17,755] {logging_mixin.py:109} INFO - [2022-04-15 07:47:17,755] {dag.py:2937} INFO - Setting next_dagrun for template_task to None
[2022-04-15 07:47:17,765] {processor.py:171} INFO - Processing /opt/airflow/dags/template_task.py took 0.105 seconds
[2022-04-15 07:47:47,832] {processor.py:163} INFO - Started process (PID=582) to work on /opt/airflow/dags/template_task.py
[2022-04-15 07:47:47,841] {processor.py:642} INFO - Processing file /opt/airflow/dags/template_task.py for tasks to queue
[2022-04-15 07:47:47,841] {logging_mixin.py:109} INFO - [2022-04-15 07:47:47,841] {dagbag.py:500} INFO - Filling up the DagBag from /opt/airflow/dags/template_task.py
[2022-04-15 07:47:47,867] {processor.py:652} INFO - DAG(s) dict_keys(['template_task']) retrieved from /opt/airflow/dags/template_task.py
[2022-04-15 07:47:47,899] {logging_mixin.py:109} INFO - [2022-04-15 07:47:47,899] {dag.py:2398} INFO - Sync 1 DAGs
[2022-04-15 07:47:47,915] {logging_mixin.py:109} INFO - [2022-04-15 07:47:47,915] {dag.py:2937} INFO - Setting next_dagrun for template_task to None
[2022-04-15 07:47:47,925] {processor.py:171} INFO - Processing /opt/airflow/dags/template_task.py took 0.094 seconds
[2022-04-15 07:48:18,035] {processor.py:163} INFO - Started process (PID=614) to work on /opt/airflow/dags/template_task.py
[2022-04-15 07:48:18,036] {processor.py:642} INFO - Processing file /opt/airflow/dags/template_task.py for tasks to queue
[2022-04-15 07:48:18,036] {logging_mixin.py:109} INFO - [2022-04-15 07:48:18,036] {dagbag.py:500} INFO - Filling up the DagBag from /opt/airflow/dags/template_task.py
[2022-04-15 07:48:18,065] {processor.py:652} INFO - DAG(s) dict_keys(['template_task']) retrieved from /opt/airflow/dags/template_task.py
[2022-04-15 07:48:18,102] {logging_mixin.py:109} INFO - [2022-04-15 07:48:18,101] {dag.py:2398} INFO - Sync 1 DAGs
[2022-04-15 07:48:18,120] {logging_mixin.py:109} INFO - [2022-04-15 07:48:18,120] {dag.py:2937} INFO - Setting next_dagrun for template_task to None
[2022-04-15 07:48:18,134] {processor.py:171} INFO - Processing /opt/airflow/dags/template_task.py took 0.101 seconds
[2022-04-15 07:48:48,253] {processor.py:163} INFO - Started process (PID=637) to work on /opt/airflow/dags/template_task.py
[2022-04-15 07:48:48,262] {processor.py:642} INFO - Processing file /opt/airflow/dags/template_task.py for tasks to queue
[2022-04-15 07:48:48,262] {logging_mixin.py:109} INFO - [2022-04-15 07:48:48,262] {dagbag.py:500} INFO - Filling up the DagBag from /opt/airflow/dags/template_task.py
[2022-04-15 07:48:48,287] {processor.py:652} INFO - DAG(s) dict_keys(['template_task']) retrieved from /opt/airflow/dags/template_task.py
[2022-04-15 07:48:48,320] {logging_mixin.py:109} INFO - [2022-04-15 07:48:48,320] {dag.py:2398} INFO - Sync 1 DAGs
[2022-04-15 07:48:48,436] {logging_mixin.py:109} INFO - [2022-04-15 07:48:48,436] {dag.py:2937} INFO - Setting next_dagrun for template_task to None
[2022-04-15 07:48:48,449] {processor.py:171} INFO - Processing /opt/airflow/dags/template_task.py took 0.198 seconds
[2022-04-15 07:49:18,498] {processor.py:163} INFO - Started process (PID=669) to work on /opt/airflow/dags/template_task.py
[2022-04-15 07:49:18,499] {processor.py:642} INFO - Processing file /opt/airflow/dags/template_task.py for tasks to queue
[2022-04-15 07:49:18,499] {logging_mixin.py:109} INFO - [2022-04-15 07:49:18,499] {dagbag.py:500} INFO - Filling up the DagBag from /opt/airflow/dags/template_task.py
[2022-04-15 07:49:18,532] {processor.py:652} INFO - DAG(s) dict_keys(['template_task']) retrieved from /opt/airflow/dags/template_task.py
[2022-04-15 07:49:18,574] {logging_mixin.py:109} INFO - [2022-04-15 07:49:18,574] {dag.py:2398} INFO - Sync 1 DAGs
[2022-04-15 07:49:18,718] {logging_mixin.py:109} INFO - [2022-04-15 07:49:18,718] {dag.py:2937} INFO - Setting next_dagrun for template_task to None
[2022-04-15 07:49:18,735] {processor.py:171} INFO - Processing /opt/airflow/dags/template_task.py took 0.240 seconds
[2022-04-15 07:49:48,856] {processor.py:163} INFO - Started process (PID=693) to work on /opt/airflow/dags/template_task.py
[2022-04-15 07:49:48,860] {processor.py:642} INFO - Processing file /opt/airflow/dags/template_task.py for tasks to queue
[2022-04-15 07:49:48,861] {logging_mixin.py:109} INFO - [2022-04-15 07:49:48,861] {dagbag.py:500} INFO - Filling up the DagBag from /opt/airflow/dags/template_task.py
[2022-04-15 07:49:48,890] {processor.py:652} INFO - DAG(s) dict_keys(['template_task']) retrieved from /opt/airflow/dags/template_task.py
[2022-04-15 07:49:49,032] {logging_mixin.py:109} INFO - [2022-04-15 07:49:49,032] {dag.py:2398} INFO - Sync 1 DAGs
[2022-04-15 07:49:49,051] {logging_mixin.py:109} INFO - [2022-04-15 07:49:49,051] {dag.py:2937} INFO - Setting next_dagrun for template_task to None
[2022-04-15 07:49:49,064] {processor.py:171} INFO - Processing /opt/airflow/dags/template_task.py took 0.214 seconds
[2022-04-15 07:50:19,167] {processor.py:163} INFO - Started process (PID=725) to work on /opt/airflow/dags/template_task.py
[2022-04-15 07:50:19,169] {processor.py:642} INFO - Processing file /opt/airflow/dags/template_task.py for tasks to queue
[2022-04-15 07:50:19,169] {logging_mixin.py:109} INFO - [2022-04-15 07:50:19,169] {dagbag.py:500} INFO - Filling up the DagBag from /opt/airflow/dags/template_task.py
[2022-04-15 07:50:19,218] {processor.py:652} INFO - DAG(s) dict_keys(['template_task']) retrieved from /opt/airflow/dags/template_task.py
[2022-04-15 07:50:19,382] {logging_mixin.py:109} INFO - [2022-04-15 07:50:19,382] {dag.py:2398} INFO - Sync 1 DAGs
[2022-04-15 07:50:19,403] {logging_mixin.py:109} INFO - [2022-04-15 07:50:19,403] {dag.py:2937} INFO - Setting next_dagrun for template_task to None
[2022-04-15 07:50:19,423] {processor.py:171} INFO - Processing /opt/airflow/dags/template_task.py took 0.259 seconds
[2022-04-15 07:50:50,381] {processor.py:163} INFO - Started process (PID=748) to work on /opt/airflow/dags/template_task.py
[2022-04-15 07:50:50,383] {processor.py:642} INFO - Processing file /opt/airflow/dags/template_task.py for tasks to queue
[2022-04-15 07:50:50,383] {logging_mixin.py:109} INFO - [2022-04-15 07:50:50,383] {dagbag.py:500} INFO - Filling up the DagBag from /opt/airflow/dags/template_task.py
[2022-04-15 07:50:50,414] {processor.py:652} INFO - DAG(s) dict_keys(['template_task']) retrieved from /opt/airflow/dags/template_task.py
[2022-04-15 07:50:50,572] {logging_mixin.py:109} INFO - [2022-04-15 07:50:50,572] {dag.py:2398} INFO - Sync 1 DAGs
[2022-04-15 07:50:50,586] {logging_mixin.py:109} INFO - [2022-04-15 07:50:50,586] {dag.py:2937} INFO - Setting next_dagrun for template_task to None
[2022-04-15 07:50:50,600] {processor.py:171} INFO - Processing /opt/airflow/dags/template_task.py took 0.221 seconds
[2022-04-15 07:51:21,617] {processor.py:163} INFO - Started process (PID=782) to work on /opt/airflow/dags/template_task.py
[2022-04-15 07:51:21,618] {processor.py:642} INFO - Processing file /opt/airflow/dags/template_task.py for tasks to queue
[2022-04-15 07:51:21,619] {logging_mixin.py:109} INFO - [2022-04-15 07:51:21,619] {dagbag.py:500} INFO - Filling up the DagBag from /opt/airflow/dags/template_task.py
[2022-04-15 07:51:21,751] {processor.py:652} INFO - DAG(s) dict_keys(['template_task']) retrieved from /opt/airflow/dags/template_task.py
[2022-04-15 07:51:21,786] {logging_mixin.py:109} INFO - [2022-04-15 07:51:21,786] {dag.py:2398} INFO - Sync 1 DAGs
[2022-04-15 07:51:21,800] {logging_mixin.py:109} INFO - [2022-04-15 07:51:21,800] {dag.py:2937} INFO - Setting next_dagrun for template_task to None
[2022-04-15 07:51:21,814] {processor.py:171} INFO - Processing /opt/airflow/dags/template_task.py took 0.200 seconds
[2022-04-15 07:51:51,910] {processor.py:163} INFO - Started process (PID=805) to work on /opt/airflow/dags/template_task.py
[2022-04-15 07:51:51,910] {processor.py:642} INFO - Processing file /opt/airflow/dags/template_task.py for tasks to queue
[2022-04-15 07:51:51,911] {logging_mixin.py:109} INFO - [2022-04-15 07:51:51,911] {dagbag.py:500} INFO - Filling up the DagBag from /opt/airflow/dags/template_task.py
[2022-04-15 07:51:52,022] {processor.py:652} INFO - DAG(s) dict_keys(['template_task']) retrieved from /opt/airflow/dags/template_task.py
[2022-04-15 07:51:52,054] {logging_mixin.py:109} INFO - [2022-04-15 07:51:52,053] {dag.py:2398} INFO - Sync 1 DAGs
[2022-04-15 07:51:52,068] {logging_mixin.py:109} INFO - [2022-04-15 07:51:52,068] {dag.py:2937} INFO - Setting next_dagrun for template_task to None
[2022-04-15 07:51:52,080] {processor.py:171} INFO - Processing /opt/airflow/dags/template_task.py took 0.173 seconds
[2022-04-15 07:52:22,176] {processor.py:163} INFO - Started process (PID=828) to work on /opt/airflow/dags/template_task.py
[2022-04-15 07:52:22,185] {processor.py:642} INFO - Processing file /opt/airflow/dags/template_task.py for tasks to queue
[2022-04-15 07:52:22,185] {logging_mixin.py:109} INFO - [2022-04-15 07:52:22,185] {dagbag.py:500} INFO - Filling up the DagBag from /opt/airflow/dags/template_task.py
[2022-04-15 07:52:22,360] {processor.py:652} INFO - DAG(s) dict_keys(['template_task']) retrieved from /opt/airflow/dags/template_task.py
[2022-04-15 07:52:22,395] {logging_mixin.py:109} INFO - [2022-04-15 07:52:22,395] {dag.py:2398} INFO - Sync 1 DAGs
[2022-04-15 07:52:22,411] {logging_mixin.py:109} INFO - [2022-04-15 07:52:22,411] {dag.py:2937} INFO - Setting next_dagrun for template_task to None
[2022-04-15 07:52:22,427] {processor.py:171} INFO - Processing /opt/airflow/dags/template_task.py took 0.257 seconds
[2022-04-15 07:52:52,613] {processor.py:163} INFO - Started process (PID=865) to work on /opt/airflow/dags/template_task.py
[2022-04-15 07:52:52,621] {processor.py:642} INFO - Processing file /opt/airflow/dags/template_task.py for tasks to queue
[2022-04-15 07:52:52,622] {logging_mixin.py:109} INFO - [2022-04-15 07:52:52,622] {dagbag.py:500} INFO - Filling up the DagBag from /opt/airflow/dags/template_task.py
[2022-04-15 07:52:52,735] {processor.py:652} INFO - DAG(s) dict_keys(['template_task']) retrieved from /opt/airflow/dags/template_task.py
[2022-04-15 07:52:52,768] {logging_mixin.py:109} INFO - [2022-04-15 07:52:52,768] {dag.py:2398} INFO - Sync 1 DAGs
[2022-04-15 07:52:52,783] {logging_mixin.py:109} INFO - [2022-04-15 07:52:52,783] {dag.py:2937} INFO - Setting next_dagrun for template_task to None
[2022-04-15 07:52:52,796] {processor.py:171} INFO - Processing /opt/airflow/dags/template_task.py took 0.186 seconds
[2022-04-15 07:53:22,931] {processor.py:163} INFO - Started process (PID=887) to work on /opt/airflow/dags/template_task.py
[2022-04-15 07:53:22,932] {processor.py:642} INFO - Processing file /opt/airflow/dags/template_task.py for tasks to queue
[2022-04-15 07:53:22,932] {logging_mixin.py:109} INFO - [2022-04-15 07:53:22,932] {dagbag.py:500} INFO - Filling up the DagBag from /opt/airflow/dags/template_task.py
[2022-04-15 07:53:23,037] {processor.py:652} INFO - DAG(s) dict_keys(['template_task']) retrieved from /opt/airflow/dags/template_task.py
[2022-04-15 07:53:23,074] {logging_mixin.py:109} INFO - [2022-04-15 07:53:23,074] {dag.py:2398} INFO - Sync 1 DAGs
[2022-04-15 07:53:23,087] {logging_mixin.py:109} INFO - [2022-04-15 07:53:23,087] {dag.py:2937} INFO - Setting next_dagrun for template_task to None
[2022-04-15 07:53:23,101] {processor.py:171} INFO - Processing /opt/airflow/dags/template_task.py took 0.172 seconds
[2022-04-15 07:53:53,270] {processor.py:163} INFO - Started process (PID=919) to work on /opt/airflow/dags/template_task.py
[2022-04-15 07:53:53,274] {processor.py:642} INFO - Processing file /opt/airflow/dags/template_task.py for tasks to queue
[2022-04-15 07:53:53,275] {logging_mixin.py:109} INFO - [2022-04-15 07:53:53,274] {dagbag.py:500} INFO - Filling up the DagBag from /opt/airflow/dags/template_task.py
[2022-04-15 07:53:53,480] {processor.py:652} INFO - DAG(s) dict_keys(['template_task']) retrieved from /opt/airflow/dags/template_task.py
[2022-04-15 07:53:53,561] {logging_mixin.py:109} INFO - [2022-04-15 07:53:53,559] {dag.py:2398} INFO - Sync 1 DAGs
[2022-04-15 07:53:53,595] {logging_mixin.py:109} INFO - [2022-04-15 07:53:53,595] {dag.py:2937} INFO - Setting next_dagrun for template_task to None
[2022-04-15 07:53:53,621] {processor.py:171} INFO - Processing /opt/airflow/dags/template_task.py took 0.353 seconds
[2022-04-15 07:54:23,652] {processor.py:163} INFO - Started process (PID=940) to work on /opt/airflow/dags/template_task.py
[2022-04-15 07:54:23,662] {processor.py:642} INFO - Processing file /opt/airflow/dags/template_task.py for tasks to queue
[2022-04-15 07:54:23,663] {logging_mixin.py:109} INFO - [2022-04-15 07:54:23,663] {dagbag.py:500} INFO - Filling up the DagBag from /opt/airflow/dags/template_task.py
[2022-04-15 07:54:23,768] {processor.py:652} INFO - DAG(s) dict_keys(['template_task']) retrieved from /opt/airflow/dags/template_task.py
[2022-04-15 07:54:23,803] {logging_mixin.py:109} INFO - [2022-04-15 07:54:23,803] {dag.py:2398} INFO - Sync 1 DAGs
[2022-04-15 07:54:23,819] {logging_mixin.py:109} INFO - [2022-04-15 07:54:23,819] {dag.py:2937} INFO - Setting next_dagrun for template_task to None
[2022-04-15 07:54:23,832] {processor.py:171} INFO - Processing /opt/airflow/dags/template_task.py took 0.181 seconds
[2022-04-15 07:54:53,912] {processor.py:163} INFO - Started process (PID=962) to work on /opt/airflow/dags/template_task.py
[2022-04-15 07:54:53,913] {processor.py:642} INFO - Processing file /opt/airflow/dags/template_task.py for tasks to queue
[2022-04-15 07:54:53,914] {logging_mixin.py:109} INFO - [2022-04-15 07:54:53,913] {dagbag.py:500} INFO - Filling up the DagBag from /opt/airflow/dags/template_task.py
[2022-04-15 07:54:54,076] {processor.py:652} INFO - DAG(s) dict_keys(['template_task']) retrieved from /opt/airflow/dags/template_task.py
[2022-04-15 07:54:54,212] {logging_mixin.py:109} INFO - [2022-04-15 07:54:54,212] {dag.py:2398} INFO - Sync 1 DAGs
[2022-04-15 07:54:54,236] {logging_mixin.py:109} INFO - [2022-04-15 07:54:54,236] {dag.py:2937} INFO - Setting next_dagrun for template_task to None
[2022-04-15 07:54:54,252] {processor.py:171} INFO - Processing /opt/airflow/dags/template_task.py took 0.343 seconds
[2022-04-15 07:55:24,345] {processor.py:163} INFO - Started process (PID=994) to work on /opt/airflow/dags/template_task.py
[2022-04-15 07:55:24,350] {processor.py:642} INFO - Processing file /opt/airflow/dags/template_task.py for tasks to queue
[2022-04-15 07:55:24,351] {logging_mixin.py:109} INFO - [2022-04-15 07:55:24,351] {dagbag.py:500} INFO - Filling up the DagBag from /opt/airflow/dags/template_task.py
[2022-04-15 07:55:24,486] {processor.py:652} INFO - DAG(s) dict_keys(['template_task']) retrieved from /opt/airflow/dags/template_task.py
[2022-04-15 07:55:24,519] {logging_mixin.py:109} INFO - [2022-04-15 07:55:24,518] {dag.py:2398} INFO - Sync 1 DAGs
[2022-04-15 07:55:24,533] {logging_mixin.py:109} INFO - [2022-04-15 07:55:24,532] {dag.py:2937} INFO - Setting next_dagrun for template_task to None
[2022-04-15 07:55:24,544] {processor.py:171} INFO - Processing /opt/airflow/dags/template_task.py took 0.201 seconds
[2022-04-15 07:55:54,781] {processor.py:163} INFO - Started process (PID=1016) to work on /opt/airflow/dags/template_task.py
[2022-04-15 07:55:54,782] {processor.py:642} INFO - Processing file /opt/airflow/dags/template_task.py for tasks to queue
[2022-04-15 07:55:54,782] {logging_mixin.py:109} INFO - [2022-04-15 07:55:54,782] {dagbag.py:500} INFO - Filling up the DagBag from /opt/airflow/dags/template_task.py
[2022-04-15 07:55:54,894] {processor.py:652} INFO - DAG(s) dict_keys(['template_task']) retrieved from /opt/airflow/dags/template_task.py
[2022-04-15 07:55:54,924] {logging_mixin.py:109} INFO - [2022-04-15 07:55:54,924] {dag.py:2398} INFO - Sync 1 DAGs
[2022-04-15 07:55:54,937] {logging_mixin.py:109} INFO - [2022-04-15 07:55:54,937] {dag.py:2937} INFO - Setting next_dagrun for template_task to None
[2022-04-15 07:55:54,952] {processor.py:171} INFO - Processing /opt/airflow/dags/template_task.py took 0.173 seconds
[2022-04-15 07:56:25,029] {processor.py:163} INFO - Started process (PID=1046) to work on /opt/airflow/dags/template_task.py
[2022-04-15 07:56:25,030] {processor.py:642} INFO - Processing file /opt/airflow/dags/template_task.py for tasks to queue
[2022-04-15 07:56:25,030] {logging_mixin.py:109} INFO - [2022-04-15 07:56:25,030] {dagbag.py:500} INFO - Filling up the DagBag from /opt/airflow/dags/template_task.py
[2022-04-15 07:56:25,056] {processor.py:652} INFO - DAG(s) dict_keys(['template_task']) retrieved from /opt/airflow/dags/template_task.py
[2022-04-15 07:56:25,089] {logging_mixin.py:109} INFO - [2022-04-15 07:56:25,089] {dag.py:2398} INFO - Sync 1 DAGs
[2022-04-15 07:56:25,104] {logging_mixin.py:109} INFO - [2022-04-15 07:56:25,104] {dag.py:2937} INFO - Setting next_dagrun for template_task to None
[2022-04-15 07:56:25,115] {processor.py:171} INFO - Processing /opt/airflow/dags/template_task.py took 0.088 seconds
[2022-04-15 07:56:55,304] {processor.py:163} INFO - Started process (PID=1068) to work on /opt/airflow/dags/template_task.py
[2022-04-15 07:56:55,306] {processor.py:642} INFO - Processing file /opt/airflow/dags/template_task.py for tasks to queue
[2022-04-15 07:56:55,307] {logging_mixin.py:109} INFO - [2022-04-15 07:56:55,307] {dagbag.py:500} INFO - Filling up the DagBag from /opt/airflow/dags/template_task.py
[2022-04-15 07:56:55,388] {processor.py:652} INFO - DAG(s) dict_keys(['template_task']) retrieved from /opt/airflow/dags/template_task.py
[2022-04-15 07:56:55,465] {logging_mixin.py:109} INFO - [2022-04-15 07:56:55,464] {dag.py:2398} INFO - Sync 1 DAGs
[2022-04-15 07:56:55,483] {logging_mixin.py:109} INFO - [2022-04-15 07:56:55,483] {dag.py:2937} INFO - Setting next_dagrun for template_task to None
[2022-04-15 07:56:55,499] {processor.py:171} INFO - Processing /opt/airflow/dags/template_task.py took 0.205 seconds
[2022-04-15 07:57:26,513] {processor.py:163} INFO - Started process (PID=1098) to work on /opt/airflow/dags/template_task.py
[2022-04-15 07:57:26,521] {processor.py:642} INFO - Processing file /opt/airflow/dags/template_task.py for tasks to queue
[2022-04-15 07:57:26,522] {logging_mixin.py:109} INFO - [2022-04-15 07:57:26,522] {dagbag.py:500} INFO - Filling up the DagBag from /opt/airflow/dags/template_task.py
[2022-04-15 07:57:26,548] {processor.py:652} INFO - DAG(s) dict_keys(['template_task']) retrieved from /opt/airflow/dags/template_task.py
[2022-04-15 07:57:26,586] {logging_mixin.py:109} INFO - [2022-04-15 07:57:26,586] {dag.py:2398} INFO - Sync 1 DAGs
[2022-04-15 07:57:26,604] {logging_mixin.py:109} INFO - [2022-04-15 07:57:26,603] {dag.py:2937} INFO - Setting next_dagrun for template_task to None
[2022-04-15 07:57:26,614] {processor.py:171} INFO - Processing /opt/airflow/dags/template_task.py took 0.103 seconds
[2022-04-15 07:57:56,727] {processor.py:163} INFO - Started process (PID=1121) to work on /opt/airflow/dags/template_task.py
[2022-04-15 07:57:56,728] {processor.py:642} INFO - Processing file /opt/airflow/dags/template_task.py for tasks to queue
[2022-04-15 07:57:56,729] {logging_mixin.py:109} INFO - [2022-04-15 07:57:56,729] {dagbag.py:500} INFO - Filling up the DagBag from /opt/airflow/dags/template_task.py
[2022-04-15 07:57:56,755] {processor.py:652} INFO - DAG(s) dict_keys(['template_task']) retrieved from /opt/airflow/dags/template_task.py
[2022-04-15 07:57:56,790] {logging_mixin.py:109} INFO - [2022-04-15 07:57:56,790] {dag.py:2398} INFO - Sync 1 DAGs
[2022-04-15 07:57:56,805] {logging_mixin.py:109} INFO - [2022-04-15 07:57:56,805] {dag.py:2937} INFO - Setting next_dagrun for template_task to None
[2022-04-15 07:57:56,821] {processor.py:171} INFO - Processing /opt/airflow/dags/template_task.py took 0.097 seconds
[2022-04-15 07:58:26,892] {processor.py:163} INFO - Started process (PID=1153) to work on /opt/airflow/dags/template_task.py
[2022-04-15 07:58:26,894] {processor.py:642} INFO - Processing file /opt/airflow/dags/template_task.py for tasks to queue
[2022-04-15 07:58:26,894] {logging_mixin.py:109} INFO - [2022-04-15 07:58:26,894] {dagbag.py:500} INFO - Filling up the DagBag from /opt/airflow/dags/template_task.py
[2022-04-15 07:58:26,920] {processor.py:652} INFO - DAG(s) dict_keys(['template_task']) retrieved from /opt/airflow/dags/template_task.py
[2022-04-15 07:58:26,955] {logging_mixin.py:109} INFO - [2022-04-15 07:58:26,955] {dag.py:2398} INFO - Sync 1 DAGs
[2022-04-15 07:58:26,970] {logging_mixin.py:109} INFO - [2022-04-15 07:58:26,970] {dag.py:2937} INFO - Setting next_dagrun for template_task to None
[2022-04-15 07:58:26,984] {processor.py:171} INFO - Processing /opt/airflow/dags/template_task.py took 0.094 seconds
[2022-04-15 07:58:57,147] {processor.py:163} INFO - Started process (PID=1175) to work on /opt/airflow/dags/template_task.py
[2022-04-15 07:58:57,148] {processor.py:642} INFO - Processing file /opt/airflow/dags/template_task.py for tasks to queue
[2022-04-15 07:58:57,148] {logging_mixin.py:109} INFO - [2022-04-15 07:58:57,148] {dagbag.py:500} INFO - Filling up the DagBag from /opt/airflow/dags/template_task.py
[2022-04-15 07:58:57,176] {processor.py:652} INFO - DAG(s) dict_keys(['template_task']) retrieved from /opt/airflow/dags/template_task.py
[2022-04-15 07:58:57,217] {logging_mixin.py:109} INFO - [2022-04-15 07:58:57,217] {dag.py:2398} INFO - Sync 1 DAGs
[2022-04-15 07:58:57,236] {logging_mixin.py:109} INFO - [2022-04-15 07:58:57,236] {dag.py:2937} INFO - Setting next_dagrun for template_task to None
[2022-04-15 07:58:57,254] {processor.py:171} INFO - Processing /opt/airflow/dags/template_task.py took 0.109 seconds
[2022-04-15 07:59:27,341] {processor.py:163} INFO - Started process (PID=1206) to work on /opt/airflow/dags/template_task.py
[2022-04-15 07:59:27,351] {processor.py:642} INFO - Processing file /opt/airflow/dags/template_task.py for tasks to queue
[2022-04-15 07:59:27,352] {logging_mixin.py:109} INFO - [2022-04-15 07:59:27,352] {dagbag.py:500} INFO - Filling up the DagBag from /opt/airflow/dags/template_task.py
[2022-04-15 07:59:27,392] {processor.py:652} INFO - DAG(s) dict_keys(['template_task']) retrieved from /opt/airflow/dags/template_task.py
[2022-04-15 07:59:27,444] {logging_mixin.py:109} INFO - [2022-04-15 07:59:27,444] {dag.py:2398} INFO - Sync 1 DAGs
[2022-04-15 07:59:27,471] {logging_mixin.py:109} INFO - [2022-04-15 07:59:27,471] {dag.py:2937} INFO - Setting next_dagrun for template_task to None
[2022-04-15 07:59:27,492] {processor.py:171} INFO - Processing /opt/airflow/dags/template_task.py took 0.153 seconds
[2022-04-15 07:59:57,610] {processor.py:163} INFO - Started process (PID=1227) to work on /opt/airflow/dags/template_task.py
[2022-04-15 07:59:57,611] {processor.py:642} INFO - Processing file /opt/airflow/dags/template_task.py for tasks to queue
[2022-04-15 07:59:57,611] {logging_mixin.py:109} INFO - [2022-04-15 07:59:57,611] {dagbag.py:500} INFO - Filling up the DagBag from /opt/airflow/dags/template_task.py
[2022-04-15 07:59:57,641] {processor.py:652} INFO - DAG(s) dict_keys(['template_task']) retrieved from /opt/airflow/dags/template_task.py
[2022-04-15 07:59:57,679] {logging_mixin.py:109} INFO - [2022-04-15 07:59:57,679] {dag.py:2398} INFO - Sync 1 DAGs
[2022-04-15 07:59:57,695] {logging_mixin.py:109} INFO - [2022-04-15 07:59:57,695] {dag.py:2937} INFO - Setting next_dagrun for template_task to None
[2022-04-15 07:59:57,710] {processor.py:171} INFO - Processing /opt/airflow/dags/template_task.py took 0.101 seconds
[2022-04-15 08:00:27,830] {processor.py:163} INFO - Started process (PID=1258) to work on /opt/airflow/dags/template_task.py
[2022-04-15 08:00:27,839] {processor.py:642} INFO - Processing file /opt/airflow/dags/template_task.py for tasks to queue
[2022-04-15 08:00:27,839] {logging_mixin.py:109} INFO - [2022-04-15 08:00:27,839] {dagbag.py:500} INFO - Filling up the DagBag from /opt/airflow/dags/template_task.py
[2022-04-15 08:00:27,867] {processor.py:652} INFO - DAG(s) dict_keys(['template_task']) retrieved from /opt/airflow/dags/template_task.py
[2022-04-15 08:00:27,908] {logging_mixin.py:109} INFO - [2022-04-15 08:00:27,908] {dag.py:2398} INFO - Sync 1 DAGs
[2022-04-15 08:00:27,926] {logging_mixin.py:109} INFO - [2022-04-15 08:00:27,926] {dag.py:2937} INFO - Setting next_dagrun for template_task to None
[2022-04-15 08:00:27,941] {processor.py:171} INFO - Processing /opt/airflow/dags/template_task.py took 0.113 seconds
[2022-04-15 08:00:58,049] {processor.py:163} INFO - Started process (PID=1281) to work on /opt/airflow/dags/template_task.py
[2022-04-15 08:00:58,050] {processor.py:642} INFO - Processing file /opt/airflow/dags/template_task.py for tasks to queue
[2022-04-15 08:00:58,050] {logging_mixin.py:109} INFO - [2022-04-15 08:00:58,050] {dagbag.py:500} INFO - Filling up the DagBag from /opt/airflow/dags/template_task.py
[2022-04-15 08:00:58,078] {processor.py:652} INFO - DAG(s) dict_keys(['template_task']) retrieved from /opt/airflow/dags/template_task.py
[2022-04-15 08:00:58,118] {logging_mixin.py:109} INFO - [2022-04-15 08:00:58,118] {dag.py:2398} INFO - Sync 1 DAGs
[2022-04-15 08:00:58,134] {logging_mixin.py:109} INFO - [2022-04-15 08:00:58,133] {dag.py:2937} INFO - Setting next_dagrun for template_task to None
[2022-04-15 08:00:58,146] {processor.py:171} INFO - Processing /opt/airflow/dags/template_task.py took 0.099 seconds
[2022-04-15 08:01:28,345] {processor.py:163} INFO - Started process (PID=1303) to work on /opt/airflow/dags/template_task.py
[2022-04-15 08:01:28,350] {processor.py:642} INFO - Processing file /opt/airflow/dags/template_task.py for tasks to queue
[2022-04-15 08:01:28,351] {logging_mixin.py:109} INFO - [2022-04-15 08:01:28,350] {dagbag.py:500} INFO - Filling up the DagBag from /opt/airflow/dags/template_task.py
[2022-04-15 08:01:28,393] {processor.py:652} INFO - DAG(s) dict_keys(['template_task']) retrieved from /opt/airflow/dags/template_task.py
[2022-04-15 08:01:28,460] {logging_mixin.py:109} INFO - [2022-04-15 08:01:28,460] {dag.py:2398} INFO - Sync 1 DAGs
[2022-04-15 08:01:28,488] {logging_mixin.py:109} INFO - [2022-04-15 08:01:28,488] {dag.py:2937} INFO - Setting next_dagrun for template_task to None
[2022-04-15 08:01:28,506] {processor.py:171} INFO - Processing /opt/airflow/dags/template_task.py took 0.165 seconds
[2022-04-15 08:01:58,582] {processor.py:163} INFO - Started process (PID=1334) to work on /opt/airflow/dags/template_task.py
[2022-04-15 08:01:58,583] {processor.py:642} INFO - Processing file /opt/airflow/dags/template_task.py for tasks to queue
[2022-04-15 08:01:58,583] {logging_mixin.py:109} INFO - [2022-04-15 08:01:58,583] {dagbag.py:500} INFO - Filling up the DagBag from /opt/airflow/dags/template_task.py
[2022-04-15 08:01:58,611] {processor.py:652} INFO - DAG(s) dict_keys(['template_task']) retrieved from /opt/airflow/dags/template_task.py
[2022-04-15 08:01:58,646] {logging_mixin.py:109} INFO - [2022-04-15 08:01:58,646] {dag.py:2398} INFO - Sync 1 DAGs
[2022-04-15 08:01:58,667] {logging_mixin.py:109} INFO - [2022-04-15 08:01:58,667] {dag.py:2937} INFO - Setting next_dagrun for template_task to None
[2022-04-15 08:01:58,681] {processor.py:171} INFO - Processing /opt/airflow/dags/template_task.py took 0.101 seconds
[2022-04-15 08:02:28,752] {processor.py:163} INFO - Started process (PID=1355) to work on /opt/airflow/dags/template_task.py
[2022-04-15 08:02:28,761] {processor.py:642} INFO - Processing file /opt/airflow/dags/template_task.py for tasks to queue
[2022-04-15 08:02:28,762] {logging_mixin.py:109} INFO - [2022-04-15 08:02:28,762] {dagbag.py:500} INFO - Filling up the DagBag from /opt/airflow/dags/template_task.py
[2022-04-15 08:02:28,789] {processor.py:652} INFO - DAG(s) dict_keys(['template_task']) retrieved from /opt/airflow/dags/template_task.py
[2022-04-15 08:02:28,823] {logging_mixin.py:109} INFO - [2022-04-15 08:02:28,823] {dag.py:2398} INFO - Sync 1 DAGs
[2022-04-15 08:02:28,839] {logging_mixin.py:109} INFO - [2022-04-15 08:02:28,839] {dag.py:2937} INFO - Setting next_dagrun for template_task to None
[2022-04-15 08:02:28,855] {processor.py:171} INFO - Processing /opt/airflow/dags/template_task.py took 0.106 seconds
[2022-04-15 08:02:58,961] {processor.py:163} INFO - Started process (PID=1385) to work on /opt/airflow/dags/template_task.py
[2022-04-15 08:02:58,962] {processor.py:642} INFO - Processing file /opt/airflow/dags/template_task.py for tasks to queue
[2022-04-15 08:02:58,963] {logging_mixin.py:109} INFO - [2022-04-15 08:02:58,963] {dagbag.py:500} INFO - Filling up the DagBag from /opt/airflow/dags/template_task.py
[2022-04-15 08:02:58,989] {processor.py:652} INFO - DAG(s) dict_keys(['template_task']) retrieved from /opt/airflow/dags/template_task.py
[2022-04-15 08:02:59,022] {logging_mixin.py:109} INFO - [2022-04-15 08:02:59,022] {dag.py:2398} INFO - Sync 1 DAGs
[2022-04-15 08:02:59,038] {logging_mixin.py:109} INFO - [2022-04-15 08:02:59,038] {dag.py:2937} INFO - Setting next_dagrun for template_task to None
[2022-04-15 08:02:59,052] {processor.py:171} INFO - Processing /opt/airflow/dags/template_task.py took 0.093 seconds
[2022-04-15 08:03:29,165] {processor.py:163} INFO - Started process (PID=1407) to work on /opt/airflow/dags/template_task.py
[2022-04-15 08:03:29,174] {processor.py:642} INFO - Processing file /opt/airflow/dags/template_task.py for tasks to queue
[2022-04-15 08:03:29,175] {logging_mixin.py:109} INFO - [2022-04-15 08:03:29,175] {dagbag.py:500} INFO - Filling up the DagBag from /opt/airflow/dags/template_task.py
[2022-04-15 08:03:29,215] {processor.py:652} INFO - DAG(s) dict_keys(['template_task']) retrieved from /opt/airflow/dags/template_task.py
[2022-04-15 08:03:29,248] {logging_mixin.py:109} INFO - [2022-04-15 08:03:29,248] {dag.py:2398} INFO - Sync 1 DAGs
[2022-04-15 08:03:29,266] {logging_mixin.py:109} INFO - [2022-04-15 08:03:29,266] {dag.py:2937} INFO - Setting next_dagrun for template_task to None
[2022-04-15 08:03:29,281] {processor.py:171} INFO - Processing /opt/airflow/dags/template_task.py took 0.118 seconds
[2022-04-15 08:03:59,467] {processor.py:163} INFO - Started process (PID=1437) to work on /opt/airflow/dags/template_task.py
[2022-04-15 08:03:59,468] {processor.py:642} INFO - Processing file /opt/airflow/dags/template_task.py for tasks to queue
[2022-04-15 08:03:59,469] {logging_mixin.py:109} INFO - [2022-04-15 08:03:59,469] {dagbag.py:500} INFO - Filling up the DagBag from /opt/airflow/dags/template_task.py
[2022-04-15 08:03:59,496] {processor.py:652} INFO - DAG(s) dict_keys(['template_task']) retrieved from /opt/airflow/dags/template_task.py
[2022-04-15 08:03:59,550] {logging_mixin.py:109} INFO - [2022-04-15 08:03:59,550] {dag.py:2398} INFO - Sync 1 DAGs
[2022-04-15 08:03:59,569] {logging_mixin.py:109} INFO - [2022-04-15 08:03:59,569] {dag.py:2937} INFO - Setting next_dagrun for template_task to None
[2022-04-15 08:03:59,585] {processor.py:171} INFO - Processing /opt/airflow/dags/template_task.py took 0.119 seconds
[2022-04-15 08:04:29,744] {processor.py:163} INFO - Started process (PID=1460) to work on /opt/airflow/dags/template_task.py
[2022-04-15 08:04:29,748] {processor.py:642} INFO - Processing file /opt/airflow/dags/template_task.py for tasks to queue
[2022-04-15 08:04:29,749] {logging_mixin.py:109} INFO - [2022-04-15 08:04:29,749] {dagbag.py:500} INFO - Filling up the DagBag from /opt/airflow/dags/template_task.py
[2022-04-15 08:04:29,776] {processor.py:652} INFO - DAG(s) dict_keys(['template_task']) retrieved from /opt/airflow/dags/template_task.py
[2022-04-15 08:04:29,808] {logging_mixin.py:109} INFO - [2022-04-15 08:04:29,808] {dag.py:2398} INFO - Sync 1 DAGs
[2022-04-15 08:04:29,822] {logging_mixin.py:109} INFO - [2022-04-15 08:04:29,822] {dag.py:2937} INFO - Setting next_dagrun for template_task to None
[2022-04-15 08:04:29,836] {processor.py:171} INFO - Processing /opt/airflow/dags/template_task.py took 0.094 seconds
[2022-04-15 08:04:59,916] {processor.py:163} INFO - Started process (PID=1491) to work on /opt/airflow/dags/template_task.py
[2022-04-15 08:04:59,920] {processor.py:642} INFO - Processing file /opt/airflow/dags/template_task.py for tasks to queue
[2022-04-15 08:04:59,921] {logging_mixin.py:109} INFO - [2022-04-15 08:04:59,921] {dagbag.py:500} INFO - Filling up the DagBag from /opt/airflow/dags/template_task.py
[2022-04-15 08:04:59,963] {processor.py:652} INFO - DAG(s) dict_keys(['template_task']) retrieved from /opt/airflow/dags/template_task.py
[2022-04-15 08:05:00,018] {logging_mixin.py:109} INFO - [2022-04-15 08:05:00,017] {dag.py:2398} INFO - Sync 1 DAGs
[2022-04-15 08:05:00,041] {logging_mixin.py:109} INFO - [2022-04-15 08:05:00,041] {dag.py:2937} INFO - Setting next_dagrun for template_task to None
[2022-04-15 08:05:00,057] {processor.py:171} INFO - Processing /opt/airflow/dags/template_task.py took 0.143 seconds
[2022-04-15 08:05:30,231] {processor.py:163} INFO - Started process (PID=1512) to work on /opt/airflow/dags/template_task.py
[2022-04-15 08:05:30,240] {processor.py:642} INFO - Processing file /opt/airflow/dags/template_task.py for tasks to queue
[2022-04-15 08:05:30,241] {logging_mixin.py:109} INFO - [2022-04-15 08:05:30,241] {dagbag.py:500} INFO - Filling up the DagBag from /opt/airflow/dags/template_task.py
[2022-04-15 08:05:30,274] {processor.py:652} INFO - DAG(s) dict_keys(['template_task']) retrieved from /opt/airflow/dags/template_task.py
[2022-04-15 08:05:30,314] {logging_mixin.py:109} INFO - [2022-04-15 08:05:30,314] {dag.py:2398} INFO - Sync 1 DAGs
[2022-04-15 08:05:30,332] {logging_mixin.py:109} INFO - [2022-04-15 08:05:30,332] {dag.py:2937} INFO - Setting next_dagrun for template_task to None
[2022-04-15 08:05:30,344] {processor.py:171} INFO - Processing /opt/airflow/dags/template_task.py took 0.117 seconds
[2022-04-15 08:06:00,419] {processor.py:163} INFO - Started process (PID=1534) to work on /opt/airflow/dags/template_task.py
[2022-04-15 08:06:00,420] {processor.py:642} INFO - Processing file /opt/airflow/dags/template_task.py for tasks to queue
[2022-04-15 08:06:00,421] {logging_mixin.py:109} INFO - [2022-04-15 08:06:00,421] {dagbag.py:500} INFO - Filling up the DagBag from /opt/airflow/dags/template_task.py
[2022-04-15 08:06:00,448] {processor.py:652} INFO - DAG(s) dict_keys(['template_task']) retrieved from /opt/airflow/dags/template_task.py
[2022-04-15 08:06:00,489] {logging_mixin.py:109} INFO - [2022-04-15 08:06:00,489] {dag.py:2398} INFO - Sync 1 DAGs
[2022-04-15 08:06:00,507] {logging_mixin.py:109} INFO - [2022-04-15 08:06:00,507] {dag.py:2937} INFO - Setting next_dagrun for template_task to None
[2022-04-15 08:06:00,521] {processor.py:171} INFO - Processing /opt/airflow/dags/template_task.py took 0.103 seconds
[2022-04-15 08:06:30,607] {processor.py:163} INFO - Started process (PID=1564) to work on /opt/airflow/dags/template_task.py
[2022-04-15 08:06:30,618] {processor.py:642} INFO - Processing file /opt/airflow/dags/template_task.py for tasks to queue
[2022-04-15 08:06:30,620] {logging_mixin.py:109} INFO - [2022-04-15 08:06:30,619] {dagbag.py:500} INFO - Filling up the DagBag from /opt/airflow/dags/template_task.py
[2022-04-15 08:06:30,664] {processor.py:652} INFO - DAG(s) dict_keys(['template_task']) retrieved from /opt/airflow/dags/template_task.py
[2022-04-15 08:06:30,722] {logging_mixin.py:109} INFO - [2022-04-15 08:06:30,720] {dag.py:2398} INFO - Sync 1 DAGs
[2022-04-15 08:06:30,752] {logging_mixin.py:109} INFO - [2022-04-15 08:06:30,751] {dag.py:2937} INFO - Setting next_dagrun for template_task to None
[2022-04-15 08:06:30,769] {processor.py:171} INFO - Processing /opt/airflow/dags/template_task.py took 0.166 seconds
[2022-04-15 08:07:00,894] {processor.py:163} INFO - Started process (PID=1587) to work on /opt/airflow/dags/template_task.py
[2022-04-15 08:07:00,895] {processor.py:642} INFO - Processing file /opt/airflow/dags/template_task.py for tasks to queue
[2022-04-15 08:07:00,896] {logging_mixin.py:109} INFO - [2022-04-15 08:07:00,896] {dagbag.py:500} INFO - Filling up the DagBag from /opt/airflow/dags/template_task.py
[2022-04-15 08:07:00,922] {processor.py:652} INFO - DAG(s) dict_keys(['template_task']) retrieved from /opt/airflow/dags/template_task.py
[2022-04-15 08:07:00,967] {logging_mixin.py:109} INFO - [2022-04-15 08:07:00,967] {dag.py:2398} INFO - Sync 1 DAGs
[2022-04-15 08:07:00,985] {logging_mixin.py:109} INFO - [2022-04-15 08:07:00,985] {dag.py:2937} INFO - Setting next_dagrun for template_task to None
[2022-04-15 08:07:01,001] {processor.py:171} INFO - Processing /opt/airflow/dags/template_task.py took 0.109 seconds
[2022-04-15 08:07:31,135] {processor.py:163} INFO - Started process (PID=1618) to work on /opt/airflow/dags/template_task.py
[2022-04-15 08:07:31,145] {processor.py:642} INFO - Processing file /opt/airflow/dags/template_task.py for tasks to queue
[2022-04-15 08:07:31,146] {logging_mixin.py:109} INFO - [2022-04-15 08:07:31,146] {dagbag.py:500} INFO - Filling up the DagBag from /opt/airflow/dags/template_task.py
[2022-04-15 08:07:31,206] {processor.py:652} INFO - DAG(s) dict_keys(['template_task']) retrieved from /opt/airflow/dags/template_task.py
[2022-04-15 08:07:31,267] {logging_mixin.py:109} INFO - [2022-04-15 08:07:31,267] {dag.py:2398} INFO - Sync 1 DAGs
[2022-04-15 08:07:31,291] {logging_mixin.py:109} INFO - [2022-04-15 08:07:31,291] {dag.py:2937} INFO - Setting next_dagrun for template_task to None
[2022-04-15 08:07:31,310] {processor.py:171} INFO - Processing /opt/airflow/dags/template_task.py took 0.179 seconds
[2022-04-15 08:08:01,361] {processor.py:163} INFO - Started process (PID=1640) to work on /opt/airflow/dags/template_task.py
[2022-04-15 08:08:01,362] {processor.py:642} INFO - Processing file /opt/airflow/dags/template_task.py for tasks to queue
[2022-04-15 08:08:01,362] {logging_mixin.py:109} INFO - [2022-04-15 08:08:01,362] {dagbag.py:500} INFO - Filling up the DagBag from /opt/airflow/dags/template_task.py
[2022-04-15 08:08:01,390] {processor.py:652} INFO - DAG(s) dict_keys(['template_task']) retrieved from /opt/airflow/dags/template_task.py
[2022-04-15 08:08:01,426] {logging_mixin.py:109} INFO - [2022-04-15 08:08:01,426] {dag.py:2398} INFO - Sync 1 DAGs
[2022-04-15 08:08:01,442] {logging_mixin.py:109} INFO - [2022-04-15 08:08:01,442] {dag.py:2937} INFO - Setting next_dagrun for template_task to None
[2022-04-15 08:08:01,459] {processor.py:171} INFO - Processing /opt/airflow/dags/template_task.py took 0.100 seconds
[2022-04-15 08:08:31,594] {processor.py:163} INFO - Started process (PID=1661) to work on /opt/airflow/dags/template_task.py
[2022-04-15 08:08:31,603] {processor.py:642} INFO - Processing file /opt/airflow/dags/template_task.py for tasks to queue
[2022-04-15 08:08:31,603] {logging_mixin.py:109} INFO - [2022-04-15 08:08:31,603] {dagbag.py:500} INFO - Filling up the DagBag from /opt/airflow/dags/template_task.py
[2022-04-15 08:08:31,640] {processor.py:652} INFO - DAG(s) dict_keys(['template_task']) retrieved from /opt/airflow/dags/template_task.py
[2022-04-15 08:08:31,676] {logging_mixin.py:109} INFO - [2022-04-15 08:08:31,675] {dag.py:2398} INFO - Sync 1 DAGs
[2022-04-15 08:08:31,691] {logging_mixin.py:109} INFO - [2022-04-15 08:08:31,691] {dag.py:2937} INFO - Setting next_dagrun for template_task to None
[2022-04-15 08:08:31,707] {processor.py:171} INFO - Processing /opt/airflow/dags/template_task.py took 0.116 seconds
[2022-04-15 08:09:01,825] {processor.py:163} INFO - Started process (PID=1692) to work on /opt/airflow/dags/template_task.py
[2022-04-15 08:09:01,826] {processor.py:642} INFO - Processing file /opt/airflow/dags/template_task.py for tasks to queue
[2022-04-15 08:09:01,827] {logging_mixin.py:109} INFO - [2022-04-15 08:09:01,827] {dagbag.py:500} INFO - Filling up the DagBag from /opt/airflow/dags/template_task.py
[2022-04-15 08:09:01,854] {processor.py:652} INFO - DAG(s) dict_keys(['template_task']) retrieved from /opt/airflow/dags/template_task.py
[2022-04-15 08:09:01,885] {logging_mixin.py:109} INFO - [2022-04-15 08:09:01,885] {dag.py:2398} INFO - Sync 1 DAGs
[2022-04-15 08:09:01,900] {logging_mixin.py:109} INFO - [2022-04-15 08:09:01,900] {dag.py:2937} INFO - Setting next_dagrun for template_task to None
[2022-04-15 08:09:01,910] {processor.py:171} INFO - Processing /opt/airflow/dags/template_task.py took 0.086 seconds
[2022-04-15 08:09:32,047] {processor.py:163} INFO - Started process (PID=1713) to work on /opt/airflow/dags/template_task.py
[2022-04-15 08:09:32,051] {processor.py:642} INFO - Processing file /opt/airflow/dags/template_task.py for tasks to queue
[2022-04-15 08:09:32,052] {logging_mixin.py:109} INFO - [2022-04-15 08:09:32,052] {dagbag.py:500} INFO - Filling up the DagBag from /opt/airflow/dags/template_task.py
[2022-04-15 08:09:32,077] {processor.py:652} INFO - DAG(s) dict_keys(['template_task']) retrieved from /opt/airflow/dags/template_task.py
[2022-04-15 08:09:32,110] {logging_mixin.py:109} INFO - [2022-04-15 08:09:32,110] {dag.py:2398} INFO - Sync 1 DAGs
[2022-04-15 08:09:32,125] {logging_mixin.py:109} INFO - [2022-04-15 08:09:32,125] {dag.py:2937} INFO - Setting next_dagrun for template_task to None
[2022-04-15 08:09:32,135] {processor.py:171} INFO - Processing /opt/airflow/dags/template_task.py took 0.090 seconds
[2022-04-15 08:10:02,251] {processor.py:163} INFO - Started process (PID=1745) to work on /opt/airflow/dags/template_task.py
[2022-04-15 08:10:02,251] {processor.py:642} INFO - Processing file /opt/airflow/dags/template_task.py for tasks to queue
[2022-04-15 08:10:02,252] {logging_mixin.py:109} INFO - [2022-04-15 08:10:02,252] {dagbag.py:500} INFO - Filling up the DagBag from /opt/airflow/dags/template_task.py
[2022-04-15 08:10:02,275] {processor.py:652} INFO - DAG(s) dict_keys(['template_task']) retrieved from /opt/airflow/dags/template_task.py
[2022-04-15 08:10:02,305] {logging_mixin.py:109} INFO - [2022-04-15 08:10:02,304] {dag.py:2398} INFO - Sync 1 DAGs
[2022-04-15 08:10:02,319] {logging_mixin.py:109} INFO - [2022-04-15 08:10:02,319] {dag.py:2937} INFO - Setting next_dagrun for template_task to None
[2022-04-15 08:10:02,328] {processor.py:171} INFO - Processing /opt/airflow/dags/template_task.py took 0.079 seconds
[2022-04-15 08:10:32,487] {processor.py:163} INFO - Started process (PID=1767) to work on /opt/airflow/dags/template_task.py
[2022-04-15 08:10:32,496] {processor.py:642} INFO - Processing file /opt/airflow/dags/template_task.py for tasks to queue
[2022-04-15 08:10:32,497] {logging_mixin.py:109} INFO - [2022-04-15 08:10:32,497] {dagbag.py:500} INFO - Filling up the DagBag from /opt/airflow/dags/template_task.py
[2022-04-15 08:10:32,524] {processor.py:652} INFO - DAG(s) dict_keys(['template_task']) retrieved from /opt/airflow/dags/template_task.py
[2022-04-15 08:10:32,558] {logging_mixin.py:109} INFO - [2022-04-15 08:10:32,558] {dag.py:2398} INFO - Sync 1 DAGs
[2022-04-15 08:10:32,572] {logging_mixin.py:109} INFO - [2022-04-15 08:10:32,572] {dag.py:2937} INFO - Setting next_dagrun for template_task to None
[2022-04-15 08:10:32,584] {processor.py:171} INFO - Processing /opt/airflow/dags/template_task.py took 0.099 seconds
[2022-04-15 08:11:02,711] {processor.py:163} INFO - Started process (PID=1798) to work on /opt/airflow/dags/template_task.py
[2022-04-15 08:11:02,713] {processor.py:642} INFO - Processing file /opt/airflow/dags/template_task.py for tasks to queue
[2022-04-15 08:11:02,713] {logging_mixin.py:109} INFO - [2022-04-15 08:11:02,713] {dagbag.py:500} INFO - Filling up the DagBag from /opt/airflow/dags/template_task.py
[2022-04-15 08:11:02,744] {processor.py:652} INFO - DAG(s) dict_keys(['template_task']) retrieved from /opt/airflow/dags/template_task.py
[2022-04-15 08:11:02,784] {logging_mixin.py:109} INFO - [2022-04-15 08:11:02,784] {dag.py:2398} INFO - Sync 1 DAGs
[2022-04-15 08:11:02,800] {logging_mixin.py:109} INFO - [2022-04-15 08:11:02,800] {dag.py:2937} INFO - Setting next_dagrun for template_task to None
[2022-04-15 08:11:02,812] {processor.py:171} INFO - Processing /opt/airflow/dags/template_task.py took 0.104 seconds
[2022-04-15 08:11:32,887] {processor.py:163} INFO - Started process (PID=1821) to work on /opt/airflow/dags/template_task.py
[2022-04-15 08:11:32,894] {processor.py:642} INFO - Processing file /opt/airflow/dags/template_task.py for tasks to queue
[2022-04-15 08:11:32,894] {logging_mixin.py:109} INFO - [2022-04-15 08:11:32,894] {dagbag.py:500} INFO - Filling up the DagBag from /opt/airflow/dags/template_task.py
[2022-04-15 08:11:32,918] {processor.py:652} INFO - DAG(s) dict_keys(['template_task']) retrieved from /opt/airflow/dags/template_task.py
[2022-04-15 08:11:32,948] {logging_mixin.py:109} INFO - [2022-04-15 08:11:32,947] {dag.py:2398} INFO - Sync 1 DAGs
[2022-04-15 08:11:32,961] {logging_mixin.py:109} INFO - [2022-04-15 08:11:32,961] {dag.py:2937} INFO - Setting next_dagrun for template_task to None
[2022-04-15 08:11:32,974] {processor.py:171} INFO - Processing /opt/airflow/dags/template_task.py took 0.088 seconds
[2022-04-15 08:12:03,067] {processor.py:163} INFO - Started process (PID=1852) to work on /opt/airflow/dags/template_task.py
[2022-04-15 08:12:03,068] {processor.py:642} INFO - Processing file /opt/airflow/dags/template_task.py for tasks to queue
[2022-04-15 08:12:03,068] {logging_mixin.py:109} INFO - [2022-04-15 08:12:03,068] {dagbag.py:500} INFO - Filling up the DagBag from /opt/airflow/dags/template_task.py
[2022-04-15 08:12:03,095] {processor.py:652} INFO - DAG(s) dict_keys(['template_task']) retrieved from /opt/airflow/dags/template_task.py
[2022-04-15 08:12:03,128] {logging_mixin.py:109} INFO - [2022-04-15 08:12:03,128] {dag.py:2398} INFO - Sync 1 DAGs
[2022-04-15 08:12:03,141] {logging_mixin.py:109} INFO - [2022-04-15 08:12:03,141] {dag.py:2937} INFO - Setting next_dagrun for template_task to None
[2022-04-15 08:12:03,150] {processor.py:171} INFO - Processing /opt/airflow/dags/template_task.py took 0.085 seconds
[2022-04-15 08:12:33,328] {processor.py:163} INFO - Started process (PID=1875) to work on /opt/airflow/dags/template_task.py
[2022-04-15 08:12:33,337] {processor.py:642} INFO - Processing file /opt/airflow/dags/template_task.py for tasks to queue
[2022-04-15 08:12:33,338] {logging_mixin.py:109} INFO - [2022-04-15 08:12:33,337] {dagbag.py:500} INFO - Filling up the DagBag from /opt/airflow/dags/template_task.py
[2022-04-15 08:12:33,361] {processor.py:652} INFO - DAG(s) dict_keys(['template_task']) retrieved from /opt/airflow/dags/template_task.py
[2022-04-15 08:12:33,395] {logging_mixin.py:109} INFO - [2022-04-15 08:12:33,395] {dag.py:2398} INFO - Sync 1 DAGs
[2022-04-15 08:12:33,409] {logging_mixin.py:109} INFO - [2022-04-15 08:12:33,409] {dag.py:2937} INFO - Setting next_dagrun for template_task to None
[2022-04-15 08:12:33,425] {processor.py:171} INFO - Processing /opt/airflow/dags/template_task.py took 0.098 seconds
[2022-04-15 08:13:03,505] {processor.py:163} INFO - Started process (PID=1906) to work on /opt/airflow/dags/template_task.py
[2022-04-15 08:13:03,505] {processor.py:642} INFO - Processing file /opt/airflow/dags/template_task.py for tasks to queue
[2022-04-15 08:13:03,506] {logging_mixin.py:109} INFO - [2022-04-15 08:13:03,506] {dagbag.py:500} INFO - Filling up the DagBag from /opt/airflow/dags/template_task.py
[2022-04-15 08:13:03,530] {processor.py:652} INFO - DAG(s) dict_keys(['template_task']) retrieved from /opt/airflow/dags/template_task.py
[2022-04-15 08:13:03,562] {logging_mixin.py:109} INFO - [2022-04-15 08:13:03,562] {dag.py:2398} INFO - Sync 1 DAGs
[2022-04-15 08:13:03,576] {logging_mixin.py:109} INFO - [2022-04-15 08:13:03,576] {dag.py:2937} INFO - Setting next_dagrun for template_task to None
[2022-04-15 08:13:03,589] {processor.py:171} INFO - Processing /opt/airflow/dags/template_task.py took 0.086 seconds
