[2022-04-14 11:42:03,228] {taskinstance.py:1043} INFO - Dependencies all met for <TaskInstance: karols_dag_sleep_10s.task manual__2022-04-14T11:42:02.601350+00:00 [queued]>
[2022-04-14 11:42:03,239] {taskinstance.py:1043} INFO - Dependencies all met for <TaskInstance: karols_dag_sleep_10s.task manual__2022-04-14T11:42:02.601350+00:00 [queued]>
[2022-04-14 11:42:03,239] {taskinstance.py:1249} INFO - 
--------------------------------------------------------------------------------
[2022-04-14 11:42:03,239] {taskinstance.py:1250} INFO - Starting attempt 1 of 1
[2022-04-14 11:42:03,239] {taskinstance.py:1251} INFO - 
--------------------------------------------------------------------------------
[2022-04-14 11:42:03,252] {taskinstance.py:1270} INFO - Executing <Task(PythonOperator): task> on 2022-04-14 11:42:02.601350+00:00
[2022-04-14 11:42:03,256] {standard_task_runner.py:52} INFO - Started process 725 to run task
[2022-04-14 11:42:03,258] {standard_task_runner.py:79} INFO - Running: ['***', 'tasks', 'run', 'karols_dag_sleep_10s', 'task', 'manual__2022-04-14T11:42:02.601350+00:00', '--job-id', '46', '--raw', '--subdir', 'DAGS_FOLDER/karols_dag_sleep_10s.py', '--cfg-path', '/tmp/tmp6wi3k1cx', '--error-file', '/tmp/tmpxvd2lwa0']
[2022-04-14 11:42:03,259] {standard_task_runner.py:80} INFO - Job 46: Subtask task
[2022-04-14 11:42:03,304] {logging_mixin.py:109} INFO - Running <TaskInstance: karols_dag_sleep_10s.task manual__2022-04-14T11:42:02.601350+00:00 [running]> on host 6ff3eeab8862
[2022-04-14 11:42:03,349] {taskinstance.py:1448} INFO - Exporting the following env vars:
AIRFLOW_CTX_DAG_OWNER=Airflow
AIRFLOW_CTX_DAG_ID=karols_dag_sleep_10s
AIRFLOW_CTX_TASK_ID=task
AIRFLOW_CTX_EXECUTION_DATE=2022-04-14T11:42:02.601350+00:00
AIRFLOW_CTX_DAG_RUN_ID=manual__2022-04-14T11:42:02.601350+00:00
[2022-04-14 11:42:13,355] {python.py:175} INFO - Done. Returned value was: None
[2022-04-14 11:42:13,373] {taskinstance.py:1288} INFO - Marking task as SUCCESS. dag_id=karols_dag_sleep_10s, task_id=task, execution_date=20220414T114202, start_date=20220414T114203, end_date=20220414T114213
[2022-04-14 11:42:13,425] {local_task_job.py:154} INFO - Task exited with return code 0
[2022-04-14 11:42:13,467] {local_task_job.py:264} INFO - 0 downstream tasks scheduled from follow-on schedule check
