[2022-04-15 07:48:31,166] {taskinstance.py:1043} INFO - Dependencies all met for <TaskInstance: karols_dag_sleep_10s.task scheduled__2022-04-15T06:00:00+00:00 [queued]>
[2022-04-15 07:48:31,178] {taskinstance.py:1043} INFO - Dependencies all met for <TaskInstance: karols_dag_sleep_10s.task scheduled__2022-04-15T06:00:00+00:00 [queued]>
[2022-04-15 07:48:31,179] {taskinstance.py:1249} INFO - 
--------------------------------------------------------------------------------
[2022-04-15 07:48:31,179] {taskinstance.py:1250} INFO - Starting attempt 1 of 1
[2022-04-15 07:48:31,179] {taskinstance.py:1251} INFO - 
--------------------------------------------------------------------------------
[2022-04-15 07:48:31,192] {taskinstance.py:1270} INFO - Executing <Task(PythonOperator): task> on 2022-04-15 06:00:00+00:00
[2022-04-15 07:48:31,198] {standard_task_runner.py:52} INFO - Started process 584 to run task
[2022-04-15 07:48:31,201] {standard_task_runner.py:79} INFO - Running: ['***', 'tasks', 'run', 'karols_dag_sleep_10s', 'task', 'scheduled__2022-04-15T06:00:00+00:00', '--job-id', '51', '--raw', '--subdir', 'DAGS_FOLDER/karols_dag_sleep_10s.py', '--cfg-path', '/tmp/tmpt03il60a', '--error-file', '/tmp/tmp3axjhep4']
[2022-04-15 07:48:31,201] {standard_task_runner.py:80} INFO - Job 51: Subtask task
[2022-04-15 07:48:31,314] {logging_mixin.py:109} INFO - Running <TaskInstance: karols_dag_sleep_10s.task scheduled__2022-04-15T06:00:00+00:00 [running]> on host bc14b3598b70
[2022-04-15 07:48:31,373] {taskinstance.py:1448} INFO - Exporting the following env vars:
AIRFLOW_CTX_DAG_OWNER=Airflow
AIRFLOW_CTX_DAG_ID=karols_dag_sleep_10s
AIRFLOW_CTX_TASK_ID=task
AIRFLOW_CTX_EXECUTION_DATE=2022-04-15T06:00:00+00:00
AIRFLOW_CTX_DAG_RUN_ID=scheduled__2022-04-15T06:00:00+00:00
[2022-04-15 07:48:41,378] {python.py:175} INFO - Done. Returned value was: None
[2022-04-15 07:48:41,390] {taskinstance.py:1288} INFO - Marking task as SUCCESS. dag_id=karols_dag_sleep_10s, task_id=task, execution_date=20220415T060000, start_date=20220415T074831, end_date=20220415T074841
[2022-04-15 07:48:41,427] {local_task_job.py:154} INFO - Task exited with return code 0
[2022-04-15 07:48:41,460] {local_task_job.py:264} INFO - 0 downstream tasks scheduled from follow-on schedule check
