[2022-04-15 07:38:50,159] {taskinstance.py:1043} INFO - Dependencies all met for <TaskInstance: dag_sleep_10s.task manual__2022-04-15T07:38:49.306526+00:00 [queued]>
[2022-04-15 07:38:50,172] {taskinstance.py:1043} INFO - Dependencies all met for <TaskInstance: dag_sleep_10s.task manual__2022-04-15T07:38:49.306526+00:00 [queued]>
[2022-04-15 07:38:50,172] {taskinstance.py:1249} INFO - 
--------------------------------------------------------------------------------
[2022-04-15 07:38:50,172] {taskinstance.py:1250} INFO - Starting attempt 1 of 1
[2022-04-15 07:38:50,172] {taskinstance.py:1251} INFO - 
--------------------------------------------------------------------------------
[2022-04-15 07:38:50,198] {taskinstance.py:1270} INFO - Executing <Task(PythonOperator): task> on 2022-04-15 07:38:49.306526+00:00
[2022-04-15 07:38:50,207] {standard_task_runner.py:52} INFO - Started process 155 to run task
[2022-04-15 07:38:50,209] {standard_task_runner.py:79} INFO - Running: ['***', 'tasks', 'run', 'dag_sleep_10s', 'task', 'manual__2022-04-15T07:38:49.306526+00:00', '--job-id', '49', '--raw', '--subdir', 'DAGS_FOLDER/dag_sleep_10s.py', '--cfg-path', '/tmp/tmpdfy0h7er', '--error-file', '/tmp/tmpv1lkes9w']
[2022-04-15 07:38:50,210] {standard_task_runner.py:80} INFO - Job 49: Subtask task
[2022-04-15 07:38:50,275] {logging_mixin.py:109} INFO - Running <TaskInstance: dag_sleep_10s.task manual__2022-04-15T07:38:49.306526+00:00 [running]> on host bc14b3598b70
[2022-04-15 07:38:50,341] {taskinstance.py:1448} INFO - Exporting the following env vars:
AIRFLOW_CTX_DAG_OWNER=Airflow
AIRFLOW_CTX_DAG_ID=dag_sleep_10s
AIRFLOW_CTX_TASK_ID=task
AIRFLOW_CTX_EXECUTION_DATE=2022-04-15T07:38:49.306526+00:00
AIRFLOW_CTX_DAG_RUN_ID=manual__2022-04-15T07:38:49.306526+00:00
[2022-04-15 07:39:00,347] {python.py:175} INFO - Done. Returned value was: None
[2022-04-15 07:39:00,367] {taskinstance.py:1288} INFO - Marking task as SUCCESS. dag_id=dag_sleep_10s, task_id=task, execution_date=20220415T073849, start_date=20220415T073850, end_date=20220415T073900
[2022-04-15 07:39:00,419] {local_task_job.py:154} INFO - Task exited with return code 0
[2022-04-15 07:39:00,468] {local_task_job.py:264} INFO - 0 downstream tasks scheduled from follow-on schedule check
