[2022-04-13 08:46:33,437] {processor.py:163} INFO - Started process (PID=230) to work on /home/airflow/.local/lib/python3.7/site-packages/airflow/example_dags/example_python_operator.py
[2022-04-13 08:46:33,438] {processor.py:642} INFO - Processing file /home/airflow/.local/lib/python3.7/site-packages/airflow/example_dags/example_python_operator.py for tasks to queue
[2022-04-13 08:46:33,439] {logging_mixin.py:109} INFO - [2022-04-13 08:46:33,439] {dagbag.py:500} INFO - Filling up the DagBag from /home/airflow/.local/lib/python3.7/site-packages/airflow/example_dags/example_python_operator.py
[2022-04-13 08:46:33,460] {processor.py:652} INFO - DAG(s) dict_keys(['example_python_operator']) retrieved from /home/airflow/.local/lib/python3.7/site-packages/airflow/example_dags/example_python_operator.py
[2022-04-13 08:46:35,426] {logging_mixin.py:109} INFO - [2022-04-13 08:46:35,426] {manager.py:496} INFO - Created Permission View: can read on DAG:example_python_operator
[2022-04-13 08:46:35,438] {logging_mixin.py:109} INFO - [2022-04-13 08:46:35,437] {manager.py:496} INFO - Created Permission View: can edit on DAG:example_python_operator
[2022-04-13 08:46:35,438] {logging_mixin.py:109} INFO - [2022-04-13 08:46:35,438] {dag.py:2398} INFO - Sync 1 DAGs
[2022-04-13 08:46:35,448] {logging_mixin.py:109} INFO - [2022-04-13 08:46:35,447] {dag.py:2417} INFO - Creating ORM DAG for example_python_operator
[2022-04-13 08:46:35,457] {logging_mixin.py:109} INFO - [2022-04-13 08:46:35,457] {dag.py:2937} INFO - Setting next_dagrun for example_python_operator to None
[2022-04-13 08:46:35,473] {processor.py:171} INFO - Processing /home/airflow/.local/lib/python3.7/site-packages/airflow/example_dags/example_python_operator.py took 2.039 seconds
[2022-04-13 08:47:06,189] {processor.py:163} INFO - Started process (PID=483) to work on /home/airflow/.local/lib/python3.7/site-packages/airflow/example_dags/example_python_operator.py
[2022-04-13 08:47:06,192] {processor.py:642} INFO - Processing file /home/airflow/.local/lib/python3.7/site-packages/airflow/example_dags/example_python_operator.py for tasks to queue
[2022-04-13 08:47:06,193] {logging_mixin.py:109} INFO - [2022-04-13 08:47:06,193] {dagbag.py:500} INFO - Filling up the DagBag from /home/airflow/.local/lib/python3.7/site-packages/airflow/example_dags/example_python_operator.py
[2022-04-13 08:47:06,224] {processor.py:652} INFO - DAG(s) dict_keys(['example_python_operator']) retrieved from /home/airflow/.local/lib/python3.7/site-packages/airflow/example_dags/example_python_operator.py
[2022-04-13 08:47:06,250] {logging_mixin.py:109} INFO - [2022-04-13 08:47:06,250] {dag.py:2398} INFO - Sync 1 DAGs
[2022-04-13 08:47:06,272] {logging_mixin.py:109} INFO - [2022-04-13 08:47:06,272] {dag.py:2937} INFO - Setting next_dagrun for example_python_operator to None
[2022-04-13 08:47:06,291] {processor.py:171} INFO - Processing /home/airflow/.local/lib/python3.7/site-packages/airflow/example_dags/example_python_operator.py took 0.105 seconds
[2022-04-13 08:47:36,379] {processor.py:163} INFO - Started process (PID=535) to work on /home/airflow/.local/lib/python3.7/site-packages/airflow/example_dags/example_python_operator.py
[2022-04-13 08:47:36,380] {processor.py:642} INFO - Processing file /home/airflow/.local/lib/python3.7/site-packages/airflow/example_dags/example_python_operator.py for tasks to queue
[2022-04-13 08:47:36,381] {logging_mixin.py:109} INFO - [2022-04-13 08:47:36,381] {dagbag.py:500} INFO - Filling up the DagBag from /home/airflow/.local/lib/python3.7/site-packages/airflow/example_dags/example_python_operator.py
[2022-04-13 08:47:36,406] {processor.py:652} INFO - DAG(s) dict_keys(['example_python_operator']) retrieved from /home/airflow/.local/lib/python3.7/site-packages/airflow/example_dags/example_python_operator.py
[2022-04-13 08:47:36,429] {logging_mixin.py:109} INFO - [2022-04-13 08:47:36,429] {dag.py:2398} INFO - Sync 1 DAGs
[2022-04-13 08:47:36,444] {logging_mixin.py:109} INFO - [2022-04-13 08:47:36,444] {dag.py:2937} INFO - Setting next_dagrun for example_python_operator to None
[2022-04-13 08:47:36,456] {processor.py:171} INFO - Processing /home/airflow/.local/lib/python3.7/site-packages/airflow/example_dags/example_python_operator.py took 0.080 seconds
[2022-04-13 08:48:06,533] {processor.py:163} INFO - Started process (PID=585) to work on /home/airflow/.local/lib/python3.7/site-packages/airflow/example_dags/example_python_operator.py
[2022-04-13 08:48:06,538] {processor.py:642} INFO - Processing file /home/airflow/.local/lib/python3.7/site-packages/airflow/example_dags/example_python_operator.py for tasks to queue
[2022-04-13 08:48:06,538] {logging_mixin.py:109} INFO - [2022-04-13 08:48:06,538] {dagbag.py:500} INFO - Filling up the DagBag from /home/airflow/.local/lib/python3.7/site-packages/airflow/example_dags/example_python_operator.py
[2022-04-13 08:48:06,561] {processor.py:652} INFO - DAG(s) dict_keys(['example_python_operator']) retrieved from /home/airflow/.local/lib/python3.7/site-packages/airflow/example_dags/example_python_operator.py
[2022-04-13 08:48:06,587] {logging_mixin.py:109} INFO - [2022-04-13 08:48:06,586] {dag.py:2398} INFO - Sync 1 DAGs
[2022-04-13 08:48:06,605] {logging_mixin.py:109} INFO - [2022-04-13 08:48:06,605] {dag.py:2937} INFO - Setting next_dagrun for example_python_operator to None
[2022-04-13 08:48:06,621] {processor.py:171} INFO - Processing /home/airflow/.local/lib/python3.7/site-packages/airflow/example_dags/example_python_operator.py took 0.090 seconds
[2022-04-13 08:48:37,016] {processor.py:163} INFO - Started process (PID=646) to work on /home/airflow/.local/lib/python3.7/site-packages/airflow/example_dags/example_python_operator.py
[2022-04-13 08:48:37,017] {processor.py:642} INFO - Processing file /home/airflow/.local/lib/python3.7/site-packages/airflow/example_dags/example_python_operator.py for tasks to queue
[2022-04-13 08:48:37,018] {logging_mixin.py:109} INFO - [2022-04-13 08:48:37,018] {dagbag.py:500} INFO - Filling up the DagBag from /home/airflow/.local/lib/python3.7/site-packages/airflow/example_dags/example_python_operator.py
[2022-04-13 08:48:37,042] {processor.py:652} INFO - DAG(s) dict_keys(['example_python_operator']) retrieved from /home/airflow/.local/lib/python3.7/site-packages/airflow/example_dags/example_python_operator.py
[2022-04-13 08:48:37,068] {logging_mixin.py:109} INFO - [2022-04-13 08:48:37,068] {dag.py:2398} INFO - Sync 1 DAGs
[2022-04-13 08:48:37,084] {logging_mixin.py:109} INFO - [2022-04-13 08:48:37,084] {dag.py:2937} INFO - Setting next_dagrun for example_python_operator to None
[2022-04-13 08:48:37,098] {processor.py:171} INFO - Processing /home/airflow/.local/lib/python3.7/site-packages/airflow/example_dags/example_python_operator.py took 0.086 seconds
[2022-04-13 08:52:09,890] {processor.py:163} INFO - Started process (PID=51) to work on /home/airflow/.local/lib/python3.7/site-packages/airflow/example_dags/example_python_operator.py
[2022-04-13 08:52:09,893] {processor.py:642} INFO - Processing file /home/airflow/.local/lib/python3.7/site-packages/airflow/example_dags/example_python_operator.py for tasks to queue
[2022-04-13 08:52:09,894] {logging_mixin.py:109} INFO - [2022-04-13 08:52:09,894] {dagbag.py:500} INFO - Filling up the DagBag from /home/airflow/.local/lib/python3.7/site-packages/airflow/example_dags/example_python_operator.py
[2022-04-13 08:52:09,940] {processor.py:652} INFO - DAG(s) dict_keys(['example_python_operator']) retrieved from /home/airflow/.local/lib/python3.7/site-packages/airflow/example_dags/example_python_operator.py
[2022-04-13 08:52:09,992] {logging_mixin.py:109} INFO - [2022-04-13 08:52:09,991] {dag.py:2398} INFO - Sync 1 DAGs
[2022-04-13 08:52:10,026] {logging_mixin.py:109} INFO - [2022-04-13 08:52:10,026] {dag.py:2937} INFO - Setting next_dagrun for example_python_operator to None
[2022-04-13 08:52:10,046] {processor.py:171} INFO - Processing /home/airflow/.local/lib/python3.7/site-packages/airflow/example_dags/example_python_operator.py took 0.160 seconds
[2022-04-13 08:54:27,155] {processor.py:163} INFO - Started process (PID=55) to work on /home/airflow/.local/lib/python3.7/site-packages/airflow/example_dags/example_python_operator.py
[2022-04-13 08:54:27,158] {processor.py:642} INFO - Processing file /home/airflow/.local/lib/python3.7/site-packages/airflow/example_dags/example_python_operator.py for tasks to queue
[2022-04-13 08:54:27,159] {logging_mixin.py:109} INFO - [2022-04-13 08:54:27,158] {dagbag.py:500} INFO - Filling up the DagBag from /home/airflow/.local/lib/python3.7/site-packages/airflow/example_dags/example_python_operator.py
[2022-04-13 08:54:27,190] {processor.py:652} INFO - DAG(s) dict_keys(['example_python_operator']) retrieved from /home/airflow/.local/lib/python3.7/site-packages/airflow/example_dags/example_python_operator.py
[2022-04-13 08:54:27,209] {logging_mixin.py:109} INFO - [2022-04-13 08:54:27,209] {dag.py:2398} INFO - Sync 1 DAGs
[2022-04-13 08:54:27,227] {logging_mixin.py:109} INFO - [2022-04-13 08:54:27,227] {dag.py:2937} INFO - Setting next_dagrun for example_python_operator to None
[2022-04-13 08:54:27,239] {processor.py:171} INFO - Processing /home/airflow/.local/lib/python3.7/site-packages/airflow/example_dags/example_python_operator.py took 0.091 seconds
[2022-04-13 08:54:57,743] {processor.py:163} INFO - Started process (PID=107) to work on /home/airflow/.local/lib/python3.7/site-packages/airflow/example_dags/example_python_operator.py
[2022-04-13 08:54:57,745] {processor.py:642} INFO - Processing file /home/airflow/.local/lib/python3.7/site-packages/airflow/example_dags/example_python_operator.py for tasks to queue
[2022-04-13 08:54:57,746] {logging_mixin.py:109} INFO - [2022-04-13 08:54:57,746] {dagbag.py:500} INFO - Filling up the DagBag from /home/airflow/.local/lib/python3.7/site-packages/airflow/example_dags/example_python_operator.py
[2022-04-13 08:54:57,770] {processor.py:652} INFO - DAG(s) dict_keys(['example_python_operator']) retrieved from /home/airflow/.local/lib/python3.7/site-packages/airflow/example_dags/example_python_operator.py
[2022-04-13 08:54:57,792] {logging_mixin.py:109} INFO - [2022-04-13 08:54:57,792] {dag.py:2398} INFO - Sync 1 DAGs
[2022-04-13 08:54:57,808] {logging_mixin.py:109} INFO - [2022-04-13 08:54:57,807] {dag.py:2937} INFO - Setting next_dagrun for example_python_operator to None
[2022-04-13 08:54:57,819] {processor.py:171} INFO - Processing /home/airflow/.local/lib/python3.7/site-packages/airflow/example_dags/example_python_operator.py took 0.077 seconds
[2022-04-13 08:55:29,098] {processor.py:163} INFO - Started process (PID=167) to work on /home/airflow/.local/lib/python3.7/site-packages/airflow/example_dags/example_python_operator.py
[2022-04-13 08:55:29,100] {processor.py:642} INFO - Processing file /home/airflow/.local/lib/python3.7/site-packages/airflow/example_dags/example_python_operator.py for tasks to queue
[2022-04-13 08:55:29,101] {logging_mixin.py:109} INFO - [2022-04-13 08:55:29,101] {dagbag.py:500} INFO - Filling up the DagBag from /home/airflow/.local/lib/python3.7/site-packages/airflow/example_dags/example_python_operator.py
[2022-04-13 08:55:29,122] {processor.py:652} INFO - DAG(s) dict_keys(['example_python_operator']) retrieved from /home/airflow/.local/lib/python3.7/site-packages/airflow/example_dags/example_python_operator.py
[2022-04-13 08:55:29,142] {logging_mixin.py:109} INFO - [2022-04-13 08:55:29,142] {dag.py:2398} INFO - Sync 1 DAGs
[2022-04-13 08:55:29,164] {logging_mixin.py:109} INFO - [2022-04-13 08:55:29,164] {dag.py:2937} INFO - Setting next_dagrun for example_python_operator to None
[2022-04-13 08:55:29,177] {processor.py:171} INFO - Processing /home/airflow/.local/lib/python3.7/site-packages/airflow/example_dags/example_python_operator.py took 0.081 seconds
[2022-04-13 08:56:00,485] {processor.py:163} INFO - Started process (PID=219) to work on /home/airflow/.local/lib/python3.7/site-packages/airflow/example_dags/example_python_operator.py
[2022-04-13 08:56:00,487] {processor.py:642} INFO - Processing file /home/airflow/.local/lib/python3.7/site-packages/airflow/example_dags/example_python_operator.py for tasks to queue
[2022-04-13 08:56:00,487] {logging_mixin.py:109} INFO - [2022-04-13 08:56:00,487] {dagbag.py:500} INFO - Filling up the DagBag from /home/airflow/.local/lib/python3.7/site-packages/airflow/example_dags/example_python_operator.py
[2022-04-13 08:56:00,506] {processor.py:652} INFO - DAG(s) dict_keys(['example_python_operator']) retrieved from /home/airflow/.local/lib/python3.7/site-packages/airflow/example_dags/example_python_operator.py
[2022-04-13 08:56:00,540] {logging_mixin.py:109} INFO - [2022-04-13 08:56:00,540] {dag.py:2398} INFO - Sync 1 DAGs
[2022-04-13 08:56:00,566] {logging_mixin.py:109} INFO - [2022-04-13 08:56:00,565] {dag.py:2937} INFO - Setting next_dagrun for example_python_operator to None
[2022-04-13 08:56:00,590] {processor.py:171} INFO - Processing /home/airflow/.local/lib/python3.7/site-packages/airflow/example_dags/example_python_operator.py took 0.107 seconds
[2022-04-13 08:56:30,880] {processor.py:163} INFO - Started process (PID=280) to work on /home/airflow/.local/lib/python3.7/site-packages/airflow/example_dags/example_python_operator.py
[2022-04-13 08:56:30,882] {processor.py:642} INFO - Processing file /home/airflow/.local/lib/python3.7/site-packages/airflow/example_dags/example_python_operator.py for tasks to queue
[2022-04-13 08:56:30,882] {logging_mixin.py:109} INFO - [2022-04-13 08:56:30,882] {dagbag.py:500} INFO - Filling up the DagBag from /home/airflow/.local/lib/python3.7/site-packages/airflow/example_dags/example_python_operator.py
[2022-04-13 08:56:30,899] {processor.py:652} INFO - DAG(s) dict_keys(['example_python_operator']) retrieved from /home/airflow/.local/lib/python3.7/site-packages/airflow/example_dags/example_python_operator.py
[2022-04-13 08:56:30,921] {logging_mixin.py:109} INFO - [2022-04-13 08:56:30,921] {dag.py:2398} INFO - Sync 1 DAGs
[2022-04-13 08:56:30,937] {logging_mixin.py:109} INFO - [2022-04-13 08:56:30,937] {dag.py:2937} INFO - Setting next_dagrun for example_python_operator to None
[2022-04-13 08:56:30,948] {processor.py:171} INFO - Processing /home/airflow/.local/lib/python3.7/site-packages/airflow/example_dags/example_python_operator.py took 0.070 seconds
[2022-04-13 08:57:01,000] {processor.py:163} INFO - Started process (PID=331) to work on /home/airflow/.local/lib/python3.7/site-packages/airflow/example_dags/example_python_operator.py
[2022-04-13 08:57:01,001] {processor.py:642} INFO - Processing file /home/airflow/.local/lib/python3.7/site-packages/airflow/example_dags/example_python_operator.py for tasks to queue
[2022-04-13 08:57:01,002] {logging_mixin.py:109} INFO - [2022-04-13 08:57:01,001] {dagbag.py:500} INFO - Filling up the DagBag from /home/airflow/.local/lib/python3.7/site-packages/airflow/example_dags/example_python_operator.py
[2022-04-13 08:57:01,016] {processor.py:652} INFO - DAG(s) dict_keys(['example_python_operator']) retrieved from /home/airflow/.local/lib/python3.7/site-packages/airflow/example_dags/example_python_operator.py
[2022-04-13 08:57:01,036] {logging_mixin.py:109} INFO - [2022-04-13 08:57:01,036] {dag.py:2398} INFO - Sync 1 DAGs
[2022-04-13 08:57:01,052] {logging_mixin.py:109} INFO - [2022-04-13 08:57:01,052] {dag.py:2937} INFO - Setting next_dagrun for example_python_operator to None
[2022-04-13 08:57:01,067] {processor.py:171} INFO - Processing /home/airflow/.local/lib/python3.7/site-packages/airflow/example_dags/example_python_operator.py took 0.068 seconds
[2022-04-13 08:57:31,237] {processor.py:163} INFO - Started process (PID=389) to work on /home/airflow/.local/lib/python3.7/site-packages/airflow/example_dags/example_python_operator.py
[2022-04-13 08:57:31,238] {processor.py:642} INFO - Processing file /home/airflow/.local/lib/python3.7/site-packages/airflow/example_dags/example_python_operator.py for tasks to queue
[2022-04-13 08:57:31,239] {logging_mixin.py:109} INFO - [2022-04-13 08:57:31,239] {dagbag.py:500} INFO - Filling up the DagBag from /home/airflow/.local/lib/python3.7/site-packages/airflow/example_dags/example_python_operator.py
[2022-04-13 08:57:31,253] {processor.py:652} INFO - DAG(s) dict_keys(['example_python_operator']) retrieved from /home/airflow/.local/lib/python3.7/site-packages/airflow/example_dags/example_python_operator.py
[2022-04-13 08:57:31,271] {logging_mixin.py:109} INFO - [2022-04-13 08:57:31,271] {dag.py:2398} INFO - Sync 1 DAGs
[2022-04-13 08:57:31,285] {logging_mixin.py:109} INFO - [2022-04-13 08:57:31,285] {dag.py:2937} INFO - Setting next_dagrun for example_python_operator to None
[2022-04-13 08:57:31,296] {processor.py:171} INFO - Processing /home/airflow/.local/lib/python3.7/site-packages/airflow/example_dags/example_python_operator.py took 0.061 seconds
[2022-04-13 08:58:02,413] {processor.py:163} INFO - Started process (PID=448) to work on /home/airflow/.local/lib/python3.7/site-packages/airflow/example_dags/example_python_operator.py
[2022-04-13 08:58:02,414] {processor.py:642} INFO - Processing file /home/airflow/.local/lib/python3.7/site-packages/airflow/example_dags/example_python_operator.py for tasks to queue
[2022-04-13 08:58:02,415] {logging_mixin.py:109} INFO - [2022-04-13 08:58:02,415] {dagbag.py:500} INFO - Filling up the DagBag from /home/airflow/.local/lib/python3.7/site-packages/airflow/example_dags/example_python_operator.py
[2022-04-13 08:58:02,441] {processor.py:652} INFO - DAG(s) dict_keys(['example_python_operator']) retrieved from /home/airflow/.local/lib/python3.7/site-packages/airflow/example_dags/example_python_operator.py
[2022-04-13 08:58:02,465] {logging_mixin.py:109} INFO - [2022-04-13 08:58:02,465] {dag.py:2398} INFO - Sync 1 DAGs
[2022-04-13 08:58:02,486] {logging_mixin.py:109} INFO - [2022-04-13 08:58:02,486] {dag.py:2937} INFO - Setting next_dagrun for example_python_operator to None
[2022-04-13 08:58:02,500] {processor.py:171} INFO - Processing /home/airflow/.local/lib/python3.7/site-packages/airflow/example_dags/example_python_operator.py took 0.090 seconds
[2022-04-13 08:58:33,623] {processor.py:163} INFO - Started process (PID=502) to work on /home/airflow/.local/lib/python3.7/site-packages/airflow/example_dags/example_python_operator.py
[2022-04-13 08:58:33,625] {processor.py:642} INFO - Processing file /home/airflow/.local/lib/python3.7/site-packages/airflow/example_dags/example_python_operator.py for tasks to queue
[2022-04-13 08:58:33,626] {logging_mixin.py:109} INFO - [2022-04-13 08:58:33,626] {dagbag.py:500} INFO - Filling up the DagBag from /home/airflow/.local/lib/python3.7/site-packages/airflow/example_dags/example_python_operator.py
[2022-04-13 08:58:33,651] {processor.py:652} INFO - DAG(s) dict_keys(['example_python_operator']) retrieved from /home/airflow/.local/lib/python3.7/site-packages/airflow/example_dags/example_python_operator.py
[2022-04-13 08:58:33,693] {logging_mixin.py:109} INFO - [2022-04-13 08:58:33,693] {dag.py:2398} INFO - Sync 1 DAGs
[2022-04-13 08:58:33,723] {logging_mixin.py:109} INFO - [2022-04-13 08:58:33,722] {dag.py:2937} INFO - Setting next_dagrun for example_python_operator to None
[2022-04-13 08:58:33,744] {processor.py:171} INFO - Processing /home/airflow/.local/lib/python3.7/site-packages/airflow/example_dags/example_python_operator.py took 0.124 seconds
[2022-04-13 08:59:04,677] {processor.py:163} INFO - Started process (PID=561) to work on /home/airflow/.local/lib/python3.7/site-packages/airflow/example_dags/example_python_operator.py
[2022-04-13 08:59:04,679] {processor.py:642} INFO - Processing file /home/airflow/.local/lib/python3.7/site-packages/airflow/example_dags/example_python_operator.py for tasks to queue
[2022-04-13 08:59:04,680] {logging_mixin.py:109} INFO - [2022-04-13 08:59:04,680] {dagbag.py:500} INFO - Filling up the DagBag from /home/airflow/.local/lib/python3.7/site-packages/airflow/example_dags/example_python_operator.py
[2022-04-13 08:59:04,712] {processor.py:652} INFO - DAG(s) dict_keys(['example_python_operator']) retrieved from /home/airflow/.local/lib/python3.7/site-packages/airflow/example_dags/example_python_operator.py
[2022-04-13 08:59:04,750] {logging_mixin.py:109} INFO - [2022-04-13 08:59:04,750] {dag.py:2398} INFO - Sync 1 DAGs
[2022-04-13 08:59:04,775] {logging_mixin.py:109} INFO - [2022-04-13 08:59:04,774] {dag.py:2937} INFO - Setting next_dagrun for example_python_operator to None
[2022-04-13 08:59:04,798] {processor.py:171} INFO - Processing /home/airflow/.local/lib/python3.7/site-packages/airflow/example_dags/example_python_operator.py took 0.125 seconds
[2022-04-13 08:59:35,486] {processor.py:163} INFO - Started process (PID=615) to work on /home/airflow/.local/lib/python3.7/site-packages/airflow/example_dags/example_python_operator.py
[2022-04-13 08:59:35,488] {processor.py:642} INFO - Processing file /home/airflow/.local/lib/python3.7/site-packages/airflow/example_dags/example_python_operator.py for tasks to queue
[2022-04-13 08:59:35,489] {logging_mixin.py:109} INFO - [2022-04-13 08:59:35,489] {dagbag.py:500} INFO - Filling up the DagBag from /home/airflow/.local/lib/python3.7/site-packages/airflow/example_dags/example_python_operator.py
[2022-04-13 08:59:35,510] {processor.py:652} INFO - DAG(s) dict_keys(['example_python_operator']) retrieved from /home/airflow/.local/lib/python3.7/site-packages/airflow/example_dags/example_python_operator.py
[2022-04-13 08:59:35,535] {logging_mixin.py:109} INFO - [2022-04-13 08:59:35,535] {dag.py:2398} INFO - Sync 1 DAGs
[2022-04-13 08:59:35,558] {logging_mixin.py:109} INFO - [2022-04-13 08:59:35,558] {dag.py:2937} INFO - Setting next_dagrun for example_python_operator to None
[2022-04-13 08:59:35,574] {processor.py:171} INFO - Processing /home/airflow/.local/lib/python3.7/site-packages/airflow/example_dags/example_python_operator.py took 0.092 seconds
[2022-04-13 09:00:06,085] {processor.py:163} INFO - Started process (PID=665) to work on /home/airflow/.local/lib/python3.7/site-packages/airflow/example_dags/example_python_operator.py
[2022-04-13 09:00:06,087] {processor.py:642} INFO - Processing file /home/airflow/.local/lib/python3.7/site-packages/airflow/example_dags/example_python_operator.py for tasks to queue
[2022-04-13 09:00:06,088] {logging_mixin.py:109} INFO - [2022-04-13 09:00:06,087] {dagbag.py:500} INFO - Filling up the DagBag from /home/airflow/.local/lib/python3.7/site-packages/airflow/example_dags/example_python_operator.py
[2022-04-13 09:00:06,106] {processor.py:652} INFO - DAG(s) dict_keys(['example_python_operator']) retrieved from /home/airflow/.local/lib/python3.7/site-packages/airflow/example_dags/example_python_operator.py
[2022-04-13 09:00:06,130] {logging_mixin.py:109} INFO - [2022-04-13 09:00:06,129] {dag.py:2398} INFO - Sync 1 DAGs
[2022-04-13 09:00:06,150] {logging_mixin.py:109} INFO - [2022-04-13 09:00:06,150] {dag.py:2937} INFO - Setting next_dagrun for example_python_operator to None
[2022-04-13 09:00:06,168] {processor.py:171} INFO - Processing /home/airflow/.local/lib/python3.7/site-packages/airflow/example_dags/example_python_operator.py took 0.086 seconds
[2022-04-13 09:00:36,762] {processor.py:163} INFO - Started process (PID=717) to work on /home/airflow/.local/lib/python3.7/site-packages/airflow/example_dags/example_python_operator.py
[2022-04-13 09:00:36,763] {processor.py:642} INFO - Processing file /home/airflow/.local/lib/python3.7/site-packages/airflow/example_dags/example_python_operator.py for tasks to queue
[2022-04-13 09:00:36,764] {logging_mixin.py:109} INFO - [2022-04-13 09:00:36,764] {dagbag.py:500} INFO - Filling up the DagBag from /home/airflow/.local/lib/python3.7/site-packages/airflow/example_dags/example_python_operator.py
[2022-04-13 09:00:36,792] {processor.py:652} INFO - DAG(s) dict_keys(['example_python_operator']) retrieved from /home/airflow/.local/lib/python3.7/site-packages/airflow/example_dags/example_python_operator.py
[2022-04-13 09:00:36,822] {logging_mixin.py:109} INFO - [2022-04-13 09:00:36,822] {dag.py:2398} INFO - Sync 1 DAGs
[2022-04-13 09:00:36,845] {logging_mixin.py:109} INFO - [2022-04-13 09:00:36,844] {dag.py:2937} INFO - Setting next_dagrun for example_python_operator to None
[2022-04-13 09:00:36,862] {processor.py:171} INFO - Processing /home/airflow/.local/lib/python3.7/site-packages/airflow/example_dags/example_python_operator.py took 0.105 seconds
[2022-04-13 09:01:07,373] {processor.py:163} INFO - Started process (PID=777) to work on /home/airflow/.local/lib/python3.7/site-packages/airflow/example_dags/example_python_operator.py
[2022-04-13 09:01:07,375] {processor.py:642} INFO - Processing file /home/airflow/.local/lib/python3.7/site-packages/airflow/example_dags/example_python_operator.py for tasks to queue
[2022-04-13 09:01:07,377] {logging_mixin.py:109} INFO - [2022-04-13 09:01:07,376] {dagbag.py:500} INFO - Filling up the DagBag from /home/airflow/.local/lib/python3.7/site-packages/airflow/example_dags/example_python_operator.py
[2022-04-13 09:01:07,409] {processor.py:652} INFO - DAG(s) dict_keys(['example_python_operator']) retrieved from /home/airflow/.local/lib/python3.7/site-packages/airflow/example_dags/example_python_operator.py
[2022-04-13 09:01:07,438] {logging_mixin.py:109} INFO - [2022-04-13 09:01:07,438] {dag.py:2398} INFO - Sync 1 DAGs
[2022-04-13 09:01:07,464] {logging_mixin.py:109} INFO - [2022-04-13 09:01:07,464] {dag.py:2937} INFO - Setting next_dagrun for example_python_operator to None
[2022-04-13 09:01:07,481] {processor.py:171} INFO - Processing /home/airflow/.local/lib/python3.7/site-packages/airflow/example_dags/example_python_operator.py took 0.111 seconds
[2022-04-13 09:01:38,695] {processor.py:163} INFO - Started process (PID=829) to work on /home/airflow/.local/lib/python3.7/site-packages/airflow/example_dags/example_python_operator.py
[2022-04-13 09:01:38,696] {processor.py:642} INFO - Processing file /home/airflow/.local/lib/python3.7/site-packages/airflow/example_dags/example_python_operator.py for tasks to queue
[2022-04-13 09:01:38,697] {logging_mixin.py:109} INFO - [2022-04-13 09:01:38,697] {dagbag.py:500} INFO - Filling up the DagBag from /home/airflow/.local/lib/python3.7/site-packages/airflow/example_dags/example_python_operator.py
[2022-04-13 09:01:38,720] {processor.py:652} INFO - DAG(s) dict_keys(['example_python_operator']) retrieved from /home/airflow/.local/lib/python3.7/site-packages/airflow/example_dags/example_python_operator.py
[2022-04-13 09:01:38,753] {logging_mixin.py:109} INFO - [2022-04-13 09:01:38,753] {dag.py:2398} INFO - Sync 1 DAGs
[2022-04-13 09:01:38,781] {logging_mixin.py:109} INFO - [2022-04-13 09:01:38,781] {dag.py:2937} INFO - Setting next_dagrun for example_python_operator to None
[2022-04-13 09:01:38,801] {processor.py:171} INFO - Processing /home/airflow/.local/lib/python3.7/site-packages/airflow/example_dags/example_python_operator.py took 0.108 seconds
[2022-04-13 09:02:09,713] {processor.py:163} INFO - Started process (PID=880) to work on /home/airflow/.local/lib/python3.7/site-packages/airflow/example_dags/example_python_operator.py
[2022-04-13 09:02:09,718] {processor.py:642} INFO - Processing file /home/airflow/.local/lib/python3.7/site-packages/airflow/example_dags/example_python_operator.py for tasks to queue
[2022-04-13 09:02:09,719] {logging_mixin.py:109} INFO - [2022-04-13 09:02:09,719] {dagbag.py:500} INFO - Filling up the DagBag from /home/airflow/.local/lib/python3.7/site-packages/airflow/example_dags/example_python_operator.py
[2022-04-13 09:02:09,747] {processor.py:652} INFO - DAG(s) dict_keys(['example_python_operator']) retrieved from /home/airflow/.local/lib/python3.7/site-packages/airflow/example_dags/example_python_operator.py
[2022-04-13 09:02:09,779] {logging_mixin.py:109} INFO - [2022-04-13 09:02:09,779] {dag.py:2398} INFO - Sync 1 DAGs
[2022-04-13 09:02:09,810] {logging_mixin.py:109} INFO - [2022-04-13 09:02:09,810] {dag.py:2937} INFO - Setting next_dagrun for example_python_operator to None
[2022-04-13 09:02:09,833] {processor.py:171} INFO - Processing /home/airflow/.local/lib/python3.7/site-packages/airflow/example_dags/example_python_operator.py took 0.128 seconds
[2022-04-13 09:02:40,670] {processor.py:163} INFO - Started process (PID=942) to work on /home/airflow/.local/lib/python3.7/site-packages/airflow/example_dags/example_python_operator.py
[2022-04-13 09:02:40,672] {processor.py:642} INFO - Processing file /home/airflow/.local/lib/python3.7/site-packages/airflow/example_dags/example_python_operator.py for tasks to queue
[2022-04-13 09:02:40,673] {logging_mixin.py:109} INFO - [2022-04-13 09:02:40,673] {dagbag.py:500} INFO - Filling up the DagBag from /home/airflow/.local/lib/python3.7/site-packages/airflow/example_dags/example_python_operator.py
[2022-04-13 09:02:40,703] {processor.py:652} INFO - DAG(s) dict_keys(['example_python_operator']) retrieved from /home/airflow/.local/lib/python3.7/site-packages/airflow/example_dags/example_python_operator.py
[2022-04-13 09:02:40,733] {logging_mixin.py:109} INFO - [2022-04-13 09:02:40,733] {dag.py:2398} INFO - Sync 1 DAGs
[2022-04-13 09:02:40,754] {logging_mixin.py:109} INFO - [2022-04-13 09:02:40,754] {dag.py:2937} INFO - Setting next_dagrun for example_python_operator to None
[2022-04-13 09:02:40,782] {processor.py:171} INFO - Processing /home/airflow/.local/lib/python3.7/site-packages/airflow/example_dags/example_python_operator.py took 0.116 seconds
[2022-04-13 09:03:12,120] {processor.py:163} INFO - Started process (PID=992) to work on /home/airflow/.local/lib/python3.7/site-packages/airflow/example_dags/example_python_operator.py
[2022-04-13 09:03:12,122] {processor.py:642} INFO - Processing file /home/airflow/.local/lib/python3.7/site-packages/airflow/example_dags/example_python_operator.py for tasks to queue
[2022-04-13 09:03:12,123] {logging_mixin.py:109} INFO - [2022-04-13 09:03:12,123] {dagbag.py:500} INFO - Filling up the DagBag from /home/airflow/.local/lib/python3.7/site-packages/airflow/example_dags/example_python_operator.py
[2022-04-13 09:03:12,152] {processor.py:652} INFO - DAG(s) dict_keys(['example_python_operator']) retrieved from /home/airflow/.local/lib/python3.7/site-packages/airflow/example_dags/example_python_operator.py
[2022-04-13 09:03:12,189] {logging_mixin.py:109} INFO - [2022-04-13 09:03:12,189] {dag.py:2398} INFO - Sync 1 DAGs
[2022-04-13 09:03:12,216] {logging_mixin.py:109} INFO - [2022-04-13 09:03:12,216] {dag.py:2937} INFO - Setting next_dagrun for example_python_operator to None
[2022-04-13 09:03:12,238] {processor.py:171} INFO - Processing /home/airflow/.local/lib/python3.7/site-packages/airflow/example_dags/example_python_operator.py took 0.123 seconds
[2022-04-13 09:05:51,845] {processor.py:163} INFO - Started process (PID=53) to work on /home/airflow/.local/lib/python3.7/site-packages/airflow/example_dags/example_python_operator.py
[2022-04-13 09:05:51,846] {processor.py:642} INFO - Processing file /home/airflow/.local/lib/python3.7/site-packages/airflow/example_dags/example_python_operator.py for tasks to queue
[2022-04-13 09:05:51,847] {logging_mixin.py:109} INFO - [2022-04-13 09:05:51,847] {dagbag.py:500} INFO - Filling up the DagBag from /home/airflow/.local/lib/python3.7/site-packages/airflow/example_dags/example_python_operator.py
[2022-04-13 09:05:51,867] {processor.py:652} INFO - DAG(s) dict_keys(['example_python_operator']) retrieved from /home/airflow/.local/lib/python3.7/site-packages/airflow/example_dags/example_python_operator.py
[2022-04-13 09:05:51,890] {logging_mixin.py:109} INFO - [2022-04-13 09:05:51,890] {dag.py:2398} INFO - Sync 1 DAGs
[2022-04-13 09:05:51,908] {logging_mixin.py:109} INFO - [2022-04-13 09:05:51,908] {dag.py:2937} INFO - Setting next_dagrun for example_python_operator to None
[2022-04-13 09:05:51,923] {processor.py:171} INFO - Processing /home/airflow/.local/lib/python3.7/site-packages/airflow/example_dags/example_python_operator.py took 0.081 seconds
[2022-04-13 09:06:22,643] {processor.py:163} INFO - Started process (PID=104) to work on /home/airflow/.local/lib/python3.7/site-packages/airflow/example_dags/example_python_operator.py
[2022-04-13 09:06:22,644] {processor.py:642} INFO - Processing file /home/airflow/.local/lib/python3.7/site-packages/airflow/example_dags/example_python_operator.py for tasks to queue
[2022-04-13 09:06:22,645] {logging_mixin.py:109} INFO - [2022-04-13 09:06:22,645] {dagbag.py:500} INFO - Filling up the DagBag from /home/airflow/.local/lib/python3.7/site-packages/airflow/example_dags/example_python_operator.py
[2022-04-13 09:06:22,670] {processor.py:652} INFO - DAG(s) dict_keys(['example_python_operator']) retrieved from /home/airflow/.local/lib/python3.7/site-packages/airflow/example_dags/example_python_operator.py
[2022-04-13 09:06:22,693] {logging_mixin.py:109} INFO - [2022-04-13 09:06:22,693] {dag.py:2398} INFO - Sync 1 DAGs
[2022-04-13 09:06:22,716] {logging_mixin.py:109} INFO - [2022-04-13 09:06:22,716] {dag.py:2937} INFO - Setting next_dagrun for example_python_operator to None
[2022-04-13 09:06:22,730] {processor.py:171} INFO - Processing /home/airflow/.local/lib/python3.7/site-packages/airflow/example_dags/example_python_operator.py took 0.090 seconds
[2022-04-13 09:06:53,187] {processor.py:163} INFO - Started process (PID=164) to work on /home/airflow/.local/lib/python3.7/site-packages/airflow/example_dags/example_python_operator.py
[2022-04-13 09:06:53,190] {processor.py:642} INFO - Processing file /home/airflow/.local/lib/python3.7/site-packages/airflow/example_dags/example_python_operator.py for tasks to queue
[2022-04-13 09:06:53,191] {logging_mixin.py:109} INFO - [2022-04-13 09:06:53,191] {dagbag.py:500} INFO - Filling up the DagBag from /home/airflow/.local/lib/python3.7/site-packages/airflow/example_dags/example_python_operator.py
[2022-04-13 09:06:53,217] {processor.py:652} INFO - DAG(s) dict_keys(['example_python_operator']) retrieved from /home/airflow/.local/lib/python3.7/site-packages/airflow/example_dags/example_python_operator.py
[2022-04-13 09:06:53,246] {logging_mixin.py:109} INFO - [2022-04-13 09:06:53,246] {dag.py:2398} INFO - Sync 1 DAGs
[2022-04-13 09:06:53,265] {logging_mixin.py:109} INFO - [2022-04-13 09:06:53,265] {dag.py:2937} INFO - Setting next_dagrun for example_python_operator to None
[2022-04-13 09:06:53,282] {processor.py:171} INFO - Processing /home/airflow/.local/lib/python3.7/site-packages/airflow/example_dags/example_python_operator.py took 0.101 seconds
[2022-04-13 09:07:23,588] {processor.py:163} INFO - Started process (PID=215) to work on /home/airflow/.local/lib/python3.7/site-packages/airflow/example_dags/example_python_operator.py
[2022-04-13 09:07:23,589] {processor.py:642} INFO - Processing file /home/airflow/.local/lib/python3.7/site-packages/airflow/example_dags/example_python_operator.py for tasks to queue
[2022-04-13 09:07:23,589] {logging_mixin.py:109} INFO - [2022-04-13 09:07:23,589] {dagbag.py:500} INFO - Filling up the DagBag from /home/airflow/.local/lib/python3.7/site-packages/airflow/example_dags/example_python_operator.py
[2022-04-13 09:07:23,607] {processor.py:652} INFO - DAG(s) dict_keys(['example_python_operator']) retrieved from /home/airflow/.local/lib/python3.7/site-packages/airflow/example_dags/example_python_operator.py
[2022-04-13 09:07:23,627] {logging_mixin.py:109} INFO - [2022-04-13 09:07:23,627] {dag.py:2398} INFO - Sync 1 DAGs
[2022-04-13 09:07:23,646] {logging_mixin.py:109} INFO - [2022-04-13 09:07:23,646] {dag.py:2937} INFO - Setting next_dagrun for example_python_operator to None
[2022-04-13 09:07:23,660] {processor.py:171} INFO - Processing /home/airflow/.local/lib/python3.7/site-packages/airflow/example_dags/example_python_operator.py took 0.074 seconds
[2022-04-13 09:07:54,394] {processor.py:163} INFO - Started process (PID=267) to work on /home/airflow/.local/lib/python3.7/site-packages/airflow/example_dags/example_python_operator.py
[2022-04-13 09:07:54,395] {processor.py:642} INFO - Processing file /home/airflow/.local/lib/python3.7/site-packages/airflow/example_dags/example_python_operator.py for tasks to queue
[2022-04-13 09:07:54,395] {logging_mixin.py:109} INFO - [2022-04-13 09:07:54,395] {dagbag.py:500} INFO - Filling up the DagBag from /home/airflow/.local/lib/python3.7/site-packages/airflow/example_dags/example_python_operator.py
[2022-04-13 09:07:54,414] {processor.py:652} INFO - DAG(s) dict_keys(['example_python_operator']) retrieved from /home/airflow/.local/lib/python3.7/site-packages/airflow/example_dags/example_python_operator.py
[2022-04-13 09:07:54,433] {logging_mixin.py:109} INFO - [2022-04-13 09:07:54,433] {dag.py:2398} INFO - Sync 1 DAGs
[2022-04-13 09:07:54,450] {logging_mixin.py:109} INFO - [2022-04-13 09:07:54,450] {dag.py:2937} INFO - Setting next_dagrun for example_python_operator to None
[2022-04-13 09:07:54,459] {processor.py:171} INFO - Processing /home/airflow/.local/lib/python3.7/site-packages/airflow/example_dags/example_python_operator.py took 0.067 seconds
[2022-04-13 09:08:25,974] {processor.py:163} INFO - Started process (PID=328) to work on /home/airflow/.local/lib/python3.7/site-packages/airflow/example_dags/example_python_operator.py
[2022-04-13 09:08:25,976] {processor.py:642} INFO - Processing file /home/airflow/.local/lib/python3.7/site-packages/airflow/example_dags/example_python_operator.py for tasks to queue
[2022-04-13 09:08:25,977] {logging_mixin.py:109} INFO - [2022-04-13 09:08:25,977] {dagbag.py:500} INFO - Filling up the DagBag from /home/airflow/.local/lib/python3.7/site-packages/airflow/example_dags/example_python_operator.py
[2022-04-13 09:08:26,008] {processor.py:652} INFO - DAG(s) dict_keys(['example_python_operator']) retrieved from /home/airflow/.local/lib/python3.7/site-packages/airflow/example_dags/example_python_operator.py
[2022-04-13 09:08:26,057] {logging_mixin.py:109} INFO - [2022-04-13 09:08:26,057] {dag.py:2398} INFO - Sync 1 DAGs
[2022-04-13 09:08:26,099] {logging_mixin.py:109} INFO - [2022-04-13 09:08:26,098] {dag.py:2937} INFO - Setting next_dagrun for example_python_operator to None
[2022-04-13 09:08:26,126] {processor.py:171} INFO - Processing /home/airflow/.local/lib/python3.7/site-packages/airflow/example_dags/example_python_operator.py took 0.155 seconds
[2022-04-13 09:08:56,752] {processor.py:163} INFO - Started process (PID=380) to work on /home/airflow/.local/lib/python3.7/site-packages/airflow/example_dags/example_python_operator.py
[2022-04-13 09:08:56,754] {processor.py:642} INFO - Processing file /home/airflow/.local/lib/python3.7/site-packages/airflow/example_dags/example_python_operator.py for tasks to queue
[2022-04-13 09:08:56,755] {logging_mixin.py:109} INFO - [2022-04-13 09:08:56,755] {dagbag.py:500} INFO - Filling up the DagBag from /home/airflow/.local/lib/python3.7/site-packages/airflow/example_dags/example_python_operator.py
[2022-04-13 09:08:56,780] {processor.py:652} INFO - DAG(s) dict_keys(['example_python_operator']) retrieved from /home/airflow/.local/lib/python3.7/site-packages/airflow/example_dags/example_python_operator.py
[2022-04-13 09:08:56,808] {logging_mixin.py:109} INFO - [2022-04-13 09:08:56,808] {dag.py:2398} INFO - Sync 1 DAGs
[2022-04-13 09:08:56,845] {logging_mixin.py:109} INFO - [2022-04-13 09:08:56,845] {dag.py:2937} INFO - Setting next_dagrun for example_python_operator to None
[2022-04-13 09:08:56,866] {processor.py:171} INFO - Processing /home/airflow/.local/lib/python3.7/site-packages/airflow/example_dags/example_python_operator.py took 0.116 seconds
[2022-04-13 09:09:28,375] {processor.py:163} INFO - Started process (PID=441) to work on /home/airflow/.local/lib/python3.7/site-packages/airflow/example_dags/example_python_operator.py
[2022-04-13 09:09:28,376] {processor.py:642} INFO - Processing file /home/airflow/.local/lib/python3.7/site-packages/airflow/example_dags/example_python_operator.py for tasks to queue
[2022-04-13 09:09:28,377] {logging_mixin.py:109} INFO - [2022-04-13 09:09:28,376] {dagbag.py:500} INFO - Filling up the DagBag from /home/airflow/.local/lib/python3.7/site-packages/airflow/example_dags/example_python_operator.py
[2022-04-13 09:09:28,399] {processor.py:652} INFO - DAG(s) dict_keys(['example_python_operator']) retrieved from /home/airflow/.local/lib/python3.7/site-packages/airflow/example_dags/example_python_operator.py
[2022-04-13 09:09:28,430] {logging_mixin.py:109} INFO - [2022-04-13 09:09:28,430] {dag.py:2398} INFO - Sync 1 DAGs
[2022-04-13 09:09:28,462] {logging_mixin.py:109} INFO - [2022-04-13 09:09:28,462] {dag.py:2937} INFO - Setting next_dagrun for example_python_operator to None
[2022-04-13 09:09:28,476] {processor.py:171} INFO - Processing /home/airflow/.local/lib/python3.7/site-packages/airflow/example_dags/example_python_operator.py took 0.104 seconds
[2022-04-13 09:09:59,503] {processor.py:163} INFO - Started process (PID=492) to work on /home/airflow/.local/lib/python3.7/site-packages/airflow/example_dags/example_python_operator.py
[2022-04-13 09:09:59,505] {processor.py:642} INFO - Processing file /home/airflow/.local/lib/python3.7/site-packages/airflow/example_dags/example_python_operator.py for tasks to queue
[2022-04-13 09:09:59,506] {logging_mixin.py:109} INFO - [2022-04-13 09:09:59,506] {dagbag.py:500} INFO - Filling up the DagBag from /home/airflow/.local/lib/python3.7/site-packages/airflow/example_dags/example_python_operator.py
[2022-04-13 09:09:59,541] {processor.py:652} INFO - DAG(s) dict_keys(['example_python_operator']) retrieved from /home/airflow/.local/lib/python3.7/site-packages/airflow/example_dags/example_python_operator.py
[2022-04-13 09:09:59,568] {logging_mixin.py:109} INFO - [2022-04-13 09:09:59,568] {dag.py:2398} INFO - Sync 1 DAGs
[2022-04-13 09:09:59,593] {logging_mixin.py:109} INFO - [2022-04-13 09:09:59,593] {dag.py:2937} INFO - Setting next_dagrun for example_python_operator to None
[2022-04-13 09:09:59,606] {processor.py:171} INFO - Processing /home/airflow/.local/lib/python3.7/site-packages/airflow/example_dags/example_python_operator.py took 0.107 seconds
[2022-04-13 09:10:30,627] {processor.py:163} INFO - Started process (PID=552) to work on /home/airflow/.local/lib/python3.7/site-packages/airflow/example_dags/example_python_operator.py
[2022-04-13 09:10:30,629] {processor.py:642} INFO - Processing file /home/airflow/.local/lib/python3.7/site-packages/airflow/example_dags/example_python_operator.py for tasks to queue
[2022-04-13 09:10:30,629] {logging_mixin.py:109} INFO - [2022-04-13 09:10:30,629] {dagbag.py:500} INFO - Filling up the DagBag from /home/airflow/.local/lib/python3.7/site-packages/airflow/example_dags/example_python_operator.py
[2022-04-13 09:10:30,655] {processor.py:652} INFO - DAG(s) dict_keys(['example_python_operator']) retrieved from /home/airflow/.local/lib/python3.7/site-packages/airflow/example_dags/example_python_operator.py
[2022-04-13 09:10:30,681] {logging_mixin.py:109} INFO - [2022-04-13 09:10:30,680] {dag.py:2398} INFO - Sync 1 DAGs
[2022-04-13 09:10:30,703] {logging_mixin.py:109} INFO - [2022-04-13 09:10:30,702] {dag.py:2937} INFO - Setting next_dagrun for example_python_operator to None
[2022-04-13 09:10:30,720] {processor.py:171} INFO - Processing /home/airflow/.local/lib/python3.7/site-packages/airflow/example_dags/example_python_operator.py took 0.096 seconds
[2022-04-13 09:11:01,621] {processor.py:163} INFO - Started process (PID=602) to work on /home/airflow/.local/lib/python3.7/site-packages/airflow/example_dags/example_python_operator.py
[2022-04-13 09:11:01,622] {processor.py:642} INFO - Processing file /home/airflow/.local/lib/python3.7/site-packages/airflow/example_dags/example_python_operator.py for tasks to queue
[2022-04-13 09:11:01,623] {logging_mixin.py:109} INFO - [2022-04-13 09:11:01,623] {dagbag.py:500} INFO - Filling up the DagBag from /home/airflow/.local/lib/python3.7/site-packages/airflow/example_dags/example_python_operator.py
[2022-04-13 09:11:01,643] {processor.py:652} INFO - DAG(s) dict_keys(['example_python_operator']) retrieved from /home/airflow/.local/lib/python3.7/site-packages/airflow/example_dags/example_python_operator.py
[2022-04-13 09:11:01,671] {logging_mixin.py:109} INFO - [2022-04-13 09:11:01,671] {dag.py:2398} INFO - Sync 1 DAGs
[2022-04-13 09:11:01,692] {logging_mixin.py:109} INFO - [2022-04-13 09:11:01,692] {dag.py:2937} INFO - Setting next_dagrun for example_python_operator to None
[2022-04-13 09:11:01,707] {processor.py:171} INFO - Processing /home/airflow/.local/lib/python3.7/site-packages/airflow/example_dags/example_python_operator.py took 0.089 seconds
[2022-04-13 09:11:32,622] {processor.py:163} INFO - Started process (PID=653) to work on /home/airflow/.local/lib/python3.7/site-packages/airflow/example_dags/example_python_operator.py
[2022-04-13 09:11:32,624] {processor.py:642} INFO - Processing file /home/airflow/.local/lib/python3.7/site-packages/airflow/example_dags/example_python_operator.py for tasks to queue
[2022-04-13 09:11:32,625] {logging_mixin.py:109} INFO - [2022-04-13 09:11:32,625] {dagbag.py:500} INFO - Filling up the DagBag from /home/airflow/.local/lib/python3.7/site-packages/airflow/example_dags/example_python_operator.py
[2022-04-13 09:11:32,646] {processor.py:652} INFO - DAG(s) dict_keys(['example_python_operator']) retrieved from /home/airflow/.local/lib/python3.7/site-packages/airflow/example_dags/example_python_operator.py
[2022-04-13 09:11:32,672] {logging_mixin.py:109} INFO - [2022-04-13 09:11:32,671] {dag.py:2398} INFO - Sync 1 DAGs
[2022-04-13 09:11:32,694] {logging_mixin.py:109} INFO - [2022-04-13 09:11:32,694] {dag.py:2937} INFO - Setting next_dagrun for example_python_operator to None
[2022-04-13 09:11:32,711] {processor.py:171} INFO - Processing /home/airflow/.local/lib/python3.7/site-packages/airflow/example_dags/example_python_operator.py took 0.091 seconds
[2022-04-13 09:12:03,892] {processor.py:163} INFO - Started process (PID=714) to work on /home/airflow/.local/lib/python3.7/site-packages/airflow/example_dags/example_python_operator.py
[2022-04-13 09:12:03,892] {processor.py:642} INFO - Processing file /home/airflow/.local/lib/python3.7/site-packages/airflow/example_dags/example_python_operator.py for tasks to queue
[2022-04-13 09:12:03,893] {logging_mixin.py:109} INFO - [2022-04-13 09:12:03,893] {dagbag.py:500} INFO - Filling up the DagBag from /home/airflow/.local/lib/python3.7/site-packages/airflow/example_dags/example_python_operator.py
[2022-04-13 09:12:03,922] {processor.py:652} INFO - DAG(s) dict_keys(['example_python_operator']) retrieved from /home/airflow/.local/lib/python3.7/site-packages/airflow/example_dags/example_python_operator.py
[2022-04-13 09:12:03,946] {logging_mixin.py:109} INFO - [2022-04-13 09:12:03,946] {dag.py:2398} INFO - Sync 1 DAGs
[2022-04-13 09:12:03,969] {logging_mixin.py:109} INFO - [2022-04-13 09:12:03,969] {dag.py:2937} INFO - Setting next_dagrun for example_python_operator to None
[2022-04-13 09:12:03,981] {processor.py:171} INFO - Processing /home/airflow/.local/lib/python3.7/site-packages/airflow/example_dags/example_python_operator.py took 0.092 seconds
[2022-04-13 09:12:35,285] {processor.py:163} INFO - Started process (PID=766) to work on /home/airflow/.local/lib/python3.7/site-packages/airflow/example_dags/example_python_operator.py
[2022-04-13 09:12:35,286] {processor.py:642} INFO - Processing file /home/airflow/.local/lib/python3.7/site-packages/airflow/example_dags/example_python_operator.py for tasks to queue
[2022-04-13 09:12:35,287] {logging_mixin.py:109} INFO - [2022-04-13 09:12:35,287] {dagbag.py:500} INFO - Filling up the DagBag from /home/airflow/.local/lib/python3.7/site-packages/airflow/example_dags/example_python_operator.py
[2022-04-13 09:12:35,310] {processor.py:652} INFO - DAG(s) dict_keys(['example_python_operator']) retrieved from /home/airflow/.local/lib/python3.7/site-packages/airflow/example_dags/example_python_operator.py
[2022-04-13 09:12:35,336] {logging_mixin.py:109} INFO - [2022-04-13 09:12:35,336] {dag.py:2398} INFO - Sync 1 DAGs
[2022-04-13 09:12:35,354] {logging_mixin.py:109} INFO - [2022-04-13 09:12:35,353] {dag.py:2937} INFO - Setting next_dagrun for example_python_operator to None
[2022-04-13 09:12:35,368] {processor.py:171} INFO - Processing /home/airflow/.local/lib/python3.7/site-packages/airflow/example_dags/example_python_operator.py took 0.087 seconds
[2022-04-13 09:13:06,313] {processor.py:163} INFO - Started process (PID=816) to work on /home/airflow/.local/lib/python3.7/site-packages/airflow/example_dags/example_python_operator.py
[2022-04-13 09:13:06,314] {processor.py:642} INFO - Processing file /home/airflow/.local/lib/python3.7/site-packages/airflow/example_dags/example_python_operator.py for tasks to queue
[2022-04-13 09:13:06,314] {logging_mixin.py:109} INFO - [2022-04-13 09:13:06,314] {dagbag.py:500} INFO - Filling up the DagBag from /home/airflow/.local/lib/python3.7/site-packages/airflow/example_dags/example_python_operator.py
[2022-04-13 09:13:06,338] {processor.py:652} INFO - DAG(s) dict_keys(['example_python_operator']) retrieved from /home/airflow/.local/lib/python3.7/site-packages/airflow/example_dags/example_python_operator.py
[2022-04-13 09:13:06,367] {logging_mixin.py:109} INFO - [2022-04-13 09:13:06,367] {dag.py:2398} INFO - Sync 1 DAGs
[2022-04-13 09:13:06,389] {logging_mixin.py:109} INFO - [2022-04-13 09:13:06,388] {dag.py:2937} INFO - Setting next_dagrun for example_python_operator to None
[2022-04-13 09:13:06,403] {processor.py:171} INFO - Processing /home/airflow/.local/lib/python3.7/site-packages/airflow/example_dags/example_python_operator.py took 0.092 seconds
[2022-04-13 09:13:37,440] {processor.py:163} INFO - Started process (PID=876) to work on /home/airflow/.local/lib/python3.7/site-packages/airflow/example_dags/example_python_operator.py
[2022-04-13 09:13:37,441] {processor.py:642} INFO - Processing file /home/airflow/.local/lib/python3.7/site-packages/airflow/example_dags/example_python_operator.py for tasks to queue
[2022-04-13 09:13:37,442] {logging_mixin.py:109} INFO - [2022-04-13 09:13:37,442] {dagbag.py:500} INFO - Filling up the DagBag from /home/airflow/.local/lib/python3.7/site-packages/airflow/example_dags/example_python_operator.py
[2022-04-13 09:13:37,461] {processor.py:652} INFO - DAG(s) dict_keys(['example_python_operator']) retrieved from /home/airflow/.local/lib/python3.7/site-packages/airflow/example_dags/example_python_operator.py
[2022-04-13 09:13:37,486] {logging_mixin.py:109} INFO - [2022-04-13 09:13:37,486] {dag.py:2398} INFO - Sync 1 DAGs
[2022-04-13 09:13:37,507] {logging_mixin.py:109} INFO - [2022-04-13 09:13:37,507] {dag.py:2937} INFO - Setting next_dagrun for example_python_operator to None
[2022-04-13 09:13:37,521] {processor.py:171} INFO - Processing /home/airflow/.local/lib/python3.7/site-packages/airflow/example_dags/example_python_operator.py took 0.084 seconds
[2022-04-13 09:14:08,643] {processor.py:163} INFO - Started process (PID=928) to work on /home/airflow/.local/lib/python3.7/site-packages/airflow/example_dags/example_python_operator.py
[2022-04-13 09:14:08,645] {processor.py:642} INFO - Processing file /home/airflow/.local/lib/python3.7/site-packages/airflow/example_dags/example_python_operator.py for tasks to queue
[2022-04-13 09:14:08,645] {logging_mixin.py:109} INFO - [2022-04-13 09:14:08,645] {dagbag.py:500} INFO - Filling up the DagBag from /home/airflow/.local/lib/python3.7/site-packages/airflow/example_dags/example_python_operator.py
[2022-04-13 09:14:08,670] {processor.py:652} INFO - DAG(s) dict_keys(['example_python_operator']) retrieved from /home/airflow/.local/lib/python3.7/site-packages/airflow/example_dags/example_python_operator.py
[2022-04-13 09:14:08,694] {logging_mixin.py:109} INFO - [2022-04-13 09:14:08,694] {dag.py:2398} INFO - Sync 1 DAGs
[2022-04-13 09:14:08,716] {logging_mixin.py:109} INFO - [2022-04-13 09:14:08,716] {dag.py:2937} INFO - Setting next_dagrun for example_python_operator to None
[2022-04-13 09:14:08,730] {processor.py:171} INFO - Processing /home/airflow/.local/lib/python3.7/site-packages/airflow/example_dags/example_python_operator.py took 0.091 seconds
[2022-04-13 09:14:39,568] {processor.py:163} INFO - Started process (PID=988) to work on /home/airflow/.local/lib/python3.7/site-packages/airflow/example_dags/example_python_operator.py
[2022-04-13 09:14:39,571] {processor.py:642} INFO - Processing file /home/airflow/.local/lib/python3.7/site-packages/airflow/example_dags/example_python_operator.py for tasks to queue
[2022-04-13 09:14:39,572] {logging_mixin.py:109} INFO - [2022-04-13 09:14:39,572] {dagbag.py:500} INFO - Filling up the DagBag from /home/airflow/.local/lib/python3.7/site-packages/airflow/example_dags/example_python_operator.py
[2022-04-13 09:14:39,594] {processor.py:652} INFO - DAG(s) dict_keys(['example_python_operator']) retrieved from /home/airflow/.local/lib/python3.7/site-packages/airflow/example_dags/example_python_operator.py
[2022-04-13 09:14:39,620] {logging_mixin.py:109} INFO - [2022-04-13 09:14:39,620] {dag.py:2398} INFO - Sync 1 DAGs
[2022-04-13 09:14:39,641] {logging_mixin.py:109} INFO - [2022-04-13 09:14:39,640] {dag.py:2937} INFO - Setting next_dagrun for example_python_operator to None
[2022-04-13 09:14:39,656] {processor.py:171} INFO - Processing /home/airflow/.local/lib/python3.7/site-packages/airflow/example_dags/example_python_operator.py took 0.091 seconds
[2022-04-13 09:15:10,752] {processor.py:163} INFO - Started process (PID=1037) to work on /home/airflow/.local/lib/python3.7/site-packages/airflow/example_dags/example_python_operator.py
[2022-04-13 09:15:10,753] {processor.py:642} INFO - Processing file /home/airflow/.local/lib/python3.7/site-packages/airflow/example_dags/example_python_operator.py for tasks to queue
[2022-04-13 09:15:10,754] {logging_mixin.py:109} INFO - [2022-04-13 09:15:10,754] {dagbag.py:500} INFO - Filling up the DagBag from /home/airflow/.local/lib/python3.7/site-packages/airflow/example_dags/example_python_operator.py
[2022-04-13 09:15:10,784] {processor.py:652} INFO - DAG(s) dict_keys(['example_python_operator']) retrieved from /home/airflow/.local/lib/python3.7/site-packages/airflow/example_dags/example_python_operator.py
[2022-04-13 09:15:10,817] {logging_mixin.py:109} INFO - [2022-04-13 09:15:10,817] {dag.py:2398} INFO - Sync 1 DAGs
[2022-04-13 09:15:10,839] {logging_mixin.py:109} INFO - [2022-04-13 09:15:10,839] {dag.py:2937} INFO - Setting next_dagrun for example_python_operator to None
[2022-04-13 09:15:10,854] {processor.py:171} INFO - Processing /home/airflow/.local/lib/python3.7/site-packages/airflow/example_dags/example_python_operator.py took 0.105 seconds
[2022-04-13 09:15:41,889] {processor.py:163} INFO - Started process (PID=1088) to work on /home/airflow/.local/lib/python3.7/site-packages/airflow/example_dags/example_python_operator.py
[2022-04-13 09:15:41,891] {processor.py:642} INFO - Processing file /home/airflow/.local/lib/python3.7/site-packages/airflow/example_dags/example_python_operator.py for tasks to queue
[2022-04-13 09:15:41,892] {logging_mixin.py:109} INFO - [2022-04-13 09:15:41,892] {dagbag.py:500} INFO - Filling up the DagBag from /home/airflow/.local/lib/python3.7/site-packages/airflow/example_dags/example_python_operator.py
[2022-04-13 09:15:41,922] {processor.py:652} INFO - DAG(s) dict_keys(['example_python_operator']) retrieved from /home/airflow/.local/lib/python3.7/site-packages/airflow/example_dags/example_python_operator.py
[2022-04-13 09:15:41,954] {logging_mixin.py:109} INFO - [2022-04-13 09:15:41,953] {dag.py:2398} INFO - Sync 1 DAGs
[2022-04-13 09:15:41,979] {logging_mixin.py:109} INFO - [2022-04-13 09:15:41,979] {dag.py:2937} INFO - Setting next_dagrun for example_python_operator to None
[2022-04-13 09:15:42,005] {processor.py:171} INFO - Processing /home/airflow/.local/lib/python3.7/site-packages/airflow/example_dags/example_python_operator.py took 0.119 seconds
[2022-04-13 09:16:12,872] {processor.py:163} INFO - Started process (PID=1148) to work on /home/airflow/.local/lib/python3.7/site-packages/airflow/example_dags/example_python_operator.py
[2022-04-13 09:16:12,872] {processor.py:642} INFO - Processing file /home/airflow/.local/lib/python3.7/site-packages/airflow/example_dags/example_python_operator.py for tasks to queue
[2022-04-13 09:16:12,873] {logging_mixin.py:109} INFO - [2022-04-13 09:16:12,873] {dagbag.py:500} INFO - Filling up the DagBag from /home/airflow/.local/lib/python3.7/site-packages/airflow/example_dags/example_python_operator.py
[2022-04-13 09:16:12,894] {processor.py:652} INFO - DAG(s) dict_keys(['example_python_operator']) retrieved from /home/airflow/.local/lib/python3.7/site-packages/airflow/example_dags/example_python_operator.py
[2022-04-13 09:16:12,918] {logging_mixin.py:109} INFO - [2022-04-13 09:16:12,918] {dag.py:2398} INFO - Sync 1 DAGs
[2022-04-13 09:16:12,938] {logging_mixin.py:109} INFO - [2022-04-13 09:16:12,938] {dag.py:2937} INFO - Setting next_dagrun for example_python_operator to None
[2022-04-13 09:16:12,953] {processor.py:171} INFO - Processing /home/airflow/.local/lib/python3.7/site-packages/airflow/example_dags/example_python_operator.py took 0.084 seconds
[2022-04-13 09:16:43,643] {processor.py:163} INFO - Started process (PID=1200) to work on /home/airflow/.local/lib/python3.7/site-packages/airflow/example_dags/example_python_operator.py
[2022-04-13 09:16:43,645] {processor.py:642} INFO - Processing file /home/airflow/.local/lib/python3.7/site-packages/airflow/example_dags/example_python_operator.py for tasks to queue
[2022-04-13 09:16:43,646] {logging_mixin.py:109} INFO - [2022-04-13 09:16:43,646] {dagbag.py:500} INFO - Filling up the DagBag from /home/airflow/.local/lib/python3.7/site-packages/airflow/example_dags/example_python_operator.py
[2022-04-13 09:16:43,674] {processor.py:652} INFO - DAG(s) dict_keys(['example_python_operator']) retrieved from /home/airflow/.local/lib/python3.7/site-packages/airflow/example_dags/example_python_operator.py
[2022-04-13 09:16:43,714] {logging_mixin.py:109} INFO - [2022-04-13 09:16:43,714] {dag.py:2398} INFO - Sync 1 DAGs
[2022-04-13 09:16:43,742] {logging_mixin.py:109} INFO - [2022-04-13 09:16:43,742] {dag.py:2937} INFO - Setting next_dagrun for example_python_operator to None
[2022-04-13 09:16:43,768] {processor.py:171} INFO - Processing /home/airflow/.local/lib/python3.7/site-packages/airflow/example_dags/example_python_operator.py took 0.129 seconds
[2022-04-13 09:17:14,786] {processor.py:163} INFO - Started process (PID=1251) to work on /home/airflow/.local/lib/python3.7/site-packages/airflow/example_dags/example_python_operator.py
[2022-04-13 09:17:14,787] {processor.py:642} INFO - Processing file /home/airflow/.local/lib/python3.7/site-packages/airflow/example_dags/example_python_operator.py for tasks to queue
[2022-04-13 09:17:14,787] {logging_mixin.py:109} INFO - [2022-04-13 09:17:14,787] {dagbag.py:500} INFO - Filling up the DagBag from /home/airflow/.local/lib/python3.7/site-packages/airflow/example_dags/example_python_operator.py
[2022-04-13 09:17:14,813] {processor.py:652} INFO - DAG(s) dict_keys(['example_python_operator']) retrieved from /home/airflow/.local/lib/python3.7/site-packages/airflow/example_dags/example_python_operator.py
[2022-04-13 09:17:14,843] {logging_mixin.py:109} INFO - [2022-04-13 09:17:14,843] {dag.py:2398} INFO - Sync 1 DAGs
[2022-04-13 09:17:14,871] {logging_mixin.py:109} INFO - [2022-04-13 09:17:14,871] {dag.py:2937} INFO - Setting next_dagrun for example_python_operator to None
[2022-04-13 09:17:14,893] {processor.py:171} INFO - Processing /home/airflow/.local/lib/python3.7/site-packages/airflow/example_dags/example_python_operator.py took 0.110 seconds
[2022-04-13 09:17:45,908] {processor.py:163} INFO - Started process (PID=1311) to work on /home/airflow/.local/lib/python3.7/site-packages/airflow/example_dags/example_python_operator.py
[2022-04-13 09:17:45,911] {processor.py:642} INFO - Processing file /home/airflow/.local/lib/python3.7/site-packages/airflow/example_dags/example_python_operator.py for tasks to queue
[2022-04-13 09:17:45,911] {logging_mixin.py:109} INFO - [2022-04-13 09:17:45,911] {dagbag.py:500} INFO - Filling up the DagBag from /home/airflow/.local/lib/python3.7/site-packages/airflow/example_dags/example_python_operator.py
[2022-04-13 09:17:45,932] {processor.py:652} INFO - DAG(s) dict_keys(['example_python_operator']) retrieved from /home/airflow/.local/lib/python3.7/site-packages/airflow/example_dags/example_python_operator.py
[2022-04-13 09:17:45,957] {logging_mixin.py:109} INFO - [2022-04-13 09:17:45,957] {dag.py:2398} INFO - Sync 1 DAGs
[2022-04-13 09:17:45,979] {logging_mixin.py:109} INFO - [2022-04-13 09:17:45,979] {dag.py:2937} INFO - Setting next_dagrun for example_python_operator to None
[2022-04-13 09:17:45,992] {processor.py:171} INFO - Processing /home/airflow/.local/lib/python3.7/site-packages/airflow/example_dags/example_python_operator.py took 0.086 seconds
[2022-04-13 09:18:17,168] {processor.py:163} INFO - Started process (PID=1362) to work on /home/airflow/.local/lib/python3.7/site-packages/airflow/example_dags/example_python_operator.py
[2022-04-13 09:18:17,169] {processor.py:642} INFO - Processing file /home/airflow/.local/lib/python3.7/site-packages/airflow/example_dags/example_python_operator.py for tasks to queue
[2022-04-13 09:18:17,170] {logging_mixin.py:109} INFO - [2022-04-13 09:18:17,170] {dagbag.py:500} INFO - Filling up the DagBag from /home/airflow/.local/lib/python3.7/site-packages/airflow/example_dags/example_python_operator.py
[2022-04-13 09:18:17,189] {processor.py:652} INFO - DAG(s) dict_keys(['example_python_operator']) retrieved from /home/airflow/.local/lib/python3.7/site-packages/airflow/example_dags/example_python_operator.py
[2022-04-13 09:18:17,213] {logging_mixin.py:109} INFO - [2022-04-13 09:18:17,213] {dag.py:2398} INFO - Sync 1 DAGs
[2022-04-13 09:18:17,235] {logging_mixin.py:109} INFO - [2022-04-13 09:18:17,234] {dag.py:2937} INFO - Setting next_dagrun for example_python_operator to None
[2022-04-13 09:18:17,249] {processor.py:171} INFO - Processing /home/airflow/.local/lib/python3.7/site-packages/airflow/example_dags/example_python_operator.py took 0.084 seconds
[2022-04-13 09:18:48,519] {processor.py:163} INFO - Started process (PID=1423) to work on /home/airflow/.local/lib/python3.7/site-packages/airflow/example_dags/example_python_operator.py
[2022-04-13 09:18:48,520] {processor.py:642} INFO - Processing file /home/airflow/.local/lib/python3.7/site-packages/airflow/example_dags/example_python_operator.py for tasks to queue
[2022-04-13 09:18:48,520] {logging_mixin.py:109} INFO - [2022-04-13 09:18:48,520] {dagbag.py:500} INFO - Filling up the DagBag from /home/airflow/.local/lib/python3.7/site-packages/airflow/example_dags/example_python_operator.py
[2022-04-13 09:18:48,553] {processor.py:652} INFO - DAG(s) dict_keys(['example_python_operator']) retrieved from /home/airflow/.local/lib/python3.7/site-packages/airflow/example_dags/example_python_operator.py
[2022-04-13 09:18:48,579] {logging_mixin.py:109} INFO - [2022-04-13 09:18:48,579] {dag.py:2398} INFO - Sync 1 DAGs
[2022-04-13 09:18:48,602] {logging_mixin.py:109} INFO - [2022-04-13 09:18:48,602] {dag.py:2937} INFO - Setting next_dagrun for example_python_operator to None
[2022-04-13 09:18:48,618] {processor.py:171} INFO - Processing /home/airflow/.local/lib/python3.7/site-packages/airflow/example_dags/example_python_operator.py took 0.101 seconds
[2022-04-13 09:19:19,566] {processor.py:163} INFO - Started process (PID=1473) to work on /home/airflow/.local/lib/python3.7/site-packages/airflow/example_dags/example_python_operator.py
[2022-04-13 09:19:19,567] {processor.py:642} INFO - Processing file /home/airflow/.local/lib/python3.7/site-packages/airflow/example_dags/example_python_operator.py for tasks to queue
[2022-04-13 09:19:19,568] {logging_mixin.py:109} INFO - [2022-04-13 09:19:19,568] {dagbag.py:500} INFO - Filling up the DagBag from /home/airflow/.local/lib/python3.7/site-packages/airflow/example_dags/example_python_operator.py
[2022-04-13 09:19:19,594] {processor.py:652} INFO - DAG(s) dict_keys(['example_python_operator']) retrieved from /home/airflow/.local/lib/python3.7/site-packages/airflow/example_dags/example_python_operator.py
[2022-04-13 09:19:19,618] {logging_mixin.py:109} INFO - [2022-04-13 09:19:19,618] {dag.py:2398} INFO - Sync 1 DAGs
[2022-04-13 09:19:19,637] {logging_mixin.py:109} INFO - [2022-04-13 09:19:19,637] {dag.py:2937} INFO - Setting next_dagrun for example_python_operator to None
[2022-04-13 09:19:19,652] {processor.py:171} INFO - Processing /home/airflow/.local/lib/python3.7/site-packages/airflow/example_dags/example_python_operator.py took 0.090 seconds
[2022-04-13 09:19:50,236] {processor.py:163} INFO - Started process (PID=1524) to work on /home/airflow/.local/lib/python3.7/site-packages/airflow/example_dags/example_python_operator.py
[2022-04-13 09:19:50,237] {processor.py:642} INFO - Processing file /home/airflow/.local/lib/python3.7/site-packages/airflow/example_dags/example_python_operator.py for tasks to queue
[2022-04-13 09:19:50,237] {logging_mixin.py:109} INFO - [2022-04-13 09:19:50,237] {dagbag.py:500} INFO - Filling up the DagBag from /home/airflow/.local/lib/python3.7/site-packages/airflow/example_dags/example_python_operator.py
[2022-04-13 09:19:50,263] {processor.py:652} INFO - DAG(s) dict_keys(['example_python_operator']) retrieved from /home/airflow/.local/lib/python3.7/site-packages/airflow/example_dags/example_python_operator.py
[2022-04-13 09:19:50,293] {logging_mixin.py:109} INFO - [2022-04-13 09:19:50,293] {dag.py:2398} INFO - Sync 1 DAGs
[2022-04-13 09:19:50,319] {logging_mixin.py:109} INFO - [2022-04-13 09:19:50,319] {dag.py:2937} INFO - Setting next_dagrun for example_python_operator to None
[2022-04-13 09:19:50,335] {processor.py:171} INFO - Processing /home/airflow/.local/lib/python3.7/site-packages/airflow/example_dags/example_python_operator.py took 0.102 seconds
[2022-04-13 09:20:21,549] {processor.py:163} INFO - Started process (PID=1585) to work on /home/airflow/.local/lib/python3.7/site-packages/airflow/example_dags/example_python_operator.py
[2022-04-13 09:20:21,552] {processor.py:642} INFO - Processing file /home/airflow/.local/lib/python3.7/site-packages/airflow/example_dags/example_python_operator.py for tasks to queue
[2022-04-13 09:20:21,553] {logging_mixin.py:109} INFO - [2022-04-13 09:20:21,553] {dagbag.py:500} INFO - Filling up the DagBag from /home/airflow/.local/lib/python3.7/site-packages/airflow/example_dags/example_python_operator.py
[2022-04-13 09:20:21,587] {processor.py:652} INFO - DAG(s) dict_keys(['example_python_operator']) retrieved from /home/airflow/.local/lib/python3.7/site-packages/airflow/example_dags/example_python_operator.py
[2022-04-13 09:20:21,626] {logging_mixin.py:109} INFO - [2022-04-13 09:20:21,626] {dag.py:2398} INFO - Sync 1 DAGs
[2022-04-13 09:20:21,658] {logging_mixin.py:109} INFO - [2022-04-13 09:20:21,658] {dag.py:2937} INFO - Setting next_dagrun for example_python_operator to None
[2022-04-13 09:20:21,677] {processor.py:171} INFO - Processing /home/airflow/.local/lib/python3.7/site-packages/airflow/example_dags/example_python_operator.py took 0.134 seconds
[2022-04-13 09:20:52,684] {processor.py:163} INFO - Started process (PID=1637) to work on /home/airflow/.local/lib/python3.7/site-packages/airflow/example_dags/example_python_operator.py
[2022-04-13 09:20:52,685] {processor.py:642} INFO - Processing file /home/airflow/.local/lib/python3.7/site-packages/airflow/example_dags/example_python_operator.py for tasks to queue
[2022-04-13 09:20:52,686] {logging_mixin.py:109} INFO - [2022-04-13 09:20:52,686] {dagbag.py:500} INFO - Filling up the DagBag from /home/airflow/.local/lib/python3.7/site-packages/airflow/example_dags/example_python_operator.py
[2022-04-13 09:20:52,710] {processor.py:652} INFO - DAG(s) dict_keys(['example_python_operator']) retrieved from /home/airflow/.local/lib/python3.7/site-packages/airflow/example_dags/example_python_operator.py
[2022-04-13 09:20:52,735] {logging_mixin.py:109} INFO - [2022-04-13 09:20:52,735] {dag.py:2398} INFO - Sync 1 DAGs
[2022-04-13 09:20:52,755] {logging_mixin.py:109} INFO - [2022-04-13 09:20:52,754] {dag.py:2937} INFO - Setting next_dagrun for example_python_operator to None
[2022-04-13 09:20:52,770] {processor.py:171} INFO - Processing /home/airflow/.local/lib/python3.7/site-packages/airflow/example_dags/example_python_operator.py took 0.088 seconds
[2022-04-13 09:21:23,832] {processor.py:163} INFO - Started process (PID=1688) to work on /home/airflow/.local/lib/python3.7/site-packages/airflow/example_dags/example_python_operator.py
[2022-04-13 09:21:23,834] {processor.py:642} INFO - Processing file /home/airflow/.local/lib/python3.7/site-packages/airflow/example_dags/example_python_operator.py for tasks to queue
[2022-04-13 09:21:23,835] {logging_mixin.py:109} INFO - [2022-04-13 09:21:23,835] {dagbag.py:500} INFO - Filling up the DagBag from /home/airflow/.local/lib/python3.7/site-packages/airflow/example_dags/example_python_operator.py
[2022-04-13 09:21:23,859] {processor.py:652} INFO - DAG(s) dict_keys(['example_python_operator']) retrieved from /home/airflow/.local/lib/python3.7/site-packages/airflow/example_dags/example_python_operator.py
[2022-04-13 09:21:23,902] {logging_mixin.py:109} INFO - [2022-04-13 09:21:23,902] {dag.py:2398} INFO - Sync 1 DAGs
[2022-04-13 09:21:23,930] {logging_mixin.py:109} INFO - [2022-04-13 09:21:23,930] {dag.py:2937} INFO - Setting next_dagrun for example_python_operator to None
[2022-04-13 09:21:23,958] {processor.py:171} INFO - Processing /home/airflow/.local/lib/python3.7/site-packages/airflow/example_dags/example_python_operator.py took 0.129 seconds
[2022-04-13 09:21:54,977] {processor.py:163} INFO - Started process (PID=1749) to work on /home/airflow/.local/lib/python3.7/site-packages/airflow/example_dags/example_python_operator.py
[2022-04-13 09:21:54,979] {processor.py:642} INFO - Processing file /home/airflow/.local/lib/python3.7/site-packages/airflow/example_dags/example_python_operator.py for tasks to queue
[2022-04-13 09:21:54,980] {logging_mixin.py:109} INFO - [2022-04-13 09:21:54,980] {dagbag.py:500} INFO - Filling up the DagBag from /home/airflow/.local/lib/python3.7/site-packages/airflow/example_dags/example_python_operator.py
[2022-04-13 09:21:55,014] {processor.py:652} INFO - DAG(s) dict_keys(['example_python_operator']) retrieved from /home/airflow/.local/lib/python3.7/site-packages/airflow/example_dags/example_python_operator.py
[2022-04-13 09:21:55,150] {logging_mixin.py:109} INFO - [2022-04-13 09:21:55,149] {dag.py:2398} INFO - Sync 1 DAGs
[2022-04-13 09:21:55,187] {logging_mixin.py:109} INFO - [2022-04-13 09:21:55,187] {dag.py:2937} INFO - Setting next_dagrun for example_python_operator to None
[2022-04-13 09:21:55,202] {processor.py:171} INFO - Processing /home/airflow/.local/lib/python3.7/site-packages/airflow/example_dags/example_python_operator.py took 0.227 seconds
[2022-04-13 09:22:26,335] {processor.py:163} INFO - Started process (PID=1800) to work on /home/airflow/.local/lib/python3.7/site-packages/airflow/example_dags/example_python_operator.py
[2022-04-13 09:22:26,336] {processor.py:642} INFO - Processing file /home/airflow/.local/lib/python3.7/site-packages/airflow/example_dags/example_python_operator.py for tasks to queue
[2022-04-13 09:22:26,337] {logging_mixin.py:109} INFO - [2022-04-13 09:22:26,337] {dagbag.py:500} INFO - Filling up the DagBag from /home/airflow/.local/lib/python3.7/site-packages/airflow/example_dags/example_python_operator.py
[2022-04-13 09:22:26,358] {processor.py:652} INFO - DAG(s) dict_keys(['example_python_operator']) retrieved from /home/airflow/.local/lib/python3.7/site-packages/airflow/example_dags/example_python_operator.py
[2022-04-13 09:22:26,389] {logging_mixin.py:109} INFO - [2022-04-13 09:22:26,389] {dag.py:2398} INFO - Sync 1 DAGs
[2022-04-13 09:22:26,413] {logging_mixin.py:109} INFO - [2022-04-13 09:22:26,413] {dag.py:2937} INFO - Setting next_dagrun for example_python_operator to None
[2022-04-13 09:22:26,430] {processor.py:171} INFO - Processing /home/airflow/.local/lib/python3.7/site-packages/airflow/example_dags/example_python_operator.py took 0.098 seconds
[2022-04-13 09:22:57,828] {processor.py:163} INFO - Started process (PID=1852) to work on /home/airflow/.local/lib/python3.7/site-packages/airflow/example_dags/example_python_operator.py
[2022-04-13 09:22:57,829] {processor.py:642} INFO - Processing file /home/airflow/.local/lib/python3.7/site-packages/airflow/example_dags/example_python_operator.py for tasks to queue
[2022-04-13 09:22:57,829] {logging_mixin.py:109} INFO - [2022-04-13 09:22:57,829] {dagbag.py:500} INFO - Filling up the DagBag from /home/airflow/.local/lib/python3.7/site-packages/airflow/example_dags/example_python_operator.py
[2022-04-13 09:22:57,853] {processor.py:652} INFO - DAG(s) dict_keys(['example_python_operator']) retrieved from /home/airflow/.local/lib/python3.7/site-packages/airflow/example_dags/example_python_operator.py
[2022-04-13 09:22:57,878] {logging_mixin.py:109} INFO - [2022-04-13 09:22:57,878] {dag.py:2398} INFO - Sync 1 DAGs
[2022-04-13 09:22:57,899] {logging_mixin.py:109} INFO - [2022-04-13 09:22:57,899] {dag.py:2937} INFO - Setting next_dagrun for example_python_operator to None
[2022-04-13 09:22:57,913] {processor.py:171} INFO - Processing /home/airflow/.local/lib/python3.7/site-packages/airflow/example_dags/example_python_operator.py took 0.089 seconds
[2022-04-13 09:23:28,913] {processor.py:163} INFO - Started process (PID=1914) to work on /home/airflow/.local/lib/python3.7/site-packages/airflow/example_dags/example_python_operator.py
[2022-04-13 09:23:28,914] {processor.py:642} INFO - Processing file /home/airflow/.local/lib/python3.7/site-packages/airflow/example_dags/example_python_operator.py for tasks to queue
[2022-04-13 09:23:28,915] {logging_mixin.py:109} INFO - [2022-04-13 09:23:28,915] {dagbag.py:500} INFO - Filling up the DagBag from /home/airflow/.local/lib/python3.7/site-packages/airflow/example_dags/example_python_operator.py
[2022-04-13 09:23:28,938] {processor.py:652} INFO - DAG(s) dict_keys(['example_python_operator']) retrieved from /home/airflow/.local/lib/python3.7/site-packages/airflow/example_dags/example_python_operator.py
[2022-04-13 09:23:28,967] {logging_mixin.py:109} INFO - [2022-04-13 09:23:28,966] {dag.py:2398} INFO - Sync 1 DAGs
[2022-04-13 09:23:28,983] {logging_mixin.py:109} INFO - [2022-04-13 09:23:28,983] {dag.py:2937} INFO - Setting next_dagrun for example_python_operator to None
[2022-04-13 09:23:28,995] {processor.py:171} INFO - Processing /home/airflow/.local/lib/python3.7/site-packages/airflow/example_dags/example_python_operator.py took 0.084 seconds
[2022-04-13 09:24:00,260] {processor.py:163} INFO - Started process (PID=1965) to work on /home/airflow/.local/lib/python3.7/site-packages/airflow/example_dags/example_python_operator.py
[2022-04-13 09:24:00,262] {processor.py:642} INFO - Processing file /home/airflow/.local/lib/python3.7/site-packages/airflow/example_dags/example_python_operator.py for tasks to queue
[2022-04-13 09:24:00,262] {logging_mixin.py:109} INFO - [2022-04-13 09:24:00,262] {dagbag.py:500} INFO - Filling up the DagBag from /home/airflow/.local/lib/python3.7/site-packages/airflow/example_dags/example_python_operator.py
[2022-04-13 09:24:00,287] {processor.py:652} INFO - DAG(s) dict_keys(['example_python_operator']) retrieved from /home/airflow/.local/lib/python3.7/site-packages/airflow/example_dags/example_python_operator.py
[2022-04-13 09:24:00,313] {logging_mixin.py:109} INFO - [2022-04-13 09:24:00,313] {dag.py:2398} INFO - Sync 1 DAGs
[2022-04-13 09:24:00,333] {logging_mixin.py:109} INFO - [2022-04-13 09:24:00,333] {dag.py:2937} INFO - Setting next_dagrun for example_python_operator to None
[2022-04-13 09:24:00,350] {processor.py:171} INFO - Processing /home/airflow/.local/lib/python3.7/site-packages/airflow/example_dags/example_python_operator.py took 0.093 seconds
[2022-04-13 09:24:31,188] {processor.py:163} INFO - Started process (PID=2016) to work on /home/airflow/.local/lib/python3.7/site-packages/airflow/example_dags/example_python_operator.py
[2022-04-13 09:24:31,189] {processor.py:642} INFO - Processing file /home/airflow/.local/lib/python3.7/site-packages/airflow/example_dags/example_python_operator.py for tasks to queue
[2022-04-13 09:24:31,189] {logging_mixin.py:109} INFO - [2022-04-13 09:24:31,189] {dagbag.py:500} INFO - Filling up the DagBag from /home/airflow/.local/lib/python3.7/site-packages/airflow/example_dags/example_python_operator.py
[2022-04-13 09:24:31,218] {processor.py:652} INFO - DAG(s) dict_keys(['example_python_operator']) retrieved from /home/airflow/.local/lib/python3.7/site-packages/airflow/example_dags/example_python_operator.py
[2022-04-13 09:24:31,248] {logging_mixin.py:109} INFO - [2022-04-13 09:24:31,248] {dag.py:2398} INFO - Sync 1 DAGs
[2022-04-13 09:24:31,272] {logging_mixin.py:109} INFO - [2022-04-13 09:24:31,272] {dag.py:2937} INFO - Setting next_dagrun for example_python_operator to None
[2022-04-13 09:24:31,287] {processor.py:171} INFO - Processing /home/airflow/.local/lib/python3.7/site-packages/airflow/example_dags/example_python_operator.py took 0.103 seconds
[2022-04-13 09:25:02,549] {processor.py:163} INFO - Started process (PID=2078) to work on /home/airflow/.local/lib/python3.7/site-packages/airflow/example_dags/example_python_operator.py
[2022-04-13 09:25:02,550] {processor.py:642} INFO - Processing file /home/airflow/.local/lib/python3.7/site-packages/airflow/example_dags/example_python_operator.py for tasks to queue
[2022-04-13 09:25:02,551] {logging_mixin.py:109} INFO - [2022-04-13 09:25:02,551] {dagbag.py:500} INFO - Filling up the DagBag from /home/airflow/.local/lib/python3.7/site-packages/airflow/example_dags/example_python_operator.py
[2022-04-13 09:25:02,574] {processor.py:652} INFO - DAG(s) dict_keys(['example_python_operator']) retrieved from /home/airflow/.local/lib/python3.7/site-packages/airflow/example_dags/example_python_operator.py
[2022-04-13 09:25:02,598] {logging_mixin.py:109} INFO - [2022-04-13 09:25:02,598] {dag.py:2398} INFO - Sync 1 DAGs
[2022-04-13 09:25:02,618] {logging_mixin.py:109} INFO - [2022-04-13 09:25:02,618] {dag.py:2937} INFO - Setting next_dagrun for example_python_operator to None
[2022-04-13 09:25:02,633] {processor.py:171} INFO - Processing /home/airflow/.local/lib/python3.7/site-packages/airflow/example_dags/example_python_operator.py took 0.088 seconds
[2022-04-13 09:25:32,958] {processor.py:163} INFO - Started process (PID=2128) to work on /home/airflow/.local/lib/python3.7/site-packages/airflow/example_dags/example_python_operator.py
[2022-04-13 09:25:32,959] {processor.py:642} INFO - Processing file /home/airflow/.local/lib/python3.7/site-packages/airflow/example_dags/example_python_operator.py for tasks to queue
[2022-04-13 09:25:32,959] {logging_mixin.py:109} INFO - [2022-04-13 09:25:32,959] {dagbag.py:500} INFO - Filling up the DagBag from /home/airflow/.local/lib/python3.7/site-packages/airflow/example_dags/example_python_operator.py
[2022-04-13 09:25:32,981] {processor.py:652} INFO - DAG(s) dict_keys(['example_python_operator']) retrieved from /home/airflow/.local/lib/python3.7/site-packages/airflow/example_dags/example_python_operator.py
[2022-04-13 09:25:33,004] {logging_mixin.py:109} INFO - [2022-04-13 09:25:33,003] {dag.py:2398} INFO - Sync 1 DAGs
[2022-04-13 09:25:33,026] {logging_mixin.py:109} INFO - [2022-04-13 09:25:33,026] {dag.py:2937} INFO - Setting next_dagrun for example_python_operator to None
[2022-04-13 09:25:33,044] {processor.py:171} INFO - Processing /home/airflow/.local/lib/python3.7/site-packages/airflow/example_dags/example_python_operator.py took 0.089 seconds
[2022-04-13 09:26:04,010] {processor.py:163} INFO - Started process (PID=2187) to work on /home/airflow/.local/lib/python3.7/site-packages/airflow/example_dags/example_python_operator.py
[2022-04-13 09:26:04,011] {processor.py:642} INFO - Processing file /home/airflow/.local/lib/python3.7/site-packages/airflow/example_dags/example_python_operator.py for tasks to queue
[2022-04-13 09:26:04,012] {logging_mixin.py:109} INFO - [2022-04-13 09:26:04,012] {dagbag.py:500} INFO - Filling up the DagBag from /home/airflow/.local/lib/python3.7/site-packages/airflow/example_dags/example_python_operator.py
[2022-04-13 09:26:04,038] {processor.py:652} INFO - DAG(s) dict_keys(['example_python_operator']) retrieved from /home/airflow/.local/lib/python3.7/site-packages/airflow/example_dags/example_python_operator.py
[2022-04-13 09:26:04,066] {logging_mixin.py:109} INFO - [2022-04-13 09:26:04,066] {dag.py:2398} INFO - Sync 1 DAGs
[2022-04-13 09:26:04,089] {logging_mixin.py:109} INFO - [2022-04-13 09:26:04,088] {dag.py:2937} INFO - Setting next_dagrun for example_python_operator to None
[2022-04-13 09:26:04,103] {processor.py:171} INFO - Processing /home/airflow/.local/lib/python3.7/site-packages/airflow/example_dags/example_python_operator.py took 0.097 seconds
