[2022-04-13 08:46:19,032] {processor.py:163} INFO - Started process (PID=65) to work on /home/airflow/.local/lib/python3.7/site-packages/airflow/example_dags/example_xcom.py
[2022-04-13 08:46:19,033] {processor.py:642} INFO - Processing file /home/airflow/.local/lib/python3.7/site-packages/airflow/example_dags/example_xcom.py for tasks to queue
[2022-04-13 08:46:19,033] {logging_mixin.py:109} INFO - [2022-04-13 08:46:19,033] {dagbag.py:500} INFO - Filling up the DagBag from /home/airflow/.local/lib/python3.7/site-packages/airflow/example_dags/example_xcom.py
[2022-04-13 08:46:19,050] {processor.py:652} INFO - DAG(s) dict_keys(['example_xcom']) retrieved from /home/airflow/.local/lib/python3.7/site-packages/airflow/example_dags/example_xcom.py
[2022-04-13 08:46:20,924] {logging_mixin.py:109} INFO - [2022-04-13 08:46:20,923] {manager.py:496} INFO - Created Permission View: can read on DAG:example_xcom
[2022-04-13 08:46:20,941] {logging_mixin.py:109} INFO - [2022-04-13 08:46:20,941] {manager.py:496} INFO - Created Permission View: can edit on DAG:example_xcom
[2022-04-13 08:46:20,942] {logging_mixin.py:109} INFO - [2022-04-13 08:46:20,942] {dag.py:2398} INFO - Sync 1 DAGs
[2022-04-13 08:46:20,954] {logging_mixin.py:109} INFO - [2022-04-13 08:46:20,953] {dag.py:2417} INFO - Creating ORM DAG for example_xcom
[2022-04-13 08:46:20,963] {logging_mixin.py:109} INFO - [2022-04-13 08:46:20,963] {dag.py:2937} INFO - Setting next_dagrun for example_xcom to 2021-01-01T00:00:00+00:00
[2022-04-13 08:46:20,979] {processor.py:171} INFO - Processing /home/airflow/.local/lib/python3.7/site-packages/airflow/example_dags/example_xcom.py took 1.949 seconds
[2022-04-13 08:46:53,344] {processor.py:163} INFO - Started process (PID=462) to work on /home/airflow/.local/lib/python3.7/site-packages/airflow/example_dags/example_xcom.py
[2022-04-13 08:46:53,346] {processor.py:642} INFO - Processing file /home/airflow/.local/lib/python3.7/site-packages/airflow/example_dags/example_xcom.py for tasks to queue
[2022-04-13 08:46:53,347] {logging_mixin.py:109} INFO - [2022-04-13 08:46:53,346] {dagbag.py:500} INFO - Filling up the DagBag from /home/airflow/.local/lib/python3.7/site-packages/airflow/example_dags/example_xcom.py
[2022-04-13 08:46:53,370] {processor.py:652} INFO - DAG(s) dict_keys(['example_xcom']) retrieved from /home/airflow/.local/lib/python3.7/site-packages/airflow/example_dags/example_xcom.py
[2022-04-13 08:46:53,756] {logging_mixin.py:109} INFO - [2022-04-13 08:46:53,756] {dag.py:2398} INFO - Sync 1 DAGs
[2022-04-13 08:46:53,773] {logging_mixin.py:109} INFO - [2022-04-13 08:46:53,772] {dag.py:2937} INFO - Setting next_dagrun for example_xcom to 2021-01-01T00:00:00+00:00
[2022-04-13 08:46:53,789] {processor.py:171} INFO - Processing /home/airflow/.local/lib/python3.7/site-packages/airflow/example_dags/example_xcom.py took 0.447 seconds
[2022-04-13 08:47:23,841] {processor.py:163} INFO - Started process (PID=512) to work on /home/airflow/.local/lib/python3.7/site-packages/airflow/example_dags/example_xcom.py
[2022-04-13 08:47:23,842] {processor.py:642} INFO - Processing file /home/airflow/.local/lib/python3.7/site-packages/airflow/example_dags/example_xcom.py for tasks to queue
[2022-04-13 08:47:23,842] {logging_mixin.py:109} INFO - [2022-04-13 08:47:23,842] {dagbag.py:500} INFO - Filling up the DagBag from /home/airflow/.local/lib/python3.7/site-packages/airflow/example_dags/example_xcom.py
[2022-04-13 08:47:23,874] {processor.py:652} INFO - DAG(s) dict_keys(['example_xcom']) retrieved from /home/airflow/.local/lib/python3.7/site-packages/airflow/example_dags/example_xcom.py
[2022-04-13 08:47:24,227] {logging_mixin.py:109} INFO - [2022-04-13 08:47:24,227] {dag.py:2398} INFO - Sync 1 DAGs
[2022-04-13 08:47:24,243] {logging_mixin.py:109} INFO - [2022-04-13 08:47:24,243] {dag.py:2937} INFO - Setting next_dagrun for example_xcom to 2021-01-01T00:00:00+00:00
[2022-04-13 08:47:24,257] {processor.py:171} INFO - Processing /home/airflow/.local/lib/python3.7/site-packages/airflow/example_dags/example_xcom.py took 0.421 seconds
[2022-04-13 08:47:55,278] {processor.py:163} INFO - Started process (PID=563) to work on /home/airflow/.local/lib/python3.7/site-packages/airflow/example_dags/example_xcom.py
[2022-04-13 08:47:55,287] {processor.py:642} INFO - Processing file /home/airflow/.local/lib/python3.7/site-packages/airflow/example_dags/example_xcom.py for tasks to queue
[2022-04-13 08:47:55,288] {logging_mixin.py:109} INFO - [2022-04-13 08:47:55,288] {dagbag.py:500} INFO - Filling up the DagBag from /home/airflow/.local/lib/python3.7/site-packages/airflow/example_dags/example_xcom.py
[2022-04-13 08:47:55,311] {processor.py:652} INFO - DAG(s) dict_keys(['example_xcom']) retrieved from /home/airflow/.local/lib/python3.7/site-packages/airflow/example_dags/example_xcom.py
[2022-04-13 08:47:55,701] {logging_mixin.py:109} INFO - [2022-04-13 08:47:55,700] {dag.py:2398} INFO - Sync 1 DAGs
[2022-04-13 08:47:55,717] {logging_mixin.py:109} INFO - [2022-04-13 08:47:55,717] {dag.py:2937} INFO - Setting next_dagrun for example_xcom to 2021-01-01T00:00:00+00:00
[2022-04-13 08:47:55,732] {processor.py:171} INFO - Processing /home/airflow/.local/lib/python3.7/site-packages/airflow/example_dags/example_xcom.py took 0.464 seconds
[2022-04-13 08:48:25,789] {processor.py:163} INFO - Started process (PID=625) to work on /home/airflow/.local/lib/python3.7/site-packages/airflow/example_dags/example_xcom.py
[2022-04-13 08:48:25,790] {processor.py:642} INFO - Processing file /home/airflow/.local/lib/python3.7/site-packages/airflow/example_dags/example_xcom.py for tasks to queue
[2022-04-13 08:48:25,790] {logging_mixin.py:109} INFO - [2022-04-13 08:48:25,790] {dagbag.py:500} INFO - Filling up the DagBag from /home/airflow/.local/lib/python3.7/site-packages/airflow/example_dags/example_xcom.py
[2022-04-13 08:48:25,808] {processor.py:652} INFO - DAG(s) dict_keys(['example_xcom']) retrieved from /home/airflow/.local/lib/python3.7/site-packages/airflow/example_dags/example_xcom.py
[2022-04-13 08:48:26,115] {logging_mixin.py:109} INFO - [2022-04-13 08:48:26,115] {dag.py:2398} INFO - Sync 1 DAGs
[2022-04-13 08:48:26,132] {logging_mixin.py:109} INFO - [2022-04-13 08:48:26,132] {dag.py:2937} INFO - Setting next_dagrun for example_xcom to 2021-01-01T00:00:00+00:00
[2022-04-13 08:48:26,152] {processor.py:171} INFO - Processing /home/airflow/.local/lib/python3.7/site-packages/airflow/example_dags/example_xcom.py took 0.365 seconds
[2022-04-13 08:52:07,837] {processor.py:163} INFO - Started process (PID=39) to work on /home/airflow/.local/lib/python3.7/site-packages/airflow/example_dags/example_xcom.py
[2022-04-13 08:52:07,842] {processor.py:642} INFO - Processing file /home/airflow/.local/lib/python3.7/site-packages/airflow/example_dags/example_xcom.py for tasks to queue
[2022-04-13 08:52:07,846] {logging_mixin.py:109} INFO - [2022-04-13 08:52:07,846] {dagbag.py:500} INFO - Filling up the DagBag from /home/airflow/.local/lib/python3.7/site-packages/airflow/example_dags/example_xcom.py
[2022-04-13 08:52:07,898] {processor.py:652} INFO - DAG(s) dict_keys(['example_xcom']) retrieved from /home/airflow/.local/lib/python3.7/site-packages/airflow/example_dags/example_xcom.py
[2022-04-13 08:52:08,533] {logging_mixin.py:109} INFO - [2022-04-13 08:52:08,532] {dag.py:2398} INFO - Sync 1 DAGs
[2022-04-13 08:52:08,564] {logging_mixin.py:109} INFO - [2022-04-13 08:52:08,564] {dag.py:2937} INFO - Setting next_dagrun for example_xcom to 2021-01-01T00:00:00+00:00
[2022-04-13 08:52:08,605] {processor.py:171} INFO - Processing /home/airflow/.local/lib/python3.7/site-packages/airflow/example_dags/example_xcom.py took 0.796 seconds
[2022-04-13 08:54:25,564] {processor.py:163} INFO - Started process (PID=43) to work on /home/airflow/.local/lib/python3.7/site-packages/airflow/example_dags/example_xcom.py
[2022-04-13 08:54:25,567] {processor.py:642} INFO - Processing file /home/airflow/.local/lib/python3.7/site-packages/airflow/example_dags/example_xcom.py for tasks to queue
[2022-04-13 08:54:25,567] {logging_mixin.py:109} INFO - [2022-04-13 08:54:25,567] {dagbag.py:500} INFO - Filling up the DagBag from /home/airflow/.local/lib/python3.7/site-packages/airflow/example_dags/example_xcom.py
[2022-04-13 08:54:25,622] {processor.py:652} INFO - DAG(s) dict_keys(['example_xcom']) retrieved from /home/airflow/.local/lib/python3.7/site-packages/airflow/example_dags/example_xcom.py
[2022-04-13 08:54:26,467] {logging_mixin.py:109} INFO - [2022-04-13 08:54:26,467] {dag.py:2398} INFO - Sync 1 DAGs
[2022-04-13 08:54:26,487] {logging_mixin.py:109} INFO - [2022-04-13 08:54:26,487] {dag.py:2937} INFO - Setting next_dagrun for example_xcom to 2021-01-01T00:00:00+00:00
[2022-04-13 08:54:26,520] {processor.py:171} INFO - Processing /home/airflow/.local/lib/python3.7/site-packages/airflow/example_dags/example_xcom.py took 0.960 seconds
[2022-04-13 08:54:56,895] {processor.py:163} INFO - Started process (PID=97) to work on /home/airflow/.local/lib/python3.7/site-packages/airflow/example_dags/example_xcom.py
[2022-04-13 08:54:56,900] {processor.py:642} INFO - Processing file /home/airflow/.local/lib/python3.7/site-packages/airflow/example_dags/example_xcom.py for tasks to queue
[2022-04-13 08:54:56,900] {logging_mixin.py:109} INFO - [2022-04-13 08:54:56,900] {dagbag.py:500} INFO - Filling up the DagBag from /home/airflow/.local/lib/python3.7/site-packages/airflow/example_dags/example_xcom.py
[2022-04-13 08:54:56,915] {processor.py:652} INFO - DAG(s) dict_keys(['example_xcom']) retrieved from /home/airflow/.local/lib/python3.7/site-packages/airflow/example_dags/example_xcom.py
[2022-04-13 08:54:57,237] {logging_mixin.py:109} INFO - [2022-04-13 08:54:57,237] {dag.py:2398} INFO - Sync 1 DAGs
[2022-04-13 08:54:57,259] {logging_mixin.py:109} INFO - [2022-04-13 08:54:57,259] {dag.py:2937} INFO - Setting next_dagrun for example_xcom to 2021-01-01T00:00:00+00:00
[2022-04-13 08:54:57,275] {processor.py:171} INFO - Processing /home/airflow/.local/lib/python3.7/site-packages/airflow/example_dags/example_xcom.py took 0.381 seconds
[2022-04-13 08:55:28,223] {processor.py:163} INFO - Started process (PID=157) to work on /home/airflow/.local/lib/python3.7/site-packages/airflow/example_dags/example_xcom.py
[2022-04-13 08:55:28,223] {processor.py:642} INFO - Processing file /home/airflow/.local/lib/python3.7/site-packages/airflow/example_dags/example_xcom.py for tasks to queue
[2022-04-13 08:55:28,224] {logging_mixin.py:109} INFO - [2022-04-13 08:55:28,224] {dagbag.py:500} INFO - Filling up the DagBag from /home/airflow/.local/lib/python3.7/site-packages/airflow/example_dags/example_xcom.py
[2022-04-13 08:55:28,243] {processor.py:652} INFO - DAG(s) dict_keys(['example_xcom']) retrieved from /home/airflow/.local/lib/python3.7/site-packages/airflow/example_dags/example_xcom.py
[2022-04-13 08:55:28,494] {logging_mixin.py:109} INFO - [2022-04-13 08:55:28,494] {dag.py:2398} INFO - Sync 1 DAGs
[2022-04-13 08:55:28,506] {logging_mixin.py:109} INFO - [2022-04-13 08:55:28,506] {dag.py:2937} INFO - Setting next_dagrun for example_xcom to 2021-01-01T00:00:00+00:00
[2022-04-13 08:55:28,520] {processor.py:171} INFO - Processing /home/airflow/.local/lib/python3.7/site-packages/airflow/example_dags/example_xcom.py took 0.299 seconds
[2022-04-13 08:55:59,487] {processor.py:163} INFO - Started process (PID=209) to work on /home/airflow/.local/lib/python3.7/site-packages/airflow/example_dags/example_xcom.py
[2022-04-13 08:55:59,497] {processor.py:642} INFO - Processing file /home/airflow/.local/lib/python3.7/site-packages/airflow/example_dags/example_xcom.py for tasks to queue
[2022-04-13 08:55:59,498] {logging_mixin.py:109} INFO - [2022-04-13 08:55:59,497] {dagbag.py:500} INFO - Filling up the DagBag from /home/airflow/.local/lib/python3.7/site-packages/airflow/example_dags/example_xcom.py
[2022-04-13 08:55:59,524] {processor.py:652} INFO - DAG(s) dict_keys(['example_xcom']) retrieved from /home/airflow/.local/lib/python3.7/site-packages/airflow/example_dags/example_xcom.py
[2022-04-13 08:55:59,841] {logging_mixin.py:109} INFO - [2022-04-13 08:55:59,841] {dag.py:2398} INFO - Sync 1 DAGs
[2022-04-13 08:55:59,855] {logging_mixin.py:109} INFO - [2022-04-13 08:55:59,855] {dag.py:2937} INFO - Setting next_dagrun for example_xcom to 2021-01-01T00:00:00+00:00
[2022-04-13 08:55:59,873] {processor.py:171} INFO - Processing /home/airflow/.local/lib/python3.7/site-packages/airflow/example_dags/example_xcom.py took 0.389 seconds
[2022-04-13 08:56:29,899] {processor.py:163} INFO - Started process (PID=271) to work on /home/airflow/.local/lib/python3.7/site-packages/airflow/example_dags/example_xcom.py
[2022-04-13 08:56:29,901] {processor.py:642} INFO - Processing file /home/airflow/.local/lib/python3.7/site-packages/airflow/example_dags/example_xcom.py for tasks to queue
[2022-04-13 08:56:29,901] {logging_mixin.py:109} INFO - [2022-04-13 08:56:29,901] {dagbag.py:500} INFO - Filling up the DagBag from /home/airflow/.local/lib/python3.7/site-packages/airflow/example_dags/example_xcom.py
[2022-04-13 08:56:29,925] {processor.py:652} INFO - DAG(s) dict_keys(['example_xcom']) retrieved from /home/airflow/.local/lib/python3.7/site-packages/airflow/example_dags/example_xcom.py
[2022-04-13 08:56:30,208] {logging_mixin.py:109} INFO - [2022-04-13 08:56:30,208] {dag.py:2398} INFO - Sync 1 DAGs
[2022-04-13 08:56:30,224] {logging_mixin.py:109} INFO - [2022-04-13 08:56:30,223] {dag.py:2937} INFO - Setting next_dagrun for example_xcom to 2021-01-01T00:00:00+00:00
[2022-04-13 08:56:30,241] {processor.py:171} INFO - Processing /home/airflow/.local/lib/python3.7/site-packages/airflow/example_dags/example_xcom.py took 0.345 seconds
[2022-04-13 08:57:00,277] {processor.py:163} INFO - Started process (PID=321) to work on /home/airflow/.local/lib/python3.7/site-packages/airflow/example_dags/example_xcom.py
[2022-04-13 08:57:00,282] {processor.py:642} INFO - Processing file /home/airflow/.local/lib/python3.7/site-packages/airflow/example_dags/example_xcom.py for tasks to queue
[2022-04-13 08:57:00,282] {logging_mixin.py:109} INFO - [2022-04-13 08:57:00,282] {dagbag.py:500} INFO - Filling up the DagBag from /home/airflow/.local/lib/python3.7/site-packages/airflow/example_dags/example_xcom.py
[2022-04-13 08:57:00,296] {processor.py:652} INFO - DAG(s) dict_keys(['example_xcom']) retrieved from /home/airflow/.local/lib/python3.7/site-packages/airflow/example_dags/example_xcom.py
[2022-04-13 08:57:00,550] {logging_mixin.py:109} INFO - [2022-04-13 08:57:00,550] {dag.py:2398} INFO - Sync 1 DAGs
[2022-04-13 08:57:00,564] {logging_mixin.py:109} INFO - [2022-04-13 08:57:00,563] {dag.py:2937} INFO - Setting next_dagrun for example_xcom to 2021-01-01T00:00:00+00:00
[2022-04-13 08:57:00,579] {processor.py:171} INFO - Processing /home/airflow/.local/lib/python3.7/site-packages/airflow/example_dags/example_xcom.py took 0.304 seconds
[2022-04-13 08:57:30,611] {processor.py:163} INFO - Started process (PID=380) to work on /home/airflow/.local/lib/python3.7/site-packages/airflow/example_dags/example_xcom.py
[2022-04-13 08:57:30,612] {processor.py:642} INFO - Processing file /home/airflow/.local/lib/python3.7/site-packages/airflow/example_dags/example_xcom.py for tasks to queue
[2022-04-13 08:57:30,612] {logging_mixin.py:109} INFO - [2022-04-13 08:57:30,612] {dagbag.py:500} INFO - Filling up the DagBag from /home/airflow/.local/lib/python3.7/site-packages/airflow/example_dags/example_xcom.py
[2022-04-13 08:57:30,626] {processor.py:652} INFO - DAG(s) dict_keys(['example_xcom']) retrieved from /home/airflow/.local/lib/python3.7/site-packages/airflow/example_dags/example_xcom.py
[2022-04-13 08:57:30,882] {logging_mixin.py:109} INFO - [2022-04-13 08:57:30,881] {dag.py:2398} INFO - Sync 1 DAGs
[2022-04-13 08:57:30,894] {logging_mixin.py:109} INFO - [2022-04-13 08:57:30,893] {dag.py:2937} INFO - Setting next_dagrun for example_xcom to 2021-01-01T00:00:00+00:00
[2022-04-13 08:57:30,910] {processor.py:171} INFO - Processing /home/airflow/.local/lib/python3.7/site-packages/airflow/example_dags/example_xcom.py took 0.301 seconds
[2022-04-13 08:58:01,620] {processor.py:163} INFO - Started process (PID=431) to work on /home/airflow/.local/lib/python3.7/site-packages/airflow/example_dags/example_xcom.py
[2022-04-13 08:58:01,623] {processor.py:642} INFO - Processing file /home/airflow/.local/lib/python3.7/site-packages/airflow/example_dags/example_xcom.py for tasks to queue
[2022-04-13 08:58:01,623] {logging_mixin.py:109} INFO - [2022-04-13 08:58:01,623] {dagbag.py:500} INFO - Filling up the DagBag from /home/airflow/.local/lib/python3.7/site-packages/airflow/example_dags/example_xcom.py
[2022-04-13 08:58:01,649] {processor.py:652} INFO - DAG(s) dict_keys(['example_xcom']) retrieved from /home/airflow/.local/lib/python3.7/site-packages/airflow/example_dags/example_xcom.py
[2022-04-13 08:58:02,005] {logging_mixin.py:109} INFO - [2022-04-13 08:58:02,005] {dag.py:2398} INFO - Sync 1 DAGs
[2022-04-13 08:58:02,023] {logging_mixin.py:109} INFO - [2022-04-13 08:58:02,023] {dag.py:2937} INFO - Setting next_dagrun for example_xcom to 2021-01-01T00:00:00+00:00
[2022-04-13 08:58:02,046] {processor.py:171} INFO - Processing /home/airflow/.local/lib/python3.7/site-packages/airflow/example_dags/example_xcom.py took 0.429 seconds
[2022-04-13 08:58:32,914] {processor.py:163} INFO - Started process (PID=493) to work on /home/airflow/.local/lib/python3.7/site-packages/airflow/example_dags/example_xcom.py
[2022-04-13 08:58:32,914] {processor.py:642} INFO - Processing file /home/airflow/.local/lib/python3.7/site-packages/airflow/example_dags/example_xcom.py for tasks to queue
[2022-04-13 08:58:32,915] {logging_mixin.py:109} INFO - [2022-04-13 08:58:32,915] {dagbag.py:500} INFO - Filling up the DagBag from /home/airflow/.local/lib/python3.7/site-packages/airflow/example_dags/example_xcom.py
[2022-04-13 08:58:32,943] {processor.py:652} INFO - DAG(s) dict_keys(['example_xcom']) retrieved from /home/airflow/.local/lib/python3.7/site-packages/airflow/example_dags/example_xcom.py
[2022-04-13 08:58:33,262] {logging_mixin.py:109} INFO - [2022-04-13 08:58:33,262] {dag.py:2398} INFO - Sync 1 DAGs
[2022-04-13 08:58:33,276] {logging_mixin.py:109} INFO - [2022-04-13 08:58:33,275] {dag.py:2937} INFO - Setting next_dagrun for example_xcom to 2021-01-01T00:00:00+00:00
[2022-04-13 08:58:33,288] {processor.py:171} INFO - Processing /home/airflow/.local/lib/python3.7/site-packages/airflow/example_dags/example_xcom.py took 0.377 seconds
[2022-04-13 08:59:03,439] {processor.py:163} INFO - Started process (PID=544) to work on /home/airflow/.local/lib/python3.7/site-packages/airflow/example_dags/example_xcom.py
[2022-04-13 08:59:03,452] {processor.py:642} INFO - Processing file /home/airflow/.local/lib/python3.7/site-packages/airflow/example_dags/example_xcom.py for tasks to queue
[2022-04-13 08:59:03,453] {logging_mixin.py:109} INFO - [2022-04-13 08:59:03,453] {dagbag.py:500} INFO - Filling up the DagBag from /home/airflow/.local/lib/python3.7/site-packages/airflow/example_dags/example_xcom.py
[2022-04-13 08:59:03,488] {processor.py:652} INFO - DAG(s) dict_keys(['example_xcom']) retrieved from /home/airflow/.local/lib/python3.7/site-packages/airflow/example_dags/example_xcom.py
[2022-04-13 08:59:03,990] {logging_mixin.py:109} INFO - [2022-04-13 08:59:03,990] {dag.py:2398} INFO - Sync 1 DAGs
[2022-04-13 08:59:04,013] {logging_mixin.py:109} INFO - [2022-04-13 08:59:04,013] {dag.py:2937} INFO - Setting next_dagrun for example_xcom to 2021-01-01T00:00:00+00:00
[2022-04-13 08:59:04,036] {processor.py:171} INFO - Processing /home/airflow/.local/lib/python3.7/site-packages/airflow/example_dags/example_xcom.py took 0.604 seconds
[2022-04-13 08:59:34,790] {processor.py:163} INFO - Started process (PID=606) to work on /home/airflow/.local/lib/python3.7/site-packages/airflow/example_dags/example_xcom.py
[2022-04-13 08:59:34,792] {processor.py:642} INFO - Processing file /home/airflow/.local/lib/python3.7/site-packages/airflow/example_dags/example_xcom.py for tasks to queue
[2022-04-13 08:59:34,793] {logging_mixin.py:109} INFO - [2022-04-13 08:59:34,793] {dagbag.py:500} INFO - Filling up the DagBag from /home/airflow/.local/lib/python3.7/site-packages/airflow/example_dags/example_xcom.py
[2022-04-13 08:59:34,824] {processor.py:652} INFO - DAG(s) dict_keys(['example_xcom']) retrieved from /home/airflow/.local/lib/python3.7/site-packages/airflow/example_dags/example_xcom.py
[2022-04-13 08:59:35,249] {logging_mixin.py:109} INFO - [2022-04-13 08:59:35,249] {dag.py:2398} INFO - Sync 1 DAGs
[2022-04-13 08:59:35,273] {logging_mixin.py:109} INFO - [2022-04-13 08:59:35,273] {dag.py:2937} INFO - Setting next_dagrun for example_xcom to 2021-01-01T00:00:00+00:00
[2022-04-13 08:59:35,289] {processor.py:171} INFO - Processing /home/airflow/.local/lib/python3.7/site-packages/airflow/example_dags/example_xcom.py took 0.502 seconds
[2022-04-13 09:00:05,481] {processor.py:163} INFO - Started process (PID=659) to work on /home/airflow/.local/lib/python3.7/site-packages/airflow/example_dags/example_xcom.py
[2022-04-13 09:00:05,483] {processor.py:642} INFO - Processing file /home/airflow/.local/lib/python3.7/site-packages/airflow/example_dags/example_xcom.py for tasks to queue
[2022-04-13 09:00:05,484] {logging_mixin.py:109} INFO - [2022-04-13 09:00:05,484] {dagbag.py:500} INFO - Filling up the DagBag from /home/airflow/.local/lib/python3.7/site-packages/airflow/example_dags/example_xcom.py
[2022-04-13 09:00:05,503] {processor.py:652} INFO - DAG(s) dict_keys(['example_xcom']) retrieved from /home/airflow/.local/lib/python3.7/site-packages/airflow/example_dags/example_xcom.py
[2022-04-13 09:00:05,839] {logging_mixin.py:109} INFO - [2022-04-13 09:00:05,838] {dag.py:2398} INFO - Sync 1 DAGs
[2022-04-13 09:00:05,854] {logging_mixin.py:109} INFO - [2022-04-13 09:00:05,853] {dag.py:2937} INFO - Setting next_dagrun for example_xcom to 2021-01-01T00:00:00+00:00
[2022-04-13 09:00:05,873] {processor.py:171} INFO - Processing /home/airflow/.local/lib/python3.7/site-packages/airflow/example_dags/example_xcom.py took 0.395 seconds
[2022-04-13 09:00:36,066] {processor.py:163} INFO - Started process (PID=711) to work on /home/airflow/.local/lib/python3.7/site-packages/airflow/example_dags/example_xcom.py
[2022-04-13 09:00:36,069] {processor.py:642} INFO - Processing file /home/airflow/.local/lib/python3.7/site-packages/airflow/example_dags/example_xcom.py for tasks to queue
[2022-04-13 09:00:36,069] {logging_mixin.py:109} INFO - [2022-04-13 09:00:36,069] {dagbag.py:500} INFO - Filling up the DagBag from /home/airflow/.local/lib/python3.7/site-packages/airflow/example_dags/example_xcom.py
[2022-04-13 09:00:36,093] {processor.py:652} INFO - DAG(s) dict_keys(['example_xcom']) retrieved from /home/airflow/.local/lib/python3.7/site-packages/airflow/example_dags/example_xcom.py
[2022-04-13 09:00:36,540] {logging_mixin.py:109} INFO - [2022-04-13 09:00:36,540] {dag.py:2398} INFO - Sync 1 DAGs
[2022-04-13 09:00:36,566] {logging_mixin.py:109} INFO - [2022-04-13 09:00:36,566] {dag.py:2937} INFO - Setting next_dagrun for example_xcom to 2021-01-01T00:00:00+00:00
[2022-04-13 09:00:36,590] {processor.py:171} INFO - Processing /home/airflow/.local/lib/python3.7/site-packages/airflow/example_dags/example_xcom.py took 0.526 seconds
[2022-04-13 09:01:06,626] {processor.py:163} INFO - Started process (PID=772) to work on /home/airflow/.local/lib/python3.7/site-packages/airflow/example_dags/example_xcom.py
[2022-04-13 09:01:06,627] {processor.py:642} INFO - Processing file /home/airflow/.local/lib/python3.7/site-packages/airflow/example_dags/example_xcom.py for tasks to queue
[2022-04-13 09:01:06,628] {logging_mixin.py:109} INFO - [2022-04-13 09:01:06,627] {dagbag.py:500} INFO - Filling up the DagBag from /home/airflow/.local/lib/python3.7/site-packages/airflow/example_dags/example_xcom.py
[2022-04-13 09:01:06,659] {processor.py:652} INFO - DAG(s) dict_keys(['example_xcom']) retrieved from /home/airflow/.local/lib/python3.7/site-packages/airflow/example_dags/example_xcom.py
[2022-04-13 09:01:07,100] {logging_mixin.py:109} INFO - [2022-04-13 09:01:07,100] {dag.py:2398} INFO - Sync 1 DAGs
[2022-04-13 09:01:07,119] {logging_mixin.py:109} INFO - [2022-04-13 09:01:07,118] {dag.py:2937} INFO - Setting next_dagrun for example_xcom to 2021-01-01T00:00:00+00:00
[2022-04-13 09:01:07,140] {processor.py:171} INFO - Processing /home/airflow/.local/lib/python3.7/site-packages/airflow/example_dags/example_xcom.py took 0.517 seconds
[2022-04-13 09:01:37,959] {processor.py:163} INFO - Started process (PID=823) to work on /home/airflow/.local/lib/python3.7/site-packages/airflow/example_dags/example_xcom.py
[2022-04-13 09:01:37,970] {processor.py:642} INFO - Processing file /home/airflow/.local/lib/python3.7/site-packages/airflow/example_dags/example_xcom.py for tasks to queue
[2022-04-13 09:01:37,971] {logging_mixin.py:109} INFO - [2022-04-13 09:01:37,971] {dagbag.py:500} INFO - Filling up the DagBag from /home/airflow/.local/lib/python3.7/site-packages/airflow/example_dags/example_xcom.py
[2022-04-13 09:01:38,022] {processor.py:652} INFO - DAG(s) dict_keys(['example_xcom']) retrieved from /home/airflow/.local/lib/python3.7/site-packages/airflow/example_dags/example_xcom.py
[2022-04-13 09:01:38,435] {logging_mixin.py:109} INFO - [2022-04-13 09:01:38,435] {dag.py:2398} INFO - Sync 1 DAGs
[2022-04-13 09:01:38,452] {logging_mixin.py:109} INFO - [2022-04-13 09:01:38,452] {dag.py:2937} INFO - Setting next_dagrun for example_xcom to 2021-01-01T00:00:00+00:00
[2022-04-13 09:01:38,476] {processor.py:171} INFO - Processing /home/airflow/.local/lib/python3.7/site-packages/airflow/example_dags/example_xcom.py took 0.530 seconds
[2022-04-13 09:02:08,554] {processor.py:163} INFO - Started process (PID=874) to work on /home/airflow/.local/lib/python3.7/site-packages/airflow/example_dags/example_xcom.py
[2022-04-13 09:02:08,557] {processor.py:642} INFO - Processing file /home/airflow/.local/lib/python3.7/site-packages/airflow/example_dags/example_xcom.py for tasks to queue
[2022-04-13 09:02:08,558] {logging_mixin.py:109} INFO - [2022-04-13 09:02:08,557] {dagbag.py:500} INFO - Filling up the DagBag from /home/airflow/.local/lib/python3.7/site-packages/airflow/example_dags/example_xcom.py
[2022-04-13 09:02:08,593] {processor.py:652} INFO - DAG(s) dict_keys(['example_xcom']) retrieved from /home/airflow/.local/lib/python3.7/site-packages/airflow/example_dags/example_xcom.py
[2022-04-13 09:02:09,052] {logging_mixin.py:109} INFO - [2022-04-13 09:02:09,052] {dag.py:2398} INFO - Sync 1 DAGs
[2022-04-13 09:02:09,075] {logging_mixin.py:109} INFO - [2022-04-13 09:02:09,074] {dag.py:2937} INFO - Setting next_dagrun for example_xcom to 2021-01-01T00:00:00+00:00
[2022-04-13 09:02:09,105] {processor.py:171} INFO - Processing /home/airflow/.local/lib/python3.7/site-packages/airflow/example_dags/example_xcom.py took 0.556 seconds
[2022-04-13 09:02:39,801] {processor.py:163} INFO - Started process (PID=936) to work on /home/airflow/.local/lib/python3.7/site-packages/airflow/example_dags/example_xcom.py
[2022-04-13 09:02:39,811] {processor.py:642} INFO - Processing file /home/airflow/.local/lib/python3.7/site-packages/airflow/example_dags/example_xcom.py for tasks to queue
[2022-04-13 09:02:39,812] {logging_mixin.py:109} INFO - [2022-04-13 09:02:39,812] {dagbag.py:500} INFO - Filling up the DagBag from /home/airflow/.local/lib/python3.7/site-packages/airflow/example_dags/example_xcom.py
[2022-04-13 09:02:39,850] {processor.py:652} INFO - DAG(s) dict_keys(['example_xcom']) retrieved from /home/airflow/.local/lib/python3.7/site-packages/airflow/example_dags/example_xcom.py
[2022-04-13 09:02:40,250] {logging_mixin.py:109} INFO - [2022-04-13 09:02:40,250] {dag.py:2398} INFO - Sync 1 DAGs
[2022-04-13 09:02:40,269] {logging_mixin.py:109} INFO - [2022-04-13 09:02:40,269] {dag.py:2937} INFO - Setting next_dagrun for example_xcom to 2021-01-01T00:00:00+00:00
[2022-04-13 09:02:40,287] {processor.py:171} INFO - Processing /home/airflow/.local/lib/python3.7/site-packages/airflow/example_dags/example_xcom.py took 0.490 seconds
[2022-04-13 09:03:11,118] {processor.py:163} INFO - Started process (PID=986) to work on /home/airflow/.local/lib/python3.7/site-packages/airflow/example_dags/example_xcom.py
[2022-04-13 09:03:11,121] {processor.py:642} INFO - Processing file /home/airflow/.local/lib/python3.7/site-packages/airflow/example_dags/example_xcom.py for tasks to queue
[2022-04-13 09:03:11,122] {logging_mixin.py:109} INFO - [2022-04-13 09:03:11,122] {dagbag.py:500} INFO - Filling up the DagBag from /home/airflow/.local/lib/python3.7/site-packages/airflow/example_dags/example_xcom.py
[2022-04-13 09:03:11,181] {processor.py:652} INFO - DAG(s) dict_keys(['example_xcom']) retrieved from /home/airflow/.local/lib/python3.7/site-packages/airflow/example_dags/example_xcom.py
[2022-04-13 09:03:11,719] {logging_mixin.py:109} INFO - [2022-04-13 09:03:11,718] {dag.py:2398} INFO - Sync 1 DAGs
[2022-04-13 09:03:11,740] {logging_mixin.py:109} INFO - [2022-04-13 09:03:11,740] {dag.py:2937} INFO - Setting next_dagrun for example_xcom to 2021-01-01T00:00:00+00:00
[2022-04-13 09:03:11,758] {processor.py:171} INFO - Processing /home/airflow/.local/lib/python3.7/site-packages/airflow/example_dags/example_xcom.py took 0.646 seconds
[2022-04-13 09:05:50,409] {processor.py:163} INFO - Started process (PID=41) to work on /home/airflow/.local/lib/python3.7/site-packages/airflow/example_dags/example_xcom.py
[2022-04-13 09:05:50,411] {processor.py:642} INFO - Processing file /home/airflow/.local/lib/python3.7/site-packages/airflow/example_dags/example_xcom.py for tasks to queue
[2022-04-13 09:05:50,411] {logging_mixin.py:109} INFO - [2022-04-13 09:05:50,411] {dagbag.py:500} INFO - Filling up the DagBag from /home/airflow/.local/lib/python3.7/site-packages/airflow/example_dags/example_xcom.py
[2022-04-13 09:05:50,435] {processor.py:652} INFO - DAG(s) dict_keys(['example_xcom']) retrieved from /home/airflow/.local/lib/python3.7/site-packages/airflow/example_dags/example_xcom.py
[2022-04-13 09:05:51,198] {logging_mixin.py:109} INFO - [2022-04-13 09:05:51,198] {dag.py:2398} INFO - Sync 1 DAGs
[2022-04-13 09:05:51,222] {logging_mixin.py:109} INFO - [2022-04-13 09:05:51,222] {dag.py:2937} INFO - Setting next_dagrun for example_xcom to 2021-01-01T00:00:00+00:00
[2022-04-13 09:05:51,246] {processor.py:171} INFO - Processing /home/airflow/.local/lib/python3.7/site-packages/airflow/example_dags/example_xcom.py took 0.840 seconds
[2022-04-13 09:06:21,785] {processor.py:163} INFO - Started process (PID=94) to work on /home/airflow/.local/lib/python3.7/site-packages/airflow/example_dags/example_xcom.py
[2022-04-13 09:06:21,786] {processor.py:642} INFO - Processing file /home/airflow/.local/lib/python3.7/site-packages/airflow/example_dags/example_xcom.py for tasks to queue
[2022-04-13 09:06:21,787] {logging_mixin.py:109} INFO - [2022-04-13 09:06:21,786] {dagbag.py:500} INFO - Filling up the DagBag from /home/airflow/.local/lib/python3.7/site-packages/airflow/example_dags/example_xcom.py
[2022-04-13 09:06:21,810] {processor.py:652} INFO - DAG(s) dict_keys(['example_xcom']) retrieved from /home/airflow/.local/lib/python3.7/site-packages/airflow/example_dags/example_xcom.py
[2022-04-13 09:06:22,169] {logging_mixin.py:109} INFO - [2022-04-13 09:06:22,169] {dag.py:2398} INFO - Sync 1 DAGs
[2022-04-13 09:06:22,184] {logging_mixin.py:109} INFO - [2022-04-13 09:06:22,184] {dag.py:2937} INFO - Setting next_dagrun for example_xcom to 2021-01-01T00:00:00+00:00
[2022-04-13 09:06:22,198] {processor.py:171} INFO - Processing /home/airflow/.local/lib/python3.7/site-packages/airflow/example_dags/example_xcom.py took 0.415 seconds
[2022-04-13 09:06:52,339] {processor.py:163} INFO - Started process (PID=155) to work on /home/airflow/.local/lib/python3.7/site-packages/airflow/example_dags/example_xcom.py
[2022-04-13 09:06:52,349] {processor.py:642} INFO - Processing file /home/airflow/.local/lib/python3.7/site-packages/airflow/example_dags/example_xcom.py for tasks to queue
[2022-04-13 09:06:52,349] {logging_mixin.py:109} INFO - [2022-04-13 09:06:52,349] {dagbag.py:500} INFO - Filling up the DagBag from /home/airflow/.local/lib/python3.7/site-packages/airflow/example_dags/example_xcom.py
[2022-04-13 09:06:52,374] {processor.py:652} INFO - DAG(s) dict_keys(['example_xcom']) retrieved from /home/airflow/.local/lib/python3.7/site-packages/airflow/example_dags/example_xcom.py
[2022-04-13 09:06:52,786] {logging_mixin.py:109} INFO - [2022-04-13 09:06:52,786] {dag.py:2398} INFO - Sync 1 DAGs
[2022-04-13 09:06:52,801] {logging_mixin.py:109} INFO - [2022-04-13 09:06:52,801] {dag.py:2937} INFO - Setting next_dagrun for example_xcom to 2021-01-01T00:00:00+00:00
[2022-04-13 09:06:52,814] {processor.py:171} INFO - Processing /home/airflow/.local/lib/python3.7/site-packages/airflow/example_dags/example_xcom.py took 0.478 seconds
[2022-04-13 09:07:22,867] {processor.py:163} INFO - Started process (PID=206) to work on /home/airflow/.local/lib/python3.7/site-packages/airflow/example_dags/example_xcom.py
[2022-04-13 09:07:22,868] {processor.py:642} INFO - Processing file /home/airflow/.local/lib/python3.7/site-packages/airflow/example_dags/example_xcom.py for tasks to queue
[2022-04-13 09:07:22,868] {logging_mixin.py:109} INFO - [2022-04-13 09:07:22,868] {dagbag.py:500} INFO - Filling up the DagBag from /home/airflow/.local/lib/python3.7/site-packages/airflow/example_dags/example_xcom.py
[2022-04-13 09:07:22,891] {processor.py:652} INFO - DAG(s) dict_keys(['example_xcom']) retrieved from /home/airflow/.local/lib/python3.7/site-packages/airflow/example_dags/example_xcom.py
[2022-04-13 09:07:23,218] {logging_mixin.py:109} INFO - [2022-04-13 09:07:23,218] {dag.py:2398} INFO - Sync 1 DAGs
[2022-04-13 09:07:23,232] {logging_mixin.py:109} INFO - [2022-04-13 09:07:23,232] {dag.py:2937} INFO - Setting next_dagrun for example_xcom to 2021-01-01T00:00:00+00:00
[2022-04-13 09:07:23,250] {processor.py:171} INFO - Processing /home/airflow/.local/lib/python3.7/site-packages/airflow/example_dags/example_xcom.py took 0.385 seconds
[2022-04-13 09:07:53,570] {processor.py:163} INFO - Started process (PID=257) to work on /home/airflow/.local/lib/python3.7/site-packages/airflow/example_dags/example_xcom.py
[2022-04-13 09:07:53,572] {processor.py:642} INFO - Processing file /home/airflow/.local/lib/python3.7/site-packages/airflow/example_dags/example_xcom.py for tasks to queue
[2022-04-13 09:07:53,573] {logging_mixin.py:109} INFO - [2022-04-13 09:07:53,573] {dagbag.py:500} INFO - Filling up the DagBag from /home/airflow/.local/lib/python3.7/site-packages/airflow/example_dags/example_xcom.py
[2022-04-13 09:07:53,595] {processor.py:652} INFO - DAG(s) dict_keys(['example_xcom']) retrieved from /home/airflow/.local/lib/python3.7/site-packages/airflow/example_dags/example_xcom.py
[2022-04-13 09:07:53,929] {logging_mixin.py:109} INFO - [2022-04-13 09:07:53,929] {dag.py:2398} INFO - Sync 1 DAGs
[2022-04-13 09:07:53,943] {logging_mixin.py:109} INFO - [2022-04-13 09:07:53,943] {dag.py:2937} INFO - Setting next_dagrun for example_xcom to 2021-01-01T00:00:00+00:00
[2022-04-13 09:07:53,957] {processor.py:171} INFO - Processing /home/airflow/.local/lib/python3.7/site-packages/airflow/example_dags/example_xcom.py took 0.389 seconds
[2022-04-13 09:08:24,851] {processor.py:163} INFO - Started process (PID=318) to work on /home/airflow/.local/lib/python3.7/site-packages/airflow/example_dags/example_xcom.py
[2022-04-13 09:08:24,852] {processor.py:642} INFO - Processing file /home/airflow/.local/lib/python3.7/site-packages/airflow/example_dags/example_xcom.py for tasks to queue
[2022-04-13 09:08:24,853] {logging_mixin.py:109} INFO - [2022-04-13 09:08:24,853] {dagbag.py:500} INFO - Filling up the DagBag from /home/airflow/.local/lib/python3.7/site-packages/airflow/example_dags/example_xcom.py
[2022-04-13 09:08:24,890] {processor.py:652} INFO - DAG(s) dict_keys(['example_xcom']) retrieved from /home/airflow/.local/lib/python3.7/site-packages/airflow/example_dags/example_xcom.py
[2022-04-13 09:08:25,266] {logging_mixin.py:109} INFO - [2022-04-13 09:08:25,265] {dag.py:2398} INFO - Sync 1 DAGs
[2022-04-13 09:08:25,284] {logging_mixin.py:109} INFO - [2022-04-13 09:08:25,284] {dag.py:2937} INFO - Setting next_dagrun for example_xcom to 2021-01-01T00:00:00+00:00
[2022-04-13 09:08:25,302] {processor.py:171} INFO - Processing /home/airflow/.local/lib/python3.7/site-packages/airflow/example_dags/example_xcom.py took 0.456 seconds
[2022-04-13 09:08:55,610] {processor.py:163} INFO - Started process (PID=370) to work on /home/airflow/.local/lib/python3.7/site-packages/airflow/example_dags/example_xcom.py
[2022-04-13 09:08:55,616] {processor.py:642} INFO - Processing file /home/airflow/.local/lib/python3.7/site-packages/airflow/example_dags/example_xcom.py for tasks to queue
[2022-04-13 09:08:55,617] {logging_mixin.py:109} INFO - [2022-04-13 09:08:55,617] {dagbag.py:500} INFO - Filling up the DagBag from /home/airflow/.local/lib/python3.7/site-packages/airflow/example_dags/example_xcom.py
[2022-04-13 09:08:55,640] {processor.py:652} INFO - DAG(s) dict_keys(['example_xcom']) retrieved from /home/airflow/.local/lib/python3.7/site-packages/airflow/example_dags/example_xcom.py
[2022-04-13 09:08:56,049] {logging_mixin.py:109} INFO - [2022-04-13 09:08:56,049] {dag.py:2398} INFO - Sync 1 DAGs
[2022-04-13 09:08:56,070] {logging_mixin.py:109} INFO - [2022-04-13 09:08:56,070] {dag.py:2937} INFO - Setting next_dagrun for example_xcom to 2021-01-01T00:00:00+00:00
[2022-04-13 09:08:56,085] {processor.py:171} INFO - Processing /home/airflow/.local/lib/python3.7/site-packages/airflow/example_dags/example_xcom.py took 0.480 seconds
[2022-04-13 09:09:27,017] {processor.py:163} INFO - Started process (PID=431) to work on /home/airflow/.local/lib/python3.7/site-packages/airflow/example_dags/example_xcom.py
[2022-04-13 09:09:27,019] {processor.py:642} INFO - Processing file /home/airflow/.local/lib/python3.7/site-packages/airflow/example_dags/example_xcom.py for tasks to queue
[2022-04-13 09:09:27,020] {logging_mixin.py:109} INFO - [2022-04-13 09:09:27,020] {dagbag.py:500} INFO - Filling up the DagBag from /home/airflow/.local/lib/python3.7/site-packages/airflow/example_dags/example_xcom.py
[2022-04-13 09:09:27,085] {processor.py:652} INFO - DAG(s) dict_keys(['example_xcom']) retrieved from /home/airflow/.local/lib/python3.7/site-packages/airflow/example_dags/example_xcom.py
[2022-04-13 09:09:27,743] {logging_mixin.py:109} INFO - [2022-04-13 09:09:27,743] {dag.py:2398} INFO - Sync 1 DAGs
[2022-04-13 09:09:27,764] {logging_mixin.py:109} INFO - [2022-04-13 09:09:27,764] {dag.py:2937} INFO - Setting next_dagrun for example_xcom to 2021-01-01T00:00:00+00:00
[2022-04-13 09:09:27,779] {processor.py:171} INFO - Processing /home/airflow/.local/lib/python3.7/site-packages/airflow/example_dags/example_xcom.py took 0.765 seconds
[2022-04-13 09:09:58,147] {processor.py:163} INFO - Started process (PID=482) to work on /home/airflow/.local/lib/python3.7/site-packages/airflow/example_dags/example_xcom.py
[2022-04-13 09:09:58,156] {processor.py:642} INFO - Processing file /home/airflow/.local/lib/python3.7/site-packages/airflow/example_dags/example_xcom.py for tasks to queue
[2022-04-13 09:09:58,156] {logging_mixin.py:109} INFO - [2022-04-13 09:09:58,156] {dagbag.py:500} INFO - Filling up the DagBag from /home/airflow/.local/lib/python3.7/site-packages/airflow/example_dags/example_xcom.py
[2022-04-13 09:09:58,190] {processor.py:652} INFO - DAG(s) dict_keys(['example_xcom']) retrieved from /home/airflow/.local/lib/python3.7/site-packages/airflow/example_dags/example_xcom.py
[2022-04-13 09:09:58,680] {logging_mixin.py:109} INFO - [2022-04-13 09:09:58,680] {dag.py:2398} INFO - Sync 1 DAGs
[2022-04-13 09:09:58,706] {logging_mixin.py:109} INFO - [2022-04-13 09:09:58,705] {dag.py:2937} INFO - Setting next_dagrun for example_xcom to 2021-01-01T00:00:00+00:00
[2022-04-13 09:09:58,733] {processor.py:171} INFO - Processing /home/airflow/.local/lib/python3.7/site-packages/airflow/example_dags/example_xcom.py took 0.590 seconds
[2022-04-13 09:10:29,454] {processor.py:163} INFO - Started process (PID=539) to work on /home/airflow/.local/lib/python3.7/site-packages/airflow/example_dags/example_xcom.py
[2022-04-13 09:10:29,458] {processor.py:642} INFO - Processing file /home/airflow/.local/lib/python3.7/site-packages/airflow/example_dags/example_xcom.py for tasks to queue
[2022-04-13 09:10:29,459] {logging_mixin.py:109} INFO - [2022-04-13 09:10:29,459] {dagbag.py:500} INFO - Filling up the DagBag from /home/airflow/.local/lib/python3.7/site-packages/airflow/example_dags/example_xcom.py
[2022-04-13 09:10:29,488] {processor.py:652} INFO - DAG(s) dict_keys(['example_xcom']) retrieved from /home/airflow/.local/lib/python3.7/site-packages/airflow/example_dags/example_xcom.py
[2022-04-13 09:10:30,023] {logging_mixin.py:109} INFO - [2022-04-13 09:10:30,023] {dag.py:2398} INFO - Sync 1 DAGs
[2022-04-13 09:10:30,047] {logging_mixin.py:109} INFO - [2022-04-13 09:10:30,047] {dag.py:2937} INFO - Setting next_dagrun for example_xcom to 2021-01-01T00:00:00+00:00
[2022-04-13 09:10:30,069] {processor.py:171} INFO - Processing /home/airflow/.local/lib/python3.7/site-packages/airflow/example_dags/example_xcom.py took 0.618 seconds
[2022-04-13 09:11:00,806] {processor.py:163} INFO - Started process (PID=593) to work on /home/airflow/.local/lib/python3.7/site-packages/airflow/example_dags/example_xcom.py
[2022-04-13 09:11:00,811] {processor.py:642} INFO - Processing file /home/airflow/.local/lib/python3.7/site-packages/airflow/example_dags/example_xcom.py for tasks to queue
[2022-04-13 09:11:00,812] {logging_mixin.py:109} INFO - [2022-04-13 09:11:00,812] {dagbag.py:500} INFO - Filling up the DagBag from /home/airflow/.local/lib/python3.7/site-packages/airflow/example_dags/example_xcom.py
[2022-04-13 09:11:00,836] {processor.py:652} INFO - DAG(s) dict_keys(['example_xcom']) retrieved from /home/airflow/.local/lib/python3.7/site-packages/airflow/example_dags/example_xcom.py
[2022-04-13 09:11:01,252] {logging_mixin.py:109} INFO - [2022-04-13 09:11:01,252] {dag.py:2398} INFO - Sync 1 DAGs
[2022-04-13 09:11:01,270] {logging_mixin.py:109} INFO - [2022-04-13 09:11:01,270] {dag.py:2937} INFO - Setting next_dagrun for example_xcom to 2021-01-01T00:00:00+00:00
[2022-04-13 09:11:01,294] {processor.py:171} INFO - Processing /home/airflow/.local/lib/python3.7/site-packages/airflow/example_dags/example_xcom.py took 0.491 seconds
[2022-04-13 09:11:31,493] {processor.py:163} INFO - Started process (PID=643) to work on /home/airflow/.local/lib/python3.7/site-packages/airflow/example_dags/example_xcom.py
[2022-04-13 09:11:31,494] {processor.py:642} INFO - Processing file /home/airflow/.local/lib/python3.7/site-packages/airflow/example_dags/example_xcom.py for tasks to queue
[2022-04-13 09:11:31,495] {logging_mixin.py:109} INFO - [2022-04-13 09:11:31,495] {dagbag.py:500} INFO - Filling up the DagBag from /home/airflow/.local/lib/python3.7/site-packages/airflow/example_dags/example_xcom.py
[2022-04-13 09:11:31,516] {processor.py:652} INFO - DAG(s) dict_keys(['example_xcom']) retrieved from /home/airflow/.local/lib/python3.7/site-packages/airflow/example_dags/example_xcom.py
[2022-04-13 09:11:31,911] {logging_mixin.py:109} INFO - [2022-04-13 09:11:31,911] {dag.py:2398} INFO - Sync 1 DAGs
[2022-04-13 09:11:31,931] {logging_mixin.py:109} INFO - [2022-04-13 09:11:31,931] {dag.py:2937} INFO - Setting next_dagrun for example_xcom to 2021-01-01T00:00:00+00:00
[2022-04-13 09:11:31,956] {processor.py:171} INFO - Processing /home/airflow/.local/lib/python3.7/site-packages/airflow/example_dags/example_xcom.py took 0.466 seconds
[2022-04-13 09:12:02,762] {processor.py:163} INFO - Started process (PID=704) to work on /home/airflow/.local/lib/python3.7/site-packages/airflow/example_dags/example_xcom.py
[2022-04-13 09:12:02,771] {processor.py:642} INFO - Processing file /home/airflow/.local/lib/python3.7/site-packages/airflow/example_dags/example_xcom.py for tasks to queue
[2022-04-13 09:12:02,772] {logging_mixin.py:109} INFO - [2022-04-13 09:12:02,772] {dagbag.py:500} INFO - Filling up the DagBag from /home/airflow/.local/lib/python3.7/site-packages/airflow/example_dags/example_xcom.py
[2022-04-13 09:12:02,804] {processor.py:652} INFO - DAG(s) dict_keys(['example_xcom']) retrieved from /home/airflow/.local/lib/python3.7/site-packages/airflow/example_dags/example_xcom.py
[2022-04-13 09:12:03,217] {logging_mixin.py:109} INFO - [2022-04-13 09:12:03,217] {dag.py:2398} INFO - Sync 1 DAGs
[2022-04-13 09:12:03,235] {logging_mixin.py:109} INFO - [2022-04-13 09:12:03,234] {dag.py:2937} INFO - Setting next_dagrun for example_xcom to 2021-01-01T00:00:00+00:00
[2022-04-13 09:12:03,249] {processor.py:171} INFO - Processing /home/airflow/.local/lib/python3.7/site-packages/airflow/example_dags/example_xcom.py took 0.490 seconds
[2022-04-13 09:12:33,995] {processor.py:163} INFO - Started process (PID=756) to work on /home/airflow/.local/lib/python3.7/site-packages/airflow/example_dags/example_xcom.py
[2022-04-13 09:12:33,996] {processor.py:642} INFO - Processing file /home/airflow/.local/lib/python3.7/site-packages/airflow/example_dags/example_xcom.py for tasks to queue
[2022-04-13 09:12:33,996] {logging_mixin.py:109} INFO - [2022-04-13 09:12:33,996] {dagbag.py:500} INFO - Filling up the DagBag from /home/airflow/.local/lib/python3.7/site-packages/airflow/example_dags/example_xcom.py
[2022-04-13 09:12:34,025] {processor.py:652} INFO - DAG(s) dict_keys(['example_xcom']) retrieved from /home/airflow/.local/lib/python3.7/site-packages/airflow/example_dags/example_xcom.py
[2022-04-13 09:12:34,508] {logging_mixin.py:109} INFO - [2022-04-13 09:12:34,508] {dag.py:2398} INFO - Sync 1 DAGs
[2022-04-13 09:12:34,531] {logging_mixin.py:109} INFO - [2022-04-13 09:12:34,531] {dag.py:2937} INFO - Setting next_dagrun for example_xcom to 2021-01-01T00:00:00+00:00
[2022-04-13 09:12:34,560] {processor.py:171} INFO - Processing /home/airflow/.local/lib/python3.7/site-packages/airflow/example_dags/example_xcom.py took 0.568 seconds
[2022-04-13 09:13:05,216] {processor.py:163} INFO - Started process (PID=806) to work on /home/airflow/.local/lib/python3.7/site-packages/airflow/example_dags/example_xcom.py
[2022-04-13 09:13:05,218] {processor.py:642} INFO - Processing file /home/airflow/.local/lib/python3.7/site-packages/airflow/example_dags/example_xcom.py for tasks to queue
[2022-04-13 09:13:05,219] {logging_mixin.py:109} INFO - [2022-04-13 09:13:05,218] {dagbag.py:500} INFO - Filling up the DagBag from /home/airflow/.local/lib/python3.7/site-packages/airflow/example_dags/example_xcom.py
[2022-04-13 09:13:05,260] {processor.py:652} INFO - DAG(s) dict_keys(['example_xcom']) retrieved from /home/airflow/.local/lib/python3.7/site-packages/airflow/example_dags/example_xcom.py
[2022-04-13 09:13:05,742] {logging_mixin.py:109} INFO - [2022-04-13 09:13:05,741] {dag.py:2398} INFO - Sync 1 DAGs
[2022-04-13 09:13:05,767] {logging_mixin.py:109} INFO - [2022-04-13 09:13:05,766] {dag.py:2937} INFO - Setting next_dagrun for example_xcom to 2021-01-01T00:00:00+00:00
[2022-04-13 09:13:05,787] {processor.py:171} INFO - Processing /home/airflow/.local/lib/python3.7/site-packages/airflow/example_dags/example_xcom.py took 0.576 seconds
[2022-04-13 09:13:36,540] {processor.py:163} INFO - Started process (PID=867) to work on /home/airflow/.local/lib/python3.7/site-packages/airflow/example_dags/example_xcom.py
[2022-04-13 09:13:36,541] {processor.py:642} INFO - Processing file /home/airflow/.local/lib/python3.7/site-packages/airflow/example_dags/example_xcom.py for tasks to queue
[2022-04-13 09:13:36,542] {logging_mixin.py:109} INFO - [2022-04-13 09:13:36,542] {dagbag.py:500} INFO - Filling up the DagBag from /home/airflow/.local/lib/python3.7/site-packages/airflow/example_dags/example_xcom.py
[2022-04-13 09:13:36,568] {processor.py:652} INFO - DAG(s) dict_keys(['example_xcom']) retrieved from /home/airflow/.local/lib/python3.7/site-packages/airflow/example_dags/example_xcom.py
[2022-04-13 09:13:37,040] {logging_mixin.py:109} INFO - [2022-04-13 09:13:37,040] {dag.py:2398} INFO - Sync 1 DAGs
[2022-04-13 09:13:37,063] {logging_mixin.py:109} INFO - [2022-04-13 09:13:37,063] {dag.py:2937} INFO - Setting next_dagrun for example_xcom to 2021-01-01T00:00:00+00:00
[2022-04-13 09:13:37,086] {processor.py:171} INFO - Processing /home/airflow/.local/lib/python3.7/site-packages/airflow/example_dags/example_xcom.py took 0.549 seconds
[2022-04-13 09:14:07,353] {processor.py:163} INFO - Started process (PID=918) to work on /home/airflow/.local/lib/python3.7/site-packages/airflow/example_dags/example_xcom.py
[2022-04-13 09:14:07,354] {processor.py:642} INFO - Processing file /home/airflow/.local/lib/python3.7/site-packages/airflow/example_dags/example_xcom.py for tasks to queue
[2022-04-13 09:14:07,355] {logging_mixin.py:109} INFO - [2022-04-13 09:14:07,355] {dagbag.py:500} INFO - Filling up the DagBag from /home/airflow/.local/lib/python3.7/site-packages/airflow/example_dags/example_xcom.py
[2022-04-13 09:14:07,382] {processor.py:652} INFO - DAG(s) dict_keys(['example_xcom']) retrieved from /home/airflow/.local/lib/python3.7/site-packages/airflow/example_dags/example_xcom.py
[2022-04-13 09:14:07,847] {logging_mixin.py:109} INFO - [2022-04-13 09:14:07,847] {dag.py:2398} INFO - Sync 1 DAGs
[2022-04-13 09:14:07,876] {logging_mixin.py:109} INFO - [2022-04-13 09:14:07,876] {dag.py:2937} INFO - Setting next_dagrun for example_xcom to 2021-01-01T00:00:00+00:00
[2022-04-13 09:14:07,905] {processor.py:171} INFO - Processing /home/airflow/.local/lib/python3.7/site-packages/airflow/example_dags/example_xcom.py took 0.556 seconds
[2022-04-13 09:14:38,614] {processor.py:163} INFO - Started process (PID=969) to work on /home/airflow/.local/lib/python3.7/site-packages/airflow/example_dags/example_xcom.py
[2022-04-13 09:14:38,615] {processor.py:642} INFO - Processing file /home/airflow/.local/lib/python3.7/site-packages/airflow/example_dags/example_xcom.py for tasks to queue
[2022-04-13 09:14:38,616] {logging_mixin.py:109} INFO - [2022-04-13 09:14:38,616] {dagbag.py:500} INFO - Filling up the DagBag from /home/airflow/.local/lib/python3.7/site-packages/airflow/example_dags/example_xcom.py
[2022-04-13 09:14:38,634] {processor.py:652} INFO - DAG(s) dict_keys(['example_xcom']) retrieved from /home/airflow/.local/lib/python3.7/site-packages/airflow/example_dags/example_xcom.py
[2022-04-13 09:14:39,044] {logging_mixin.py:109} INFO - [2022-04-13 09:14:39,044] {dag.py:2398} INFO - Sync 1 DAGs
[2022-04-13 09:14:39,064] {logging_mixin.py:109} INFO - [2022-04-13 09:14:39,064] {dag.py:2937} INFO - Setting next_dagrun for example_xcom to 2021-01-01T00:00:00+00:00
[2022-04-13 09:14:39,080] {processor.py:171} INFO - Processing /home/airflow/.local/lib/python3.7/site-packages/airflow/example_dags/example_xcom.py took 0.470 seconds
[2022-04-13 09:15:09,775] {processor.py:163} INFO - Started process (PID=1028) to work on /home/airflow/.local/lib/python3.7/site-packages/airflow/example_dags/example_xcom.py
[2022-04-13 09:15:09,777] {processor.py:642} INFO - Processing file /home/airflow/.local/lib/python3.7/site-packages/airflow/example_dags/example_xcom.py for tasks to queue
[2022-04-13 09:15:09,777] {logging_mixin.py:109} INFO - [2022-04-13 09:15:09,777] {dagbag.py:500} INFO - Filling up the DagBag from /home/airflow/.local/lib/python3.7/site-packages/airflow/example_dags/example_xcom.py
[2022-04-13 09:15:09,804] {processor.py:652} INFO - DAG(s) dict_keys(['example_xcom']) retrieved from /home/airflow/.local/lib/python3.7/site-packages/airflow/example_dags/example_xcom.py
[2022-04-13 09:15:10,274] {logging_mixin.py:109} INFO - [2022-04-13 09:15:10,274] {dag.py:2398} INFO - Sync 1 DAGs
[2022-04-13 09:15:10,296] {logging_mixin.py:109} INFO - [2022-04-13 09:15:10,296] {dag.py:2937} INFO - Setting next_dagrun for example_xcom to 2021-01-01T00:00:00+00:00
[2022-04-13 09:15:10,319] {processor.py:171} INFO - Processing /home/airflow/.local/lib/python3.7/site-packages/airflow/example_dags/example_xcom.py took 0.550 seconds
[2022-04-13 09:15:40,733] {processor.py:163} INFO - Started process (PID=1078) to work on /home/airflow/.local/lib/python3.7/site-packages/airflow/example_dags/example_xcom.py
[2022-04-13 09:15:40,745] {processor.py:642} INFO - Processing file /home/airflow/.local/lib/python3.7/site-packages/airflow/example_dags/example_xcom.py for tasks to queue
[2022-04-13 09:15:40,745] {logging_mixin.py:109} INFO - [2022-04-13 09:15:40,745] {dagbag.py:500} INFO - Filling up the DagBag from /home/airflow/.local/lib/python3.7/site-packages/airflow/example_dags/example_xcom.py
[2022-04-13 09:15:40,771] {processor.py:652} INFO - DAG(s) dict_keys(['example_xcom']) retrieved from /home/airflow/.local/lib/python3.7/site-packages/airflow/example_dags/example_xcom.py
[2022-04-13 09:15:41,234] {logging_mixin.py:109} INFO - [2022-04-13 09:15:41,233] {dag.py:2398} INFO - Sync 1 DAGs
[2022-04-13 09:15:41,259] {logging_mixin.py:109} INFO - [2022-04-13 09:15:41,259] {dag.py:2937} INFO - Setting next_dagrun for example_xcom to 2021-01-01T00:00:00+00:00
[2022-04-13 09:15:41,280] {processor.py:171} INFO - Processing /home/airflow/.local/lib/python3.7/site-packages/airflow/example_dags/example_xcom.py took 0.550 seconds
[2022-04-13 09:16:11,866] {processor.py:163} INFO - Started process (PID=1138) to work on /home/airflow/.local/lib/python3.7/site-packages/airflow/example_dags/example_xcom.py
[2022-04-13 09:16:11,877] {processor.py:642} INFO - Processing file /home/airflow/.local/lib/python3.7/site-packages/airflow/example_dags/example_xcom.py for tasks to queue
[2022-04-13 09:16:11,878] {logging_mixin.py:109} INFO - [2022-04-13 09:16:11,878] {dagbag.py:500} INFO - Filling up the DagBag from /home/airflow/.local/lib/python3.7/site-packages/airflow/example_dags/example_xcom.py
[2022-04-13 09:16:11,905] {processor.py:652} INFO - DAG(s) dict_keys(['example_xcom']) retrieved from /home/airflow/.local/lib/python3.7/site-packages/airflow/example_dags/example_xcom.py
[2022-04-13 09:16:12,377] {logging_mixin.py:109} INFO - [2022-04-13 09:16:12,377] {dag.py:2398} INFO - Sync 1 DAGs
[2022-04-13 09:16:12,398] {logging_mixin.py:109} INFO - [2022-04-13 09:16:12,398] {dag.py:2937} INFO - Setting next_dagrun for example_xcom to 2021-01-01T00:00:00+00:00
[2022-04-13 09:16:12,417] {processor.py:171} INFO - Processing /home/airflow/.local/lib/python3.7/site-packages/airflow/example_dags/example_xcom.py took 0.554 seconds
[2022-04-13 09:16:42,494] {processor.py:163} INFO - Started process (PID=1190) to work on /home/airflow/.local/lib/python3.7/site-packages/airflow/example_dags/example_xcom.py
[2022-04-13 09:16:42,496] {processor.py:642} INFO - Processing file /home/airflow/.local/lib/python3.7/site-packages/airflow/example_dags/example_xcom.py for tasks to queue
[2022-04-13 09:16:42,498] {logging_mixin.py:109} INFO - [2022-04-13 09:16:42,498] {dagbag.py:500} INFO - Filling up the DagBag from /home/airflow/.local/lib/python3.7/site-packages/airflow/example_dags/example_xcom.py
[2022-04-13 09:16:42,538] {processor.py:652} INFO - DAG(s) dict_keys(['example_xcom']) retrieved from /home/airflow/.local/lib/python3.7/site-packages/airflow/example_dags/example_xcom.py
[2022-04-13 09:16:43,025] {logging_mixin.py:109} INFO - [2022-04-13 09:16:43,025] {dag.py:2398} INFO - Sync 1 DAGs
[2022-04-13 09:16:43,048] {logging_mixin.py:109} INFO - [2022-04-13 09:16:43,048] {dag.py:2937} INFO - Setting next_dagrun for example_xcom to 2021-01-01T00:00:00+00:00
[2022-04-13 09:16:43,070] {processor.py:171} INFO - Processing /home/airflow/.local/lib/python3.7/site-packages/airflow/example_dags/example_xcom.py took 0.581 seconds
[2022-04-13 09:17:13,693] {processor.py:163} INFO - Started process (PID=1241) to work on /home/airflow/.local/lib/python3.7/site-packages/airflow/example_dags/example_xcom.py
[2022-04-13 09:17:13,705] {processor.py:642} INFO - Processing file /home/airflow/.local/lib/python3.7/site-packages/airflow/example_dags/example_xcom.py for tasks to queue
[2022-04-13 09:17:13,706] {logging_mixin.py:109} INFO - [2022-04-13 09:17:13,706] {dagbag.py:500} INFO - Filling up the DagBag from /home/airflow/.local/lib/python3.7/site-packages/airflow/example_dags/example_xcom.py
[2022-04-13 09:17:13,734] {processor.py:652} INFO - DAG(s) dict_keys(['example_xcom']) retrieved from /home/airflow/.local/lib/python3.7/site-packages/airflow/example_dags/example_xcom.py
[2022-04-13 09:17:14,255] {logging_mixin.py:109} INFO - [2022-04-13 09:17:14,255] {dag.py:2398} INFO - Sync 1 DAGs
[2022-04-13 09:17:14,280] {logging_mixin.py:109} INFO - [2022-04-13 09:17:14,279] {dag.py:2937} INFO - Setting next_dagrun for example_xcom to 2021-01-01T00:00:00+00:00
[2022-04-13 09:17:14,304] {processor.py:171} INFO - Processing /home/airflow/.local/lib/python3.7/site-packages/airflow/example_dags/example_xcom.py took 0.615 seconds
[2022-04-13 09:17:45,098] {processor.py:163} INFO - Started process (PID=1302) to work on /home/airflow/.local/lib/python3.7/site-packages/airflow/example_dags/example_xcom.py
[2022-04-13 09:17:45,099] {processor.py:642} INFO - Processing file /home/airflow/.local/lib/python3.7/site-packages/airflow/example_dags/example_xcom.py for tasks to queue
[2022-04-13 09:17:45,100] {logging_mixin.py:109} INFO - [2022-04-13 09:17:45,100] {dagbag.py:500} INFO - Filling up the DagBag from /home/airflow/.local/lib/python3.7/site-packages/airflow/example_dags/example_xcom.py
[2022-04-13 09:17:45,120] {processor.py:652} INFO - DAG(s) dict_keys(['example_xcom']) retrieved from /home/airflow/.local/lib/python3.7/site-packages/airflow/example_dags/example_xcom.py
[2022-04-13 09:17:45,478] {logging_mixin.py:109} INFO - [2022-04-13 09:17:45,477] {dag.py:2398} INFO - Sync 1 DAGs
[2022-04-13 09:17:45,496] {logging_mixin.py:109} INFO - [2022-04-13 09:17:45,495] {dag.py:2937} INFO - Setting next_dagrun for example_xcom to 2021-01-01T00:00:00+00:00
[2022-04-13 09:17:45,510] {processor.py:171} INFO - Processing /home/airflow/.local/lib/python3.7/site-packages/airflow/example_dags/example_xcom.py took 0.415 seconds
[2022-04-13 09:18:15,813] {processor.py:163} INFO - Started process (PID=1352) to work on /home/airflow/.local/lib/python3.7/site-packages/airflow/example_dags/example_xcom.py
[2022-04-13 09:18:15,821] {processor.py:642} INFO - Processing file /home/airflow/.local/lib/python3.7/site-packages/airflow/example_dags/example_xcom.py for tasks to queue
[2022-04-13 09:18:15,822] {logging_mixin.py:109} INFO - [2022-04-13 09:18:15,822] {dagbag.py:500} INFO - Filling up the DagBag from /home/airflow/.local/lib/python3.7/site-packages/airflow/example_dags/example_xcom.py
[2022-04-13 09:18:15,853] {processor.py:652} INFO - DAG(s) dict_keys(['example_xcom']) retrieved from /home/airflow/.local/lib/python3.7/site-packages/airflow/example_dags/example_xcom.py
[2022-04-13 09:18:16,347] {logging_mixin.py:109} INFO - [2022-04-13 09:18:16,347] {dag.py:2398} INFO - Sync 1 DAGs
[2022-04-13 09:18:16,370] {logging_mixin.py:109} INFO - [2022-04-13 09:18:16,369] {dag.py:2937} INFO - Setting next_dagrun for example_xcom to 2021-01-01T00:00:00+00:00
[2022-04-13 09:18:16,396] {processor.py:171} INFO - Processing /home/airflow/.local/lib/python3.7/site-packages/airflow/example_dags/example_xcom.py took 0.588 seconds
[2022-04-13 09:18:47,211] {processor.py:163} INFO - Started process (PID=1403) to work on /home/airflow/.local/lib/python3.7/site-packages/airflow/example_dags/example_xcom.py
[2022-04-13 09:18:47,215] {processor.py:642} INFO - Processing file /home/airflow/.local/lib/python3.7/site-packages/airflow/example_dags/example_xcom.py for tasks to queue
[2022-04-13 09:18:47,218] {logging_mixin.py:109} INFO - [2022-04-13 09:18:47,216] {dagbag.py:500} INFO - Filling up the DagBag from /home/airflow/.local/lib/python3.7/site-packages/airflow/example_dags/example_xcom.py
[2022-04-13 09:18:47,251] {processor.py:652} INFO - DAG(s) dict_keys(['example_xcom']) retrieved from /home/airflow/.local/lib/python3.7/site-packages/airflow/example_dags/example_xcom.py
[2022-04-13 09:18:47,845] {logging_mixin.py:109} INFO - [2022-04-13 09:18:47,844] {dag.py:2398} INFO - Sync 1 DAGs
[2022-04-13 09:18:47,878] {logging_mixin.py:109} INFO - [2022-04-13 09:18:47,878] {dag.py:2937} INFO - Setting next_dagrun for example_xcom to 2021-01-01T00:00:00+00:00
[2022-04-13 09:18:47,903] {processor.py:171} INFO - Processing /home/airflow/.local/lib/python3.7/site-packages/airflow/example_dags/example_xcom.py took 0.697 seconds
[2022-04-13 09:19:18,641] {processor.py:163} INFO - Started process (PID=1464) to work on /home/airflow/.local/lib/python3.7/site-packages/airflow/example_dags/example_xcom.py
[2022-04-13 09:19:18,651] {processor.py:642} INFO - Processing file /home/airflow/.local/lib/python3.7/site-packages/airflow/example_dags/example_xcom.py for tasks to queue
[2022-04-13 09:19:18,652] {logging_mixin.py:109} INFO - [2022-04-13 09:19:18,651] {dagbag.py:500} INFO - Filling up the DagBag from /home/airflow/.local/lib/python3.7/site-packages/airflow/example_dags/example_xcom.py
[2022-04-13 09:19:18,682] {processor.py:652} INFO - DAG(s) dict_keys(['example_xcom']) retrieved from /home/airflow/.local/lib/python3.7/site-packages/airflow/example_dags/example_xcom.py
[2022-04-13 09:19:19,168] {logging_mixin.py:109} INFO - [2022-04-13 09:19:19,168] {dag.py:2398} INFO - Sync 1 DAGs
[2022-04-13 09:19:19,201] {logging_mixin.py:109} INFO - [2022-04-13 09:19:19,201] {dag.py:2937} INFO - Setting next_dagrun for example_xcom to 2021-01-01T00:00:00+00:00
[2022-04-13 09:19:19,223] {processor.py:171} INFO - Processing /home/airflow/.local/lib/python3.7/site-packages/airflow/example_dags/example_xcom.py took 0.586 seconds
[2022-04-13 09:19:49,291] {processor.py:163} INFO - Started process (PID=1515) to work on /home/airflow/.local/lib/python3.7/site-packages/airflow/example_dags/example_xcom.py
[2022-04-13 09:19:49,292] {processor.py:642} INFO - Processing file /home/airflow/.local/lib/python3.7/site-packages/airflow/example_dags/example_xcom.py for tasks to queue
[2022-04-13 09:19:49,293] {logging_mixin.py:109} INFO - [2022-04-13 09:19:49,293] {dagbag.py:500} INFO - Filling up the DagBag from /home/airflow/.local/lib/python3.7/site-packages/airflow/example_dags/example_xcom.py
[2022-04-13 09:19:49,318] {processor.py:652} INFO - DAG(s) dict_keys(['example_xcom']) retrieved from /home/airflow/.local/lib/python3.7/site-packages/airflow/example_dags/example_xcom.py
[2022-04-13 09:19:49,713] {logging_mixin.py:109} INFO - [2022-04-13 09:19:49,712] {dag.py:2398} INFO - Sync 1 DAGs
[2022-04-13 09:19:49,775] {logging_mixin.py:109} INFO - [2022-04-13 09:19:49,775] {dag.py:2937} INFO - Setting next_dagrun for example_xcom to 2021-01-01T00:00:00+00:00
[2022-04-13 09:19:49,795] {processor.py:171} INFO - Processing /home/airflow/.local/lib/python3.7/site-packages/airflow/example_dags/example_xcom.py took 0.507 seconds
[2022-04-13 09:20:20,447] {processor.py:163} INFO - Started process (PID=1574) to work on /home/airflow/.local/lib/python3.7/site-packages/airflow/example_dags/example_xcom.py
[2022-04-13 09:20:20,450] {processor.py:642} INFO - Processing file /home/airflow/.local/lib/python3.7/site-packages/airflow/example_dags/example_xcom.py for tasks to queue
[2022-04-13 09:20:20,451] {logging_mixin.py:109} INFO - [2022-04-13 09:20:20,451] {dagbag.py:500} INFO - Filling up the DagBag from /home/airflow/.local/lib/python3.7/site-packages/airflow/example_dags/example_xcom.py
[2022-04-13 09:20:20,485] {processor.py:652} INFO - DAG(s) dict_keys(['example_xcom']) retrieved from /home/airflow/.local/lib/python3.7/site-packages/airflow/example_dags/example_xcom.py
[2022-04-13 09:20:21,019] {logging_mixin.py:109} INFO - [2022-04-13 09:20:21,019] {dag.py:2398} INFO - Sync 1 DAGs
[2022-04-13 09:20:21,045] {logging_mixin.py:109} INFO - [2022-04-13 09:20:21,045] {dag.py:2937} INFO - Setting next_dagrun for example_xcom to 2021-01-01T00:00:00+00:00
[2022-04-13 09:20:21,079] {processor.py:171} INFO - Processing /home/airflow/.local/lib/python3.7/site-packages/airflow/example_dags/example_xcom.py took 0.636 seconds
[2022-04-13 09:20:51,710] {processor.py:163} INFO - Started process (PID=1628) to work on /home/airflow/.local/lib/python3.7/site-packages/airflow/example_dags/example_xcom.py
[2022-04-13 09:20:51,713] {processor.py:642} INFO - Processing file /home/airflow/.local/lib/python3.7/site-packages/airflow/example_dags/example_xcom.py for tasks to queue
[2022-04-13 09:20:51,714] {logging_mixin.py:109} INFO - [2022-04-13 09:20:51,714] {dagbag.py:500} INFO - Filling up the DagBag from /home/airflow/.local/lib/python3.7/site-packages/airflow/example_dags/example_xcom.py
[2022-04-13 09:20:51,746] {processor.py:652} INFO - DAG(s) dict_keys(['example_xcom']) retrieved from /home/airflow/.local/lib/python3.7/site-packages/airflow/example_dags/example_xcom.py
[2022-04-13 09:20:52,171] {logging_mixin.py:109} INFO - [2022-04-13 09:20:52,171] {dag.py:2398} INFO - Sync 1 DAGs
[2022-04-13 09:20:52,190] {logging_mixin.py:109} INFO - [2022-04-13 09:20:52,190] {dag.py:2937} INFO - Setting next_dagrun for example_xcom to 2021-01-01T00:00:00+00:00
[2022-04-13 09:20:52,219] {processor.py:171} INFO - Processing /home/airflow/.local/lib/python3.7/site-packages/airflow/example_dags/example_xcom.py took 0.518 seconds
[2022-04-13 09:21:22,857] {processor.py:163} INFO - Started process (PID=1679) to work on /home/airflow/.local/lib/python3.7/site-packages/airflow/example_dags/example_xcom.py
[2022-04-13 09:21:22,860] {processor.py:642} INFO - Processing file /home/airflow/.local/lib/python3.7/site-packages/airflow/example_dags/example_xcom.py for tasks to queue
[2022-04-13 09:21:22,861] {logging_mixin.py:109} INFO - [2022-04-13 09:21:22,861] {dagbag.py:500} INFO - Filling up the DagBag from /home/airflow/.local/lib/python3.7/site-packages/airflow/example_dags/example_xcom.py
[2022-04-13 09:21:22,907] {processor.py:652} INFO - DAG(s) dict_keys(['example_xcom']) retrieved from /home/airflow/.local/lib/python3.7/site-packages/airflow/example_dags/example_xcom.py
[2022-04-13 09:21:23,352] {logging_mixin.py:109} INFO - [2022-04-13 09:21:23,352] {dag.py:2398} INFO - Sync 1 DAGs
[2022-04-13 09:21:23,375] {logging_mixin.py:109} INFO - [2022-04-13 09:21:23,375] {dag.py:2937} INFO - Setting next_dagrun for example_xcom to 2021-01-01T00:00:00+00:00
[2022-04-13 09:21:23,395] {processor.py:171} INFO - Processing /home/airflow/.local/lib/python3.7/site-packages/airflow/example_dags/example_xcom.py took 0.542 seconds
[2022-04-13 09:21:53,918] {processor.py:163} INFO - Started process (PID=1739) to work on /home/airflow/.local/lib/python3.7/site-packages/airflow/example_dags/example_xcom.py
[2022-04-13 09:21:53,933] {processor.py:642} INFO - Processing file /home/airflow/.local/lib/python3.7/site-packages/airflow/example_dags/example_xcom.py for tasks to queue
[2022-04-13 09:21:53,934] {logging_mixin.py:109} INFO - [2022-04-13 09:21:53,934] {dagbag.py:500} INFO - Filling up the DagBag from /home/airflow/.local/lib/python3.7/site-packages/airflow/example_dags/example_xcom.py
[2022-04-13 09:21:53,971] {processor.py:652} INFO - DAG(s) dict_keys(['example_xcom']) retrieved from /home/airflow/.local/lib/python3.7/site-packages/airflow/example_dags/example_xcom.py
[2022-04-13 09:21:54,488] {logging_mixin.py:109} INFO - [2022-04-13 09:21:54,488] {dag.py:2398} INFO - Sync 1 DAGs
[2022-04-13 09:21:54,509] {logging_mixin.py:109} INFO - [2022-04-13 09:21:54,509] {dag.py:2937} INFO - Setting next_dagrun for example_xcom to 2021-01-01T00:00:00+00:00
[2022-04-13 09:21:54,537] {processor.py:171} INFO - Processing /home/airflow/.local/lib/python3.7/site-packages/airflow/example_dags/example_xcom.py took 0.622 seconds
[2022-04-13 09:22:25,312] {processor.py:163} INFO - Started process (PID=1791) to work on /home/airflow/.local/lib/python3.7/site-packages/airflow/example_dags/example_xcom.py
[2022-04-13 09:22:25,315] {processor.py:642} INFO - Processing file /home/airflow/.local/lib/python3.7/site-packages/airflow/example_dags/example_xcom.py for tasks to queue
[2022-04-13 09:22:25,316] {logging_mixin.py:109} INFO - [2022-04-13 09:22:25,316] {dagbag.py:500} INFO - Filling up the DagBag from /home/airflow/.local/lib/python3.7/site-packages/airflow/example_dags/example_xcom.py
[2022-04-13 09:22:25,357] {processor.py:652} INFO - DAG(s) dict_keys(['example_xcom']) retrieved from /home/airflow/.local/lib/python3.7/site-packages/airflow/example_dags/example_xcom.py
[2022-04-13 09:22:25,794] {logging_mixin.py:109} INFO - [2022-04-13 09:22:25,794] {dag.py:2398} INFO - Sync 1 DAGs
[2022-04-13 09:22:25,819] {logging_mixin.py:109} INFO - [2022-04-13 09:22:25,819] {dag.py:2937} INFO - Setting next_dagrun for example_xcom to 2021-01-01T00:00:00+00:00
[2022-04-13 09:22:25,844] {processor.py:171} INFO - Processing /home/airflow/.local/lib/python3.7/site-packages/airflow/example_dags/example_xcom.py took 0.540 seconds
[2022-04-13 09:22:56,627] {processor.py:163} INFO - Started process (PID=1843) to work on /home/airflow/.local/lib/python3.7/site-packages/airflow/example_dags/example_xcom.py
[2022-04-13 09:22:56,638] {processor.py:642} INFO - Processing file /home/airflow/.local/lib/python3.7/site-packages/airflow/example_dags/example_xcom.py for tasks to queue
[2022-04-13 09:22:56,639] {logging_mixin.py:109} INFO - [2022-04-13 09:22:56,639] {dagbag.py:500} INFO - Filling up the DagBag from /home/airflow/.local/lib/python3.7/site-packages/airflow/example_dags/example_xcom.py
[2022-04-13 09:22:56,670] {processor.py:652} INFO - DAG(s) dict_keys(['example_xcom']) retrieved from /home/airflow/.local/lib/python3.7/site-packages/airflow/example_dags/example_xcom.py
[2022-04-13 09:22:57,263] {logging_mixin.py:109} INFO - [2022-04-13 09:22:57,262] {dag.py:2398} INFO - Sync 1 DAGs
[2022-04-13 09:22:57,292] {logging_mixin.py:109} INFO - [2022-04-13 09:22:57,292] {dag.py:2937} INFO - Setting next_dagrun for example_xcom to 2021-01-01T00:00:00+00:00
[2022-04-13 09:22:57,309] {processor.py:171} INFO - Processing /home/airflow/.local/lib/python3.7/site-packages/airflow/example_dags/example_xcom.py took 0.688 seconds
[2022-04-13 09:23:28,009] {processor.py:163} INFO - Started process (PID=1905) to work on /home/airflow/.local/lib/python3.7/site-packages/airflow/example_dags/example_xcom.py
[2022-04-13 09:23:28,010] {processor.py:642} INFO - Processing file /home/airflow/.local/lib/python3.7/site-packages/airflow/example_dags/example_xcom.py for tasks to queue
[2022-04-13 09:23:28,011] {logging_mixin.py:109} INFO - [2022-04-13 09:23:28,010] {dagbag.py:500} INFO - Filling up the DagBag from /home/airflow/.local/lib/python3.7/site-packages/airflow/example_dags/example_xcom.py
[2022-04-13 09:23:28,034] {processor.py:652} INFO - DAG(s) dict_keys(['example_xcom']) retrieved from /home/airflow/.local/lib/python3.7/site-packages/airflow/example_dags/example_xcom.py
[2022-04-13 09:23:28,526] {logging_mixin.py:109} INFO - [2022-04-13 09:23:28,526] {dag.py:2398} INFO - Sync 1 DAGs
[2022-04-13 09:23:28,549] {logging_mixin.py:109} INFO - [2022-04-13 09:23:28,548] {dag.py:2937} INFO - Setting next_dagrun for example_xcom to 2021-01-01T00:00:00+00:00
[2022-04-13 09:23:28,568] {processor.py:171} INFO - Processing /home/airflow/.local/lib/python3.7/site-packages/airflow/example_dags/example_xcom.py took 0.563 seconds
[2022-04-13 09:23:58,652] {processor.py:163} INFO - Started process (PID=1955) to work on /home/airflow/.local/lib/python3.7/site-packages/airflow/example_dags/example_xcom.py
[2022-04-13 09:23:58,663] {processor.py:642} INFO - Processing file /home/airflow/.local/lib/python3.7/site-packages/airflow/example_dags/example_xcom.py for tasks to queue
[2022-04-13 09:23:58,664] {logging_mixin.py:109} INFO - [2022-04-13 09:23:58,663] {dagbag.py:500} INFO - Filling up the DagBag from /home/airflow/.local/lib/python3.7/site-packages/airflow/example_dags/example_xcom.py
[2022-04-13 09:23:58,689] {processor.py:652} INFO - DAG(s) dict_keys(['example_xcom']) retrieved from /home/airflow/.local/lib/python3.7/site-packages/airflow/example_dags/example_xcom.py
[2022-04-13 09:23:59,114] {logging_mixin.py:109} INFO - [2022-04-13 09:23:59,114] {dag.py:2398} INFO - Sync 1 DAGs
[2022-04-13 09:23:59,145] {logging_mixin.py:109} INFO - [2022-04-13 09:23:59,145] {dag.py:2937} INFO - Setting next_dagrun for example_xcom to 2021-01-01T00:00:00+00:00
[2022-04-13 09:23:59,169] {processor.py:171} INFO - Processing /home/airflow/.local/lib/python3.7/site-packages/airflow/example_dags/example_xcom.py took 0.521 seconds
[2022-04-13 09:24:29,935] {processor.py:163} INFO - Started process (PID=2006) to work on /home/airflow/.local/lib/python3.7/site-packages/airflow/example_dags/example_xcom.py
[2022-04-13 09:24:29,939] {processor.py:642} INFO - Processing file /home/airflow/.local/lib/python3.7/site-packages/airflow/example_dags/example_xcom.py for tasks to queue
[2022-04-13 09:24:29,941] {logging_mixin.py:109} INFO - [2022-04-13 09:24:29,941] {dagbag.py:500} INFO - Filling up the DagBag from /home/airflow/.local/lib/python3.7/site-packages/airflow/example_dags/example_xcom.py
[2022-04-13 09:24:29,980] {processor.py:652} INFO - DAG(s) dict_keys(['example_xcom']) retrieved from /home/airflow/.local/lib/python3.7/site-packages/airflow/example_dags/example_xcom.py
[2022-04-13 09:24:30,440] {logging_mixin.py:109} INFO - [2022-04-13 09:24:30,440] {dag.py:2398} INFO - Sync 1 DAGs
[2022-04-13 09:24:30,460] {logging_mixin.py:109} INFO - [2022-04-13 09:24:30,459] {dag.py:2937} INFO - Setting next_dagrun for example_xcom to 2021-01-01T00:00:00+00:00
[2022-04-13 09:24:30,487] {processor.py:171} INFO - Processing /home/airflow/.local/lib/python3.7/site-packages/airflow/example_dags/example_xcom.py took 0.568 seconds
[2022-04-13 09:25:01,337] {processor.py:163} INFO - Started process (PID=2068) to work on /home/airflow/.local/lib/python3.7/site-packages/airflow/example_dags/example_xcom.py
[2022-04-13 09:25:01,350] {processor.py:642} INFO - Processing file /home/airflow/.local/lib/python3.7/site-packages/airflow/example_dags/example_xcom.py for tasks to queue
[2022-04-13 09:25:01,352] {logging_mixin.py:109} INFO - [2022-04-13 09:25:01,351] {dagbag.py:500} INFO - Filling up the DagBag from /home/airflow/.local/lib/python3.7/site-packages/airflow/example_dags/example_xcom.py
[2022-04-13 09:25:01,388] {processor.py:652} INFO - DAG(s) dict_keys(['example_xcom']) retrieved from /home/airflow/.local/lib/python3.7/site-packages/airflow/example_dags/example_xcom.py
[2022-04-13 09:25:01,905] {logging_mixin.py:109} INFO - [2022-04-13 09:25:01,905] {dag.py:2398} INFO - Sync 1 DAGs
[2022-04-13 09:25:01,932] {logging_mixin.py:109} INFO - [2022-04-13 09:25:01,931] {dag.py:2937} INFO - Setting next_dagrun for example_xcom to 2021-01-01T00:00:00+00:00
[2022-04-13 09:25:01,949] {processor.py:171} INFO - Processing /home/airflow/.local/lib/python3.7/site-packages/airflow/example_dags/example_xcom.py took 0.619 seconds
[2022-04-13 09:25:32,113] {processor.py:163} INFO - Started process (PID=2118) to work on /home/airflow/.local/lib/python3.7/site-packages/airflow/example_dags/example_xcom.py
[2022-04-13 09:25:32,114] {processor.py:642} INFO - Processing file /home/airflow/.local/lib/python3.7/site-packages/airflow/example_dags/example_xcom.py for tasks to queue
[2022-04-13 09:25:32,115] {logging_mixin.py:109} INFO - [2022-04-13 09:25:32,115] {dagbag.py:500} INFO - Filling up the DagBag from /home/airflow/.local/lib/python3.7/site-packages/airflow/example_dags/example_xcom.py
[2022-04-13 09:25:32,152] {processor.py:652} INFO - DAG(s) dict_keys(['example_xcom']) retrieved from /home/airflow/.local/lib/python3.7/site-packages/airflow/example_dags/example_xcom.py
[2022-04-13 09:25:32,619] {logging_mixin.py:109} INFO - [2022-04-13 09:25:32,619] {dag.py:2398} INFO - Sync 1 DAGs
[2022-04-13 09:25:32,640] {logging_mixin.py:109} INFO - [2022-04-13 09:25:32,640] {dag.py:2937} INFO - Setting next_dagrun for example_xcom to 2021-01-01T00:00:00+00:00
[2022-04-13 09:25:32,658] {processor.py:171} INFO - Processing /home/airflow/.local/lib/python3.7/site-packages/airflow/example_dags/example_xcom.py took 0.548 seconds
[2022-04-13 09:26:03,037] {processor.py:163} INFO - Started process (PID=2169) to work on /home/airflow/.local/lib/python3.7/site-packages/airflow/example_dags/example_xcom.py
[2022-04-13 09:26:03,046] {processor.py:642} INFO - Processing file /home/airflow/.local/lib/python3.7/site-packages/airflow/example_dags/example_xcom.py for tasks to queue
[2022-04-13 09:26:03,047] {logging_mixin.py:109} INFO - [2022-04-13 09:26:03,047] {dagbag.py:500} INFO - Filling up the DagBag from /home/airflow/.local/lib/python3.7/site-packages/airflow/example_dags/example_xcom.py
[2022-04-13 09:26:03,083] {processor.py:652} INFO - DAG(s) dict_keys(['example_xcom']) retrieved from /home/airflow/.local/lib/python3.7/site-packages/airflow/example_dags/example_xcom.py
[2022-04-13 09:26:03,530] {logging_mixin.py:109} INFO - [2022-04-13 09:26:03,530] {dag.py:2398} INFO - Sync 1 DAGs
[2022-04-13 09:26:03,547] {logging_mixin.py:109} INFO - [2022-04-13 09:26:03,547] {dag.py:2937} INFO - Setting next_dagrun for example_xcom to 2021-01-01T00:00:00+00:00
[2022-04-13 09:26:03,561] {processor.py:171} INFO - Processing /home/airflow/.local/lib/python3.7/site-packages/airflow/example_dags/example_xcom.py took 0.528 seconds
