[2022-04-13 08:46:12,543] {processor.py:163} INFO - Started process (PID=40) to work on /home/airflow/.local/lib/python3.7/site-packages/airflow/example_dags/example_short_circuit_operator.py
[2022-04-13 08:46:12,545] {processor.py:642} INFO - Processing file /home/airflow/.local/lib/python3.7/site-packages/airflow/example_dags/example_short_circuit_operator.py for tasks to queue
[2022-04-13 08:46:12,546] {logging_mixin.py:109} INFO - [2022-04-13 08:46:12,545] {dagbag.py:500} INFO - Filling up the DagBag from /home/airflow/.local/lib/python3.7/site-packages/airflow/example_dags/example_short_circuit_operator.py
[2022-04-13 08:46:12,602] {processor.py:652} INFO - DAG(s) dict_keys(['example_short_circuit_operator']) retrieved from /home/airflow/.local/lib/python3.7/site-packages/airflow/example_dags/example_short_circuit_operator.py
[2022-04-13 08:46:18,962] {logging_mixin.py:109} INFO - [2022-04-13 08:46:18,962] {manager.py:496} INFO - Created Permission View: can read on DAG:example_short_circuit_operator
[2022-04-13 08:46:18,973] {logging_mixin.py:109} INFO - [2022-04-13 08:46:18,973] {manager.py:496} INFO - Created Permission View: can edit on DAG:example_short_circuit_operator
[2022-04-13 08:46:18,973] {logging_mixin.py:109} INFO - [2022-04-13 08:46:18,973] {dag.py:2398} INFO - Sync 1 DAGs
[2022-04-13 08:46:18,983] {logging_mixin.py:109} INFO - [2022-04-13 08:46:18,983] {dag.py:2417} INFO - Creating ORM DAG for example_short_circuit_operator
[2022-04-13 08:46:18,992] {logging_mixin.py:109} INFO - [2022-04-13 08:46:18,992] {dag.py:2937} INFO - Setting next_dagrun for example_short_circuit_operator to 2022-04-12T08:46:18.992060+00:00
[2022-04-13 08:46:19,006] {processor.py:171} INFO - Processing /home/airflow/.local/lib/python3.7/site-packages/airflow/example_dags/example_short_circuit_operator.py took 6.465 seconds
[2022-04-13 08:46:53,255] {processor.py:163} INFO - Started process (PID=461) to work on /home/airflow/.local/lib/python3.7/site-packages/airflow/example_dags/example_short_circuit_operator.py
[2022-04-13 08:46:53,257] {processor.py:642} INFO - Processing file /home/airflow/.local/lib/python3.7/site-packages/airflow/example_dags/example_short_circuit_operator.py for tasks to queue
[2022-04-13 08:46:53,257] {logging_mixin.py:109} INFO - [2022-04-13 08:46:53,257] {dagbag.py:500} INFO - Filling up the DagBag from /home/airflow/.local/lib/python3.7/site-packages/airflow/example_dags/example_short_circuit_operator.py
[2022-04-13 08:46:53,275] {processor.py:652} INFO - DAG(s) dict_keys(['example_short_circuit_operator']) retrieved from /home/airflow/.local/lib/python3.7/site-packages/airflow/example_dags/example_short_circuit_operator.py
[2022-04-13 08:46:53,296] {logging_mixin.py:109} INFO - [2022-04-13 08:46:53,296] {dag.py:2398} INFO - Sync 1 DAGs
[2022-04-13 08:46:53,314] {logging_mixin.py:109} INFO - [2022-04-13 08:46:53,314] {dag.py:2937} INFO - Setting next_dagrun for example_short_circuit_operator to 2022-04-12T08:46:53.314431+00:00
[2022-04-13 08:46:53,327] {processor.py:171} INFO - Processing /home/airflow/.local/lib/python3.7/site-packages/airflow/example_dags/example_short_circuit_operator.py took 0.075 seconds
[2022-04-13 08:47:23,573] {processor.py:163} INFO - Started process (PID=508) to work on /home/airflow/.local/lib/python3.7/site-packages/airflow/example_dags/example_short_circuit_operator.py
[2022-04-13 08:47:23,575] {processor.py:642} INFO - Processing file /home/airflow/.local/lib/python3.7/site-packages/airflow/example_dags/example_short_circuit_operator.py for tasks to queue
[2022-04-13 08:47:23,576] {logging_mixin.py:109} INFO - [2022-04-13 08:47:23,576] {dagbag.py:500} INFO - Filling up the DagBag from /home/airflow/.local/lib/python3.7/site-packages/airflow/example_dags/example_short_circuit_operator.py
[2022-04-13 08:47:23,614] {processor.py:652} INFO - DAG(s) dict_keys(['example_short_circuit_operator']) retrieved from /home/airflow/.local/lib/python3.7/site-packages/airflow/example_dags/example_short_circuit_operator.py
[2022-04-13 08:47:23,647] {logging_mixin.py:109} INFO - [2022-04-13 08:47:23,647] {dag.py:2398} INFO - Sync 1 DAGs
[2022-04-13 08:47:23,669] {logging_mixin.py:109} INFO - [2022-04-13 08:47:23,669] {dag.py:2937} INFO - Setting next_dagrun for example_short_circuit_operator to 2022-04-12T08:47:23.668988+00:00
[2022-04-13 08:47:23,688] {processor.py:171} INFO - Processing /home/airflow/.local/lib/python3.7/site-packages/airflow/example_dags/example_short_circuit_operator.py took 0.119 seconds
[2022-04-13 08:47:54,085] {processor.py:163} INFO - Started process (PID=559) to work on /home/airflow/.local/lib/python3.7/site-packages/airflow/example_dags/example_short_circuit_operator.py
[2022-04-13 08:47:54,086] {processor.py:642} INFO - Processing file /home/airflow/.local/lib/python3.7/site-packages/airflow/example_dags/example_short_circuit_operator.py for tasks to queue
[2022-04-13 08:47:54,087] {logging_mixin.py:109} INFO - [2022-04-13 08:47:54,087] {dagbag.py:500} INFO - Filling up the DagBag from /home/airflow/.local/lib/python3.7/site-packages/airflow/example_dags/example_short_circuit_operator.py
[2022-04-13 08:47:54,105] {processor.py:652} INFO - DAG(s) dict_keys(['example_short_circuit_operator']) retrieved from /home/airflow/.local/lib/python3.7/site-packages/airflow/example_dags/example_short_circuit_operator.py
[2022-04-13 08:47:54,127] {logging_mixin.py:109} INFO - [2022-04-13 08:47:54,127] {dag.py:2398} INFO - Sync 1 DAGs
[2022-04-13 08:47:54,146] {logging_mixin.py:109} INFO - [2022-04-13 08:47:54,146] {dag.py:2937} INFO - Setting next_dagrun for example_short_circuit_operator to 2022-04-12T08:47:54.146286+00:00
[2022-04-13 08:47:54,160] {processor.py:171} INFO - Processing /home/airflow/.local/lib/python3.7/site-packages/airflow/example_dags/example_short_circuit_operator.py took 0.077 seconds
[2022-04-13 08:48:24,514] {processor.py:163} INFO - Started process (PID=619) to work on /home/airflow/.local/lib/python3.7/site-packages/airflow/example_dags/example_short_circuit_operator.py
[2022-04-13 08:48:24,515] {processor.py:642} INFO - Processing file /home/airflow/.local/lib/python3.7/site-packages/airflow/example_dags/example_short_circuit_operator.py for tasks to queue
[2022-04-13 08:48:24,516] {logging_mixin.py:109} INFO - [2022-04-13 08:48:24,516] {dagbag.py:500} INFO - Filling up the DagBag from /home/airflow/.local/lib/python3.7/site-packages/airflow/example_dags/example_short_circuit_operator.py
[2022-04-13 08:48:24,537] {processor.py:652} INFO - DAG(s) dict_keys(['example_short_circuit_operator']) retrieved from /home/airflow/.local/lib/python3.7/site-packages/airflow/example_dags/example_short_circuit_operator.py
[2022-04-13 08:48:24,560] {logging_mixin.py:109} INFO - [2022-04-13 08:48:24,560] {dag.py:2398} INFO - Sync 1 DAGs
[2022-04-13 08:48:24,578] {logging_mixin.py:109} INFO - [2022-04-13 08:48:24,578] {dag.py:2937} INFO - Setting next_dagrun for example_short_circuit_operator to 2022-04-12T08:48:24.578444+00:00
[2022-04-13 08:48:24,590] {processor.py:171} INFO - Processing /home/airflow/.local/lib/python3.7/site-packages/airflow/example_dags/example_short_circuit_operator.py took 0.079 seconds
[2022-04-13 08:52:07,318] {processor.py:163} INFO - Started process (PID=38) to work on /home/airflow/.local/lib/python3.7/site-packages/airflow/example_dags/example_short_circuit_operator.py
[2022-04-13 08:52:07,352] {processor.py:642} INFO - Processing file /home/airflow/.local/lib/python3.7/site-packages/airflow/example_dags/example_short_circuit_operator.py for tasks to queue
[2022-04-13 08:52:07,353] {logging_mixin.py:109} INFO - [2022-04-13 08:52:07,353] {dagbag.py:500} INFO - Filling up the DagBag from /home/airflow/.local/lib/python3.7/site-packages/airflow/example_dags/example_short_circuit_operator.py
[2022-04-13 08:52:07,468] {processor.py:652} INFO - DAG(s) dict_keys(['example_short_circuit_operator']) retrieved from /home/airflow/.local/lib/python3.7/site-packages/airflow/example_dags/example_short_circuit_operator.py
[2022-04-13 08:52:07,608] {logging_mixin.py:109} INFO - [2022-04-13 08:52:07,608] {dag.py:2398} INFO - Sync 1 DAGs
[2022-04-13 08:52:07,714] {logging_mixin.py:109} INFO - [2022-04-13 08:52:07,714] {dag.py:2937} INFO - Setting next_dagrun for example_short_circuit_operator to 2022-04-12T08:52:07.713844+00:00
[2022-04-13 08:52:07,790] {processor.py:171} INFO - Processing /home/airflow/.local/lib/python3.7/site-packages/airflow/example_dags/example_short_circuit_operator.py took 0.478 seconds
[2022-04-13 08:54:25,411] {processor.py:163} INFO - Started process (PID=42) to work on /home/airflow/.local/lib/python3.7/site-packages/airflow/example_dags/example_short_circuit_operator.py
[2022-04-13 08:54:25,414] {processor.py:642} INFO - Processing file /home/airflow/.local/lib/python3.7/site-packages/airflow/example_dags/example_short_circuit_operator.py for tasks to queue
[2022-04-13 08:54:25,415] {logging_mixin.py:109} INFO - [2022-04-13 08:54:25,414] {dagbag.py:500} INFO - Filling up the DagBag from /home/airflow/.local/lib/python3.7/site-packages/airflow/example_dags/example_short_circuit_operator.py
[2022-04-13 08:54:25,461] {processor.py:652} INFO - DAG(s) dict_keys(['example_short_circuit_operator']) retrieved from /home/airflow/.local/lib/python3.7/site-packages/airflow/example_dags/example_short_circuit_operator.py
[2022-04-13 08:54:25,486] {logging_mixin.py:109} INFO - [2022-04-13 08:54:25,486] {dag.py:2398} INFO - Sync 1 DAGs
[2022-04-13 08:54:25,514] {logging_mixin.py:109} INFO - [2022-04-13 08:54:25,514] {dag.py:2937} INFO - Setting next_dagrun for example_short_circuit_operator to 2022-04-12T08:54:25.513723+00:00
[2022-04-13 08:54:25,542] {processor.py:171} INFO - Processing /home/airflow/.local/lib/python3.7/site-packages/airflow/example_dags/example_short_circuit_operator.py took 0.137 seconds
[2022-04-13 08:54:55,784] {processor.py:163} INFO - Started process (PID=94) to work on /home/airflow/.local/lib/python3.7/site-packages/airflow/example_dags/example_short_circuit_operator.py
[2022-04-13 08:54:55,785] {processor.py:642} INFO - Processing file /home/airflow/.local/lib/python3.7/site-packages/airflow/example_dags/example_short_circuit_operator.py for tasks to queue
[2022-04-13 08:54:55,786] {logging_mixin.py:109} INFO - [2022-04-13 08:54:55,786] {dagbag.py:500} INFO - Filling up the DagBag from /home/airflow/.local/lib/python3.7/site-packages/airflow/example_dags/example_short_circuit_operator.py
[2022-04-13 08:54:55,803] {processor.py:652} INFO - DAG(s) dict_keys(['example_short_circuit_operator']) retrieved from /home/airflow/.local/lib/python3.7/site-packages/airflow/example_dags/example_short_circuit_operator.py
[2022-04-13 08:54:55,827] {logging_mixin.py:109} INFO - [2022-04-13 08:54:55,827] {dag.py:2398} INFO - Sync 1 DAGs
[2022-04-13 08:54:55,845] {logging_mixin.py:109} INFO - [2022-04-13 08:54:55,844] {dag.py:2937} INFO - Setting next_dagrun for example_short_circuit_operator to 2022-04-12T08:54:55.844748+00:00
[2022-04-13 08:54:55,860] {processor.py:171} INFO - Processing /home/airflow/.local/lib/python3.7/site-packages/airflow/example_dags/example_short_circuit_operator.py took 0.079 seconds
[2022-04-13 08:55:26,094] {processor.py:163} INFO - Started process (PID=154) to work on /home/airflow/.local/lib/python3.7/site-packages/airflow/example_dags/example_short_circuit_operator.py
[2022-04-13 08:55:26,095] {processor.py:642} INFO - Processing file /home/airflow/.local/lib/python3.7/site-packages/airflow/example_dags/example_short_circuit_operator.py for tasks to queue
[2022-04-13 08:55:26,095] {logging_mixin.py:109} INFO - [2022-04-13 08:55:26,095] {dagbag.py:500} INFO - Filling up the DagBag from /home/airflow/.local/lib/python3.7/site-packages/airflow/example_dags/example_short_circuit_operator.py
[2022-04-13 08:55:26,116] {processor.py:652} INFO - DAG(s) dict_keys(['example_short_circuit_operator']) retrieved from /home/airflow/.local/lib/python3.7/site-packages/airflow/example_dags/example_short_circuit_operator.py
[2022-04-13 08:55:26,140] {logging_mixin.py:109} INFO - [2022-04-13 08:55:26,140] {dag.py:2398} INFO - Sync 1 DAGs
[2022-04-13 08:55:26,175] {logging_mixin.py:109} INFO - [2022-04-13 08:55:26,175] {dag.py:2937} INFO - Setting next_dagrun for example_short_circuit_operator to 2022-04-12T08:55:26.174967+00:00
[2022-04-13 08:55:26,194] {processor.py:171} INFO - Processing /home/airflow/.local/lib/python3.7/site-packages/airflow/example_dags/example_short_circuit_operator.py took 0.103 seconds
[2022-04-13 08:55:56,296] {processor.py:163} INFO - Started process (PID=206) to work on /home/airflow/.local/lib/python3.7/site-packages/airflow/example_dags/example_short_circuit_operator.py
[2022-04-13 08:55:56,301] {processor.py:642} INFO - Processing file /home/airflow/.local/lib/python3.7/site-packages/airflow/example_dags/example_short_circuit_operator.py for tasks to queue
[2022-04-13 08:55:56,301] {logging_mixin.py:109} INFO - [2022-04-13 08:55:56,301] {dagbag.py:500} INFO - Filling up the DagBag from /home/airflow/.local/lib/python3.7/site-packages/airflow/example_dags/example_short_circuit_operator.py
[2022-04-13 08:55:56,315] {processor.py:652} INFO - DAG(s) dict_keys(['example_short_circuit_operator']) retrieved from /home/airflow/.local/lib/python3.7/site-packages/airflow/example_dags/example_short_circuit_operator.py
[2022-04-13 08:55:56,338] {logging_mixin.py:109} INFO - [2022-04-13 08:55:56,337] {dag.py:2398} INFO - Sync 1 DAGs
[2022-04-13 08:55:56,356] {logging_mixin.py:109} INFO - [2022-04-13 08:55:56,355] {dag.py:2937} INFO - Setting next_dagrun for example_short_circuit_operator to 2022-04-12T08:55:56.355690+00:00
[2022-04-13 08:55:56,372] {processor.py:171} INFO - Processing /home/airflow/.local/lib/python3.7/site-packages/airflow/example_dags/example_short_circuit_operator.py took 0.078 seconds
[2022-04-13 08:56:26,716] {processor.py:163} INFO - Started process (PID=267) to work on /home/airflow/.local/lib/python3.7/site-packages/airflow/example_dags/example_short_circuit_operator.py
[2022-04-13 08:56:26,716] {processor.py:642} INFO - Processing file /home/airflow/.local/lib/python3.7/site-packages/airflow/example_dags/example_short_circuit_operator.py for tasks to queue
[2022-04-13 08:56:26,717] {logging_mixin.py:109} INFO - [2022-04-13 08:56:26,717] {dagbag.py:500} INFO - Filling up the DagBag from /home/airflow/.local/lib/python3.7/site-packages/airflow/example_dags/example_short_circuit_operator.py
[2022-04-13 08:56:26,727] {processor.py:652} INFO - DAG(s) dict_keys(['example_short_circuit_operator']) retrieved from /home/airflow/.local/lib/python3.7/site-packages/airflow/example_dags/example_short_circuit_operator.py
[2022-04-13 08:56:26,750] {logging_mixin.py:109} INFO - [2022-04-13 08:56:26,750] {dag.py:2398} INFO - Sync 1 DAGs
[2022-04-13 08:56:26,766] {logging_mixin.py:109} INFO - [2022-04-13 08:56:26,765] {dag.py:2937} INFO - Setting next_dagrun for example_short_circuit_operator to 2022-04-12T08:56:26.765418+00:00
[2022-04-13 08:56:26,776] {processor.py:171} INFO - Processing /home/airflow/.local/lib/python3.7/site-packages/airflow/example_dags/example_short_circuit_operator.py took 0.062 seconds
[2022-04-13 08:56:57,096] {processor.py:163} INFO - Started process (PID=318) to work on /home/airflow/.local/lib/python3.7/site-packages/airflow/example_dags/example_short_circuit_operator.py
[2022-04-13 08:56:57,097] {processor.py:642} INFO - Processing file /home/airflow/.local/lib/python3.7/site-packages/airflow/example_dags/example_short_circuit_operator.py for tasks to queue
[2022-04-13 08:56:57,097] {logging_mixin.py:109} INFO - [2022-04-13 08:56:57,097] {dagbag.py:500} INFO - Filling up the DagBag from /home/airflow/.local/lib/python3.7/site-packages/airflow/example_dags/example_short_circuit_operator.py
[2022-04-13 08:56:57,113] {processor.py:652} INFO - DAG(s) dict_keys(['example_short_circuit_operator']) retrieved from /home/airflow/.local/lib/python3.7/site-packages/airflow/example_dags/example_short_circuit_operator.py
[2022-04-13 08:56:57,137] {logging_mixin.py:109} INFO - [2022-04-13 08:56:57,137] {dag.py:2398} INFO - Sync 1 DAGs
[2022-04-13 08:56:57,158] {logging_mixin.py:109} INFO - [2022-04-13 08:56:57,158] {dag.py:2937} INFO - Setting next_dagrun for example_short_circuit_operator to 2022-04-12T08:56:57.157913+00:00
[2022-04-13 08:56:57,173] {processor.py:171} INFO - Processing /home/airflow/.local/lib/python3.7/site-packages/airflow/example_dags/example_short_circuit_operator.py took 0.080 seconds
[2022-04-13 08:57:27,356] {processor.py:163} INFO - Started process (PID=377) to work on /home/airflow/.local/lib/python3.7/site-packages/airflow/example_dags/example_short_circuit_operator.py
[2022-04-13 08:57:27,357] {processor.py:642} INFO - Processing file /home/airflow/.local/lib/python3.7/site-packages/airflow/example_dags/example_short_circuit_operator.py for tasks to queue
[2022-04-13 08:57:27,358] {logging_mixin.py:109} INFO - [2022-04-13 08:57:27,357] {dagbag.py:500} INFO - Filling up the DagBag from /home/airflow/.local/lib/python3.7/site-packages/airflow/example_dags/example_short_circuit_operator.py
[2022-04-13 08:57:27,380] {processor.py:652} INFO - DAG(s) dict_keys(['example_short_circuit_operator']) retrieved from /home/airflow/.local/lib/python3.7/site-packages/airflow/example_dags/example_short_circuit_operator.py
[2022-04-13 08:57:27,403] {logging_mixin.py:109} INFO - [2022-04-13 08:57:27,403] {dag.py:2398} INFO - Sync 1 DAGs
[2022-04-13 08:57:27,421] {logging_mixin.py:109} INFO - [2022-04-13 08:57:27,420] {dag.py:2937} INFO - Setting next_dagrun for example_short_circuit_operator to 2022-04-12T08:57:27.420740+00:00
[2022-04-13 08:57:27,434] {processor.py:171} INFO - Processing /home/airflow/.local/lib/python3.7/site-packages/airflow/example_dags/example_short_circuit_operator.py took 0.082 seconds
[2022-04-13 08:57:57,512] {processor.py:163} INFO - Started process (PID=428) to work on /home/airflow/.local/lib/python3.7/site-packages/airflow/example_dags/example_short_circuit_operator.py
[2022-04-13 08:57:57,514] {processor.py:642} INFO - Processing file /home/airflow/.local/lib/python3.7/site-packages/airflow/example_dags/example_short_circuit_operator.py for tasks to queue
[2022-04-13 08:57:57,514] {logging_mixin.py:109} INFO - [2022-04-13 08:57:57,514] {dagbag.py:500} INFO - Filling up the DagBag from /home/airflow/.local/lib/python3.7/site-packages/airflow/example_dags/example_short_circuit_operator.py
[2022-04-13 08:57:57,527] {processor.py:652} INFO - DAG(s) dict_keys(['example_short_circuit_operator']) retrieved from /home/airflow/.local/lib/python3.7/site-packages/airflow/example_dags/example_short_circuit_operator.py
[2022-04-13 08:57:57,549] {logging_mixin.py:109} INFO - [2022-04-13 08:57:57,549] {dag.py:2398} INFO - Sync 1 DAGs
[2022-04-13 08:57:57,568] {logging_mixin.py:109} INFO - [2022-04-13 08:57:57,568] {dag.py:2937} INFO - Setting next_dagrun for example_short_circuit_operator to 2022-04-12T08:57:57.568014+00:00
[2022-04-13 08:57:57,583] {processor.py:171} INFO - Processing /home/airflow/.local/lib/python3.7/site-packages/airflow/example_dags/example_short_circuit_operator.py took 0.073 seconds
[2022-04-13 08:58:27,790] {processor.py:163} INFO - Started process (PID=490) to work on /home/airflow/.local/lib/python3.7/site-packages/airflow/example_dags/example_short_circuit_operator.py
[2022-04-13 08:58:27,792] {processor.py:642} INFO - Processing file /home/airflow/.local/lib/python3.7/site-packages/airflow/example_dags/example_short_circuit_operator.py for tasks to queue
[2022-04-13 08:58:27,793] {logging_mixin.py:109} INFO - [2022-04-13 08:58:27,793] {dagbag.py:500} INFO - Filling up the DagBag from /home/airflow/.local/lib/python3.7/site-packages/airflow/example_dags/example_short_circuit_operator.py
[2022-04-13 08:58:27,811] {processor.py:652} INFO - DAG(s) dict_keys(['example_short_circuit_operator']) retrieved from /home/airflow/.local/lib/python3.7/site-packages/airflow/example_dags/example_short_circuit_operator.py
[2022-04-13 08:58:27,838] {logging_mixin.py:109} INFO - [2022-04-13 08:58:27,838] {dag.py:2398} INFO - Sync 1 DAGs
[2022-04-13 08:58:27,858] {logging_mixin.py:109} INFO - [2022-04-13 08:58:27,858] {dag.py:2937} INFO - Setting next_dagrun for example_short_circuit_operator to 2022-04-12T08:58:27.858176+00:00
[2022-04-13 08:58:27,872] {processor.py:171} INFO - Processing /home/airflow/.local/lib/python3.7/site-packages/airflow/example_dags/example_short_circuit_operator.py took 0.085 seconds
[2022-04-13 08:58:58,239] {processor.py:163} INFO - Started process (PID=541) to work on /home/airflow/.local/lib/python3.7/site-packages/airflow/example_dags/example_short_circuit_operator.py
[2022-04-13 08:58:58,248] {processor.py:642} INFO - Processing file /home/airflow/.local/lib/python3.7/site-packages/airflow/example_dags/example_short_circuit_operator.py for tasks to queue
[2022-04-13 08:58:58,249] {logging_mixin.py:109} INFO - [2022-04-13 08:58:58,249] {dagbag.py:500} INFO - Filling up the DagBag from /home/airflow/.local/lib/python3.7/site-packages/airflow/example_dags/example_short_circuit_operator.py
[2022-04-13 08:58:58,278] {processor.py:652} INFO - DAG(s) dict_keys(['example_short_circuit_operator']) retrieved from /home/airflow/.local/lib/python3.7/site-packages/airflow/example_dags/example_short_circuit_operator.py
[2022-04-13 08:58:58,321] {logging_mixin.py:109} INFO - [2022-04-13 08:58:58,321] {dag.py:2398} INFO - Sync 1 DAGs
[2022-04-13 08:58:58,357] {logging_mixin.py:109} INFO - [2022-04-13 08:58:58,357] {dag.py:2937} INFO - Setting next_dagrun for example_short_circuit_operator to 2022-04-12T08:58:58.357078+00:00
[2022-04-13 08:58:58,375] {processor.py:171} INFO - Processing /home/airflow/.local/lib/python3.7/site-packages/airflow/example_dags/example_short_circuit_operator.py took 0.142 seconds
[2022-04-13 08:59:28,477] {processor.py:163} INFO - Started process (PID=593) to work on /home/airflow/.local/lib/python3.7/site-packages/airflow/example_dags/example_short_circuit_operator.py
[2022-04-13 08:59:28,478] {processor.py:642} INFO - Processing file /home/airflow/.local/lib/python3.7/site-packages/airflow/example_dags/example_short_circuit_operator.py for tasks to queue
[2022-04-13 08:59:28,479] {logging_mixin.py:109} INFO - [2022-04-13 08:59:28,479] {dagbag.py:500} INFO - Filling up the DagBag from /home/airflow/.local/lib/python3.7/site-packages/airflow/example_dags/example_short_circuit_operator.py
[2022-04-13 08:59:28,506] {processor.py:652} INFO - DAG(s) dict_keys(['example_short_circuit_operator']) retrieved from /home/airflow/.local/lib/python3.7/site-packages/airflow/example_dags/example_short_circuit_operator.py
[2022-04-13 08:59:28,542] {logging_mixin.py:109} INFO - [2022-04-13 08:59:28,541] {dag.py:2398} INFO - Sync 1 DAGs
[2022-04-13 08:59:28,566] {logging_mixin.py:109} INFO - [2022-04-13 08:59:28,565] {dag.py:2937} INFO - Setting next_dagrun for example_short_circuit_operator to 2022-04-12T08:59:28.565483+00:00
[2022-04-13 08:59:28,589] {processor.py:171} INFO - Processing /home/airflow/.local/lib/python3.7/site-packages/airflow/example_dags/example_short_circuit_operator.py took 0.117 seconds
[2022-04-13 08:59:58,946] {processor.py:163} INFO - Started process (PID=653) to work on /home/airflow/.local/lib/python3.7/site-packages/airflow/example_dags/example_short_circuit_operator.py
[2022-04-13 08:59:58,949] {processor.py:642} INFO - Processing file /home/airflow/.local/lib/python3.7/site-packages/airflow/example_dags/example_short_circuit_operator.py for tasks to queue
[2022-04-13 08:59:58,950] {logging_mixin.py:109} INFO - [2022-04-13 08:59:58,950] {dagbag.py:500} INFO - Filling up the DagBag from /home/airflow/.local/lib/python3.7/site-packages/airflow/example_dags/example_short_circuit_operator.py
[2022-04-13 08:59:58,978] {processor.py:652} INFO - DAG(s) dict_keys(['example_short_circuit_operator']) retrieved from /home/airflow/.local/lib/python3.7/site-packages/airflow/example_dags/example_short_circuit_operator.py
[2022-04-13 08:59:59,013] {logging_mixin.py:109} INFO - [2022-04-13 08:59:59,013] {dag.py:2398} INFO - Sync 1 DAGs
[2022-04-13 08:59:59,042] {logging_mixin.py:109} INFO - [2022-04-13 08:59:59,042] {dag.py:2937} INFO - Setting next_dagrun for example_short_circuit_operator to 2022-04-12T08:59:59.042329+00:00
[2022-04-13 08:59:59,070] {processor.py:171} INFO - Processing /home/airflow/.local/lib/python3.7/site-packages/airflow/example_dags/example_short_circuit_operator.py took 0.128 seconds
[2022-04-13 09:00:29,603] {processor.py:163} INFO - Started process (PID=705) to work on /home/airflow/.local/lib/python3.7/site-packages/airflow/example_dags/example_short_circuit_operator.py
[2022-04-13 09:00:29,605] {processor.py:642} INFO - Processing file /home/airflow/.local/lib/python3.7/site-packages/airflow/example_dags/example_short_circuit_operator.py for tasks to queue
[2022-04-13 09:00:29,606] {logging_mixin.py:109} INFO - [2022-04-13 09:00:29,606] {dagbag.py:500} INFO - Filling up the DagBag from /home/airflow/.local/lib/python3.7/site-packages/airflow/example_dags/example_short_circuit_operator.py
[2022-04-13 09:00:29,635] {processor.py:652} INFO - DAG(s) dict_keys(['example_short_circuit_operator']) retrieved from /home/airflow/.local/lib/python3.7/site-packages/airflow/example_dags/example_short_circuit_operator.py
[2022-04-13 09:00:29,661] {logging_mixin.py:109} INFO - [2022-04-13 09:00:29,661] {dag.py:2398} INFO - Sync 1 DAGs
[2022-04-13 09:00:29,686] {logging_mixin.py:109} INFO - [2022-04-13 09:00:29,685] {dag.py:2937} INFO - Setting next_dagrun for example_short_circuit_operator to 2022-04-12T09:00:29.685627+00:00
[2022-04-13 09:00:29,699] {processor.py:171} INFO - Processing /home/airflow/.local/lib/python3.7/site-packages/airflow/example_dags/example_short_circuit_operator.py took 0.099 seconds
[2022-04-13 09:01:00,012] {processor.py:163} INFO - Started process (PID=755) to work on /home/airflow/.local/lib/python3.7/site-packages/airflow/example_dags/example_short_circuit_operator.py
[2022-04-13 09:01:00,025] {processor.py:642} INFO - Processing file /home/airflow/.local/lib/python3.7/site-packages/airflow/example_dags/example_short_circuit_operator.py for tasks to queue
[2022-04-13 09:01:00,026] {logging_mixin.py:109} INFO - [2022-04-13 09:01:00,026] {dagbag.py:500} INFO - Filling up the DagBag from /home/airflow/.local/lib/python3.7/site-packages/airflow/example_dags/example_short_circuit_operator.py
[2022-04-13 09:01:00,095] {processor.py:652} INFO - DAG(s) dict_keys(['example_short_circuit_operator']) retrieved from /home/airflow/.local/lib/python3.7/site-packages/airflow/example_dags/example_short_circuit_operator.py
[2022-04-13 09:01:00,129] {logging_mixin.py:109} INFO - [2022-04-13 09:01:00,129] {dag.py:2398} INFO - Sync 1 DAGs
[2022-04-13 09:01:00,156] {logging_mixin.py:109} INFO - [2022-04-13 09:01:00,156] {dag.py:2937} INFO - Setting next_dagrun for example_short_circuit_operator to 2022-04-12T09:01:00.156055+00:00
[2022-04-13 09:01:00,178] {processor.py:171} INFO - Processing /home/airflow/.local/lib/python3.7/site-packages/airflow/example_dags/example_short_circuit_operator.py took 0.181 seconds
[2022-04-13 09:01:30,510] {processor.py:163} INFO - Started process (PID=807) to work on /home/airflow/.local/lib/python3.7/site-packages/airflow/example_dags/example_short_circuit_operator.py
[2022-04-13 09:01:30,512] {processor.py:642} INFO - Processing file /home/airflow/.local/lib/python3.7/site-packages/airflow/example_dags/example_short_circuit_operator.py for tasks to queue
[2022-04-13 09:01:30,513] {logging_mixin.py:109} INFO - [2022-04-13 09:01:30,513] {dagbag.py:500} INFO - Filling up the DagBag from /home/airflow/.local/lib/python3.7/site-packages/airflow/example_dags/example_short_circuit_operator.py
[2022-04-13 09:01:30,546] {processor.py:652} INFO - DAG(s) dict_keys(['example_short_circuit_operator']) retrieved from /home/airflow/.local/lib/python3.7/site-packages/airflow/example_dags/example_short_circuit_operator.py
[2022-04-13 09:01:30,585] {logging_mixin.py:109} INFO - [2022-04-13 09:01:30,584] {dag.py:2398} INFO - Sync 1 DAGs
[2022-04-13 09:01:30,610] {logging_mixin.py:109} INFO - [2022-04-13 09:01:30,610] {dag.py:2937} INFO - Setting next_dagrun for example_short_circuit_operator to 2022-04-12T09:01:30.609861+00:00
[2022-04-13 09:01:30,629] {processor.py:171} INFO - Processing /home/airflow/.local/lib/python3.7/site-packages/airflow/example_dags/example_short_circuit_operator.py took 0.125 seconds
[2022-04-13 09:02:01,019] {processor.py:163} INFO - Started process (PID=868) to work on /home/airflow/.local/lib/python3.7/site-packages/airflow/example_dags/example_short_circuit_operator.py
[2022-04-13 09:02:01,022] {processor.py:642} INFO - Processing file /home/airflow/.local/lib/python3.7/site-packages/airflow/example_dags/example_short_circuit_operator.py for tasks to queue
[2022-04-13 09:02:01,023] {logging_mixin.py:109} INFO - [2022-04-13 09:02:01,023] {dagbag.py:500} INFO - Filling up the DagBag from /home/airflow/.local/lib/python3.7/site-packages/airflow/example_dags/example_short_circuit_operator.py
[2022-04-13 09:02:01,045] {processor.py:652} INFO - DAG(s) dict_keys(['example_short_circuit_operator']) retrieved from /home/airflow/.local/lib/python3.7/site-packages/airflow/example_dags/example_short_circuit_operator.py
[2022-04-13 09:02:01,077] {logging_mixin.py:109} INFO - [2022-04-13 09:02:01,076] {dag.py:2398} INFO - Sync 1 DAGs
[2022-04-13 09:02:01,107] {logging_mixin.py:109} INFO - [2022-04-13 09:02:01,106] {dag.py:2937} INFO - Setting next_dagrun for example_short_circuit_operator to 2022-04-12T09:02:01.106558+00:00
[2022-04-13 09:02:01,127] {processor.py:171} INFO - Processing /home/airflow/.local/lib/python3.7/site-packages/airflow/example_dags/example_short_circuit_operator.py took 0.111 seconds
[2022-04-13 09:02:31,256] {processor.py:163} INFO - Started process (PID=920) to work on /home/airflow/.local/lib/python3.7/site-packages/airflow/example_dags/example_short_circuit_operator.py
[2022-04-13 09:02:31,258] {processor.py:642} INFO - Processing file /home/airflow/.local/lib/python3.7/site-packages/airflow/example_dags/example_short_circuit_operator.py for tasks to queue
[2022-04-13 09:02:31,259] {logging_mixin.py:109} INFO - [2022-04-13 09:02:31,259] {dagbag.py:500} INFO - Filling up the DagBag from /home/airflow/.local/lib/python3.7/site-packages/airflow/example_dags/example_short_circuit_operator.py
[2022-04-13 09:02:31,284] {processor.py:652} INFO - DAG(s) dict_keys(['example_short_circuit_operator']) retrieved from /home/airflow/.local/lib/python3.7/site-packages/airflow/example_dags/example_short_circuit_operator.py
[2022-04-13 09:02:31,324] {logging_mixin.py:109} INFO - [2022-04-13 09:02:31,324] {dag.py:2398} INFO - Sync 1 DAGs
[2022-04-13 09:02:31,352] {logging_mixin.py:109} INFO - [2022-04-13 09:02:31,352] {dag.py:2937} INFO - Setting next_dagrun for example_short_circuit_operator to 2022-04-12T09:02:31.352204+00:00
[2022-04-13 09:02:31,379] {processor.py:171} INFO - Processing /home/airflow/.local/lib/python3.7/site-packages/airflow/example_dags/example_short_circuit_operator.py took 0.130 seconds
[2022-04-13 09:03:01,627] {processor.py:163} INFO - Started process (PID=971) to work on /home/airflow/.local/lib/python3.7/site-packages/airflow/example_dags/example_short_circuit_operator.py
[2022-04-13 09:03:01,630] {processor.py:642} INFO - Processing file /home/airflow/.local/lib/python3.7/site-packages/airflow/example_dags/example_short_circuit_operator.py for tasks to queue
[2022-04-13 09:03:01,632] {logging_mixin.py:109} INFO - [2022-04-13 09:03:01,632] {dagbag.py:500} INFO - Filling up the DagBag from /home/airflow/.local/lib/python3.7/site-packages/airflow/example_dags/example_short_circuit_operator.py
[2022-04-13 09:03:01,651] {processor.py:652} INFO - DAG(s) dict_keys(['example_short_circuit_operator']) retrieved from /home/airflow/.local/lib/python3.7/site-packages/airflow/example_dags/example_short_circuit_operator.py
[2022-04-13 09:03:01,684] {logging_mixin.py:109} INFO - [2022-04-13 09:03:01,684] {dag.py:2398} INFO - Sync 1 DAGs
[2022-04-13 09:03:01,708] {logging_mixin.py:109} INFO - [2022-04-13 09:03:01,708] {dag.py:2937} INFO - Setting next_dagrun for example_short_circuit_operator to 2022-04-12T09:03:01.708053+00:00
[2022-04-13 09:03:01,730] {processor.py:171} INFO - Processing /home/airflow/.local/lib/python3.7/site-packages/airflow/example_dags/example_short_circuit_operator.py took 0.109 seconds
[2022-04-13 09:05:50,296] {processor.py:163} INFO - Started process (PID=40) to work on /home/airflow/.local/lib/python3.7/site-packages/airflow/example_dags/example_short_circuit_operator.py
[2022-04-13 09:05:50,298] {processor.py:642} INFO - Processing file /home/airflow/.local/lib/python3.7/site-packages/airflow/example_dags/example_short_circuit_operator.py for tasks to queue
[2022-04-13 09:05:50,298] {logging_mixin.py:109} INFO - [2022-04-13 09:05:50,298] {dagbag.py:500} INFO - Filling up the DagBag from /home/airflow/.local/lib/python3.7/site-packages/airflow/example_dags/example_short_circuit_operator.py
[2022-04-13 09:05:50,336] {processor.py:652} INFO - DAG(s) dict_keys(['example_short_circuit_operator']) retrieved from /home/airflow/.local/lib/python3.7/site-packages/airflow/example_dags/example_short_circuit_operator.py
[2022-04-13 09:05:50,359] {logging_mixin.py:109} INFO - [2022-04-13 09:05:50,359] {dag.py:2398} INFO - Sync 1 DAGs
[2022-04-13 09:05:50,381] {logging_mixin.py:109} INFO - [2022-04-13 09:05:50,380] {dag.py:2937} INFO - Setting next_dagrun for example_short_circuit_operator to 2022-04-12T09:05:50.380591+00:00
[2022-04-13 09:05:50,395] {processor.py:171} INFO - Processing /home/airflow/.local/lib/python3.7/site-packages/airflow/example_dags/example_short_circuit_operator.py took 0.103 seconds
[2022-04-13 09:06:20,539] {processor.py:163} INFO - Started process (PID=91) to work on /home/airflow/.local/lib/python3.7/site-packages/airflow/example_dags/example_short_circuit_operator.py
[2022-04-13 09:06:20,540] {processor.py:642} INFO - Processing file /home/airflow/.local/lib/python3.7/site-packages/airflow/example_dags/example_short_circuit_operator.py for tasks to queue
[2022-04-13 09:06:20,541] {logging_mixin.py:109} INFO - [2022-04-13 09:06:20,541] {dagbag.py:500} INFO - Filling up the DagBag from /home/airflow/.local/lib/python3.7/site-packages/airflow/example_dags/example_short_circuit_operator.py
[2022-04-13 09:06:20,574] {processor.py:652} INFO - DAG(s) dict_keys(['example_short_circuit_operator']) retrieved from /home/airflow/.local/lib/python3.7/site-packages/airflow/example_dags/example_short_circuit_operator.py
[2022-04-13 09:06:20,605] {logging_mixin.py:109} INFO - [2022-04-13 09:06:20,605] {dag.py:2398} INFO - Sync 1 DAGs
[2022-04-13 09:06:20,629] {logging_mixin.py:109} INFO - [2022-04-13 09:06:20,629] {dag.py:2937} INFO - Setting next_dagrun for example_short_circuit_operator to 2022-04-12T09:06:20.628900+00:00
[2022-04-13 09:06:20,645] {processor.py:171} INFO - Processing /home/airflow/.local/lib/python3.7/site-packages/airflow/example_dags/example_short_circuit_operator.py took 0.108 seconds
[2022-04-13 09:06:51,145] {processor.py:163} INFO - Started process (PID=150) to work on /home/airflow/.local/lib/python3.7/site-packages/airflow/example_dags/example_short_circuit_operator.py
[2022-04-13 09:06:51,147] {processor.py:642} INFO - Processing file /home/airflow/.local/lib/python3.7/site-packages/airflow/example_dags/example_short_circuit_operator.py for tasks to queue
[2022-04-13 09:06:51,148] {logging_mixin.py:109} INFO - [2022-04-13 09:06:51,148] {dagbag.py:500} INFO - Filling up the DagBag from /home/airflow/.local/lib/python3.7/site-packages/airflow/example_dags/example_short_circuit_operator.py
[2022-04-13 09:06:51,173] {processor.py:652} INFO - DAG(s) dict_keys(['example_short_circuit_operator']) retrieved from /home/airflow/.local/lib/python3.7/site-packages/airflow/example_dags/example_short_circuit_operator.py
[2022-04-13 09:06:51,198] {logging_mixin.py:109} INFO - [2022-04-13 09:06:51,197] {dag.py:2398} INFO - Sync 1 DAGs
[2022-04-13 09:06:51,219] {logging_mixin.py:109} INFO - [2022-04-13 09:06:51,218] {dag.py:2937} INFO - Setting next_dagrun for example_short_circuit_operator to 2022-04-12T09:06:51.218680+00:00
[2022-04-13 09:06:51,229] {processor.py:171} INFO - Processing /home/airflow/.local/lib/python3.7/site-packages/airflow/example_dags/example_short_circuit_operator.py took 0.087 seconds
[2022-04-13 09:07:21,674] {processor.py:163} INFO - Started process (PID=203) to work on /home/airflow/.local/lib/python3.7/site-packages/airflow/example_dags/example_short_circuit_operator.py
[2022-04-13 09:07:21,675] {processor.py:642} INFO - Processing file /home/airflow/.local/lib/python3.7/site-packages/airflow/example_dags/example_short_circuit_operator.py for tasks to queue
[2022-04-13 09:07:21,676] {logging_mixin.py:109} INFO - [2022-04-13 09:07:21,676] {dagbag.py:500} INFO - Filling up the DagBag from /home/airflow/.local/lib/python3.7/site-packages/airflow/example_dags/example_short_circuit_operator.py
[2022-04-13 09:07:21,694] {processor.py:652} INFO - DAG(s) dict_keys(['example_short_circuit_operator']) retrieved from /home/airflow/.local/lib/python3.7/site-packages/airflow/example_dags/example_short_circuit_operator.py
[2022-04-13 09:07:21,718] {logging_mixin.py:109} INFO - [2022-04-13 09:07:21,717] {dag.py:2398} INFO - Sync 1 DAGs
[2022-04-13 09:07:21,738] {logging_mixin.py:109} INFO - [2022-04-13 09:07:21,738] {dag.py:2937} INFO - Setting next_dagrun for example_short_circuit_operator to 2022-04-12T09:07:21.738001+00:00
[2022-04-13 09:07:21,753] {processor.py:171} INFO - Processing /home/airflow/.local/lib/python3.7/site-packages/airflow/example_dags/example_short_circuit_operator.py took 0.082 seconds
[2022-04-13 09:07:52,380] {processor.py:163} INFO - Started process (PID=254) to work on /home/airflow/.local/lib/python3.7/site-packages/airflow/example_dags/example_short_circuit_operator.py
[2022-04-13 09:07:52,382] {processor.py:642} INFO - Processing file /home/airflow/.local/lib/python3.7/site-packages/airflow/example_dags/example_short_circuit_operator.py for tasks to queue
[2022-04-13 09:07:52,382] {logging_mixin.py:109} INFO - [2022-04-13 09:07:52,382] {dagbag.py:500} INFO - Filling up the DagBag from /home/airflow/.local/lib/python3.7/site-packages/airflow/example_dags/example_short_circuit_operator.py
[2022-04-13 09:07:52,401] {processor.py:652} INFO - DAG(s) dict_keys(['example_short_circuit_operator']) retrieved from /home/airflow/.local/lib/python3.7/site-packages/airflow/example_dags/example_short_circuit_operator.py
[2022-04-13 09:07:52,423] {logging_mixin.py:109} INFO - [2022-04-13 09:07:52,423] {dag.py:2398} INFO - Sync 1 DAGs
[2022-04-13 09:07:52,443] {logging_mixin.py:109} INFO - [2022-04-13 09:07:52,443] {dag.py:2937} INFO - Setting next_dagrun for example_short_circuit_operator to 2022-04-12T09:07:52.442800+00:00
[2022-04-13 09:07:52,459] {processor.py:171} INFO - Processing /home/airflow/.local/lib/python3.7/site-packages/airflow/example_dags/example_short_circuit_operator.py took 0.082 seconds
[2022-04-13 09:08:22,614] {processor.py:163} INFO - Started process (PID=315) to work on /home/airflow/.local/lib/python3.7/site-packages/airflow/example_dags/example_short_circuit_operator.py
[2022-04-13 09:08:22,616] {processor.py:642} INFO - Processing file /home/airflow/.local/lib/python3.7/site-packages/airflow/example_dags/example_short_circuit_operator.py for tasks to queue
[2022-04-13 09:08:22,616] {logging_mixin.py:109} INFO - [2022-04-13 09:08:22,616] {dagbag.py:500} INFO - Filling up the DagBag from /home/airflow/.local/lib/python3.7/site-packages/airflow/example_dags/example_short_circuit_operator.py
[2022-04-13 09:08:22,638] {processor.py:652} INFO - DAG(s) dict_keys(['example_short_circuit_operator']) retrieved from /home/airflow/.local/lib/python3.7/site-packages/airflow/example_dags/example_short_circuit_operator.py
[2022-04-13 09:08:22,664] {logging_mixin.py:109} INFO - [2022-04-13 09:08:22,664] {dag.py:2398} INFO - Sync 1 DAGs
[2022-04-13 09:08:22,686] {logging_mixin.py:109} INFO - [2022-04-13 09:08:22,686] {dag.py:2937} INFO - Setting next_dagrun for example_short_circuit_operator to 2022-04-12T09:08:22.686208+00:00
[2022-04-13 09:08:22,704] {processor.py:171} INFO - Processing /home/airflow/.local/lib/python3.7/site-packages/airflow/example_dags/example_short_circuit_operator.py took 0.093 seconds
[2022-04-13 09:08:53,383] {processor.py:163} INFO - Started process (PID=367) to work on /home/airflow/.local/lib/python3.7/site-packages/airflow/example_dags/example_short_circuit_operator.py
[2022-04-13 09:08:53,388] {processor.py:642} INFO - Processing file /home/airflow/.local/lib/python3.7/site-packages/airflow/example_dags/example_short_circuit_operator.py for tasks to queue
[2022-04-13 09:08:53,389] {logging_mixin.py:109} INFO - [2022-04-13 09:08:53,388] {dagbag.py:500} INFO - Filling up the DagBag from /home/airflow/.local/lib/python3.7/site-packages/airflow/example_dags/example_short_circuit_operator.py
[2022-04-13 09:08:53,408] {processor.py:652} INFO - DAG(s) dict_keys(['example_short_circuit_operator']) retrieved from /home/airflow/.local/lib/python3.7/site-packages/airflow/example_dags/example_short_circuit_operator.py
[2022-04-13 09:08:53,432] {logging_mixin.py:109} INFO - [2022-04-13 09:08:53,432] {dag.py:2398} INFO - Sync 1 DAGs
[2022-04-13 09:08:53,452] {logging_mixin.py:109} INFO - [2022-04-13 09:08:53,452] {dag.py:2937} INFO - Setting next_dagrun for example_short_circuit_operator to 2022-04-12T09:08:53.452395+00:00
[2022-04-13 09:08:53,472] {processor.py:171} INFO - Processing /home/airflow/.local/lib/python3.7/site-packages/airflow/example_dags/example_short_circuit_operator.py took 0.091 seconds
[2022-04-13 09:09:23,779] {processor.py:163} INFO - Started process (PID=419) to work on /home/airflow/.local/lib/python3.7/site-packages/airflow/example_dags/example_short_circuit_operator.py
[2022-04-13 09:09:23,780] {processor.py:642} INFO - Processing file /home/airflow/.local/lib/python3.7/site-packages/airflow/example_dags/example_short_circuit_operator.py for tasks to queue
[2022-04-13 09:09:23,780] {logging_mixin.py:109} INFO - [2022-04-13 09:09:23,780] {dagbag.py:500} INFO - Filling up the DagBag from /home/airflow/.local/lib/python3.7/site-packages/airflow/example_dags/example_short_circuit_operator.py
[2022-04-13 09:09:23,803] {processor.py:652} INFO - DAG(s) dict_keys(['example_short_circuit_operator']) retrieved from /home/airflow/.local/lib/python3.7/site-packages/airflow/example_dags/example_short_circuit_operator.py
[2022-04-13 09:09:23,834] {logging_mixin.py:109} INFO - [2022-04-13 09:09:23,834] {dag.py:2398} INFO - Sync 1 DAGs
[2022-04-13 09:09:23,858] {logging_mixin.py:109} INFO - [2022-04-13 09:09:23,858] {dag.py:2937} INFO - Setting next_dagrun for example_short_circuit_operator to 2022-04-12T09:09:23.857957+00:00
[2022-04-13 09:09:23,872] {processor.py:171} INFO - Processing /home/airflow/.local/lib/python3.7/site-packages/airflow/example_dags/example_short_circuit_operator.py took 0.097 seconds
[2022-04-13 09:09:53,992] {processor.py:163} INFO - Started process (PID=479) to work on /home/airflow/.local/lib/python3.7/site-packages/airflow/example_dags/example_short_circuit_operator.py
[2022-04-13 09:09:53,994] {processor.py:642} INFO - Processing file /home/airflow/.local/lib/python3.7/site-packages/airflow/example_dags/example_short_circuit_operator.py for tasks to queue
[2022-04-13 09:09:53,995] {logging_mixin.py:109} INFO - [2022-04-13 09:09:53,995] {dagbag.py:500} INFO - Filling up the DagBag from /home/airflow/.local/lib/python3.7/site-packages/airflow/example_dags/example_short_circuit_operator.py
[2022-04-13 09:09:54,020] {processor.py:652} INFO - DAG(s) dict_keys(['example_short_circuit_operator']) retrieved from /home/airflow/.local/lib/python3.7/site-packages/airflow/example_dags/example_short_circuit_operator.py
[2022-04-13 09:09:54,051] {logging_mixin.py:109} INFO - [2022-04-13 09:09:54,051] {dag.py:2398} INFO - Sync 1 DAGs
[2022-04-13 09:09:54,074] {logging_mixin.py:109} INFO - [2022-04-13 09:09:54,074] {dag.py:2937} INFO - Setting next_dagrun for example_short_circuit_operator to 2022-04-12T09:09:54.073897+00:00
[2022-04-13 09:09:54,098] {processor.py:171} INFO - Processing /home/airflow/.local/lib/python3.7/site-packages/airflow/example_dags/example_short_circuit_operator.py took 0.109 seconds
[2022-04-13 09:10:24,315] {processor.py:163} INFO - Started process (PID=529) to work on /home/airflow/.local/lib/python3.7/site-packages/airflow/example_dags/example_short_circuit_operator.py
[2022-04-13 09:10:24,317] {processor.py:642} INFO - Processing file /home/airflow/.local/lib/python3.7/site-packages/airflow/example_dags/example_short_circuit_operator.py for tasks to queue
[2022-04-13 09:10:24,318] {logging_mixin.py:109} INFO - [2022-04-13 09:10:24,318] {dagbag.py:500} INFO - Filling up the DagBag from /home/airflow/.local/lib/python3.7/site-packages/airflow/example_dags/example_short_circuit_operator.py
[2022-04-13 09:10:24,335] {processor.py:652} INFO - DAG(s) dict_keys(['example_short_circuit_operator']) retrieved from /home/airflow/.local/lib/python3.7/site-packages/airflow/example_dags/example_short_circuit_operator.py
[2022-04-13 09:10:24,363] {logging_mixin.py:109} INFO - [2022-04-13 09:10:24,363] {dag.py:2398} INFO - Sync 1 DAGs
[2022-04-13 09:10:24,386] {logging_mixin.py:109} INFO - [2022-04-13 09:10:24,386] {dag.py:2937} INFO - Setting next_dagrun for example_short_circuit_operator to 2022-04-12T09:10:24.386149+00:00
[2022-04-13 09:10:24,404] {processor.py:171} INFO - Processing /home/airflow/.local/lib/python3.7/site-packages/airflow/example_dags/example_short_circuit_operator.py took 0.092 seconds
[2022-04-13 09:10:54,588] {processor.py:163} INFO - Started process (PID=581) to work on /home/airflow/.local/lib/python3.7/site-packages/airflow/example_dags/example_short_circuit_operator.py
[2022-04-13 09:10:54,589] {processor.py:642} INFO - Processing file /home/airflow/.local/lib/python3.7/site-packages/airflow/example_dags/example_short_circuit_operator.py for tasks to queue
[2022-04-13 09:10:54,589] {logging_mixin.py:109} INFO - [2022-04-13 09:10:54,589] {dagbag.py:500} INFO - Filling up the DagBag from /home/airflow/.local/lib/python3.7/site-packages/airflow/example_dags/example_short_circuit_operator.py
[2022-04-13 09:10:54,608] {processor.py:652} INFO - DAG(s) dict_keys(['example_short_circuit_operator']) retrieved from /home/airflow/.local/lib/python3.7/site-packages/airflow/example_dags/example_short_circuit_operator.py
[2022-04-13 09:10:54,634] {logging_mixin.py:109} INFO - [2022-04-13 09:10:54,634] {dag.py:2398} INFO - Sync 1 DAGs
[2022-04-13 09:10:54,654] {logging_mixin.py:109} INFO - [2022-04-13 09:10:54,654] {dag.py:2937} INFO - Setting next_dagrun for example_short_circuit_operator to 2022-04-12T09:10:54.654238+00:00
[2022-04-13 09:10:54,668] {processor.py:171} INFO - Processing /home/airflow/.local/lib/python3.7/site-packages/airflow/example_dags/example_short_circuit_operator.py took 0.083 seconds
[2022-04-13 09:11:25,249] {processor.py:163} INFO - Started process (PID=640) to work on /home/airflow/.local/lib/python3.7/site-packages/airflow/example_dags/example_short_circuit_operator.py
[2022-04-13 09:11:25,253] {processor.py:642} INFO - Processing file /home/airflow/.local/lib/python3.7/site-packages/airflow/example_dags/example_short_circuit_operator.py for tasks to queue
[2022-04-13 09:11:25,253] {logging_mixin.py:109} INFO - [2022-04-13 09:11:25,253] {dagbag.py:500} INFO - Filling up the DagBag from /home/airflow/.local/lib/python3.7/site-packages/airflow/example_dags/example_short_circuit_operator.py
[2022-04-13 09:11:25,270] {processor.py:652} INFO - DAG(s) dict_keys(['example_short_circuit_operator']) retrieved from /home/airflow/.local/lib/python3.7/site-packages/airflow/example_dags/example_short_circuit_operator.py
[2022-04-13 09:11:25,297] {logging_mixin.py:109} INFO - [2022-04-13 09:11:25,296] {dag.py:2398} INFO - Sync 1 DAGs
[2022-04-13 09:11:25,317] {logging_mixin.py:109} INFO - [2022-04-13 09:11:25,317] {dag.py:2937} INFO - Setting next_dagrun for example_short_circuit_operator to 2022-04-12T09:11:25.317183+00:00
[2022-04-13 09:11:25,342] {processor.py:171} INFO - Processing /home/airflow/.local/lib/python3.7/site-packages/airflow/example_dags/example_short_circuit_operator.py took 0.096 seconds
[2022-04-13 09:11:55,530] {processor.py:163} INFO - Started process (PID=691) to work on /home/airflow/.local/lib/python3.7/site-packages/airflow/example_dags/example_short_circuit_operator.py
[2022-04-13 09:11:55,531] {processor.py:642} INFO - Processing file /home/airflow/.local/lib/python3.7/site-packages/airflow/example_dags/example_short_circuit_operator.py for tasks to queue
[2022-04-13 09:11:55,531] {logging_mixin.py:109} INFO - [2022-04-13 09:11:55,531] {dagbag.py:500} INFO - Filling up the DagBag from /home/airflow/.local/lib/python3.7/site-packages/airflow/example_dags/example_short_circuit_operator.py
[2022-04-13 09:11:55,548] {processor.py:652} INFO - DAG(s) dict_keys(['example_short_circuit_operator']) retrieved from /home/airflow/.local/lib/python3.7/site-packages/airflow/example_dags/example_short_circuit_operator.py
[2022-04-13 09:11:55,574] {logging_mixin.py:109} INFO - [2022-04-13 09:11:55,573] {dag.py:2398} INFO - Sync 1 DAGs
[2022-04-13 09:11:55,594] {logging_mixin.py:109} INFO - [2022-04-13 09:11:55,594] {dag.py:2937} INFO - Setting next_dagrun for example_short_circuit_operator to 2022-04-12T09:11:55.594066+00:00
[2022-04-13 09:11:55,610] {processor.py:171} INFO - Processing /home/airflow/.local/lib/python3.7/site-packages/airflow/example_dags/example_short_circuit_operator.py took 0.083 seconds
[2022-04-13 09:12:25,687] {processor.py:163} INFO - Started process (PID=743) to work on /home/airflow/.local/lib/python3.7/site-packages/airflow/example_dags/example_short_circuit_operator.py
[2022-04-13 09:12:25,692] {processor.py:642} INFO - Processing file /home/airflow/.local/lib/python3.7/site-packages/airflow/example_dags/example_short_circuit_operator.py for tasks to queue
[2022-04-13 09:12:25,693] {logging_mixin.py:109} INFO - [2022-04-13 09:12:25,693] {dagbag.py:500} INFO - Filling up the DagBag from /home/airflow/.local/lib/python3.7/site-packages/airflow/example_dags/example_short_circuit_operator.py
[2022-04-13 09:12:25,715] {processor.py:652} INFO - DAG(s) dict_keys(['example_short_circuit_operator']) retrieved from /home/airflow/.local/lib/python3.7/site-packages/airflow/example_dags/example_short_circuit_operator.py
[2022-04-13 09:12:25,747] {logging_mixin.py:109} INFO - [2022-04-13 09:12:25,747] {dag.py:2398} INFO - Sync 1 DAGs
[2022-04-13 09:12:25,769] {logging_mixin.py:109} INFO - [2022-04-13 09:12:25,769] {dag.py:2937} INFO - Setting next_dagrun for example_short_circuit_operator to 2022-04-12T09:12:25.768858+00:00
[2022-04-13 09:12:25,789] {processor.py:171} INFO - Processing /home/airflow/.local/lib/python3.7/site-packages/airflow/example_dags/example_short_circuit_operator.py took 0.106 seconds
[2022-04-13 09:12:55,947] {processor.py:163} INFO - Started process (PID=803) to work on /home/airflow/.local/lib/python3.7/site-packages/airflow/example_dags/example_short_circuit_operator.py
[2022-04-13 09:12:55,948] {processor.py:642} INFO - Processing file /home/airflow/.local/lib/python3.7/site-packages/airflow/example_dags/example_short_circuit_operator.py for tasks to queue
[2022-04-13 09:12:55,949] {logging_mixin.py:109} INFO - [2022-04-13 09:12:55,949] {dagbag.py:500} INFO - Filling up the DagBag from /home/airflow/.local/lib/python3.7/site-packages/airflow/example_dags/example_short_circuit_operator.py
[2022-04-13 09:12:55,973] {processor.py:652} INFO - DAG(s) dict_keys(['example_short_circuit_operator']) retrieved from /home/airflow/.local/lib/python3.7/site-packages/airflow/example_dags/example_short_circuit_operator.py
[2022-04-13 09:12:56,002] {logging_mixin.py:109} INFO - [2022-04-13 09:12:56,002] {dag.py:2398} INFO - Sync 1 DAGs
[2022-04-13 09:12:56,025] {logging_mixin.py:109} INFO - [2022-04-13 09:12:56,025] {dag.py:2937} INFO - Setting next_dagrun for example_short_circuit_operator to 2022-04-12T09:12:56.025119+00:00
[2022-04-13 09:12:56,042] {processor.py:171} INFO - Processing /home/airflow/.local/lib/python3.7/site-packages/airflow/example_dags/example_short_circuit_operator.py took 0.099 seconds
[2022-04-13 09:13:26,229] {processor.py:163} INFO - Started process (PID=855) to work on /home/airflow/.local/lib/python3.7/site-packages/airflow/example_dags/example_short_circuit_operator.py
[2022-04-13 09:13:26,245] {processor.py:642} INFO - Processing file /home/airflow/.local/lib/python3.7/site-packages/airflow/example_dags/example_short_circuit_operator.py for tasks to queue
[2022-04-13 09:13:26,245] {logging_mixin.py:109} INFO - [2022-04-13 09:13:26,245] {dagbag.py:500} INFO - Filling up the DagBag from /home/airflow/.local/lib/python3.7/site-packages/airflow/example_dags/example_short_circuit_operator.py
[2022-04-13 09:13:26,267] {processor.py:652} INFO - DAG(s) dict_keys(['example_short_circuit_operator']) retrieved from /home/airflow/.local/lib/python3.7/site-packages/airflow/example_dags/example_short_circuit_operator.py
[2022-04-13 09:13:26,297] {logging_mixin.py:109} INFO - [2022-04-13 09:13:26,297] {dag.py:2398} INFO - Sync 1 DAGs
[2022-04-13 09:13:26,324] {logging_mixin.py:109} INFO - [2022-04-13 09:13:26,323] {dag.py:2937} INFO - Setting next_dagrun for example_short_circuit_operator to 2022-04-12T09:13:26.323416+00:00
[2022-04-13 09:13:26,346] {processor.py:171} INFO - Processing /home/airflow/.local/lib/python3.7/site-packages/airflow/example_dags/example_short_circuit_operator.py took 0.120 seconds
[2022-04-13 09:13:57,053] {processor.py:163} INFO - Started process (PID=905) to work on /home/airflow/.local/lib/python3.7/site-packages/airflow/example_dags/example_short_circuit_operator.py
[2022-04-13 09:13:57,057] {processor.py:642} INFO - Processing file /home/airflow/.local/lib/python3.7/site-packages/airflow/example_dags/example_short_circuit_operator.py for tasks to queue
[2022-04-13 09:13:57,058] {logging_mixin.py:109} INFO - [2022-04-13 09:13:57,058] {dagbag.py:500} INFO - Filling up the DagBag from /home/airflow/.local/lib/python3.7/site-packages/airflow/example_dags/example_short_circuit_operator.py
[2022-04-13 09:13:57,078] {processor.py:652} INFO - DAG(s) dict_keys(['example_short_circuit_operator']) retrieved from /home/airflow/.local/lib/python3.7/site-packages/airflow/example_dags/example_short_circuit_operator.py
[2022-04-13 09:13:57,105] {logging_mixin.py:109} INFO - [2022-04-13 09:13:57,105] {dag.py:2398} INFO - Sync 1 DAGs
[2022-04-13 09:13:57,131] {logging_mixin.py:109} INFO - [2022-04-13 09:13:57,131] {dag.py:2937} INFO - Setting next_dagrun for example_short_circuit_operator to 2022-04-12T09:13:57.130899+00:00
[2022-04-13 09:13:57,149] {processor.py:171} INFO - Processing /home/airflow/.local/lib/python3.7/site-packages/airflow/example_dags/example_short_circuit_operator.py took 0.099 seconds
[2022-04-13 09:14:27,312] {processor.py:163} INFO - Started process (PID=966) to work on /home/airflow/.local/lib/python3.7/site-packages/airflow/example_dags/example_short_circuit_operator.py
[2022-04-13 09:14:27,315] {processor.py:642} INFO - Processing file /home/airflow/.local/lib/python3.7/site-packages/airflow/example_dags/example_short_circuit_operator.py for tasks to queue
[2022-04-13 09:14:27,315] {logging_mixin.py:109} INFO - [2022-04-13 09:14:27,315] {dagbag.py:500} INFO - Filling up the DagBag from /home/airflow/.local/lib/python3.7/site-packages/airflow/example_dags/example_short_circuit_operator.py
[2022-04-13 09:14:27,335] {processor.py:652} INFO - DAG(s) dict_keys(['example_short_circuit_operator']) retrieved from /home/airflow/.local/lib/python3.7/site-packages/airflow/example_dags/example_short_circuit_operator.py
[2022-04-13 09:14:27,365] {logging_mixin.py:109} INFO - [2022-04-13 09:14:27,364] {dag.py:2398} INFO - Sync 1 DAGs
[2022-04-13 09:14:27,392] {logging_mixin.py:109} INFO - [2022-04-13 09:14:27,392] {dag.py:2937} INFO - Setting next_dagrun for example_short_circuit_operator to 2022-04-12T09:14:27.392018+00:00
[2022-04-13 09:14:27,409] {processor.py:171} INFO - Processing /home/airflow/.local/lib/python3.7/site-packages/airflow/example_dags/example_short_circuit_operator.py took 0.101 seconds
[2022-04-13 09:14:57,433] {processor.py:163} INFO - Started process (PID=1015) to work on /home/airflow/.local/lib/python3.7/site-packages/airflow/example_dags/example_short_circuit_operator.py
[2022-04-13 09:14:57,435] {processor.py:642} INFO - Processing file /home/airflow/.local/lib/python3.7/site-packages/airflow/example_dags/example_short_circuit_operator.py for tasks to queue
[2022-04-13 09:14:57,436] {logging_mixin.py:109} INFO - [2022-04-13 09:14:57,436] {dagbag.py:500} INFO - Filling up the DagBag from /home/airflow/.local/lib/python3.7/site-packages/airflow/example_dags/example_short_circuit_operator.py
[2022-04-13 09:14:57,457] {processor.py:652} INFO - DAG(s) dict_keys(['example_short_circuit_operator']) retrieved from /home/airflow/.local/lib/python3.7/site-packages/airflow/example_dags/example_short_circuit_operator.py
[2022-04-13 09:14:57,499] {logging_mixin.py:109} INFO - [2022-04-13 09:14:57,499] {dag.py:2398} INFO - Sync 1 DAGs
[2022-04-13 09:14:57,524] {logging_mixin.py:109} INFO - [2022-04-13 09:14:57,523] {dag.py:2937} INFO - Setting next_dagrun for example_short_circuit_operator to 2022-04-12T09:14:57.523712+00:00
[2022-04-13 09:14:57,543] {processor.py:171} INFO - Processing /home/airflow/.local/lib/python3.7/site-packages/airflow/example_dags/example_short_circuit_operator.py took 0.114 seconds
[2022-04-13 09:15:27,561] {processor.py:163} INFO - Started process (PID=1065) to work on /home/airflow/.local/lib/python3.7/site-packages/airflow/example_dags/example_short_circuit_operator.py
[2022-04-13 09:15:27,562] {processor.py:642} INFO - Processing file /home/airflow/.local/lib/python3.7/site-packages/airflow/example_dags/example_short_circuit_operator.py for tasks to queue
[2022-04-13 09:15:27,563] {logging_mixin.py:109} INFO - [2022-04-13 09:15:27,563] {dagbag.py:500} INFO - Filling up the DagBag from /home/airflow/.local/lib/python3.7/site-packages/airflow/example_dags/example_short_circuit_operator.py
[2022-04-13 09:15:27,584] {processor.py:652} INFO - DAG(s) dict_keys(['example_short_circuit_operator']) retrieved from /home/airflow/.local/lib/python3.7/site-packages/airflow/example_dags/example_short_circuit_operator.py
[2022-04-13 09:15:27,604] {logging_mixin.py:109} INFO - [2022-04-13 09:15:27,604] {dag.py:2398} INFO - Sync 1 DAGs
[2022-04-13 09:15:27,620] {logging_mixin.py:109} INFO - [2022-04-13 09:15:27,620] {dag.py:2937} INFO - Setting next_dagrun for example_short_circuit_operator to 2022-04-12T09:15:27.620353+00:00
[2022-04-13 09:15:27,632] {processor.py:171} INFO - Processing /home/airflow/.local/lib/python3.7/site-packages/airflow/example_dags/example_short_circuit_operator.py took 0.073 seconds
[2022-04-13 09:15:57,664] {processor.py:163} INFO - Started process (PID=1125) to work on /home/airflow/.local/lib/python3.7/site-packages/airflow/example_dags/example_short_circuit_operator.py
[2022-04-13 09:15:57,665] {processor.py:642} INFO - Processing file /home/airflow/.local/lib/python3.7/site-packages/airflow/example_dags/example_short_circuit_operator.py for tasks to queue
[2022-04-13 09:15:57,665] {logging_mixin.py:109} INFO - [2022-04-13 09:15:57,665] {dagbag.py:500} INFO - Filling up the DagBag from /home/airflow/.local/lib/python3.7/site-packages/airflow/example_dags/example_short_circuit_operator.py
[2022-04-13 09:15:57,685] {processor.py:652} INFO - DAG(s) dict_keys(['example_short_circuit_operator']) retrieved from /home/airflow/.local/lib/python3.7/site-packages/airflow/example_dags/example_short_circuit_operator.py
[2022-04-13 09:15:57,709] {logging_mixin.py:109} INFO - [2022-04-13 09:15:57,709] {dag.py:2398} INFO - Sync 1 DAGs
[2022-04-13 09:15:57,729] {logging_mixin.py:109} INFO - [2022-04-13 09:15:57,729] {dag.py:2937} INFO - Setting next_dagrun for example_short_circuit_operator to 2022-04-12T09:15:57.729257+00:00
[2022-04-13 09:15:57,744] {processor.py:171} INFO - Processing /home/airflow/.local/lib/python3.7/site-packages/airflow/example_dags/example_short_circuit_operator.py took 0.083 seconds
[2022-04-13 09:16:28,263] {processor.py:163} INFO - Started process (PID=1176) to work on /home/airflow/.local/lib/python3.7/site-packages/airflow/example_dags/example_short_circuit_operator.py
[2022-04-13 09:16:28,274] {processor.py:642} INFO - Processing file /home/airflow/.local/lib/python3.7/site-packages/airflow/example_dags/example_short_circuit_operator.py for tasks to queue
[2022-04-13 09:16:28,275] {logging_mixin.py:109} INFO - [2022-04-13 09:16:28,274] {dagbag.py:500} INFO - Filling up the DagBag from /home/airflow/.local/lib/python3.7/site-packages/airflow/example_dags/example_short_circuit_operator.py
[2022-04-13 09:16:28,299] {processor.py:652} INFO - DAG(s) dict_keys(['example_short_circuit_operator']) retrieved from /home/airflow/.local/lib/python3.7/site-packages/airflow/example_dags/example_short_circuit_operator.py
[2022-04-13 09:16:28,331] {logging_mixin.py:109} INFO - [2022-04-13 09:16:28,331] {dag.py:2398} INFO - Sync 1 DAGs
[2022-04-13 09:16:28,355] {logging_mixin.py:109} INFO - [2022-04-13 09:16:28,355] {dag.py:2937} INFO - Setting next_dagrun for example_short_circuit_operator to 2022-04-12T09:16:28.354629+00:00
[2022-04-13 09:16:28,371] {processor.py:171} INFO - Processing /home/airflow/.local/lib/python3.7/site-packages/airflow/example_dags/example_short_circuit_operator.py took 0.112 seconds
[2022-04-13 09:16:58,452] {processor.py:163} INFO - Started process (PID=1228) to work on /home/airflow/.local/lib/python3.7/site-packages/airflow/example_dags/example_short_circuit_operator.py
[2022-04-13 09:16:58,454] {processor.py:642} INFO - Processing file /home/airflow/.local/lib/python3.7/site-packages/airflow/example_dags/example_short_circuit_operator.py for tasks to queue
[2022-04-13 09:16:58,455] {logging_mixin.py:109} INFO - [2022-04-13 09:16:58,455] {dagbag.py:500} INFO - Filling up the DagBag from /home/airflow/.local/lib/python3.7/site-packages/airflow/example_dags/example_short_circuit_operator.py
[2022-04-13 09:16:58,475] {processor.py:652} INFO - DAG(s) dict_keys(['example_short_circuit_operator']) retrieved from /home/airflow/.local/lib/python3.7/site-packages/airflow/example_dags/example_short_circuit_operator.py
[2022-04-13 09:16:58,514] {logging_mixin.py:109} INFO - [2022-04-13 09:16:58,513] {dag.py:2398} INFO - Sync 1 DAGs
[2022-04-13 09:16:58,540] {logging_mixin.py:109} INFO - [2022-04-13 09:16:58,540] {dag.py:2937} INFO - Setting next_dagrun for example_short_circuit_operator to 2022-04-12T09:16:58.540139+00:00
[2022-04-13 09:16:58,557] {processor.py:171} INFO - Processing /home/airflow/.local/lib/python3.7/site-packages/airflow/example_dags/example_short_circuit_operator.py took 0.107 seconds
[2022-04-13 09:17:28,847] {processor.py:163} INFO - Started process (PID=1287) to work on /home/airflow/.local/lib/python3.7/site-packages/airflow/example_dags/example_short_circuit_operator.py
[2022-04-13 09:17:28,856] {processor.py:642} INFO - Processing file /home/airflow/.local/lib/python3.7/site-packages/airflow/example_dags/example_short_circuit_operator.py for tasks to queue
[2022-04-13 09:17:28,857] {logging_mixin.py:109} INFO - [2022-04-13 09:17:28,857] {dagbag.py:500} INFO - Filling up the DagBag from /home/airflow/.local/lib/python3.7/site-packages/airflow/example_dags/example_short_circuit_operator.py
[2022-04-13 09:17:28,877] {processor.py:652} INFO - DAG(s) dict_keys(['example_short_circuit_operator']) retrieved from /home/airflow/.local/lib/python3.7/site-packages/airflow/example_dags/example_short_circuit_operator.py
[2022-04-13 09:17:28,910] {logging_mixin.py:109} INFO - [2022-04-13 09:17:28,909] {dag.py:2398} INFO - Sync 1 DAGs
[2022-04-13 09:17:28,936] {logging_mixin.py:109} INFO - [2022-04-13 09:17:28,936] {dag.py:2937} INFO - Setting next_dagrun for example_short_circuit_operator to 2022-04-12T09:17:28.936189+00:00
[2022-04-13 09:17:28,955] {processor.py:171} INFO - Processing /home/airflow/.local/lib/python3.7/site-packages/airflow/example_dags/example_short_circuit_operator.py took 0.113 seconds
[2022-04-13 09:17:59,560] {processor.py:163} INFO - Started process (PID=1339) to work on /home/airflow/.local/lib/python3.7/site-packages/airflow/example_dags/example_short_circuit_operator.py
[2022-04-13 09:17:59,561] {processor.py:642} INFO - Processing file /home/airflow/.local/lib/python3.7/site-packages/airflow/example_dags/example_short_circuit_operator.py for tasks to queue
[2022-04-13 09:17:59,569] {logging_mixin.py:109} INFO - [2022-04-13 09:17:59,569] {dagbag.py:500} INFO - Filling up the DagBag from /home/airflow/.local/lib/python3.7/site-packages/airflow/example_dags/example_short_circuit_operator.py
[2022-04-13 09:17:59,597] {processor.py:652} INFO - DAG(s) dict_keys(['example_short_circuit_operator']) retrieved from /home/airflow/.local/lib/python3.7/site-packages/airflow/example_dags/example_short_circuit_operator.py
[2022-04-13 09:17:59,628] {logging_mixin.py:109} INFO - [2022-04-13 09:17:59,628] {dag.py:2398} INFO - Sync 1 DAGs
[2022-04-13 09:17:59,656] {logging_mixin.py:109} INFO - [2022-04-13 09:17:59,656] {dag.py:2937} INFO - Setting next_dagrun for example_short_circuit_operator to 2022-04-12T09:17:59.655981+00:00
[2022-04-13 09:17:59,673] {processor.py:171} INFO - Processing /home/airflow/.local/lib/python3.7/site-packages/airflow/example_dags/example_short_circuit_operator.py took 0.117 seconds
[2022-04-13 09:18:29,976] {processor.py:163} INFO - Started process (PID=1389) to work on /home/airflow/.local/lib/python3.7/site-packages/airflow/example_dags/example_short_circuit_operator.py
[2022-04-13 09:18:29,978] {processor.py:642} INFO - Processing file /home/airflow/.local/lib/python3.7/site-packages/airflow/example_dags/example_short_circuit_operator.py for tasks to queue
[2022-04-13 09:18:29,979] {logging_mixin.py:109} INFO - [2022-04-13 09:18:29,979] {dagbag.py:500} INFO - Filling up the DagBag from /home/airflow/.local/lib/python3.7/site-packages/airflow/example_dags/example_short_circuit_operator.py
[2022-04-13 09:18:29,997] {processor.py:652} INFO - DAG(s) dict_keys(['example_short_circuit_operator']) retrieved from /home/airflow/.local/lib/python3.7/site-packages/airflow/example_dags/example_short_circuit_operator.py
[2022-04-13 09:18:30,027] {logging_mixin.py:109} INFO - [2022-04-13 09:18:30,026] {dag.py:2398} INFO - Sync 1 DAGs
[2022-04-13 09:18:30,053] {logging_mixin.py:109} INFO - [2022-04-13 09:18:30,053] {dag.py:2937} INFO - Setting next_dagrun for example_short_circuit_operator to 2022-04-12T09:18:30.053455+00:00
[2022-04-13 09:18:30,070] {processor.py:171} INFO - Processing /home/airflow/.local/lib/python3.7/site-packages/airflow/example_dags/example_short_circuit_operator.py took 0.098 seconds
[2022-04-13 09:19:00,309] {processor.py:163} INFO - Started process (PID=1441) to work on /home/airflow/.local/lib/python3.7/site-packages/airflow/example_dags/example_short_circuit_operator.py
[2022-04-13 09:19:00,310] {processor.py:642} INFO - Processing file /home/airflow/.local/lib/python3.7/site-packages/airflow/example_dags/example_short_circuit_operator.py for tasks to queue
[2022-04-13 09:19:00,314] {logging_mixin.py:109} INFO - [2022-04-13 09:19:00,314] {dagbag.py:500} INFO - Filling up the DagBag from /home/airflow/.local/lib/python3.7/site-packages/airflow/example_dags/example_short_circuit_operator.py
[2022-04-13 09:19:00,332] {processor.py:652} INFO - DAG(s) dict_keys(['example_short_circuit_operator']) retrieved from /home/airflow/.local/lib/python3.7/site-packages/airflow/example_dags/example_short_circuit_operator.py
[2022-04-13 09:19:00,367] {logging_mixin.py:109} INFO - [2022-04-13 09:19:00,367] {dag.py:2398} INFO - Sync 1 DAGs
[2022-04-13 09:19:00,398] {logging_mixin.py:109} INFO - [2022-04-13 09:19:00,397] {dag.py:2937} INFO - Setting next_dagrun for example_short_circuit_operator to 2022-04-12T09:19:00.397477+00:00
[2022-04-13 09:19:00,418] {processor.py:171} INFO - Processing /home/airflow/.local/lib/python3.7/site-packages/airflow/example_dags/example_short_circuit_operator.py took 0.112 seconds
[2022-04-13 09:19:31,040] {processor.py:163} INFO - Started process (PID=1501) to work on /home/airflow/.local/lib/python3.7/site-packages/airflow/example_dags/example_short_circuit_operator.py
[2022-04-13 09:19:31,056] {processor.py:642} INFO - Processing file /home/airflow/.local/lib/python3.7/site-packages/airflow/example_dags/example_short_circuit_operator.py for tasks to queue
[2022-04-13 09:19:31,057] {logging_mixin.py:109} INFO - [2022-04-13 09:19:31,057] {dagbag.py:500} INFO - Filling up the DagBag from /home/airflow/.local/lib/python3.7/site-packages/airflow/example_dags/example_short_circuit_operator.py
[2022-04-13 09:19:31,078] {processor.py:652} INFO - DAG(s) dict_keys(['example_short_circuit_operator']) retrieved from /home/airflow/.local/lib/python3.7/site-packages/airflow/example_dags/example_short_circuit_operator.py
[2022-04-13 09:19:31,107] {logging_mixin.py:109} INFO - [2022-04-13 09:19:31,107] {dag.py:2398} INFO - Sync 1 DAGs
[2022-04-13 09:19:31,128] {logging_mixin.py:109} INFO - [2022-04-13 09:19:31,128] {dag.py:2937} INFO - Setting next_dagrun for example_short_circuit_operator to 2022-04-12T09:19:31.128090+00:00
[2022-04-13 09:19:31,144] {processor.py:171} INFO - Processing /home/airflow/.local/lib/python3.7/site-packages/airflow/example_dags/example_short_circuit_operator.py took 0.109 seconds
[2022-04-13 09:20:01,214] {processor.py:163} INFO - Started process (PID=1553) to work on /home/airflow/.local/lib/python3.7/site-packages/airflow/example_dags/example_short_circuit_operator.py
[2022-04-13 09:20:01,215] {processor.py:642} INFO - Processing file /home/airflow/.local/lib/python3.7/site-packages/airflow/example_dags/example_short_circuit_operator.py for tasks to queue
[2022-04-13 09:20:01,216] {logging_mixin.py:109} INFO - [2022-04-13 09:20:01,216] {dagbag.py:500} INFO - Filling up the DagBag from /home/airflow/.local/lib/python3.7/site-packages/airflow/example_dags/example_short_circuit_operator.py
[2022-04-13 09:20:01,253] {processor.py:652} INFO - DAG(s) dict_keys(['example_short_circuit_operator']) retrieved from /home/airflow/.local/lib/python3.7/site-packages/airflow/example_dags/example_short_circuit_operator.py
[2022-04-13 09:20:01,355] {logging_mixin.py:109} INFO - [2022-04-13 09:20:01,355] {dag.py:2398} INFO - Sync 1 DAGs
[2022-04-13 09:20:01,383] {logging_mixin.py:109} INFO - [2022-04-13 09:20:01,382] {dag.py:2937} INFO - Setting next_dagrun for example_short_circuit_operator to 2022-04-12T09:20:01.382752+00:00
[2022-04-13 09:20:01,397] {processor.py:171} INFO - Processing /home/airflow/.local/lib/python3.7/site-packages/airflow/example_dags/example_short_circuit_operator.py took 0.191 seconds
[2022-04-13 09:20:32,290] {processor.py:163} INFO - Started process (PID=1604) to work on /home/airflow/.local/lib/python3.7/site-packages/airflow/example_dags/example_short_circuit_operator.py
[2022-04-13 09:20:32,293] {processor.py:642} INFO - Processing file /home/airflow/.local/lib/python3.7/site-packages/airflow/example_dags/example_short_circuit_operator.py for tasks to queue
[2022-04-13 09:20:32,295] {logging_mixin.py:109} INFO - [2022-04-13 09:20:32,294] {dagbag.py:500} INFO - Filling up the DagBag from /home/airflow/.local/lib/python3.7/site-packages/airflow/example_dags/example_short_circuit_operator.py
[2022-04-13 09:20:32,318] {processor.py:652} INFO - DAG(s) dict_keys(['example_short_circuit_operator']) retrieved from /home/airflow/.local/lib/python3.7/site-packages/airflow/example_dags/example_short_circuit_operator.py
[2022-04-13 09:20:32,378] {logging_mixin.py:109} INFO - [2022-04-13 09:20:32,378] {dag.py:2398} INFO - Sync 1 DAGs
[2022-04-13 09:20:32,409] {logging_mixin.py:109} INFO - [2022-04-13 09:20:32,409] {dag.py:2937} INFO - Setting next_dagrun for example_short_circuit_operator to 2022-04-12T09:20:32.408845+00:00
[2022-04-13 09:20:32,425] {processor.py:171} INFO - Processing /home/airflow/.local/lib/python3.7/site-packages/airflow/example_dags/example_short_circuit_operator.py took 0.138 seconds
[2022-04-13 09:21:02,467] {processor.py:163} INFO - Started process (PID=1665) to work on /home/airflow/.local/lib/python3.7/site-packages/airflow/example_dags/example_short_circuit_operator.py
[2022-04-13 09:21:02,467] {processor.py:642} INFO - Processing file /home/airflow/.local/lib/python3.7/site-packages/airflow/example_dags/example_short_circuit_operator.py for tasks to queue
[2022-04-13 09:21:02,468] {logging_mixin.py:109} INFO - [2022-04-13 09:21:02,468] {dagbag.py:500} INFO - Filling up the DagBag from /home/airflow/.local/lib/python3.7/site-packages/airflow/example_dags/example_short_circuit_operator.py
[2022-04-13 09:21:02,486] {processor.py:652} INFO - DAG(s) dict_keys(['example_short_circuit_operator']) retrieved from /home/airflow/.local/lib/python3.7/site-packages/airflow/example_dags/example_short_circuit_operator.py
[2022-04-13 09:21:02,512] {logging_mixin.py:109} INFO - [2022-04-13 09:21:02,512] {dag.py:2398} INFO - Sync 1 DAGs
[2022-04-13 09:21:02,547] {logging_mixin.py:109} INFO - [2022-04-13 09:21:02,547] {dag.py:2937} INFO - Setting next_dagrun for example_short_circuit_operator to 2022-04-12T09:21:02.547201+00:00
[2022-04-13 09:21:02,569] {processor.py:171} INFO - Processing /home/airflow/.local/lib/python3.7/site-packages/airflow/example_dags/example_short_circuit_operator.py took 0.105 seconds
[2022-04-13 09:21:32,603] {processor.py:163} INFO - Started process (PID=1717) to work on /home/airflow/.local/lib/python3.7/site-packages/airflow/example_dags/example_short_circuit_operator.py
[2022-04-13 09:21:32,623] {processor.py:642} INFO - Processing file /home/airflow/.local/lib/python3.7/site-packages/airflow/example_dags/example_short_circuit_operator.py for tasks to queue
[2022-04-13 09:21:32,624] {logging_mixin.py:109} INFO - [2022-04-13 09:21:32,624] {dagbag.py:500} INFO - Filling up the DagBag from /home/airflow/.local/lib/python3.7/site-packages/airflow/example_dags/example_short_circuit_operator.py
[2022-04-13 09:21:32,643] {processor.py:652} INFO - DAG(s) dict_keys(['example_short_circuit_operator']) retrieved from /home/airflow/.local/lib/python3.7/site-packages/airflow/example_dags/example_short_circuit_operator.py
[2022-04-13 09:21:32,671] {logging_mixin.py:109} INFO - [2022-04-13 09:21:32,671] {dag.py:2398} INFO - Sync 1 DAGs
[2022-04-13 09:21:32,694] {logging_mixin.py:109} INFO - [2022-04-13 09:21:32,694] {dag.py:2937} INFO - Setting next_dagrun for example_short_circuit_operator to 2022-04-12T09:21:32.693765+00:00
[2022-04-13 09:21:32,709] {processor.py:171} INFO - Processing /home/airflow/.local/lib/python3.7/site-packages/airflow/example_dags/example_short_circuit_operator.py took 0.113 seconds
[2022-04-13 09:22:02,994] {processor.py:163} INFO - Started process (PID=1767) to work on /home/airflow/.local/lib/python3.7/site-packages/airflow/example_dags/example_short_circuit_operator.py
[2022-04-13 09:22:02,996] {processor.py:642} INFO - Processing file /home/airflow/.local/lib/python3.7/site-packages/airflow/example_dags/example_short_circuit_operator.py for tasks to queue
[2022-04-13 09:22:02,997] {logging_mixin.py:109} INFO - [2022-04-13 09:22:02,997] {dagbag.py:500} INFO - Filling up the DagBag from /home/airflow/.local/lib/python3.7/site-packages/airflow/example_dags/example_short_circuit_operator.py
[2022-04-13 09:22:03,035] {processor.py:652} INFO - DAG(s) dict_keys(['example_short_circuit_operator']) retrieved from /home/airflow/.local/lib/python3.7/site-packages/airflow/example_dags/example_short_circuit_operator.py
[2022-04-13 09:22:03,066] {logging_mixin.py:109} INFO - [2022-04-13 09:22:03,065] {dag.py:2398} INFO - Sync 1 DAGs
[2022-04-13 09:22:03,091] {logging_mixin.py:109} INFO - [2022-04-13 09:22:03,091] {dag.py:2937} INFO - Setting next_dagrun for example_short_circuit_operator to 2022-04-12T09:22:03.090847+00:00
[2022-04-13 09:22:03,107] {processor.py:171} INFO - Processing /home/airflow/.local/lib/python3.7/site-packages/airflow/example_dags/example_short_circuit_operator.py took 0.118 seconds
[2022-04-13 09:22:33,157] {processor.py:163} INFO - Started process (PID=1827) to work on /home/airflow/.local/lib/python3.7/site-packages/airflow/example_dags/example_short_circuit_operator.py
[2022-04-13 09:22:33,159] {processor.py:642} INFO - Processing file /home/airflow/.local/lib/python3.7/site-packages/airflow/example_dags/example_short_circuit_operator.py for tasks to queue
[2022-04-13 09:22:33,160] {logging_mixin.py:109} INFO - [2022-04-13 09:22:33,160] {dagbag.py:500} INFO - Filling up the DagBag from /home/airflow/.local/lib/python3.7/site-packages/airflow/example_dags/example_short_circuit_operator.py
[2022-04-13 09:22:33,191] {processor.py:652} INFO - DAG(s) dict_keys(['example_short_circuit_operator']) retrieved from /home/airflow/.local/lib/python3.7/site-packages/airflow/example_dags/example_short_circuit_operator.py
[2022-04-13 09:22:33,222] {logging_mixin.py:109} INFO - [2022-04-13 09:22:33,222] {dag.py:2398} INFO - Sync 1 DAGs
[2022-04-13 09:22:33,248] {logging_mixin.py:109} INFO - [2022-04-13 09:22:33,248] {dag.py:2937} INFO - Setting next_dagrun for example_short_circuit_operator to 2022-04-12T09:22:33.247809+00:00
[2022-04-13 09:22:33,266] {processor.py:171} INFO - Processing /home/airflow/.local/lib/python3.7/site-packages/airflow/example_dags/example_short_circuit_operator.py took 0.111 seconds
[2022-04-13 09:23:03,677] {processor.py:163} INFO - Started process (PID=1881) to work on /home/airflow/.local/lib/python3.7/site-packages/airflow/example_dags/example_short_circuit_operator.py
[2022-04-13 09:23:03,678] {processor.py:642} INFO - Processing file /home/airflow/.local/lib/python3.7/site-packages/airflow/example_dags/example_short_circuit_operator.py for tasks to queue
[2022-04-13 09:23:03,679] {logging_mixin.py:109} INFO - [2022-04-13 09:23:03,679] {dagbag.py:500} INFO - Filling up the DagBag from /home/airflow/.local/lib/python3.7/site-packages/airflow/example_dags/example_short_circuit_operator.py
[2022-04-13 09:23:03,705] {processor.py:652} INFO - DAG(s) dict_keys(['example_short_circuit_operator']) retrieved from /home/airflow/.local/lib/python3.7/site-packages/airflow/example_dags/example_short_circuit_operator.py
[2022-04-13 09:23:03,735] {logging_mixin.py:109} INFO - [2022-04-13 09:23:03,735] {dag.py:2398} INFO - Sync 1 DAGs
[2022-04-13 09:23:03,757] {logging_mixin.py:109} INFO - [2022-04-13 09:23:03,756] {dag.py:2937} INFO - Setting next_dagrun for example_short_circuit_operator to 2022-04-12T09:23:03.756643+00:00
[2022-04-13 09:23:03,771] {processor.py:171} INFO - Processing /home/airflow/.local/lib/python3.7/site-packages/airflow/example_dags/example_short_circuit_operator.py took 0.098 seconds
[2022-04-13 09:23:34,287] {processor.py:163} INFO - Started process (PID=1933) to work on /home/airflow/.local/lib/python3.7/site-packages/airflow/example_dags/example_short_circuit_operator.py
[2022-04-13 09:23:34,292] {processor.py:642} INFO - Processing file /home/airflow/.local/lib/python3.7/site-packages/airflow/example_dags/example_short_circuit_operator.py for tasks to queue
[2022-04-13 09:23:34,293] {logging_mixin.py:109} INFO - [2022-04-13 09:23:34,292] {dagbag.py:500} INFO - Filling up the DagBag from /home/airflow/.local/lib/python3.7/site-packages/airflow/example_dags/example_short_circuit_operator.py
[2022-04-13 09:23:34,318] {processor.py:652} INFO - DAG(s) dict_keys(['example_short_circuit_operator']) retrieved from /home/airflow/.local/lib/python3.7/site-packages/airflow/example_dags/example_short_circuit_operator.py
[2022-04-13 09:23:34,355] {logging_mixin.py:109} INFO - [2022-04-13 09:23:34,355] {dag.py:2398} INFO - Sync 1 DAGs
[2022-04-13 09:23:34,388] {logging_mixin.py:109} INFO - [2022-04-13 09:23:34,387] {dag.py:2937} INFO - Setting next_dagrun for example_short_circuit_operator to 2022-04-12T09:23:34.387466+00:00
[2022-04-13 09:23:34,408] {processor.py:171} INFO - Processing /home/airflow/.local/lib/python3.7/site-packages/airflow/example_dags/example_short_circuit_operator.py took 0.125 seconds
[2022-04-13 09:24:04,596] {processor.py:163} INFO - Started process (PID=1983) to work on /home/airflow/.local/lib/python3.7/site-packages/airflow/example_dags/example_short_circuit_operator.py
[2022-04-13 09:24:04,597] {processor.py:642} INFO - Processing file /home/airflow/.local/lib/python3.7/site-packages/airflow/example_dags/example_short_circuit_operator.py for tasks to queue
[2022-04-13 09:24:04,597] {logging_mixin.py:109} INFO - [2022-04-13 09:24:04,597] {dagbag.py:500} INFO - Filling up the DagBag from /home/airflow/.local/lib/python3.7/site-packages/airflow/example_dags/example_short_circuit_operator.py
[2022-04-13 09:24:04,613] {processor.py:652} INFO - DAG(s) dict_keys(['example_short_circuit_operator']) retrieved from /home/airflow/.local/lib/python3.7/site-packages/airflow/example_dags/example_short_circuit_operator.py
[2022-04-13 09:24:04,640] {logging_mixin.py:109} INFO - [2022-04-13 09:24:04,640] {dag.py:2398} INFO - Sync 1 DAGs
[2022-04-13 09:24:04,664] {logging_mixin.py:109} INFO - [2022-04-13 09:24:04,664] {dag.py:2937} INFO - Setting next_dagrun for example_short_circuit_operator to 2022-04-12T09:24:04.663989+00:00
[2022-04-13 09:24:04,682] {processor.py:171} INFO - Processing /home/airflow/.local/lib/python3.7/site-packages/airflow/example_dags/example_short_circuit_operator.py took 0.091 seconds
[2022-04-13 09:24:35,037] {processor.py:163} INFO - Started process (PID=2044) to work on /home/airflow/.local/lib/python3.7/site-packages/airflow/example_dags/example_short_circuit_operator.py
[2022-04-13 09:24:35,046] {processor.py:642} INFO - Processing file /home/airflow/.local/lib/python3.7/site-packages/airflow/example_dags/example_short_circuit_operator.py for tasks to queue
[2022-04-13 09:24:35,047] {logging_mixin.py:109} INFO - [2022-04-13 09:24:35,047] {dagbag.py:500} INFO - Filling up the DagBag from /home/airflow/.local/lib/python3.7/site-packages/airflow/example_dags/example_short_circuit_operator.py
[2022-04-13 09:24:35,071] {processor.py:652} INFO - DAG(s) dict_keys(['example_short_circuit_operator']) retrieved from /home/airflow/.local/lib/python3.7/site-packages/airflow/example_dags/example_short_circuit_operator.py
[2022-04-13 09:24:35,106] {logging_mixin.py:109} INFO - [2022-04-13 09:24:35,106] {dag.py:2398} INFO - Sync 1 DAGs
[2022-04-13 09:24:35,136] {logging_mixin.py:109} INFO - [2022-04-13 09:24:35,136] {dag.py:2937} INFO - Setting next_dagrun for example_short_circuit_operator to 2022-04-12T09:24:35.136210+00:00
[2022-04-13 09:24:35,157] {processor.py:171} INFO - Processing /home/airflow/.local/lib/python3.7/site-packages/airflow/example_dags/example_short_circuit_operator.py took 0.124 seconds
[2022-04-13 09:25:05,805] {processor.py:163} INFO - Started process (PID=2096) to work on /home/airflow/.local/lib/python3.7/site-packages/airflow/example_dags/example_short_circuit_operator.py
[2022-04-13 09:25:05,810] {processor.py:642} INFO - Processing file /home/airflow/.local/lib/python3.7/site-packages/airflow/example_dags/example_short_circuit_operator.py for tasks to queue
[2022-04-13 09:25:05,811] {logging_mixin.py:109} INFO - [2022-04-13 09:25:05,811] {dagbag.py:500} INFO - Filling up the DagBag from /home/airflow/.local/lib/python3.7/site-packages/airflow/example_dags/example_short_circuit_operator.py
[2022-04-13 09:25:05,864] {processor.py:652} INFO - DAG(s) dict_keys(['example_short_circuit_operator']) retrieved from /home/airflow/.local/lib/python3.7/site-packages/airflow/example_dags/example_short_circuit_operator.py
[2022-04-13 09:25:05,916] {logging_mixin.py:109} INFO - [2022-04-13 09:25:05,916] {dag.py:2398} INFO - Sync 1 DAGs
[2022-04-13 09:25:05,944] {logging_mixin.py:109} INFO - [2022-04-13 09:25:05,943] {dag.py:2937} INFO - Setting next_dagrun for example_short_circuit_operator to 2022-04-12T09:25:05.943460+00:00
[2022-04-13 09:25:05,965] {processor.py:171} INFO - Processing /home/airflow/.local/lib/python3.7/site-packages/airflow/example_dags/example_short_circuit_operator.py took 0.165 seconds
[2022-04-13 09:25:36,683] {processor.py:163} INFO - Started process (PID=2146) to work on /home/airflow/.local/lib/python3.7/site-packages/airflow/example_dags/example_short_circuit_operator.py
[2022-04-13 09:25:36,685] {processor.py:642} INFO - Processing file /home/airflow/.local/lib/python3.7/site-packages/airflow/example_dags/example_short_circuit_operator.py for tasks to queue
[2022-04-13 09:25:36,686] {logging_mixin.py:109} INFO - [2022-04-13 09:25:36,685] {dagbag.py:500} INFO - Filling up the DagBag from /home/airflow/.local/lib/python3.7/site-packages/airflow/example_dags/example_short_circuit_operator.py
[2022-04-13 09:25:36,707] {processor.py:652} INFO - DAG(s) dict_keys(['example_short_circuit_operator']) retrieved from /home/airflow/.local/lib/python3.7/site-packages/airflow/example_dags/example_short_circuit_operator.py
[2022-04-13 09:25:36,743] {logging_mixin.py:109} INFO - [2022-04-13 09:25:36,743] {dag.py:2398} INFO - Sync 1 DAGs
[2022-04-13 09:25:36,771] {logging_mixin.py:109} INFO - [2022-04-13 09:25:36,770] {dag.py:2937} INFO - Setting next_dagrun for example_short_circuit_operator to 2022-04-12T09:25:36.770408+00:00
[2022-04-13 09:25:36,793] {processor.py:171} INFO - Processing /home/airflow/.local/lib/python3.7/site-packages/airflow/example_dags/example_short_circuit_operator.py took 0.114 seconds
[2022-04-13 09:26:07,060] {processor.py:163} INFO - Started process (PID=2207) to work on /home/airflow/.local/lib/python3.7/site-packages/airflow/example_dags/example_short_circuit_operator.py
[2022-04-13 09:26:07,070] {processor.py:642} INFO - Processing file /home/airflow/.local/lib/python3.7/site-packages/airflow/example_dags/example_short_circuit_operator.py for tasks to queue
[2022-04-13 09:26:07,071] {logging_mixin.py:109} INFO - [2022-04-13 09:26:07,071] {dagbag.py:500} INFO - Filling up the DagBag from /home/airflow/.local/lib/python3.7/site-packages/airflow/example_dags/example_short_circuit_operator.py
[2022-04-13 09:26:07,098] {processor.py:652} INFO - DAG(s) dict_keys(['example_short_circuit_operator']) retrieved from /home/airflow/.local/lib/python3.7/site-packages/airflow/example_dags/example_short_circuit_operator.py
[2022-04-13 09:26:07,126] {logging_mixin.py:109} INFO - [2022-04-13 09:26:07,126] {dag.py:2398} INFO - Sync 1 DAGs
[2022-04-13 09:26:07,147] {logging_mixin.py:109} INFO - [2022-04-13 09:26:07,147] {dag.py:2937} INFO - Setting next_dagrun for example_short_circuit_operator to 2022-04-12T09:26:07.147562+00:00
[2022-04-13 09:26:07,160] {processor.py:171} INFO - Processing /home/airflow/.local/lib/python3.7/site-packages/airflow/example_dags/example_short_circuit_operator.py took 0.104 seconds
