[2022-04-13 08:46:24,445] {processor.py:163} INFO - Started process (PID=138) to work on /home/airflow/.local/lib/python3.7/site-packages/airflow/example_dags/example_complex.py
[2022-04-13 08:46:24,446] {processor.py:642} INFO - Processing file /home/airflow/.local/lib/python3.7/site-packages/airflow/example_dags/example_complex.py for tasks to queue
[2022-04-13 08:46:24,447] {logging_mixin.py:109} INFO - [2022-04-13 08:46:24,447] {dagbag.py:500} INFO - Filling up the DagBag from /home/airflow/.local/lib/python3.7/site-packages/airflow/example_dags/example_complex.py
[2022-04-13 08:46:24,476] {processor.py:652} INFO - DAG(s) dict_keys(['example_complex']) retrieved from /home/airflow/.local/lib/python3.7/site-packages/airflow/example_dags/example_complex.py
[2022-04-13 08:46:26,898] {logging_mixin.py:109} INFO - [2022-04-13 08:46:26,897] {manager.py:496} INFO - Created Permission View: can read on DAG:example_complex
[2022-04-13 08:46:26,912] {logging_mixin.py:109} INFO - [2022-04-13 08:46:26,911] {manager.py:496} INFO - Created Permission View: can edit on DAG:example_complex
[2022-04-13 08:46:26,912] {logging_mixin.py:109} INFO - [2022-04-13 08:46:26,912] {dag.py:2398} INFO - Sync 1 DAGs
[2022-04-13 08:46:26,922] {logging_mixin.py:109} INFO - [2022-04-13 08:46:26,921] {dag.py:2417} INFO - Creating ORM DAG for example_complex
[2022-04-13 08:46:26,934] {logging_mixin.py:109} INFO - [2022-04-13 08:46:26,934] {dag.py:2937} INFO - Setting next_dagrun for example_complex to None
[2022-04-13 08:46:26,957] {processor.py:171} INFO - Processing /home/airflow/.local/lib/python3.7/site-packages/airflow/example_dags/example_complex.py took 2.515 seconds
[2022-04-13 08:46:57,375] {processor.py:163} INFO - Started process (PID=467) to work on /home/airflow/.local/lib/python3.7/site-packages/airflow/example_dags/example_complex.py
[2022-04-13 08:46:57,377] {processor.py:642} INFO - Processing file /home/airflow/.local/lib/python3.7/site-packages/airflow/example_dags/example_complex.py for tasks to queue
[2022-04-13 08:46:57,378] {logging_mixin.py:109} INFO - [2022-04-13 08:46:57,378] {dagbag.py:500} INFO - Filling up the DagBag from /home/airflow/.local/lib/python3.7/site-packages/airflow/example_dags/example_complex.py
[2022-04-13 08:46:57,405] {processor.py:652} INFO - DAG(s) dict_keys(['example_complex']) retrieved from /home/airflow/.local/lib/python3.7/site-packages/airflow/example_dags/example_complex.py
[2022-04-13 08:46:57,433] {logging_mixin.py:109} INFO - [2022-04-13 08:46:57,433] {dag.py:2398} INFO - Sync 1 DAGs
[2022-04-13 08:46:57,451] {logging_mixin.py:109} INFO - [2022-04-13 08:46:57,451] {dag.py:2937} INFO - Setting next_dagrun for example_complex to None
[2022-04-13 08:46:57,467] {processor.py:171} INFO - Processing /home/airflow/.local/lib/python3.7/site-packages/airflow/example_dags/example_complex.py took 0.095 seconds
[2022-04-13 08:47:27,917] {processor.py:163} INFO - Started process (PID=518) to work on /home/airflow/.local/lib/python3.7/site-packages/airflow/example_dags/example_complex.py
[2022-04-13 08:47:27,918] {processor.py:642} INFO - Processing file /home/airflow/.local/lib/python3.7/site-packages/airflow/example_dags/example_complex.py for tasks to queue
[2022-04-13 08:47:27,919] {logging_mixin.py:109} INFO - [2022-04-13 08:47:27,919] {dagbag.py:500} INFO - Filling up the DagBag from /home/airflow/.local/lib/python3.7/site-packages/airflow/example_dags/example_complex.py
[2022-04-13 08:47:27,941] {processor.py:652} INFO - DAG(s) dict_keys(['example_complex']) retrieved from /home/airflow/.local/lib/python3.7/site-packages/airflow/example_dags/example_complex.py
[2022-04-13 08:47:27,967] {logging_mixin.py:109} INFO - [2022-04-13 08:47:27,967] {dag.py:2398} INFO - Sync 1 DAGs
[2022-04-13 08:47:27,983] {logging_mixin.py:109} INFO - [2022-04-13 08:47:27,983] {dag.py:2937} INFO - Setting next_dagrun for example_complex to None
[2022-04-13 08:47:27,995] {processor.py:171} INFO - Processing /home/airflow/.local/lib/python3.7/site-packages/airflow/example_dags/example_complex.py took 0.080 seconds
[2022-04-13 08:47:58,196] {processor.py:163} INFO - Started process (PID=578) to work on /home/airflow/.local/lib/python3.7/site-packages/airflow/example_dags/example_complex.py
[2022-04-13 08:47:58,198] {processor.py:642} INFO - Processing file /home/airflow/.local/lib/python3.7/site-packages/airflow/example_dags/example_complex.py for tasks to queue
[2022-04-13 08:47:58,199] {logging_mixin.py:109} INFO - [2022-04-13 08:47:58,199] {dagbag.py:500} INFO - Filling up the DagBag from /home/airflow/.local/lib/python3.7/site-packages/airflow/example_dags/example_complex.py
[2022-04-13 08:47:58,225] {processor.py:652} INFO - DAG(s) dict_keys(['example_complex']) retrieved from /home/airflow/.local/lib/python3.7/site-packages/airflow/example_dags/example_complex.py
[2022-04-13 08:47:58,257] {logging_mixin.py:109} INFO - [2022-04-13 08:47:58,257] {dag.py:2398} INFO - Sync 1 DAGs
[2022-04-13 08:47:58,280] {logging_mixin.py:109} INFO - [2022-04-13 08:47:58,280] {dag.py:2937} INFO - Setting next_dagrun for example_complex to None
[2022-04-13 08:47:58,299] {processor.py:171} INFO - Processing /home/airflow/.local/lib/python3.7/site-packages/airflow/example_dags/example_complex.py took 0.106 seconds
[2022-04-13 08:48:28,680] {processor.py:163} INFO - Started process (PID=629) to work on /home/airflow/.local/lib/python3.7/site-packages/airflow/example_dags/example_complex.py
[2022-04-13 08:48:28,681] {processor.py:642} INFO - Processing file /home/airflow/.local/lib/python3.7/site-packages/airflow/example_dags/example_complex.py for tasks to queue
[2022-04-13 08:48:28,681] {logging_mixin.py:109} INFO - [2022-04-13 08:48:28,681] {dagbag.py:500} INFO - Filling up the DagBag from /home/airflow/.local/lib/python3.7/site-packages/airflow/example_dags/example_complex.py
[2022-04-13 08:48:28,703] {processor.py:652} INFO - DAG(s) dict_keys(['example_complex']) retrieved from /home/airflow/.local/lib/python3.7/site-packages/airflow/example_dags/example_complex.py
[2022-04-13 08:48:28,727] {logging_mixin.py:109} INFO - [2022-04-13 08:48:28,727] {dag.py:2398} INFO - Sync 1 DAGs
[2022-04-13 08:48:28,742] {logging_mixin.py:109} INFO - [2022-04-13 08:48:28,742] {dag.py:2937} INFO - Setting next_dagrun for example_complex to None
[2022-04-13 08:48:28,757] {processor.py:171} INFO - Processing /home/airflow/.local/lib/python3.7/site-packages/airflow/example_dags/example_complex.py took 0.081 seconds
[2022-04-13 08:52:08,925] {processor.py:163} INFO - Started process (PID=44) to work on /home/airflow/.local/lib/python3.7/site-packages/airflow/example_dags/example_complex.py
[2022-04-13 08:52:08,933] {processor.py:642} INFO - Processing file /home/airflow/.local/lib/python3.7/site-packages/airflow/example_dags/example_complex.py for tasks to queue
[2022-04-13 08:52:08,934] {logging_mixin.py:109} INFO - [2022-04-13 08:52:08,934] {dagbag.py:500} INFO - Filling up the DagBag from /home/airflow/.local/lib/python3.7/site-packages/airflow/example_dags/example_complex.py
[2022-04-13 08:52:08,986] {processor.py:652} INFO - DAG(s) dict_keys(['example_complex']) retrieved from /home/airflow/.local/lib/python3.7/site-packages/airflow/example_dags/example_complex.py
[2022-04-13 08:52:09,036] {logging_mixin.py:109} INFO - [2022-04-13 08:52:09,036] {dag.py:2398} INFO - Sync 1 DAGs
[2022-04-13 08:52:09,064] {logging_mixin.py:109} INFO - [2022-04-13 08:52:09,064] {dag.py:2937} INFO - Setting next_dagrun for example_complex to None
[2022-04-13 08:52:09,088] {processor.py:171} INFO - Processing /home/airflow/.local/lib/python3.7/site-packages/airflow/example_dags/example_complex.py took 0.168 seconds
[2022-04-13 08:54:26,557] {processor.py:163} INFO - Started process (PID=48) to work on /home/airflow/.local/lib/python3.7/site-packages/airflow/example_dags/example_complex.py
[2022-04-13 08:54:26,559] {processor.py:642} INFO - Processing file /home/airflow/.local/lib/python3.7/site-packages/airflow/example_dags/example_complex.py for tasks to queue
[2022-04-13 08:54:26,559] {logging_mixin.py:109} INFO - [2022-04-13 08:54:26,559] {dagbag.py:500} INFO - Filling up the DagBag from /home/airflow/.local/lib/python3.7/site-packages/airflow/example_dags/example_complex.py
[2022-04-13 08:54:26,591] {processor.py:652} INFO - DAG(s) dict_keys(['example_complex']) retrieved from /home/airflow/.local/lib/python3.7/site-packages/airflow/example_dags/example_complex.py
[2022-04-13 08:54:26,618] {logging_mixin.py:109} INFO - [2022-04-13 08:54:26,618] {dag.py:2398} INFO - Sync 1 DAGs
[2022-04-13 08:54:26,637] {logging_mixin.py:109} INFO - [2022-04-13 08:54:26,637] {dag.py:2937} INFO - Setting next_dagrun for example_complex to None
[2022-04-13 08:54:26,652] {processor.py:171} INFO - Processing /home/airflow/.local/lib/python3.7/site-packages/airflow/example_dags/example_complex.py took 0.098 seconds
[2022-04-13 08:54:57,342] {processor.py:163} INFO - Started process (PID=100) to work on /home/airflow/.local/lib/python3.7/site-packages/airflow/example_dags/example_complex.py
[2022-04-13 08:54:57,344] {processor.py:642} INFO - Processing file /home/airflow/.local/lib/python3.7/site-packages/airflow/example_dags/example_complex.py for tasks to queue
[2022-04-13 08:54:57,344] {logging_mixin.py:109} INFO - [2022-04-13 08:54:57,344] {dagbag.py:500} INFO - Filling up the DagBag from /home/airflow/.local/lib/python3.7/site-packages/airflow/example_dags/example_complex.py
[2022-04-13 08:54:57,372] {processor.py:652} INFO - DAG(s) dict_keys(['example_complex']) retrieved from /home/airflow/.local/lib/python3.7/site-packages/airflow/example_dags/example_complex.py
[2022-04-13 08:54:57,395] {logging_mixin.py:109} INFO - [2022-04-13 08:54:57,395] {dag.py:2398} INFO - Sync 1 DAGs
[2022-04-13 08:54:57,409] {logging_mixin.py:109} INFO - [2022-04-13 08:54:57,409] {dag.py:2937} INFO - Setting next_dagrun for example_complex to None
[2022-04-13 08:54:57,420] {processor.py:171} INFO - Processing /home/airflow/.local/lib/python3.7/site-packages/airflow/example_dags/example_complex.py took 0.081 seconds
[2022-04-13 08:55:28,556] {processor.py:163} INFO - Started process (PID=160) to work on /home/airflow/.local/lib/python3.7/site-packages/airflow/example_dags/example_complex.py
[2022-04-13 08:55:28,557] {processor.py:642} INFO - Processing file /home/airflow/.local/lib/python3.7/site-packages/airflow/example_dags/example_complex.py for tasks to queue
[2022-04-13 08:55:28,557] {logging_mixin.py:109} INFO - [2022-04-13 08:55:28,557] {dagbag.py:500} INFO - Filling up the DagBag from /home/airflow/.local/lib/python3.7/site-packages/airflow/example_dags/example_complex.py
[2022-04-13 08:55:28,579] {processor.py:652} INFO - DAG(s) dict_keys(['example_complex']) retrieved from /home/airflow/.local/lib/python3.7/site-packages/airflow/example_dags/example_complex.py
[2022-04-13 08:55:28,605] {logging_mixin.py:109} INFO - [2022-04-13 08:55:28,605] {dag.py:2398} INFO - Sync 1 DAGs
[2022-04-13 08:55:28,620] {logging_mixin.py:109} INFO - [2022-04-13 08:55:28,620] {dag.py:2937} INFO - Setting next_dagrun for example_complex to None
[2022-04-13 08:55:28,632] {processor.py:171} INFO - Processing /home/airflow/.local/lib/python3.7/site-packages/airflow/example_dags/example_complex.py took 0.079 seconds
[2022-04-13 08:55:59,966] {processor.py:163} INFO - Started process (PID=212) to work on /home/airflow/.local/lib/python3.7/site-packages/airflow/example_dags/example_complex.py
[2022-04-13 08:55:59,968] {processor.py:642} INFO - Processing file /home/airflow/.local/lib/python3.7/site-packages/airflow/example_dags/example_complex.py for tasks to queue
[2022-04-13 08:55:59,969] {logging_mixin.py:109} INFO - [2022-04-13 08:55:59,969] {dagbag.py:500} INFO - Filling up the DagBag from /home/airflow/.local/lib/python3.7/site-packages/airflow/example_dags/example_complex.py
[2022-04-13 08:55:59,991] {processor.py:652} INFO - DAG(s) dict_keys(['example_complex']) retrieved from /home/airflow/.local/lib/python3.7/site-packages/airflow/example_dags/example_complex.py
[2022-04-13 08:56:00,030] {logging_mixin.py:109} INFO - [2022-04-13 08:56:00,030] {dag.py:2398} INFO - Sync 1 DAGs
[2022-04-13 08:56:00,055] {logging_mixin.py:109} INFO - [2022-04-13 08:56:00,055] {dag.py:2937} INFO - Setting next_dagrun for example_complex to None
[2022-04-13 08:56:00,089] {processor.py:171} INFO - Processing /home/airflow/.local/lib/python3.7/site-packages/airflow/example_dags/example_complex.py took 0.126 seconds
[2022-04-13 08:56:30,322] {processor.py:163} INFO - Started process (PID=273) to work on /home/airflow/.local/lib/python3.7/site-packages/airflow/example_dags/example_complex.py
[2022-04-13 08:56:30,323] {processor.py:642} INFO - Processing file /home/airflow/.local/lib/python3.7/site-packages/airflow/example_dags/example_complex.py for tasks to queue
[2022-04-13 08:56:30,324] {logging_mixin.py:109} INFO - [2022-04-13 08:56:30,323] {dagbag.py:500} INFO - Filling up the DagBag from /home/airflow/.local/lib/python3.7/site-packages/airflow/example_dags/example_complex.py
[2022-04-13 08:56:30,341] {processor.py:652} INFO - DAG(s) dict_keys(['example_complex']) retrieved from /home/airflow/.local/lib/python3.7/site-packages/airflow/example_dags/example_complex.py
[2022-04-13 08:56:30,364] {logging_mixin.py:109} INFO - [2022-04-13 08:56:30,364] {dag.py:2398} INFO - Sync 1 DAGs
[2022-04-13 08:56:30,378] {logging_mixin.py:109} INFO - [2022-04-13 08:56:30,378] {dag.py:2937} INFO - Setting next_dagrun for example_complex to None
[2022-04-13 08:56:30,391] {processor.py:171} INFO - Processing /home/airflow/.local/lib/python3.7/site-packages/airflow/example_dags/example_complex.py took 0.071 seconds
[2022-04-13 08:57:00,663] {processor.py:163} INFO - Started process (PID=324) to work on /home/airflow/.local/lib/python3.7/site-packages/airflow/example_dags/example_complex.py
[2022-04-13 08:57:00,664] {processor.py:642} INFO - Processing file /home/airflow/.local/lib/python3.7/site-packages/airflow/example_dags/example_complex.py for tasks to queue
[2022-04-13 08:57:00,665] {logging_mixin.py:109} INFO - [2022-04-13 08:57:00,665] {dagbag.py:500} INFO - Filling up the DagBag from /home/airflow/.local/lib/python3.7/site-packages/airflow/example_dags/example_complex.py
[2022-04-13 08:57:00,699] {processor.py:652} INFO - DAG(s) dict_keys(['example_complex']) retrieved from /home/airflow/.local/lib/python3.7/site-packages/airflow/example_dags/example_complex.py
[2022-04-13 08:57:00,786] {logging_mixin.py:109} INFO - [2022-04-13 08:57:00,786] {dag.py:2398} INFO - Sync 1 DAGs
[2022-04-13 08:57:00,802] {logging_mixin.py:109} INFO - [2022-04-13 08:57:00,801] {dag.py:2937} INFO - Setting next_dagrun for example_complex to None
[2022-04-13 08:57:00,812] {processor.py:171} INFO - Processing /home/airflow/.local/lib/python3.7/site-packages/airflow/example_dags/example_complex.py took 0.151 seconds
[2022-04-13 08:57:30,997] {processor.py:163} INFO - Started process (PID=383) to work on /home/airflow/.local/lib/python3.7/site-packages/airflow/example_dags/example_complex.py
[2022-04-13 08:57:30,998] {processor.py:642} INFO - Processing file /home/airflow/.local/lib/python3.7/site-packages/airflow/example_dags/example_complex.py for tasks to queue
[2022-04-13 08:57:30,999] {logging_mixin.py:109} INFO - [2022-04-13 08:57:30,999] {dagbag.py:500} INFO - Filling up the DagBag from /home/airflow/.local/lib/python3.7/site-packages/airflow/example_dags/example_complex.py
[2022-04-13 08:57:31,017] {processor.py:652} INFO - DAG(s) dict_keys(['example_complex']) retrieved from /home/airflow/.local/lib/python3.7/site-packages/airflow/example_dags/example_complex.py
[2022-04-13 08:57:31,044] {logging_mixin.py:109} INFO - [2022-04-13 08:57:31,044] {dag.py:2398} INFO - Sync 1 DAGs
[2022-04-13 08:57:31,057] {logging_mixin.py:109} INFO - [2022-04-13 08:57:31,057] {dag.py:2937} INFO - Setting next_dagrun for example_complex to None
[2022-04-13 08:57:31,068] {processor.py:171} INFO - Processing /home/airflow/.local/lib/python3.7/site-packages/airflow/example_dags/example_complex.py took 0.074 seconds
[2022-04-13 08:58:02,149] {processor.py:163} INFO - Started process (PID=436) to work on /home/airflow/.local/lib/python3.7/site-packages/airflow/example_dags/example_complex.py
[2022-04-13 08:58:02,153] {processor.py:642} INFO - Processing file /home/airflow/.local/lib/python3.7/site-packages/airflow/example_dags/example_complex.py for tasks to queue
[2022-04-13 08:58:02,153] {logging_mixin.py:109} INFO - [2022-04-13 08:58:02,153] {dagbag.py:500} INFO - Filling up the DagBag from /home/airflow/.local/lib/python3.7/site-packages/airflow/example_dags/example_complex.py
[2022-04-13 08:58:02,173] {processor.py:652} INFO - DAG(s) dict_keys(['example_complex']) retrieved from /home/airflow/.local/lib/python3.7/site-packages/airflow/example_dags/example_complex.py
[2022-04-13 08:58:02,200] {logging_mixin.py:109} INFO - [2022-04-13 08:58:02,200] {dag.py:2398} INFO - Sync 1 DAGs
[2022-04-13 08:58:02,219] {logging_mixin.py:109} INFO - [2022-04-13 08:58:02,219] {dag.py:2937} INFO - Setting next_dagrun for example_complex to None
[2022-04-13 08:58:02,232] {processor.py:171} INFO - Processing /home/airflow/.local/lib/python3.7/site-packages/airflow/example_dags/example_complex.py took 0.086 seconds
[2022-04-13 08:58:33,306] {processor.py:163} INFO - Started process (PID=496) to work on /home/airflow/.local/lib/python3.7/site-packages/airflow/example_dags/example_complex.py
[2022-04-13 08:58:33,306] {processor.py:642} INFO - Processing file /home/airflow/.local/lib/python3.7/site-packages/airflow/example_dags/example_complex.py for tasks to queue
[2022-04-13 08:58:33,307] {logging_mixin.py:109} INFO - [2022-04-13 08:58:33,307] {dagbag.py:500} INFO - Filling up the DagBag from /home/airflow/.local/lib/python3.7/site-packages/airflow/example_dags/example_complex.py
[2022-04-13 08:58:33,331] {processor.py:652} INFO - DAG(s) dict_keys(['example_complex']) retrieved from /home/airflow/.local/lib/python3.7/site-packages/airflow/example_dags/example_complex.py
[2022-04-13 08:58:33,372] {logging_mixin.py:109} INFO - [2022-04-13 08:58:33,371] {dag.py:2398} INFO - Sync 1 DAGs
[2022-04-13 08:58:33,406] {logging_mixin.py:109} INFO - [2022-04-13 08:58:33,406] {dag.py:2937} INFO - Setting next_dagrun for example_complex to None
[2022-04-13 08:58:33,421] {processor.py:171} INFO - Processing /home/airflow/.local/lib/python3.7/site-packages/airflow/example_dags/example_complex.py took 0.117 seconds
[2022-04-13 08:59:04,182] {processor.py:163} INFO - Started process (PID=547) to work on /home/airflow/.local/lib/python3.7/site-packages/airflow/example_dags/example_complex.py
[2022-04-13 08:59:04,185] {processor.py:642} INFO - Processing file /home/airflow/.local/lib/python3.7/site-packages/airflow/example_dags/example_complex.py for tasks to queue
[2022-04-13 08:59:04,186] {logging_mixin.py:109} INFO - [2022-04-13 08:59:04,186] {dagbag.py:500} INFO - Filling up the DagBag from /home/airflow/.local/lib/python3.7/site-packages/airflow/example_dags/example_complex.py
[2022-04-13 08:59:04,227] {processor.py:652} INFO - DAG(s) dict_keys(['example_complex']) retrieved from /home/airflow/.local/lib/python3.7/site-packages/airflow/example_dags/example_complex.py
[2022-04-13 08:59:04,285] {logging_mixin.py:109} INFO - [2022-04-13 08:59:04,284] {dag.py:2398} INFO - Sync 1 DAGs
[2022-04-13 08:59:04,309] {logging_mixin.py:109} INFO - [2022-04-13 08:59:04,308] {dag.py:2937} INFO - Setting next_dagrun for example_complex to None
[2022-04-13 08:59:04,325] {processor.py:171} INFO - Processing /home/airflow/.local/lib/python3.7/site-packages/airflow/example_dags/example_complex.py took 0.148 seconds
[2022-04-13 08:59:35,028] {processor.py:163} INFO - Started process (PID=609) to work on /home/airflow/.local/lib/python3.7/site-packages/airflow/example_dags/example_complex.py
[2022-04-13 08:59:35,029] {processor.py:642} INFO - Processing file /home/airflow/.local/lib/python3.7/site-packages/airflow/example_dags/example_complex.py for tasks to queue
[2022-04-13 08:59:35,030] {logging_mixin.py:109} INFO - [2022-04-13 08:59:35,030] {dagbag.py:500} INFO - Filling up the DagBag from /home/airflow/.local/lib/python3.7/site-packages/airflow/example_dags/example_complex.py
[2022-04-13 08:59:35,066] {processor.py:652} INFO - DAG(s) dict_keys(['example_complex']) retrieved from /home/airflow/.local/lib/python3.7/site-packages/airflow/example_dags/example_complex.py
[2022-04-13 08:59:35,106] {logging_mixin.py:109} INFO - [2022-04-13 08:59:35,106] {dag.py:2398} INFO - Sync 1 DAGs
[2022-04-13 08:59:35,129] {logging_mixin.py:109} INFO - [2022-04-13 08:59:35,129] {dag.py:2937} INFO - Setting next_dagrun for example_complex to None
[2022-04-13 08:59:35,148] {processor.py:171} INFO - Processing /home/airflow/.local/lib/python3.7/site-packages/airflow/example_dags/example_complex.py took 0.123 seconds
[2022-04-13 09:00:05,360] {processor.py:163} INFO - Started process (PID=658) to work on /home/airflow/.local/lib/python3.7/site-packages/airflow/example_dags/example_complex.py
[2022-04-13 09:00:05,362] {processor.py:642} INFO - Processing file /home/airflow/.local/lib/python3.7/site-packages/airflow/example_dags/example_complex.py for tasks to queue
[2022-04-13 09:00:05,363] {logging_mixin.py:109} INFO - [2022-04-13 09:00:05,363] {dagbag.py:500} INFO - Filling up the DagBag from /home/airflow/.local/lib/python3.7/site-packages/airflow/example_dags/example_complex.py
[2022-04-13 09:00:05,389] {processor.py:652} INFO - DAG(s) dict_keys(['example_complex']) retrieved from /home/airflow/.local/lib/python3.7/site-packages/airflow/example_dags/example_complex.py
[2022-04-13 09:00:05,420] {logging_mixin.py:109} INFO - [2022-04-13 09:00:05,420] {dag.py:2398} INFO - Sync 1 DAGs
[2022-04-13 09:00:05,440] {logging_mixin.py:109} INFO - [2022-04-13 09:00:05,440] {dag.py:2937} INFO - Setting next_dagrun for example_complex to None
[2022-04-13 09:00:05,461] {processor.py:171} INFO - Processing /home/airflow/.local/lib/python3.7/site-packages/airflow/example_dags/example_complex.py took 0.103 seconds
[2022-04-13 09:00:35,918] {processor.py:163} INFO - Started process (PID=710) to work on /home/airflow/.local/lib/python3.7/site-packages/airflow/example_dags/example_complex.py
[2022-04-13 09:00:35,919] {processor.py:642} INFO - Processing file /home/airflow/.local/lib/python3.7/site-packages/airflow/example_dags/example_complex.py for tasks to queue
[2022-04-13 09:00:35,920] {logging_mixin.py:109} INFO - [2022-04-13 09:00:35,920] {dagbag.py:500} INFO - Filling up the DagBag from /home/airflow/.local/lib/python3.7/site-packages/airflow/example_dags/example_complex.py
[2022-04-13 09:00:35,945] {processor.py:652} INFO - DAG(s) dict_keys(['example_complex']) retrieved from /home/airflow/.local/lib/python3.7/site-packages/airflow/example_dags/example_complex.py
[2022-04-13 09:00:35,991] {logging_mixin.py:109} INFO - [2022-04-13 09:00:35,991] {dag.py:2398} INFO - Sync 1 DAGs
[2022-04-13 09:00:36,016] {logging_mixin.py:109} INFO - [2022-04-13 09:00:36,016] {dag.py:2937} INFO - Setting next_dagrun for example_complex to None
[2022-04-13 09:00:36,043] {processor.py:171} INFO - Processing /home/airflow/.local/lib/python3.7/site-packages/airflow/example_dags/example_complex.py took 0.128 seconds
[2022-04-13 09:01:06,357] {processor.py:163} INFO - Started process (PID=769) to work on /home/airflow/.local/lib/python3.7/site-packages/airflow/example_dags/example_complex.py
[2022-04-13 09:01:06,361] {processor.py:642} INFO - Processing file /home/airflow/.local/lib/python3.7/site-packages/airflow/example_dags/example_complex.py for tasks to queue
[2022-04-13 09:01:06,362] {logging_mixin.py:109} INFO - [2022-04-13 09:01:06,361] {dagbag.py:500} INFO - Filling up the DagBag from /home/airflow/.local/lib/python3.7/site-packages/airflow/example_dags/example_complex.py
[2022-04-13 09:01:06,393] {processor.py:652} INFO - DAG(s) dict_keys(['example_complex']) retrieved from /home/airflow/.local/lib/python3.7/site-packages/airflow/example_dags/example_complex.py
[2022-04-13 09:01:06,465] {logging_mixin.py:109} INFO - [2022-04-13 09:01:06,465] {dag.py:2398} INFO - Sync 1 DAGs
[2022-04-13 09:01:06,491] {logging_mixin.py:109} INFO - [2022-04-13 09:01:06,490] {dag.py:2937} INFO - Setting next_dagrun for example_complex to None
[2022-04-13 09:01:06,508] {processor.py:171} INFO - Processing /home/airflow/.local/lib/python3.7/site-packages/airflow/example_dags/example_complex.py took 0.154 seconds
[2022-04-13 09:01:36,805] {processor.py:163} INFO - Started process (PID=821) to work on /home/airflow/.local/lib/python3.7/site-packages/airflow/example_dags/example_complex.py
[2022-04-13 09:01:36,806] {processor.py:642} INFO - Processing file /home/airflow/.local/lib/python3.7/site-packages/airflow/example_dags/example_complex.py for tasks to queue
[2022-04-13 09:01:36,806] {logging_mixin.py:109} INFO - [2022-04-13 09:01:36,806] {dagbag.py:500} INFO - Filling up the DagBag from /home/airflow/.local/lib/python3.7/site-packages/airflow/example_dags/example_complex.py
[2022-04-13 09:01:36,834] {processor.py:652} INFO - DAG(s) dict_keys(['example_complex']) retrieved from /home/airflow/.local/lib/python3.7/site-packages/airflow/example_dags/example_complex.py
[2022-04-13 09:01:36,878] {logging_mixin.py:109} INFO - [2022-04-13 09:01:36,878] {dag.py:2398} INFO - Sync 1 DAGs
[2022-04-13 09:01:36,902] {logging_mixin.py:109} INFO - [2022-04-13 09:01:36,902] {dag.py:2937} INFO - Setting next_dagrun for example_complex to None
[2022-04-13 09:01:36,920] {processor.py:171} INFO - Processing /home/airflow/.local/lib/python3.7/site-packages/airflow/example_dags/example_complex.py took 0.119 seconds
[2022-04-13 09:02:07,312] {processor.py:163} INFO - Started process (PID=872) to work on /home/airflow/.local/lib/python3.7/site-packages/airflow/example_dags/example_complex.py
[2022-04-13 09:02:07,316] {processor.py:642} INFO - Processing file /home/airflow/.local/lib/python3.7/site-packages/airflow/example_dags/example_complex.py for tasks to queue
[2022-04-13 09:02:07,317] {logging_mixin.py:109} INFO - [2022-04-13 09:02:07,317] {dagbag.py:500} INFO - Filling up the DagBag from /home/airflow/.local/lib/python3.7/site-packages/airflow/example_dags/example_complex.py
[2022-04-13 09:02:07,352] {processor.py:652} INFO - DAG(s) dict_keys(['example_complex']) retrieved from /home/airflow/.local/lib/python3.7/site-packages/airflow/example_dags/example_complex.py
[2022-04-13 09:02:07,393] {logging_mixin.py:109} INFO - [2022-04-13 09:02:07,393] {dag.py:2398} INFO - Sync 1 DAGs
[2022-04-13 09:02:07,414] {logging_mixin.py:109} INFO - [2022-04-13 09:02:07,414] {dag.py:2937} INFO - Setting next_dagrun for example_complex to None
[2022-04-13 09:02:07,437] {processor.py:171} INFO - Processing /home/airflow/.local/lib/python3.7/site-packages/airflow/example_dags/example_complex.py took 0.129 seconds
[2022-04-13 09:02:37,600] {processor.py:163} INFO - Started process (PID=934) to work on /home/airflow/.local/lib/python3.7/site-packages/airflow/example_dags/example_complex.py
[2022-04-13 09:02:37,603] {processor.py:642} INFO - Processing file /home/airflow/.local/lib/python3.7/site-packages/airflow/example_dags/example_complex.py for tasks to queue
[2022-04-13 09:02:37,604] {logging_mixin.py:109} INFO - [2022-04-13 09:02:37,604] {dagbag.py:500} INFO - Filling up the DagBag from /home/airflow/.local/lib/python3.7/site-packages/airflow/example_dags/example_complex.py
[2022-04-13 09:02:37,654] {processor.py:652} INFO - DAG(s) dict_keys(['example_complex']) retrieved from /home/airflow/.local/lib/python3.7/site-packages/airflow/example_dags/example_complex.py
[2022-04-13 09:02:37,704] {logging_mixin.py:109} INFO - [2022-04-13 09:02:37,703] {dag.py:2398} INFO - Sync 1 DAGs
[2022-04-13 09:02:37,738] {logging_mixin.py:109} INFO - [2022-04-13 09:02:37,737] {dag.py:2937} INFO - Setting next_dagrun for example_complex to None
[2022-04-13 09:02:37,768] {processor.py:171} INFO - Processing /home/airflow/.local/lib/python3.7/site-packages/airflow/example_dags/example_complex.py took 0.173 seconds
[2022-04-13 09:03:07,938] {processor.py:163} INFO - Started process (PID=984) to work on /home/airflow/.local/lib/python3.7/site-packages/airflow/example_dags/example_complex.py
[2022-04-13 09:03:07,945] {processor.py:642} INFO - Processing file /home/airflow/.local/lib/python3.7/site-packages/airflow/example_dags/example_complex.py for tasks to queue
[2022-04-13 09:03:07,946] {logging_mixin.py:109} INFO - [2022-04-13 09:03:07,946] {dagbag.py:500} INFO - Filling up the DagBag from /home/airflow/.local/lib/python3.7/site-packages/airflow/example_dags/example_complex.py
[2022-04-13 09:03:07,978] {processor.py:652} INFO - DAG(s) dict_keys(['example_complex']) retrieved from /home/airflow/.local/lib/python3.7/site-packages/airflow/example_dags/example_complex.py
[2022-04-13 09:03:08,021] {logging_mixin.py:109} INFO - [2022-04-13 09:03:08,021] {dag.py:2398} INFO - Sync 1 DAGs
[2022-04-13 09:03:08,054] {logging_mixin.py:109} INFO - [2022-04-13 09:03:08,053] {dag.py:2937} INFO - Setting next_dagrun for example_complex to None
[2022-04-13 09:03:08,075] {processor.py:171} INFO - Processing /home/airflow/.local/lib/python3.7/site-packages/airflow/example_dags/example_complex.py took 0.139 seconds
[2022-04-13 09:05:51,366] {processor.py:163} INFO - Started process (PID=46) to work on /home/airflow/.local/lib/python3.7/site-packages/airflow/example_dags/example_complex.py
[2022-04-13 09:05:51,368] {processor.py:642} INFO - Processing file /home/airflow/.local/lib/python3.7/site-packages/airflow/example_dags/example_complex.py for tasks to queue
[2022-04-13 09:05:51,369] {logging_mixin.py:109} INFO - [2022-04-13 09:05:51,369] {dagbag.py:500} INFO - Filling up the DagBag from /home/airflow/.local/lib/python3.7/site-packages/airflow/example_dags/example_complex.py
[2022-04-13 09:05:51,403] {processor.py:652} INFO - DAG(s) dict_keys(['example_complex']) retrieved from /home/airflow/.local/lib/python3.7/site-packages/airflow/example_dags/example_complex.py
[2022-04-13 09:05:51,436] {logging_mixin.py:109} INFO - [2022-04-13 09:05:51,435] {dag.py:2398} INFO - Sync 1 DAGs
[2022-04-13 09:05:51,456] {logging_mixin.py:109} INFO - [2022-04-13 09:05:51,456] {dag.py:2937} INFO - Setting next_dagrun for example_complex to None
[2022-04-13 09:05:51,471] {processor.py:171} INFO - Processing /home/airflow/.local/lib/python3.7/site-packages/airflow/example_dags/example_complex.py took 0.108 seconds
[2022-04-13 09:06:22,295] {processor.py:163} INFO - Started process (PID=97) to work on /home/airflow/.local/lib/python3.7/site-packages/airflow/example_dags/example_complex.py
[2022-04-13 09:06:22,296] {processor.py:642} INFO - Processing file /home/airflow/.local/lib/python3.7/site-packages/airflow/example_dags/example_complex.py for tasks to queue
[2022-04-13 09:06:22,297] {logging_mixin.py:109} INFO - [2022-04-13 09:06:22,297] {dagbag.py:500} INFO - Filling up the DagBag from /home/airflow/.local/lib/python3.7/site-packages/airflow/example_dags/example_complex.py
[2022-04-13 09:06:22,318] {processor.py:652} INFO - DAG(s) dict_keys(['example_complex']) retrieved from /home/airflow/.local/lib/python3.7/site-packages/airflow/example_dags/example_complex.py
[2022-04-13 09:06:22,343] {logging_mixin.py:109} INFO - [2022-04-13 09:06:22,343] {dag.py:2398} INFO - Sync 1 DAGs
[2022-04-13 09:06:22,361] {logging_mixin.py:109} INFO - [2022-04-13 09:06:22,361] {dag.py:2937} INFO - Setting next_dagrun for example_complex to None
[2022-04-13 09:06:22,375] {processor.py:171} INFO - Processing /home/airflow/.local/lib/python3.7/site-packages/airflow/example_dags/example_complex.py took 0.082 seconds
[2022-04-13 09:06:52,845] {processor.py:163} INFO - Started process (PID=158) to work on /home/airflow/.local/lib/python3.7/site-packages/airflow/example_dags/example_complex.py
[2022-04-13 09:06:52,846] {processor.py:642} INFO - Processing file /home/airflow/.local/lib/python3.7/site-packages/airflow/example_dags/example_complex.py for tasks to queue
[2022-04-13 09:06:52,846] {logging_mixin.py:109} INFO - [2022-04-13 09:06:52,846] {dagbag.py:500} INFO - Filling up the DagBag from /home/airflow/.local/lib/python3.7/site-packages/airflow/example_dags/example_complex.py
[2022-04-13 09:06:52,870] {processor.py:652} INFO - DAG(s) dict_keys(['example_complex']) retrieved from /home/airflow/.local/lib/python3.7/site-packages/airflow/example_dags/example_complex.py
[2022-04-13 09:06:52,897] {logging_mixin.py:109} INFO - [2022-04-13 09:06:52,897] {dag.py:2398} INFO - Sync 1 DAGs
[2022-04-13 09:06:52,913] {logging_mixin.py:109} INFO - [2022-04-13 09:06:52,913] {dag.py:2937} INFO - Setting next_dagrun for example_complex to None
[2022-04-13 09:06:52,927] {processor.py:171} INFO - Processing /home/airflow/.local/lib/python3.7/site-packages/airflow/example_dags/example_complex.py took 0.084 seconds
[2022-04-13 09:07:23,270] {processor.py:163} INFO - Started process (PID=209) to work on /home/airflow/.local/lib/python3.7/site-packages/airflow/example_dags/example_complex.py
[2022-04-13 09:07:23,271] {processor.py:642} INFO - Processing file /home/airflow/.local/lib/python3.7/site-packages/airflow/example_dags/example_complex.py for tasks to queue
[2022-04-13 09:07:23,271] {logging_mixin.py:109} INFO - [2022-04-13 09:07:23,271] {dagbag.py:500} INFO - Filling up the DagBag from /home/airflow/.local/lib/python3.7/site-packages/airflow/example_dags/example_complex.py
[2022-04-13 09:07:23,297] {processor.py:652} INFO - DAG(s) dict_keys(['example_complex']) retrieved from /home/airflow/.local/lib/python3.7/site-packages/airflow/example_dags/example_complex.py
[2022-04-13 09:07:23,326] {logging_mixin.py:109} INFO - [2022-04-13 09:07:23,326] {dag.py:2398} INFO - Sync 1 DAGs
[2022-04-13 09:07:23,351] {logging_mixin.py:109} INFO - [2022-04-13 09:07:23,351] {dag.py:2937} INFO - Setting next_dagrun for example_complex to None
[2022-04-13 09:07:23,372] {processor.py:171} INFO - Processing /home/airflow/.local/lib/python3.7/site-packages/airflow/example_dags/example_complex.py took 0.104 seconds
[2022-04-13 09:07:53,973] {processor.py:163} INFO - Started process (PID=260) to work on /home/airflow/.local/lib/python3.7/site-packages/airflow/example_dags/example_complex.py
[2022-04-13 09:07:53,975] {processor.py:642} INFO - Processing file /home/airflow/.local/lib/python3.7/site-packages/airflow/example_dags/example_complex.py for tasks to queue
[2022-04-13 09:07:53,976] {logging_mixin.py:109} INFO - [2022-04-13 09:07:53,976] {dagbag.py:500} INFO - Filling up the DagBag from /home/airflow/.local/lib/python3.7/site-packages/airflow/example_dags/example_complex.py
[2022-04-13 09:07:53,997] {processor.py:652} INFO - DAG(s) dict_keys(['example_complex']) retrieved from /home/airflow/.local/lib/python3.7/site-packages/airflow/example_dags/example_complex.py
[2022-04-13 09:07:54,021] {logging_mixin.py:109} INFO - [2022-04-13 09:07:54,021] {dag.py:2398} INFO - Sync 1 DAGs
[2022-04-13 09:07:54,037] {logging_mixin.py:109} INFO - [2022-04-13 09:07:54,037] {dag.py:2937} INFO - Setting next_dagrun for example_complex to None
[2022-04-13 09:07:54,050] {processor.py:171} INFO - Processing /home/airflow/.local/lib/python3.7/site-packages/airflow/example_dags/example_complex.py took 0.079 seconds
[2022-04-13 09:08:25,353] {processor.py:163} INFO - Started process (PID=321) to work on /home/airflow/.local/lib/python3.7/site-packages/airflow/example_dags/example_complex.py
[2022-04-13 09:08:25,354] {processor.py:642} INFO - Processing file /home/airflow/.local/lib/python3.7/site-packages/airflow/example_dags/example_complex.py for tasks to queue
[2022-04-13 09:08:25,355] {logging_mixin.py:109} INFO - [2022-04-13 09:08:25,355] {dagbag.py:500} INFO - Filling up the DagBag from /home/airflow/.local/lib/python3.7/site-packages/airflow/example_dags/example_complex.py
[2022-04-13 09:08:25,381] {processor.py:652} INFO - DAG(s) dict_keys(['example_complex']) retrieved from /home/airflow/.local/lib/python3.7/site-packages/airflow/example_dags/example_complex.py
[2022-04-13 09:08:25,416] {logging_mixin.py:109} INFO - [2022-04-13 09:08:25,415] {dag.py:2398} INFO - Sync 1 DAGs
[2022-04-13 09:08:25,436] {logging_mixin.py:109} INFO - [2022-04-13 09:08:25,436] {dag.py:2937} INFO - Setting next_dagrun for example_complex to None
[2022-04-13 09:08:25,450] {processor.py:171} INFO - Processing /home/airflow/.local/lib/python3.7/site-packages/airflow/example_dags/example_complex.py took 0.101 seconds
[2022-04-13 09:08:56,207] {processor.py:163} INFO - Started process (PID=373) to work on /home/airflow/.local/lib/python3.7/site-packages/airflow/example_dags/example_complex.py
[2022-04-13 09:08:56,209] {processor.py:642} INFO - Processing file /home/airflow/.local/lib/python3.7/site-packages/airflow/example_dags/example_complex.py for tasks to queue
[2022-04-13 09:08:56,210] {logging_mixin.py:109} INFO - [2022-04-13 09:08:56,210] {dagbag.py:500} INFO - Filling up the DagBag from /home/airflow/.local/lib/python3.7/site-packages/airflow/example_dags/example_complex.py
[2022-04-13 09:08:56,248] {processor.py:652} INFO - DAG(s) dict_keys(['example_complex']) retrieved from /home/airflow/.local/lib/python3.7/site-packages/airflow/example_dags/example_complex.py
[2022-04-13 09:08:56,285] {logging_mixin.py:109} INFO - [2022-04-13 09:08:56,285] {dag.py:2398} INFO - Sync 1 DAGs
[2022-04-13 09:08:56,306] {logging_mixin.py:109} INFO - [2022-04-13 09:08:56,306] {dag.py:2937} INFO - Setting next_dagrun for example_complex to None
[2022-04-13 09:08:56,333] {processor.py:171} INFO - Processing /home/airflow/.local/lib/python3.7/site-packages/airflow/example_dags/example_complex.py took 0.128 seconds
[2022-04-13 09:09:27,807] {processor.py:163} INFO - Started process (PID=434) to work on /home/airflow/.local/lib/python3.7/site-packages/airflow/example_dags/example_complex.py
[2022-04-13 09:09:27,808] {processor.py:642} INFO - Processing file /home/airflow/.local/lib/python3.7/site-packages/airflow/example_dags/example_complex.py for tasks to queue
[2022-04-13 09:09:27,809] {logging_mixin.py:109} INFO - [2022-04-13 09:09:27,809] {dagbag.py:500} INFO - Filling up the DagBag from /home/airflow/.local/lib/python3.7/site-packages/airflow/example_dags/example_complex.py
[2022-04-13 09:09:27,851] {processor.py:652} INFO - DAG(s) dict_keys(['example_complex']) retrieved from /home/airflow/.local/lib/python3.7/site-packages/airflow/example_dags/example_complex.py
[2022-04-13 09:09:27,927] {logging_mixin.py:109} INFO - [2022-04-13 09:09:27,927] {dag.py:2398} INFO - Sync 1 DAGs
[2022-04-13 09:09:27,957] {logging_mixin.py:109} INFO - [2022-04-13 09:09:27,957] {dag.py:2937} INFO - Setting next_dagrun for example_complex to None
[2022-04-13 09:09:27,970] {processor.py:171} INFO - Processing /home/airflow/.local/lib/python3.7/site-packages/airflow/example_dags/example_complex.py took 0.166 seconds
[2022-04-13 09:09:58,886] {processor.py:163} INFO - Started process (PID=485) to work on /home/airflow/.local/lib/python3.7/site-packages/airflow/example_dags/example_complex.py
[2022-04-13 09:09:58,888] {processor.py:642} INFO - Processing file /home/airflow/.local/lib/python3.7/site-packages/airflow/example_dags/example_complex.py for tasks to queue
[2022-04-13 09:09:58,889] {logging_mixin.py:109} INFO - [2022-04-13 09:09:58,889] {dagbag.py:500} INFO - Filling up the DagBag from /home/airflow/.local/lib/python3.7/site-packages/airflow/example_dags/example_complex.py
[2022-04-13 09:09:58,930] {processor.py:652} INFO - DAG(s) dict_keys(['example_complex']) retrieved from /home/airflow/.local/lib/python3.7/site-packages/airflow/example_dags/example_complex.py
[2022-04-13 09:09:58,970] {logging_mixin.py:109} INFO - [2022-04-13 09:09:58,970] {dag.py:2398} INFO - Sync 1 DAGs
[2022-04-13 09:09:58,994] {logging_mixin.py:109} INFO - [2022-04-13 09:09:58,994] {dag.py:2937} INFO - Setting next_dagrun for example_complex to None
[2022-04-13 09:09:59,010] {processor.py:171} INFO - Processing /home/airflow/.local/lib/python3.7/site-packages/airflow/example_dags/example_complex.py took 0.128 seconds
[2022-04-13 09:10:30,145] {processor.py:163} INFO - Started process (PID=545) to work on /home/airflow/.local/lib/python3.7/site-packages/airflow/example_dags/example_complex.py
[2022-04-13 09:10:30,147] {processor.py:642} INFO - Processing file /home/airflow/.local/lib/python3.7/site-packages/airflow/example_dags/example_complex.py for tasks to queue
[2022-04-13 09:10:30,148] {logging_mixin.py:109} INFO - [2022-04-13 09:10:30,148] {dagbag.py:500} INFO - Filling up the DagBag from /home/airflow/.local/lib/python3.7/site-packages/airflow/example_dags/example_complex.py
[2022-04-13 09:10:30,172] {processor.py:652} INFO - DAG(s) dict_keys(['example_complex']) retrieved from /home/airflow/.local/lib/python3.7/site-packages/airflow/example_dags/example_complex.py
[2022-04-13 09:10:30,214] {logging_mixin.py:109} INFO - [2022-04-13 09:10:30,213] {dag.py:2398} INFO - Sync 1 DAGs
[2022-04-13 09:10:30,242] {logging_mixin.py:109} INFO - [2022-04-13 09:10:30,242] {dag.py:2937} INFO - Setting next_dagrun for example_complex to None
[2022-04-13 09:10:30,259] {processor.py:171} INFO - Processing /home/airflow/.local/lib/python3.7/site-packages/airflow/example_dags/example_complex.py took 0.118 seconds
[2022-04-13 09:11:01,314] {processor.py:163} INFO - Started process (PID=596) to work on /home/airflow/.local/lib/python3.7/site-packages/airflow/example_dags/example_complex.py
[2022-04-13 09:11:01,316] {processor.py:642} INFO - Processing file /home/airflow/.local/lib/python3.7/site-packages/airflow/example_dags/example_complex.py for tasks to queue
[2022-04-13 09:11:01,317] {logging_mixin.py:109} INFO - [2022-04-13 09:11:01,316] {dagbag.py:500} INFO - Filling up the DagBag from /home/airflow/.local/lib/python3.7/site-packages/airflow/example_dags/example_complex.py
[2022-04-13 09:11:01,343] {processor.py:652} INFO - DAG(s) dict_keys(['example_complex']) retrieved from /home/airflow/.local/lib/python3.7/site-packages/airflow/example_dags/example_complex.py
[2022-04-13 09:11:01,375] {logging_mixin.py:109} INFO - [2022-04-13 09:11:01,374] {dag.py:2398} INFO - Sync 1 DAGs
[2022-04-13 09:11:01,396] {logging_mixin.py:109} INFO - [2022-04-13 09:11:01,395] {dag.py:2937} INFO - Setting next_dagrun for example_complex to None
[2022-04-13 09:11:01,409] {processor.py:171} INFO - Processing /home/airflow/.local/lib/python3.7/site-packages/airflow/example_dags/example_complex.py took 0.098 seconds
[2022-04-13 09:11:32,090] {processor.py:163} INFO - Started process (PID=646) to work on /home/airflow/.local/lib/python3.7/site-packages/airflow/example_dags/example_complex.py
[2022-04-13 09:11:32,091] {processor.py:642} INFO - Processing file /home/airflow/.local/lib/python3.7/site-packages/airflow/example_dags/example_complex.py for tasks to queue
[2022-04-13 09:11:32,092] {logging_mixin.py:109} INFO - [2022-04-13 09:11:32,092] {dagbag.py:500} INFO - Filling up the DagBag from /home/airflow/.local/lib/python3.7/site-packages/airflow/example_dags/example_complex.py
[2022-04-13 09:11:32,116] {processor.py:652} INFO - DAG(s) dict_keys(['example_complex']) retrieved from /home/airflow/.local/lib/python3.7/site-packages/airflow/example_dags/example_complex.py
[2022-04-13 09:11:32,147] {logging_mixin.py:109} INFO - [2022-04-13 09:11:32,146] {dag.py:2398} INFO - Sync 1 DAGs
[2022-04-13 09:11:32,168] {logging_mixin.py:109} INFO - [2022-04-13 09:11:32,168] {dag.py:2937} INFO - Setting next_dagrun for example_complex to None
[2022-04-13 09:11:32,182] {processor.py:171} INFO - Processing /home/airflow/.local/lib/python3.7/site-packages/airflow/example_dags/example_complex.py took 0.095 seconds
[2022-04-13 09:12:03,366] {processor.py:163} INFO - Started process (PID=707) to work on /home/airflow/.local/lib/python3.7/site-packages/airflow/example_dags/example_complex.py
[2022-04-13 09:12:03,368] {processor.py:642} INFO - Processing file /home/airflow/.local/lib/python3.7/site-packages/airflow/example_dags/example_complex.py for tasks to queue
[2022-04-13 09:12:03,369] {logging_mixin.py:109} INFO - [2022-04-13 09:12:03,368] {dagbag.py:500} INFO - Filling up the DagBag from /home/airflow/.local/lib/python3.7/site-packages/airflow/example_dags/example_complex.py
[2022-04-13 09:12:03,397] {processor.py:652} INFO - DAG(s) dict_keys(['example_complex']) retrieved from /home/airflow/.local/lib/python3.7/site-packages/airflow/example_dags/example_complex.py
[2022-04-13 09:12:03,432] {logging_mixin.py:109} INFO - [2022-04-13 09:12:03,432] {dag.py:2398} INFO - Sync 1 DAGs
[2022-04-13 09:12:03,450] {logging_mixin.py:109} INFO - [2022-04-13 09:12:03,450] {dag.py:2937} INFO - Setting next_dagrun for example_complex to None
[2022-04-13 09:12:03,465] {processor.py:171} INFO - Processing /home/airflow/.local/lib/python3.7/site-packages/airflow/example_dags/example_complex.py took 0.104 seconds
[2022-04-13 09:12:34,702] {processor.py:163} INFO - Started process (PID=759) to work on /home/airflow/.local/lib/python3.7/site-packages/airflow/example_dags/example_complex.py
[2022-04-13 09:12:34,703] {processor.py:642} INFO - Processing file /home/airflow/.local/lib/python3.7/site-packages/airflow/example_dags/example_complex.py for tasks to queue
[2022-04-13 09:12:34,704] {logging_mixin.py:109} INFO - [2022-04-13 09:12:34,704] {dagbag.py:500} INFO - Filling up the DagBag from /home/airflow/.local/lib/python3.7/site-packages/airflow/example_dags/example_complex.py
[2022-04-13 09:12:34,741] {processor.py:652} INFO - DAG(s) dict_keys(['example_complex']) retrieved from /home/airflow/.local/lib/python3.7/site-packages/airflow/example_dags/example_complex.py
[2022-04-13 09:12:34,778] {logging_mixin.py:109} INFO - [2022-04-13 09:12:34,778] {dag.py:2398} INFO - Sync 1 DAGs
[2022-04-13 09:12:34,804] {logging_mixin.py:109} INFO - [2022-04-13 09:12:34,804] {dag.py:2937} INFO - Setting next_dagrun for example_complex to None
[2022-04-13 09:12:34,821] {processor.py:171} INFO - Processing /home/airflow/.local/lib/python3.7/site-packages/airflow/example_dags/example_complex.py took 0.123 seconds
[2022-04-13 09:13:05,814] {processor.py:163} INFO - Started process (PID=809) to work on /home/airflow/.local/lib/python3.7/site-packages/airflow/example_dags/example_complex.py
[2022-04-13 09:13:05,816] {processor.py:642} INFO - Processing file /home/airflow/.local/lib/python3.7/site-packages/airflow/example_dags/example_complex.py for tasks to queue
[2022-04-13 09:13:05,817] {logging_mixin.py:109} INFO - [2022-04-13 09:13:05,817] {dagbag.py:500} INFO - Filling up the DagBag from /home/airflow/.local/lib/python3.7/site-packages/airflow/example_dags/example_complex.py
[2022-04-13 09:13:05,849] {processor.py:652} INFO - DAG(s) dict_keys(['example_complex']) retrieved from /home/airflow/.local/lib/python3.7/site-packages/airflow/example_dags/example_complex.py
[2022-04-13 09:13:05,885] {logging_mixin.py:109} INFO - [2022-04-13 09:13:05,885] {dag.py:2398} INFO - Sync 1 DAGs
[2022-04-13 09:13:05,913] {logging_mixin.py:109} INFO - [2022-04-13 09:13:05,913] {dag.py:2937} INFO - Setting next_dagrun for example_complex to None
[2022-04-13 09:13:05,931] {processor.py:171} INFO - Processing /home/airflow/.local/lib/python3.7/site-packages/airflow/example_dags/example_complex.py took 0.121 seconds
[2022-04-13 09:13:37,157] {processor.py:163} INFO - Started process (PID=870) to work on /home/airflow/.local/lib/python3.7/site-packages/airflow/example_dags/example_complex.py
[2022-04-13 09:13:37,159] {processor.py:642} INFO - Processing file /home/airflow/.local/lib/python3.7/site-packages/airflow/example_dags/example_complex.py for tasks to queue
[2022-04-13 09:13:37,159] {logging_mixin.py:109} INFO - [2022-04-13 09:13:37,159] {dagbag.py:500} INFO - Filling up the DagBag from /home/airflow/.local/lib/python3.7/site-packages/airflow/example_dags/example_complex.py
[2022-04-13 09:13:37,183] {processor.py:652} INFO - DAG(s) dict_keys(['example_complex']) retrieved from /home/airflow/.local/lib/python3.7/site-packages/airflow/example_dags/example_complex.py
[2022-04-13 09:13:37,212] {logging_mixin.py:109} INFO - [2022-04-13 09:13:37,211] {dag.py:2398} INFO - Sync 1 DAGs
[2022-04-13 09:13:37,231] {logging_mixin.py:109} INFO - [2022-04-13 09:13:37,231] {dag.py:2937} INFO - Setting next_dagrun for example_complex to None
[2022-04-13 09:13:37,245] {processor.py:171} INFO - Processing /home/airflow/.local/lib/python3.7/site-packages/airflow/example_dags/example_complex.py took 0.091 seconds
[2022-04-13 09:14:07,949] {processor.py:163} INFO - Started process (PID=921) to work on /home/airflow/.local/lib/python3.7/site-packages/airflow/example_dags/example_complex.py
[2022-04-13 09:14:07,950] {processor.py:642} INFO - Processing file /home/airflow/.local/lib/python3.7/site-packages/airflow/example_dags/example_complex.py for tasks to queue
[2022-04-13 09:14:07,951] {logging_mixin.py:109} INFO - [2022-04-13 09:14:07,951] {dagbag.py:500} INFO - Filling up the DagBag from /home/airflow/.local/lib/python3.7/site-packages/airflow/example_dags/example_complex.py
[2022-04-13 09:14:07,976] {processor.py:652} INFO - DAG(s) dict_keys(['example_complex']) retrieved from /home/airflow/.local/lib/python3.7/site-packages/airflow/example_dags/example_complex.py
[2022-04-13 09:14:08,008] {logging_mixin.py:109} INFO - [2022-04-13 09:14:08,008] {dag.py:2398} INFO - Sync 1 DAGs
[2022-04-13 09:14:08,028] {logging_mixin.py:109} INFO - [2022-04-13 09:14:08,028] {dag.py:2937} INFO - Setting next_dagrun for example_complex to None
[2022-04-13 09:14:08,044] {processor.py:171} INFO - Processing /home/airflow/.local/lib/python3.7/site-packages/airflow/example_dags/example_complex.py took 0.100 seconds
[2022-04-13 09:14:39,141] {processor.py:163} INFO - Started process (PID=981) to work on /home/airflow/.local/lib/python3.7/site-packages/airflow/example_dags/example_complex.py
[2022-04-13 09:14:39,143] {processor.py:642} INFO - Processing file /home/airflow/.local/lib/python3.7/site-packages/airflow/example_dags/example_complex.py for tasks to queue
[2022-04-13 09:14:39,144] {logging_mixin.py:109} INFO - [2022-04-13 09:14:39,144] {dagbag.py:500} INFO - Filling up the DagBag from /home/airflow/.local/lib/python3.7/site-packages/airflow/example_dags/example_complex.py
[2022-04-13 09:14:39,168] {processor.py:652} INFO - DAG(s) dict_keys(['example_complex']) retrieved from /home/airflow/.local/lib/python3.7/site-packages/airflow/example_dags/example_complex.py
[2022-04-13 09:14:39,206] {logging_mixin.py:109} INFO - [2022-04-13 09:14:39,206] {dag.py:2398} INFO - Sync 1 DAGs
[2022-04-13 09:14:39,229] {logging_mixin.py:109} INFO - [2022-04-13 09:14:39,228] {dag.py:2937} INFO - Setting next_dagrun for example_complex to None
[2022-04-13 09:14:39,242] {processor.py:171} INFO - Processing /home/airflow/.local/lib/python3.7/site-packages/airflow/example_dags/example_complex.py took 0.103 seconds
[2022-04-13 09:15:10,366] {processor.py:163} INFO - Started process (PID=1031) to work on /home/airflow/.local/lib/python3.7/site-packages/airflow/example_dags/example_complex.py
[2022-04-13 09:15:10,367] {processor.py:642} INFO - Processing file /home/airflow/.local/lib/python3.7/site-packages/airflow/example_dags/example_complex.py for tasks to queue
[2022-04-13 09:15:10,367] {logging_mixin.py:109} INFO - [2022-04-13 09:15:10,367] {dagbag.py:500} INFO - Filling up the DagBag from /home/airflow/.local/lib/python3.7/site-packages/airflow/example_dags/example_complex.py
[2022-04-13 09:15:10,405] {processor.py:652} INFO - DAG(s) dict_keys(['example_complex']) retrieved from /home/airflow/.local/lib/python3.7/site-packages/airflow/example_dags/example_complex.py
[2022-04-13 09:15:10,443] {logging_mixin.py:109} INFO - [2022-04-13 09:15:10,443] {dag.py:2398} INFO - Sync 1 DAGs
[2022-04-13 09:15:10,467] {logging_mixin.py:109} INFO - [2022-04-13 09:15:10,467] {dag.py:2937} INFO - Setting next_dagrun for example_complex to None
[2022-04-13 09:15:10,483] {processor.py:171} INFO - Processing /home/airflow/.local/lib/python3.7/site-packages/airflow/example_dags/example_complex.py took 0.120 seconds
[2022-04-13 09:15:41,309] {processor.py:163} INFO - Started process (PID=1081) to work on /home/airflow/.local/lib/python3.7/site-packages/airflow/example_dags/example_complex.py
[2022-04-13 09:15:41,312] {processor.py:642} INFO - Processing file /home/airflow/.local/lib/python3.7/site-packages/airflow/example_dags/example_complex.py for tasks to queue
[2022-04-13 09:15:41,313] {logging_mixin.py:109} INFO - [2022-04-13 09:15:41,313] {dagbag.py:500} INFO - Filling up the DagBag from /home/airflow/.local/lib/python3.7/site-packages/airflow/example_dags/example_complex.py
[2022-04-13 09:15:41,345] {processor.py:652} INFO - DAG(s) dict_keys(['example_complex']) retrieved from /home/airflow/.local/lib/python3.7/site-packages/airflow/example_dags/example_complex.py
[2022-04-13 09:15:41,391] {logging_mixin.py:109} INFO - [2022-04-13 09:15:41,390] {dag.py:2398} INFO - Sync 1 DAGs
[2022-04-13 09:15:41,417] {logging_mixin.py:109} INFO - [2022-04-13 09:15:41,417] {dag.py:2937} INFO - Setting next_dagrun for example_complex to None
[2022-04-13 09:15:41,433] {processor.py:171} INFO - Processing /home/airflow/.local/lib/python3.7/site-packages/airflow/example_dags/example_complex.py took 0.127 seconds
[2022-04-13 09:16:12,440] {processor.py:163} INFO - Started process (PID=1141) to work on /home/airflow/.local/lib/python3.7/site-packages/airflow/example_dags/example_complex.py
[2022-04-13 09:16:12,442] {processor.py:642} INFO - Processing file /home/airflow/.local/lib/python3.7/site-packages/airflow/example_dags/example_complex.py for tasks to queue
[2022-04-13 09:16:12,443] {logging_mixin.py:109} INFO - [2022-04-13 09:16:12,442] {dagbag.py:500} INFO - Filling up the DagBag from /home/airflow/.local/lib/python3.7/site-packages/airflow/example_dags/example_complex.py
[2022-04-13 09:16:12,474] {processor.py:652} INFO - DAG(s) dict_keys(['example_complex']) retrieved from /home/airflow/.local/lib/python3.7/site-packages/airflow/example_dags/example_complex.py
[2022-04-13 09:16:12,509] {logging_mixin.py:109} INFO - [2022-04-13 09:16:12,509] {dag.py:2398} INFO - Sync 1 DAGs
[2022-04-13 09:16:12,532] {logging_mixin.py:109} INFO - [2022-04-13 09:16:12,531] {dag.py:2937} INFO - Setting next_dagrun for example_complex to None
[2022-04-13 09:16:12,549] {processor.py:171} INFO - Processing /home/airflow/.local/lib/python3.7/site-packages/airflow/example_dags/example_complex.py took 0.112 seconds
[2022-04-13 09:16:43,091] {processor.py:163} INFO - Started process (PID=1193) to work on /home/airflow/.local/lib/python3.7/site-packages/airflow/example_dags/example_complex.py
[2022-04-13 09:16:43,093] {processor.py:642} INFO - Processing file /home/airflow/.local/lib/python3.7/site-packages/airflow/example_dags/example_complex.py for tasks to queue
[2022-04-13 09:16:43,094] {logging_mixin.py:109} INFO - [2022-04-13 09:16:43,094] {dagbag.py:500} INFO - Filling up the DagBag from /home/airflow/.local/lib/python3.7/site-packages/airflow/example_dags/example_complex.py
[2022-04-13 09:16:43,121] {processor.py:652} INFO - DAG(s) dict_keys(['example_complex']) retrieved from /home/airflow/.local/lib/python3.7/site-packages/airflow/example_dags/example_complex.py
[2022-04-13 09:16:43,155] {logging_mixin.py:109} INFO - [2022-04-13 09:16:43,155] {dag.py:2398} INFO - Sync 1 DAGs
[2022-04-13 09:16:43,181] {logging_mixin.py:109} INFO - [2022-04-13 09:16:43,181] {dag.py:2937} INFO - Setting next_dagrun for example_complex to None
[2022-04-13 09:16:43,201] {processor.py:171} INFO - Processing /home/airflow/.local/lib/python3.7/site-packages/airflow/example_dags/example_complex.py took 0.112 seconds
[2022-04-13 09:17:14,330] {processor.py:163} INFO - Started process (PID=1244) to work on /home/airflow/.local/lib/python3.7/site-packages/airflow/example_dags/example_complex.py
[2022-04-13 09:17:14,331] {processor.py:642} INFO - Processing file /home/airflow/.local/lib/python3.7/site-packages/airflow/example_dags/example_complex.py for tasks to queue
[2022-04-13 09:17:14,332] {logging_mixin.py:109} INFO - [2022-04-13 09:17:14,331] {dagbag.py:500} INFO - Filling up the DagBag from /home/airflow/.local/lib/python3.7/site-packages/airflow/example_dags/example_complex.py
[2022-04-13 09:17:14,358] {processor.py:652} INFO - DAG(s) dict_keys(['example_complex']) retrieved from /home/airflow/.local/lib/python3.7/site-packages/airflow/example_dags/example_complex.py
[2022-04-13 09:17:14,395] {logging_mixin.py:109} INFO - [2022-04-13 09:17:14,395] {dag.py:2398} INFO - Sync 1 DAGs
[2022-04-13 09:17:14,417] {logging_mixin.py:109} INFO - [2022-04-13 09:17:14,417] {dag.py:2937} INFO - Setting next_dagrun for example_complex to None
[2022-04-13 09:17:14,434] {processor.py:171} INFO - Processing /home/airflow/.local/lib/python3.7/site-packages/airflow/example_dags/example_complex.py took 0.108 seconds
[2022-04-13 09:17:45,624] {processor.py:163} INFO - Started process (PID=1305) to work on /home/airflow/.local/lib/python3.7/site-packages/airflow/example_dags/example_complex.py
[2022-04-13 09:17:45,626] {processor.py:642} INFO - Processing file /home/airflow/.local/lib/python3.7/site-packages/airflow/example_dags/example_complex.py for tasks to queue
[2022-04-13 09:17:45,627] {logging_mixin.py:109} INFO - [2022-04-13 09:17:45,627] {dagbag.py:500} INFO - Filling up the DagBag from /home/airflow/.local/lib/python3.7/site-packages/airflow/example_dags/example_complex.py
[2022-04-13 09:17:45,652] {processor.py:652} INFO - DAG(s) dict_keys(['example_complex']) retrieved from /home/airflow/.local/lib/python3.7/site-packages/airflow/example_dags/example_complex.py
[2022-04-13 09:17:45,683] {logging_mixin.py:109} INFO - [2022-04-13 09:17:45,683] {dag.py:2398} INFO - Sync 1 DAGs
[2022-04-13 09:17:45,707] {logging_mixin.py:109} INFO - [2022-04-13 09:17:45,707] {dag.py:2937} INFO - Setting next_dagrun for example_complex to None
[2022-04-13 09:17:45,722] {processor.py:171} INFO - Processing /home/airflow/.local/lib/python3.7/site-packages/airflow/example_dags/example_complex.py took 0.100 seconds
[2022-04-13 09:18:16,541] {processor.py:163} INFO - Started process (PID=1355) to work on /home/airflow/.local/lib/python3.7/site-packages/airflow/example_dags/example_complex.py
[2022-04-13 09:18:16,542] {processor.py:642} INFO - Processing file /home/airflow/.local/lib/python3.7/site-packages/airflow/example_dags/example_complex.py for tasks to queue
[2022-04-13 09:18:16,543] {logging_mixin.py:109} INFO - [2022-04-13 09:18:16,543] {dagbag.py:500} INFO - Filling up the DagBag from /home/airflow/.local/lib/python3.7/site-packages/airflow/example_dags/example_complex.py
[2022-04-13 09:18:16,569] {processor.py:652} INFO - DAG(s) dict_keys(['example_complex']) retrieved from /home/airflow/.local/lib/python3.7/site-packages/airflow/example_dags/example_complex.py
[2022-04-13 09:18:16,608] {logging_mixin.py:109} INFO - [2022-04-13 09:18:16,608] {dag.py:2398} INFO - Sync 1 DAGs
[2022-04-13 09:18:16,631] {logging_mixin.py:109} INFO - [2022-04-13 09:18:16,630] {dag.py:2937} INFO - Setting next_dagrun for example_complex to None
[2022-04-13 09:18:16,656] {processor.py:171} INFO - Processing /home/airflow/.local/lib/python3.7/site-packages/airflow/example_dags/example_complex.py took 0.120 seconds
[2022-04-13 09:18:48,088] {processor.py:163} INFO - Started process (PID=1414) to work on /home/airflow/.local/lib/python3.7/site-packages/airflow/example_dags/example_complex.py
[2022-04-13 09:18:48,089] {processor.py:642} INFO - Processing file /home/airflow/.local/lib/python3.7/site-packages/airflow/example_dags/example_complex.py for tasks to queue
[2022-04-13 09:18:48,090] {logging_mixin.py:109} INFO - [2022-04-13 09:18:48,090] {dagbag.py:500} INFO - Filling up the DagBag from /home/airflow/.local/lib/python3.7/site-packages/airflow/example_dags/example_complex.py
[2022-04-13 09:18:48,119] {processor.py:652} INFO - DAG(s) dict_keys(['example_complex']) retrieved from /home/airflow/.local/lib/python3.7/site-packages/airflow/example_dags/example_complex.py
[2022-04-13 09:18:48,152] {logging_mixin.py:109} INFO - [2022-04-13 09:18:48,152] {dag.py:2398} INFO - Sync 1 DAGs
[2022-04-13 09:18:48,172] {logging_mixin.py:109} INFO - [2022-04-13 09:18:48,172] {dag.py:2937} INFO - Setting next_dagrun for example_complex to None
[2022-04-13 09:18:48,189] {processor.py:171} INFO - Processing /home/airflow/.local/lib/python3.7/site-packages/airflow/example_dags/example_complex.py took 0.106 seconds
[2022-04-13 09:19:19,251] {processor.py:163} INFO - Started process (PID=1467) to work on /home/airflow/.local/lib/python3.7/site-packages/airflow/example_dags/example_complex.py
[2022-04-13 09:19:19,253] {processor.py:642} INFO - Processing file /home/airflow/.local/lib/python3.7/site-packages/airflow/example_dags/example_complex.py for tasks to queue
[2022-04-13 09:19:19,253] {logging_mixin.py:109} INFO - [2022-04-13 09:19:19,253] {dagbag.py:500} INFO - Filling up the DagBag from /home/airflow/.local/lib/python3.7/site-packages/airflow/example_dags/example_complex.py
[2022-04-13 09:19:19,280] {processor.py:652} INFO - DAG(s) dict_keys(['example_complex']) retrieved from /home/airflow/.local/lib/python3.7/site-packages/airflow/example_dags/example_complex.py
[2022-04-13 09:19:19,316] {logging_mixin.py:109} INFO - [2022-04-13 09:19:19,316] {dag.py:2398} INFO - Sync 1 DAGs
[2022-04-13 09:19:19,339] {logging_mixin.py:109} INFO - [2022-04-13 09:19:19,339] {dag.py:2937} INFO - Setting next_dagrun for example_complex to None
[2022-04-13 09:19:19,354] {processor.py:171} INFO - Processing /home/airflow/.local/lib/python3.7/site-packages/airflow/example_dags/example_complex.py took 0.107 seconds
[2022-04-13 09:19:49,851] {processor.py:163} INFO - Started process (PID=1518) to work on /home/airflow/.local/lib/python3.7/site-packages/airflow/example_dags/example_complex.py
[2022-04-13 09:19:49,852] {processor.py:642} INFO - Processing file /home/airflow/.local/lib/python3.7/site-packages/airflow/example_dags/example_complex.py for tasks to queue
[2022-04-13 09:19:49,853] {logging_mixin.py:109} INFO - [2022-04-13 09:19:49,853] {dagbag.py:500} INFO - Filling up the DagBag from /home/airflow/.local/lib/python3.7/site-packages/airflow/example_dags/example_complex.py
[2022-04-13 09:19:49,880] {processor.py:652} INFO - DAG(s) dict_keys(['example_complex']) retrieved from /home/airflow/.local/lib/python3.7/site-packages/airflow/example_dags/example_complex.py
[2022-04-13 09:19:49,913] {logging_mixin.py:109} INFO - [2022-04-13 09:19:49,913] {dag.py:2398} INFO - Sync 1 DAGs
[2022-04-13 09:19:49,934] {logging_mixin.py:109} INFO - [2022-04-13 09:19:49,934] {dag.py:2937} INFO - Setting next_dagrun for example_complex to None
[2022-04-13 09:19:49,951] {processor.py:171} INFO - Processing /home/airflow/.local/lib/python3.7/site-packages/airflow/example_dags/example_complex.py took 0.104 seconds
[2022-04-13 09:20:21,116] {processor.py:163} INFO - Started process (PID=1579) to work on /home/airflow/.local/lib/python3.7/site-packages/airflow/example_dags/example_complex.py
[2022-04-13 09:20:21,117] {processor.py:642} INFO - Processing file /home/airflow/.local/lib/python3.7/site-packages/airflow/example_dags/example_complex.py for tasks to queue
[2022-04-13 09:20:21,118] {logging_mixin.py:109} INFO - [2022-04-13 09:20:21,118] {dagbag.py:500} INFO - Filling up the DagBag from /home/airflow/.local/lib/python3.7/site-packages/airflow/example_dags/example_complex.py
[2022-04-13 09:20:21,148] {processor.py:652} INFO - DAG(s) dict_keys(['example_complex']) retrieved from /home/airflow/.local/lib/python3.7/site-packages/airflow/example_dags/example_complex.py
[2022-04-13 09:20:21,190] {logging_mixin.py:109} INFO - [2022-04-13 09:20:21,190] {dag.py:2398} INFO - Sync 1 DAGs
[2022-04-13 09:20:21,220] {logging_mixin.py:109} INFO - [2022-04-13 09:20:21,219] {dag.py:2937} INFO - Setting next_dagrun for example_complex to None
[2022-04-13 09:20:21,243] {processor.py:171} INFO - Processing /home/airflow/.local/lib/python3.7/site-packages/airflow/example_dags/example_complex.py took 0.130 seconds
[2022-04-13 09:20:52,353] {processor.py:163} INFO - Started process (PID=1631) to work on /home/airflow/.local/lib/python3.7/site-packages/airflow/example_dags/example_complex.py
[2022-04-13 09:20:52,355] {processor.py:642} INFO - Processing file /home/airflow/.local/lib/python3.7/site-packages/airflow/example_dags/example_complex.py for tasks to queue
[2022-04-13 09:20:52,356] {logging_mixin.py:109} INFO - [2022-04-13 09:20:52,356] {dagbag.py:500} INFO - Filling up the DagBag from /home/airflow/.local/lib/python3.7/site-packages/airflow/example_dags/example_complex.py
[2022-04-13 09:20:52,388] {processor.py:652} INFO - DAG(s) dict_keys(['example_complex']) retrieved from /home/airflow/.local/lib/python3.7/site-packages/airflow/example_dags/example_complex.py
[2022-04-13 09:20:52,423] {logging_mixin.py:109} INFO - [2022-04-13 09:20:52,423] {dag.py:2398} INFO - Sync 1 DAGs
[2022-04-13 09:20:52,447] {logging_mixin.py:109} INFO - [2022-04-13 09:20:52,447] {dag.py:2937} INFO - Setting next_dagrun for example_complex to None
[2022-04-13 09:20:52,464] {processor.py:171} INFO - Processing /home/airflow/.local/lib/python3.7/site-packages/airflow/example_dags/example_complex.py took 0.115 seconds
[2022-04-13 09:21:23,421] {processor.py:163} INFO - Started process (PID=1682) to work on /home/airflow/.local/lib/python3.7/site-packages/airflow/example_dags/example_complex.py
[2022-04-13 09:21:23,423] {processor.py:642} INFO - Processing file /home/airflow/.local/lib/python3.7/site-packages/airflow/example_dags/example_complex.py for tasks to queue
[2022-04-13 09:21:23,424] {logging_mixin.py:109} INFO - [2022-04-13 09:21:23,424] {dagbag.py:500} INFO - Filling up the DagBag from /home/airflow/.local/lib/python3.7/site-packages/airflow/example_dags/example_complex.py
[2022-04-13 09:21:23,450] {processor.py:652} INFO - DAG(s) dict_keys(['example_complex']) retrieved from /home/airflow/.local/lib/python3.7/site-packages/airflow/example_dags/example_complex.py
[2022-04-13 09:21:23,482] {logging_mixin.py:109} INFO - [2022-04-13 09:21:23,482] {dag.py:2398} INFO - Sync 1 DAGs
[2022-04-13 09:21:23,505] {logging_mixin.py:109} INFO - [2022-04-13 09:21:23,505] {dag.py:2937} INFO - Setting next_dagrun for example_complex to None
[2022-04-13 09:21:23,525] {processor.py:171} INFO - Processing /home/airflow/.local/lib/python3.7/site-packages/airflow/example_dags/example_complex.py took 0.107 seconds
[2022-04-13 09:21:54,581] {processor.py:163} INFO - Started process (PID=1742) to work on /home/airflow/.local/lib/python3.7/site-packages/airflow/example_dags/example_complex.py
[2022-04-13 09:21:54,583] {processor.py:642} INFO - Processing file /home/airflow/.local/lib/python3.7/site-packages/airflow/example_dags/example_complex.py for tasks to queue
[2022-04-13 09:21:54,584] {logging_mixin.py:109} INFO - [2022-04-13 09:21:54,584] {dagbag.py:500} INFO - Filling up the DagBag from /home/airflow/.local/lib/python3.7/site-packages/airflow/example_dags/example_complex.py
[2022-04-13 09:21:54,609] {processor.py:652} INFO - DAG(s) dict_keys(['example_complex']) retrieved from /home/airflow/.local/lib/python3.7/site-packages/airflow/example_dags/example_complex.py
[2022-04-13 09:21:54,648] {logging_mixin.py:109} INFO - [2022-04-13 09:21:54,648] {dag.py:2398} INFO - Sync 1 DAGs
[2022-04-13 09:21:54,677] {logging_mixin.py:109} INFO - [2022-04-13 09:21:54,677] {dag.py:2937} INFO - Setting next_dagrun for example_complex to None
[2022-04-13 09:21:54,695] {processor.py:171} INFO - Processing /home/airflow/.local/lib/python3.7/site-packages/airflow/example_dags/example_complex.py took 0.116 seconds
[2022-04-13 09:22:25,887] {processor.py:163} INFO - Started process (PID=1794) to work on /home/airflow/.local/lib/python3.7/site-packages/airflow/example_dags/example_complex.py
[2022-04-13 09:22:25,888] {processor.py:642} INFO - Processing file /home/airflow/.local/lib/python3.7/site-packages/airflow/example_dags/example_complex.py for tasks to queue
[2022-04-13 09:22:25,889] {logging_mixin.py:109} INFO - [2022-04-13 09:22:25,889] {dagbag.py:500} INFO - Filling up the DagBag from /home/airflow/.local/lib/python3.7/site-packages/airflow/example_dags/example_complex.py
[2022-04-13 09:22:25,913] {processor.py:652} INFO - DAG(s) dict_keys(['example_complex']) retrieved from /home/airflow/.local/lib/python3.7/site-packages/airflow/example_dags/example_complex.py
[2022-04-13 09:22:25,950] {logging_mixin.py:109} INFO - [2022-04-13 09:22:25,950] {dag.py:2398} INFO - Sync 1 DAGs
[2022-04-13 09:22:25,976] {logging_mixin.py:109} INFO - [2022-04-13 09:22:25,976] {dag.py:2937} INFO - Setting next_dagrun for example_complex to None
[2022-04-13 09:22:25,995] {processor.py:171} INFO - Processing /home/airflow/.local/lib/python3.7/site-packages/airflow/example_dags/example_complex.py took 0.110 seconds
[2022-04-13 09:22:57,437] {processor.py:163} INFO - Started process (PID=1846) to work on /home/airflow/.local/lib/python3.7/site-packages/airflow/example_dags/example_complex.py
[2022-04-13 09:22:57,439] {processor.py:642} INFO - Processing file /home/airflow/.local/lib/python3.7/site-packages/airflow/example_dags/example_complex.py for tasks to queue
[2022-04-13 09:22:57,439] {logging_mixin.py:109} INFO - [2022-04-13 09:22:57,439] {dagbag.py:500} INFO - Filling up the DagBag from /home/airflow/.local/lib/python3.7/site-packages/airflow/example_dags/example_complex.py
[2022-04-13 09:22:57,462] {processor.py:652} INFO - DAG(s) dict_keys(['example_complex']) retrieved from /home/airflow/.local/lib/python3.7/site-packages/airflow/example_dags/example_complex.py
[2022-04-13 09:22:57,500] {logging_mixin.py:109} INFO - [2022-04-13 09:22:57,499] {dag.py:2398} INFO - Sync 1 DAGs
[2022-04-13 09:22:57,520] {logging_mixin.py:109} INFO - [2022-04-13 09:22:57,520] {dag.py:2937} INFO - Setting next_dagrun for example_complex to None
[2022-04-13 09:22:57,538] {processor.py:171} INFO - Processing /home/airflow/.local/lib/python3.7/site-packages/airflow/example_dags/example_complex.py took 0.105 seconds
[2022-04-13 09:23:28,592] {processor.py:163} INFO - Started process (PID=1908) to work on /home/airflow/.local/lib/python3.7/site-packages/airflow/example_dags/example_complex.py
[2022-04-13 09:23:28,593] {processor.py:642} INFO - Processing file /home/airflow/.local/lib/python3.7/site-packages/airflow/example_dags/example_complex.py for tasks to queue
[2022-04-13 09:23:28,593] {logging_mixin.py:109} INFO - [2022-04-13 09:23:28,593] {dagbag.py:500} INFO - Filling up the DagBag from /home/airflow/.local/lib/python3.7/site-packages/airflow/example_dags/example_complex.py
[2022-04-13 09:23:28,620] {processor.py:652} INFO - DAG(s) dict_keys(['example_complex']) retrieved from /home/airflow/.local/lib/python3.7/site-packages/airflow/example_dags/example_complex.py
[2022-04-13 09:23:28,650] {logging_mixin.py:109} INFO - [2022-04-13 09:23:28,650] {dag.py:2398} INFO - Sync 1 DAGs
[2022-04-13 09:23:28,672] {logging_mixin.py:109} INFO - [2022-04-13 09:23:28,672] {dag.py:2937} INFO - Setting next_dagrun for example_complex to None
[2022-04-13 09:23:28,688] {processor.py:171} INFO - Processing /home/airflow/.local/lib/python3.7/site-packages/airflow/example_dags/example_complex.py took 0.099 seconds
[2022-04-13 09:23:59,348] {processor.py:163} INFO - Started process (PID=1958) to work on /home/airflow/.local/lib/python3.7/site-packages/airflow/example_dags/example_complex.py
[2022-04-13 09:23:59,350] {processor.py:642} INFO - Processing file /home/airflow/.local/lib/python3.7/site-packages/airflow/example_dags/example_complex.py for tasks to queue
[2022-04-13 09:23:59,351] {logging_mixin.py:109} INFO - [2022-04-13 09:23:59,351] {dagbag.py:500} INFO - Filling up the DagBag from /home/airflow/.local/lib/python3.7/site-packages/airflow/example_dags/example_complex.py
[2022-04-13 09:23:59,408] {processor.py:652} INFO - DAG(s) dict_keys(['example_complex']) retrieved from /home/airflow/.local/lib/python3.7/site-packages/airflow/example_dags/example_complex.py
[2022-04-13 09:23:59,447] {logging_mixin.py:109} INFO - [2022-04-13 09:23:59,447] {dag.py:2398} INFO - Sync 1 DAGs
[2022-04-13 09:23:59,475] {logging_mixin.py:109} INFO - [2022-04-13 09:23:59,475] {dag.py:2937} INFO - Setting next_dagrun for example_complex to None
[2022-04-13 09:23:59,491] {processor.py:171} INFO - Processing /home/airflow/.local/lib/python3.7/site-packages/airflow/example_dags/example_complex.py took 0.148 seconds
[2022-04-13 09:24:30,622] {processor.py:163} INFO - Started process (PID=2009) to work on /home/airflow/.local/lib/python3.7/site-packages/airflow/example_dags/example_complex.py
[2022-04-13 09:24:30,624] {processor.py:642} INFO - Processing file /home/airflow/.local/lib/python3.7/site-packages/airflow/example_dags/example_complex.py for tasks to queue
[2022-04-13 09:24:30,624] {logging_mixin.py:109} INFO - [2022-04-13 09:24:30,624] {dagbag.py:500} INFO - Filling up the DagBag from /home/airflow/.local/lib/python3.7/site-packages/airflow/example_dags/example_complex.py
[2022-04-13 09:24:30,650] {processor.py:652} INFO - DAG(s) dict_keys(['example_complex']) retrieved from /home/airflow/.local/lib/python3.7/site-packages/airflow/example_dags/example_complex.py
[2022-04-13 09:24:30,685] {logging_mixin.py:109} INFO - [2022-04-13 09:24:30,685] {dag.py:2398} INFO - Sync 1 DAGs
[2022-04-13 09:24:30,706] {logging_mixin.py:109} INFO - [2022-04-13 09:24:30,706] {dag.py:2937} INFO - Setting next_dagrun for example_complex to None
[2022-04-13 09:24:30,723] {processor.py:171} INFO - Processing /home/airflow/.local/lib/python3.7/site-packages/airflow/example_dags/example_complex.py took 0.104 seconds
[2022-04-13 09:25:02,060] {processor.py:163} INFO - Started process (PID=2071) to work on /home/airflow/.local/lib/python3.7/site-packages/airflow/example_dags/example_complex.py
[2022-04-13 09:25:02,062] {processor.py:642} INFO - Processing file /home/airflow/.local/lib/python3.7/site-packages/airflow/example_dags/example_complex.py for tasks to queue
[2022-04-13 09:25:02,062] {logging_mixin.py:109} INFO - [2022-04-13 09:25:02,062] {dagbag.py:500} INFO - Filling up the DagBag from /home/airflow/.local/lib/python3.7/site-packages/airflow/example_dags/example_complex.py
[2022-04-13 09:25:02,094] {processor.py:652} INFO - DAG(s) dict_keys(['example_complex']) retrieved from /home/airflow/.local/lib/python3.7/site-packages/airflow/example_dags/example_complex.py
[2022-04-13 09:25:02,124] {logging_mixin.py:109} INFO - [2022-04-13 09:25:02,124] {dag.py:2398} INFO - Sync 1 DAGs
[2022-04-13 09:25:02,143] {logging_mixin.py:109} INFO - [2022-04-13 09:25:02,142] {dag.py:2937} INFO - Setting next_dagrun for example_complex to None
[2022-04-13 09:25:02,158] {processor.py:171} INFO - Processing /home/airflow/.local/lib/python3.7/site-packages/airflow/example_dags/example_complex.py took 0.101 seconds
[2022-04-13 09:25:32,337] {processor.py:163} INFO - Started process (PID=2121) to work on /home/airflow/.local/lib/python3.7/site-packages/airflow/example_dags/example_complex.py
[2022-04-13 09:25:32,339] {processor.py:642} INFO - Processing file /home/airflow/.local/lib/python3.7/site-packages/airflow/example_dags/example_complex.py for tasks to queue
[2022-04-13 09:25:32,339] {logging_mixin.py:109} INFO - [2022-04-13 09:25:32,339] {dagbag.py:500} INFO - Filling up the DagBag from /home/airflow/.local/lib/python3.7/site-packages/airflow/example_dags/example_complex.py
[2022-04-13 09:25:32,371] {processor.py:652} INFO - DAG(s) dict_keys(['example_complex']) retrieved from /home/airflow/.local/lib/python3.7/site-packages/airflow/example_dags/example_complex.py
[2022-04-13 09:25:32,425] {logging_mixin.py:109} INFO - [2022-04-13 09:25:32,425] {dag.py:2398} INFO - Sync 1 DAGs
[2022-04-13 09:25:32,449] {logging_mixin.py:109} INFO - [2022-04-13 09:25:32,448] {dag.py:2937} INFO - Setting next_dagrun for example_complex to None
[2022-04-13 09:25:32,467] {processor.py:171} INFO - Processing /home/airflow/.local/lib/python3.7/site-packages/airflow/example_dags/example_complex.py took 0.132 seconds
[2022-04-13 09:26:03,579] {processor.py:163} INFO - Started process (PID=2172) to work on /home/airflow/.local/lib/python3.7/site-packages/airflow/example_dags/example_complex.py
[2022-04-13 09:26:03,580] {processor.py:642} INFO - Processing file /home/airflow/.local/lib/python3.7/site-packages/airflow/example_dags/example_complex.py for tasks to queue
[2022-04-13 09:26:03,581] {logging_mixin.py:109} INFO - [2022-04-13 09:26:03,581] {dagbag.py:500} INFO - Filling up the DagBag from /home/airflow/.local/lib/python3.7/site-packages/airflow/example_dags/example_complex.py
[2022-04-13 09:26:03,603] {processor.py:652} INFO - DAG(s) dict_keys(['example_complex']) retrieved from /home/airflow/.local/lib/python3.7/site-packages/airflow/example_dags/example_complex.py
[2022-04-13 09:26:03,631] {logging_mixin.py:109} INFO - [2022-04-13 09:26:03,630] {dag.py:2398} INFO - Sync 1 DAGs
[2022-04-13 09:26:03,660] {logging_mixin.py:109} INFO - [2022-04-13 09:26:03,660] {dag.py:2937} INFO - Setting next_dagrun for example_complex to None
[2022-04-13 09:26:03,673] {processor.py:171} INFO - Processing /home/airflow/.local/lib/python3.7/site-packages/airflow/example_dags/example_complex.py took 0.096 seconds
