[2022-04-13 08:46:42,997] {processor.py:163} INFO - Started process (PID=345) to work on /home/airflow/.local/lib/python3.7/site-packages/airflow/example_dags/example_task_group_decorator.py
[2022-04-13 08:46:42,998] {processor.py:642} INFO - Processing file /home/airflow/.local/lib/python3.7/site-packages/airflow/example_dags/example_task_group_decorator.py for tasks to queue
[2022-04-13 08:46:42,999] {logging_mixin.py:109} INFO - [2022-04-13 08:46:42,999] {dagbag.py:500} INFO - Filling up the DagBag from /home/airflow/.local/lib/python3.7/site-packages/airflow/example_dags/example_task_group_decorator.py
[2022-04-13 08:46:43,037] {processor.py:652} INFO - DAG(s) dict_keys(['example_task_group_decorator']) retrieved from /home/airflow/.local/lib/python3.7/site-packages/airflow/example_dags/example_task_group_decorator.py
[2022-04-13 08:46:45,060] {logging_mixin.py:109} INFO - [2022-04-13 08:46:45,059] {manager.py:496} INFO - Created Permission View: can read on DAG:example_task_group_decorator
[2022-04-13 08:46:45,074] {logging_mixin.py:109} INFO - [2022-04-13 08:46:45,074] {manager.py:496} INFO - Created Permission View: can edit on DAG:example_task_group_decorator
[2022-04-13 08:46:45,075] {logging_mixin.py:109} INFO - [2022-04-13 08:46:45,074] {dag.py:2398} INFO - Sync 1 DAGs
[2022-04-13 08:46:45,086] {logging_mixin.py:109} INFO - [2022-04-13 08:46:45,085] {dag.py:2417} INFO - Creating ORM DAG for example_task_group_decorator
[2022-04-13 08:46:45,096] {logging_mixin.py:109} INFO - [2022-04-13 08:46:45,096] {dag.py:2937} INFO - Setting next_dagrun for example_task_group_decorator to 2022-04-12T08:46:45.096467+00:00
[2022-04-13 08:46:45,114] {processor.py:171} INFO - Processing /home/airflow/.local/lib/python3.7/site-packages/airflow/example_dags/example_task_group_decorator.py took 2.120 seconds
[2022-04-13 08:47:15,157] {processor.py:163} INFO - Started process (PID=491) to work on /home/airflow/.local/lib/python3.7/site-packages/airflow/example_dags/example_task_group_decorator.py
[2022-04-13 08:47:15,160] {processor.py:642} INFO - Processing file /home/airflow/.local/lib/python3.7/site-packages/airflow/example_dags/example_task_group_decorator.py for tasks to queue
[2022-04-13 08:47:15,161] {logging_mixin.py:109} INFO - [2022-04-13 08:47:15,160] {dagbag.py:500} INFO - Filling up the DagBag from /home/airflow/.local/lib/python3.7/site-packages/airflow/example_dags/example_task_group_decorator.py
[2022-04-13 08:47:15,193] {processor.py:652} INFO - DAG(s) dict_keys(['example_task_group_decorator']) retrieved from /home/airflow/.local/lib/python3.7/site-packages/airflow/example_dags/example_task_group_decorator.py
[2022-04-13 08:47:15,571] {logging_mixin.py:109} INFO - [2022-04-13 08:47:15,571] {dag.py:2398} INFO - Sync 1 DAGs
[2022-04-13 08:47:15,597] {logging_mixin.py:109} INFO - [2022-04-13 08:47:15,596] {dag.py:2937} INFO - Setting next_dagrun for example_task_group_decorator to 2022-04-12T08:47:15.596583+00:00
[2022-04-13 08:47:15,620] {processor.py:171} INFO - Processing /home/airflow/.local/lib/python3.7/site-packages/airflow/example_dags/example_task_group_decorator.py took 0.466 seconds
[2022-04-13 08:47:45,845] {processor.py:163} INFO - Started process (PID=552) to work on /home/airflow/.local/lib/python3.7/site-packages/airflow/example_dags/example_task_group_decorator.py
[2022-04-13 08:47:45,846] {processor.py:642} INFO - Processing file /home/airflow/.local/lib/python3.7/site-packages/airflow/example_dags/example_task_group_decorator.py for tasks to queue
[2022-04-13 08:47:45,846] {logging_mixin.py:109} INFO - [2022-04-13 08:47:45,846] {dagbag.py:500} INFO - Filling up the DagBag from /home/airflow/.local/lib/python3.7/site-packages/airflow/example_dags/example_task_group_decorator.py
[2022-04-13 08:47:45,870] {processor.py:652} INFO - DAG(s) dict_keys(['example_task_group_decorator']) retrieved from /home/airflow/.local/lib/python3.7/site-packages/airflow/example_dags/example_task_group_decorator.py
[2022-04-13 08:47:46,153] {logging_mixin.py:109} INFO - [2022-04-13 08:47:46,152] {dag.py:2398} INFO - Sync 1 DAGs
[2022-04-13 08:47:46,167] {logging_mixin.py:109} INFO - [2022-04-13 08:47:46,167] {dag.py:2937} INFO - Setting next_dagrun for example_task_group_decorator to 2022-04-12T08:47:46.167481+00:00
[2022-04-13 08:47:46,180] {processor.py:171} INFO - Processing /home/airflow/.local/lib/python3.7/site-packages/airflow/example_dags/example_task_group_decorator.py took 0.337 seconds
[2022-04-13 08:48:16,980] {processor.py:163} INFO - Started process (PID=602) to work on /home/airflow/.local/lib/python3.7/site-packages/airflow/example_dags/example_task_group_decorator.py
[2022-04-13 08:48:16,990] {processor.py:642} INFO - Processing file /home/airflow/.local/lib/python3.7/site-packages/airflow/example_dags/example_task_group_decorator.py for tasks to queue
[2022-04-13 08:48:16,991] {logging_mixin.py:109} INFO - [2022-04-13 08:48:16,991] {dagbag.py:500} INFO - Filling up the DagBag from /home/airflow/.local/lib/python3.7/site-packages/airflow/example_dags/example_task_group_decorator.py
[2022-04-13 08:48:17,036] {processor.py:652} INFO - DAG(s) dict_keys(['example_task_group_decorator']) retrieved from /home/airflow/.local/lib/python3.7/site-packages/airflow/example_dags/example_task_group_decorator.py
[2022-04-13 08:48:17,390] {logging_mixin.py:109} INFO - [2022-04-13 08:48:17,390] {dag.py:2398} INFO - Sync 1 DAGs
[2022-04-13 08:48:17,406] {logging_mixin.py:109} INFO - [2022-04-13 08:48:17,406] {dag.py:2937} INFO - Setting next_dagrun for example_task_group_decorator to 2022-04-12T08:48:17.406352+00:00
[2022-04-13 08:48:17,422] {processor.py:171} INFO - Processing /home/airflow/.local/lib/python3.7/site-packages/airflow/example_dags/example_task_group_decorator.py took 0.445 seconds
[2022-04-13 08:52:10,746] {processor.py:163} INFO - Started process (PID=59) to work on /home/airflow/.local/lib/python3.7/site-packages/airflow/example_dags/example_task_group_decorator.py
[2022-04-13 08:52:10,748] {processor.py:642} INFO - Processing file /home/airflow/.local/lib/python3.7/site-packages/airflow/example_dags/example_task_group_decorator.py for tasks to queue
[2022-04-13 08:52:10,749] {logging_mixin.py:109} INFO - [2022-04-13 08:52:10,749] {dagbag.py:500} INFO - Filling up the DagBag from /home/airflow/.local/lib/python3.7/site-packages/airflow/example_dags/example_task_group_decorator.py
[2022-04-13 08:52:10,798] {processor.py:652} INFO - DAG(s) dict_keys(['example_task_group_decorator']) retrieved from /home/airflow/.local/lib/python3.7/site-packages/airflow/example_dags/example_task_group_decorator.py
[2022-04-13 08:52:11,240] {logging_mixin.py:109} INFO - [2022-04-13 08:52:11,240] {dag.py:2398} INFO - Sync 1 DAGs
[2022-04-13 08:52:11,264] {logging_mixin.py:109} INFO - [2022-04-13 08:52:11,264] {dag.py:2937} INFO - Setting next_dagrun for example_task_group_decorator to 2022-04-12T08:52:11.264159+00:00
[2022-04-13 08:52:11,286] {processor.py:171} INFO - Processing /home/airflow/.local/lib/python3.7/site-packages/airflow/example_dags/example_task_group_decorator.py took 0.542 seconds
[2022-04-13 08:54:27,697] {processor.py:163} INFO - Started process (PID=63) to work on /home/airflow/.local/lib/python3.7/site-packages/airflow/example_dags/example_task_group_decorator.py
[2022-04-13 08:54:27,699] {processor.py:642} INFO - Processing file /home/airflow/.local/lib/python3.7/site-packages/airflow/example_dags/example_task_group_decorator.py for tasks to queue
[2022-04-13 08:54:27,700] {logging_mixin.py:109} INFO - [2022-04-13 08:54:27,700] {dagbag.py:500} INFO - Filling up the DagBag from /home/airflow/.local/lib/python3.7/site-packages/airflow/example_dags/example_task_group_decorator.py
[2022-04-13 08:54:27,745] {processor.py:652} INFO - DAG(s) dict_keys(['example_task_group_decorator']) retrieved from /home/airflow/.local/lib/python3.7/site-packages/airflow/example_dags/example_task_group_decorator.py
[2022-04-13 08:54:28,076] {logging_mixin.py:109} INFO - [2022-04-13 08:54:28,076] {dag.py:2398} INFO - Sync 1 DAGs
[2022-04-13 08:54:28,090] {logging_mixin.py:109} INFO - [2022-04-13 08:54:28,090] {dag.py:2937} INFO - Setting next_dagrun for example_task_group_decorator to 2022-04-12T08:54:28.090123+00:00
[2022-04-13 08:54:28,104] {processor.py:171} INFO - Processing /home/airflow/.local/lib/python3.7/site-packages/airflow/example_dags/example_task_group_decorator.py took 0.410 seconds
[2022-04-13 08:54:58,385] {processor.py:163} INFO - Started process (PID=117) to work on /home/airflow/.local/lib/python3.7/site-packages/airflow/example_dags/example_task_group_decorator.py
[2022-04-13 08:54:58,386] {processor.py:642} INFO - Processing file /home/airflow/.local/lib/python3.7/site-packages/airflow/example_dags/example_task_group_decorator.py for tasks to queue
[2022-04-13 08:54:58,387] {logging_mixin.py:109} INFO - [2022-04-13 08:54:58,387] {dagbag.py:500} INFO - Filling up the DagBag from /home/airflow/.local/lib/python3.7/site-packages/airflow/example_dags/example_task_group_decorator.py
[2022-04-13 08:54:58,410] {processor.py:652} INFO - DAG(s) dict_keys(['example_task_group_decorator']) retrieved from /home/airflow/.local/lib/python3.7/site-packages/airflow/example_dags/example_task_group_decorator.py
[2022-04-13 08:54:58,660] {logging_mixin.py:109} INFO - [2022-04-13 08:54:58,660] {dag.py:2398} INFO - Sync 1 DAGs
[2022-04-13 08:54:58,673] {logging_mixin.py:109} INFO - [2022-04-13 08:54:58,673] {dag.py:2937} INFO - Setting next_dagrun for example_task_group_decorator to 2022-04-12T08:54:58.673173+00:00
[2022-04-13 08:54:58,688] {processor.py:171} INFO - Processing /home/airflow/.local/lib/python3.7/site-packages/airflow/example_dags/example_task_group_decorator.py took 0.305 seconds
[2022-04-13 08:55:29,542] {processor.py:163} INFO - Started process (PID=175) to work on /home/airflow/.local/lib/python3.7/site-packages/airflow/example_dags/example_task_group_decorator.py
[2022-04-13 08:55:29,543] {processor.py:642} INFO - Processing file /home/airflow/.local/lib/python3.7/site-packages/airflow/example_dags/example_task_group_decorator.py for tasks to queue
[2022-04-13 08:55:29,543] {logging_mixin.py:109} INFO - [2022-04-13 08:55:29,543] {dagbag.py:500} INFO - Filling up the DagBag from /home/airflow/.local/lib/python3.7/site-packages/airflow/example_dags/example_task_group_decorator.py
[2022-04-13 08:55:29,578] {processor.py:652} INFO - DAG(s) dict_keys(['example_task_group_decorator']) retrieved from /home/airflow/.local/lib/python3.7/site-packages/airflow/example_dags/example_task_group_decorator.py
[2022-04-13 08:55:29,887] {logging_mixin.py:109} INFO - [2022-04-13 08:55:29,887] {dag.py:2398} INFO - Sync 1 DAGs
[2022-04-13 08:55:29,902] {logging_mixin.py:109} INFO - [2022-04-13 08:55:29,902] {dag.py:2937} INFO - Setting next_dagrun for example_task_group_decorator to 2022-04-12T08:55:29.901976+00:00
[2022-04-13 08:55:29,917] {processor.py:171} INFO - Processing /home/airflow/.local/lib/python3.7/site-packages/airflow/example_dags/example_task_group_decorator.py took 0.378 seconds
[2022-04-13 08:56:01,299] {processor.py:163} INFO - Started process (PID=234) to work on /home/airflow/.local/lib/python3.7/site-packages/airflow/example_dags/example_task_group_decorator.py
[2022-04-13 08:56:01,301] {processor.py:642} INFO - Processing file /home/airflow/.local/lib/python3.7/site-packages/airflow/example_dags/example_task_group_decorator.py for tasks to queue
[2022-04-13 08:56:01,302] {logging_mixin.py:109} INFO - [2022-04-13 08:56:01,301] {dagbag.py:500} INFO - Filling up the DagBag from /home/airflow/.local/lib/python3.7/site-packages/airflow/example_dags/example_task_group_decorator.py
[2022-04-13 08:56:01,346] {processor.py:652} INFO - DAG(s) dict_keys(['example_task_group_decorator']) retrieved from /home/airflow/.local/lib/python3.7/site-packages/airflow/example_dags/example_task_group_decorator.py
[2022-04-13 08:56:01,829] {logging_mixin.py:109} INFO - [2022-04-13 08:56:01,829] {dag.py:2398} INFO - Sync 1 DAGs
[2022-04-13 08:56:01,856] {logging_mixin.py:109} INFO - [2022-04-13 08:56:01,855] {dag.py:2937} INFO - Setting next_dagrun for example_task_group_decorator to 2022-04-12T08:56:01.855717+00:00
[2022-04-13 08:56:01,875] {processor.py:171} INFO - Processing /home/airflow/.local/lib/python3.7/site-packages/airflow/example_dags/example_task_group_decorator.py took 0.580 seconds
[2022-04-13 08:56:32,313] {processor.py:163} INFO - Started process (PID=288) to work on /home/airflow/.local/lib/python3.7/site-packages/airflow/example_dags/example_task_group_decorator.py
[2022-04-13 08:56:32,314] {processor.py:642} INFO - Processing file /home/airflow/.local/lib/python3.7/site-packages/airflow/example_dags/example_task_group_decorator.py for tasks to queue
[2022-04-13 08:56:32,315] {logging_mixin.py:109} INFO - [2022-04-13 08:56:32,315] {dagbag.py:500} INFO - Filling up the DagBag from /home/airflow/.local/lib/python3.7/site-packages/airflow/example_dags/example_task_group_decorator.py
[2022-04-13 08:56:32,338] {processor.py:652} INFO - DAG(s) dict_keys(['example_task_group_decorator']) retrieved from /home/airflow/.local/lib/python3.7/site-packages/airflow/example_dags/example_task_group_decorator.py
[2022-04-13 08:56:32,663] {logging_mixin.py:109} INFO - [2022-04-13 08:56:32,663] {dag.py:2398} INFO - Sync 1 DAGs
[2022-04-13 08:56:32,686] {logging_mixin.py:109} INFO - [2022-04-13 08:56:32,686] {dag.py:2937} INFO - Setting next_dagrun for example_task_group_decorator to 2022-04-12T08:56:32.685830+00:00
[2022-04-13 08:56:32,701] {processor.py:171} INFO - Processing /home/airflow/.local/lib/python3.7/site-packages/airflow/example_dags/example_task_group_decorator.py took 0.390 seconds
[2022-04-13 08:57:03,355] {processor.py:163} INFO - Started process (PID=348) to work on /home/airflow/.local/lib/python3.7/site-packages/airflow/example_dags/example_task_group_decorator.py
[2022-04-13 08:57:03,356] {processor.py:642} INFO - Processing file /home/airflow/.local/lib/python3.7/site-packages/airflow/example_dags/example_task_group_decorator.py for tasks to queue
[2022-04-13 08:57:03,357] {logging_mixin.py:109} INFO - [2022-04-13 08:57:03,356] {dagbag.py:500} INFO - Filling up the DagBag from /home/airflow/.local/lib/python3.7/site-packages/airflow/example_dags/example_task_group_decorator.py
[2022-04-13 08:57:03,389] {processor.py:652} INFO - DAG(s) dict_keys(['example_task_group_decorator']) retrieved from /home/airflow/.local/lib/python3.7/site-packages/airflow/example_dags/example_task_group_decorator.py
[2022-04-13 08:57:03,666] {logging_mixin.py:109} INFO - [2022-04-13 08:57:03,666] {dag.py:2398} INFO - Sync 1 DAGs
[2022-04-13 08:57:03,678] {logging_mixin.py:109} INFO - [2022-04-13 08:57:03,678] {dag.py:2937} INFO - Setting next_dagrun for example_task_group_decorator to 2022-04-12T08:57:03.678414+00:00
[2022-04-13 08:57:03,691] {processor.py:171} INFO - Processing /home/airflow/.local/lib/python3.7/site-packages/airflow/example_dags/example_task_group_decorator.py took 0.338 seconds
[2022-04-13 08:57:33,752] {processor.py:163} INFO - Started process (PID=398) to work on /home/airflow/.local/lib/python3.7/site-packages/airflow/example_dags/example_task_group_decorator.py
[2022-04-13 08:57:33,754] {processor.py:642} INFO - Processing file /home/airflow/.local/lib/python3.7/site-packages/airflow/example_dags/example_task_group_decorator.py for tasks to queue
[2022-04-13 08:57:33,754] {logging_mixin.py:109} INFO - [2022-04-13 08:57:33,754] {dagbag.py:500} INFO - Filling up the DagBag from /home/airflow/.local/lib/python3.7/site-packages/airflow/example_dags/example_task_group_decorator.py
[2022-04-13 08:57:33,784] {processor.py:652} INFO - DAG(s) dict_keys(['example_task_group_decorator']) retrieved from /home/airflow/.local/lib/python3.7/site-packages/airflow/example_dags/example_task_group_decorator.py
[2022-04-13 08:57:34,089] {logging_mixin.py:109} INFO - [2022-04-13 08:57:34,089] {dag.py:2398} INFO - Sync 1 DAGs
[2022-04-13 08:57:34,105] {logging_mixin.py:109} INFO - [2022-04-13 08:57:34,105] {dag.py:2937} INFO - Setting next_dagrun for example_task_group_decorator to 2022-04-12T08:57:34.105244+00:00
[2022-04-13 08:57:34,120] {processor.py:171} INFO - Processing /home/airflow/.local/lib/python3.7/site-packages/airflow/example_dags/example_task_group_decorator.py took 0.370 seconds
[2022-04-13 08:58:04,965] {processor.py:163} INFO - Started process (PID=459) to work on /home/airflow/.local/lib/python3.7/site-packages/airflow/example_dags/example_task_group_decorator.py
[2022-04-13 08:58:04,966] {processor.py:642} INFO - Processing file /home/airflow/.local/lib/python3.7/site-packages/airflow/example_dags/example_task_group_decorator.py for tasks to queue
[2022-04-13 08:58:04,967] {logging_mixin.py:109} INFO - [2022-04-13 08:58:04,967] {dagbag.py:500} INFO - Filling up the DagBag from /home/airflow/.local/lib/python3.7/site-packages/airflow/example_dags/example_task_group_decorator.py
[2022-04-13 08:58:04,988] {processor.py:652} INFO - DAG(s) dict_keys(['example_task_group_decorator']) retrieved from /home/airflow/.local/lib/python3.7/site-packages/airflow/example_dags/example_task_group_decorator.py
[2022-04-13 08:58:05,267] {logging_mixin.py:109} INFO - [2022-04-13 08:58:05,267] {dag.py:2398} INFO - Sync 1 DAGs
[2022-04-13 08:58:05,281] {logging_mixin.py:109} INFO - [2022-04-13 08:58:05,280] {dag.py:2937} INFO - Setting next_dagrun for example_task_group_decorator to 2022-04-12T08:58:05.280762+00:00
[2022-04-13 08:58:05,294] {processor.py:171} INFO - Processing /home/airflow/.local/lib/python3.7/site-packages/airflow/example_dags/example_task_group_decorator.py took 0.331 seconds
[2022-04-13 08:58:35,317] {processor.py:163} INFO - Started process (PID=511) to work on /home/airflow/.local/lib/python3.7/site-packages/airflow/example_dags/example_task_group_decorator.py
[2022-04-13 08:58:35,319] {processor.py:642} INFO - Processing file /home/airflow/.local/lib/python3.7/site-packages/airflow/example_dags/example_task_group_decorator.py for tasks to queue
[2022-04-13 08:58:35,320] {logging_mixin.py:109} INFO - [2022-04-13 08:58:35,320] {dagbag.py:500} INFO - Filling up the DagBag from /home/airflow/.local/lib/python3.7/site-packages/airflow/example_dags/example_task_group_decorator.py
[2022-04-13 08:58:35,355] {processor.py:652} INFO - DAG(s) dict_keys(['example_task_group_decorator']) retrieved from /home/airflow/.local/lib/python3.7/site-packages/airflow/example_dags/example_task_group_decorator.py
[2022-04-13 08:58:35,634] {logging_mixin.py:109} INFO - [2022-04-13 08:58:35,634] {dag.py:2398} INFO - Sync 1 DAGs
[2022-04-13 08:58:35,648] {logging_mixin.py:109} INFO - [2022-04-13 08:58:35,647] {dag.py:2937} INFO - Setting next_dagrun for example_task_group_decorator to 2022-04-12T08:58:35.647471+00:00
[2022-04-13 08:58:35,664] {processor.py:171} INFO - Processing /home/airflow/.local/lib/python3.7/site-packages/airflow/example_dags/example_task_group_decorator.py took 0.350 seconds
[2022-04-13 08:59:05,827] {processor.py:163} INFO - Started process (PID=572) to work on /home/airflow/.local/lib/python3.7/site-packages/airflow/example_dags/example_task_group_decorator.py
[2022-04-13 08:59:05,828] {processor.py:642} INFO - Processing file /home/airflow/.local/lib/python3.7/site-packages/airflow/example_dags/example_task_group_decorator.py for tasks to queue
[2022-04-13 08:59:05,829] {logging_mixin.py:109} INFO - [2022-04-13 08:59:05,829] {dagbag.py:500} INFO - Filling up the DagBag from /home/airflow/.local/lib/python3.7/site-packages/airflow/example_dags/example_task_group_decorator.py
[2022-04-13 08:59:05,874] {processor.py:652} INFO - DAG(s) dict_keys(['example_task_group_decorator']) retrieved from /home/airflow/.local/lib/python3.7/site-packages/airflow/example_dags/example_task_group_decorator.py
[2022-04-13 08:59:06,335] {logging_mixin.py:109} INFO - [2022-04-13 08:59:06,335] {dag.py:2398} INFO - Sync 1 DAGs
[2022-04-13 08:59:06,359] {logging_mixin.py:109} INFO - [2022-04-13 08:59:06,359] {dag.py:2937} INFO - Setting next_dagrun for example_task_group_decorator to 2022-04-12T08:59:06.359190+00:00
[2022-04-13 08:59:06,382] {processor.py:171} INFO - Processing /home/airflow/.local/lib/python3.7/site-packages/airflow/example_dags/example_task_group_decorator.py took 0.559 seconds
[2022-04-13 08:59:36,883] {processor.py:163} INFO - Started process (PID=624) to work on /home/airflow/.local/lib/python3.7/site-packages/airflow/example_dags/example_task_group_decorator.py
[2022-04-13 08:59:36,885] {processor.py:642} INFO - Processing file /home/airflow/.local/lib/python3.7/site-packages/airflow/example_dags/example_task_group_decorator.py for tasks to queue
[2022-04-13 08:59:36,885] {logging_mixin.py:109} INFO - [2022-04-13 08:59:36,885] {dagbag.py:500} INFO - Filling up the DagBag from /home/airflow/.local/lib/python3.7/site-packages/airflow/example_dags/example_task_group_decorator.py
[2022-04-13 08:59:36,910] {processor.py:652} INFO - DAG(s) dict_keys(['example_task_group_decorator']) retrieved from /home/airflow/.local/lib/python3.7/site-packages/airflow/example_dags/example_task_group_decorator.py
[2022-04-13 08:59:37,216] {logging_mixin.py:109} INFO - [2022-04-13 08:59:37,216] {dag.py:2398} INFO - Sync 1 DAGs
[2022-04-13 08:59:37,228] {logging_mixin.py:109} INFO - [2022-04-13 08:59:37,228] {dag.py:2937} INFO - Setting next_dagrun for example_task_group_decorator to 2022-04-12T08:59:37.227835+00:00
[2022-04-13 08:59:37,239] {processor.py:171} INFO - Processing /home/airflow/.local/lib/python3.7/site-packages/airflow/example_dags/example_task_group_decorator.py took 0.359 seconds
[2022-04-13 09:00:07,512] {processor.py:163} INFO - Started process (PID=674) to work on /home/airflow/.local/lib/python3.7/site-packages/airflow/example_dags/example_task_group_decorator.py
[2022-04-13 09:00:07,514] {processor.py:642} INFO - Processing file /home/airflow/.local/lib/python3.7/site-packages/airflow/example_dags/example_task_group_decorator.py for tasks to queue
[2022-04-13 09:00:07,515] {logging_mixin.py:109} INFO - [2022-04-13 09:00:07,515] {dagbag.py:500} INFO - Filling up the DagBag from /home/airflow/.local/lib/python3.7/site-packages/airflow/example_dags/example_task_group_decorator.py
[2022-04-13 09:00:07,579] {processor.py:652} INFO - DAG(s) dict_keys(['example_task_group_decorator']) retrieved from /home/airflow/.local/lib/python3.7/site-packages/airflow/example_dags/example_task_group_decorator.py
[2022-04-13 09:00:07,982] {logging_mixin.py:109} INFO - [2022-04-13 09:00:07,982] {dag.py:2398} INFO - Sync 1 DAGs
[2022-04-13 09:00:07,998] {logging_mixin.py:109} INFO - [2022-04-13 09:00:07,998] {dag.py:2937} INFO - Setting next_dagrun for example_task_group_decorator to 2022-04-12T09:00:07.998394+00:00
[2022-04-13 09:00:08,014] {processor.py:171} INFO - Processing /home/airflow/.local/lib/python3.7/site-packages/airflow/example_dags/example_task_group_decorator.py took 0.506 seconds
[2022-04-13 09:00:38,365] {processor.py:163} INFO - Started process (PID=735) to work on /home/airflow/.local/lib/python3.7/site-packages/airflow/example_dags/example_task_group_decorator.py
[2022-04-13 09:00:38,369] {processor.py:642} INFO - Processing file /home/airflow/.local/lib/python3.7/site-packages/airflow/example_dags/example_task_group_decorator.py for tasks to queue
[2022-04-13 09:00:38,370] {logging_mixin.py:109} INFO - [2022-04-13 09:00:38,370] {dagbag.py:500} INFO - Filling up the DagBag from /home/airflow/.local/lib/python3.7/site-packages/airflow/example_dags/example_task_group_decorator.py
[2022-04-13 09:00:38,440] {processor.py:652} INFO - DAG(s) dict_keys(['example_task_group_decorator']) retrieved from /home/airflow/.local/lib/python3.7/site-packages/airflow/example_dags/example_task_group_decorator.py
[2022-04-13 09:00:38,950] {logging_mixin.py:109} INFO - [2022-04-13 09:00:38,950] {dag.py:2398} INFO - Sync 1 DAGs
[2022-04-13 09:00:38,975] {logging_mixin.py:109} INFO - [2022-04-13 09:00:38,974] {dag.py:2937} INFO - Setting next_dagrun for example_task_group_decorator to 2022-04-12T09:00:38.974382+00:00
[2022-04-13 09:00:38,999] {processor.py:171} INFO - Processing /home/airflow/.local/lib/python3.7/site-packages/airflow/example_dags/example_task_group_decorator.py took 0.640 seconds
[2022-04-13 09:01:09,376] {processor.py:163} INFO - Started process (PID=786) to work on /home/airflow/.local/lib/python3.7/site-packages/airflow/example_dags/example_task_group_decorator.py
[2022-04-13 09:01:09,378] {processor.py:642} INFO - Processing file /home/airflow/.local/lib/python3.7/site-packages/airflow/example_dags/example_task_group_decorator.py for tasks to queue
[2022-04-13 09:01:09,379] {logging_mixin.py:109} INFO - [2022-04-13 09:01:09,379] {dagbag.py:500} INFO - Filling up the DagBag from /home/airflow/.local/lib/python3.7/site-packages/airflow/example_dags/example_task_group_decorator.py
[2022-04-13 09:01:09,410] {processor.py:652} INFO - DAG(s) dict_keys(['example_task_group_decorator']) retrieved from /home/airflow/.local/lib/python3.7/site-packages/airflow/example_dags/example_task_group_decorator.py
[2022-04-13 09:01:09,827] {logging_mixin.py:109} INFO - [2022-04-13 09:01:09,827] {dag.py:2398} INFO - Sync 1 DAGs
[2022-04-13 09:01:09,847] {logging_mixin.py:109} INFO - [2022-04-13 09:01:09,847] {dag.py:2937} INFO - Setting next_dagrun for example_task_group_decorator to 2022-04-12T09:01:09.846857+00:00
[2022-04-13 09:01:09,867] {processor.py:171} INFO - Processing /home/airflow/.local/lib/python3.7/site-packages/airflow/example_dags/example_task_group_decorator.py took 0.494 seconds
[2022-04-13 09:01:40,122] {processor.py:163} INFO - Started process (PID=838) to work on /home/airflow/.local/lib/python3.7/site-packages/airflow/example_dags/example_task_group_decorator.py
[2022-04-13 09:01:40,124] {processor.py:642} INFO - Processing file /home/airflow/.local/lib/python3.7/site-packages/airflow/example_dags/example_task_group_decorator.py for tasks to queue
[2022-04-13 09:01:40,125] {logging_mixin.py:109} INFO - [2022-04-13 09:01:40,124] {dagbag.py:500} INFO - Filling up the DagBag from /home/airflow/.local/lib/python3.7/site-packages/airflow/example_dags/example_task_group_decorator.py
[2022-04-13 09:01:40,176] {processor.py:652} INFO - DAG(s) dict_keys(['example_task_group_decorator']) retrieved from /home/airflow/.local/lib/python3.7/site-packages/airflow/example_dags/example_task_group_decorator.py
[2022-04-13 09:01:40,502] {logging_mixin.py:109} INFO - [2022-04-13 09:01:40,502] {dag.py:2398} INFO - Sync 1 DAGs
[2022-04-13 09:01:40,518] {logging_mixin.py:109} INFO - [2022-04-13 09:01:40,518] {dag.py:2937} INFO - Setting next_dagrun for example_task_group_decorator to 2022-04-12T09:01:40.518337+00:00
[2022-04-13 09:01:40,533] {processor.py:171} INFO - Processing /home/airflow/.local/lib/python3.7/site-packages/airflow/example_dags/example_task_group_decorator.py took 0.415 seconds
[2022-04-13 09:02:10,840] {processor.py:163} INFO - Started process (PID=889) to work on /home/airflow/.local/lib/python3.7/site-packages/airflow/example_dags/example_task_group_decorator.py
[2022-04-13 09:02:10,843] {processor.py:642} INFO - Processing file /home/airflow/.local/lib/python3.7/site-packages/airflow/example_dags/example_task_group_decorator.py for tasks to queue
[2022-04-13 09:02:10,844] {logging_mixin.py:109} INFO - [2022-04-13 09:02:10,844] {dagbag.py:500} INFO - Filling up the DagBag from /home/airflow/.local/lib/python3.7/site-packages/airflow/example_dags/example_task_group_decorator.py
[2022-04-13 09:02:10,895] {processor.py:652} INFO - DAG(s) dict_keys(['example_task_group_decorator']) retrieved from /home/airflow/.local/lib/python3.7/site-packages/airflow/example_dags/example_task_group_decorator.py
[2022-04-13 09:02:11,225] {logging_mixin.py:109} INFO - [2022-04-13 09:02:11,225] {dag.py:2398} INFO - Sync 1 DAGs
[2022-04-13 09:02:11,242] {logging_mixin.py:109} INFO - [2022-04-13 09:02:11,242] {dag.py:2937} INFO - Setting next_dagrun for example_task_group_decorator to 2022-04-12T09:02:11.242358+00:00
[2022-04-13 09:02:11,256] {processor.py:171} INFO - Processing /home/airflow/.local/lib/python3.7/site-packages/airflow/example_dags/example_task_group_decorator.py took 0.424 seconds
[2022-04-13 09:02:41,352] {processor.py:163} INFO - Started process (PID=951) to work on /home/airflow/.local/lib/python3.7/site-packages/airflow/example_dags/example_task_group_decorator.py
[2022-04-13 09:02:41,353] {processor.py:642} INFO - Processing file /home/airflow/.local/lib/python3.7/site-packages/airflow/example_dags/example_task_group_decorator.py for tasks to queue
[2022-04-13 09:02:41,353] {logging_mixin.py:109} INFO - [2022-04-13 09:02:41,353] {dagbag.py:500} INFO - Filling up the DagBag from /home/airflow/.local/lib/python3.7/site-packages/airflow/example_dags/example_task_group_decorator.py
[2022-04-13 09:02:41,377] {processor.py:652} INFO - DAG(s) dict_keys(['example_task_group_decorator']) retrieved from /home/airflow/.local/lib/python3.7/site-packages/airflow/example_dags/example_task_group_decorator.py
[2022-04-13 09:02:41,648] {logging_mixin.py:109} INFO - [2022-04-13 09:02:41,648] {dag.py:2398} INFO - Sync 1 DAGs
[2022-04-13 09:02:41,661] {logging_mixin.py:109} INFO - [2022-04-13 09:02:41,661] {dag.py:2937} INFO - Setting next_dagrun for example_task_group_decorator to 2022-04-12T09:02:41.661001+00:00
[2022-04-13 09:02:41,675] {processor.py:171} INFO - Processing /home/airflow/.local/lib/python3.7/site-packages/airflow/example_dags/example_task_group_decorator.py took 0.326 seconds
[2022-04-13 09:03:13,393] {processor.py:163} INFO - Started process (PID=1001) to work on /home/airflow/.local/lib/python3.7/site-packages/airflow/example_dags/example_task_group_decorator.py
[2022-04-13 09:03:13,395] {processor.py:642} INFO - Processing file /home/airflow/.local/lib/python3.7/site-packages/airflow/example_dags/example_task_group_decorator.py for tasks to queue
[2022-04-13 09:03:13,396] {logging_mixin.py:109} INFO - [2022-04-13 09:03:13,396] {dagbag.py:500} INFO - Filling up the DagBag from /home/airflow/.local/lib/python3.7/site-packages/airflow/example_dags/example_task_group_decorator.py
[2022-04-13 09:03:13,437] {processor.py:652} INFO - DAG(s) dict_keys(['example_task_group_decorator']) retrieved from /home/airflow/.local/lib/python3.7/site-packages/airflow/example_dags/example_task_group_decorator.py
[2022-04-13 09:03:13,798] {logging_mixin.py:109} INFO - [2022-04-13 09:03:13,798] {dag.py:2398} INFO - Sync 1 DAGs
[2022-04-13 09:03:13,816] {logging_mixin.py:109} INFO - [2022-04-13 09:03:13,816] {dag.py:2937} INFO - Setting next_dagrun for example_task_group_decorator to 2022-04-12T09:03:13.816293+00:00
[2022-04-13 09:03:13,834] {processor.py:171} INFO - Processing /home/airflow/.local/lib/python3.7/site-packages/airflow/example_dags/example_task_group_decorator.py took 0.445 seconds
[2022-04-13 09:05:52,471] {processor.py:163} INFO - Started process (PID=61) to work on /home/airflow/.local/lib/python3.7/site-packages/airflow/example_dags/example_task_group_decorator.py
[2022-04-13 09:05:52,472] {processor.py:642} INFO - Processing file /home/airflow/.local/lib/python3.7/site-packages/airflow/example_dags/example_task_group_decorator.py for tasks to queue
[2022-04-13 09:05:52,473] {logging_mixin.py:109} INFO - [2022-04-13 09:05:52,473] {dagbag.py:500} INFO - Filling up the DagBag from /home/airflow/.local/lib/python3.7/site-packages/airflow/example_dags/example_task_group_decorator.py
[2022-04-13 09:05:52,505] {processor.py:652} INFO - DAG(s) dict_keys(['example_task_group_decorator']) retrieved from /home/airflow/.local/lib/python3.7/site-packages/airflow/example_dags/example_task_group_decorator.py
[2022-04-13 09:05:52,866] {logging_mixin.py:109} INFO - [2022-04-13 09:05:52,865] {dag.py:2398} INFO - Sync 1 DAGs
[2022-04-13 09:05:52,887] {logging_mixin.py:109} INFO - [2022-04-13 09:05:52,887] {dag.py:2937} INFO - Setting next_dagrun for example_task_group_decorator to 2022-04-12T09:05:52.887402+00:00
[2022-04-13 09:05:52,905] {processor.py:171} INFO - Processing /home/airflow/.local/lib/python3.7/site-packages/airflow/example_dags/example_task_group_decorator.py took 0.436 seconds
[2022-04-13 09:06:23,319] {processor.py:163} INFO - Started process (PID=112) to work on /home/airflow/.local/lib/python3.7/site-packages/airflow/example_dags/example_task_group_decorator.py
[2022-04-13 09:06:23,319] {processor.py:642} INFO - Processing file /home/airflow/.local/lib/python3.7/site-packages/airflow/example_dags/example_task_group_decorator.py for tasks to queue
[2022-04-13 09:06:23,320] {logging_mixin.py:109} INFO - [2022-04-13 09:06:23,320] {dagbag.py:500} INFO - Filling up the DagBag from /home/airflow/.local/lib/python3.7/site-packages/airflow/example_dags/example_task_group_decorator.py
[2022-04-13 09:06:23,345] {processor.py:652} INFO - DAG(s) dict_keys(['example_task_group_decorator']) retrieved from /home/airflow/.local/lib/python3.7/site-packages/airflow/example_dags/example_task_group_decorator.py
[2022-04-13 09:06:23,790] {logging_mixin.py:109} INFO - [2022-04-13 09:06:23,790] {dag.py:2398} INFO - Sync 1 DAGs
[2022-04-13 09:06:23,813] {logging_mixin.py:109} INFO - [2022-04-13 09:06:23,813] {dag.py:2937} INFO - Setting next_dagrun for example_task_group_decorator to 2022-04-12T09:06:23.813102+00:00
[2022-04-13 09:06:23,836] {processor.py:171} INFO - Processing /home/airflow/.local/lib/python3.7/site-packages/airflow/example_dags/example_task_group_decorator.py took 0.519 seconds
[2022-04-13 09:06:54,137] {processor.py:163} INFO - Started process (PID=177) to work on /home/airflow/.local/lib/python3.7/site-packages/airflow/example_dags/example_task_group_decorator.py
[2022-04-13 09:06:54,138] {processor.py:642} INFO - Processing file /home/airflow/.local/lib/python3.7/site-packages/airflow/example_dags/example_task_group_decorator.py for tasks to queue
[2022-04-13 09:06:54,139] {logging_mixin.py:109} INFO - [2022-04-13 09:06:54,139] {dagbag.py:500} INFO - Filling up the DagBag from /home/airflow/.local/lib/python3.7/site-packages/airflow/example_dags/example_task_group_decorator.py
[2022-04-13 09:06:54,164] {processor.py:652} INFO - DAG(s) dict_keys(['example_task_group_decorator']) retrieved from /home/airflow/.local/lib/python3.7/site-packages/airflow/example_dags/example_task_group_decorator.py
[2022-04-13 09:06:54,512] {logging_mixin.py:109} INFO - [2022-04-13 09:06:54,512] {dag.py:2398} INFO - Sync 1 DAGs
[2022-04-13 09:06:54,530] {logging_mixin.py:109} INFO - [2022-04-13 09:06:54,530] {dag.py:2937} INFO - Setting next_dagrun for example_task_group_decorator to 2022-04-12T09:06:54.530478+00:00
[2022-04-13 09:06:54,547] {processor.py:171} INFO - Processing /home/airflow/.local/lib/python3.7/site-packages/airflow/example_dags/example_task_group_decorator.py took 0.412 seconds
[2022-04-13 09:07:24,627] {processor.py:163} INFO - Started process (PID=225) to work on /home/airflow/.local/lib/python3.7/site-packages/airflow/example_dags/example_task_group_decorator.py
[2022-04-13 09:07:24,627] {processor.py:642} INFO - Processing file /home/airflow/.local/lib/python3.7/site-packages/airflow/example_dags/example_task_group_decorator.py for tasks to queue
[2022-04-13 09:07:24,628] {logging_mixin.py:109} INFO - [2022-04-13 09:07:24,628] {dagbag.py:500} INFO - Filling up the DagBag from /home/airflow/.local/lib/python3.7/site-packages/airflow/example_dags/example_task_group_decorator.py
[2022-04-13 09:07:24,655] {processor.py:652} INFO - DAG(s) dict_keys(['example_task_group_decorator']) retrieved from /home/airflow/.local/lib/python3.7/site-packages/airflow/example_dags/example_task_group_decorator.py
[2022-04-13 09:07:24,998] {logging_mixin.py:109} INFO - [2022-04-13 09:07:24,997] {dag.py:2398} INFO - Sync 1 DAGs
[2022-04-13 09:07:25,014] {logging_mixin.py:109} INFO - [2022-04-13 09:07:25,014] {dag.py:2937} INFO - Setting next_dagrun for example_task_group_decorator to 2022-04-12T09:07:25.013933+00:00
[2022-04-13 09:07:25,034] {processor.py:171} INFO - Processing /home/airflow/.local/lib/python3.7/site-packages/airflow/example_dags/example_task_group_decorator.py took 0.410 seconds
[2022-04-13 09:07:55,079] {processor.py:163} INFO - Started process (PID=278) to work on /home/airflow/.local/lib/python3.7/site-packages/airflow/example_dags/example_task_group_decorator.py
[2022-04-13 09:07:55,081] {processor.py:642} INFO - Processing file /home/airflow/.local/lib/python3.7/site-packages/airflow/example_dags/example_task_group_decorator.py for tasks to queue
[2022-04-13 09:07:55,081] {logging_mixin.py:109} INFO - [2022-04-13 09:07:55,081] {dagbag.py:500} INFO - Filling up the DagBag from /home/airflow/.local/lib/python3.7/site-packages/airflow/example_dags/example_task_group_decorator.py
[2022-04-13 09:07:55,106] {processor.py:652} INFO - DAG(s) dict_keys(['example_task_group_decorator']) retrieved from /home/airflow/.local/lib/python3.7/site-packages/airflow/example_dags/example_task_group_decorator.py
[2022-04-13 09:07:55,414] {logging_mixin.py:109} INFO - [2022-04-13 09:07:55,414] {dag.py:2398} INFO - Sync 1 DAGs
[2022-04-13 09:07:55,429] {logging_mixin.py:109} INFO - [2022-04-13 09:07:55,429] {dag.py:2937} INFO - Setting next_dagrun for example_task_group_decorator to 2022-04-12T09:07:55.429421+00:00
[2022-04-13 09:07:55,442] {processor.py:171} INFO - Processing /home/airflow/.local/lib/python3.7/site-packages/airflow/example_dags/example_task_group_decorator.py took 0.364 seconds
[2022-04-13 09:08:27,040] {processor.py:163} INFO - Started process (PID=336) to work on /home/airflow/.local/lib/python3.7/site-packages/airflow/example_dags/example_task_group_decorator.py
[2022-04-13 09:08:27,042] {processor.py:642} INFO - Processing file /home/airflow/.local/lib/python3.7/site-packages/airflow/example_dags/example_task_group_decorator.py for tasks to queue
[2022-04-13 09:08:27,043] {logging_mixin.py:109} INFO - [2022-04-13 09:08:27,043] {dagbag.py:500} INFO - Filling up the DagBag from /home/airflow/.local/lib/python3.7/site-packages/airflow/example_dags/example_task_group_decorator.py
[2022-04-13 09:08:27,116] {processor.py:652} INFO - DAG(s) dict_keys(['example_task_group_decorator']) retrieved from /home/airflow/.local/lib/python3.7/site-packages/airflow/example_dags/example_task_group_decorator.py
[2022-04-13 09:08:27,720] {logging_mixin.py:109} INFO - [2022-04-13 09:08:27,720] {dag.py:2398} INFO - Sync 1 DAGs
[2022-04-13 09:08:27,748] {logging_mixin.py:109} INFO - [2022-04-13 09:08:27,748] {dag.py:2937} INFO - Setting next_dagrun for example_task_group_decorator to 2022-04-12T09:08:27.748137+00:00
[2022-04-13 09:08:27,771] {processor.py:171} INFO - Processing /home/airflow/.local/lib/python3.7/site-packages/airflow/example_dags/example_task_group_decorator.py took 0.737 seconds
[2022-04-13 09:08:58,229] {processor.py:163} INFO - Started process (PID=388) to work on /home/airflow/.local/lib/python3.7/site-packages/airflow/example_dags/example_task_group_decorator.py
[2022-04-13 09:08:58,230] {processor.py:642} INFO - Processing file /home/airflow/.local/lib/python3.7/site-packages/airflow/example_dags/example_task_group_decorator.py for tasks to queue
[2022-04-13 09:08:58,231] {logging_mixin.py:109} INFO - [2022-04-13 09:08:58,231] {dagbag.py:500} INFO - Filling up the DagBag from /home/airflow/.local/lib/python3.7/site-packages/airflow/example_dags/example_task_group_decorator.py
[2022-04-13 09:08:58,285] {processor.py:652} INFO - DAG(s) dict_keys(['example_task_group_decorator']) retrieved from /home/airflow/.local/lib/python3.7/site-packages/airflow/example_dags/example_task_group_decorator.py
[2022-04-13 09:08:58,649] {logging_mixin.py:109} INFO - [2022-04-13 09:08:58,649] {dag.py:2398} INFO - Sync 1 DAGs
[2022-04-13 09:08:58,668] {logging_mixin.py:109} INFO - [2022-04-13 09:08:58,668] {dag.py:2937} INFO - Setting next_dagrun for example_task_group_decorator to 2022-04-12T09:08:58.667806+00:00
[2022-04-13 09:08:58,695] {processor.py:171} INFO - Processing /home/airflow/.local/lib/python3.7/site-packages/airflow/example_dags/example_task_group_decorator.py took 0.469 seconds
[2022-04-13 09:09:29,014] {processor.py:163} INFO - Started process (PID=449) to work on /home/airflow/.local/lib/python3.7/site-packages/airflow/example_dags/example_task_group_decorator.py
[2022-04-13 09:09:29,015] {processor.py:642} INFO - Processing file /home/airflow/.local/lib/python3.7/site-packages/airflow/example_dags/example_task_group_decorator.py for tasks to queue
[2022-04-13 09:09:29,015] {logging_mixin.py:109} INFO - [2022-04-13 09:09:29,015] {dagbag.py:500} INFO - Filling up the DagBag from /home/airflow/.local/lib/python3.7/site-packages/airflow/example_dags/example_task_group_decorator.py
[2022-04-13 09:09:29,044] {processor.py:652} INFO - DAG(s) dict_keys(['example_task_group_decorator']) retrieved from /home/airflow/.local/lib/python3.7/site-packages/airflow/example_dags/example_task_group_decorator.py
[2022-04-13 09:09:29,378] {logging_mixin.py:109} INFO - [2022-04-13 09:09:29,378] {dag.py:2398} INFO - Sync 1 DAGs
[2022-04-13 09:09:29,400] {logging_mixin.py:109} INFO - [2022-04-13 09:09:29,399] {dag.py:2937} INFO - Setting next_dagrun for example_task_group_decorator to 2022-04-12T09:09:29.399684+00:00
[2022-04-13 09:09:29,418] {processor.py:171} INFO - Processing /home/airflow/.local/lib/python3.7/site-packages/airflow/example_dags/example_task_group_decorator.py took 0.407 seconds
[2022-04-13 09:10:00,042] {processor.py:163} INFO - Started process (PID=500) to work on /home/airflow/.local/lib/python3.7/site-packages/airflow/example_dags/example_task_group_decorator.py
[2022-04-13 09:10:00,044] {processor.py:642} INFO - Processing file /home/airflow/.local/lib/python3.7/site-packages/airflow/example_dags/example_task_group_decorator.py for tasks to queue
[2022-04-13 09:10:00,045] {logging_mixin.py:109} INFO - [2022-04-13 09:10:00,044] {dagbag.py:500} INFO - Filling up the DagBag from /home/airflow/.local/lib/python3.7/site-packages/airflow/example_dags/example_task_group_decorator.py
[2022-04-13 09:10:00,075] {processor.py:652} INFO - DAG(s) dict_keys(['example_task_group_decorator']) retrieved from /home/airflow/.local/lib/python3.7/site-packages/airflow/example_dags/example_task_group_decorator.py
[2022-04-13 09:10:00,396] {logging_mixin.py:109} INFO - [2022-04-13 09:10:00,396] {dag.py:2398} INFO - Sync 1 DAGs
[2022-04-13 09:10:00,414] {logging_mixin.py:109} INFO - [2022-04-13 09:10:00,414] {dag.py:2937} INFO - Setting next_dagrun for example_task_group_decorator to 2022-04-12T09:10:00.414670+00:00
[2022-04-13 09:10:00,431] {processor.py:171} INFO - Processing /home/airflow/.local/lib/python3.7/site-packages/airflow/example_dags/example_task_group_decorator.py took 0.391 seconds
[2022-04-13 09:10:31,453] {processor.py:163} INFO - Started process (PID=560) to work on /home/airflow/.local/lib/python3.7/site-packages/airflow/example_dags/example_task_group_decorator.py
[2022-04-13 09:10:31,455] {processor.py:642} INFO - Processing file /home/airflow/.local/lib/python3.7/site-packages/airflow/example_dags/example_task_group_decorator.py for tasks to queue
[2022-04-13 09:10:31,456] {logging_mixin.py:109} INFO - [2022-04-13 09:10:31,456] {dagbag.py:500} INFO - Filling up the DagBag from /home/airflow/.local/lib/python3.7/site-packages/airflow/example_dags/example_task_group_decorator.py
[2022-04-13 09:10:31,491] {processor.py:652} INFO - DAG(s) dict_keys(['example_task_group_decorator']) retrieved from /home/airflow/.local/lib/python3.7/site-packages/airflow/example_dags/example_task_group_decorator.py
[2022-04-13 09:10:31,904] {logging_mixin.py:109} INFO - [2022-04-13 09:10:31,904] {dag.py:2398} INFO - Sync 1 DAGs
[2022-04-13 09:10:31,922] {logging_mixin.py:109} INFO - [2022-04-13 09:10:31,922] {dag.py:2937} INFO - Setting next_dagrun for example_task_group_decorator to 2022-04-12T09:10:31.922154+00:00
[2022-04-13 09:10:31,938] {processor.py:171} INFO - Processing /home/airflow/.local/lib/python3.7/site-packages/airflow/example_dags/example_task_group_decorator.py took 0.487 seconds
[2022-04-13 09:11:02,470] {processor.py:163} INFO - Started process (PID=612) to work on /home/airflow/.local/lib/python3.7/site-packages/airflow/example_dags/example_task_group_decorator.py
[2022-04-13 09:11:02,471] {processor.py:642} INFO - Processing file /home/airflow/.local/lib/python3.7/site-packages/airflow/example_dags/example_task_group_decorator.py for tasks to queue
[2022-04-13 09:11:02,472] {logging_mixin.py:109} INFO - [2022-04-13 09:11:02,472] {dagbag.py:500} INFO - Filling up the DagBag from /home/airflow/.local/lib/python3.7/site-packages/airflow/example_dags/example_task_group_decorator.py
[2022-04-13 09:11:02,516] {processor.py:652} INFO - DAG(s) dict_keys(['example_task_group_decorator']) retrieved from /home/airflow/.local/lib/python3.7/site-packages/airflow/example_dags/example_task_group_decorator.py
[2022-04-13 09:11:02,905] {logging_mixin.py:109} INFO - [2022-04-13 09:11:02,905] {dag.py:2398} INFO - Sync 1 DAGs
[2022-04-13 09:11:02,925] {logging_mixin.py:109} INFO - [2022-04-13 09:11:02,925] {dag.py:2937} INFO - Setting next_dagrun for example_task_group_decorator to 2022-04-12T09:11:02.924614+00:00
[2022-04-13 09:11:02,943] {processor.py:171} INFO - Processing /home/airflow/.local/lib/python3.7/site-packages/airflow/example_dags/example_task_group_decorator.py took 0.476 seconds
[2022-04-13 09:11:33,404] {processor.py:163} INFO - Started process (PID=663) to work on /home/airflow/.local/lib/python3.7/site-packages/airflow/example_dags/example_task_group_decorator.py
[2022-04-13 09:11:33,406] {processor.py:642} INFO - Processing file /home/airflow/.local/lib/python3.7/site-packages/airflow/example_dags/example_task_group_decorator.py for tasks to queue
[2022-04-13 09:11:33,407] {logging_mixin.py:109} INFO - [2022-04-13 09:11:33,406] {dagbag.py:500} INFO - Filling up the DagBag from /home/airflow/.local/lib/python3.7/site-packages/airflow/example_dags/example_task_group_decorator.py
[2022-04-13 09:11:33,438] {processor.py:652} INFO - DAG(s) dict_keys(['example_task_group_decorator']) retrieved from /home/airflow/.local/lib/python3.7/site-packages/airflow/example_dags/example_task_group_decorator.py
[2022-04-13 09:11:33,846] {logging_mixin.py:109} INFO - [2022-04-13 09:11:33,846] {dag.py:2398} INFO - Sync 1 DAGs
[2022-04-13 09:11:33,863] {logging_mixin.py:109} INFO - [2022-04-13 09:11:33,863] {dag.py:2937} INFO - Setting next_dagrun for example_task_group_decorator to 2022-04-12T09:11:33.862980+00:00
[2022-04-13 09:11:33,878] {processor.py:171} INFO - Processing /home/airflow/.local/lib/python3.7/site-packages/airflow/example_dags/example_task_group_decorator.py took 0.477 seconds
[2022-04-13 09:12:04,547] {processor.py:163} INFO - Started process (PID=722) to work on /home/airflow/.local/lib/python3.7/site-packages/airflow/example_dags/example_task_group_decorator.py
[2022-04-13 09:12:04,549] {processor.py:642} INFO - Processing file /home/airflow/.local/lib/python3.7/site-packages/airflow/example_dags/example_task_group_decorator.py for tasks to queue
[2022-04-13 09:12:04,550] {logging_mixin.py:109} INFO - [2022-04-13 09:12:04,550] {dagbag.py:500} INFO - Filling up the DagBag from /home/airflow/.local/lib/python3.7/site-packages/airflow/example_dags/example_task_group_decorator.py
[2022-04-13 09:12:04,592] {processor.py:652} INFO - DAG(s) dict_keys(['example_task_group_decorator']) retrieved from /home/airflow/.local/lib/python3.7/site-packages/airflow/example_dags/example_task_group_decorator.py
[2022-04-13 09:12:04,949] {logging_mixin.py:109} INFO - [2022-04-13 09:12:04,949] {dag.py:2398} INFO - Sync 1 DAGs
[2022-04-13 09:12:04,967] {logging_mixin.py:109} INFO - [2022-04-13 09:12:04,967] {dag.py:2937} INFO - Setting next_dagrun for example_task_group_decorator to 2022-04-12T09:12:04.966937+00:00
[2022-04-13 09:12:04,986] {processor.py:171} INFO - Processing /home/airflow/.local/lib/python3.7/site-packages/airflow/example_dags/example_task_group_decorator.py took 0.443 seconds
[2022-04-13 09:12:35,840] {processor.py:163} INFO - Started process (PID=774) to work on /home/airflow/.local/lib/python3.7/site-packages/airflow/example_dags/example_task_group_decorator.py
[2022-04-13 09:12:35,841] {processor.py:642} INFO - Processing file /home/airflow/.local/lib/python3.7/site-packages/airflow/example_dags/example_task_group_decorator.py for tasks to queue
[2022-04-13 09:12:35,842] {logging_mixin.py:109} INFO - [2022-04-13 09:12:35,842] {dagbag.py:500} INFO - Filling up the DagBag from /home/airflow/.local/lib/python3.7/site-packages/airflow/example_dags/example_task_group_decorator.py
[2022-04-13 09:12:35,872] {processor.py:652} INFO - DAG(s) dict_keys(['example_task_group_decorator']) retrieved from /home/airflow/.local/lib/python3.7/site-packages/airflow/example_dags/example_task_group_decorator.py
[2022-04-13 09:12:36,263] {logging_mixin.py:109} INFO - [2022-04-13 09:12:36,263] {dag.py:2398} INFO - Sync 1 DAGs
[2022-04-13 09:12:36,285] {logging_mixin.py:109} INFO - [2022-04-13 09:12:36,285] {dag.py:2937} INFO - Setting next_dagrun for example_task_group_decorator to 2022-04-12T09:12:36.285481+00:00
[2022-04-13 09:12:36,302] {processor.py:171} INFO - Processing /home/airflow/.local/lib/python3.7/site-packages/airflow/example_dags/example_task_group_decorator.py took 0.465 seconds
[2022-04-13 09:13:07,185] {processor.py:163} INFO - Started process (PID=836) to work on /home/airflow/.local/lib/python3.7/site-packages/airflow/example_dags/example_task_group_decorator.py
[2022-04-13 09:13:07,187] {processor.py:642} INFO - Processing file /home/airflow/.local/lib/python3.7/site-packages/airflow/example_dags/example_task_group_decorator.py for tasks to queue
[2022-04-13 09:13:07,188] {logging_mixin.py:109} INFO - [2022-04-13 09:13:07,188] {dagbag.py:500} INFO - Filling up the DagBag from /home/airflow/.local/lib/python3.7/site-packages/airflow/example_dags/example_task_group_decorator.py
[2022-04-13 09:13:07,224] {processor.py:652} INFO - DAG(s) dict_keys(['example_task_group_decorator']) retrieved from /home/airflow/.local/lib/python3.7/site-packages/airflow/example_dags/example_task_group_decorator.py
[2022-04-13 09:13:07,644] {logging_mixin.py:109} INFO - [2022-04-13 09:13:07,644] {dag.py:2398} INFO - Sync 1 DAGs
[2022-04-13 09:13:07,661] {logging_mixin.py:109} INFO - [2022-04-13 09:13:07,661] {dag.py:2937} INFO - Setting next_dagrun for example_task_group_decorator to 2022-04-12T09:13:07.661284+00:00
[2022-04-13 09:13:07,679] {processor.py:171} INFO - Processing /home/airflow/.local/lib/python3.7/site-packages/airflow/example_dags/example_task_group_decorator.py took 0.497 seconds
[2022-04-13 09:13:38,359] {processor.py:163} INFO - Started process (PID=888) to work on /home/airflow/.local/lib/python3.7/site-packages/airflow/example_dags/example_task_group_decorator.py
[2022-04-13 09:13:38,360] {processor.py:642} INFO - Processing file /home/airflow/.local/lib/python3.7/site-packages/airflow/example_dags/example_task_group_decorator.py for tasks to queue
[2022-04-13 09:13:38,360] {logging_mixin.py:109} INFO - [2022-04-13 09:13:38,360] {dagbag.py:500} INFO - Filling up the DagBag from /home/airflow/.local/lib/python3.7/site-packages/airflow/example_dags/example_task_group_decorator.py
[2022-04-13 09:13:38,394] {processor.py:652} INFO - DAG(s) dict_keys(['example_task_group_decorator']) retrieved from /home/airflow/.local/lib/python3.7/site-packages/airflow/example_dags/example_task_group_decorator.py
[2022-04-13 09:13:38,736] {logging_mixin.py:109} INFO - [2022-04-13 09:13:38,736] {dag.py:2398} INFO - Sync 1 DAGs
[2022-04-13 09:13:38,752] {logging_mixin.py:109} INFO - [2022-04-13 09:13:38,752] {dag.py:2937} INFO - Setting next_dagrun for example_task_group_decorator to 2022-04-12T09:13:38.752277+00:00
[2022-04-13 09:13:38,767] {processor.py:171} INFO - Processing /home/airflow/.local/lib/python3.7/site-packages/airflow/example_dags/example_task_group_decorator.py took 0.411 seconds
[2022-04-13 09:14:09,227] {processor.py:163} INFO - Started process (PID=936) to work on /home/airflow/.local/lib/python3.7/site-packages/airflow/example_dags/example_task_group_decorator.py
[2022-04-13 09:14:09,229] {processor.py:642} INFO - Processing file /home/airflow/.local/lib/python3.7/site-packages/airflow/example_dags/example_task_group_decorator.py for tasks to queue
[2022-04-13 09:14:09,229] {logging_mixin.py:109} INFO - [2022-04-13 09:14:09,229] {dagbag.py:500} INFO - Filling up the DagBag from /home/airflow/.local/lib/python3.7/site-packages/airflow/example_dags/example_task_group_decorator.py
[2022-04-13 09:14:09,261] {processor.py:652} INFO - DAG(s) dict_keys(['example_task_group_decorator']) retrieved from /home/airflow/.local/lib/python3.7/site-packages/airflow/example_dags/example_task_group_decorator.py
[2022-04-13 09:14:09,614] {logging_mixin.py:109} INFO - [2022-04-13 09:14:09,613] {dag.py:2398} INFO - Sync 1 DAGs
[2022-04-13 09:14:09,632] {logging_mixin.py:109} INFO - [2022-04-13 09:14:09,632] {dag.py:2937} INFO - Setting next_dagrun for example_task_group_decorator to 2022-04-12T09:14:09.632010+00:00
[2022-04-13 09:14:09,648] {processor.py:171} INFO - Processing /home/airflow/.local/lib/python3.7/site-packages/airflow/example_dags/example_task_group_decorator.py took 0.422 seconds
[2022-04-13 09:14:40,356] {processor.py:163} INFO - Started process (PID=997) to work on /home/airflow/.local/lib/python3.7/site-packages/airflow/example_dags/example_task_group_decorator.py
[2022-04-13 09:14:40,357] {processor.py:642} INFO - Processing file /home/airflow/.local/lib/python3.7/site-packages/airflow/example_dags/example_task_group_decorator.py for tasks to queue
[2022-04-13 09:14:40,358] {logging_mixin.py:109} INFO - [2022-04-13 09:14:40,357] {dagbag.py:500} INFO - Filling up the DagBag from /home/airflow/.local/lib/python3.7/site-packages/airflow/example_dags/example_task_group_decorator.py
[2022-04-13 09:14:40,386] {processor.py:652} INFO - DAG(s) dict_keys(['example_task_group_decorator']) retrieved from /home/airflow/.local/lib/python3.7/site-packages/airflow/example_dags/example_task_group_decorator.py
[2022-04-13 09:14:40,791] {logging_mixin.py:109} INFO - [2022-04-13 09:14:40,791] {dag.py:2398} INFO - Sync 1 DAGs
[2022-04-13 09:14:40,812] {logging_mixin.py:109} INFO - [2022-04-13 09:14:40,811] {dag.py:2937} INFO - Setting next_dagrun for example_task_group_decorator to 2022-04-12T09:14:40.811515+00:00
[2022-04-13 09:14:40,828] {processor.py:171} INFO - Processing /home/airflow/.local/lib/python3.7/site-packages/airflow/example_dags/example_task_group_decorator.py took 0.475 seconds
[2022-04-13 09:15:11,757] {processor.py:163} INFO - Started process (PID=1051) to work on /home/airflow/.local/lib/python3.7/site-packages/airflow/example_dags/example_task_group_decorator.py
[2022-04-13 09:15:11,758] {processor.py:642} INFO - Processing file /home/airflow/.local/lib/python3.7/site-packages/airflow/example_dags/example_task_group_decorator.py for tasks to queue
[2022-04-13 09:15:11,759] {logging_mixin.py:109} INFO - [2022-04-13 09:15:11,758] {dagbag.py:500} INFO - Filling up the DagBag from /home/airflow/.local/lib/python3.7/site-packages/airflow/example_dags/example_task_group_decorator.py
[2022-04-13 09:15:11,791] {processor.py:652} INFO - DAG(s) dict_keys(['example_task_group_decorator']) retrieved from /home/airflow/.local/lib/python3.7/site-packages/airflow/example_dags/example_task_group_decorator.py
[2022-04-13 09:15:12,168] {logging_mixin.py:109} INFO - [2022-04-13 09:15:12,168] {dag.py:2398} INFO - Sync 1 DAGs
[2022-04-13 09:15:12,189] {logging_mixin.py:109} INFO - [2022-04-13 09:15:12,189] {dag.py:2937} INFO - Setting next_dagrun for example_task_group_decorator to 2022-04-12T09:15:12.189129+00:00
[2022-04-13 09:15:12,207] {processor.py:171} INFO - Processing /home/airflow/.local/lib/python3.7/site-packages/airflow/example_dags/example_task_group_decorator.py took 0.453 seconds
[2022-04-13 09:15:42,562] {processor.py:163} INFO - Started process (PID=1096) to work on /home/airflow/.local/lib/python3.7/site-packages/airflow/example_dags/example_task_group_decorator.py
[2022-04-13 09:15:42,564] {processor.py:642} INFO - Processing file /home/airflow/.local/lib/python3.7/site-packages/airflow/example_dags/example_task_group_decorator.py for tasks to queue
[2022-04-13 09:15:42,564] {logging_mixin.py:109} INFO - [2022-04-13 09:15:42,564] {dagbag.py:500} INFO - Filling up the DagBag from /home/airflow/.local/lib/python3.7/site-packages/airflow/example_dags/example_task_group_decorator.py
[2022-04-13 09:15:42,596] {processor.py:652} INFO - DAG(s) dict_keys(['example_task_group_decorator']) retrieved from /home/airflow/.local/lib/python3.7/site-packages/airflow/example_dags/example_task_group_decorator.py
[2022-04-13 09:15:42,948] {logging_mixin.py:109} INFO - [2022-04-13 09:15:42,948] {dag.py:2398} INFO - Sync 1 DAGs
[2022-04-13 09:15:42,972] {logging_mixin.py:109} INFO - [2022-04-13 09:15:42,972] {dag.py:2937} INFO - Setting next_dagrun for example_task_group_decorator to 2022-04-12T09:15:42.971775+00:00
[2022-04-13 09:15:42,996] {processor.py:171} INFO - Processing /home/airflow/.local/lib/python3.7/site-packages/airflow/example_dags/example_task_group_decorator.py took 0.436 seconds
[2022-04-13 09:16:13,588] {processor.py:163} INFO - Started process (PID=1157) to work on /home/airflow/.local/lib/python3.7/site-packages/airflow/example_dags/example_task_group_decorator.py
[2022-04-13 09:16:13,589] {processor.py:642} INFO - Processing file /home/airflow/.local/lib/python3.7/site-packages/airflow/example_dags/example_task_group_decorator.py for tasks to queue
[2022-04-13 09:16:13,589] {logging_mixin.py:109} INFO - [2022-04-13 09:16:13,589] {dagbag.py:500} INFO - Filling up the DagBag from /home/airflow/.local/lib/python3.7/site-packages/airflow/example_dags/example_task_group_decorator.py
[2022-04-13 09:16:13,620] {processor.py:652} INFO - DAG(s) dict_keys(['example_task_group_decorator']) retrieved from /home/airflow/.local/lib/python3.7/site-packages/airflow/example_dags/example_task_group_decorator.py
[2022-04-13 09:16:13,975] {logging_mixin.py:109} INFO - [2022-04-13 09:16:13,975] {dag.py:2398} INFO - Sync 1 DAGs
[2022-04-13 09:16:13,992] {logging_mixin.py:109} INFO - [2022-04-13 09:16:13,992] {dag.py:2937} INFO - Setting next_dagrun for example_task_group_decorator to 2022-04-12T09:16:13.991812+00:00
[2022-04-13 09:16:14,015] {processor.py:171} INFO - Processing /home/airflow/.local/lib/python3.7/site-packages/airflow/example_dags/example_task_group_decorator.py took 0.429 seconds
[2022-04-13 09:16:44,273] {processor.py:163} INFO - Started process (PID=1210) to work on /home/airflow/.local/lib/python3.7/site-packages/airflow/example_dags/example_task_group_decorator.py
[2022-04-13 09:16:44,276] {processor.py:642} INFO - Processing file /home/airflow/.local/lib/python3.7/site-packages/airflow/example_dags/example_task_group_decorator.py for tasks to queue
[2022-04-13 09:16:44,276] {logging_mixin.py:109} INFO - [2022-04-13 09:16:44,276] {dagbag.py:500} INFO - Filling up the DagBag from /home/airflow/.local/lib/python3.7/site-packages/airflow/example_dags/example_task_group_decorator.py
[2022-04-13 09:16:44,313] {processor.py:652} INFO - DAG(s) dict_keys(['example_task_group_decorator']) retrieved from /home/airflow/.local/lib/python3.7/site-packages/airflow/example_dags/example_task_group_decorator.py
[2022-04-13 09:16:44,767] {logging_mixin.py:109} INFO - [2022-04-13 09:16:44,766] {dag.py:2398} INFO - Sync 1 DAGs
[2022-04-13 09:16:44,793] {logging_mixin.py:109} INFO - [2022-04-13 09:16:44,793] {dag.py:2937} INFO - Setting next_dagrun for example_task_group_decorator to 2022-04-12T09:16:44.792738+00:00
[2022-04-13 09:16:44,813] {processor.py:171} INFO - Processing /home/airflow/.local/lib/python3.7/site-packages/airflow/example_dags/example_task_group_decorator.py took 0.543 seconds
[2022-04-13 09:17:15,894] {processor.py:163} INFO - Started process (PID=1271) to work on /home/airflow/.local/lib/python3.7/site-packages/airflow/example_dags/example_task_group_decorator.py
[2022-04-13 09:17:15,895] {processor.py:642} INFO - Processing file /home/airflow/.local/lib/python3.7/site-packages/airflow/example_dags/example_task_group_decorator.py for tasks to queue
[2022-04-13 09:17:15,895] {logging_mixin.py:109} INFO - [2022-04-13 09:17:15,895] {dagbag.py:500} INFO - Filling up the DagBag from /home/airflow/.local/lib/python3.7/site-packages/airflow/example_dags/example_task_group_decorator.py
[2022-04-13 09:17:15,926] {processor.py:652} INFO - DAG(s) dict_keys(['example_task_group_decorator']) retrieved from /home/airflow/.local/lib/python3.7/site-packages/airflow/example_dags/example_task_group_decorator.py
[2022-04-13 09:17:16,339] {logging_mixin.py:109} INFO - [2022-04-13 09:17:16,339] {dag.py:2398} INFO - Sync 1 DAGs
[2022-04-13 09:17:16,362] {logging_mixin.py:109} INFO - [2022-04-13 09:17:16,362] {dag.py:2937} INFO - Setting next_dagrun for example_task_group_decorator to 2022-04-12T09:17:16.361875+00:00
[2022-04-13 09:17:16,391] {processor.py:171} INFO - Processing /home/airflow/.local/lib/python3.7/site-packages/airflow/example_dags/example_task_group_decorator.py took 0.499 seconds
[2022-04-13 09:17:46,927] {processor.py:163} INFO - Started process (PID=1324) to work on /home/airflow/.local/lib/python3.7/site-packages/airflow/example_dags/example_task_group_decorator.py
[2022-04-13 09:17:46,929] {processor.py:642} INFO - Processing file /home/airflow/.local/lib/python3.7/site-packages/airflow/example_dags/example_task_group_decorator.py for tasks to queue
[2022-04-13 09:17:46,929] {logging_mixin.py:109} INFO - [2022-04-13 09:17:46,929] {dagbag.py:500} INFO - Filling up the DagBag from /home/airflow/.local/lib/python3.7/site-packages/airflow/example_dags/example_task_group_decorator.py
[2022-04-13 09:17:46,957] {processor.py:652} INFO - DAG(s) dict_keys(['example_task_group_decorator']) retrieved from /home/airflow/.local/lib/python3.7/site-packages/airflow/example_dags/example_task_group_decorator.py
[2022-04-13 09:17:47,356] {logging_mixin.py:109} INFO - [2022-04-13 09:17:47,356] {dag.py:2398} INFO - Sync 1 DAGs
[2022-04-13 09:17:47,375] {logging_mixin.py:109} INFO - [2022-04-13 09:17:47,375] {dag.py:2937} INFO - Setting next_dagrun for example_task_group_decorator to 2022-04-12T09:17:47.374824+00:00
[2022-04-13 09:17:47,392] {processor.py:171} INFO - Processing /home/airflow/.local/lib/python3.7/site-packages/airflow/example_dags/example_task_group_decorator.py took 0.467 seconds
[2022-04-13 09:18:17,806] {processor.py:163} INFO - Started process (PID=1370) to work on /home/airflow/.local/lib/python3.7/site-packages/airflow/example_dags/example_task_group_decorator.py
[2022-04-13 09:18:17,807] {processor.py:642} INFO - Processing file /home/airflow/.local/lib/python3.7/site-packages/airflow/example_dags/example_task_group_decorator.py for tasks to queue
[2022-04-13 09:18:17,808] {logging_mixin.py:109} INFO - [2022-04-13 09:18:17,808] {dagbag.py:500} INFO - Filling up the DagBag from /home/airflow/.local/lib/python3.7/site-packages/airflow/example_dags/example_task_group_decorator.py
[2022-04-13 09:18:17,868] {processor.py:652} INFO - DAG(s) dict_keys(['example_task_group_decorator']) retrieved from /home/airflow/.local/lib/python3.7/site-packages/airflow/example_dags/example_task_group_decorator.py
[2022-04-13 09:18:18,231] {logging_mixin.py:109} INFO - [2022-04-13 09:18:18,230] {dag.py:2398} INFO - Sync 1 DAGs
[2022-04-13 09:18:18,254] {logging_mixin.py:109} INFO - [2022-04-13 09:18:18,254] {dag.py:2937} INFO - Setting next_dagrun for example_task_group_decorator to 2022-04-12T09:18:18.254358+00:00
[2022-04-13 09:18:18,271] {processor.py:171} INFO - Processing /home/airflow/.local/lib/python3.7/site-packages/airflow/example_dags/example_task_group_decorator.py took 0.472 seconds
[2022-04-13 09:18:49,465] {processor.py:163} INFO - Started process (PID=1431) to work on /home/airflow/.local/lib/python3.7/site-packages/airflow/example_dags/example_task_group_decorator.py
[2022-04-13 09:18:49,466] {processor.py:642} INFO - Processing file /home/airflow/.local/lib/python3.7/site-packages/airflow/example_dags/example_task_group_decorator.py for tasks to queue
[2022-04-13 09:18:49,467] {logging_mixin.py:109} INFO - [2022-04-13 09:18:49,467] {dagbag.py:500} INFO - Filling up the DagBag from /home/airflow/.local/lib/python3.7/site-packages/airflow/example_dags/example_task_group_decorator.py
[2022-04-13 09:18:49,515] {processor.py:652} INFO - DAG(s) dict_keys(['example_task_group_decorator']) retrieved from /home/airflow/.local/lib/python3.7/site-packages/airflow/example_dags/example_task_group_decorator.py
[2022-04-13 09:18:49,958] {logging_mixin.py:109} INFO - [2022-04-13 09:18:49,958] {dag.py:2398} INFO - Sync 1 DAGs
[2022-04-13 09:18:49,983] {logging_mixin.py:109} INFO - [2022-04-13 09:18:49,983] {dag.py:2937} INFO - Setting next_dagrun for example_task_group_decorator to 2022-04-12T09:18:49.983123+00:00
[2022-04-13 09:18:50,011] {processor.py:171} INFO - Processing /home/airflow/.local/lib/python3.7/site-packages/airflow/example_dags/example_task_group_decorator.py took 0.549 seconds
[2022-04-13 09:19:20,412] {processor.py:163} INFO - Started process (PID=1483) to work on /home/airflow/.local/lib/python3.7/site-packages/airflow/example_dags/example_task_group_decorator.py
[2022-04-13 09:19:20,413] {processor.py:642} INFO - Processing file /home/airflow/.local/lib/python3.7/site-packages/airflow/example_dags/example_task_group_decorator.py for tasks to queue
[2022-04-13 09:19:20,413] {logging_mixin.py:109} INFO - [2022-04-13 09:19:20,413] {dagbag.py:500} INFO - Filling up the DagBag from /home/airflow/.local/lib/python3.7/site-packages/airflow/example_dags/example_task_group_decorator.py
[2022-04-13 09:19:20,447] {processor.py:652} INFO - DAG(s) dict_keys(['example_task_group_decorator']) retrieved from /home/airflow/.local/lib/python3.7/site-packages/airflow/example_dags/example_task_group_decorator.py
[2022-04-13 09:19:20,798] {logging_mixin.py:109} INFO - [2022-04-13 09:19:20,797] {dag.py:2398} INFO - Sync 1 DAGs
[2022-04-13 09:19:20,817] {logging_mixin.py:109} INFO - [2022-04-13 09:19:20,817] {dag.py:2937} INFO - Setting next_dagrun for example_task_group_decorator to 2022-04-12T09:19:20.817377+00:00
[2022-04-13 09:19:20,833] {processor.py:171} INFO - Processing /home/airflow/.local/lib/python3.7/site-packages/airflow/example_dags/example_task_group_decorator.py took 0.423 seconds
[2022-04-13 09:19:51,235] {processor.py:163} INFO - Started process (PID=1533) to work on /home/airflow/.local/lib/python3.7/site-packages/airflow/example_dags/example_task_group_decorator.py
[2022-04-13 09:19:51,237] {processor.py:642} INFO - Processing file /home/airflow/.local/lib/python3.7/site-packages/airflow/example_dags/example_task_group_decorator.py for tasks to queue
[2022-04-13 09:19:51,237] {logging_mixin.py:109} INFO - [2022-04-13 09:19:51,237] {dagbag.py:500} INFO - Filling up the DagBag from /home/airflow/.local/lib/python3.7/site-packages/airflow/example_dags/example_task_group_decorator.py
[2022-04-13 09:19:51,269] {processor.py:652} INFO - DAG(s) dict_keys(['example_task_group_decorator']) retrieved from /home/airflow/.local/lib/python3.7/site-packages/airflow/example_dags/example_task_group_decorator.py
[2022-04-13 09:19:51,649] {logging_mixin.py:109} INFO - [2022-04-13 09:19:51,648] {dag.py:2398} INFO - Sync 1 DAGs
[2022-04-13 09:19:51,670] {logging_mixin.py:109} INFO - [2022-04-13 09:19:51,670] {dag.py:2937} INFO - Setting next_dagrun for example_task_group_decorator to 2022-04-12T09:19:51.670320+00:00
[2022-04-13 09:19:51,689] {processor.py:171} INFO - Processing /home/airflow/.local/lib/python3.7/site-packages/airflow/example_dags/example_task_group_decorator.py took 0.456 seconds
[2022-04-13 09:20:22,617] {processor.py:163} INFO - Started process (PID=1598) to work on /home/airflow/.local/lib/python3.7/site-packages/airflow/example_dags/example_task_group_decorator.py
[2022-04-13 09:20:22,618] {processor.py:642} INFO - Processing file /home/airflow/.local/lib/python3.7/site-packages/airflow/example_dags/example_task_group_decorator.py for tasks to queue
[2022-04-13 09:20:22,618] {logging_mixin.py:109} INFO - [2022-04-13 09:20:22,618] {dagbag.py:500} INFO - Filling up the DagBag from /home/airflow/.local/lib/python3.7/site-packages/airflow/example_dags/example_task_group_decorator.py
[2022-04-13 09:20:22,659] {processor.py:652} INFO - DAG(s) dict_keys(['example_task_group_decorator']) retrieved from /home/airflow/.local/lib/python3.7/site-packages/airflow/example_dags/example_task_group_decorator.py
[2022-04-13 09:20:23,073] {logging_mixin.py:109} INFO - [2022-04-13 09:20:23,072] {dag.py:2398} INFO - Sync 1 DAGs
[2022-04-13 09:20:23,098] {logging_mixin.py:109} INFO - [2022-04-13 09:20:23,098] {dag.py:2937} INFO - Setting next_dagrun for example_task_group_decorator to 2022-04-12T09:20:23.097732+00:00
[2022-04-13 09:20:23,127] {processor.py:171} INFO - Processing /home/airflow/.local/lib/python3.7/site-packages/airflow/example_dags/example_task_group_decorator.py took 0.512 seconds
[2022-04-13 09:20:53,669] {processor.py:163} INFO - Started process (PID=1650) to work on /home/airflow/.local/lib/python3.7/site-packages/airflow/example_dags/example_task_group_decorator.py
[2022-04-13 09:20:53,670] {processor.py:642} INFO - Processing file /home/airflow/.local/lib/python3.7/site-packages/airflow/example_dags/example_task_group_decorator.py for tasks to queue
[2022-04-13 09:20:53,671] {logging_mixin.py:109} INFO - [2022-04-13 09:20:53,671] {dagbag.py:500} INFO - Filling up the DagBag from /home/airflow/.local/lib/python3.7/site-packages/airflow/example_dags/example_task_group_decorator.py
[2022-04-13 09:20:53,705] {processor.py:652} INFO - DAG(s) dict_keys(['example_task_group_decorator']) retrieved from /home/airflow/.local/lib/python3.7/site-packages/airflow/example_dags/example_task_group_decorator.py
[2022-04-13 09:20:54,031] {logging_mixin.py:109} INFO - [2022-04-13 09:20:54,031] {dag.py:2398} INFO - Sync 1 DAGs
[2022-04-13 09:20:54,049] {logging_mixin.py:109} INFO - [2022-04-13 09:20:54,049] {dag.py:2937} INFO - Setting next_dagrun for example_task_group_decorator to 2022-04-12T09:20:54.048901+00:00
[2022-04-13 09:20:54,066] {processor.py:171} INFO - Processing /home/airflow/.local/lib/python3.7/site-packages/airflow/example_dags/example_task_group_decorator.py took 0.399 seconds
[2022-04-13 09:21:25,012] {processor.py:163} INFO - Started process (PID=1702) to work on /home/airflow/.local/lib/python3.7/site-packages/airflow/example_dags/example_task_group_decorator.py
[2022-04-13 09:21:25,013] {processor.py:642} INFO - Processing file /home/airflow/.local/lib/python3.7/site-packages/airflow/example_dags/example_task_group_decorator.py for tasks to queue
[2022-04-13 09:21:25,014] {logging_mixin.py:109} INFO - [2022-04-13 09:21:25,013] {dagbag.py:500} INFO - Filling up the DagBag from /home/airflow/.local/lib/python3.7/site-packages/airflow/example_dags/example_task_group_decorator.py
[2022-04-13 09:21:25,049] {processor.py:652} INFO - DAG(s) dict_keys(['example_task_group_decorator']) retrieved from /home/airflow/.local/lib/python3.7/site-packages/airflow/example_dags/example_task_group_decorator.py
[2022-04-13 09:21:25,411] {logging_mixin.py:109} INFO - [2022-04-13 09:21:25,410] {dag.py:2398} INFO - Sync 1 DAGs
[2022-04-13 09:21:25,428] {logging_mixin.py:109} INFO - [2022-04-13 09:21:25,428] {dag.py:2937} INFO - Setting next_dagrun for example_task_group_decorator to 2022-04-12T09:21:25.427663+00:00
[2022-04-13 09:21:25,443] {processor.py:171} INFO - Processing /home/airflow/.local/lib/python3.7/site-packages/airflow/example_dags/example_task_group_decorator.py took 0.434 seconds
[2022-04-13 09:21:55,930] {processor.py:163} INFO - Started process (PID=1759) to work on /home/airflow/.local/lib/python3.7/site-packages/airflow/example_dags/example_task_group_decorator.py
[2022-04-13 09:21:55,931] {processor.py:642} INFO - Processing file /home/airflow/.local/lib/python3.7/site-packages/airflow/example_dags/example_task_group_decorator.py for tasks to queue
[2022-04-13 09:21:55,932] {logging_mixin.py:109} INFO - [2022-04-13 09:21:55,932] {dagbag.py:500} INFO - Filling up the DagBag from /home/airflow/.local/lib/python3.7/site-packages/airflow/example_dags/example_task_group_decorator.py
[2022-04-13 09:21:55,979] {processor.py:652} INFO - DAG(s) dict_keys(['example_task_group_decorator']) retrieved from /home/airflow/.local/lib/python3.7/site-packages/airflow/example_dags/example_task_group_decorator.py
[2022-04-13 09:21:56,406] {logging_mixin.py:109} INFO - [2022-04-13 09:21:56,406] {dag.py:2398} INFO - Sync 1 DAGs
[2022-04-13 09:21:56,431] {logging_mixin.py:109} INFO - [2022-04-13 09:21:56,431] {dag.py:2937} INFO - Setting next_dagrun for example_task_group_decorator to 2022-04-12T09:21:56.431112+00:00
[2022-04-13 09:21:56,445] {processor.py:171} INFO - Processing /home/airflow/.local/lib/python3.7/site-packages/airflow/example_dags/example_task_group_decorator.py took 0.519 seconds
[2022-04-13 09:22:27,485] {processor.py:163} INFO - Started process (PID=1814) to work on /home/airflow/.local/lib/python3.7/site-packages/airflow/example_dags/example_task_group_decorator.py
[2022-04-13 09:22:27,486] {processor.py:642} INFO - Processing file /home/airflow/.local/lib/python3.7/site-packages/airflow/example_dags/example_task_group_decorator.py for tasks to queue
[2022-04-13 09:22:27,486] {logging_mixin.py:109} INFO - [2022-04-13 09:22:27,486] {dagbag.py:500} INFO - Filling up the DagBag from /home/airflow/.local/lib/python3.7/site-packages/airflow/example_dags/example_task_group_decorator.py
[2022-04-13 09:22:27,530] {processor.py:652} INFO - DAG(s) dict_keys(['example_task_group_decorator']) retrieved from /home/airflow/.local/lib/python3.7/site-packages/airflow/example_dags/example_task_group_decorator.py
[2022-04-13 09:22:27,926] {logging_mixin.py:109} INFO - [2022-04-13 09:22:27,926] {dag.py:2398} INFO - Sync 1 DAGs
[2022-04-13 09:22:27,944] {logging_mixin.py:109} INFO - [2022-04-13 09:22:27,943] {dag.py:2937} INFO - Setting next_dagrun for example_task_group_decorator to 2022-04-12T09:22:27.943475+00:00
[2022-04-13 09:22:27,968] {processor.py:171} INFO - Processing /home/airflow/.local/lib/python3.7/site-packages/airflow/example_dags/example_task_group_decorator.py took 0.487 seconds
[2022-04-13 09:22:59,099] {processor.py:163} INFO - Started process (PID=1874) to work on /home/airflow/.local/lib/python3.7/site-packages/airflow/example_dags/example_task_group_decorator.py
[2022-04-13 09:22:59,100] {processor.py:642} INFO - Processing file /home/airflow/.local/lib/python3.7/site-packages/airflow/example_dags/example_task_group_decorator.py for tasks to queue
[2022-04-13 09:22:59,101] {logging_mixin.py:109} INFO - [2022-04-13 09:22:59,101] {dagbag.py:500} INFO - Filling up the DagBag from /home/airflow/.local/lib/python3.7/site-packages/airflow/example_dags/example_task_group_decorator.py
[2022-04-13 09:22:59,143] {processor.py:652} INFO - DAG(s) dict_keys(['example_task_group_decorator']) retrieved from /home/airflow/.local/lib/python3.7/site-packages/airflow/example_dags/example_task_group_decorator.py
[2022-04-13 09:22:59,513] {logging_mixin.py:109} INFO - [2022-04-13 09:22:59,513] {dag.py:2398} INFO - Sync 1 DAGs
[2022-04-13 09:22:59,535] {logging_mixin.py:109} INFO - [2022-04-13 09:22:59,535] {dag.py:2937} INFO - Setting next_dagrun for example_task_group_decorator to 2022-04-12T09:22:59.535195+00:00
[2022-04-13 09:22:59,551] {processor.py:171} INFO - Processing /home/airflow/.local/lib/python3.7/site-packages/airflow/example_dags/example_task_group_decorator.py took 0.456 seconds
[2022-04-13 09:23:29,752] {processor.py:163} INFO - Started process (PID=1927) to work on /home/airflow/.local/lib/python3.7/site-packages/airflow/example_dags/example_task_group_decorator.py
[2022-04-13 09:23:29,753] {processor.py:642} INFO - Processing file /home/airflow/.local/lib/python3.7/site-packages/airflow/example_dags/example_task_group_decorator.py for tasks to queue
[2022-04-13 09:23:29,754] {logging_mixin.py:109} INFO - [2022-04-13 09:23:29,754] {dagbag.py:500} INFO - Filling up the DagBag from /home/airflow/.local/lib/python3.7/site-packages/airflow/example_dags/example_task_group_decorator.py
[2022-04-13 09:23:29,792] {processor.py:652} INFO - DAG(s) dict_keys(['example_task_group_decorator']) retrieved from /home/airflow/.local/lib/python3.7/site-packages/airflow/example_dags/example_task_group_decorator.py
[2022-04-13 09:23:30,084] {logging_mixin.py:109} INFO - [2022-04-13 09:23:30,083] {dag.py:2398} INFO - Sync 1 DAGs
[2022-04-13 09:23:30,103] {logging_mixin.py:109} INFO - [2022-04-13 09:23:30,103] {dag.py:2937} INFO - Setting next_dagrun for example_task_group_decorator to 2022-04-12T09:23:30.103039+00:00
[2022-04-13 09:23:30,125] {processor.py:171} INFO - Processing /home/airflow/.local/lib/python3.7/site-packages/airflow/example_dags/example_task_group_decorator.py took 0.375 seconds
[2022-04-13 09:24:00,919] {processor.py:163} INFO - Started process (PID=1973) to work on /home/airflow/.local/lib/python3.7/site-packages/airflow/example_dags/example_task_group_decorator.py
[2022-04-13 09:24:00,920] {processor.py:642} INFO - Processing file /home/airflow/.local/lib/python3.7/site-packages/airflow/example_dags/example_task_group_decorator.py for tasks to queue
[2022-04-13 09:24:00,921] {logging_mixin.py:109} INFO - [2022-04-13 09:24:00,921] {dagbag.py:500} INFO - Filling up the DagBag from /home/airflow/.local/lib/python3.7/site-packages/airflow/example_dags/example_task_group_decorator.py
[2022-04-13 09:24:00,955] {processor.py:652} INFO - DAG(s) dict_keys(['example_task_group_decorator']) retrieved from /home/airflow/.local/lib/python3.7/site-packages/airflow/example_dags/example_task_group_decorator.py
[2022-04-13 09:24:01,320] {logging_mixin.py:109} INFO - [2022-04-13 09:24:01,320] {dag.py:2398} INFO - Sync 1 DAGs
[2022-04-13 09:24:01,338] {logging_mixin.py:109} INFO - [2022-04-13 09:24:01,337] {dag.py:2937} INFO - Setting next_dagrun for example_task_group_decorator to 2022-04-12T09:24:01.337730+00:00
[2022-04-13 09:24:01,354] {processor.py:171} INFO - Processing /home/airflow/.local/lib/python3.7/site-packages/airflow/example_dags/example_task_group_decorator.py took 0.438 seconds
[2022-04-13 09:24:31,938] {processor.py:163} INFO - Started process (PID=2032) to work on /home/airflow/.local/lib/python3.7/site-packages/airflow/example_dags/example_task_group_decorator.py
[2022-04-13 09:24:31,940] {processor.py:642} INFO - Processing file /home/airflow/.local/lib/python3.7/site-packages/airflow/example_dags/example_task_group_decorator.py for tasks to queue
[2022-04-13 09:24:31,941] {logging_mixin.py:109} INFO - [2022-04-13 09:24:31,940] {dagbag.py:500} INFO - Filling up the DagBag from /home/airflow/.local/lib/python3.7/site-packages/airflow/example_dags/example_task_group_decorator.py
[2022-04-13 09:24:31,987] {processor.py:652} INFO - DAG(s) dict_keys(['example_task_group_decorator']) retrieved from /home/airflow/.local/lib/python3.7/site-packages/airflow/example_dags/example_task_group_decorator.py
[2022-04-13 09:24:32,376] {logging_mixin.py:109} INFO - [2022-04-13 09:24:32,376] {dag.py:2398} INFO - Sync 1 DAGs
[2022-04-13 09:24:32,394] {logging_mixin.py:109} INFO - [2022-04-13 09:24:32,394] {dag.py:2937} INFO - Setting next_dagrun for example_task_group_decorator to 2022-04-12T09:24:32.393765+00:00
[2022-04-13 09:24:32,412] {processor.py:171} INFO - Processing /home/airflow/.local/lib/python3.7/site-packages/airflow/example_dags/example_task_group_decorator.py took 0.477 seconds
[2022-04-13 09:25:03,104] {processor.py:163} INFO - Started process (PID=2086) to work on /home/airflow/.local/lib/python3.7/site-packages/airflow/example_dags/example_task_group_decorator.py
[2022-04-13 09:25:03,105] {processor.py:642} INFO - Processing file /home/airflow/.local/lib/python3.7/site-packages/airflow/example_dags/example_task_group_decorator.py for tasks to queue
[2022-04-13 09:25:03,106] {logging_mixin.py:109} INFO - [2022-04-13 09:25:03,106] {dagbag.py:500} INFO - Filling up the DagBag from /home/airflow/.local/lib/python3.7/site-packages/airflow/example_dags/example_task_group_decorator.py
[2022-04-13 09:25:03,140] {processor.py:652} INFO - DAG(s) dict_keys(['example_task_group_decorator']) retrieved from /home/airflow/.local/lib/python3.7/site-packages/airflow/example_dags/example_task_group_decorator.py
[2022-04-13 09:25:03,463] {logging_mixin.py:109} INFO - [2022-04-13 09:25:03,462] {dag.py:2398} INFO - Sync 1 DAGs
[2022-04-13 09:25:03,480] {logging_mixin.py:109} INFO - [2022-04-13 09:25:03,480] {dag.py:2937} INFO - Setting next_dagrun for example_task_group_decorator to 2022-04-12T09:25:03.480487+00:00
[2022-04-13 09:25:03,498] {processor.py:171} INFO - Processing /home/airflow/.local/lib/python3.7/site-packages/airflow/example_dags/example_task_group_decorator.py took 0.397 seconds
[2022-04-13 09:25:33,667] {processor.py:163} INFO - Started process (PID=2136) to work on /home/airflow/.local/lib/python3.7/site-packages/airflow/example_dags/example_task_group_decorator.py
[2022-04-13 09:25:33,669] {processor.py:642} INFO - Processing file /home/airflow/.local/lib/python3.7/site-packages/airflow/example_dags/example_task_group_decorator.py for tasks to queue
[2022-04-13 09:25:33,670] {logging_mixin.py:109} INFO - [2022-04-13 09:25:33,670] {dagbag.py:500} INFO - Filling up the DagBag from /home/airflow/.local/lib/python3.7/site-packages/airflow/example_dags/example_task_group_decorator.py
[2022-04-13 09:25:33,710] {processor.py:652} INFO - DAG(s) dict_keys(['example_task_group_decorator']) retrieved from /home/airflow/.local/lib/python3.7/site-packages/airflow/example_dags/example_task_group_decorator.py
[2022-04-13 09:25:34,219] {logging_mixin.py:109} INFO - [2022-04-13 09:25:34,219] {dag.py:2398} INFO - Sync 1 DAGs
[2022-04-13 09:25:34,246] {logging_mixin.py:109} INFO - [2022-04-13 09:25:34,246] {dag.py:2937} INFO - Setting next_dagrun for example_task_group_decorator to 2022-04-12T09:25:34.246469+00:00
[2022-04-13 09:25:34,272] {processor.py:171} INFO - Processing /home/airflow/.local/lib/python3.7/site-packages/airflow/example_dags/example_task_group_decorator.py took 0.609 seconds
[2022-04-13 09:26:04,961] {processor.py:163} INFO - Started process (PID=2199) to work on /home/airflow/.local/lib/python3.7/site-packages/airflow/example_dags/example_task_group_decorator.py
[2022-04-13 09:26:04,962] {processor.py:642} INFO - Processing file /home/airflow/.local/lib/python3.7/site-packages/airflow/example_dags/example_task_group_decorator.py for tasks to queue
[2022-04-13 09:26:04,963] {logging_mixin.py:109} INFO - [2022-04-13 09:26:04,963] {dagbag.py:500} INFO - Filling up the DagBag from /home/airflow/.local/lib/python3.7/site-packages/airflow/example_dags/example_task_group_decorator.py
[2022-04-13 09:26:05,002] {processor.py:652} INFO - DAG(s) dict_keys(['example_task_group_decorator']) retrieved from /home/airflow/.local/lib/python3.7/site-packages/airflow/example_dags/example_task_group_decorator.py
[2022-04-13 09:26:05,521] {logging_mixin.py:109} INFO - [2022-04-13 09:26:05,521] {dag.py:2398} INFO - Sync 1 DAGs
[2022-04-13 09:26:05,546] {logging_mixin.py:109} INFO - [2022-04-13 09:26:05,546] {dag.py:2937} INFO - Setting next_dagrun for example_task_group_decorator to 2022-04-12T09:26:05.545965+00:00
[2022-04-13 09:26:05,567] {processor.py:171} INFO - Processing /home/airflow/.local/lib/python3.7/site-packages/airflow/example_dags/example_task_group_decorator.py took 0.609 seconds
