[2022-04-13 08:46:19,595] {processor.py:163} INFO - Started process (PID=77) to work on /home/airflow/.local/lib/python3.7/site-packages/airflow/example_dags/example_kubernetes_executor.py
[2022-04-13 08:46:19,596] {processor.py:642} INFO - Processing file /home/airflow/.local/lib/python3.7/site-packages/airflow/example_dags/example_kubernetes_executor.py for tasks to queue
[2022-04-13 08:46:19,596] {logging_mixin.py:109} INFO - [2022-04-13 08:46:19,596] {dagbag.py:500} INFO - Filling up the DagBag from /home/airflow/.local/lib/python3.7/site-packages/airflow/example_dags/example_kubernetes_executor.py
[2022-04-13 08:46:19,614] {processor.py:652} INFO - DAG(s) dict_keys(['example_kubernetes_executor']) retrieved from /home/airflow/.local/lib/python3.7/site-packages/airflow/example_dags/example_kubernetes_executor.py
[2022-04-13 08:46:21,557] {logging_mixin.py:109} INFO - [2022-04-13 08:46:21,556] {manager.py:496} INFO - Created Permission View: can read on DAG:example_kubernetes_executor
[2022-04-13 08:46:21,570] {logging_mixin.py:109} INFO - [2022-04-13 08:46:21,570] {manager.py:496} INFO - Created Permission View: can edit on DAG:example_kubernetes_executor
[2022-04-13 08:46:21,571] {logging_mixin.py:109} INFO - [2022-04-13 08:46:21,570] {dag.py:2398} INFO - Sync 1 DAGs
[2022-04-13 08:46:21,580] {logging_mixin.py:109} INFO - [2022-04-13 08:46:21,580] {dag.py:2417} INFO - Creating ORM DAG for example_kubernetes_executor
[2022-04-13 08:46:21,590] {logging_mixin.py:109} INFO - [2022-04-13 08:46:21,589] {dag.py:2937} INFO - Setting next_dagrun for example_kubernetes_executor to None
[2022-04-13 08:46:21,609] {processor.py:171} INFO - Processing /home/airflow/.local/lib/python3.7/site-packages/airflow/example_dags/example_kubernetes_executor.py took 2.015 seconds
[2022-04-13 08:46:53,811] {processor.py:163} INFO - Started process (PID=463) to work on /home/airflow/.local/lib/python3.7/site-packages/airflow/example_dags/example_kubernetes_executor.py
[2022-04-13 08:46:53,812] {processor.py:642} INFO - Processing file /home/airflow/.local/lib/python3.7/site-packages/airflow/example_dags/example_kubernetes_executor.py for tasks to queue
[2022-04-13 08:46:53,813] {logging_mixin.py:109} INFO - [2022-04-13 08:46:53,813] {dagbag.py:500} INFO - Filling up the DagBag from /home/airflow/.local/lib/python3.7/site-packages/airflow/example_dags/example_kubernetes_executor.py
[2022-04-13 08:46:53,840] {processor.py:652} INFO - DAG(s) dict_keys(['example_kubernetes_executor']) retrieved from /home/airflow/.local/lib/python3.7/site-packages/airflow/example_dags/example_kubernetes_executor.py
[2022-04-13 08:46:53,875] {logging_mixin.py:109} INFO - [2022-04-13 08:46:53,875] {dag.py:2398} INFO - Sync 1 DAGs
[2022-04-13 08:46:53,899] {logging_mixin.py:109} INFO - [2022-04-13 08:46:53,898] {dag.py:2937} INFO - Setting next_dagrun for example_kubernetes_executor to None
[2022-04-13 08:46:53,916] {processor.py:171} INFO - Processing /home/airflow/.local/lib/python3.7/site-packages/airflow/example_dags/example_kubernetes_executor.py took 0.108 seconds
[2022-04-13 08:47:24,774] {processor.py:163} INFO - Started process (PID=514) to work on /home/airflow/.local/lib/python3.7/site-packages/airflow/example_dags/example_kubernetes_executor.py
[2022-04-13 08:47:24,777] {processor.py:642} INFO - Processing file /home/airflow/.local/lib/python3.7/site-packages/airflow/example_dags/example_kubernetes_executor.py for tasks to queue
[2022-04-13 08:47:24,777] {logging_mixin.py:109} INFO - [2022-04-13 08:47:24,777] {dagbag.py:500} INFO - Filling up the DagBag from /home/airflow/.local/lib/python3.7/site-packages/airflow/example_dags/example_kubernetes_executor.py
[2022-04-13 08:47:24,806] {processor.py:652} INFO - DAG(s) dict_keys(['example_kubernetes_executor']) retrieved from /home/airflow/.local/lib/python3.7/site-packages/airflow/example_dags/example_kubernetes_executor.py
[2022-04-13 08:47:24,835] {logging_mixin.py:109} INFO - [2022-04-13 08:47:24,835] {dag.py:2398} INFO - Sync 1 DAGs
[2022-04-13 08:47:24,852] {logging_mixin.py:109} INFO - [2022-04-13 08:47:24,852] {dag.py:2937} INFO - Setting next_dagrun for example_kubernetes_executor to None
[2022-04-13 08:47:24,875] {processor.py:171} INFO - Processing /home/airflow/.local/lib/python3.7/site-packages/airflow/example_dags/example_kubernetes_executor.py took 0.105 seconds
[2022-04-13 08:47:55,278] {processor.py:163} INFO - Started process (PID=564) to work on /home/airflow/.local/lib/python3.7/site-packages/airflow/example_dags/example_kubernetes_executor.py
[2022-04-13 08:47:55,283] {processor.py:642} INFO - Processing file /home/airflow/.local/lib/python3.7/site-packages/airflow/example_dags/example_kubernetes_executor.py for tasks to queue
[2022-04-13 08:47:55,283] {logging_mixin.py:109} INFO - [2022-04-13 08:47:55,283] {dagbag.py:500} INFO - Filling up the DagBag from /home/airflow/.local/lib/python3.7/site-packages/airflow/example_dags/example_kubernetes_executor.py
[2022-04-13 08:47:55,310] {processor.py:652} INFO - DAG(s) dict_keys(['example_kubernetes_executor']) retrieved from /home/airflow/.local/lib/python3.7/site-packages/airflow/example_dags/example_kubernetes_executor.py
[2022-04-13 08:47:55,397] {logging_mixin.py:109} INFO - [2022-04-13 08:47:55,397] {dag.py:2398} INFO - Sync 1 DAGs
[2022-04-13 08:47:55,415] {logging_mixin.py:109} INFO - [2022-04-13 08:47:55,415] {dag.py:2937} INFO - Setting next_dagrun for example_kubernetes_executor to None
[2022-04-13 08:47:55,430] {processor.py:171} INFO - Processing /home/airflow/.local/lib/python3.7/site-packages/airflow/example_dags/example_kubernetes_executor.py took 0.158 seconds
[2022-04-13 08:48:25,688] {processor.py:163} INFO - Started process (PID=623) to work on /home/airflow/.local/lib/python3.7/site-packages/airflow/example_dags/example_kubernetes_executor.py
[2022-04-13 08:48:25,689] {processor.py:642} INFO - Processing file /home/airflow/.local/lib/python3.7/site-packages/airflow/example_dags/example_kubernetes_executor.py for tasks to queue
[2022-04-13 08:48:25,689] {logging_mixin.py:109} INFO - [2022-04-13 08:48:25,689] {dagbag.py:500} INFO - Filling up the DagBag from /home/airflow/.local/lib/python3.7/site-packages/airflow/example_dags/example_kubernetes_executor.py
[2022-04-13 08:48:25,714] {processor.py:652} INFO - DAG(s) dict_keys(['example_kubernetes_executor']) retrieved from /home/airflow/.local/lib/python3.7/site-packages/airflow/example_dags/example_kubernetes_executor.py
[2022-04-13 08:48:25,740] {logging_mixin.py:109} INFO - [2022-04-13 08:48:25,740] {dag.py:2398} INFO - Sync 1 DAGs
[2022-04-13 08:48:25,757] {logging_mixin.py:109} INFO - [2022-04-13 08:48:25,757] {dag.py:2937} INFO - Setting next_dagrun for example_kubernetes_executor to None
[2022-04-13 08:48:25,776] {processor.py:171} INFO - Processing /home/airflow/.local/lib/python3.7/site-packages/airflow/example_dags/example_kubernetes_executor.py took 0.091 seconds
[2022-04-13 08:52:07,862] {processor.py:163} INFO - Started process (PID=40) to work on /home/airflow/.local/lib/python3.7/site-packages/airflow/example_dags/example_kubernetes_executor.py
[2022-04-13 08:52:07,874] {processor.py:642} INFO - Processing file /home/airflow/.local/lib/python3.7/site-packages/airflow/example_dags/example_kubernetes_executor.py for tasks to queue
[2022-04-13 08:52:07,876] {logging_mixin.py:109} INFO - [2022-04-13 08:52:07,876] {dagbag.py:500} INFO - Filling up the DagBag from /home/airflow/.local/lib/python3.7/site-packages/airflow/example_dags/example_kubernetes_executor.py
[2022-04-13 08:52:07,937] {processor.py:652} INFO - DAG(s) dict_keys(['example_kubernetes_executor']) retrieved from /home/airflow/.local/lib/python3.7/site-packages/airflow/example_dags/example_kubernetes_executor.py
[2022-04-13 08:52:08,041] {logging_mixin.py:109} INFO - [2022-04-13 08:52:08,041] {dag.py:2398} INFO - Sync 1 DAGs
[2022-04-13 08:52:08,068] {logging_mixin.py:109} INFO - [2022-04-13 08:52:08,068] {dag.py:2937} INFO - Setting next_dagrun for example_kubernetes_executor to None
[2022-04-13 08:52:08,090] {processor.py:171} INFO - Processing /home/airflow/.local/lib/python3.7/site-packages/airflow/example_dags/example_kubernetes_executor.py took 0.232 seconds
[2022-04-13 08:54:25,581] {processor.py:163} INFO - Started process (PID=44) to work on /home/airflow/.local/lib/python3.7/site-packages/airflow/example_dags/example_kubernetes_executor.py
[2022-04-13 08:54:25,593] {processor.py:642} INFO - Processing file /home/airflow/.local/lib/python3.7/site-packages/airflow/example_dags/example_kubernetes_executor.py for tasks to queue
[2022-04-13 08:54:25,594] {logging_mixin.py:109} INFO - [2022-04-13 08:54:25,594] {dagbag.py:500} INFO - Filling up the DagBag from /home/airflow/.local/lib/python3.7/site-packages/airflow/example_dags/example_kubernetes_executor.py
[2022-04-13 08:54:25,647] {processor.py:652} INFO - DAG(s) dict_keys(['example_kubernetes_executor']) retrieved from /home/airflow/.local/lib/python3.7/site-packages/airflow/example_dags/example_kubernetes_executor.py
[2022-04-13 08:54:25,682] {logging_mixin.py:109} INFO - [2022-04-13 08:54:25,682] {dag.py:2398} INFO - Sync 1 DAGs
[2022-04-13 08:54:25,705] {logging_mixin.py:109} INFO - [2022-04-13 08:54:25,704] {dag.py:2937} INFO - Setting next_dagrun for example_kubernetes_executor to None
[2022-04-13 08:54:25,726] {processor.py:171} INFO - Processing /home/airflow/.local/lib/python3.7/site-packages/airflow/example_dags/example_kubernetes_executor.py took 0.148 seconds
[2022-04-13 08:54:55,874] {processor.py:163} INFO - Started process (PID=95) to work on /home/airflow/.local/lib/python3.7/site-packages/airflow/example_dags/example_kubernetes_executor.py
[2022-04-13 08:54:55,875] {processor.py:642} INFO - Processing file /home/airflow/.local/lib/python3.7/site-packages/airflow/example_dags/example_kubernetes_executor.py for tasks to queue
[2022-04-13 08:54:55,876] {logging_mixin.py:109} INFO - [2022-04-13 08:54:55,876] {dagbag.py:500} INFO - Filling up the DagBag from /home/airflow/.local/lib/python3.7/site-packages/airflow/example_dags/example_kubernetes_executor.py
[2022-04-13 08:54:55,899] {processor.py:652} INFO - DAG(s) dict_keys(['example_kubernetes_executor']) retrieved from /home/airflow/.local/lib/python3.7/site-packages/airflow/example_dags/example_kubernetes_executor.py
[2022-04-13 08:54:55,924] {logging_mixin.py:109} INFO - [2022-04-13 08:54:55,923] {dag.py:2398} INFO - Sync 1 DAGs
[2022-04-13 08:54:55,939] {logging_mixin.py:109} INFO - [2022-04-13 08:54:55,939] {dag.py:2937} INFO - Setting next_dagrun for example_kubernetes_executor to None
[2022-04-13 08:54:55,951] {processor.py:171} INFO - Processing /home/airflow/.local/lib/python3.7/site-packages/airflow/example_dags/example_kubernetes_executor.py took 0.080 seconds
[2022-04-13 08:55:26,207] {processor.py:163} INFO - Started process (PID=155) to work on /home/airflow/.local/lib/python3.7/site-packages/airflow/example_dags/example_kubernetes_executor.py
[2022-04-13 08:55:26,207] {processor.py:642} INFO - Processing file /home/airflow/.local/lib/python3.7/site-packages/airflow/example_dags/example_kubernetes_executor.py for tasks to queue
[2022-04-13 08:55:26,208] {logging_mixin.py:109} INFO - [2022-04-13 08:55:26,208] {dagbag.py:500} INFO - Filling up the DagBag from /home/airflow/.local/lib/python3.7/site-packages/airflow/example_dags/example_kubernetes_executor.py
[2022-04-13 08:55:26,227] {processor.py:652} INFO - DAG(s) dict_keys(['example_kubernetes_executor']) retrieved from /home/airflow/.local/lib/python3.7/site-packages/airflow/example_dags/example_kubernetes_executor.py
[2022-04-13 08:55:26,250] {logging_mixin.py:109} INFO - [2022-04-13 08:55:26,250] {dag.py:2398} INFO - Sync 1 DAGs
[2022-04-13 08:55:26,265] {logging_mixin.py:109} INFO - [2022-04-13 08:55:26,264] {dag.py:2937} INFO - Setting next_dagrun for example_kubernetes_executor to None
[2022-04-13 08:55:26,277] {processor.py:171} INFO - Processing /home/airflow/.local/lib/python3.7/site-packages/airflow/example_dags/example_kubernetes_executor.py took 0.072 seconds
[2022-04-13 08:55:56,384] {processor.py:163} INFO - Started process (PID=207) to work on /home/airflow/.local/lib/python3.7/site-packages/airflow/example_dags/example_kubernetes_executor.py
[2022-04-13 08:55:56,385] {processor.py:642} INFO - Processing file /home/airflow/.local/lib/python3.7/site-packages/airflow/example_dags/example_kubernetes_executor.py for tasks to queue
[2022-04-13 08:55:56,385] {logging_mixin.py:109} INFO - [2022-04-13 08:55:56,385] {dagbag.py:500} INFO - Filling up the DagBag from /home/airflow/.local/lib/python3.7/site-packages/airflow/example_dags/example_kubernetes_executor.py
[2022-04-13 08:55:56,401] {processor.py:652} INFO - DAG(s) dict_keys(['example_kubernetes_executor']) retrieved from /home/airflow/.local/lib/python3.7/site-packages/airflow/example_dags/example_kubernetes_executor.py
[2022-04-13 08:55:56,427] {logging_mixin.py:109} INFO - [2022-04-13 08:55:56,426] {dag.py:2398} INFO - Sync 1 DAGs
[2022-04-13 08:55:56,442] {logging_mixin.py:109} INFO - [2022-04-13 08:55:56,442] {dag.py:2937} INFO - Setting next_dagrun for example_kubernetes_executor to None
[2022-04-13 08:55:56,461] {processor.py:171} INFO - Processing /home/airflow/.local/lib/python3.7/site-packages/airflow/example_dags/example_kubernetes_executor.py took 0.079 seconds
[2022-04-13 08:56:26,791] {processor.py:163} INFO - Started process (PID=268) to work on /home/airflow/.local/lib/python3.7/site-packages/airflow/example_dags/example_kubernetes_executor.py
[2022-04-13 08:56:26,792] {processor.py:642} INFO - Processing file /home/airflow/.local/lib/python3.7/site-packages/airflow/example_dags/example_kubernetes_executor.py for tasks to queue
[2022-04-13 08:56:26,792] {logging_mixin.py:109} INFO - [2022-04-13 08:56:26,792] {dagbag.py:500} INFO - Filling up the DagBag from /home/airflow/.local/lib/python3.7/site-packages/airflow/example_dags/example_kubernetes_executor.py
[2022-04-13 08:56:26,809] {processor.py:652} INFO - DAG(s) dict_keys(['example_kubernetes_executor']) retrieved from /home/airflow/.local/lib/python3.7/site-packages/airflow/example_dags/example_kubernetes_executor.py
[2022-04-13 08:56:26,833] {logging_mixin.py:109} INFO - [2022-04-13 08:56:26,833] {dag.py:2398} INFO - Sync 1 DAGs
[2022-04-13 08:56:26,850] {logging_mixin.py:109} INFO - [2022-04-13 08:56:26,850] {dag.py:2937} INFO - Setting next_dagrun for example_kubernetes_executor to None
[2022-04-13 08:56:26,863] {processor.py:171} INFO - Processing /home/airflow/.local/lib/python3.7/site-packages/airflow/example_dags/example_kubernetes_executor.py took 0.076 seconds
[2022-04-13 08:56:57,187] {processor.py:163} INFO - Started process (PID=319) to work on /home/airflow/.local/lib/python3.7/site-packages/airflow/example_dags/example_kubernetes_executor.py
[2022-04-13 08:56:57,188] {processor.py:642} INFO - Processing file /home/airflow/.local/lib/python3.7/site-packages/airflow/example_dags/example_kubernetes_executor.py for tasks to queue
[2022-04-13 08:56:57,189] {logging_mixin.py:109} INFO - [2022-04-13 08:56:57,189] {dagbag.py:500} INFO - Filling up the DagBag from /home/airflow/.local/lib/python3.7/site-packages/airflow/example_dags/example_kubernetes_executor.py
[2022-04-13 08:56:57,207] {processor.py:652} INFO - DAG(s) dict_keys(['example_kubernetes_executor']) retrieved from /home/airflow/.local/lib/python3.7/site-packages/airflow/example_dags/example_kubernetes_executor.py
[2022-04-13 08:56:57,229] {logging_mixin.py:109} INFO - [2022-04-13 08:56:57,229] {dag.py:2398} INFO - Sync 1 DAGs
[2022-04-13 08:56:57,243] {logging_mixin.py:109} INFO - [2022-04-13 08:56:57,243] {dag.py:2937} INFO - Setting next_dagrun for example_kubernetes_executor to None
[2022-04-13 08:56:57,256] {processor.py:171} INFO - Processing /home/airflow/.local/lib/python3.7/site-packages/airflow/example_dags/example_kubernetes_executor.py took 0.072 seconds
[2022-04-13 08:57:27,445] {processor.py:163} INFO - Started process (PID=378) to work on /home/airflow/.local/lib/python3.7/site-packages/airflow/example_dags/example_kubernetes_executor.py
[2022-04-13 08:57:27,446] {processor.py:642} INFO - Processing file /home/airflow/.local/lib/python3.7/site-packages/airflow/example_dags/example_kubernetes_executor.py for tasks to queue
[2022-04-13 08:57:27,446] {logging_mixin.py:109} INFO - [2022-04-13 08:57:27,446] {dagbag.py:500} INFO - Filling up the DagBag from /home/airflow/.local/lib/python3.7/site-packages/airflow/example_dags/example_kubernetes_executor.py
[2022-04-13 08:57:27,463] {processor.py:652} INFO - DAG(s) dict_keys(['example_kubernetes_executor']) retrieved from /home/airflow/.local/lib/python3.7/site-packages/airflow/example_dags/example_kubernetes_executor.py
[2022-04-13 08:57:27,485] {logging_mixin.py:109} INFO - [2022-04-13 08:57:27,484] {dag.py:2398} INFO - Sync 1 DAGs
[2022-04-13 08:57:27,500] {logging_mixin.py:109} INFO - [2022-04-13 08:57:27,500] {dag.py:2937} INFO - Setting next_dagrun for example_kubernetes_executor to None
[2022-04-13 08:57:27,513] {processor.py:171} INFO - Processing /home/airflow/.local/lib/python3.7/site-packages/airflow/example_dags/example_kubernetes_executor.py took 0.070 seconds
[2022-04-13 08:57:57,597] {processor.py:163} INFO - Started process (PID=429) to work on /home/airflow/.local/lib/python3.7/site-packages/airflow/example_dags/example_kubernetes_executor.py
[2022-04-13 08:57:57,598] {processor.py:642} INFO - Processing file /home/airflow/.local/lib/python3.7/site-packages/airflow/example_dags/example_kubernetes_executor.py for tasks to queue
[2022-04-13 08:57:57,599] {logging_mixin.py:109} INFO - [2022-04-13 08:57:57,599] {dagbag.py:500} INFO - Filling up the DagBag from /home/airflow/.local/lib/python3.7/site-packages/airflow/example_dags/example_kubernetes_executor.py
[2022-04-13 08:57:57,616] {processor.py:652} INFO - DAG(s) dict_keys(['example_kubernetes_executor']) retrieved from /home/airflow/.local/lib/python3.7/site-packages/airflow/example_dags/example_kubernetes_executor.py
[2022-04-13 08:57:57,639] {logging_mixin.py:109} INFO - [2022-04-13 08:57:57,639] {dag.py:2398} INFO - Sync 1 DAGs
[2022-04-13 08:57:57,656] {logging_mixin.py:109} INFO - [2022-04-13 08:57:57,656] {dag.py:2937} INFO - Setting next_dagrun for example_kubernetes_executor to None
[2022-04-13 08:57:57,670] {processor.py:171} INFO - Processing /home/airflow/.local/lib/python3.7/site-packages/airflow/example_dags/example_kubernetes_executor.py took 0.076 seconds
[2022-04-13 08:58:27,887] {processor.py:163} INFO - Started process (PID=491) to work on /home/airflow/.local/lib/python3.7/site-packages/airflow/example_dags/example_kubernetes_executor.py
[2022-04-13 08:58:27,888] {processor.py:642} INFO - Processing file /home/airflow/.local/lib/python3.7/site-packages/airflow/example_dags/example_kubernetes_executor.py for tasks to queue
[2022-04-13 08:58:27,889] {logging_mixin.py:109} INFO - [2022-04-13 08:58:27,888] {dagbag.py:500} INFO - Filling up the DagBag from /home/airflow/.local/lib/python3.7/site-packages/airflow/example_dags/example_kubernetes_executor.py
[2022-04-13 08:58:27,916] {processor.py:652} INFO - DAG(s) dict_keys(['example_kubernetes_executor']) retrieved from /home/airflow/.local/lib/python3.7/site-packages/airflow/example_dags/example_kubernetes_executor.py
[2022-04-13 08:58:27,937] {logging_mixin.py:109} INFO - [2022-04-13 08:58:27,936] {dag.py:2398} INFO - Sync 1 DAGs
[2022-04-13 08:58:27,950] {logging_mixin.py:109} INFO - [2022-04-13 08:58:27,950] {dag.py:2937} INFO - Setting next_dagrun for example_kubernetes_executor to None
[2022-04-13 08:58:27,963] {processor.py:171} INFO - Processing /home/airflow/.local/lib/python3.7/site-packages/airflow/example_dags/example_kubernetes_executor.py took 0.079 seconds
[2022-04-13 08:58:58,395] {processor.py:163} INFO - Started process (PID=542) to work on /home/airflow/.local/lib/python3.7/site-packages/airflow/example_dags/example_kubernetes_executor.py
[2022-04-13 08:58:58,397] {processor.py:642} INFO - Processing file /home/airflow/.local/lib/python3.7/site-packages/airflow/example_dags/example_kubernetes_executor.py for tasks to queue
[2022-04-13 08:58:58,398] {logging_mixin.py:109} INFO - [2022-04-13 08:58:58,398] {dagbag.py:500} INFO - Filling up the DagBag from /home/airflow/.local/lib/python3.7/site-packages/airflow/example_dags/example_kubernetes_executor.py
[2022-04-13 08:58:58,426] {processor.py:652} INFO - DAG(s) dict_keys(['example_kubernetes_executor']) retrieved from /home/airflow/.local/lib/python3.7/site-packages/airflow/example_dags/example_kubernetes_executor.py
[2022-04-13 08:58:58,459] {logging_mixin.py:109} INFO - [2022-04-13 08:58:58,459] {dag.py:2398} INFO - Sync 1 DAGs
[2022-04-13 08:58:58,487] {logging_mixin.py:109} INFO - [2022-04-13 08:58:58,487] {dag.py:2937} INFO - Setting next_dagrun for example_kubernetes_executor to None
[2022-04-13 08:58:58,508] {processor.py:171} INFO - Processing /home/airflow/.local/lib/python3.7/site-packages/airflow/example_dags/example_kubernetes_executor.py took 0.117 seconds
[2022-04-13 08:59:28,614] {processor.py:163} INFO - Started process (PID=594) to work on /home/airflow/.local/lib/python3.7/site-packages/airflow/example_dags/example_kubernetes_executor.py
[2022-04-13 08:59:28,615] {processor.py:642} INFO - Processing file /home/airflow/.local/lib/python3.7/site-packages/airflow/example_dags/example_kubernetes_executor.py for tasks to queue
[2022-04-13 08:59:28,616] {logging_mixin.py:109} INFO - [2022-04-13 08:59:28,616] {dagbag.py:500} INFO - Filling up the DagBag from /home/airflow/.local/lib/python3.7/site-packages/airflow/example_dags/example_kubernetes_executor.py
[2022-04-13 08:59:28,649] {processor.py:652} INFO - DAG(s) dict_keys(['example_kubernetes_executor']) retrieved from /home/airflow/.local/lib/python3.7/site-packages/airflow/example_dags/example_kubernetes_executor.py
[2022-04-13 08:59:28,689] {logging_mixin.py:109} INFO - [2022-04-13 08:59:28,688] {dag.py:2398} INFO - Sync 1 DAGs
[2022-04-13 08:59:28,716] {logging_mixin.py:109} INFO - [2022-04-13 08:59:28,716] {dag.py:2937} INFO - Setting next_dagrun for example_kubernetes_executor to None
[2022-04-13 08:59:28,745] {processor.py:171} INFO - Processing /home/airflow/.local/lib/python3.7/site-packages/airflow/example_dags/example_kubernetes_executor.py took 0.136 seconds
[2022-04-13 08:59:59,090] {processor.py:163} INFO - Started process (PID=654) to work on /home/airflow/.local/lib/python3.7/site-packages/airflow/example_dags/example_kubernetes_executor.py
[2022-04-13 08:59:59,092] {processor.py:642} INFO - Processing file /home/airflow/.local/lib/python3.7/site-packages/airflow/example_dags/example_kubernetes_executor.py for tasks to queue
[2022-04-13 08:59:59,093] {logging_mixin.py:109} INFO - [2022-04-13 08:59:59,093] {dagbag.py:500} INFO - Filling up the DagBag from /home/airflow/.local/lib/python3.7/site-packages/airflow/example_dags/example_kubernetes_executor.py
[2022-04-13 08:59:59,117] {processor.py:652} INFO - DAG(s) dict_keys(['example_kubernetes_executor']) retrieved from /home/airflow/.local/lib/python3.7/site-packages/airflow/example_dags/example_kubernetes_executor.py
[2022-04-13 08:59:59,151] {logging_mixin.py:109} INFO - [2022-04-13 08:59:59,151] {dag.py:2398} INFO - Sync 1 DAGs
[2022-04-13 08:59:59,184] {logging_mixin.py:109} INFO - [2022-04-13 08:59:59,183] {dag.py:2937} INFO - Setting next_dagrun for example_kubernetes_executor to None
[2022-04-13 08:59:59,203] {processor.py:171} INFO - Processing /home/airflow/.local/lib/python3.7/site-packages/airflow/example_dags/example_kubernetes_executor.py took 0.116 seconds
[2022-04-13 09:00:29,717] {processor.py:163} INFO - Started process (PID=706) to work on /home/airflow/.local/lib/python3.7/site-packages/airflow/example_dags/example_kubernetes_executor.py
[2022-04-13 09:00:29,718] {processor.py:642} INFO - Processing file /home/airflow/.local/lib/python3.7/site-packages/airflow/example_dags/example_kubernetes_executor.py for tasks to queue
[2022-04-13 09:00:29,719] {logging_mixin.py:109} INFO - [2022-04-13 09:00:29,718] {dagbag.py:500} INFO - Filling up the DagBag from /home/airflow/.local/lib/python3.7/site-packages/airflow/example_dags/example_kubernetes_executor.py
[2022-04-13 09:00:29,744] {processor.py:652} INFO - DAG(s) dict_keys(['example_kubernetes_executor']) retrieved from /home/airflow/.local/lib/python3.7/site-packages/airflow/example_dags/example_kubernetes_executor.py
[2022-04-13 09:00:29,775] {logging_mixin.py:109} INFO - [2022-04-13 09:00:29,775] {dag.py:2398} INFO - Sync 1 DAGs
[2022-04-13 09:00:29,796] {logging_mixin.py:109} INFO - [2022-04-13 09:00:29,796] {dag.py:2937} INFO - Setting next_dagrun for example_kubernetes_executor to None
[2022-04-13 09:00:29,814] {processor.py:171} INFO - Processing /home/airflow/.local/lib/python3.7/site-packages/airflow/example_dags/example_kubernetes_executor.py took 0.101 seconds
[2022-04-13 09:01:00,198] {processor.py:163} INFO - Started process (PID=756) to work on /home/airflow/.local/lib/python3.7/site-packages/airflow/example_dags/example_kubernetes_executor.py
[2022-04-13 09:01:00,200] {processor.py:642} INFO - Processing file /home/airflow/.local/lib/python3.7/site-packages/airflow/example_dags/example_kubernetes_executor.py for tasks to queue
[2022-04-13 09:01:00,201] {logging_mixin.py:109} INFO - [2022-04-13 09:01:00,201] {dagbag.py:500} INFO - Filling up the DagBag from /home/airflow/.local/lib/python3.7/site-packages/airflow/example_dags/example_kubernetes_executor.py
[2022-04-13 09:01:00,226] {processor.py:652} INFO - DAG(s) dict_keys(['example_kubernetes_executor']) retrieved from /home/airflow/.local/lib/python3.7/site-packages/airflow/example_dags/example_kubernetes_executor.py
[2022-04-13 09:01:00,259] {logging_mixin.py:109} INFO - [2022-04-13 09:01:00,259] {dag.py:2398} INFO - Sync 1 DAGs
[2022-04-13 09:01:00,283] {logging_mixin.py:109} INFO - [2022-04-13 09:01:00,283] {dag.py:2937} INFO - Setting next_dagrun for example_kubernetes_executor to None
[2022-04-13 09:01:00,304] {processor.py:171} INFO - Processing /home/airflow/.local/lib/python3.7/site-packages/airflow/example_dags/example_kubernetes_executor.py took 0.110 seconds
[2022-04-13 09:01:30,650] {processor.py:163} INFO - Started process (PID=808) to work on /home/airflow/.local/lib/python3.7/site-packages/airflow/example_dags/example_kubernetes_executor.py
[2022-04-13 09:01:30,651] {processor.py:642} INFO - Processing file /home/airflow/.local/lib/python3.7/site-packages/airflow/example_dags/example_kubernetes_executor.py for tasks to queue
[2022-04-13 09:01:30,652] {logging_mixin.py:109} INFO - [2022-04-13 09:01:30,652] {dagbag.py:500} INFO - Filling up the DagBag from /home/airflow/.local/lib/python3.7/site-packages/airflow/example_dags/example_kubernetes_executor.py
[2022-04-13 09:01:30,678] {processor.py:652} INFO - DAG(s) dict_keys(['example_kubernetes_executor']) retrieved from /home/airflow/.local/lib/python3.7/site-packages/airflow/example_dags/example_kubernetes_executor.py
[2022-04-13 09:01:30,715] {logging_mixin.py:109} INFO - [2022-04-13 09:01:30,715] {dag.py:2398} INFO - Sync 1 DAGs
[2022-04-13 09:01:30,739] {logging_mixin.py:109} INFO - [2022-04-13 09:01:30,739] {dag.py:2937} INFO - Setting next_dagrun for example_kubernetes_executor to None
[2022-04-13 09:01:30,759] {processor.py:171} INFO - Processing /home/airflow/.local/lib/python3.7/site-packages/airflow/example_dags/example_kubernetes_executor.py took 0.112 seconds
[2022-04-13 09:02:01,145] {processor.py:163} INFO - Started process (PID=869) to work on /home/airflow/.local/lib/python3.7/site-packages/airflow/example_dags/example_kubernetes_executor.py
[2022-04-13 09:02:01,147] {processor.py:642} INFO - Processing file /home/airflow/.local/lib/python3.7/site-packages/airflow/example_dags/example_kubernetes_executor.py for tasks to queue
[2022-04-13 09:02:01,148] {logging_mixin.py:109} INFO - [2022-04-13 09:02:01,148] {dagbag.py:500} INFO - Filling up the DagBag from /home/airflow/.local/lib/python3.7/site-packages/airflow/example_dags/example_kubernetes_executor.py
[2022-04-13 09:02:01,186] {processor.py:652} INFO - DAG(s) dict_keys(['example_kubernetes_executor']) retrieved from /home/airflow/.local/lib/python3.7/site-packages/airflow/example_dags/example_kubernetes_executor.py
[2022-04-13 09:02:01,228] {logging_mixin.py:109} INFO - [2022-04-13 09:02:01,228] {dag.py:2398} INFO - Sync 1 DAGs
[2022-04-13 09:02:01,248] {logging_mixin.py:109} INFO - [2022-04-13 09:02:01,248] {dag.py:2937} INFO - Setting next_dagrun for example_kubernetes_executor to None
[2022-04-13 09:02:01,263] {processor.py:171} INFO - Processing /home/airflow/.local/lib/python3.7/site-packages/airflow/example_dags/example_kubernetes_executor.py took 0.121 seconds
[2022-04-13 09:02:31,402] {processor.py:163} INFO - Started process (PID=921) to work on /home/airflow/.local/lib/python3.7/site-packages/airflow/example_dags/example_kubernetes_executor.py
[2022-04-13 09:02:31,403] {processor.py:642} INFO - Processing file /home/airflow/.local/lib/python3.7/site-packages/airflow/example_dags/example_kubernetes_executor.py for tasks to queue
[2022-04-13 09:02:31,404] {logging_mixin.py:109} INFO - [2022-04-13 09:02:31,404] {dagbag.py:500} INFO - Filling up the DagBag from /home/airflow/.local/lib/python3.7/site-packages/airflow/example_dags/example_kubernetes_executor.py
[2022-04-13 09:02:31,438] {processor.py:652} INFO - DAG(s) dict_keys(['example_kubernetes_executor']) retrieved from /home/airflow/.local/lib/python3.7/site-packages/airflow/example_dags/example_kubernetes_executor.py
[2022-04-13 09:02:31,483] {logging_mixin.py:109} INFO - [2022-04-13 09:02:31,483] {dag.py:2398} INFO - Sync 1 DAGs
[2022-04-13 09:02:31,508] {logging_mixin.py:109} INFO - [2022-04-13 09:02:31,508] {dag.py:2937} INFO - Setting next_dagrun for example_kubernetes_executor to None
[2022-04-13 09:02:31,528] {processor.py:171} INFO - Processing /home/airflow/.local/lib/python3.7/site-packages/airflow/example_dags/example_kubernetes_executor.py took 0.130 seconds
[2022-04-13 09:03:01,752] {processor.py:163} INFO - Started process (PID=972) to work on /home/airflow/.local/lib/python3.7/site-packages/airflow/example_dags/example_kubernetes_executor.py
[2022-04-13 09:03:01,754] {processor.py:642} INFO - Processing file /home/airflow/.local/lib/python3.7/site-packages/airflow/example_dags/example_kubernetes_executor.py for tasks to queue
[2022-04-13 09:03:01,755] {logging_mixin.py:109} INFO - [2022-04-13 09:03:01,755] {dagbag.py:500} INFO - Filling up the DagBag from /home/airflow/.local/lib/python3.7/site-packages/airflow/example_dags/example_kubernetes_executor.py
[2022-04-13 09:03:01,786] {processor.py:652} INFO - DAG(s) dict_keys(['example_kubernetes_executor']) retrieved from /home/airflow/.local/lib/python3.7/site-packages/airflow/example_dags/example_kubernetes_executor.py
[2022-04-13 09:03:01,824] {logging_mixin.py:109} INFO - [2022-04-13 09:03:01,824] {dag.py:2398} INFO - Sync 1 DAGs
[2022-04-13 09:03:01,850] {logging_mixin.py:109} INFO - [2022-04-13 09:03:01,850] {dag.py:2937} INFO - Setting next_dagrun for example_kubernetes_executor to None
[2022-04-13 09:03:01,872] {processor.py:171} INFO - Processing /home/airflow/.local/lib/python3.7/site-packages/airflow/example_dags/example_kubernetes_executor.py took 0.124 seconds
[2022-04-13 09:05:50,429] {processor.py:163} INFO - Started process (PID=42) to work on /home/airflow/.local/lib/python3.7/site-packages/airflow/example_dags/example_kubernetes_executor.py
[2022-04-13 09:05:50,431] {processor.py:642} INFO - Processing file /home/airflow/.local/lib/python3.7/site-packages/airflow/example_dags/example_kubernetes_executor.py for tasks to queue
[2022-04-13 09:05:50,432] {logging_mixin.py:109} INFO - [2022-04-13 09:05:50,431] {dagbag.py:500} INFO - Filling up the DagBag from /home/airflow/.local/lib/python3.7/site-packages/airflow/example_dags/example_kubernetes_executor.py
[2022-04-13 09:05:50,463] {processor.py:652} INFO - DAG(s) dict_keys(['example_kubernetes_executor']) retrieved from /home/airflow/.local/lib/python3.7/site-packages/airflow/example_dags/example_kubernetes_executor.py
[2022-04-13 09:05:50,490] {logging_mixin.py:109} INFO - [2022-04-13 09:05:50,490] {dag.py:2398} INFO - Sync 1 DAGs
[2022-04-13 09:05:50,514] {logging_mixin.py:109} INFO - [2022-04-13 09:05:50,513] {dag.py:2937} INFO - Setting next_dagrun for example_kubernetes_executor to None
[2022-04-13 09:05:50,529] {processor.py:171} INFO - Processing /home/airflow/.local/lib/python3.7/site-packages/airflow/example_dags/example_kubernetes_executor.py took 0.102 seconds
[2022-04-13 09:06:20,661] {processor.py:163} INFO - Started process (PID=92) to work on /home/airflow/.local/lib/python3.7/site-packages/airflow/example_dags/example_kubernetes_executor.py
[2022-04-13 09:06:20,662] {processor.py:642} INFO - Processing file /home/airflow/.local/lib/python3.7/site-packages/airflow/example_dags/example_kubernetes_executor.py for tasks to queue
[2022-04-13 09:06:20,662] {logging_mixin.py:109} INFO - [2022-04-13 09:06:20,662] {dagbag.py:500} INFO - Filling up the DagBag from /home/airflow/.local/lib/python3.7/site-packages/airflow/example_dags/example_kubernetes_executor.py
[2022-04-13 09:06:20,691] {processor.py:652} INFO - DAG(s) dict_keys(['example_kubernetes_executor']) retrieved from /home/airflow/.local/lib/python3.7/site-packages/airflow/example_dags/example_kubernetes_executor.py
[2022-04-13 09:06:20,726] {logging_mixin.py:109} INFO - [2022-04-13 09:06:20,725] {dag.py:2398} INFO - Sync 1 DAGs
[2022-04-13 09:06:20,749] {logging_mixin.py:109} INFO - [2022-04-13 09:06:20,749] {dag.py:2937} INFO - Setting next_dagrun for example_kubernetes_executor to None
[2022-04-13 09:06:20,766] {processor.py:171} INFO - Processing /home/airflow/.local/lib/python3.7/site-packages/airflow/example_dags/example_kubernetes_executor.py took 0.107 seconds
[2022-04-13 09:06:51,243] {processor.py:163} INFO - Started process (PID=153) to work on /home/airflow/.local/lib/python3.7/site-packages/airflow/example_dags/example_kubernetes_executor.py
[2022-04-13 09:06:51,245] {processor.py:642} INFO - Processing file /home/airflow/.local/lib/python3.7/site-packages/airflow/example_dags/example_kubernetes_executor.py for tasks to queue
[2022-04-13 09:06:51,245] {logging_mixin.py:109} INFO - [2022-04-13 09:06:51,245] {dagbag.py:500} INFO - Filling up the DagBag from /home/airflow/.local/lib/python3.7/site-packages/airflow/example_dags/example_kubernetes_executor.py
[2022-04-13 09:06:51,268] {processor.py:652} INFO - DAG(s) dict_keys(['example_kubernetes_executor']) retrieved from /home/airflow/.local/lib/python3.7/site-packages/airflow/example_dags/example_kubernetes_executor.py
[2022-04-13 09:06:51,291] {logging_mixin.py:109} INFO - [2022-04-13 09:06:51,291] {dag.py:2398} INFO - Sync 1 DAGs
[2022-04-13 09:06:51,308] {logging_mixin.py:109} INFO - [2022-04-13 09:06:51,307] {dag.py:2937} INFO - Setting next_dagrun for example_kubernetes_executor to None
[2022-04-13 09:06:51,320] {processor.py:171} INFO - Processing /home/airflow/.local/lib/python3.7/site-packages/airflow/example_dags/example_kubernetes_executor.py took 0.079 seconds
[2022-04-13 09:07:21,769] {processor.py:163} INFO - Started process (PID=204) to work on /home/airflow/.local/lib/python3.7/site-packages/airflow/example_dags/example_kubernetes_executor.py
[2022-04-13 09:07:21,770] {processor.py:642} INFO - Processing file /home/airflow/.local/lib/python3.7/site-packages/airflow/example_dags/example_kubernetes_executor.py for tasks to queue
[2022-04-13 09:07:21,770] {logging_mixin.py:109} INFO - [2022-04-13 09:07:21,770] {dagbag.py:500} INFO - Filling up the DagBag from /home/airflow/.local/lib/python3.7/site-packages/airflow/example_dags/example_kubernetes_executor.py
[2022-04-13 09:07:21,795] {processor.py:652} INFO - DAG(s) dict_keys(['example_kubernetes_executor']) retrieved from /home/airflow/.local/lib/python3.7/site-packages/airflow/example_dags/example_kubernetes_executor.py
[2022-04-13 09:07:21,818] {logging_mixin.py:109} INFO - [2022-04-13 09:07:21,818] {dag.py:2398} INFO - Sync 1 DAGs
[2022-04-13 09:07:21,835] {logging_mixin.py:109} INFO - [2022-04-13 09:07:21,835] {dag.py:2937} INFO - Setting next_dagrun for example_kubernetes_executor to None
[2022-04-13 09:07:21,848] {processor.py:171} INFO - Processing /home/airflow/.local/lib/python3.7/site-packages/airflow/example_dags/example_kubernetes_executor.py took 0.082 seconds
[2022-04-13 09:07:52,476] {processor.py:163} INFO - Started process (PID=255) to work on /home/airflow/.local/lib/python3.7/site-packages/airflow/example_dags/example_kubernetes_executor.py
[2022-04-13 09:07:52,478] {processor.py:642} INFO - Processing file /home/airflow/.local/lib/python3.7/site-packages/airflow/example_dags/example_kubernetes_executor.py for tasks to queue
[2022-04-13 09:07:52,478] {logging_mixin.py:109} INFO - [2022-04-13 09:07:52,478] {dagbag.py:500} INFO - Filling up the DagBag from /home/airflow/.local/lib/python3.7/site-packages/airflow/example_dags/example_kubernetes_executor.py
[2022-04-13 09:07:52,500] {processor.py:652} INFO - DAG(s) dict_keys(['example_kubernetes_executor']) retrieved from /home/airflow/.local/lib/python3.7/site-packages/airflow/example_dags/example_kubernetes_executor.py
[2022-04-13 09:07:52,525] {logging_mixin.py:109} INFO - [2022-04-13 09:07:52,525] {dag.py:2398} INFO - Sync 1 DAGs
[2022-04-13 09:07:52,543] {logging_mixin.py:109} INFO - [2022-04-13 09:07:52,543] {dag.py:2937} INFO - Setting next_dagrun for example_kubernetes_executor to None
[2022-04-13 09:07:52,557] {processor.py:171} INFO - Processing /home/airflow/.local/lib/python3.7/site-packages/airflow/example_dags/example_kubernetes_executor.py took 0.083 seconds
[2022-04-13 09:08:22,719] {processor.py:163} INFO - Started process (PID=316) to work on /home/airflow/.local/lib/python3.7/site-packages/airflow/example_dags/example_kubernetes_executor.py
[2022-04-13 09:08:22,720] {processor.py:642} INFO - Processing file /home/airflow/.local/lib/python3.7/site-packages/airflow/example_dags/example_kubernetes_executor.py for tasks to queue
[2022-04-13 09:08:22,721] {logging_mixin.py:109} INFO - [2022-04-13 09:08:22,720] {dagbag.py:500} INFO - Filling up the DagBag from /home/airflow/.local/lib/python3.7/site-packages/airflow/example_dags/example_kubernetes_executor.py
[2022-04-13 09:08:22,753] {processor.py:652} INFO - DAG(s) dict_keys(['example_kubernetes_executor']) retrieved from /home/airflow/.local/lib/python3.7/site-packages/airflow/example_dags/example_kubernetes_executor.py
[2022-04-13 09:08:22,786] {logging_mixin.py:109} INFO - [2022-04-13 09:08:22,785] {dag.py:2398} INFO - Sync 1 DAGs
[2022-04-13 09:08:22,806] {logging_mixin.py:109} INFO - [2022-04-13 09:08:22,806] {dag.py:2937} INFO - Setting next_dagrun for example_kubernetes_executor to None
[2022-04-13 09:08:22,822] {processor.py:171} INFO - Processing /home/airflow/.local/lib/python3.7/site-packages/airflow/example_dags/example_kubernetes_executor.py took 0.106 seconds
[2022-04-13 09:08:53,495] {processor.py:163} INFO - Started process (PID=368) to work on /home/airflow/.local/lib/python3.7/site-packages/airflow/example_dags/example_kubernetes_executor.py
[2022-04-13 09:08:53,497] {processor.py:642} INFO - Processing file /home/airflow/.local/lib/python3.7/site-packages/airflow/example_dags/example_kubernetes_executor.py for tasks to queue
[2022-04-13 09:08:53,498] {logging_mixin.py:109} INFO - [2022-04-13 09:08:53,498] {dagbag.py:500} INFO - Filling up the DagBag from /home/airflow/.local/lib/python3.7/site-packages/airflow/example_dags/example_kubernetes_executor.py
[2022-04-13 09:08:53,521] {processor.py:652} INFO - DAG(s) dict_keys(['example_kubernetes_executor']) retrieved from /home/airflow/.local/lib/python3.7/site-packages/airflow/example_dags/example_kubernetes_executor.py
[2022-04-13 09:08:53,548] {logging_mixin.py:109} INFO - [2022-04-13 09:08:53,548] {dag.py:2398} INFO - Sync 1 DAGs
[2022-04-13 09:08:53,568] {logging_mixin.py:109} INFO - [2022-04-13 09:08:53,567] {dag.py:2937} INFO - Setting next_dagrun for example_kubernetes_executor to None
[2022-04-13 09:08:53,579] {processor.py:171} INFO - Processing /home/airflow/.local/lib/python3.7/site-packages/airflow/example_dags/example_kubernetes_executor.py took 0.089 seconds
[2022-04-13 09:09:23,890] {processor.py:163} INFO - Started process (PID=420) to work on /home/airflow/.local/lib/python3.7/site-packages/airflow/example_dags/example_kubernetes_executor.py
[2022-04-13 09:09:23,890] {processor.py:642} INFO - Processing file /home/airflow/.local/lib/python3.7/site-packages/airflow/example_dags/example_kubernetes_executor.py for tasks to queue
[2022-04-13 09:09:23,891] {logging_mixin.py:109} INFO - [2022-04-13 09:09:23,891] {dagbag.py:500} INFO - Filling up the DagBag from /home/airflow/.local/lib/python3.7/site-packages/airflow/example_dags/example_kubernetes_executor.py
[2022-04-13 09:09:23,921] {processor.py:652} INFO - DAG(s) dict_keys(['example_kubernetes_executor']) retrieved from /home/airflow/.local/lib/python3.7/site-packages/airflow/example_dags/example_kubernetes_executor.py
[2022-04-13 09:09:23,946] {logging_mixin.py:109} INFO - [2022-04-13 09:09:23,946] {dag.py:2398} INFO - Sync 1 DAGs
[2022-04-13 09:09:23,969] {logging_mixin.py:109} INFO - [2022-04-13 09:09:23,968] {dag.py:2937} INFO - Setting next_dagrun for example_kubernetes_executor to None
[2022-04-13 09:09:23,985] {processor.py:171} INFO - Processing /home/airflow/.local/lib/python3.7/site-packages/airflow/example_dags/example_kubernetes_executor.py took 0.098 seconds
[2022-04-13 09:09:54,117] {processor.py:163} INFO - Started process (PID=480) to work on /home/airflow/.local/lib/python3.7/site-packages/airflow/example_dags/example_kubernetes_executor.py
[2022-04-13 09:09:54,119] {processor.py:642} INFO - Processing file /home/airflow/.local/lib/python3.7/site-packages/airflow/example_dags/example_kubernetes_executor.py for tasks to queue
[2022-04-13 09:09:54,120] {logging_mixin.py:109} INFO - [2022-04-13 09:09:54,120] {dagbag.py:500} INFO - Filling up the DagBag from /home/airflow/.local/lib/python3.7/site-packages/airflow/example_dags/example_kubernetes_executor.py
[2022-04-13 09:09:54,146] {processor.py:652} INFO - DAG(s) dict_keys(['example_kubernetes_executor']) retrieved from /home/airflow/.local/lib/python3.7/site-packages/airflow/example_dags/example_kubernetes_executor.py
[2022-04-13 09:09:54,182] {logging_mixin.py:109} INFO - [2022-04-13 09:09:54,182] {dag.py:2398} INFO - Sync 1 DAGs
[2022-04-13 09:09:54,201] {logging_mixin.py:109} INFO - [2022-04-13 09:09:54,201] {dag.py:2937} INFO - Setting next_dagrun for example_kubernetes_executor to None
[2022-04-13 09:09:54,216] {processor.py:171} INFO - Processing /home/airflow/.local/lib/python3.7/site-packages/airflow/example_dags/example_kubernetes_executor.py took 0.101 seconds
[2022-04-13 09:10:24,425] {processor.py:163} INFO - Started process (PID=530) to work on /home/airflow/.local/lib/python3.7/site-packages/airflow/example_dags/example_kubernetes_executor.py
[2022-04-13 09:10:24,427] {processor.py:642} INFO - Processing file /home/airflow/.local/lib/python3.7/site-packages/airflow/example_dags/example_kubernetes_executor.py for tasks to queue
[2022-04-13 09:10:24,427] {logging_mixin.py:109} INFO - [2022-04-13 09:10:24,427] {dagbag.py:500} INFO - Filling up the DagBag from /home/airflow/.local/lib/python3.7/site-packages/airflow/example_dags/example_kubernetes_executor.py
[2022-04-13 09:10:24,449] {processor.py:652} INFO - DAG(s) dict_keys(['example_kubernetes_executor']) retrieved from /home/airflow/.local/lib/python3.7/site-packages/airflow/example_dags/example_kubernetes_executor.py
[2022-04-13 09:10:24,487] {logging_mixin.py:109} INFO - [2022-04-13 09:10:24,486] {dag.py:2398} INFO - Sync 1 DAGs
[2022-04-13 09:10:24,526] {logging_mixin.py:109} INFO - [2022-04-13 09:10:24,526] {dag.py:2937} INFO - Setting next_dagrun for example_kubernetes_executor to None
[2022-04-13 09:10:24,541] {processor.py:171} INFO - Processing /home/airflow/.local/lib/python3.7/site-packages/airflow/example_dags/example_kubernetes_executor.py took 0.119 seconds
[2022-04-13 09:10:54,690] {processor.py:163} INFO - Started process (PID=582) to work on /home/airflow/.local/lib/python3.7/site-packages/airflow/example_dags/example_kubernetes_executor.py
[2022-04-13 09:10:54,691] {processor.py:642} INFO - Processing file /home/airflow/.local/lib/python3.7/site-packages/airflow/example_dags/example_kubernetes_executor.py for tasks to queue
[2022-04-13 09:10:54,691] {logging_mixin.py:109} INFO - [2022-04-13 09:10:54,691] {dagbag.py:500} INFO - Filling up the DagBag from /home/airflow/.local/lib/python3.7/site-packages/airflow/example_dags/example_kubernetes_executor.py
[2022-04-13 09:10:54,710] {processor.py:652} INFO - DAG(s) dict_keys(['example_kubernetes_executor']) retrieved from /home/airflow/.local/lib/python3.7/site-packages/airflow/example_dags/example_kubernetes_executor.py
[2022-04-13 09:10:54,734] {logging_mixin.py:109} INFO - [2022-04-13 09:10:54,734] {dag.py:2398} INFO - Sync 1 DAGs
[2022-04-13 09:10:54,752] {logging_mixin.py:109} INFO - [2022-04-13 09:10:54,752] {dag.py:2937} INFO - Setting next_dagrun for example_kubernetes_executor to None
[2022-04-13 09:10:54,767] {processor.py:171} INFO - Processing /home/airflow/.local/lib/python3.7/site-packages/airflow/example_dags/example_kubernetes_executor.py took 0.079 seconds
[2022-04-13 09:11:25,359] {processor.py:163} INFO - Started process (PID=641) to work on /home/airflow/.local/lib/python3.7/site-packages/airflow/example_dags/example_kubernetes_executor.py
[2022-04-13 09:11:25,361] {processor.py:642} INFO - Processing file /home/airflow/.local/lib/python3.7/site-packages/airflow/example_dags/example_kubernetes_executor.py for tasks to queue
[2022-04-13 09:11:25,362] {logging_mixin.py:109} INFO - [2022-04-13 09:11:25,362] {dagbag.py:500} INFO - Filling up the DagBag from /home/airflow/.local/lib/python3.7/site-packages/airflow/example_dags/example_kubernetes_executor.py
[2022-04-13 09:11:25,385] {processor.py:652} INFO - DAG(s) dict_keys(['example_kubernetes_executor']) retrieved from /home/airflow/.local/lib/python3.7/site-packages/airflow/example_dags/example_kubernetes_executor.py
[2022-04-13 09:11:25,415] {logging_mixin.py:109} INFO - [2022-04-13 09:11:25,415] {dag.py:2398} INFO - Sync 1 DAGs
[2022-04-13 09:11:25,436] {logging_mixin.py:109} INFO - [2022-04-13 09:11:25,436] {dag.py:2937} INFO - Setting next_dagrun for example_kubernetes_executor to None
[2022-04-13 09:11:25,451] {processor.py:171} INFO - Processing /home/airflow/.local/lib/python3.7/site-packages/airflow/example_dags/example_kubernetes_executor.py took 0.095 seconds
[2022-04-13 09:11:55,628] {processor.py:163} INFO - Started process (PID=692) to work on /home/airflow/.local/lib/python3.7/site-packages/airflow/example_dags/example_kubernetes_executor.py
[2022-04-13 09:11:55,629] {processor.py:642} INFO - Processing file /home/airflow/.local/lib/python3.7/site-packages/airflow/example_dags/example_kubernetes_executor.py for tasks to queue
[2022-04-13 09:11:55,630] {logging_mixin.py:109} INFO - [2022-04-13 09:11:55,630] {dagbag.py:500} INFO - Filling up the DagBag from /home/airflow/.local/lib/python3.7/site-packages/airflow/example_dags/example_kubernetes_executor.py
[2022-04-13 09:11:55,651] {processor.py:652} INFO - DAG(s) dict_keys(['example_kubernetes_executor']) retrieved from /home/airflow/.local/lib/python3.7/site-packages/airflow/example_dags/example_kubernetes_executor.py
[2022-04-13 09:11:55,680] {logging_mixin.py:109} INFO - [2022-04-13 09:11:55,680] {dag.py:2398} INFO - Sync 1 DAGs
[2022-04-13 09:11:55,701] {logging_mixin.py:109} INFO - [2022-04-13 09:11:55,701] {dag.py:2937} INFO - Setting next_dagrun for example_kubernetes_executor to None
[2022-04-13 09:11:55,719] {processor.py:171} INFO - Processing /home/airflow/.local/lib/python3.7/site-packages/airflow/example_dags/example_kubernetes_executor.py took 0.093 seconds
[2022-04-13 09:12:25,814] {processor.py:163} INFO - Started process (PID=744) to work on /home/airflow/.local/lib/python3.7/site-packages/airflow/example_dags/example_kubernetes_executor.py
[2022-04-13 09:12:25,819] {processor.py:642} INFO - Processing file /home/airflow/.local/lib/python3.7/site-packages/airflow/example_dags/example_kubernetes_executor.py for tasks to queue
[2022-04-13 09:12:25,819] {logging_mixin.py:109} INFO - [2022-04-13 09:12:25,819] {dagbag.py:500} INFO - Filling up the DagBag from /home/airflow/.local/lib/python3.7/site-packages/airflow/example_dags/example_kubernetes_executor.py
[2022-04-13 09:12:25,852] {processor.py:652} INFO - DAG(s) dict_keys(['example_kubernetes_executor']) retrieved from /home/airflow/.local/lib/python3.7/site-packages/airflow/example_dags/example_kubernetes_executor.py
[2022-04-13 09:12:25,884] {logging_mixin.py:109} INFO - [2022-04-13 09:12:25,884] {dag.py:2398} INFO - Sync 1 DAGs
[2022-04-13 09:12:25,908] {logging_mixin.py:109} INFO - [2022-04-13 09:12:25,907] {dag.py:2937} INFO - Setting next_dagrun for example_kubernetes_executor to None
[2022-04-13 09:12:25,939] {processor.py:171} INFO - Processing /home/airflow/.local/lib/python3.7/site-packages/airflow/example_dags/example_kubernetes_executor.py took 0.129 seconds
[2022-04-13 09:12:56,061] {processor.py:163} INFO - Started process (PID=804) to work on /home/airflow/.local/lib/python3.7/site-packages/airflow/example_dags/example_kubernetes_executor.py
[2022-04-13 09:12:56,063] {processor.py:642} INFO - Processing file /home/airflow/.local/lib/python3.7/site-packages/airflow/example_dags/example_kubernetes_executor.py for tasks to queue
[2022-04-13 09:12:56,065] {logging_mixin.py:109} INFO - [2022-04-13 09:12:56,064] {dagbag.py:500} INFO - Filling up the DagBag from /home/airflow/.local/lib/python3.7/site-packages/airflow/example_dags/example_kubernetes_executor.py
[2022-04-13 09:12:56,084] {processor.py:652} INFO - DAG(s) dict_keys(['example_kubernetes_executor']) retrieved from /home/airflow/.local/lib/python3.7/site-packages/airflow/example_dags/example_kubernetes_executor.py
[2022-04-13 09:12:56,110] {logging_mixin.py:109} INFO - [2022-04-13 09:12:56,110] {dag.py:2398} INFO - Sync 1 DAGs
[2022-04-13 09:12:56,134] {logging_mixin.py:109} INFO - [2022-04-13 09:12:56,133] {dag.py:2937} INFO - Setting next_dagrun for example_kubernetes_executor to None
[2022-04-13 09:12:56,154] {processor.py:171} INFO - Processing /home/airflow/.local/lib/python3.7/site-packages/airflow/example_dags/example_kubernetes_executor.py took 0.096 seconds
[2022-04-13 09:13:26,365] {processor.py:163} INFO - Started process (PID=856) to work on /home/airflow/.local/lib/python3.7/site-packages/airflow/example_dags/example_kubernetes_executor.py
[2022-04-13 09:13:26,369] {processor.py:642} INFO - Processing file /home/airflow/.local/lib/python3.7/site-packages/airflow/example_dags/example_kubernetes_executor.py for tasks to queue
[2022-04-13 09:13:26,370] {logging_mixin.py:109} INFO - [2022-04-13 09:13:26,370] {dagbag.py:500} INFO - Filling up the DagBag from /home/airflow/.local/lib/python3.7/site-packages/airflow/example_dags/example_kubernetes_executor.py
[2022-04-13 09:13:26,390] {processor.py:652} INFO - DAG(s) dict_keys(['example_kubernetes_executor']) retrieved from /home/airflow/.local/lib/python3.7/site-packages/airflow/example_dags/example_kubernetes_executor.py
[2022-04-13 09:13:26,424] {logging_mixin.py:109} INFO - [2022-04-13 09:13:26,423] {dag.py:2398} INFO - Sync 1 DAGs
[2022-04-13 09:13:26,446] {logging_mixin.py:109} INFO - [2022-04-13 09:13:26,446] {dag.py:2937} INFO - Setting next_dagrun for example_kubernetes_executor to None
[2022-04-13 09:13:26,463] {processor.py:171} INFO - Processing /home/airflow/.local/lib/python3.7/site-packages/airflow/example_dags/example_kubernetes_executor.py took 0.101 seconds
[2022-04-13 09:13:57,172] {processor.py:163} INFO - Started process (PID=906) to work on /home/airflow/.local/lib/python3.7/site-packages/airflow/example_dags/example_kubernetes_executor.py
[2022-04-13 09:13:57,174] {processor.py:642} INFO - Processing file /home/airflow/.local/lib/python3.7/site-packages/airflow/example_dags/example_kubernetes_executor.py for tasks to queue
[2022-04-13 09:13:57,175] {logging_mixin.py:109} INFO - [2022-04-13 09:13:57,175] {dagbag.py:500} INFO - Filling up the DagBag from /home/airflow/.local/lib/python3.7/site-packages/airflow/example_dags/example_kubernetes_executor.py
[2022-04-13 09:13:57,204] {processor.py:652} INFO - DAG(s) dict_keys(['example_kubernetes_executor']) retrieved from /home/airflow/.local/lib/python3.7/site-packages/airflow/example_dags/example_kubernetes_executor.py
[2022-04-13 09:13:57,236] {logging_mixin.py:109} INFO - [2022-04-13 09:13:57,236] {dag.py:2398} INFO - Sync 1 DAGs
[2022-04-13 09:13:57,263] {logging_mixin.py:109} INFO - [2022-04-13 09:13:57,263] {dag.py:2937} INFO - Setting next_dagrun for example_kubernetes_executor to None
[2022-04-13 09:13:57,280] {processor.py:171} INFO - Processing /home/airflow/.local/lib/python3.7/site-packages/airflow/example_dags/example_kubernetes_executor.py took 0.112 seconds
[2022-04-13 09:14:27,426] {processor.py:163} INFO - Started process (PID=967) to work on /home/airflow/.local/lib/python3.7/site-packages/airflow/example_dags/example_kubernetes_executor.py
[2022-04-13 09:14:27,428] {processor.py:642} INFO - Processing file /home/airflow/.local/lib/python3.7/site-packages/airflow/example_dags/example_kubernetes_executor.py for tasks to queue
[2022-04-13 09:14:27,428] {logging_mixin.py:109} INFO - [2022-04-13 09:14:27,428] {dagbag.py:500} INFO - Filling up the DagBag from /home/airflow/.local/lib/python3.7/site-packages/airflow/example_dags/example_kubernetes_executor.py
[2022-04-13 09:14:27,460] {processor.py:652} INFO - DAG(s) dict_keys(['example_kubernetes_executor']) retrieved from /home/airflow/.local/lib/python3.7/site-packages/airflow/example_dags/example_kubernetes_executor.py
[2022-04-13 09:14:27,488] {logging_mixin.py:109} INFO - [2022-04-13 09:14:27,488] {dag.py:2398} INFO - Sync 1 DAGs
[2022-04-13 09:14:27,509] {logging_mixin.py:109} INFO - [2022-04-13 09:14:27,509] {dag.py:2937} INFO - Setting next_dagrun for example_kubernetes_executor to None
[2022-04-13 09:14:27,524] {processor.py:171} INFO - Processing /home/airflow/.local/lib/python3.7/site-packages/airflow/example_dags/example_kubernetes_executor.py took 0.101 seconds
[2022-04-13 09:14:57,570] {processor.py:163} INFO - Started process (PID=1017) to work on /home/airflow/.local/lib/python3.7/site-packages/airflow/example_dags/example_kubernetes_executor.py
[2022-04-13 09:14:57,572] {processor.py:642} INFO - Processing file /home/airflow/.local/lib/python3.7/site-packages/airflow/example_dags/example_kubernetes_executor.py for tasks to queue
[2022-04-13 09:14:57,573] {logging_mixin.py:109} INFO - [2022-04-13 09:14:57,573] {dagbag.py:500} INFO - Filling up the DagBag from /home/airflow/.local/lib/python3.7/site-packages/airflow/example_dags/example_kubernetes_executor.py
[2022-04-13 09:14:57,598] {processor.py:652} INFO - DAG(s) dict_keys(['example_kubernetes_executor']) retrieved from /home/airflow/.local/lib/python3.7/site-packages/airflow/example_dags/example_kubernetes_executor.py
[2022-04-13 09:14:57,636] {logging_mixin.py:109} INFO - [2022-04-13 09:14:57,636] {dag.py:2398} INFO - Sync 1 DAGs
[2022-04-13 09:14:57,659] {logging_mixin.py:109} INFO - [2022-04-13 09:14:57,659] {dag.py:2937} INFO - Setting next_dagrun for example_kubernetes_executor to None
[2022-04-13 09:14:57,676] {processor.py:171} INFO - Processing /home/airflow/.local/lib/python3.7/site-packages/airflow/example_dags/example_kubernetes_executor.py took 0.108 seconds
[2022-04-13 09:15:28,571] {processor.py:163} INFO - Started process (PID=1067) to work on /home/airflow/.local/lib/python3.7/site-packages/airflow/example_dags/example_kubernetes_executor.py
[2022-04-13 09:15:28,572] {processor.py:642} INFO - Processing file /home/airflow/.local/lib/python3.7/site-packages/airflow/example_dags/example_kubernetes_executor.py for tasks to queue
[2022-04-13 09:15:28,573] {logging_mixin.py:109} INFO - [2022-04-13 09:15:28,573] {dagbag.py:500} INFO - Filling up the DagBag from /home/airflow/.local/lib/python3.7/site-packages/airflow/example_dags/example_kubernetes_executor.py
[2022-04-13 09:15:28,591] {processor.py:652} INFO - DAG(s) dict_keys(['example_kubernetes_executor']) retrieved from /home/airflow/.local/lib/python3.7/site-packages/airflow/example_dags/example_kubernetes_executor.py
[2022-04-13 09:15:28,616] {logging_mixin.py:109} INFO - [2022-04-13 09:15:28,616] {dag.py:2398} INFO - Sync 1 DAGs
[2022-04-13 09:15:28,633] {logging_mixin.py:109} INFO - [2022-04-13 09:15:28,633] {dag.py:2937} INFO - Setting next_dagrun for example_kubernetes_executor to None
[2022-04-13 09:15:28,645] {processor.py:171} INFO - Processing /home/airflow/.local/lib/python3.7/site-packages/airflow/example_dags/example_kubernetes_executor.py took 0.077 seconds
[2022-04-13 09:15:58,677] {processor.py:163} INFO - Started process (PID=1127) to work on /home/airflow/.local/lib/python3.7/site-packages/airflow/example_dags/example_kubernetes_executor.py
[2022-04-13 09:15:58,678] {processor.py:642} INFO - Processing file /home/airflow/.local/lib/python3.7/site-packages/airflow/example_dags/example_kubernetes_executor.py for tasks to queue
[2022-04-13 09:15:58,678] {logging_mixin.py:109} INFO - [2022-04-13 09:15:58,678] {dagbag.py:500} INFO - Filling up the DagBag from /home/airflow/.local/lib/python3.7/site-packages/airflow/example_dags/example_kubernetes_executor.py
[2022-04-13 09:15:58,709] {processor.py:652} INFO - DAG(s) dict_keys(['example_kubernetes_executor']) retrieved from /home/airflow/.local/lib/python3.7/site-packages/airflow/example_dags/example_kubernetes_executor.py
[2022-04-13 09:15:58,742] {logging_mixin.py:109} INFO - [2022-04-13 09:15:58,742] {dag.py:2398} INFO - Sync 1 DAGs
[2022-04-13 09:15:58,767] {logging_mixin.py:109} INFO - [2022-04-13 09:15:58,767] {dag.py:2937} INFO - Setting next_dagrun for example_kubernetes_executor to None
[2022-04-13 09:15:58,781] {processor.py:171} INFO - Processing /home/airflow/.local/lib/python3.7/site-packages/airflow/example_dags/example_kubernetes_executor.py took 0.107 seconds
[2022-04-13 09:16:29,277] {processor.py:163} INFO - Started process (PID=1178) to work on /home/airflow/.local/lib/python3.7/site-packages/airflow/example_dags/example_kubernetes_executor.py
[2022-04-13 09:16:29,280] {processor.py:642} INFO - Processing file /home/airflow/.local/lib/python3.7/site-packages/airflow/example_dags/example_kubernetes_executor.py for tasks to queue
[2022-04-13 09:16:29,281] {logging_mixin.py:109} INFO - [2022-04-13 09:16:29,281] {dagbag.py:500} INFO - Filling up the DagBag from /home/airflow/.local/lib/python3.7/site-packages/airflow/example_dags/example_kubernetes_executor.py
[2022-04-13 09:16:29,314] {processor.py:652} INFO - DAG(s) dict_keys(['example_kubernetes_executor']) retrieved from /home/airflow/.local/lib/python3.7/site-packages/airflow/example_dags/example_kubernetes_executor.py
[2022-04-13 09:16:29,347] {logging_mixin.py:109} INFO - [2022-04-13 09:16:29,347] {dag.py:2398} INFO - Sync 1 DAGs
[2022-04-13 09:16:29,370] {logging_mixin.py:109} INFO - [2022-04-13 09:16:29,370] {dag.py:2937} INFO - Setting next_dagrun for example_kubernetes_executor to None
[2022-04-13 09:16:29,389] {processor.py:171} INFO - Processing /home/airflow/.local/lib/python3.7/site-packages/airflow/example_dags/example_kubernetes_executor.py took 0.116 seconds
[2022-04-13 09:16:59,471] {processor.py:163} INFO - Started process (PID=1230) to work on /home/airflow/.local/lib/python3.7/site-packages/airflow/example_dags/example_kubernetes_executor.py
[2022-04-13 09:16:59,472] {processor.py:642} INFO - Processing file /home/airflow/.local/lib/python3.7/site-packages/airflow/example_dags/example_kubernetes_executor.py for tasks to queue
[2022-04-13 09:16:59,472] {logging_mixin.py:109} INFO - [2022-04-13 09:16:59,472] {dagbag.py:500} INFO - Filling up the DagBag from /home/airflow/.local/lib/python3.7/site-packages/airflow/example_dags/example_kubernetes_executor.py
[2022-04-13 09:16:59,500] {processor.py:652} INFO - DAG(s) dict_keys(['example_kubernetes_executor']) retrieved from /home/airflow/.local/lib/python3.7/site-packages/airflow/example_dags/example_kubernetes_executor.py
[2022-04-13 09:16:59,535] {logging_mixin.py:109} INFO - [2022-04-13 09:16:59,535] {dag.py:2398} INFO - Sync 1 DAGs
[2022-04-13 09:16:59,565] {logging_mixin.py:109} INFO - [2022-04-13 09:16:59,565] {dag.py:2937} INFO - Setting next_dagrun for example_kubernetes_executor to None
[2022-04-13 09:16:59,584] {processor.py:171} INFO - Processing /home/airflow/.local/lib/python3.7/site-packages/airflow/example_dags/example_kubernetes_executor.py took 0.118 seconds
[2022-04-13 09:17:29,861] {processor.py:163} INFO - Started process (PID=1291) to work on /home/airflow/.local/lib/python3.7/site-packages/airflow/example_dags/example_kubernetes_executor.py
[2022-04-13 09:17:29,863] {processor.py:642} INFO - Processing file /home/airflow/.local/lib/python3.7/site-packages/airflow/example_dags/example_kubernetes_executor.py for tasks to queue
[2022-04-13 09:17:29,864] {logging_mixin.py:109} INFO - [2022-04-13 09:17:29,864] {dagbag.py:500} INFO - Filling up the DagBag from /home/airflow/.local/lib/python3.7/site-packages/airflow/example_dags/example_kubernetes_executor.py
[2022-04-13 09:17:29,898] {processor.py:652} INFO - DAG(s) dict_keys(['example_kubernetes_executor']) retrieved from /home/airflow/.local/lib/python3.7/site-packages/airflow/example_dags/example_kubernetes_executor.py
[2022-04-13 09:17:29,940] {logging_mixin.py:109} INFO - [2022-04-13 09:17:29,940] {dag.py:2398} INFO - Sync 1 DAGs
[2022-04-13 09:17:29,969] {logging_mixin.py:109} INFO - [2022-04-13 09:17:29,968] {dag.py:2937} INFO - Setting next_dagrun for example_kubernetes_executor to None
[2022-04-13 09:17:29,993] {processor.py:171} INFO - Processing /home/airflow/.local/lib/python3.7/site-packages/airflow/example_dags/example_kubernetes_executor.py took 0.135 seconds
[2022-04-13 09:18:00,580] {processor.py:163} INFO - Started process (PID=1341) to work on /home/airflow/.local/lib/python3.7/site-packages/airflow/example_dags/example_kubernetes_executor.py
[2022-04-13 09:18:00,581] {processor.py:642} INFO - Processing file /home/airflow/.local/lib/python3.7/site-packages/airflow/example_dags/example_kubernetes_executor.py for tasks to queue
[2022-04-13 09:18:00,581] {logging_mixin.py:109} INFO - [2022-04-13 09:18:00,581] {dagbag.py:500} INFO - Filling up the DagBag from /home/airflow/.local/lib/python3.7/site-packages/airflow/example_dags/example_kubernetes_executor.py
[2022-04-13 09:18:00,617] {processor.py:652} INFO - DAG(s) dict_keys(['example_kubernetes_executor']) retrieved from /home/airflow/.local/lib/python3.7/site-packages/airflow/example_dags/example_kubernetes_executor.py
[2022-04-13 09:18:00,657] {logging_mixin.py:109} INFO - [2022-04-13 09:18:00,657] {dag.py:2398} INFO - Sync 1 DAGs
[2022-04-13 09:18:00,685] {logging_mixin.py:109} INFO - [2022-04-13 09:18:00,685] {dag.py:2937} INFO - Setting next_dagrun for example_kubernetes_executor to None
[2022-04-13 09:18:00,704] {processor.py:171} INFO - Processing /home/airflow/.local/lib/python3.7/site-packages/airflow/example_dags/example_kubernetes_executor.py took 0.128 seconds
[2022-04-13 09:18:30,996] {processor.py:163} INFO - Started process (PID=1391) to work on /home/airflow/.local/lib/python3.7/site-packages/airflow/example_dags/example_kubernetes_executor.py
[2022-04-13 09:18:30,999] {processor.py:642} INFO - Processing file /home/airflow/.local/lib/python3.7/site-packages/airflow/example_dags/example_kubernetes_executor.py for tasks to queue
[2022-04-13 09:18:31,000] {logging_mixin.py:109} INFO - [2022-04-13 09:18:31,000] {dagbag.py:500} INFO - Filling up the DagBag from /home/airflow/.local/lib/python3.7/site-packages/airflow/example_dags/example_kubernetes_executor.py
[2022-04-13 09:18:31,025] {processor.py:652} INFO - DAG(s) dict_keys(['example_kubernetes_executor']) retrieved from /home/airflow/.local/lib/python3.7/site-packages/airflow/example_dags/example_kubernetes_executor.py
[2022-04-13 09:18:31,060] {logging_mixin.py:109} INFO - [2022-04-13 09:18:31,060] {dag.py:2398} INFO - Sync 1 DAGs
[2022-04-13 09:18:31,083] {logging_mixin.py:109} INFO - [2022-04-13 09:18:31,083] {dag.py:2937} INFO - Setting next_dagrun for example_kubernetes_executor to None
[2022-04-13 09:18:31,099] {processor.py:171} INFO - Processing /home/airflow/.local/lib/python3.7/site-packages/airflow/example_dags/example_kubernetes_executor.py took 0.106 seconds
[2022-04-13 09:19:01,333] {processor.py:163} INFO - Started process (PID=1443) to work on /home/airflow/.local/lib/python3.7/site-packages/airflow/example_dags/example_kubernetes_executor.py
[2022-04-13 09:19:01,337] {processor.py:642} INFO - Processing file /home/airflow/.local/lib/python3.7/site-packages/airflow/example_dags/example_kubernetes_executor.py for tasks to queue
[2022-04-13 09:19:01,338] {logging_mixin.py:109} INFO - [2022-04-13 09:19:01,338] {dagbag.py:500} INFO - Filling up the DagBag from /home/airflow/.local/lib/python3.7/site-packages/airflow/example_dags/example_kubernetes_executor.py
[2022-04-13 09:19:01,387] {processor.py:652} INFO - DAG(s) dict_keys(['example_kubernetes_executor']) retrieved from /home/airflow/.local/lib/python3.7/site-packages/airflow/example_dags/example_kubernetes_executor.py
[2022-04-13 09:19:01,463] {logging_mixin.py:109} INFO - [2022-04-13 09:19:01,463] {dag.py:2398} INFO - Sync 1 DAGs
[2022-04-13 09:19:01,496] {logging_mixin.py:109} INFO - [2022-04-13 09:19:01,496] {dag.py:2937} INFO - Setting next_dagrun for example_kubernetes_executor to None
[2022-04-13 09:19:01,516] {processor.py:171} INFO - Processing /home/airflow/.local/lib/python3.7/site-packages/airflow/example_dags/example_kubernetes_executor.py took 0.188 seconds
[2022-04-13 09:19:32,056] {processor.py:163} INFO - Started process (PID=1503) to work on /home/airflow/.local/lib/python3.7/site-packages/airflow/example_dags/example_kubernetes_executor.py
[2022-04-13 09:19:32,057] {processor.py:642} INFO - Processing file /home/airflow/.local/lib/python3.7/site-packages/airflow/example_dags/example_kubernetes_executor.py for tasks to queue
[2022-04-13 09:19:32,058] {logging_mixin.py:109} INFO - [2022-04-13 09:19:32,058] {dagbag.py:500} INFO - Filling up the DagBag from /home/airflow/.local/lib/python3.7/site-packages/airflow/example_dags/example_kubernetes_executor.py
[2022-04-13 09:19:32,093] {processor.py:652} INFO - DAG(s) dict_keys(['example_kubernetes_executor']) retrieved from /home/airflow/.local/lib/python3.7/site-packages/airflow/example_dags/example_kubernetes_executor.py
[2022-04-13 09:19:32,130] {logging_mixin.py:109} INFO - [2022-04-13 09:19:32,129] {dag.py:2398} INFO - Sync 1 DAGs
[2022-04-13 09:19:32,154] {logging_mixin.py:109} INFO - [2022-04-13 09:19:32,153] {dag.py:2937} INFO - Setting next_dagrun for example_kubernetes_executor to None
[2022-04-13 09:19:32,173] {processor.py:171} INFO - Processing /home/airflow/.local/lib/python3.7/site-packages/airflow/example_dags/example_kubernetes_executor.py took 0.120 seconds
[2022-04-13 09:20:02,220] {processor.py:163} INFO - Started process (PID=1555) to work on /home/airflow/.local/lib/python3.7/site-packages/airflow/example_dags/example_kubernetes_executor.py
[2022-04-13 09:20:02,221] {processor.py:642} INFO - Processing file /home/airflow/.local/lib/python3.7/site-packages/airflow/example_dags/example_kubernetes_executor.py for tasks to queue
[2022-04-13 09:20:02,222] {logging_mixin.py:109} INFO - [2022-04-13 09:20:02,222] {dagbag.py:500} INFO - Filling up the DagBag from /home/airflow/.local/lib/python3.7/site-packages/airflow/example_dags/example_kubernetes_executor.py
[2022-04-13 09:20:02,252] {processor.py:652} INFO - DAG(s) dict_keys(['example_kubernetes_executor']) retrieved from /home/airflow/.local/lib/python3.7/site-packages/airflow/example_dags/example_kubernetes_executor.py
[2022-04-13 09:20:02,285] {logging_mixin.py:109} INFO - [2022-04-13 09:20:02,285] {dag.py:2398} INFO - Sync 1 DAGs
[2022-04-13 09:20:02,319] {logging_mixin.py:109} INFO - [2022-04-13 09:20:02,319] {dag.py:2937} INFO - Setting next_dagrun for example_kubernetes_executor to None
[2022-04-13 09:20:02,334] {processor.py:171} INFO - Processing /home/airflow/.local/lib/python3.7/site-packages/airflow/example_dags/example_kubernetes_executor.py took 0.117 seconds
[2022-04-13 09:20:32,443] {processor.py:163} INFO - Started process (PID=1606) to work on /home/airflow/.local/lib/python3.7/site-packages/airflow/example_dags/example_kubernetes_executor.py
[2022-04-13 09:20:32,445] {processor.py:642} INFO - Processing file /home/airflow/.local/lib/python3.7/site-packages/airflow/example_dags/example_kubernetes_executor.py for tasks to queue
[2022-04-13 09:20:32,446] {logging_mixin.py:109} INFO - [2022-04-13 09:20:32,446] {dagbag.py:500} INFO - Filling up the DagBag from /home/airflow/.local/lib/python3.7/site-packages/airflow/example_dags/example_kubernetes_executor.py
[2022-04-13 09:20:32,469] {processor.py:652} INFO - DAG(s) dict_keys(['example_kubernetes_executor']) retrieved from /home/airflow/.local/lib/python3.7/site-packages/airflow/example_dags/example_kubernetes_executor.py
[2022-04-13 09:20:32,497] {logging_mixin.py:109} INFO - [2022-04-13 09:20:32,496] {dag.py:2398} INFO - Sync 1 DAGs
[2022-04-13 09:20:32,518] {logging_mixin.py:109} INFO - [2022-04-13 09:20:32,518] {dag.py:2937} INFO - Setting next_dagrun for example_kubernetes_executor to None
[2022-04-13 09:20:32,535] {processor.py:171} INFO - Processing /home/airflow/.local/lib/python3.7/site-packages/airflow/example_dags/example_kubernetes_executor.py took 0.095 seconds
[2022-04-13 09:21:02,601] {processor.py:163} INFO - Started process (PID=1667) to work on /home/airflow/.local/lib/python3.7/site-packages/airflow/example_dags/example_kubernetes_executor.py
[2022-04-13 09:21:02,603] {processor.py:642} INFO - Processing file /home/airflow/.local/lib/python3.7/site-packages/airflow/example_dags/example_kubernetes_executor.py for tasks to queue
[2022-04-13 09:21:02,604] {logging_mixin.py:109} INFO - [2022-04-13 09:21:02,604] {dagbag.py:500} INFO - Filling up the DagBag from /home/airflow/.local/lib/python3.7/site-packages/airflow/example_dags/example_kubernetes_executor.py
[2022-04-13 09:21:02,642] {processor.py:652} INFO - DAG(s) dict_keys(['example_kubernetes_executor']) retrieved from /home/airflow/.local/lib/python3.7/site-packages/airflow/example_dags/example_kubernetes_executor.py
[2022-04-13 09:21:02,682] {logging_mixin.py:109} INFO - [2022-04-13 09:21:02,682] {dag.py:2398} INFO - Sync 1 DAGs
[2022-04-13 09:21:02,709] {logging_mixin.py:109} INFO - [2022-04-13 09:21:02,709] {dag.py:2937} INFO - Setting next_dagrun for example_kubernetes_executor to None
[2022-04-13 09:21:02,728] {processor.py:171} INFO - Processing /home/airflow/.local/lib/python3.7/site-packages/airflow/example_dags/example_kubernetes_executor.py took 0.131 seconds
[2022-04-13 09:21:33,643] {processor.py:163} INFO - Started process (PID=1719) to work on /home/airflow/.local/lib/python3.7/site-packages/airflow/example_dags/example_kubernetes_executor.py
[2022-04-13 09:21:33,649] {processor.py:642} INFO - Processing file /home/airflow/.local/lib/python3.7/site-packages/airflow/example_dags/example_kubernetes_executor.py for tasks to queue
[2022-04-13 09:21:33,650] {logging_mixin.py:109} INFO - [2022-04-13 09:21:33,650] {dagbag.py:500} INFO - Filling up the DagBag from /home/airflow/.local/lib/python3.7/site-packages/airflow/example_dags/example_kubernetes_executor.py
[2022-04-13 09:21:33,693] {processor.py:652} INFO - DAG(s) dict_keys(['example_kubernetes_executor']) retrieved from /home/airflow/.local/lib/python3.7/site-packages/airflow/example_dags/example_kubernetes_executor.py
[2022-04-13 09:21:33,741] {logging_mixin.py:109} INFO - [2022-04-13 09:21:33,741] {dag.py:2398} INFO - Sync 1 DAGs
[2022-04-13 09:21:33,768] {logging_mixin.py:109} INFO - [2022-04-13 09:21:33,768] {dag.py:2937} INFO - Setting next_dagrun for example_kubernetes_executor to None
[2022-04-13 09:21:33,785] {processor.py:171} INFO - Processing /home/airflow/.local/lib/python3.7/site-packages/airflow/example_dags/example_kubernetes_executor.py took 0.145 seconds
[2022-04-13 09:22:04,014] {processor.py:163} INFO - Started process (PID=1769) to work on /home/airflow/.local/lib/python3.7/site-packages/airflow/example_dags/example_kubernetes_executor.py
[2022-04-13 09:22:04,018] {processor.py:642} INFO - Processing file /home/airflow/.local/lib/python3.7/site-packages/airflow/example_dags/example_kubernetes_executor.py for tasks to queue
[2022-04-13 09:22:04,019] {logging_mixin.py:109} INFO - [2022-04-13 09:22:04,019] {dagbag.py:500} INFO - Filling up the DagBag from /home/airflow/.local/lib/python3.7/site-packages/airflow/example_dags/example_kubernetes_executor.py
[2022-04-13 09:22:04,060] {processor.py:652} INFO - DAG(s) dict_keys(['example_kubernetes_executor']) retrieved from /home/airflow/.local/lib/python3.7/site-packages/airflow/example_dags/example_kubernetes_executor.py
[2022-04-13 09:22:04,104] {logging_mixin.py:109} INFO - [2022-04-13 09:22:04,104] {dag.py:2398} INFO - Sync 1 DAGs
[2022-04-13 09:22:04,136] {logging_mixin.py:109} INFO - [2022-04-13 09:22:04,136] {dag.py:2937} INFO - Setting next_dagrun for example_kubernetes_executor to None
[2022-04-13 09:22:04,168] {processor.py:171} INFO - Processing /home/airflow/.local/lib/python3.7/site-packages/airflow/example_dags/example_kubernetes_executor.py took 0.158 seconds
[2022-04-13 09:22:34,305] {processor.py:163} INFO - Started process (PID=1831) to work on /home/airflow/.local/lib/python3.7/site-packages/airflow/example_dags/example_kubernetes_executor.py
[2022-04-13 09:22:34,306] {processor.py:642} INFO - Processing file /home/airflow/.local/lib/python3.7/site-packages/airflow/example_dags/example_kubernetes_executor.py for tasks to queue
[2022-04-13 09:22:34,307] {logging_mixin.py:109} INFO - [2022-04-13 09:22:34,307] {dagbag.py:500} INFO - Filling up the DagBag from /home/airflow/.local/lib/python3.7/site-packages/airflow/example_dags/example_kubernetes_executor.py
[2022-04-13 09:22:34,335] {processor.py:652} INFO - DAG(s) dict_keys(['example_kubernetes_executor']) retrieved from /home/airflow/.local/lib/python3.7/site-packages/airflow/example_dags/example_kubernetes_executor.py
[2022-04-13 09:22:34,409] {logging_mixin.py:109} INFO - [2022-04-13 09:22:34,409] {dag.py:2398} INFO - Sync 1 DAGs
[2022-04-13 09:22:34,442] {logging_mixin.py:109} INFO - [2022-04-13 09:22:34,441] {dag.py:2937} INFO - Setting next_dagrun for example_kubernetes_executor to None
[2022-04-13 09:22:34,468] {processor.py:171} INFO - Processing /home/airflow/.local/lib/python3.7/site-packages/airflow/example_dags/example_kubernetes_executor.py took 0.167 seconds
[2022-04-13 09:23:04,703] {processor.py:163} INFO - Started process (PID=1883) to work on /home/airflow/.local/lib/python3.7/site-packages/airflow/example_dags/example_kubernetes_executor.py
[2022-04-13 09:23:04,706] {processor.py:642} INFO - Processing file /home/airflow/.local/lib/python3.7/site-packages/airflow/example_dags/example_kubernetes_executor.py for tasks to queue
[2022-04-13 09:23:04,707] {logging_mixin.py:109} INFO - [2022-04-13 09:23:04,707] {dagbag.py:500} INFO - Filling up the DagBag from /home/airflow/.local/lib/python3.7/site-packages/airflow/example_dags/example_kubernetes_executor.py
[2022-04-13 09:23:04,762] {processor.py:652} INFO - DAG(s) dict_keys(['example_kubernetes_executor']) retrieved from /home/airflow/.local/lib/python3.7/site-packages/airflow/example_dags/example_kubernetes_executor.py
[2022-04-13 09:23:04,813] {logging_mixin.py:109} INFO - [2022-04-13 09:23:04,813] {dag.py:2398} INFO - Sync 1 DAGs
[2022-04-13 09:23:04,840] {logging_mixin.py:109} INFO - [2022-04-13 09:23:04,839] {dag.py:2937} INFO - Setting next_dagrun for example_kubernetes_executor to None
[2022-04-13 09:23:04,858] {processor.py:171} INFO - Processing /home/airflow/.local/lib/python3.7/site-packages/airflow/example_dags/example_kubernetes_executor.py took 0.161 seconds
[2022-04-13 09:23:35,403] {processor.py:163} INFO - Started process (PID=1935) to work on /home/airflow/.local/lib/python3.7/site-packages/airflow/example_dags/example_kubernetes_executor.py
[2022-04-13 09:23:35,405] {processor.py:642} INFO - Processing file /home/airflow/.local/lib/python3.7/site-packages/airflow/example_dags/example_kubernetes_executor.py for tasks to queue
[2022-04-13 09:23:35,406] {logging_mixin.py:109} INFO - [2022-04-13 09:23:35,406] {dagbag.py:500} INFO - Filling up the DagBag from /home/airflow/.local/lib/python3.7/site-packages/airflow/example_dags/example_kubernetes_executor.py
[2022-04-13 09:23:35,440] {processor.py:652} INFO - DAG(s) dict_keys(['example_kubernetes_executor']) retrieved from /home/airflow/.local/lib/python3.7/site-packages/airflow/example_dags/example_kubernetes_executor.py
[2022-04-13 09:23:35,478] {logging_mixin.py:109} INFO - [2022-04-13 09:23:35,478] {dag.py:2398} INFO - Sync 1 DAGs
[2022-04-13 09:23:35,502] {logging_mixin.py:109} INFO - [2022-04-13 09:23:35,502] {dag.py:2937} INFO - Setting next_dagrun for example_kubernetes_executor to None
[2022-04-13 09:23:35,519] {processor.py:171} INFO - Processing /home/airflow/.local/lib/python3.7/site-packages/airflow/example_dags/example_kubernetes_executor.py took 0.122 seconds
[2022-04-13 09:24:05,613] {processor.py:163} INFO - Started process (PID=1993) to work on /home/airflow/.local/lib/python3.7/site-packages/airflow/example_dags/example_kubernetes_executor.py
[2022-04-13 09:24:05,628] {processor.py:642} INFO - Processing file /home/airflow/.local/lib/python3.7/site-packages/airflow/example_dags/example_kubernetes_executor.py for tasks to queue
[2022-04-13 09:24:05,629] {logging_mixin.py:109} INFO - [2022-04-13 09:24:05,629] {dagbag.py:500} INFO - Filling up the DagBag from /home/airflow/.local/lib/python3.7/site-packages/airflow/example_dags/example_kubernetes_executor.py
[2022-04-13 09:24:05,663] {processor.py:652} INFO - DAG(s) dict_keys(['example_kubernetes_executor']) retrieved from /home/airflow/.local/lib/python3.7/site-packages/airflow/example_dags/example_kubernetes_executor.py
[2022-04-13 09:24:05,701] {logging_mixin.py:109} INFO - [2022-04-13 09:24:05,701] {dag.py:2398} INFO - Sync 1 DAGs
[2022-04-13 09:24:05,734] {logging_mixin.py:109} INFO - [2022-04-13 09:24:05,734] {dag.py:2937} INFO - Setting next_dagrun for example_kubernetes_executor to None
[2022-04-13 09:24:05,764] {processor.py:171} INFO - Processing /home/airflow/.local/lib/python3.7/site-packages/airflow/example_dags/example_kubernetes_executor.py took 0.154 seconds
[2022-04-13 09:24:36,061] {processor.py:163} INFO - Started process (PID=2046) to work on /home/airflow/.local/lib/python3.7/site-packages/airflow/example_dags/example_kubernetes_executor.py
[2022-04-13 09:24:36,062] {processor.py:642} INFO - Processing file /home/airflow/.local/lib/python3.7/site-packages/airflow/example_dags/example_kubernetes_executor.py for tasks to queue
[2022-04-13 09:24:36,063] {logging_mixin.py:109} INFO - [2022-04-13 09:24:36,063] {dagbag.py:500} INFO - Filling up the DagBag from /home/airflow/.local/lib/python3.7/site-packages/airflow/example_dags/example_kubernetes_executor.py
[2022-04-13 09:24:36,086] {processor.py:652} INFO - DAG(s) dict_keys(['example_kubernetes_executor']) retrieved from /home/airflow/.local/lib/python3.7/site-packages/airflow/example_dags/example_kubernetes_executor.py
[2022-04-13 09:24:36,119] {logging_mixin.py:109} INFO - [2022-04-13 09:24:36,119] {dag.py:2398} INFO - Sync 1 DAGs
[2022-04-13 09:24:36,147] {logging_mixin.py:109} INFO - [2022-04-13 09:24:36,147] {dag.py:2937} INFO - Setting next_dagrun for example_kubernetes_executor to None
[2022-04-13 09:24:36,168] {processor.py:171} INFO - Processing /home/airflow/.local/lib/python3.7/site-packages/airflow/example_dags/example_kubernetes_executor.py took 0.111 seconds
[2022-04-13 09:25:06,823] {processor.py:163} INFO - Started process (PID=2098) to work on /home/airflow/.local/lib/python3.7/site-packages/airflow/example_dags/example_kubernetes_executor.py
[2022-04-13 09:25:06,829] {processor.py:642} INFO - Processing file /home/airflow/.local/lib/python3.7/site-packages/airflow/example_dags/example_kubernetes_executor.py for tasks to queue
[2022-04-13 09:25:06,831] {logging_mixin.py:109} INFO - [2022-04-13 09:25:06,830] {dagbag.py:500} INFO - Filling up the DagBag from /home/airflow/.local/lib/python3.7/site-packages/airflow/example_dags/example_kubernetes_executor.py
[2022-04-13 09:25:06,865] {processor.py:652} INFO - DAG(s) dict_keys(['example_kubernetes_executor']) retrieved from /home/airflow/.local/lib/python3.7/site-packages/airflow/example_dags/example_kubernetes_executor.py
[2022-04-13 09:25:06,910] {logging_mixin.py:109} INFO - [2022-04-13 09:25:06,909] {dag.py:2398} INFO - Sync 1 DAGs
[2022-04-13 09:25:06,934] {logging_mixin.py:109} INFO - [2022-04-13 09:25:06,934] {dag.py:2937} INFO - Setting next_dagrun for example_kubernetes_executor to None
[2022-04-13 09:25:06,957] {processor.py:171} INFO - Processing /home/airflow/.local/lib/python3.7/site-packages/airflow/example_dags/example_kubernetes_executor.py took 0.140 seconds
[2022-04-13 09:25:37,697] {processor.py:163} INFO - Started process (PID=2156) to work on /home/airflow/.local/lib/python3.7/site-packages/airflow/example_dags/example_kubernetes_executor.py
[2022-04-13 09:25:37,698] {processor.py:642} INFO - Processing file /home/airflow/.local/lib/python3.7/site-packages/airflow/example_dags/example_kubernetes_executor.py for tasks to queue
[2022-04-13 09:25:37,699] {logging_mixin.py:109} INFO - [2022-04-13 09:25:37,699] {dagbag.py:500} INFO - Filling up the DagBag from /home/airflow/.local/lib/python3.7/site-packages/airflow/example_dags/example_kubernetes_executor.py
[2022-04-13 09:25:37,739] {processor.py:652} INFO - DAG(s) dict_keys(['example_kubernetes_executor']) retrieved from /home/airflow/.local/lib/python3.7/site-packages/airflow/example_dags/example_kubernetes_executor.py
[2022-04-13 09:25:37,784] {logging_mixin.py:109} INFO - [2022-04-13 09:25:37,784] {dag.py:2398} INFO - Sync 1 DAGs
[2022-04-13 09:25:37,813] {logging_mixin.py:109} INFO - [2022-04-13 09:25:37,813] {dag.py:2937} INFO - Setting next_dagrun for example_kubernetes_executor to None
[2022-04-13 09:25:37,831] {processor.py:171} INFO - Processing /home/airflow/.local/lib/python3.7/site-packages/airflow/example_dags/example_kubernetes_executor.py took 0.138 seconds
[2022-04-13 09:26:08,084] {processor.py:163} INFO - Started process (PID=2209) to work on /home/airflow/.local/lib/python3.7/site-packages/airflow/example_dags/example_kubernetes_executor.py
[2022-04-13 09:26:08,087] {processor.py:642} INFO - Processing file /home/airflow/.local/lib/python3.7/site-packages/airflow/example_dags/example_kubernetes_executor.py for tasks to queue
[2022-04-13 09:26:08,088] {logging_mixin.py:109} INFO - [2022-04-13 09:26:08,088] {dagbag.py:500} INFO - Filling up the DagBag from /home/airflow/.local/lib/python3.7/site-packages/airflow/example_dags/example_kubernetes_executor.py
[2022-04-13 09:26:08,124] {processor.py:652} INFO - DAG(s) dict_keys(['example_kubernetes_executor']) retrieved from /home/airflow/.local/lib/python3.7/site-packages/airflow/example_dags/example_kubernetes_executor.py
[2022-04-13 09:26:08,169] {logging_mixin.py:109} INFO - [2022-04-13 09:26:08,168] {dag.py:2398} INFO - Sync 1 DAGs
[2022-04-13 09:26:08,199] {logging_mixin.py:109} INFO - [2022-04-13 09:26:08,199] {dag.py:2937} INFO - Setting next_dagrun for example_kubernetes_executor to None
[2022-04-13 09:26:08,215] {processor.py:171} INFO - Processing /home/airflow/.local/lib/python3.7/site-packages/airflow/example_dags/example_kubernetes_executor.py took 0.135 seconds
