[2022-04-13 08:46:38,671] {processor.py:163} INFO - Started process (PID=305) to work on /home/airflow/.local/lib/python3.7/site-packages/airflow/example_dags/example_time_delta_sensor_async.py
[2022-04-13 08:46:38,672] {processor.py:642} INFO - Processing file /home/airflow/.local/lib/python3.7/site-packages/airflow/example_dags/example_time_delta_sensor_async.py for tasks to queue
[2022-04-13 08:46:38,673] {logging_mixin.py:109} INFO - [2022-04-13 08:46:38,673] {dagbag.py:500} INFO - Filling up the DagBag from /home/airflow/.local/lib/python3.7/site-packages/airflow/example_dags/example_time_delta_sensor_async.py
[2022-04-13 08:46:38,722] {processor.py:652} INFO - DAG(s) dict_keys(['example_time_delta_sensor_async']) retrieved from /home/airflow/.local/lib/python3.7/site-packages/airflow/example_dags/example_time_delta_sensor_async.py
[2022-04-13 08:46:40,967] {logging_mixin.py:109} INFO - [2022-04-13 08:46:40,967] {manager.py:496} INFO - Created Permission View: can read on DAG:example_time_delta_sensor_async
[2022-04-13 08:46:40,987] {logging_mixin.py:109} INFO - [2022-04-13 08:46:40,986] {manager.py:496} INFO - Created Permission View: can edit on DAG:example_time_delta_sensor_async
[2022-04-13 08:46:40,988] {logging_mixin.py:109} INFO - [2022-04-13 08:46:40,987] {dag.py:2398} INFO - Sync 1 DAGs
[2022-04-13 08:46:41,002] {logging_mixin.py:109} INFO - [2022-04-13 08:46:41,001] {dag.py:2417} INFO - Creating ORM DAG for example_time_delta_sensor_async
[2022-04-13 08:46:41,017] {logging_mixin.py:109} INFO - [2022-04-13 08:46:41,016] {dag.py:2937} INFO - Setting next_dagrun for example_time_delta_sensor_async to None
[2022-04-13 08:46:41,082] {processor.py:171} INFO - Processing /home/airflow/.local/lib/python3.7/site-packages/airflow/example_dags/example_time_delta_sensor_async.py took 2.415 seconds
[2022-04-13 08:47:11,956] {processor.py:163} INFO - Started process (PID=488) to work on /home/airflow/.local/lib/python3.7/site-packages/airflow/example_dags/example_time_delta_sensor_async.py
[2022-04-13 08:47:11,958] {processor.py:642} INFO - Processing file /home/airflow/.local/lib/python3.7/site-packages/airflow/example_dags/example_time_delta_sensor_async.py for tasks to queue
[2022-04-13 08:47:11,958] {logging_mixin.py:109} INFO - [2022-04-13 08:47:11,958] {dagbag.py:500} INFO - Filling up the DagBag from /home/airflow/.local/lib/python3.7/site-packages/airflow/example_dags/example_time_delta_sensor_async.py
[2022-04-13 08:47:11,974] {processor.py:652} INFO - DAG(s) dict_keys(['example_time_delta_sensor_async']) retrieved from /home/airflow/.local/lib/python3.7/site-packages/airflow/example_dags/example_time_delta_sensor_async.py
[2022-04-13 08:47:11,994] {logging_mixin.py:109} INFO - [2022-04-13 08:47:11,994] {dag.py:2398} INFO - Sync 1 DAGs
[2022-04-13 08:47:12,012] {logging_mixin.py:109} INFO - [2022-04-13 08:47:12,012] {dag.py:2937} INFO - Setting next_dagrun for example_time_delta_sensor_async to None
[2022-04-13 08:47:12,029] {processor.py:171} INFO - Processing /home/airflow/.local/lib/python3.7/site-packages/airflow/example_dags/example_time_delta_sensor_async.py took 0.074 seconds
[2022-04-13 08:47:42,595] {processor.py:163} INFO - Started process (PID=540) to work on /home/airflow/.local/lib/python3.7/site-packages/airflow/example_dags/example_time_delta_sensor_async.py
[2022-04-13 08:47:42,596] {processor.py:642} INFO - Processing file /home/airflow/.local/lib/python3.7/site-packages/airflow/example_dags/example_time_delta_sensor_async.py for tasks to queue
[2022-04-13 08:47:42,597] {logging_mixin.py:109} INFO - [2022-04-13 08:47:42,596] {dagbag.py:500} INFO - Filling up the DagBag from /home/airflow/.local/lib/python3.7/site-packages/airflow/example_dags/example_time_delta_sensor_async.py
[2022-04-13 08:47:42,611] {processor.py:652} INFO - DAG(s) dict_keys(['example_time_delta_sensor_async']) retrieved from /home/airflow/.local/lib/python3.7/site-packages/airflow/example_dags/example_time_delta_sensor_async.py
[2022-04-13 08:47:42,688] {logging_mixin.py:109} INFO - [2022-04-13 08:47:42,688] {dag.py:2398} INFO - Sync 1 DAGs
[2022-04-13 08:47:42,708] {logging_mixin.py:109} INFO - [2022-04-13 08:47:42,708] {dag.py:2937} INFO - Setting next_dagrun for example_time_delta_sensor_async to None
[2022-04-13 08:47:42,722] {processor.py:171} INFO - Processing /home/airflow/.local/lib/python3.7/site-packages/airflow/example_dags/example_time_delta_sensor_async.py took 0.129 seconds
[2022-04-13 08:48:12,748] {processor.py:163} INFO - Started process (PID=599) to work on /home/airflow/.local/lib/python3.7/site-packages/airflow/example_dags/example_time_delta_sensor_async.py
[2022-04-13 08:48:12,756] {processor.py:642} INFO - Processing file /home/airflow/.local/lib/python3.7/site-packages/airflow/example_dags/example_time_delta_sensor_async.py for tasks to queue
[2022-04-13 08:48:12,757] {logging_mixin.py:109} INFO - [2022-04-13 08:48:12,757] {dagbag.py:500} INFO - Filling up the DagBag from /home/airflow/.local/lib/python3.7/site-packages/airflow/example_dags/example_time_delta_sensor_async.py
[2022-04-13 08:48:12,771] {processor.py:652} INFO - DAG(s) dict_keys(['example_time_delta_sensor_async']) retrieved from /home/airflow/.local/lib/python3.7/site-packages/airflow/example_dags/example_time_delta_sensor_async.py
[2022-04-13 08:48:12,793] {logging_mixin.py:109} INFO - [2022-04-13 08:48:12,793] {dag.py:2398} INFO - Sync 1 DAGs
[2022-04-13 08:48:12,809] {logging_mixin.py:109} INFO - [2022-04-13 08:48:12,809] {dag.py:2937} INFO - Setting next_dagrun for example_time_delta_sensor_async to None
[2022-04-13 08:48:12,826] {processor.py:171} INFO - Processing /home/airflow/.local/lib/python3.7/site-packages/airflow/example_dags/example_time_delta_sensor_async.py took 0.081 seconds
[2022-04-13 08:48:43,397] {processor.py:163} INFO - Started process (PID=651) to work on /home/airflow/.local/lib/python3.7/site-packages/airflow/example_dags/example_time_delta_sensor_async.py
[2022-04-13 08:48:43,398] {processor.py:642} INFO - Processing file /home/airflow/.local/lib/python3.7/site-packages/airflow/example_dags/example_time_delta_sensor_async.py for tasks to queue
[2022-04-13 08:48:43,399] {logging_mixin.py:109} INFO - [2022-04-13 08:48:43,399] {dagbag.py:500} INFO - Filling up the DagBag from /home/airflow/.local/lib/python3.7/site-packages/airflow/example_dags/example_time_delta_sensor_async.py
[2022-04-13 08:48:43,416] {processor.py:652} INFO - DAG(s) dict_keys(['example_time_delta_sensor_async']) retrieved from /home/airflow/.local/lib/python3.7/site-packages/airflow/example_dags/example_time_delta_sensor_async.py
[2022-04-13 08:48:43,440] {logging_mixin.py:109} INFO - [2022-04-13 08:48:43,439] {dag.py:2398} INFO - Sync 1 DAGs
[2022-04-13 08:48:43,462] {logging_mixin.py:109} INFO - [2022-04-13 08:48:43,462] {dag.py:2937} INFO - Setting next_dagrun for example_time_delta_sensor_async to None
[2022-04-13 08:48:43,482] {processor.py:171} INFO - Processing /home/airflow/.local/lib/python3.7/site-packages/airflow/example_dags/example_time_delta_sensor_async.py took 0.087 seconds
[2022-04-13 08:52:10,517] {processor.py:163} INFO - Started process (PID=56) to work on /home/airflow/.local/lib/python3.7/site-packages/airflow/example_dags/example_time_delta_sensor_async.py
[2022-04-13 08:52:10,519] {processor.py:642} INFO - Processing file /home/airflow/.local/lib/python3.7/site-packages/airflow/example_dags/example_time_delta_sensor_async.py for tasks to queue
[2022-04-13 08:52:10,520] {logging_mixin.py:109} INFO - [2022-04-13 08:52:10,519] {dagbag.py:500} INFO - Filling up the DagBag from /home/airflow/.local/lib/python3.7/site-packages/airflow/example_dags/example_time_delta_sensor_async.py
[2022-04-13 08:52:10,538] {processor.py:652} INFO - DAG(s) dict_keys(['example_time_delta_sensor_async']) retrieved from /home/airflow/.local/lib/python3.7/site-packages/airflow/example_dags/example_time_delta_sensor_async.py
[2022-04-13 08:52:10,570] {logging_mixin.py:109} INFO - [2022-04-13 08:52:10,570] {dag.py:2398} INFO - Sync 1 DAGs
[2022-04-13 08:52:10,590] {logging_mixin.py:109} INFO - [2022-04-13 08:52:10,590] {dag.py:2937} INFO - Setting next_dagrun for example_time_delta_sensor_async to None
[2022-04-13 08:52:10,605] {processor.py:171} INFO - Processing /home/airflow/.local/lib/python3.7/site-packages/airflow/example_dags/example_time_delta_sensor_async.py took 0.093 seconds
[2022-04-13 08:54:27,519] {processor.py:163} INFO - Started process (PID=60) to work on /home/airflow/.local/lib/python3.7/site-packages/airflow/example_dags/example_time_delta_sensor_async.py
[2022-04-13 08:54:27,521] {processor.py:642} INFO - Processing file /home/airflow/.local/lib/python3.7/site-packages/airflow/example_dags/example_time_delta_sensor_async.py for tasks to queue
[2022-04-13 08:54:27,521] {logging_mixin.py:109} INFO - [2022-04-13 08:54:27,521] {dagbag.py:500} INFO - Filling up the DagBag from /home/airflow/.local/lib/python3.7/site-packages/airflow/example_dags/example_time_delta_sensor_async.py
[2022-04-13 08:54:27,537] {processor.py:652} INFO - DAG(s) dict_keys(['example_time_delta_sensor_async']) retrieved from /home/airflow/.local/lib/python3.7/site-packages/airflow/example_dags/example_time_delta_sensor_async.py
[2022-04-13 08:54:27,555] {logging_mixin.py:109} INFO - [2022-04-13 08:54:27,555] {dag.py:2398} INFO - Sync 1 DAGs
[2022-04-13 08:54:27,574] {logging_mixin.py:109} INFO - [2022-04-13 08:54:27,574] {dag.py:2937} INFO - Setting next_dagrun for example_time_delta_sensor_async to None
[2022-04-13 08:54:27,587] {processor.py:171} INFO - Processing /home/airflow/.local/lib/python3.7/site-packages/airflow/example_dags/example_time_delta_sensor_async.py took 0.069 seconds
[2022-04-13 08:54:58,057] {processor.py:163} INFO - Started process (PID=112) to work on /home/airflow/.local/lib/python3.7/site-packages/airflow/example_dags/example_time_delta_sensor_async.py
[2022-04-13 08:54:58,058] {processor.py:642} INFO - Processing file /home/airflow/.local/lib/python3.7/site-packages/airflow/example_dags/example_time_delta_sensor_async.py for tasks to queue
[2022-04-13 08:54:58,059] {logging_mixin.py:109} INFO - [2022-04-13 08:54:58,059] {dagbag.py:500} INFO - Filling up the DagBag from /home/airflow/.local/lib/python3.7/site-packages/airflow/example_dags/example_time_delta_sensor_async.py
[2022-04-13 08:54:58,074] {processor.py:652} INFO - DAG(s) dict_keys(['example_time_delta_sensor_async']) retrieved from /home/airflow/.local/lib/python3.7/site-packages/airflow/example_dags/example_time_delta_sensor_async.py
[2022-04-13 08:54:58,092] {logging_mixin.py:109} INFO - [2022-04-13 08:54:58,092] {dag.py:2398} INFO - Sync 1 DAGs
[2022-04-13 08:54:58,108] {logging_mixin.py:109} INFO - [2022-04-13 08:54:58,108] {dag.py:2937} INFO - Setting next_dagrun for example_time_delta_sensor_async to None
[2022-04-13 08:54:58,122] {processor.py:171} INFO - Processing /home/airflow/.local/lib/python3.7/site-packages/airflow/example_dags/example_time_delta_sensor_async.py took 0.067 seconds
[2022-04-13 08:55:29,286] {processor.py:163} INFO - Started process (PID=171) to work on /home/airflow/.local/lib/python3.7/site-packages/airflow/example_dags/example_time_delta_sensor_async.py
[2022-04-13 08:55:29,288] {processor.py:642} INFO - Processing file /home/airflow/.local/lib/python3.7/site-packages/airflow/example_dags/example_time_delta_sensor_async.py for tasks to queue
[2022-04-13 08:55:29,288] {logging_mixin.py:109} INFO - [2022-04-13 08:55:29,288] {dagbag.py:500} INFO - Filling up the DagBag from /home/airflow/.local/lib/python3.7/site-packages/airflow/example_dags/example_time_delta_sensor_async.py
[2022-04-13 08:55:29,305] {processor.py:652} INFO - DAG(s) dict_keys(['example_time_delta_sensor_async']) retrieved from /home/airflow/.local/lib/python3.7/site-packages/airflow/example_dags/example_time_delta_sensor_async.py
[2022-04-13 08:55:29,325] {logging_mixin.py:109} INFO - [2022-04-13 08:55:29,325] {dag.py:2398} INFO - Sync 1 DAGs
[2022-04-13 08:55:29,340] {logging_mixin.py:109} INFO - [2022-04-13 08:55:29,340] {dag.py:2937} INFO - Setting next_dagrun for example_time_delta_sensor_async to None
[2022-04-13 08:55:29,349] {processor.py:171} INFO - Processing /home/airflow/.local/lib/python3.7/site-packages/airflow/example_dags/example_time_delta_sensor_async.py took 0.066 seconds
[2022-04-13 08:56:01,036] {processor.py:163} INFO - Started process (PID=230) to work on /home/airflow/.local/lib/python3.7/site-packages/airflow/example_dags/example_time_delta_sensor_async.py
[2022-04-13 08:56:01,037] {processor.py:642} INFO - Processing file /home/airflow/.local/lib/python3.7/site-packages/airflow/example_dags/example_time_delta_sensor_async.py for tasks to queue
[2022-04-13 08:56:01,038] {logging_mixin.py:109} INFO - [2022-04-13 08:56:01,038] {dagbag.py:500} INFO - Filling up the DagBag from /home/airflow/.local/lib/python3.7/site-packages/airflow/example_dags/example_time_delta_sensor_async.py
[2022-04-13 08:56:01,066] {processor.py:652} INFO - DAG(s) dict_keys(['example_time_delta_sensor_async']) retrieved from /home/airflow/.local/lib/python3.7/site-packages/airflow/example_dags/example_time_delta_sensor_async.py
[2022-04-13 08:56:01,093] {logging_mixin.py:109} INFO - [2022-04-13 08:56:01,092] {dag.py:2398} INFO - Sync 1 DAGs
[2022-04-13 08:56:01,120] {logging_mixin.py:109} INFO - [2022-04-13 08:56:01,120] {dag.py:2937} INFO - Setting next_dagrun for example_time_delta_sensor_async to None
[2022-04-13 08:56:01,144] {processor.py:171} INFO - Processing /home/airflow/.local/lib/python3.7/site-packages/airflow/example_dags/example_time_delta_sensor_async.py took 0.112 seconds
[2022-04-13 08:56:32,043] {processor.py:163} INFO - Started process (PID=285) to work on /home/airflow/.local/lib/python3.7/site-packages/airflow/example_dags/example_time_delta_sensor_async.py
[2022-04-13 08:56:32,045] {processor.py:642} INFO - Processing file /home/airflow/.local/lib/python3.7/site-packages/airflow/example_dags/example_time_delta_sensor_async.py for tasks to queue
[2022-04-13 08:56:32,046] {logging_mixin.py:109} INFO - [2022-04-13 08:56:32,046] {dagbag.py:500} INFO - Filling up the DagBag from /home/airflow/.local/lib/python3.7/site-packages/airflow/example_dags/example_time_delta_sensor_async.py
[2022-04-13 08:56:32,061] {processor.py:652} INFO - DAG(s) dict_keys(['example_time_delta_sensor_async']) retrieved from /home/airflow/.local/lib/python3.7/site-packages/airflow/example_dags/example_time_delta_sensor_async.py
[2022-04-13 08:56:32,080] {logging_mixin.py:109} INFO - [2022-04-13 08:56:32,080] {dag.py:2398} INFO - Sync 1 DAGs
[2022-04-13 08:56:32,095] {logging_mixin.py:109} INFO - [2022-04-13 08:56:32,095] {dag.py:2937} INFO - Setting next_dagrun for example_time_delta_sensor_async to None
[2022-04-13 08:56:32,106] {processor.py:171} INFO - Processing /home/airflow/.local/lib/python3.7/site-packages/airflow/example_dags/example_time_delta_sensor_async.py took 0.066 seconds
[2022-04-13 08:57:02,240] {processor.py:163} INFO - Started process (PID=344) to work on /home/airflow/.local/lib/python3.7/site-packages/airflow/example_dags/example_time_delta_sensor_async.py
[2022-04-13 08:57:02,241] {processor.py:642} INFO - Processing file /home/airflow/.local/lib/python3.7/site-packages/airflow/example_dags/example_time_delta_sensor_async.py for tasks to queue
[2022-04-13 08:57:02,242] {logging_mixin.py:109} INFO - [2022-04-13 08:57:02,242] {dagbag.py:500} INFO - Filling up the DagBag from /home/airflow/.local/lib/python3.7/site-packages/airflow/example_dags/example_time_delta_sensor_async.py
[2022-04-13 08:57:02,256] {processor.py:652} INFO - DAG(s) dict_keys(['example_time_delta_sensor_async']) retrieved from /home/airflow/.local/lib/python3.7/site-packages/airflow/example_dags/example_time_delta_sensor_async.py
[2022-04-13 08:57:02,278] {logging_mixin.py:109} INFO - [2022-04-13 08:57:02,278] {dag.py:2398} INFO - Sync 1 DAGs
[2022-04-13 08:57:02,294] {logging_mixin.py:109} INFO - [2022-04-13 08:57:02,294] {dag.py:2937} INFO - Setting next_dagrun for example_time_delta_sensor_async to None
[2022-04-13 08:57:02,309] {processor.py:171} INFO - Processing /home/airflow/.local/lib/python3.7/site-packages/airflow/example_dags/example_time_delta_sensor_async.py took 0.072 seconds
[2022-04-13 08:57:32,584] {processor.py:163} INFO - Started process (PID=394) to work on /home/airflow/.local/lib/python3.7/site-packages/airflow/example_dags/example_time_delta_sensor_async.py
[2022-04-13 08:57:32,596] {processor.py:642} INFO - Processing file /home/airflow/.local/lib/python3.7/site-packages/airflow/example_dags/example_time_delta_sensor_async.py for tasks to queue
[2022-04-13 08:57:32,596] {logging_mixin.py:109} INFO - [2022-04-13 08:57:32,596] {dagbag.py:500} INFO - Filling up the DagBag from /home/airflow/.local/lib/python3.7/site-packages/airflow/example_dags/example_time_delta_sensor_async.py
[2022-04-13 08:57:32,610] {processor.py:652} INFO - DAG(s) dict_keys(['example_time_delta_sensor_async']) retrieved from /home/airflow/.local/lib/python3.7/site-packages/airflow/example_dags/example_time_delta_sensor_async.py
[2022-04-13 08:57:32,630] {logging_mixin.py:109} INFO - [2022-04-13 08:57:32,630] {dag.py:2398} INFO - Sync 1 DAGs
[2022-04-13 08:57:32,646] {logging_mixin.py:109} INFO - [2022-04-13 08:57:32,646] {dag.py:2937} INFO - Setting next_dagrun for example_time_delta_sensor_async to None
[2022-04-13 08:57:32,659] {processor.py:171} INFO - Processing /home/airflow/.local/lib/python3.7/site-packages/airflow/example_dags/example_time_delta_sensor_async.py took 0.077 seconds
[2022-04-13 08:58:02,704] {processor.py:163} INFO - Started process (PID=455) to work on /home/airflow/.local/lib/python3.7/site-packages/airflow/example_dags/example_time_delta_sensor_async.py
[2022-04-13 08:58:02,705] {processor.py:642} INFO - Processing file /home/airflow/.local/lib/python3.7/site-packages/airflow/example_dags/example_time_delta_sensor_async.py for tasks to queue
[2022-04-13 08:58:02,705] {logging_mixin.py:109} INFO - [2022-04-13 08:58:02,705] {dagbag.py:500} INFO - Filling up the DagBag from /home/airflow/.local/lib/python3.7/site-packages/airflow/example_dags/example_time_delta_sensor_async.py
[2022-04-13 08:58:02,719] {processor.py:652} INFO - DAG(s) dict_keys(['example_time_delta_sensor_async']) retrieved from /home/airflow/.local/lib/python3.7/site-packages/airflow/example_dags/example_time_delta_sensor_async.py
[2022-04-13 08:58:02,741] {logging_mixin.py:109} INFO - [2022-04-13 08:58:02,741] {dag.py:2398} INFO - Sync 1 DAGs
[2022-04-13 08:58:02,757] {logging_mixin.py:109} INFO - [2022-04-13 08:58:02,757] {dag.py:2937} INFO - Setting next_dagrun for example_time_delta_sensor_async to None
[2022-04-13 08:58:02,771] {processor.py:171} INFO - Processing /home/airflow/.local/lib/python3.7/site-packages/airflow/example_dags/example_time_delta_sensor_async.py took 0.069 seconds
[2022-04-13 08:58:33,852] {processor.py:163} INFO - Started process (PID=506) to work on /home/airflow/.local/lib/python3.7/site-packages/airflow/example_dags/example_time_delta_sensor_async.py
[2022-04-13 08:58:33,853] {processor.py:642} INFO - Processing file /home/airflow/.local/lib/python3.7/site-packages/airflow/example_dags/example_time_delta_sensor_async.py for tasks to queue
[2022-04-13 08:58:33,854] {logging_mixin.py:109} INFO - [2022-04-13 08:58:33,854] {dagbag.py:500} INFO - Filling up the DagBag from /home/airflow/.local/lib/python3.7/site-packages/airflow/example_dags/example_time_delta_sensor_async.py
[2022-04-13 08:58:33,870] {processor.py:652} INFO - DAG(s) dict_keys(['example_time_delta_sensor_async']) retrieved from /home/airflow/.local/lib/python3.7/site-packages/airflow/example_dags/example_time_delta_sensor_async.py
[2022-04-13 08:58:33,892] {logging_mixin.py:109} INFO - [2022-04-13 08:58:33,892] {dag.py:2398} INFO - Sync 1 DAGs
[2022-04-13 08:58:33,912] {logging_mixin.py:109} INFO - [2022-04-13 08:58:33,912] {dag.py:2937} INFO - Setting next_dagrun for example_time_delta_sensor_async to None
[2022-04-13 08:58:33,923] {processor.py:171} INFO - Processing /home/airflow/.local/lib/python3.7/site-packages/airflow/example_dags/example_time_delta_sensor_async.py took 0.074 seconds
[2022-04-13 08:59:04,971] {processor.py:163} INFO - Started process (PID=567) to work on /home/airflow/.local/lib/python3.7/site-packages/airflow/example_dags/example_time_delta_sensor_async.py
[2022-04-13 08:59:04,972] {processor.py:642} INFO - Processing file /home/airflow/.local/lib/python3.7/site-packages/airflow/example_dags/example_time_delta_sensor_async.py for tasks to queue
[2022-04-13 08:59:04,973] {logging_mixin.py:109} INFO - [2022-04-13 08:59:04,973] {dagbag.py:500} INFO - Filling up the DagBag from /home/airflow/.local/lib/python3.7/site-packages/airflow/example_dags/example_time_delta_sensor_async.py
[2022-04-13 08:59:04,997] {processor.py:652} INFO - DAG(s) dict_keys(['example_time_delta_sensor_async']) retrieved from /home/airflow/.local/lib/python3.7/site-packages/airflow/example_dags/example_time_delta_sensor_async.py
[2022-04-13 08:59:05,030] {logging_mixin.py:109} INFO - [2022-04-13 08:59:05,030] {dag.py:2398} INFO - Sync 1 DAGs
[2022-04-13 08:59:05,061] {logging_mixin.py:109} INFO - [2022-04-13 08:59:05,061] {dag.py:2937} INFO - Setting next_dagrun for example_time_delta_sensor_async to None
[2022-04-13 08:59:05,082] {processor.py:171} INFO - Processing /home/airflow/.local/lib/python3.7/site-packages/airflow/example_dags/example_time_delta_sensor_async.py took 0.115 seconds
[2022-04-13 08:59:35,695] {processor.py:163} INFO - Started process (PID=619) to work on /home/airflow/.local/lib/python3.7/site-packages/airflow/example_dags/example_time_delta_sensor_async.py
[2022-04-13 08:59:35,697] {processor.py:642} INFO - Processing file /home/airflow/.local/lib/python3.7/site-packages/airflow/example_dags/example_time_delta_sensor_async.py for tasks to queue
[2022-04-13 08:59:35,698] {logging_mixin.py:109} INFO - [2022-04-13 08:59:35,698] {dagbag.py:500} INFO - Filling up the DagBag from /home/airflow/.local/lib/python3.7/site-packages/airflow/example_dags/example_time_delta_sensor_async.py
[2022-04-13 08:59:35,716] {processor.py:652} INFO - DAG(s) dict_keys(['example_time_delta_sensor_async']) retrieved from /home/airflow/.local/lib/python3.7/site-packages/airflow/example_dags/example_time_delta_sensor_async.py
[2022-04-13 08:59:35,738] {logging_mixin.py:109} INFO - [2022-04-13 08:59:35,738] {dag.py:2398} INFO - Sync 1 DAGs
[2022-04-13 08:59:35,756] {logging_mixin.py:109} INFO - [2022-04-13 08:59:35,755] {dag.py:2937} INFO - Setting next_dagrun for example_time_delta_sensor_async to None
[2022-04-13 08:59:35,769] {processor.py:171} INFO - Processing /home/airflow/.local/lib/python3.7/site-packages/airflow/example_dags/example_time_delta_sensor_async.py took 0.077 seconds
[2022-04-13 09:00:06,298] {processor.py:163} INFO - Started process (PID=669) to work on /home/airflow/.local/lib/python3.7/site-packages/airflow/example_dags/example_time_delta_sensor_async.py
[2022-04-13 09:00:06,300] {processor.py:642} INFO - Processing file /home/airflow/.local/lib/python3.7/site-packages/airflow/example_dags/example_time_delta_sensor_async.py for tasks to queue
[2022-04-13 09:00:06,301] {logging_mixin.py:109} INFO - [2022-04-13 09:00:06,301] {dagbag.py:500} INFO - Filling up the DagBag from /home/airflow/.local/lib/python3.7/site-packages/airflow/example_dags/example_time_delta_sensor_async.py
[2022-04-13 09:00:06,319] {processor.py:652} INFO - DAG(s) dict_keys(['example_time_delta_sensor_async']) retrieved from /home/airflow/.local/lib/python3.7/site-packages/airflow/example_dags/example_time_delta_sensor_async.py
[2022-04-13 09:00:06,343] {logging_mixin.py:109} INFO - [2022-04-13 09:00:06,342] {dag.py:2398} INFO - Sync 1 DAGs
[2022-04-13 09:00:06,361] {logging_mixin.py:109} INFO - [2022-04-13 09:00:06,361] {dag.py:2937} INFO - Setting next_dagrun for example_time_delta_sensor_async to None
[2022-04-13 09:00:06,375] {processor.py:171} INFO - Processing /home/airflow/.local/lib/python3.7/site-packages/airflow/example_dags/example_time_delta_sensor_async.py took 0.080 seconds
[2022-04-13 09:00:37,017] {processor.py:163} INFO - Started process (PID=721) to work on /home/airflow/.local/lib/python3.7/site-packages/airflow/example_dags/example_time_delta_sensor_async.py
[2022-04-13 09:00:37,018] {processor.py:642} INFO - Processing file /home/airflow/.local/lib/python3.7/site-packages/airflow/example_dags/example_time_delta_sensor_async.py for tasks to queue
[2022-04-13 09:00:37,018] {logging_mixin.py:109} INFO - [2022-04-13 09:00:37,018] {dagbag.py:500} INFO - Filling up the DagBag from /home/airflow/.local/lib/python3.7/site-packages/airflow/example_dags/example_time_delta_sensor_async.py
[2022-04-13 09:00:37,035] {processor.py:652} INFO - DAG(s) dict_keys(['example_time_delta_sensor_async']) retrieved from /home/airflow/.local/lib/python3.7/site-packages/airflow/example_dags/example_time_delta_sensor_async.py
[2022-04-13 09:00:37,065] {logging_mixin.py:109} INFO - [2022-04-13 09:00:37,064] {dag.py:2398} INFO - Sync 1 DAGs
[2022-04-13 09:00:37,087] {logging_mixin.py:109} INFO - [2022-04-13 09:00:37,086] {dag.py:2937} INFO - Setting next_dagrun for example_time_delta_sensor_async to None
[2022-04-13 09:00:37,107] {processor.py:171} INFO - Processing /home/airflow/.local/lib/python3.7/site-packages/airflow/example_dags/example_time_delta_sensor_async.py took 0.095 seconds
[2022-04-13 09:01:07,618] {processor.py:163} INFO - Started process (PID=781) to work on /home/airflow/.local/lib/python3.7/site-packages/airflow/example_dags/example_time_delta_sensor_async.py
[2022-04-13 09:01:07,620] {processor.py:642} INFO - Processing file /home/airflow/.local/lib/python3.7/site-packages/airflow/example_dags/example_time_delta_sensor_async.py for tasks to queue
[2022-04-13 09:01:07,621] {logging_mixin.py:109} INFO - [2022-04-13 09:01:07,620] {dagbag.py:500} INFO - Filling up the DagBag from /home/airflow/.local/lib/python3.7/site-packages/airflow/example_dags/example_time_delta_sensor_async.py
[2022-04-13 09:01:07,638] {processor.py:652} INFO - DAG(s) dict_keys(['example_time_delta_sensor_async']) retrieved from /home/airflow/.local/lib/python3.7/site-packages/airflow/example_dags/example_time_delta_sensor_async.py
[2022-04-13 09:01:07,670] {logging_mixin.py:109} INFO - [2022-04-13 09:01:07,670] {dag.py:2398} INFO - Sync 1 DAGs
[2022-04-13 09:01:07,693] {logging_mixin.py:109} INFO - [2022-04-13 09:01:07,693] {dag.py:2937} INFO - Setting next_dagrun for example_time_delta_sensor_async to None
[2022-04-13 09:01:07,712] {processor.py:171} INFO - Processing /home/airflow/.local/lib/python3.7/site-packages/airflow/example_dags/example_time_delta_sensor_async.py took 0.097 seconds
[2022-04-13 09:01:38,929] {processor.py:163} INFO - Started process (PID=833) to work on /home/airflow/.local/lib/python3.7/site-packages/airflow/example_dags/example_time_delta_sensor_async.py
[2022-04-13 09:01:38,930] {processor.py:642} INFO - Processing file /home/airflow/.local/lib/python3.7/site-packages/airflow/example_dags/example_time_delta_sensor_async.py for tasks to queue
[2022-04-13 09:01:38,931] {logging_mixin.py:109} INFO - [2022-04-13 09:01:38,930] {dagbag.py:500} INFO - Filling up the DagBag from /home/airflow/.local/lib/python3.7/site-packages/airflow/example_dags/example_time_delta_sensor_async.py
[2022-04-13 09:01:38,946] {processor.py:652} INFO - DAG(s) dict_keys(['example_time_delta_sensor_async']) retrieved from /home/airflow/.local/lib/python3.7/site-packages/airflow/example_dags/example_time_delta_sensor_async.py
[2022-04-13 09:01:38,970] {logging_mixin.py:109} INFO - [2022-04-13 09:01:38,969] {dag.py:2398} INFO - Sync 1 DAGs
[2022-04-13 09:01:38,989] {logging_mixin.py:109} INFO - [2022-04-13 09:01:38,989] {dag.py:2937} INFO - Setting next_dagrun for example_time_delta_sensor_async to None
[2022-04-13 09:01:39,002] {processor.py:171} INFO - Processing /home/airflow/.local/lib/python3.7/site-packages/airflow/example_dags/example_time_delta_sensor_async.py took 0.075 seconds
[2022-04-13 09:02:09,977] {processor.py:163} INFO - Started process (PID=884) to work on /home/airflow/.local/lib/python3.7/site-packages/airflow/example_dags/example_time_delta_sensor_async.py
[2022-04-13 09:02:09,979] {processor.py:642} INFO - Processing file /home/airflow/.local/lib/python3.7/site-packages/airflow/example_dags/example_time_delta_sensor_async.py for tasks to queue
[2022-04-13 09:02:09,980] {logging_mixin.py:109} INFO - [2022-04-13 09:02:09,979] {dagbag.py:500} INFO - Filling up the DagBag from /home/airflow/.local/lib/python3.7/site-packages/airflow/example_dags/example_time_delta_sensor_async.py
[2022-04-13 09:02:09,996] {processor.py:652} INFO - DAG(s) dict_keys(['example_time_delta_sensor_async']) retrieved from /home/airflow/.local/lib/python3.7/site-packages/airflow/example_dags/example_time_delta_sensor_async.py
[2022-04-13 09:02:10,032] {logging_mixin.py:109} INFO - [2022-04-13 09:02:10,032] {dag.py:2398} INFO - Sync 1 DAGs
[2022-04-13 09:02:10,066] {logging_mixin.py:109} INFO - [2022-04-13 09:02:10,066] {dag.py:2937} INFO - Setting next_dagrun for example_time_delta_sensor_async to None
[2022-04-13 09:02:10,088] {processor.py:171} INFO - Processing /home/airflow/.local/lib/python3.7/site-packages/airflow/example_dags/example_time_delta_sensor_async.py took 0.114 seconds
[2022-04-13 09:02:40,939] {processor.py:163} INFO - Started process (PID=946) to work on /home/airflow/.local/lib/python3.7/site-packages/airflow/example_dags/example_time_delta_sensor_async.py
[2022-04-13 09:02:40,940] {processor.py:642} INFO - Processing file /home/airflow/.local/lib/python3.7/site-packages/airflow/example_dags/example_time_delta_sensor_async.py for tasks to queue
[2022-04-13 09:02:40,941] {logging_mixin.py:109} INFO - [2022-04-13 09:02:40,941] {dagbag.py:500} INFO - Filling up the DagBag from /home/airflow/.local/lib/python3.7/site-packages/airflow/example_dags/example_time_delta_sensor_async.py
[2022-04-13 09:02:40,954] {processor.py:652} INFO - DAG(s) dict_keys(['example_time_delta_sensor_async']) retrieved from /home/airflow/.local/lib/python3.7/site-packages/airflow/example_dags/example_time_delta_sensor_async.py
[2022-04-13 09:02:40,976] {logging_mixin.py:109} INFO - [2022-04-13 09:02:40,976] {dag.py:2398} INFO - Sync 1 DAGs
[2022-04-13 09:02:40,992] {logging_mixin.py:109} INFO - [2022-04-13 09:02:40,992] {dag.py:2937} INFO - Setting next_dagrun for example_time_delta_sensor_async to None
[2022-04-13 09:02:41,002] {processor.py:171} INFO - Processing /home/airflow/.local/lib/python3.7/site-packages/airflow/example_dags/example_time_delta_sensor_async.py took 0.065 seconds
[2022-04-13 09:03:12,421] {processor.py:163} INFO - Started process (PID=996) to work on /home/airflow/.local/lib/python3.7/site-packages/airflow/example_dags/example_time_delta_sensor_async.py
[2022-04-13 09:03:12,424] {processor.py:642} INFO - Processing file /home/airflow/.local/lib/python3.7/site-packages/airflow/example_dags/example_time_delta_sensor_async.py for tasks to queue
[2022-04-13 09:03:12,425] {logging_mixin.py:109} INFO - [2022-04-13 09:03:12,425] {dagbag.py:500} INFO - Filling up the DagBag from /home/airflow/.local/lib/python3.7/site-packages/airflow/example_dags/example_time_delta_sensor_async.py
[2022-04-13 09:03:12,451] {processor.py:652} INFO - DAG(s) dict_keys(['example_time_delta_sensor_async']) retrieved from /home/airflow/.local/lib/python3.7/site-packages/airflow/example_dags/example_time_delta_sensor_async.py
[2022-04-13 09:03:12,484] {logging_mixin.py:109} INFO - [2022-04-13 09:03:12,483] {dag.py:2398} INFO - Sync 1 DAGs
[2022-04-13 09:03:12,509] {logging_mixin.py:109} INFO - [2022-04-13 09:03:12,508] {dag.py:2937} INFO - Setting next_dagrun for example_time_delta_sensor_async to None
[2022-04-13 09:03:12,531] {processor.py:171} INFO - Processing /home/airflow/.local/lib/python3.7/site-packages/airflow/example_dags/example_time_delta_sensor_async.py took 0.115 seconds
[2022-04-13 09:05:52,225] {processor.py:163} INFO - Started process (PID=58) to work on /home/airflow/.local/lib/python3.7/site-packages/airflow/example_dags/example_time_delta_sensor_async.py
[2022-04-13 09:05:52,227] {processor.py:642} INFO - Processing file /home/airflow/.local/lib/python3.7/site-packages/airflow/example_dags/example_time_delta_sensor_async.py for tasks to queue
[2022-04-13 09:05:52,228] {logging_mixin.py:109} INFO - [2022-04-13 09:05:52,228] {dagbag.py:500} INFO - Filling up the DagBag from /home/airflow/.local/lib/python3.7/site-packages/airflow/example_dags/example_time_delta_sensor_async.py
[2022-04-13 09:05:52,243] {processor.py:652} INFO - DAG(s) dict_keys(['example_time_delta_sensor_async']) retrieved from /home/airflow/.local/lib/python3.7/site-packages/airflow/example_dags/example_time_delta_sensor_async.py
[2022-04-13 09:05:52,272] {logging_mixin.py:109} INFO - [2022-04-13 09:05:52,272] {dag.py:2398} INFO - Sync 1 DAGs
[2022-04-13 09:05:52,289] {logging_mixin.py:109} INFO - [2022-04-13 09:05:52,289] {dag.py:2937} INFO - Setting next_dagrun for example_time_delta_sensor_async to None
[2022-04-13 09:05:52,306] {processor.py:171} INFO - Processing /home/airflow/.local/lib/python3.7/site-packages/airflow/example_dags/example_time_delta_sensor_async.py took 0.083 seconds
[2022-04-13 09:06:23,146] {processor.py:163} INFO - Started process (PID=109) to work on /home/airflow/.local/lib/python3.7/site-packages/airflow/example_dags/example_time_delta_sensor_async.py
[2022-04-13 09:06:23,147] {processor.py:642} INFO - Processing file /home/airflow/.local/lib/python3.7/site-packages/airflow/example_dags/example_time_delta_sensor_async.py for tasks to queue
[2022-04-13 09:06:23,148] {logging_mixin.py:109} INFO - [2022-04-13 09:06:23,148] {dagbag.py:500} INFO - Filling up the DagBag from /home/airflow/.local/lib/python3.7/site-packages/airflow/example_dags/example_time_delta_sensor_async.py
[2022-04-13 09:06:23,161] {processor.py:652} INFO - DAG(s) dict_keys(['example_time_delta_sensor_async']) retrieved from /home/airflow/.local/lib/python3.7/site-packages/airflow/example_dags/example_time_delta_sensor_async.py
[2022-04-13 09:06:23,183] {logging_mixin.py:109} INFO - [2022-04-13 09:06:23,183] {dag.py:2398} INFO - Sync 1 DAGs
[2022-04-13 09:06:23,200] {logging_mixin.py:109} INFO - [2022-04-13 09:06:23,200] {dag.py:2937} INFO - Setting next_dagrun for example_time_delta_sensor_async to None
[2022-04-13 09:06:23,213] {processor.py:171} INFO - Processing /home/airflow/.local/lib/python3.7/site-packages/airflow/example_dags/example_time_delta_sensor_async.py took 0.070 seconds
[2022-04-13 09:06:53,823] {processor.py:163} INFO - Started process (PID=170) to work on /home/airflow/.local/lib/python3.7/site-packages/airflow/example_dags/example_time_delta_sensor_async.py
[2022-04-13 09:06:53,824] {processor.py:642} INFO - Processing file /home/airflow/.local/lib/python3.7/site-packages/airflow/example_dags/example_time_delta_sensor_async.py for tasks to queue
[2022-04-13 09:06:53,824] {logging_mixin.py:109} INFO - [2022-04-13 09:06:53,824] {dagbag.py:500} INFO - Filling up the DagBag from /home/airflow/.local/lib/python3.7/site-packages/airflow/example_dags/example_time_delta_sensor_async.py
[2022-04-13 09:06:53,837] {processor.py:652} INFO - DAG(s) dict_keys(['example_time_delta_sensor_async']) retrieved from /home/airflow/.local/lib/python3.7/site-packages/airflow/example_dags/example_time_delta_sensor_async.py
[2022-04-13 09:06:53,855] {logging_mixin.py:109} INFO - [2022-04-13 09:06:53,855] {dag.py:2398} INFO - Sync 1 DAGs
[2022-04-13 09:06:53,875] {logging_mixin.py:109} INFO - [2022-04-13 09:06:53,875] {dag.py:2937} INFO - Setting next_dagrun for example_time_delta_sensor_async to None
[2022-04-13 09:06:53,890] {processor.py:171} INFO - Processing /home/airflow/.local/lib/python3.7/site-packages/airflow/example_dags/example_time_delta_sensor_async.py took 0.069 seconds
[2022-04-13 09:07:24,333] {processor.py:163} INFO - Started process (PID=221) to work on /home/airflow/.local/lib/python3.7/site-packages/airflow/example_dags/example_time_delta_sensor_async.py
[2022-04-13 09:07:24,334] {processor.py:642} INFO - Processing file /home/airflow/.local/lib/python3.7/site-packages/airflow/example_dags/example_time_delta_sensor_async.py for tasks to queue
[2022-04-13 09:07:24,335] {logging_mixin.py:109} INFO - [2022-04-13 09:07:24,334] {dagbag.py:500} INFO - Filling up the DagBag from /home/airflow/.local/lib/python3.7/site-packages/airflow/example_dags/example_time_delta_sensor_async.py
[2022-04-13 09:07:24,355] {processor.py:652} INFO - DAG(s) dict_keys(['example_time_delta_sensor_async']) retrieved from /home/airflow/.local/lib/python3.7/site-packages/airflow/example_dags/example_time_delta_sensor_async.py
[2022-04-13 09:07:24,378] {logging_mixin.py:109} INFO - [2022-04-13 09:07:24,378] {dag.py:2398} INFO - Sync 1 DAGs
[2022-04-13 09:07:24,399] {logging_mixin.py:109} INFO - [2022-04-13 09:07:24,399] {dag.py:2937} INFO - Setting next_dagrun for example_time_delta_sensor_async to None
[2022-04-13 09:07:24,413] {processor.py:171} INFO - Processing /home/airflow/.local/lib/python3.7/site-packages/airflow/example_dags/example_time_delta_sensor_async.py took 0.084 seconds
[2022-04-13 09:07:54,615] {processor.py:163} INFO - Started process (PID=271) to work on /home/airflow/.local/lib/python3.7/site-packages/airflow/example_dags/example_time_delta_sensor_async.py
[2022-04-13 09:07:54,616] {processor.py:642} INFO - Processing file /home/airflow/.local/lib/python3.7/site-packages/airflow/example_dags/example_time_delta_sensor_async.py for tasks to queue
[2022-04-13 09:07:54,617] {logging_mixin.py:109} INFO - [2022-04-13 09:07:54,617] {dagbag.py:500} INFO - Filling up the DagBag from /home/airflow/.local/lib/python3.7/site-packages/airflow/example_dags/example_time_delta_sensor_async.py
[2022-04-13 09:07:54,631] {processor.py:652} INFO - DAG(s) dict_keys(['example_time_delta_sensor_async']) retrieved from /home/airflow/.local/lib/python3.7/site-packages/airflow/example_dags/example_time_delta_sensor_async.py
[2022-04-13 09:07:54,651] {logging_mixin.py:109} INFO - [2022-04-13 09:07:54,650] {dag.py:2398} INFO - Sync 1 DAGs
[2022-04-13 09:07:54,667] {logging_mixin.py:109} INFO - [2022-04-13 09:07:54,667] {dag.py:2937} INFO - Setting next_dagrun for example_time_delta_sensor_async to None
[2022-04-13 09:07:54,678] {processor.py:171} INFO - Processing /home/airflow/.local/lib/python3.7/site-packages/airflow/example_dags/example_time_delta_sensor_async.py took 0.064 seconds
[2022-04-13 09:08:26,579] {processor.py:163} INFO - Started process (PID=332) to work on /home/airflow/.local/lib/python3.7/site-packages/airflow/example_dags/example_time_delta_sensor_async.py
[2022-04-13 09:08:26,581] {processor.py:642} INFO - Processing file /home/airflow/.local/lib/python3.7/site-packages/airflow/example_dags/example_time_delta_sensor_async.py for tasks to queue
[2022-04-13 09:08:26,582] {logging_mixin.py:109} INFO - [2022-04-13 09:08:26,582] {dagbag.py:500} INFO - Filling up the DagBag from /home/airflow/.local/lib/python3.7/site-packages/airflow/example_dags/example_time_delta_sensor_async.py
[2022-04-13 09:08:26,625] {processor.py:652} INFO - DAG(s) dict_keys(['example_time_delta_sensor_async']) retrieved from /home/airflow/.local/lib/python3.7/site-packages/airflow/example_dags/example_time_delta_sensor_async.py
[2022-04-13 09:08:26,723] {logging_mixin.py:109} INFO - [2022-04-13 09:08:26,722] {dag.py:2398} INFO - Sync 1 DAGs
[2022-04-13 09:08:26,755] {logging_mixin.py:109} INFO - [2022-04-13 09:08:26,755] {dag.py:2937} INFO - Setting next_dagrun for example_time_delta_sensor_async to None
[2022-04-13 09:08:26,777] {processor.py:171} INFO - Processing /home/airflow/.local/lib/python3.7/site-packages/airflow/example_dags/example_time_delta_sensor_async.py took 0.202 seconds
[2022-04-13 09:08:56,998] {processor.py:163} INFO - Started process (PID=384) to work on /home/airflow/.local/lib/python3.7/site-packages/airflow/example_dags/example_time_delta_sensor_async.py
[2022-04-13 09:08:56,999] {processor.py:642} INFO - Processing file /home/airflow/.local/lib/python3.7/site-packages/airflow/example_dags/example_time_delta_sensor_async.py for tasks to queue
[2022-04-13 09:08:57,000] {logging_mixin.py:109} INFO - [2022-04-13 09:08:57,000] {dagbag.py:500} INFO - Filling up the DagBag from /home/airflow/.local/lib/python3.7/site-packages/airflow/example_dags/example_time_delta_sensor_async.py
[2022-04-13 09:08:57,020] {processor.py:652} INFO - DAG(s) dict_keys(['example_time_delta_sensor_async']) retrieved from /home/airflow/.local/lib/python3.7/site-packages/airflow/example_dags/example_time_delta_sensor_async.py
[2022-04-13 09:08:57,044] {logging_mixin.py:109} INFO - [2022-04-13 09:08:57,043] {dag.py:2398} INFO - Sync 1 DAGs
[2022-04-13 09:08:57,068] {logging_mixin.py:109} INFO - [2022-04-13 09:08:57,068] {dag.py:2937} INFO - Setting next_dagrun for example_time_delta_sensor_async to None
[2022-04-13 09:08:57,094] {processor.py:171} INFO - Processing /home/airflow/.local/lib/python3.7/site-packages/airflow/example_dags/example_time_delta_sensor_async.py took 0.100 seconds
[2022-04-13 09:09:28,673] {processor.py:163} INFO - Started process (PID=445) to work on /home/airflow/.local/lib/python3.7/site-packages/airflow/example_dags/example_time_delta_sensor_async.py
[2022-04-13 09:09:28,674] {processor.py:642} INFO - Processing file /home/airflow/.local/lib/python3.7/site-packages/airflow/example_dags/example_time_delta_sensor_async.py for tasks to queue
[2022-04-13 09:09:28,675] {logging_mixin.py:109} INFO - [2022-04-13 09:09:28,675] {dagbag.py:500} INFO - Filling up the DagBag from /home/airflow/.local/lib/python3.7/site-packages/airflow/example_dags/example_time_delta_sensor_async.py
[2022-04-13 09:09:28,691] {processor.py:652} INFO - DAG(s) dict_keys(['example_time_delta_sensor_async']) retrieved from /home/airflow/.local/lib/python3.7/site-packages/airflow/example_dags/example_time_delta_sensor_async.py
[2022-04-13 09:09:28,775] {logging_mixin.py:109} INFO - [2022-04-13 09:09:28,775] {dag.py:2398} INFO - Sync 1 DAGs
[2022-04-13 09:09:28,800] {logging_mixin.py:109} INFO - [2022-04-13 09:09:28,800] {dag.py:2937} INFO - Setting next_dagrun for example_time_delta_sensor_async to None
[2022-04-13 09:09:28,816] {processor.py:171} INFO - Processing /home/airflow/.local/lib/python3.7/site-packages/airflow/example_dags/example_time_delta_sensor_async.py took 0.146 seconds
[2022-04-13 09:09:59,786] {processor.py:163} INFO - Started process (PID=496) to work on /home/airflow/.local/lib/python3.7/site-packages/airflow/example_dags/example_time_delta_sensor_async.py
[2022-04-13 09:09:59,787] {processor.py:642} INFO - Processing file /home/airflow/.local/lib/python3.7/site-packages/airflow/example_dags/example_time_delta_sensor_async.py for tasks to queue
[2022-04-13 09:09:59,788] {logging_mixin.py:109} INFO - [2022-04-13 09:09:59,788] {dagbag.py:500} INFO - Filling up the DagBag from /home/airflow/.local/lib/python3.7/site-packages/airflow/example_dags/example_time_delta_sensor_async.py
[2022-04-13 09:09:59,813] {processor.py:652} INFO - DAG(s) dict_keys(['example_time_delta_sensor_async']) retrieved from /home/airflow/.local/lib/python3.7/site-packages/airflow/example_dags/example_time_delta_sensor_async.py
[2022-04-13 09:09:59,843] {logging_mixin.py:109} INFO - [2022-04-13 09:09:59,843] {dag.py:2398} INFO - Sync 1 DAGs
[2022-04-13 09:09:59,867] {logging_mixin.py:109} INFO - [2022-04-13 09:09:59,867] {dag.py:2937} INFO - Setting next_dagrun for example_time_delta_sensor_async to None
[2022-04-13 09:09:59,880] {processor.py:171} INFO - Processing /home/airflow/.local/lib/python3.7/site-packages/airflow/example_dags/example_time_delta_sensor_async.py took 0.098 seconds
[2022-04-13 09:10:31,242] {processor.py:163} INFO - Started process (PID=557) to work on /home/airflow/.local/lib/python3.7/site-packages/airflow/example_dags/example_time_delta_sensor_async.py
[2022-04-13 09:10:31,244] {processor.py:642} INFO - Processing file /home/airflow/.local/lib/python3.7/site-packages/airflow/example_dags/example_time_delta_sensor_async.py for tasks to queue
[2022-04-13 09:10:31,245] {logging_mixin.py:109} INFO - [2022-04-13 09:10:31,245] {dagbag.py:500} INFO - Filling up the DagBag from /home/airflow/.local/lib/python3.7/site-packages/airflow/example_dags/example_time_delta_sensor_async.py
[2022-04-13 09:10:31,260] {processor.py:652} INFO - DAG(s) dict_keys(['example_time_delta_sensor_async']) retrieved from /home/airflow/.local/lib/python3.7/site-packages/airflow/example_dags/example_time_delta_sensor_async.py
[2022-04-13 09:10:31,290] {logging_mixin.py:109} INFO - [2022-04-13 09:10:31,290] {dag.py:2398} INFO - Sync 1 DAGs
[2022-04-13 09:10:31,314] {logging_mixin.py:109} INFO - [2022-04-13 09:10:31,314] {dag.py:2937} INFO - Setting next_dagrun for example_time_delta_sensor_async to None
[2022-04-13 09:10:31,333] {processor.py:171} INFO - Processing /home/airflow/.local/lib/python3.7/site-packages/airflow/example_dags/example_time_delta_sensor_async.py took 0.094 seconds
[2022-04-13 09:11:02,256] {processor.py:163} INFO - Started process (PID=608) to work on /home/airflow/.local/lib/python3.7/site-packages/airflow/example_dags/example_time_delta_sensor_async.py
[2022-04-13 09:11:02,257] {processor.py:642} INFO - Processing file /home/airflow/.local/lib/python3.7/site-packages/airflow/example_dags/example_time_delta_sensor_async.py for tasks to queue
[2022-04-13 09:11:02,258] {logging_mixin.py:109} INFO - [2022-04-13 09:11:02,258] {dagbag.py:500} INFO - Filling up the DagBag from /home/airflow/.local/lib/python3.7/site-packages/airflow/example_dags/example_time_delta_sensor_async.py
[2022-04-13 09:11:02,274] {processor.py:652} INFO - DAG(s) dict_keys(['example_time_delta_sensor_async']) retrieved from /home/airflow/.local/lib/python3.7/site-packages/airflow/example_dags/example_time_delta_sensor_async.py
[2022-04-13 09:11:02,309] {logging_mixin.py:109} INFO - [2022-04-13 09:11:02,308] {dag.py:2398} INFO - Sync 1 DAGs
[2022-04-13 09:11:02,337] {logging_mixin.py:109} INFO - [2022-04-13 09:11:02,337] {dag.py:2937} INFO - Setting next_dagrun for example_time_delta_sensor_async to None
[2022-04-13 09:11:02,353] {processor.py:171} INFO - Processing /home/airflow/.local/lib/python3.7/site-packages/airflow/example_dags/example_time_delta_sensor_async.py took 0.100 seconds
[2022-04-13 09:11:32,947] {processor.py:163} INFO - Started process (PID=658) to work on /home/airflow/.local/lib/python3.7/site-packages/airflow/example_dags/example_time_delta_sensor_async.py
[2022-04-13 09:11:32,949] {processor.py:642} INFO - Processing file /home/airflow/.local/lib/python3.7/site-packages/airflow/example_dags/example_time_delta_sensor_async.py for tasks to queue
[2022-04-13 09:11:32,950] {logging_mixin.py:109} INFO - [2022-04-13 09:11:32,950] {dagbag.py:500} INFO - Filling up the DagBag from /home/airflow/.local/lib/python3.7/site-packages/airflow/example_dags/example_time_delta_sensor_async.py
[2022-04-13 09:11:32,964] {processor.py:652} INFO - DAG(s) dict_keys(['example_time_delta_sensor_async']) retrieved from /home/airflow/.local/lib/python3.7/site-packages/airflow/example_dags/example_time_delta_sensor_async.py
[2022-04-13 09:11:32,998] {logging_mixin.py:109} INFO - [2022-04-13 09:11:32,997] {dag.py:2398} INFO - Sync 1 DAGs
[2022-04-13 09:11:33,019] {logging_mixin.py:109} INFO - [2022-04-13 09:11:33,019] {dag.py:2937} INFO - Setting next_dagrun for example_time_delta_sensor_async to None
[2022-04-13 09:11:33,036] {processor.py:171} INFO - Processing /home/airflow/.local/lib/python3.7/site-packages/airflow/example_dags/example_time_delta_sensor_async.py took 0.091 seconds
[2022-04-13 09:12:04,277] {processor.py:163} INFO - Started process (PID=719) to work on /home/airflow/.local/lib/python3.7/site-packages/airflow/example_dags/example_time_delta_sensor_async.py
[2022-04-13 09:12:04,278] {processor.py:642} INFO - Processing file /home/airflow/.local/lib/python3.7/site-packages/airflow/example_dags/example_time_delta_sensor_async.py for tasks to queue
[2022-04-13 09:12:04,278] {logging_mixin.py:109} INFO - [2022-04-13 09:12:04,278] {dagbag.py:500} INFO - Filling up the DagBag from /home/airflow/.local/lib/python3.7/site-packages/airflow/example_dags/example_time_delta_sensor_async.py
[2022-04-13 09:12:04,291] {processor.py:652} INFO - DAG(s) dict_keys(['example_time_delta_sensor_async']) retrieved from /home/airflow/.local/lib/python3.7/site-packages/airflow/example_dags/example_time_delta_sensor_async.py
[2022-04-13 09:12:04,314] {logging_mixin.py:109} INFO - [2022-04-13 09:12:04,313] {dag.py:2398} INFO - Sync 1 DAGs
[2022-04-13 09:12:04,333] {logging_mixin.py:109} INFO - [2022-04-13 09:12:04,333] {dag.py:2937} INFO - Setting next_dagrun for example_time_delta_sensor_async to None
[2022-04-13 09:12:04,348] {processor.py:171} INFO - Processing /home/airflow/.local/lib/python3.7/site-packages/airflow/example_dags/example_time_delta_sensor_async.py took 0.073 seconds
[2022-04-13 09:12:35,647] {processor.py:163} INFO - Started process (PID=771) to work on /home/airflow/.local/lib/python3.7/site-packages/airflow/example_dags/example_time_delta_sensor_async.py
[2022-04-13 09:12:35,649] {processor.py:642} INFO - Processing file /home/airflow/.local/lib/python3.7/site-packages/airflow/example_dags/example_time_delta_sensor_async.py for tasks to queue
[2022-04-13 09:12:35,650] {logging_mixin.py:109} INFO - [2022-04-13 09:12:35,650] {dagbag.py:500} INFO - Filling up the DagBag from /home/airflow/.local/lib/python3.7/site-packages/airflow/example_dags/example_time_delta_sensor_async.py
[2022-04-13 09:12:35,664] {processor.py:652} INFO - DAG(s) dict_keys(['example_time_delta_sensor_async']) retrieved from /home/airflow/.local/lib/python3.7/site-packages/airflow/example_dags/example_time_delta_sensor_async.py
[2022-04-13 09:12:35,686] {logging_mixin.py:109} INFO - [2022-04-13 09:12:35,686] {dag.py:2398} INFO - Sync 1 DAGs
[2022-04-13 09:12:35,706] {logging_mixin.py:109} INFO - [2022-04-13 09:12:35,706] {dag.py:2937} INFO - Setting next_dagrun for example_time_delta_sensor_async to None
[2022-04-13 09:12:35,719] {processor.py:171} INFO - Processing /home/airflow/.local/lib/python3.7/site-packages/airflow/example_dags/example_time_delta_sensor_async.py took 0.074 seconds
[2022-04-13 09:13:06,863] {processor.py:163} INFO - Started process (PID=829) to work on /home/airflow/.local/lib/python3.7/site-packages/airflow/example_dags/example_time_delta_sensor_async.py
[2022-04-13 09:13:06,865] {processor.py:642} INFO - Processing file /home/airflow/.local/lib/python3.7/site-packages/airflow/example_dags/example_time_delta_sensor_async.py for tasks to queue
[2022-04-13 09:13:06,865] {logging_mixin.py:109} INFO - [2022-04-13 09:13:06,865] {dagbag.py:500} INFO - Filling up the DagBag from /home/airflow/.local/lib/python3.7/site-packages/airflow/example_dags/example_time_delta_sensor_async.py
[2022-04-13 09:13:06,878] {processor.py:652} INFO - DAG(s) dict_keys(['example_time_delta_sensor_async']) retrieved from /home/airflow/.local/lib/python3.7/site-packages/airflow/example_dags/example_time_delta_sensor_async.py
[2022-04-13 09:13:06,901] {logging_mixin.py:109} INFO - [2022-04-13 09:13:06,901] {dag.py:2398} INFO - Sync 1 DAGs
[2022-04-13 09:13:06,921] {logging_mixin.py:109} INFO - [2022-04-13 09:13:06,921] {dag.py:2937} INFO - Setting next_dagrun for example_time_delta_sensor_async to None
[2022-04-13 09:13:06,936] {processor.py:171} INFO - Processing /home/airflow/.local/lib/python3.7/site-packages/airflow/example_dags/example_time_delta_sensor_async.py took 0.075 seconds
[2022-04-13 09:13:38,088] {processor.py:163} INFO - Started process (PID=882) to work on /home/airflow/.local/lib/python3.7/site-packages/airflow/example_dags/example_time_delta_sensor_async.py
[2022-04-13 09:13:38,089] {processor.py:642} INFO - Processing file /home/airflow/.local/lib/python3.7/site-packages/airflow/example_dags/example_time_delta_sensor_async.py for tasks to queue
[2022-04-13 09:13:38,090] {logging_mixin.py:109} INFO - [2022-04-13 09:13:38,089] {dagbag.py:500} INFO - Filling up the DagBag from /home/airflow/.local/lib/python3.7/site-packages/airflow/example_dags/example_time_delta_sensor_async.py
[2022-04-13 09:13:38,103] {processor.py:652} INFO - DAG(s) dict_keys(['example_time_delta_sensor_async']) retrieved from /home/airflow/.local/lib/python3.7/site-packages/airflow/example_dags/example_time_delta_sensor_async.py
[2022-04-13 09:13:38,125] {logging_mixin.py:109} INFO - [2022-04-13 09:13:38,125] {dag.py:2398} INFO - Sync 1 DAGs
[2022-04-13 09:13:38,149] {logging_mixin.py:109} INFO - [2022-04-13 09:13:38,149] {dag.py:2937} INFO - Setting next_dagrun for example_time_delta_sensor_async to None
[2022-04-13 09:13:38,162] {processor.py:171} INFO - Processing /home/airflow/.local/lib/python3.7/site-packages/airflow/example_dags/example_time_delta_sensor_async.py took 0.076 seconds
[2022-04-13 09:14:09,037] {processor.py:163} INFO - Started process (PID=933) to work on /home/airflow/.local/lib/python3.7/site-packages/airflow/example_dags/example_time_delta_sensor_async.py
[2022-04-13 09:14:09,039] {processor.py:642} INFO - Processing file /home/airflow/.local/lib/python3.7/site-packages/airflow/example_dags/example_time_delta_sensor_async.py for tasks to queue
[2022-04-13 09:14:09,040] {logging_mixin.py:109} INFO - [2022-04-13 09:14:09,040] {dagbag.py:500} INFO - Filling up the DagBag from /home/airflow/.local/lib/python3.7/site-packages/airflow/example_dags/example_time_delta_sensor_async.py
[2022-04-13 09:14:09,055] {processor.py:652} INFO - DAG(s) dict_keys(['example_time_delta_sensor_async']) retrieved from /home/airflow/.local/lib/python3.7/site-packages/airflow/example_dags/example_time_delta_sensor_async.py
[2022-04-13 09:14:09,077] {logging_mixin.py:109} INFO - [2022-04-13 09:14:09,077] {dag.py:2398} INFO - Sync 1 DAGs
[2022-04-13 09:14:09,100] {logging_mixin.py:109} INFO - [2022-04-13 09:14:09,100] {dag.py:2937} INFO - Setting next_dagrun for example_time_delta_sensor_async to None
[2022-04-13 09:14:09,113] {processor.py:171} INFO - Processing /home/airflow/.local/lib/python3.7/site-packages/airflow/example_dags/example_time_delta_sensor_async.py took 0.078 seconds
[2022-04-13 09:14:40,096] {processor.py:163} INFO - Started process (PID=993) to work on /home/airflow/.local/lib/python3.7/site-packages/airflow/example_dags/example_time_delta_sensor_async.py
[2022-04-13 09:14:40,096] {processor.py:642} INFO - Processing file /home/airflow/.local/lib/python3.7/site-packages/airflow/example_dags/example_time_delta_sensor_async.py for tasks to queue
[2022-04-13 09:14:40,097] {logging_mixin.py:109} INFO - [2022-04-13 09:14:40,097] {dagbag.py:500} INFO - Filling up the DagBag from /home/airflow/.local/lib/python3.7/site-packages/airflow/example_dags/example_time_delta_sensor_async.py
[2022-04-13 09:14:40,112] {processor.py:652} INFO - DAG(s) dict_keys(['example_time_delta_sensor_async']) retrieved from /home/airflow/.local/lib/python3.7/site-packages/airflow/example_dags/example_time_delta_sensor_async.py
[2022-04-13 09:14:40,140] {logging_mixin.py:109} INFO - [2022-04-13 09:14:40,140] {dag.py:2398} INFO - Sync 1 DAGs
[2022-04-13 09:14:40,160] {logging_mixin.py:109} INFO - [2022-04-13 09:14:40,160] {dag.py:2937} INFO - Setting next_dagrun for example_time_delta_sensor_async to None
[2022-04-13 09:14:40,174] {processor.py:171} INFO - Processing /home/airflow/.local/lib/python3.7/site-packages/airflow/example_dags/example_time_delta_sensor_async.py took 0.081 seconds
[2022-04-13 09:15:11,382] {processor.py:163} INFO - Started process (PID=1043) to work on /home/airflow/.local/lib/python3.7/site-packages/airflow/example_dags/example_time_delta_sensor_async.py
[2022-04-13 09:15:11,385] {processor.py:642} INFO - Processing file /home/airflow/.local/lib/python3.7/site-packages/airflow/example_dags/example_time_delta_sensor_async.py for tasks to queue
[2022-04-13 09:15:11,386] {logging_mixin.py:109} INFO - [2022-04-13 09:15:11,386] {dagbag.py:500} INFO - Filling up the DagBag from /home/airflow/.local/lib/python3.7/site-packages/airflow/example_dags/example_time_delta_sensor_async.py
[2022-04-13 09:15:11,400] {processor.py:652} INFO - DAG(s) dict_keys(['example_time_delta_sensor_async']) retrieved from /home/airflow/.local/lib/python3.7/site-packages/airflow/example_dags/example_time_delta_sensor_async.py
[2022-04-13 09:15:11,421] {logging_mixin.py:109} INFO - [2022-04-13 09:15:11,421] {dag.py:2398} INFO - Sync 1 DAGs
[2022-04-13 09:15:11,442] {logging_mixin.py:109} INFO - [2022-04-13 09:15:11,442] {dag.py:2937} INFO - Setting next_dagrun for example_time_delta_sensor_async to None
[2022-04-13 09:15:11,456] {processor.py:171} INFO - Processing /home/airflow/.local/lib/python3.7/site-packages/airflow/example_dags/example_time_delta_sensor_async.py took 0.076 seconds
[2022-04-13 09:15:42,327] {processor.py:163} INFO - Started process (PID=1093) to work on /home/airflow/.local/lib/python3.7/site-packages/airflow/example_dags/example_time_delta_sensor_async.py
[2022-04-13 09:15:42,328] {processor.py:642} INFO - Processing file /home/airflow/.local/lib/python3.7/site-packages/airflow/example_dags/example_time_delta_sensor_async.py for tasks to queue
[2022-04-13 09:15:42,329] {logging_mixin.py:109} INFO - [2022-04-13 09:15:42,329] {dagbag.py:500} INFO - Filling up the DagBag from /home/airflow/.local/lib/python3.7/site-packages/airflow/example_dags/example_time_delta_sensor_async.py
[2022-04-13 09:15:42,341] {processor.py:652} INFO - DAG(s) dict_keys(['example_time_delta_sensor_async']) retrieved from /home/airflow/.local/lib/python3.7/site-packages/airflow/example_dags/example_time_delta_sensor_async.py
[2022-04-13 09:15:42,366] {logging_mixin.py:109} INFO - [2022-04-13 09:15:42,366] {dag.py:2398} INFO - Sync 1 DAGs
[2022-04-13 09:15:42,388] {logging_mixin.py:109} INFO - [2022-04-13 09:15:42,388] {dag.py:2937} INFO - Setting next_dagrun for example_time_delta_sensor_async to None
[2022-04-13 09:15:42,402] {processor.py:171} INFO - Processing /home/airflow/.local/lib/python3.7/site-packages/airflow/example_dags/example_time_delta_sensor_async.py took 0.077 seconds
[2022-04-13 09:16:13,358] {processor.py:163} INFO - Started process (PID=1153) to work on /home/airflow/.local/lib/python3.7/site-packages/airflow/example_dags/example_time_delta_sensor_async.py
[2022-04-13 09:16:13,359] {processor.py:642} INFO - Processing file /home/airflow/.local/lib/python3.7/site-packages/airflow/example_dags/example_time_delta_sensor_async.py for tasks to queue
[2022-04-13 09:16:13,360] {logging_mixin.py:109} INFO - [2022-04-13 09:16:13,360] {dagbag.py:500} INFO - Filling up the DagBag from /home/airflow/.local/lib/python3.7/site-packages/airflow/example_dags/example_time_delta_sensor_async.py
[2022-04-13 09:16:13,376] {processor.py:652} INFO - DAG(s) dict_keys(['example_time_delta_sensor_async']) retrieved from /home/airflow/.local/lib/python3.7/site-packages/airflow/example_dags/example_time_delta_sensor_async.py
[2022-04-13 09:16:13,397] {logging_mixin.py:109} INFO - [2022-04-13 09:16:13,397] {dag.py:2398} INFO - Sync 1 DAGs
[2022-04-13 09:16:13,419] {logging_mixin.py:109} INFO - [2022-04-13 09:16:13,419] {dag.py:2937} INFO - Setting next_dagrun for example_time_delta_sensor_async to None
[2022-04-13 09:16:13,432] {processor.py:171} INFO - Processing /home/airflow/.local/lib/python3.7/site-packages/airflow/example_dags/example_time_delta_sensor_async.py took 0.078 seconds
[2022-04-13 09:16:44,010] {processor.py:163} INFO - Started process (PID=1205) to work on /home/airflow/.local/lib/python3.7/site-packages/airflow/example_dags/example_time_delta_sensor_async.py
[2022-04-13 09:16:44,012] {processor.py:642} INFO - Processing file /home/airflow/.local/lib/python3.7/site-packages/airflow/example_dags/example_time_delta_sensor_async.py for tasks to queue
[2022-04-13 09:16:44,013] {logging_mixin.py:109} INFO - [2022-04-13 09:16:44,013] {dagbag.py:500} INFO - Filling up the DagBag from /home/airflow/.local/lib/python3.7/site-packages/airflow/example_dags/example_time_delta_sensor_async.py
[2022-04-13 09:16:44,031] {processor.py:652} INFO - DAG(s) dict_keys(['example_time_delta_sensor_async']) retrieved from /home/airflow/.local/lib/python3.7/site-packages/airflow/example_dags/example_time_delta_sensor_async.py
[2022-04-13 09:16:44,057] {logging_mixin.py:109} INFO - [2022-04-13 09:16:44,056] {dag.py:2398} INFO - Sync 1 DAGs
[2022-04-13 09:16:44,080] {logging_mixin.py:109} INFO - [2022-04-13 09:16:44,080] {dag.py:2937} INFO - Setting next_dagrun for example_time_delta_sensor_async to None
[2022-04-13 09:16:44,096] {processor.py:171} INFO - Processing /home/airflow/.local/lib/python3.7/site-packages/airflow/example_dags/example_time_delta_sensor_async.py took 0.089 seconds
[2022-04-13 09:17:15,376] {processor.py:163} INFO - Started process (PID=1256) to work on /home/airflow/.local/lib/python3.7/site-packages/airflow/example_dags/example_time_delta_sensor_async.py
[2022-04-13 09:17:15,377] {processor.py:642} INFO - Processing file /home/airflow/.local/lib/python3.7/site-packages/airflow/example_dags/example_time_delta_sensor_async.py for tasks to queue
[2022-04-13 09:17:15,378] {logging_mixin.py:109} INFO - [2022-04-13 09:17:15,378] {dagbag.py:500} INFO - Filling up the DagBag from /home/airflow/.local/lib/python3.7/site-packages/airflow/example_dags/example_time_delta_sensor_async.py
[2022-04-13 09:17:15,392] {processor.py:652} INFO - DAG(s) dict_keys(['example_time_delta_sensor_async']) retrieved from /home/airflow/.local/lib/python3.7/site-packages/airflow/example_dags/example_time_delta_sensor_async.py
[2022-04-13 09:17:15,415] {logging_mixin.py:109} INFO - [2022-04-13 09:17:15,415] {dag.py:2398} INFO - Sync 1 DAGs
[2022-04-13 09:17:15,434] {logging_mixin.py:109} INFO - [2022-04-13 09:17:15,434] {dag.py:2937} INFO - Setting next_dagrun for example_time_delta_sensor_async to None
[2022-04-13 09:17:15,449] {processor.py:171} INFO - Processing /home/airflow/.local/lib/python3.7/site-packages/airflow/example_dags/example_time_delta_sensor_async.py took 0.074 seconds
[2022-04-13 09:17:46,613] {processor.py:163} INFO - Started process (PID=1317) to work on /home/airflow/.local/lib/python3.7/site-packages/airflow/example_dags/example_time_delta_sensor_async.py
[2022-04-13 09:17:46,615] {processor.py:642} INFO - Processing file /home/airflow/.local/lib/python3.7/site-packages/airflow/example_dags/example_time_delta_sensor_async.py for tasks to queue
[2022-04-13 09:17:46,616] {logging_mixin.py:109} INFO - [2022-04-13 09:17:46,616] {dagbag.py:500} INFO - Filling up the DagBag from /home/airflow/.local/lib/python3.7/site-packages/airflow/example_dags/example_time_delta_sensor_async.py
[2022-04-13 09:17:46,633] {processor.py:652} INFO - DAG(s) dict_keys(['example_time_delta_sensor_async']) retrieved from /home/airflow/.local/lib/python3.7/site-packages/airflow/example_dags/example_time_delta_sensor_async.py
[2022-04-13 09:17:46,657] {logging_mixin.py:109} INFO - [2022-04-13 09:17:46,657] {dag.py:2398} INFO - Sync 1 DAGs
[2022-04-13 09:17:46,676] {logging_mixin.py:109} INFO - [2022-04-13 09:17:46,676] {dag.py:2937} INFO - Setting next_dagrun for example_time_delta_sensor_async to None
[2022-04-13 09:17:46,690] {processor.py:171} INFO - Processing /home/airflow/.local/lib/python3.7/site-packages/airflow/example_dags/example_time_delta_sensor_async.py took 0.081 seconds
[2022-04-13 09:18:17,565] {processor.py:163} INFO - Started process (PID=1367) to work on /home/airflow/.local/lib/python3.7/site-packages/airflow/example_dags/example_time_delta_sensor_async.py
[2022-04-13 09:18:17,568] {processor.py:642} INFO - Processing file /home/airflow/.local/lib/python3.7/site-packages/airflow/example_dags/example_time_delta_sensor_async.py for tasks to queue
[2022-04-13 09:18:17,568] {logging_mixin.py:109} INFO - [2022-04-13 09:18:17,568] {dagbag.py:500} INFO - Filling up the DagBag from /home/airflow/.local/lib/python3.7/site-packages/airflow/example_dags/example_time_delta_sensor_async.py
[2022-04-13 09:18:17,583] {processor.py:652} INFO - DAG(s) dict_keys(['example_time_delta_sensor_async']) retrieved from /home/airflow/.local/lib/python3.7/site-packages/airflow/example_dags/example_time_delta_sensor_async.py
[2022-04-13 09:18:17,603] {logging_mixin.py:109} INFO - [2022-04-13 09:18:17,603] {dag.py:2398} INFO - Sync 1 DAGs
[2022-04-13 09:18:17,623] {logging_mixin.py:109} INFO - [2022-04-13 09:18:17,623] {dag.py:2937} INFO - Setting next_dagrun for example_time_delta_sensor_async to None
[2022-04-13 09:18:17,637] {processor.py:171} INFO - Processing /home/airflow/.local/lib/python3.7/site-packages/airflow/example_dags/example_time_delta_sensor_async.py took 0.075 seconds
[2022-04-13 09:18:49,277] {processor.py:163} INFO - Started process (PID=1428) to work on /home/airflow/.local/lib/python3.7/site-packages/airflow/example_dags/example_time_delta_sensor_async.py
[2022-04-13 09:18:49,278] {processor.py:642} INFO - Processing file /home/airflow/.local/lib/python3.7/site-packages/airflow/example_dags/example_time_delta_sensor_async.py for tasks to queue
[2022-04-13 09:18:49,279] {logging_mixin.py:109} INFO - [2022-04-13 09:18:49,278] {dagbag.py:500} INFO - Filling up the DagBag from /home/airflow/.local/lib/python3.7/site-packages/airflow/example_dags/example_time_delta_sensor_async.py
[2022-04-13 09:18:49,296] {processor.py:652} INFO - DAG(s) dict_keys(['example_time_delta_sensor_async']) retrieved from /home/airflow/.local/lib/python3.7/site-packages/airflow/example_dags/example_time_delta_sensor_async.py
[2022-04-13 09:18:49,321] {logging_mixin.py:109} INFO - [2022-04-13 09:18:49,321] {dag.py:2398} INFO - Sync 1 DAGs
[2022-04-13 09:18:49,345] {logging_mixin.py:109} INFO - [2022-04-13 09:18:49,345] {dag.py:2937} INFO - Setting next_dagrun for example_time_delta_sensor_async to None
[2022-04-13 09:18:49,361] {processor.py:171} INFO - Processing /home/airflow/.local/lib/python3.7/site-packages/airflow/example_dags/example_time_delta_sensor_async.py took 0.087 seconds
[2022-04-13 09:19:20,232] {processor.py:163} INFO - Started process (PID=1479) to work on /home/airflow/.local/lib/python3.7/site-packages/airflow/example_dags/example_time_delta_sensor_async.py
[2022-04-13 09:19:20,233] {processor.py:642} INFO - Processing file /home/airflow/.local/lib/python3.7/site-packages/airflow/example_dags/example_time_delta_sensor_async.py for tasks to queue
[2022-04-13 09:19:20,234] {logging_mixin.py:109} INFO - [2022-04-13 09:19:20,234] {dagbag.py:500} INFO - Filling up the DagBag from /home/airflow/.local/lib/python3.7/site-packages/airflow/example_dags/example_time_delta_sensor_async.py
[2022-04-13 09:19:20,247] {processor.py:652} INFO - DAG(s) dict_keys(['example_time_delta_sensor_async']) retrieved from /home/airflow/.local/lib/python3.7/site-packages/airflow/example_dags/example_time_delta_sensor_async.py
[2022-04-13 09:19:20,269] {logging_mixin.py:109} INFO - [2022-04-13 09:19:20,269] {dag.py:2398} INFO - Sync 1 DAGs
[2022-04-13 09:19:20,290] {logging_mixin.py:109} INFO - [2022-04-13 09:19:20,290] {dag.py:2937} INFO - Setting next_dagrun for example_time_delta_sensor_async to None
[2022-04-13 09:19:20,302] {processor.py:171} INFO - Processing /home/airflow/.local/lib/python3.7/site-packages/airflow/example_dags/example_time_delta_sensor_async.py took 0.073 seconds
[2022-04-13 09:19:51,054] {processor.py:163} INFO - Started process (PID=1530) to work on /home/airflow/.local/lib/python3.7/site-packages/airflow/example_dags/example_time_delta_sensor_async.py
[2022-04-13 09:19:51,055] {processor.py:642} INFO - Processing file /home/airflow/.local/lib/python3.7/site-packages/airflow/example_dags/example_time_delta_sensor_async.py for tasks to queue
[2022-04-13 09:19:51,056] {logging_mixin.py:109} INFO - [2022-04-13 09:19:51,056] {dagbag.py:500} INFO - Filling up the DagBag from /home/airflow/.local/lib/python3.7/site-packages/airflow/example_dags/example_time_delta_sensor_async.py
[2022-04-13 09:19:51,082] {processor.py:652} INFO - DAG(s) dict_keys(['example_time_delta_sensor_async']) retrieved from /home/airflow/.local/lib/python3.7/site-packages/airflow/example_dags/example_time_delta_sensor_async.py
[2022-04-13 09:19:51,109] {logging_mixin.py:109} INFO - [2022-04-13 09:19:51,109] {dag.py:2398} INFO - Sync 1 DAGs
[2022-04-13 09:19:51,132] {logging_mixin.py:109} INFO - [2022-04-13 09:19:51,132] {dag.py:2937} INFO - Setting next_dagrun for example_time_delta_sensor_async to None
[2022-04-13 09:19:51,148] {processor.py:171} INFO - Processing /home/airflow/.local/lib/python3.7/site-packages/airflow/example_dags/example_time_delta_sensor_async.py took 0.097 seconds
[2022-04-13 09:20:22,293] {processor.py:163} INFO - Started process (PID=1591) to work on /home/airflow/.local/lib/python3.7/site-packages/airflow/example_dags/example_time_delta_sensor_async.py
[2022-04-13 09:20:22,296] {processor.py:642} INFO - Processing file /home/airflow/.local/lib/python3.7/site-packages/airflow/example_dags/example_time_delta_sensor_async.py for tasks to queue
[2022-04-13 09:20:22,296] {logging_mixin.py:109} INFO - [2022-04-13 09:20:22,296] {dagbag.py:500} INFO - Filling up the DagBag from /home/airflow/.local/lib/python3.7/site-packages/airflow/example_dags/example_time_delta_sensor_async.py
[2022-04-13 09:20:22,318] {processor.py:652} INFO - DAG(s) dict_keys(['example_time_delta_sensor_async']) retrieved from /home/airflow/.local/lib/python3.7/site-packages/airflow/example_dags/example_time_delta_sensor_async.py
[2022-04-13 09:20:22,346] {logging_mixin.py:109} INFO - [2022-04-13 09:20:22,346] {dag.py:2398} INFO - Sync 1 DAGs
[2022-04-13 09:20:22,369] {logging_mixin.py:109} INFO - [2022-04-13 09:20:22,369] {dag.py:2937} INFO - Setting next_dagrun for example_time_delta_sensor_async to None
[2022-04-13 09:20:22,383] {processor.py:171} INFO - Processing /home/airflow/.local/lib/python3.7/site-packages/airflow/example_dags/example_time_delta_sensor_async.py took 0.094 seconds
[2022-04-13 09:20:53,365] {processor.py:163} INFO - Started process (PID=1643) to work on /home/airflow/.local/lib/python3.7/site-packages/airflow/example_dags/example_time_delta_sensor_async.py
[2022-04-13 09:20:53,367] {processor.py:642} INFO - Processing file /home/airflow/.local/lib/python3.7/site-packages/airflow/example_dags/example_time_delta_sensor_async.py for tasks to queue
[2022-04-13 09:20:53,367] {logging_mixin.py:109} INFO - [2022-04-13 09:20:53,367] {dagbag.py:500} INFO - Filling up the DagBag from /home/airflow/.local/lib/python3.7/site-packages/airflow/example_dags/example_time_delta_sensor_async.py
[2022-04-13 09:20:53,381] {processor.py:652} INFO - DAG(s) dict_keys(['example_time_delta_sensor_async']) retrieved from /home/airflow/.local/lib/python3.7/site-packages/airflow/example_dags/example_time_delta_sensor_async.py
[2022-04-13 09:20:53,405] {logging_mixin.py:109} INFO - [2022-04-13 09:20:53,404] {dag.py:2398} INFO - Sync 1 DAGs
[2022-04-13 09:20:53,424] {logging_mixin.py:109} INFO - [2022-04-13 09:20:53,424] {dag.py:2937} INFO - Setting next_dagrun for example_time_delta_sensor_async to None
[2022-04-13 09:20:53,439] {processor.py:171} INFO - Processing /home/airflow/.local/lib/python3.7/site-packages/airflow/example_dags/example_time_delta_sensor_async.py took 0.076 seconds
[2022-04-13 09:21:24,620] {processor.py:163} INFO - Started process (PID=1694) to work on /home/airflow/.local/lib/python3.7/site-packages/airflow/example_dags/example_time_delta_sensor_async.py
[2022-04-13 09:21:24,622] {processor.py:642} INFO - Processing file /home/airflow/.local/lib/python3.7/site-packages/airflow/example_dags/example_time_delta_sensor_async.py for tasks to queue
[2022-04-13 09:21:24,623] {logging_mixin.py:109} INFO - [2022-04-13 09:21:24,623] {dagbag.py:500} INFO - Filling up the DagBag from /home/airflow/.local/lib/python3.7/site-packages/airflow/example_dags/example_time_delta_sensor_async.py
[2022-04-13 09:21:24,636] {processor.py:652} INFO - DAG(s) dict_keys(['example_time_delta_sensor_async']) retrieved from /home/airflow/.local/lib/python3.7/site-packages/airflow/example_dags/example_time_delta_sensor_async.py
[2022-04-13 09:21:24,659] {logging_mixin.py:109} INFO - [2022-04-13 09:21:24,659] {dag.py:2398} INFO - Sync 1 DAGs
[2022-04-13 09:21:24,680] {logging_mixin.py:109} INFO - [2022-04-13 09:21:24,680] {dag.py:2937} INFO - Setting next_dagrun for example_time_delta_sensor_async to None
[2022-04-13 09:21:24,694] {processor.py:171} INFO - Processing /home/airflow/.local/lib/python3.7/site-packages/airflow/example_dags/example_time_delta_sensor_async.py took 0.076 seconds
[2022-04-13 09:21:55,636] {processor.py:163} INFO - Started process (PID=1754) to work on /home/airflow/.local/lib/python3.7/site-packages/airflow/example_dags/example_time_delta_sensor_async.py
[2022-04-13 09:21:55,637] {processor.py:642} INFO - Processing file /home/airflow/.local/lib/python3.7/site-packages/airflow/example_dags/example_time_delta_sensor_async.py for tasks to queue
[2022-04-13 09:21:55,637] {logging_mixin.py:109} INFO - [2022-04-13 09:21:55,637] {dagbag.py:500} INFO - Filling up the DagBag from /home/airflow/.local/lib/python3.7/site-packages/airflow/example_dags/example_time_delta_sensor_async.py
[2022-04-13 09:21:55,651] {processor.py:652} INFO - DAG(s) dict_keys(['example_time_delta_sensor_async']) retrieved from /home/airflow/.local/lib/python3.7/site-packages/airflow/example_dags/example_time_delta_sensor_async.py
[2022-04-13 09:21:55,675] {logging_mixin.py:109} INFO - [2022-04-13 09:21:55,675] {dag.py:2398} INFO - Sync 1 DAGs
[2022-04-13 09:21:55,700] {logging_mixin.py:109} INFO - [2022-04-13 09:21:55,700] {dag.py:2937} INFO - Setting next_dagrun for example_time_delta_sensor_async to None
[2022-04-13 09:21:55,712] {processor.py:171} INFO - Processing /home/airflow/.local/lib/python3.7/site-packages/airflow/example_dags/example_time_delta_sensor_async.py took 0.079 seconds
[2022-04-13 09:22:27,039] {processor.py:163} INFO - Started process (PID=1806) to work on /home/airflow/.local/lib/python3.7/site-packages/airflow/example_dags/example_time_delta_sensor_async.py
[2022-04-13 09:22:27,041] {processor.py:642} INFO - Processing file /home/airflow/.local/lib/python3.7/site-packages/airflow/example_dags/example_time_delta_sensor_async.py for tasks to queue
[2022-04-13 09:22:27,042] {logging_mixin.py:109} INFO - [2022-04-13 09:22:27,042] {dagbag.py:500} INFO - Filling up the DagBag from /home/airflow/.local/lib/python3.7/site-packages/airflow/example_dags/example_time_delta_sensor_async.py
[2022-04-13 09:22:27,067] {processor.py:652} INFO - DAG(s) dict_keys(['example_time_delta_sensor_async']) retrieved from /home/airflow/.local/lib/python3.7/site-packages/airflow/example_dags/example_time_delta_sensor_async.py
[2022-04-13 09:22:27,094] {logging_mixin.py:109} INFO - [2022-04-13 09:22:27,094] {dag.py:2398} INFO - Sync 1 DAGs
[2022-04-13 09:22:27,115] {logging_mixin.py:109} INFO - [2022-04-13 09:22:27,115] {dag.py:2937} INFO - Setting next_dagrun for example_time_delta_sensor_async to None
[2022-04-13 09:22:27,131] {processor.py:171} INFO - Processing /home/airflow/.local/lib/python3.7/site-packages/airflow/example_dags/example_time_delta_sensor_async.py took 0.095 seconds
[2022-04-13 09:22:58,591] {processor.py:163} INFO - Started process (PID=1858) to work on /home/airflow/.local/lib/python3.7/site-packages/airflow/example_dags/example_time_delta_sensor_async.py
[2022-04-13 09:22:58,592] {processor.py:642} INFO - Processing file /home/airflow/.local/lib/python3.7/site-packages/airflow/example_dags/example_time_delta_sensor_async.py for tasks to queue
[2022-04-13 09:22:58,593] {logging_mixin.py:109} INFO - [2022-04-13 09:22:58,593] {dagbag.py:500} INFO - Filling up the DagBag from /home/airflow/.local/lib/python3.7/site-packages/airflow/example_dags/example_time_delta_sensor_async.py
[2022-04-13 09:22:58,608] {processor.py:652} INFO - DAG(s) dict_keys(['example_time_delta_sensor_async']) retrieved from /home/airflow/.local/lib/python3.7/site-packages/airflow/example_dags/example_time_delta_sensor_async.py
[2022-04-13 09:22:58,631] {logging_mixin.py:109} INFO - [2022-04-13 09:22:58,631] {dag.py:2398} INFO - Sync 1 DAGs
[2022-04-13 09:22:58,650] {logging_mixin.py:109} INFO - [2022-04-13 09:22:58,650] {dag.py:2937} INFO - Setting next_dagrun for example_time_delta_sensor_async to None
[2022-04-13 09:22:58,663] {processor.py:171} INFO - Processing /home/airflow/.local/lib/python3.7/site-packages/airflow/example_dags/example_time_delta_sensor_async.py took 0.074 seconds
[2022-04-13 09:23:29,452] {processor.py:163} INFO - Started process (PID=1920) to work on /home/airflow/.local/lib/python3.7/site-packages/airflow/example_dags/example_time_delta_sensor_async.py
[2022-04-13 09:23:29,453] {processor.py:642} INFO - Processing file /home/airflow/.local/lib/python3.7/site-packages/airflow/example_dags/example_time_delta_sensor_async.py for tasks to queue
[2022-04-13 09:23:29,454] {logging_mixin.py:109} INFO - [2022-04-13 09:23:29,453] {dagbag.py:500} INFO - Filling up the DagBag from /home/airflow/.local/lib/python3.7/site-packages/airflow/example_dags/example_time_delta_sensor_async.py
[2022-04-13 09:23:29,466] {processor.py:652} INFO - DAG(s) dict_keys(['example_time_delta_sensor_async']) retrieved from /home/airflow/.local/lib/python3.7/site-packages/airflow/example_dags/example_time_delta_sensor_async.py
[2022-04-13 09:23:29,489] {logging_mixin.py:109} INFO - [2022-04-13 09:23:29,489] {dag.py:2398} INFO - Sync 1 DAGs
[2022-04-13 09:23:29,508] {logging_mixin.py:109} INFO - [2022-04-13 09:23:29,508] {dag.py:2937} INFO - Setting next_dagrun for example_time_delta_sensor_async to None
[2022-04-13 09:23:29,520] {processor.py:171} INFO - Processing /home/airflow/.local/lib/python3.7/site-packages/airflow/example_dags/example_time_delta_sensor_async.py took 0.071 seconds
[2022-04-13 09:24:00,697] {processor.py:163} INFO - Started process (PID=1970) to work on /home/airflow/.local/lib/python3.7/site-packages/airflow/example_dags/example_time_delta_sensor_async.py
[2022-04-13 09:24:00,699] {processor.py:642} INFO - Processing file /home/airflow/.local/lib/python3.7/site-packages/airflow/example_dags/example_time_delta_sensor_async.py for tasks to queue
[2022-04-13 09:24:00,700] {logging_mixin.py:109} INFO - [2022-04-13 09:24:00,700] {dagbag.py:500} INFO - Filling up the DagBag from /home/airflow/.local/lib/python3.7/site-packages/airflow/example_dags/example_time_delta_sensor_async.py
[2022-04-13 09:24:00,717] {processor.py:652} INFO - DAG(s) dict_keys(['example_time_delta_sensor_async']) retrieved from /home/airflow/.local/lib/python3.7/site-packages/airflow/example_dags/example_time_delta_sensor_async.py
[2022-04-13 09:24:00,743] {logging_mixin.py:109} INFO - [2022-04-13 09:24:00,743] {dag.py:2398} INFO - Sync 1 DAGs
[2022-04-13 09:24:00,767] {logging_mixin.py:109} INFO - [2022-04-13 09:24:00,767] {dag.py:2937} INFO - Setting next_dagrun for example_time_delta_sensor_async to None
[2022-04-13 09:24:00,781] {processor.py:171} INFO - Processing /home/airflow/.local/lib/python3.7/site-packages/airflow/example_dags/example_time_delta_sensor_async.py took 0.088 seconds
[2022-04-13 09:24:31,503] {processor.py:163} INFO - Started process (PID=2021) to work on /home/airflow/.local/lib/python3.7/site-packages/airflow/example_dags/example_time_delta_sensor_async.py
[2022-04-13 09:24:31,504] {processor.py:642} INFO - Processing file /home/airflow/.local/lib/python3.7/site-packages/airflow/example_dags/example_time_delta_sensor_async.py for tasks to queue
[2022-04-13 09:24:31,505] {logging_mixin.py:109} INFO - [2022-04-13 09:24:31,505] {dagbag.py:500} INFO - Filling up the DagBag from /home/airflow/.local/lib/python3.7/site-packages/airflow/example_dags/example_time_delta_sensor_async.py
[2022-04-13 09:24:31,522] {processor.py:652} INFO - DAG(s) dict_keys(['example_time_delta_sensor_async']) retrieved from /home/airflow/.local/lib/python3.7/site-packages/airflow/example_dags/example_time_delta_sensor_async.py
[2022-04-13 09:24:31,565] {logging_mixin.py:109} INFO - [2022-04-13 09:24:31,565] {dag.py:2398} INFO - Sync 1 DAGs
[2022-04-13 09:24:31,605] {logging_mixin.py:109} INFO - [2022-04-13 09:24:31,604] {dag.py:2937} INFO - Setting next_dagrun for example_time_delta_sensor_async to None
[2022-04-13 09:24:31,624] {processor.py:171} INFO - Processing /home/airflow/.local/lib/python3.7/site-packages/airflow/example_dags/example_time_delta_sensor_async.py took 0.125 seconds
[2022-04-13 09:25:02,916] {processor.py:163} INFO - Started process (PID=2083) to work on /home/airflow/.local/lib/python3.7/site-packages/airflow/example_dags/example_time_delta_sensor_async.py
[2022-04-13 09:25:02,917] {processor.py:642} INFO - Processing file /home/airflow/.local/lib/python3.7/site-packages/airflow/example_dags/example_time_delta_sensor_async.py for tasks to queue
[2022-04-13 09:25:02,917] {logging_mixin.py:109} INFO - [2022-04-13 09:25:02,917] {dagbag.py:500} INFO - Filling up the DagBag from /home/airflow/.local/lib/python3.7/site-packages/airflow/example_dags/example_time_delta_sensor_async.py
[2022-04-13 09:25:02,929] {processor.py:652} INFO - DAG(s) dict_keys(['example_time_delta_sensor_async']) retrieved from /home/airflow/.local/lib/python3.7/site-packages/airflow/example_dags/example_time_delta_sensor_async.py
[2022-04-13 09:25:02,948] {logging_mixin.py:109} INFO - [2022-04-13 09:25:02,948] {dag.py:2398} INFO - Sync 1 DAGs
[2022-04-13 09:25:02,968] {logging_mixin.py:109} INFO - [2022-04-13 09:25:02,968] {dag.py:2937} INFO - Setting next_dagrun for example_time_delta_sensor_async to None
[2022-04-13 09:25:02,988] {processor.py:171} INFO - Processing /home/airflow/.local/lib/python3.7/site-packages/airflow/example_dags/example_time_delta_sensor_async.py took 0.075 seconds
[2022-04-13 09:25:33,375] {processor.py:163} INFO - Started process (PID=2133) to work on /home/airflow/.local/lib/python3.7/site-packages/airflow/example_dags/example_time_delta_sensor_async.py
[2022-04-13 09:25:33,376] {processor.py:642} INFO - Processing file /home/airflow/.local/lib/python3.7/site-packages/airflow/example_dags/example_time_delta_sensor_async.py for tasks to queue
[2022-04-13 09:25:33,377] {logging_mixin.py:109} INFO - [2022-04-13 09:25:33,377] {dagbag.py:500} INFO - Filling up the DagBag from /home/airflow/.local/lib/python3.7/site-packages/airflow/example_dags/example_time_delta_sensor_async.py
[2022-04-13 09:25:33,392] {processor.py:652} INFO - DAG(s) dict_keys(['example_time_delta_sensor_async']) retrieved from /home/airflow/.local/lib/python3.7/site-packages/airflow/example_dags/example_time_delta_sensor_async.py
[2022-04-13 09:25:33,425] {logging_mixin.py:109} INFO - [2022-04-13 09:25:33,424] {dag.py:2398} INFO - Sync 1 DAGs
[2022-04-13 09:25:33,455] {logging_mixin.py:109} INFO - [2022-04-13 09:25:33,455] {dag.py:2937} INFO - Setting next_dagrun for example_time_delta_sensor_async to None
[2022-04-13 09:25:33,471] {processor.py:171} INFO - Processing /home/airflow/.local/lib/python3.7/site-packages/airflow/example_dags/example_time_delta_sensor_async.py took 0.099 seconds
[2022-04-13 09:26:04,706] {processor.py:163} INFO - Started process (PID=2194) to work on /home/airflow/.local/lib/python3.7/site-packages/airflow/example_dags/example_time_delta_sensor_async.py
[2022-04-13 09:26:04,708] {processor.py:642} INFO - Processing file /home/airflow/.local/lib/python3.7/site-packages/airflow/example_dags/example_time_delta_sensor_async.py for tasks to queue
[2022-04-13 09:26:04,709] {logging_mixin.py:109} INFO - [2022-04-13 09:26:04,709] {dagbag.py:500} INFO - Filling up the DagBag from /home/airflow/.local/lib/python3.7/site-packages/airflow/example_dags/example_time_delta_sensor_async.py
[2022-04-13 09:26:04,728] {processor.py:652} INFO - DAG(s) dict_keys(['example_time_delta_sensor_async']) retrieved from /home/airflow/.local/lib/python3.7/site-packages/airflow/example_dags/example_time_delta_sensor_async.py
[2022-04-13 09:26:04,751] {logging_mixin.py:109} INFO - [2022-04-13 09:26:04,751] {dag.py:2398} INFO - Sync 1 DAGs
[2022-04-13 09:26:04,775] {logging_mixin.py:109} INFO - [2022-04-13 09:26:04,775] {dag.py:2937} INFO - Setting next_dagrun for example_time_delta_sensor_async to None
[2022-04-13 09:26:04,792] {processor.py:171} INFO - Processing /home/airflow/.local/lib/python3.7/site-packages/airflow/example_dags/example_time_delta_sensor_async.py took 0.088 seconds
