[2022-04-13 08:46:40,445] {processor.py:163} INFO - Started process (PID=319) to work on /home/airflow/.local/lib/python3.7/site-packages/airflow/example_dags/example_bash_operator.py
[2022-04-13 08:46:40,447] {processor.py:642} INFO - Processing file /home/airflow/.local/lib/python3.7/site-packages/airflow/example_dags/example_bash_operator.py for tasks to queue
[2022-04-13 08:46:40,448] {logging_mixin.py:109} INFO - [2022-04-13 08:46:40,447] {dagbag.py:500} INFO - Filling up the DagBag from /home/airflow/.local/lib/python3.7/site-packages/airflow/example_dags/example_bash_operator.py
[2022-04-13 08:46:40,481] {processor.py:652} INFO - DAG(s) dict_keys(['example_bash_operator']) retrieved from /home/airflow/.local/lib/python3.7/site-packages/airflow/example_dags/example_bash_operator.py
[2022-04-13 08:46:42,902] {logging_mixin.py:109} INFO - [2022-04-13 08:46:42,902] {manager.py:496} INFO - Created Permission View: can read on DAG:example_bash_operator
[2022-04-13 08:46:42,916] {logging_mixin.py:109} INFO - [2022-04-13 08:46:42,916] {manager.py:496} INFO - Created Permission View: can edit on DAG:example_bash_operator
[2022-04-13 08:46:42,916] {logging_mixin.py:109} INFO - [2022-04-13 08:46:42,916] {dag.py:2398} INFO - Sync 1 DAGs
[2022-04-13 08:46:42,925] {logging_mixin.py:109} INFO - [2022-04-13 08:46:42,924] {dag.py:2417} INFO - Creating ORM DAG for example_bash_operator
[2022-04-13 08:46:42,937] {logging_mixin.py:109} INFO - [2022-04-13 08:46:42,936] {dag.py:2937} INFO - Setting next_dagrun for example_bash_operator to 2022-04-12 00:00:00+00:00
[2022-04-13 08:46:42,954] {processor.py:171} INFO - Processing /home/airflow/.local/lib/python3.7/site-packages/airflow/example_dags/example_bash_operator.py took 2.514 seconds
[2022-04-13 08:47:13,051] {processor.py:163} INFO - Started process (PID=489) to work on /home/airflow/.local/lib/python3.7/site-packages/airflow/example_dags/example_bash_operator.py
[2022-04-13 08:47:13,051] {processor.py:642} INFO - Processing file /home/airflow/.local/lib/python3.7/site-packages/airflow/example_dags/example_bash_operator.py for tasks to queue
[2022-04-13 08:47:13,052] {logging_mixin.py:109} INFO - [2022-04-13 08:47:13,052] {dagbag.py:500} INFO - Filling up the DagBag from /home/airflow/.local/lib/python3.7/site-packages/airflow/example_dags/example_bash_operator.py
[2022-04-13 08:47:13,077] {processor.py:652} INFO - DAG(s) dict_keys(['example_bash_operator']) retrieved from /home/airflow/.local/lib/python3.7/site-packages/airflow/example_dags/example_bash_operator.py
[2022-04-13 08:47:13,100] {logging_mixin.py:109} INFO - [2022-04-13 08:47:13,100] {dag.py:2398} INFO - Sync 1 DAGs
[2022-04-13 08:47:13,126] {logging_mixin.py:109} INFO - [2022-04-13 08:47:13,126] {dag.py:2937} INFO - Setting next_dagrun for example_bash_operator to 2022-04-12 00:00:00+00:00
[2022-04-13 08:47:13,144] {processor.py:171} INFO - Processing /home/airflow/.local/lib/python3.7/site-packages/airflow/example_dags/example_bash_operator.py took 0.097 seconds
[2022-04-13 08:47:43,702] {processor.py:163} INFO - Started process (PID=550) to work on /home/airflow/.local/lib/python3.7/site-packages/airflow/example_dags/example_bash_operator.py
[2022-04-13 08:47:43,705] {processor.py:642} INFO - Processing file /home/airflow/.local/lib/python3.7/site-packages/airflow/example_dags/example_bash_operator.py for tasks to queue
[2022-04-13 08:47:43,705] {logging_mixin.py:109} INFO - [2022-04-13 08:47:43,705] {dagbag.py:500} INFO - Filling up the DagBag from /home/airflow/.local/lib/python3.7/site-packages/airflow/example_dags/example_bash_operator.py
[2022-04-13 08:47:43,739] {processor.py:652} INFO - DAG(s) dict_keys(['example_bash_operator']) retrieved from /home/airflow/.local/lib/python3.7/site-packages/airflow/example_dags/example_bash_operator.py
[2022-04-13 08:47:43,776] {logging_mixin.py:109} INFO - [2022-04-13 08:47:43,776] {dag.py:2398} INFO - Sync 1 DAGs
[2022-04-13 08:47:43,804] {logging_mixin.py:109} INFO - [2022-04-13 08:47:43,804] {dag.py:2937} INFO - Setting next_dagrun for example_bash_operator to 2022-04-12 00:00:00+00:00
[2022-04-13 08:47:43,822] {processor.py:171} INFO - Processing /home/airflow/.local/lib/python3.7/site-packages/airflow/example_dags/example_bash_operator.py took 0.123 seconds
[2022-04-13 08:48:13,846] {processor.py:163} INFO - Started process (PID=600) to work on /home/airflow/.local/lib/python3.7/site-packages/airflow/example_dags/example_bash_operator.py
[2022-04-13 08:48:13,847] {processor.py:642} INFO - Processing file /home/airflow/.local/lib/python3.7/site-packages/airflow/example_dags/example_bash_operator.py for tasks to queue
[2022-04-13 08:48:13,848] {logging_mixin.py:109} INFO - [2022-04-13 08:48:13,848] {dagbag.py:500} INFO - Filling up the DagBag from /home/airflow/.local/lib/python3.7/site-packages/airflow/example_dags/example_bash_operator.py
[2022-04-13 08:48:13,868] {processor.py:652} INFO - DAG(s) dict_keys(['example_bash_operator']) retrieved from /home/airflow/.local/lib/python3.7/site-packages/airflow/example_dags/example_bash_operator.py
[2022-04-13 08:48:13,896] {logging_mixin.py:109} INFO - [2022-04-13 08:48:13,896] {dag.py:2398} INFO - Sync 1 DAGs
[2022-04-13 08:48:13,922] {logging_mixin.py:109} INFO - [2022-04-13 08:48:13,922] {dag.py:2937} INFO - Setting next_dagrun for example_bash_operator to 2022-04-12 00:00:00+00:00
[2022-04-13 08:48:13,940] {processor.py:171} INFO - Processing /home/airflow/.local/lib/python3.7/site-packages/airflow/example_dags/example_bash_operator.py took 0.097 seconds
[2022-04-13 08:48:44,500] {processor.py:163} INFO - Started process (PID=652) to work on /home/airflow/.local/lib/python3.7/site-packages/airflow/example_dags/example_bash_operator.py
[2022-04-13 08:48:44,504] {processor.py:642} INFO - Processing file /home/airflow/.local/lib/python3.7/site-packages/airflow/example_dags/example_bash_operator.py for tasks to queue
[2022-04-13 08:48:44,505] {logging_mixin.py:109} INFO - [2022-04-13 08:48:44,504] {dagbag.py:500} INFO - Filling up the DagBag from /home/airflow/.local/lib/python3.7/site-packages/airflow/example_dags/example_bash_operator.py
[2022-04-13 08:48:44,523] {processor.py:652} INFO - DAG(s) dict_keys(['example_bash_operator']) retrieved from /home/airflow/.local/lib/python3.7/site-packages/airflow/example_dags/example_bash_operator.py
[2022-04-13 08:48:44,545] {logging_mixin.py:109} INFO - [2022-04-13 08:48:44,545] {dag.py:2398} INFO - Sync 1 DAGs
[2022-04-13 08:48:44,565] {logging_mixin.py:109} INFO - [2022-04-13 08:48:44,565] {dag.py:2937} INFO - Setting next_dagrun for example_bash_operator to 2022-04-12 00:00:00+00:00
[2022-04-13 08:48:44,581] {processor.py:171} INFO - Processing /home/airflow/.local/lib/python3.7/site-packages/airflow/example_dags/example_bash_operator.py took 0.084 seconds
[2022-04-13 08:52:10,625] {processor.py:163} INFO - Started process (PID=57) to work on /home/airflow/.local/lib/python3.7/site-packages/airflow/example_dags/example_bash_operator.py
[2022-04-13 08:52:10,627] {processor.py:642} INFO - Processing file /home/airflow/.local/lib/python3.7/site-packages/airflow/example_dags/example_bash_operator.py for tasks to queue
[2022-04-13 08:52:10,628] {logging_mixin.py:109} INFO - [2022-04-13 08:52:10,628] {dagbag.py:500} INFO - Filling up the DagBag from /home/airflow/.local/lib/python3.7/site-packages/airflow/example_dags/example_bash_operator.py
[2022-04-13 08:52:10,654] {processor.py:652} INFO - DAG(s) dict_keys(['example_bash_operator']) retrieved from /home/airflow/.local/lib/python3.7/site-packages/airflow/example_dags/example_bash_operator.py
[2022-04-13 08:52:10,681] {logging_mixin.py:109} INFO - [2022-04-13 08:52:10,680] {dag.py:2398} INFO - Sync 1 DAGs
[2022-04-13 08:52:10,712] {logging_mixin.py:109} INFO - [2022-04-13 08:52:10,711] {dag.py:2937} INFO - Setting next_dagrun for example_bash_operator to 2022-04-12 00:00:00+00:00
[2022-04-13 08:52:10,728] {processor.py:171} INFO - Processing /home/airflow/.local/lib/python3.7/site-packages/airflow/example_dags/example_bash_operator.py took 0.106 seconds
[2022-04-13 08:54:27,604] {processor.py:163} INFO - Started process (PID=61) to work on /home/airflow/.local/lib/python3.7/site-packages/airflow/example_dags/example_bash_operator.py
[2022-04-13 08:54:27,606] {processor.py:642} INFO - Processing file /home/airflow/.local/lib/python3.7/site-packages/airflow/example_dags/example_bash_operator.py for tasks to queue
[2022-04-13 08:54:27,606] {logging_mixin.py:109} INFO - [2022-04-13 08:54:27,606] {dagbag.py:500} INFO - Filling up the DagBag from /home/airflow/.local/lib/python3.7/site-packages/airflow/example_dags/example_bash_operator.py
[2022-04-13 08:54:27,631] {processor.py:652} INFO - DAG(s) dict_keys(['example_bash_operator']) retrieved from /home/airflow/.local/lib/python3.7/site-packages/airflow/example_dags/example_bash_operator.py
[2022-04-13 08:54:27,653] {logging_mixin.py:109} INFO - [2022-04-13 08:54:27,653] {dag.py:2398} INFO - Sync 1 DAGs
[2022-04-13 08:54:27,670] {logging_mixin.py:109} INFO - [2022-04-13 08:54:27,670] {dag.py:2937} INFO - Setting next_dagrun for example_bash_operator to 2022-04-12 00:00:00+00:00
[2022-04-13 08:54:27,681] {processor.py:171} INFO - Processing /home/airflow/.local/lib/python3.7/site-packages/airflow/example_dags/example_bash_operator.py took 0.081 seconds
[2022-04-13 08:54:58,136] {processor.py:163} INFO - Started process (PID=113) to work on /home/airflow/.local/lib/python3.7/site-packages/airflow/example_dags/example_bash_operator.py
[2022-04-13 08:54:58,138] {processor.py:642} INFO - Processing file /home/airflow/.local/lib/python3.7/site-packages/airflow/example_dags/example_bash_operator.py for tasks to queue
[2022-04-13 08:54:58,138] {logging_mixin.py:109} INFO - [2022-04-13 08:54:58,138] {dagbag.py:500} INFO - Filling up the DagBag from /home/airflow/.local/lib/python3.7/site-packages/airflow/example_dags/example_bash_operator.py
[2022-04-13 08:54:58,164] {processor.py:652} INFO - DAG(s) dict_keys(['example_bash_operator']) retrieved from /home/airflow/.local/lib/python3.7/site-packages/airflow/example_dags/example_bash_operator.py
[2022-04-13 08:54:58,186] {logging_mixin.py:109} INFO - [2022-04-13 08:54:58,186] {dag.py:2398} INFO - Sync 1 DAGs
[2022-04-13 08:54:58,205] {logging_mixin.py:109} INFO - [2022-04-13 08:54:58,205] {dag.py:2937} INFO - Setting next_dagrun for example_bash_operator to 2022-04-12 00:00:00+00:00
[2022-04-13 08:54:58,217] {processor.py:171} INFO - Processing /home/airflow/.local/lib/python3.7/site-packages/airflow/example_dags/example_bash_operator.py took 0.083 seconds
[2022-04-13 08:55:29,362] {processor.py:163} INFO - Started process (PID=173) to work on /home/airflow/.local/lib/python3.7/site-packages/airflow/example_dags/example_bash_operator.py
[2022-04-13 08:55:29,363] {processor.py:642} INFO - Processing file /home/airflow/.local/lib/python3.7/site-packages/airflow/example_dags/example_bash_operator.py for tasks to queue
[2022-04-13 08:55:29,363] {logging_mixin.py:109} INFO - [2022-04-13 08:55:29,363] {dagbag.py:500} INFO - Filling up the DagBag from /home/airflow/.local/lib/python3.7/site-packages/airflow/example_dags/example_bash_operator.py
[2022-04-13 08:55:29,382] {processor.py:652} INFO - DAG(s) dict_keys(['example_bash_operator']) retrieved from /home/airflow/.local/lib/python3.7/site-packages/airflow/example_dags/example_bash_operator.py
[2022-04-13 08:55:29,406] {logging_mixin.py:109} INFO - [2022-04-13 08:55:29,406] {dag.py:2398} INFO - Sync 1 DAGs
[2022-04-13 08:55:29,425] {logging_mixin.py:109} INFO - [2022-04-13 08:55:29,424] {dag.py:2937} INFO - Setting next_dagrun for example_bash_operator to 2022-04-12 00:00:00+00:00
[2022-04-13 08:55:29,437] {processor.py:171} INFO - Processing /home/airflow/.local/lib/python3.7/site-packages/airflow/example_dags/example_bash_operator.py took 0.077 seconds
[2022-04-13 08:56:01,041] {processor.py:163} INFO - Started process (PID=231) to work on /home/airflow/.local/lib/python3.7/site-packages/airflow/example_dags/example_bash_operator.py
[2022-04-13 08:56:01,043] {processor.py:642} INFO - Processing file /home/airflow/.local/lib/python3.7/site-packages/airflow/example_dags/example_bash_operator.py for tasks to queue
[2022-04-13 08:56:01,044] {logging_mixin.py:109} INFO - [2022-04-13 08:56:01,044] {dagbag.py:500} INFO - Filling up the DagBag from /home/airflow/.local/lib/python3.7/site-packages/airflow/example_dags/example_bash_operator.py
[2022-04-13 08:56:01,076] {processor.py:652} INFO - DAG(s) dict_keys(['example_bash_operator']) retrieved from /home/airflow/.local/lib/python3.7/site-packages/airflow/example_dags/example_bash_operator.py
[2022-04-13 08:56:01,111] {logging_mixin.py:109} INFO - [2022-04-13 08:56:01,111] {dag.py:2398} INFO - Sync 1 DAGs
[2022-04-13 08:56:01,144] {logging_mixin.py:109} INFO - [2022-04-13 08:56:01,144] {dag.py:2937} INFO - Setting next_dagrun for example_bash_operator to 2022-04-12 00:00:00+00:00
[2022-04-13 08:56:01,162] {processor.py:171} INFO - Processing /home/airflow/.local/lib/python3.7/site-packages/airflow/example_dags/example_bash_operator.py took 0.123 seconds
[2022-04-13 08:56:32,122] {processor.py:163} INFO - Started process (PID=286) to work on /home/airflow/.local/lib/python3.7/site-packages/airflow/example_dags/example_bash_operator.py
[2022-04-13 08:56:32,123] {processor.py:642} INFO - Processing file /home/airflow/.local/lib/python3.7/site-packages/airflow/example_dags/example_bash_operator.py for tasks to queue
[2022-04-13 08:56:32,124] {logging_mixin.py:109} INFO - [2022-04-13 08:56:32,124] {dagbag.py:500} INFO - Filling up the DagBag from /home/airflow/.local/lib/python3.7/site-packages/airflow/example_dags/example_bash_operator.py
[2022-04-13 08:56:32,140] {processor.py:652} INFO - DAG(s) dict_keys(['example_bash_operator']) retrieved from /home/airflow/.local/lib/python3.7/site-packages/airflow/example_dags/example_bash_operator.py
[2022-04-13 08:56:32,160] {logging_mixin.py:109} INFO - [2022-04-13 08:56:32,160] {dag.py:2398} INFO - Sync 1 DAGs
[2022-04-13 08:56:32,177] {logging_mixin.py:109} INFO - [2022-04-13 08:56:32,177] {dag.py:2937} INFO - Setting next_dagrun for example_bash_operator to 2022-04-12 00:00:00+00:00
[2022-04-13 08:56:32,193] {processor.py:171} INFO - Processing /home/airflow/.local/lib/python3.7/site-packages/airflow/example_dags/example_bash_operator.py took 0.074 seconds
[2022-04-13 08:57:02,245] {processor.py:163} INFO - Started process (PID=345) to work on /home/airflow/.local/lib/python3.7/site-packages/airflow/example_dags/example_bash_operator.py
[2022-04-13 08:57:02,246] {processor.py:642} INFO - Processing file /home/airflow/.local/lib/python3.7/site-packages/airflow/example_dags/example_bash_operator.py for tasks to queue
[2022-04-13 08:57:02,247] {logging_mixin.py:109} INFO - [2022-04-13 08:57:02,247] {dagbag.py:500} INFO - Filling up the DagBag from /home/airflow/.local/lib/python3.7/site-packages/airflow/example_dags/example_bash_operator.py
[2022-04-13 08:57:02,268] {processor.py:652} INFO - DAG(s) dict_keys(['example_bash_operator']) retrieved from /home/airflow/.local/lib/python3.7/site-packages/airflow/example_dags/example_bash_operator.py
[2022-04-13 08:57:02,291] {logging_mixin.py:109} INFO - [2022-04-13 08:57:02,291] {dag.py:2398} INFO - Sync 1 DAGs
[2022-04-13 08:57:02,313] {logging_mixin.py:109} INFO - [2022-04-13 08:57:02,313] {dag.py:2937} INFO - Setting next_dagrun for example_bash_operator to 2022-04-12 00:00:00+00:00
[2022-04-13 08:57:02,331] {processor.py:171} INFO - Processing /home/airflow/.local/lib/python3.7/site-packages/airflow/example_dags/example_bash_operator.py took 0.089 seconds
[2022-04-13 08:57:32,590] {processor.py:163} INFO - Started process (PID=395) to work on /home/airflow/.local/lib/python3.7/site-packages/airflow/example_dags/example_bash_operator.py
[2022-04-13 08:57:32,596] {processor.py:642} INFO - Processing file /home/airflow/.local/lib/python3.7/site-packages/airflow/example_dags/example_bash_operator.py for tasks to queue
[2022-04-13 08:57:32,596] {logging_mixin.py:109} INFO - [2022-04-13 08:57:32,596] {dagbag.py:500} INFO - Filling up the DagBag from /home/airflow/.local/lib/python3.7/site-packages/airflow/example_dags/example_bash_operator.py
[2022-04-13 08:57:32,613] {processor.py:652} INFO - DAG(s) dict_keys(['example_bash_operator']) retrieved from /home/airflow/.local/lib/python3.7/site-packages/airflow/example_dags/example_bash_operator.py
[2022-04-13 08:57:32,633] {logging_mixin.py:109} INFO - [2022-04-13 08:57:32,632] {dag.py:2398} INFO - Sync 1 DAGs
[2022-04-13 08:57:32,649] {logging_mixin.py:109} INFO - [2022-04-13 08:57:32,649] {dag.py:2937} INFO - Setting next_dagrun for example_bash_operator to 2022-04-12 00:00:00+00:00
[2022-04-13 08:57:32,660] {processor.py:171} INFO - Processing /home/airflow/.local/lib/python3.7/site-packages/airflow/example_dags/example_bash_operator.py took 0.073 seconds
[2022-04-13 08:58:02,784] {processor.py:163} INFO - Started process (PID=456) to work on /home/airflow/.local/lib/python3.7/site-packages/airflow/example_dags/example_bash_operator.py
[2022-04-13 08:58:02,785] {processor.py:642} INFO - Processing file /home/airflow/.local/lib/python3.7/site-packages/airflow/example_dags/example_bash_operator.py for tasks to queue
[2022-04-13 08:58:02,785] {logging_mixin.py:109} INFO - [2022-04-13 08:58:02,785] {dagbag.py:500} INFO - Filling up the DagBag from /home/airflow/.local/lib/python3.7/site-packages/airflow/example_dags/example_bash_operator.py
[2022-04-13 08:58:02,798] {processor.py:652} INFO - DAG(s) dict_keys(['example_bash_operator']) retrieved from /home/airflow/.local/lib/python3.7/site-packages/airflow/example_dags/example_bash_operator.py
[2022-04-13 08:58:02,820] {logging_mixin.py:109} INFO - [2022-04-13 08:58:02,820] {dag.py:2398} INFO - Sync 1 DAGs
[2022-04-13 08:58:02,840] {logging_mixin.py:109} INFO - [2022-04-13 08:58:02,840] {dag.py:2937} INFO - Setting next_dagrun for example_bash_operator to 2022-04-12 00:00:00+00:00
[2022-04-13 08:58:02,855] {processor.py:171} INFO - Processing /home/airflow/.local/lib/python3.7/site-packages/airflow/example_dags/example_bash_operator.py took 0.073 seconds
[2022-04-13 08:58:33,915] {processor.py:163} INFO - Started process (PID=507) to work on /home/airflow/.local/lib/python3.7/site-packages/airflow/example_dags/example_bash_operator.py
[2022-04-13 08:58:33,917] {processor.py:642} INFO - Processing file /home/airflow/.local/lib/python3.7/site-packages/airflow/example_dags/example_bash_operator.py for tasks to queue
[2022-04-13 08:58:33,917] {logging_mixin.py:109} INFO - [2022-04-13 08:58:33,917] {dagbag.py:500} INFO - Filling up the DagBag from /home/airflow/.local/lib/python3.7/site-packages/airflow/example_dags/example_bash_operator.py
[2022-04-13 08:58:33,944] {processor.py:652} INFO - DAG(s) dict_keys(['example_bash_operator']) retrieved from /home/airflow/.local/lib/python3.7/site-packages/airflow/example_dags/example_bash_operator.py
[2022-04-13 08:58:33,965] {logging_mixin.py:109} INFO - [2022-04-13 08:58:33,965] {dag.py:2398} INFO - Sync 1 DAGs
[2022-04-13 08:58:33,987] {logging_mixin.py:109} INFO - [2022-04-13 08:58:33,987] {dag.py:2937} INFO - Setting next_dagrun for example_bash_operator to 2022-04-12 00:00:00+00:00
[2022-04-13 08:58:34,004] {processor.py:171} INFO - Processing /home/airflow/.local/lib/python3.7/site-packages/airflow/example_dags/example_bash_operator.py took 0.091 seconds
[2022-04-13 08:59:05,091] {processor.py:163} INFO - Started process (PID=568) to work on /home/airflow/.local/lib/python3.7/site-packages/airflow/example_dags/example_bash_operator.py
[2022-04-13 08:59:05,093] {processor.py:642} INFO - Processing file /home/airflow/.local/lib/python3.7/site-packages/airflow/example_dags/example_bash_operator.py for tasks to queue
[2022-04-13 08:59:05,094] {logging_mixin.py:109} INFO - [2022-04-13 08:59:05,094] {dagbag.py:500} INFO - Filling up the DagBag from /home/airflow/.local/lib/python3.7/site-packages/airflow/example_dags/example_bash_operator.py
[2022-04-13 08:59:05,120] {processor.py:652} INFO - DAG(s) dict_keys(['example_bash_operator']) retrieved from /home/airflow/.local/lib/python3.7/site-packages/airflow/example_dags/example_bash_operator.py
[2022-04-13 08:59:05,157] {logging_mixin.py:109} INFO - [2022-04-13 08:59:05,156] {dag.py:2398} INFO - Sync 1 DAGs
[2022-04-13 08:59:05,189] {logging_mixin.py:109} INFO - [2022-04-13 08:59:05,188] {dag.py:2937} INFO - Setting next_dagrun for example_bash_operator to 2022-04-12 00:00:00+00:00
[2022-04-13 08:59:05,212] {processor.py:171} INFO - Processing /home/airflow/.local/lib/python3.7/site-packages/airflow/example_dags/example_bash_operator.py took 0.125 seconds
[2022-04-13 08:59:35,741] {processor.py:163} INFO - Started process (PID=620) to work on /home/airflow/.local/lib/python3.7/site-packages/airflow/example_dags/example_bash_operator.py
[2022-04-13 08:59:35,743] {processor.py:642} INFO - Processing file /home/airflow/.local/lib/python3.7/site-packages/airflow/example_dags/example_bash_operator.py for tasks to queue
[2022-04-13 08:59:35,743] {logging_mixin.py:109} INFO - [2022-04-13 08:59:35,743] {dagbag.py:500} INFO - Filling up the DagBag from /home/airflow/.local/lib/python3.7/site-packages/airflow/example_dags/example_bash_operator.py
[2022-04-13 08:59:35,763] {processor.py:652} INFO - DAG(s) dict_keys(['example_bash_operator']) retrieved from /home/airflow/.local/lib/python3.7/site-packages/airflow/example_dags/example_bash_operator.py
[2022-04-13 08:59:35,792] {logging_mixin.py:109} INFO - [2022-04-13 08:59:35,791] {dag.py:2398} INFO - Sync 1 DAGs
[2022-04-13 08:59:35,813] {logging_mixin.py:109} INFO - [2022-04-13 08:59:35,813] {dag.py:2937} INFO - Setting next_dagrun for example_bash_operator to 2022-04-12 00:00:00+00:00
[2022-04-13 08:59:35,827] {processor.py:171} INFO - Processing /home/airflow/.local/lib/python3.7/site-packages/airflow/example_dags/example_bash_operator.py took 0.088 seconds
[2022-04-13 09:00:06,304] {processor.py:163} INFO - Started process (PID=670) to work on /home/airflow/.local/lib/python3.7/site-packages/airflow/example_dags/example_bash_operator.py
[2022-04-13 09:00:06,307] {processor.py:642} INFO - Processing file /home/airflow/.local/lib/python3.7/site-packages/airflow/example_dags/example_bash_operator.py for tasks to queue
[2022-04-13 09:00:06,307] {logging_mixin.py:109} INFO - [2022-04-13 09:00:06,307] {dagbag.py:500} INFO - Filling up the DagBag from /home/airflow/.local/lib/python3.7/site-packages/airflow/example_dags/example_bash_operator.py
[2022-04-13 09:00:06,329] {processor.py:652} INFO - DAG(s) dict_keys(['example_bash_operator']) retrieved from /home/airflow/.local/lib/python3.7/site-packages/airflow/example_dags/example_bash_operator.py
[2022-04-13 09:00:06,350] {logging_mixin.py:109} INFO - [2022-04-13 09:00:06,350] {dag.py:2398} INFO - Sync 1 DAGs
[2022-04-13 09:00:06,369] {logging_mixin.py:109} INFO - [2022-04-13 09:00:06,369] {dag.py:2937} INFO - Setting next_dagrun for example_bash_operator to 2022-04-12 00:00:00+00:00
[2022-04-13 09:00:06,383] {processor.py:171} INFO - Processing /home/airflow/.local/lib/python3.7/site-packages/airflow/example_dags/example_bash_operator.py took 0.082 seconds
[2022-04-13 09:00:37,132] {processor.py:163} INFO - Started process (PID=722) to work on /home/airflow/.local/lib/python3.7/site-packages/airflow/example_dags/example_bash_operator.py
[2022-04-13 09:00:37,133] {processor.py:642} INFO - Processing file /home/airflow/.local/lib/python3.7/site-packages/airflow/example_dags/example_bash_operator.py for tasks to queue
[2022-04-13 09:00:37,134] {logging_mixin.py:109} INFO - [2022-04-13 09:00:37,134] {dagbag.py:500} INFO - Filling up the DagBag from /home/airflow/.local/lib/python3.7/site-packages/airflow/example_dags/example_bash_operator.py
[2022-04-13 09:00:37,161] {processor.py:652} INFO - DAG(s) dict_keys(['example_bash_operator']) retrieved from /home/airflow/.local/lib/python3.7/site-packages/airflow/example_dags/example_bash_operator.py
[2022-04-13 09:00:37,197] {logging_mixin.py:109} INFO - [2022-04-13 09:00:37,197] {dag.py:2398} INFO - Sync 1 DAGs
[2022-04-13 09:00:37,224] {logging_mixin.py:109} INFO - [2022-04-13 09:00:37,224] {dag.py:2937} INFO - Setting next_dagrun for example_bash_operator to 2022-04-12 00:00:00+00:00
[2022-04-13 09:00:37,242] {processor.py:171} INFO - Processing /home/airflow/.local/lib/python3.7/site-packages/airflow/example_dags/example_bash_operator.py took 0.116 seconds
[2022-04-13 09:01:07,730] {processor.py:163} INFO - Started process (PID=782) to work on /home/airflow/.local/lib/python3.7/site-packages/airflow/example_dags/example_bash_operator.py
[2022-04-13 09:01:07,732] {processor.py:642} INFO - Processing file /home/airflow/.local/lib/python3.7/site-packages/airflow/example_dags/example_bash_operator.py for tasks to queue
[2022-04-13 09:01:07,732] {logging_mixin.py:109} INFO - [2022-04-13 09:01:07,732] {dagbag.py:500} INFO - Filling up the DagBag from /home/airflow/.local/lib/python3.7/site-packages/airflow/example_dags/example_bash_operator.py
[2022-04-13 09:01:07,760] {processor.py:652} INFO - DAG(s) dict_keys(['example_bash_operator']) retrieved from /home/airflow/.local/lib/python3.7/site-packages/airflow/example_dags/example_bash_operator.py
[2022-04-13 09:01:07,795] {logging_mixin.py:109} INFO - [2022-04-13 09:01:07,794] {dag.py:2398} INFO - Sync 1 DAGs
[2022-04-13 09:01:07,816] {logging_mixin.py:109} INFO - [2022-04-13 09:01:07,816] {dag.py:2937} INFO - Setting next_dagrun for example_bash_operator to 2022-04-12 00:00:00+00:00
[2022-04-13 09:01:07,833] {processor.py:171} INFO - Processing /home/airflow/.local/lib/python3.7/site-packages/airflow/example_dags/example_bash_operator.py took 0.108 seconds
[2022-04-13 09:01:38,994] {processor.py:163} INFO - Started process (PID=834) to work on /home/airflow/.local/lib/python3.7/site-packages/airflow/example_dags/example_bash_operator.py
[2022-04-13 09:01:38,995] {processor.py:642} INFO - Processing file /home/airflow/.local/lib/python3.7/site-packages/airflow/example_dags/example_bash_operator.py for tasks to queue
[2022-04-13 09:01:38,995] {logging_mixin.py:109} INFO - [2022-04-13 09:01:38,995] {dagbag.py:500} INFO - Filling up the DagBag from /home/airflow/.local/lib/python3.7/site-packages/airflow/example_dags/example_bash_operator.py
[2022-04-13 09:01:39,013] {processor.py:652} INFO - DAG(s) dict_keys(['example_bash_operator']) retrieved from /home/airflow/.local/lib/python3.7/site-packages/airflow/example_dags/example_bash_operator.py
[2022-04-13 09:01:39,037] {logging_mixin.py:109} INFO - [2022-04-13 09:01:39,037] {dag.py:2398} INFO - Sync 1 DAGs
[2022-04-13 09:01:39,057] {logging_mixin.py:109} INFO - [2022-04-13 09:01:39,057] {dag.py:2937} INFO - Setting next_dagrun for example_bash_operator to 2022-04-12 00:00:00+00:00
[2022-04-13 09:01:39,071] {processor.py:171} INFO - Processing /home/airflow/.local/lib/python3.7/site-packages/airflow/example_dags/example_bash_operator.py took 0.081 seconds
[2022-04-13 09:02:10,006] {processor.py:163} INFO - Started process (PID=885) to work on /home/airflow/.local/lib/python3.7/site-packages/airflow/example_dags/example_bash_operator.py
[2022-04-13 09:02:10,008] {processor.py:642} INFO - Processing file /home/airflow/.local/lib/python3.7/site-packages/airflow/example_dags/example_bash_operator.py for tasks to queue
[2022-04-13 09:02:10,009] {logging_mixin.py:109} INFO - [2022-04-13 09:02:10,009] {dagbag.py:500} INFO - Filling up the DagBag from /home/airflow/.local/lib/python3.7/site-packages/airflow/example_dags/example_bash_operator.py
[2022-04-13 09:02:10,041] {processor.py:652} INFO - DAG(s) dict_keys(['example_bash_operator']) retrieved from /home/airflow/.local/lib/python3.7/site-packages/airflow/example_dags/example_bash_operator.py
[2022-04-13 09:02:10,081] {logging_mixin.py:109} INFO - [2022-04-13 09:02:10,081] {dag.py:2398} INFO - Sync 1 DAGs
[2022-04-13 09:02:10,111] {logging_mixin.py:109} INFO - [2022-04-13 09:02:10,111] {dag.py:2937} INFO - Setting next_dagrun for example_bash_operator to 2022-04-12 00:00:00+00:00
[2022-04-13 09:02:10,128] {processor.py:171} INFO - Processing /home/airflow/.local/lib/python3.7/site-packages/airflow/example_dags/example_bash_operator.py took 0.126 seconds
[2022-04-13 09:02:40,969] {processor.py:163} INFO - Started process (PID=947) to work on /home/airflow/.local/lib/python3.7/site-packages/airflow/example_dags/example_bash_operator.py
[2022-04-13 09:02:40,970] {processor.py:642} INFO - Processing file /home/airflow/.local/lib/python3.7/site-packages/airflow/example_dags/example_bash_operator.py for tasks to queue
[2022-04-13 09:02:40,970] {logging_mixin.py:109} INFO - [2022-04-13 09:02:40,970] {dagbag.py:500} INFO - Filling up the DagBag from /home/airflow/.local/lib/python3.7/site-packages/airflow/example_dags/example_bash_operator.py
[2022-04-13 09:02:40,984] {processor.py:652} INFO - DAG(s) dict_keys(['example_bash_operator']) retrieved from /home/airflow/.local/lib/python3.7/site-packages/airflow/example_dags/example_bash_operator.py
[2022-04-13 09:02:41,003] {logging_mixin.py:109} INFO - [2022-04-13 09:02:41,003] {dag.py:2398} INFO - Sync 1 DAGs
[2022-04-13 09:02:41,019] {logging_mixin.py:109} INFO - [2022-04-13 09:02:41,019] {dag.py:2937} INFO - Setting next_dagrun for example_bash_operator to 2022-04-12 00:00:00+00:00
[2022-04-13 09:02:41,030] {processor.py:171} INFO - Processing /home/airflow/.local/lib/python3.7/site-packages/airflow/example_dags/example_bash_operator.py took 0.064 seconds
[2022-04-13 09:03:12,547] {processor.py:163} INFO - Started process (PID=997) to work on /home/airflow/.local/lib/python3.7/site-packages/airflow/example_dags/example_bash_operator.py
[2022-04-13 09:03:12,551] {processor.py:642} INFO - Processing file /home/airflow/.local/lib/python3.7/site-packages/airflow/example_dags/example_bash_operator.py for tasks to queue
[2022-04-13 09:03:12,552] {logging_mixin.py:109} INFO - [2022-04-13 09:03:12,552] {dagbag.py:500} INFO - Filling up the DagBag from /home/airflow/.local/lib/python3.7/site-packages/airflow/example_dags/example_bash_operator.py
[2022-04-13 09:03:12,584] {processor.py:652} INFO - DAG(s) dict_keys(['example_bash_operator']) retrieved from /home/airflow/.local/lib/python3.7/site-packages/airflow/example_dags/example_bash_operator.py
[2022-04-13 09:03:12,631] {logging_mixin.py:109} INFO - [2022-04-13 09:03:12,631] {dag.py:2398} INFO - Sync 1 DAGs
[2022-04-13 09:03:12,661] {logging_mixin.py:109} INFO - [2022-04-13 09:03:12,661] {dag.py:2937} INFO - Setting next_dagrun for example_bash_operator to 2022-04-12 00:00:00+00:00
[2022-04-13 09:03:12,682] {processor.py:171} INFO - Processing /home/airflow/.local/lib/python3.7/site-packages/airflow/example_dags/example_bash_operator.py took 0.137 seconds
[2022-04-13 09:05:52,323] {processor.py:163} INFO - Started process (PID=59) to work on /home/airflow/.local/lib/python3.7/site-packages/airflow/example_dags/example_bash_operator.py
[2022-04-13 09:05:52,325] {processor.py:642} INFO - Processing file /home/airflow/.local/lib/python3.7/site-packages/airflow/example_dags/example_bash_operator.py for tasks to queue
[2022-04-13 09:05:52,325] {logging_mixin.py:109} INFO - [2022-04-13 09:05:52,325] {dagbag.py:500} INFO - Filling up the DagBag from /home/airflow/.local/lib/python3.7/site-packages/airflow/example_dags/example_bash_operator.py
[2022-04-13 09:05:52,342] {processor.py:652} INFO - DAG(s) dict_keys(['example_bash_operator']) retrieved from /home/airflow/.local/lib/python3.7/site-packages/airflow/example_dags/example_bash_operator.py
[2022-04-13 09:05:52,367] {logging_mixin.py:109} INFO - [2022-04-13 09:05:52,367] {dag.py:2398} INFO - Sync 1 DAGs
[2022-04-13 09:05:52,386] {logging_mixin.py:109} INFO - [2022-04-13 09:05:52,386] {dag.py:2937} INFO - Setting next_dagrun for example_bash_operator to 2022-04-12 00:00:00+00:00
[2022-04-13 09:05:52,398] {processor.py:171} INFO - Processing /home/airflow/.local/lib/python3.7/site-packages/airflow/example_dags/example_bash_operator.py took 0.078 seconds
[2022-04-13 09:06:23,217] {processor.py:163} INFO - Started process (PID=110) to work on /home/airflow/.local/lib/python3.7/site-packages/airflow/example_dags/example_bash_operator.py
[2022-04-13 09:06:23,218] {processor.py:642} INFO - Processing file /home/airflow/.local/lib/python3.7/site-packages/airflow/example_dags/example_bash_operator.py for tasks to queue
[2022-04-13 09:06:23,218] {logging_mixin.py:109} INFO - [2022-04-13 09:06:23,218] {dagbag.py:500} INFO - Filling up the DagBag from /home/airflow/.local/lib/python3.7/site-packages/airflow/example_dags/example_bash_operator.py
[2022-04-13 09:06:23,240] {processor.py:652} INFO - DAG(s) dict_keys(['example_bash_operator']) retrieved from /home/airflow/.local/lib/python3.7/site-packages/airflow/example_dags/example_bash_operator.py
[2022-04-13 09:06:23,265] {logging_mixin.py:109} INFO - [2022-04-13 09:06:23,265] {dag.py:2398} INFO - Sync 1 DAGs
[2022-04-13 09:06:23,289] {logging_mixin.py:109} INFO - [2022-04-13 09:06:23,289] {dag.py:2937} INFO - Setting next_dagrun for example_bash_operator to 2022-04-12 00:00:00+00:00
[2022-04-13 09:06:23,303] {processor.py:171} INFO - Processing /home/airflow/.local/lib/python3.7/site-packages/airflow/example_dags/example_bash_operator.py took 0.089 seconds
[2022-04-13 09:06:53,851] {processor.py:163} INFO - Started process (PID=171) to work on /home/airflow/.local/lib/python3.7/site-packages/airflow/example_dags/example_bash_operator.py
[2022-04-13 09:06:53,852] {processor.py:642} INFO - Processing file /home/airflow/.local/lib/python3.7/site-packages/airflow/example_dags/example_bash_operator.py for tasks to queue
[2022-04-13 09:06:53,853] {logging_mixin.py:109} INFO - [2022-04-13 09:06:53,853] {dagbag.py:500} INFO - Filling up the DagBag from /home/airflow/.local/lib/python3.7/site-packages/airflow/example_dags/example_bash_operator.py
[2022-04-13 09:06:53,869] {processor.py:652} INFO - DAG(s) dict_keys(['example_bash_operator']) retrieved from /home/airflow/.local/lib/python3.7/site-packages/airflow/example_dags/example_bash_operator.py
[2022-04-13 09:06:53,899] {logging_mixin.py:109} INFO - [2022-04-13 09:06:53,898] {dag.py:2398} INFO - Sync 1 DAGs
[2022-04-13 09:06:53,926] {logging_mixin.py:109} INFO - [2022-04-13 09:06:53,926] {dag.py:2937} INFO - Setting next_dagrun for example_bash_operator to 2022-04-12 00:00:00+00:00
[2022-04-13 09:06:53,942] {processor.py:171} INFO - Processing /home/airflow/.local/lib/python3.7/site-packages/airflow/example_dags/example_bash_operator.py took 0.094 seconds
[2022-04-13 09:07:24,432] {processor.py:163} INFO - Started process (PID=222) to work on /home/airflow/.local/lib/python3.7/site-packages/airflow/example_dags/example_bash_operator.py
[2022-04-13 09:07:24,433] {processor.py:642} INFO - Processing file /home/airflow/.local/lib/python3.7/site-packages/airflow/example_dags/example_bash_operator.py for tasks to queue
[2022-04-13 09:07:24,433] {logging_mixin.py:109} INFO - [2022-04-13 09:07:24,433] {dagbag.py:500} INFO - Filling up the DagBag from /home/airflow/.local/lib/python3.7/site-packages/airflow/example_dags/example_bash_operator.py
[2022-04-13 09:07:24,454] {processor.py:652} INFO - DAG(s) dict_keys(['example_bash_operator']) retrieved from /home/airflow/.local/lib/python3.7/site-packages/airflow/example_dags/example_bash_operator.py
[2022-04-13 09:07:24,482] {logging_mixin.py:109} INFO - [2022-04-13 09:07:24,482] {dag.py:2398} INFO - Sync 1 DAGs
[2022-04-13 09:07:24,507] {logging_mixin.py:109} INFO - [2022-04-13 09:07:24,507] {dag.py:2937} INFO - Setting next_dagrun for example_bash_operator to 2022-04-12 00:00:00+00:00
[2022-04-13 09:07:24,521] {processor.py:171} INFO - Processing /home/airflow/.local/lib/python3.7/site-packages/airflow/example_dags/example_bash_operator.py took 0.093 seconds
[2022-04-13 09:07:54,632] {processor.py:163} INFO - Started process (PID=272) to work on /home/airflow/.local/lib/python3.7/site-packages/airflow/example_dags/example_bash_operator.py
[2022-04-13 09:07:54,633] {processor.py:642} INFO - Processing file /home/airflow/.local/lib/python3.7/site-packages/airflow/example_dags/example_bash_operator.py for tasks to queue
[2022-04-13 09:07:54,635] {logging_mixin.py:109} INFO - [2022-04-13 09:07:54,634] {dagbag.py:500} INFO - Filling up the DagBag from /home/airflow/.local/lib/python3.7/site-packages/airflow/example_dags/example_bash_operator.py
[2022-04-13 09:07:54,654] {processor.py:652} INFO - DAG(s) dict_keys(['example_bash_operator']) retrieved from /home/airflow/.local/lib/python3.7/site-packages/airflow/example_dags/example_bash_operator.py
[2022-04-13 09:07:54,675] {logging_mixin.py:109} INFO - [2022-04-13 09:07:54,675] {dag.py:2398} INFO - Sync 1 DAGs
[2022-04-13 09:07:54,693] {logging_mixin.py:109} INFO - [2022-04-13 09:07:54,692] {dag.py:2937} INFO - Setting next_dagrun for example_bash_operator to 2022-04-12 00:00:00+00:00
[2022-04-13 09:07:54,704] {processor.py:171} INFO - Processing /home/airflow/.local/lib/python3.7/site-packages/airflow/example_dags/example_bash_operator.py took 0.074 seconds
[2022-04-13 09:08:26,716] {processor.py:163} INFO - Started process (PID=333) to work on /home/airflow/.local/lib/python3.7/site-packages/airflow/example_dags/example_bash_operator.py
[2022-04-13 09:08:26,718] {processor.py:642} INFO - Processing file /home/airflow/.local/lib/python3.7/site-packages/airflow/example_dags/example_bash_operator.py for tasks to queue
[2022-04-13 09:08:26,719] {logging_mixin.py:109} INFO - [2022-04-13 09:08:26,718] {dagbag.py:500} INFO - Filling up the DagBag from /home/airflow/.local/lib/python3.7/site-packages/airflow/example_dags/example_bash_operator.py
[2022-04-13 09:08:26,760] {processor.py:652} INFO - DAG(s) dict_keys(['example_bash_operator']) retrieved from /home/airflow/.local/lib/python3.7/site-packages/airflow/example_dags/example_bash_operator.py
[2022-04-13 09:08:26,811] {logging_mixin.py:109} INFO - [2022-04-13 09:08:26,811] {dag.py:2398} INFO - Sync 1 DAGs
[2022-04-13 09:08:26,865] {logging_mixin.py:109} INFO - [2022-04-13 09:08:26,865] {dag.py:2937} INFO - Setting next_dagrun for example_bash_operator to 2022-04-12 00:00:00+00:00
[2022-04-13 09:08:26,885] {processor.py:171} INFO - Processing /home/airflow/.local/lib/python3.7/site-packages/airflow/example_dags/example_bash_operator.py took 0.173 seconds
[2022-04-13 09:08:57,097] {processor.py:163} INFO - Started process (PID=385) to work on /home/airflow/.local/lib/python3.7/site-packages/airflow/example_dags/example_bash_operator.py
[2022-04-13 09:08:57,098] {processor.py:642} INFO - Processing file /home/airflow/.local/lib/python3.7/site-packages/airflow/example_dags/example_bash_operator.py for tasks to queue
[2022-04-13 09:08:57,099] {logging_mixin.py:109} INFO - [2022-04-13 09:08:57,099] {dagbag.py:500} INFO - Filling up the DagBag from /home/airflow/.local/lib/python3.7/site-packages/airflow/example_dags/example_bash_operator.py
[2022-04-13 09:08:57,123] {processor.py:652} INFO - DAG(s) dict_keys(['example_bash_operator']) retrieved from /home/airflow/.local/lib/python3.7/site-packages/airflow/example_dags/example_bash_operator.py
[2022-04-13 09:08:57,163] {logging_mixin.py:109} INFO - [2022-04-13 09:08:57,162] {dag.py:2398} INFO - Sync 1 DAGs
[2022-04-13 09:08:57,189] {logging_mixin.py:109} INFO - [2022-04-13 09:08:57,189] {dag.py:2937} INFO - Setting next_dagrun for example_bash_operator to 2022-04-12 00:00:00+00:00
[2022-04-13 09:08:57,203] {processor.py:171} INFO - Processing /home/airflow/.local/lib/python3.7/site-packages/airflow/example_dags/example_bash_operator.py took 0.110 seconds
[2022-04-13 09:09:28,837] {processor.py:163} INFO - Started process (PID=446) to work on /home/airflow/.local/lib/python3.7/site-packages/airflow/example_dags/example_bash_operator.py
[2022-04-13 09:09:28,838] {processor.py:642} INFO - Processing file /home/airflow/.local/lib/python3.7/site-packages/airflow/example_dags/example_bash_operator.py for tasks to queue
[2022-04-13 09:09:28,838] {logging_mixin.py:109} INFO - [2022-04-13 09:09:28,838] {dagbag.py:500} INFO - Filling up the DagBag from /home/airflow/.local/lib/python3.7/site-packages/airflow/example_dags/example_bash_operator.py
[2022-04-13 09:09:28,854] {processor.py:652} INFO - DAG(s) dict_keys(['example_bash_operator']) retrieved from /home/airflow/.local/lib/python3.7/site-packages/airflow/example_dags/example_bash_operator.py
[2022-04-13 09:09:28,873] {logging_mixin.py:109} INFO - [2022-04-13 09:09:28,873] {dag.py:2398} INFO - Sync 1 DAGs
[2022-04-13 09:09:28,893] {logging_mixin.py:109} INFO - [2022-04-13 09:09:28,893] {dag.py:2937} INFO - Setting next_dagrun for example_bash_operator to 2022-04-12 00:00:00+00:00
[2022-04-13 09:09:28,908] {processor.py:171} INFO - Processing /home/airflow/.local/lib/python3.7/site-packages/airflow/example_dags/example_bash_operator.py took 0.073 seconds
[2022-04-13 09:09:59,833] {processor.py:163} INFO - Started process (PID=497) to work on /home/airflow/.local/lib/python3.7/site-packages/airflow/example_dags/example_bash_operator.py
[2022-04-13 09:09:59,837] {processor.py:642} INFO - Processing file /home/airflow/.local/lib/python3.7/site-packages/airflow/example_dags/example_bash_operator.py for tasks to queue
[2022-04-13 09:09:59,838] {logging_mixin.py:109} INFO - [2022-04-13 09:09:59,838] {dagbag.py:500} INFO - Filling up the DagBag from /home/airflow/.local/lib/python3.7/site-packages/airflow/example_dags/example_bash_operator.py
[2022-04-13 09:09:59,864] {processor.py:652} INFO - DAG(s) dict_keys(['example_bash_operator']) retrieved from /home/airflow/.local/lib/python3.7/site-packages/airflow/example_dags/example_bash_operator.py
[2022-04-13 09:09:59,919] {logging_mixin.py:109} INFO - [2022-04-13 09:09:59,919] {dag.py:2398} INFO - Sync 1 DAGs
[2022-04-13 09:09:59,948] {logging_mixin.py:109} INFO - [2022-04-13 09:09:59,948] {dag.py:2937} INFO - Setting next_dagrun for example_bash_operator to 2022-04-12 00:00:00+00:00
[2022-04-13 09:09:59,968] {processor.py:171} INFO - Processing /home/airflow/.local/lib/python3.7/site-packages/airflow/example_dags/example_bash_operator.py took 0.139 seconds
[2022-04-13 09:10:31,352] {processor.py:163} INFO - Started process (PID=558) to work on /home/airflow/.local/lib/python3.7/site-packages/airflow/example_dags/example_bash_operator.py
[2022-04-13 09:10:31,354] {processor.py:642} INFO - Processing file /home/airflow/.local/lib/python3.7/site-packages/airflow/example_dags/example_bash_operator.py for tasks to queue
[2022-04-13 09:10:31,355] {logging_mixin.py:109} INFO - [2022-04-13 09:10:31,355] {dagbag.py:500} INFO - Filling up the DagBag from /home/airflow/.local/lib/python3.7/site-packages/airflow/example_dags/example_bash_operator.py
[2022-04-13 09:10:31,379] {processor.py:652} INFO - DAG(s) dict_keys(['example_bash_operator']) retrieved from /home/airflow/.local/lib/python3.7/site-packages/airflow/example_dags/example_bash_operator.py
[2022-04-13 09:10:31,403] {logging_mixin.py:109} INFO - [2022-04-13 09:10:31,403] {dag.py:2398} INFO - Sync 1 DAGs
[2022-04-13 09:10:31,424] {logging_mixin.py:109} INFO - [2022-04-13 09:10:31,424] {dag.py:2937} INFO - Setting next_dagrun for example_bash_operator to 2022-04-12 00:00:00+00:00
[2022-04-13 09:10:31,438] {processor.py:171} INFO - Processing /home/airflow/.local/lib/python3.7/site-packages/airflow/example_dags/example_bash_operator.py took 0.089 seconds
[2022-04-13 09:11:02,300] {processor.py:163} INFO - Started process (PID=609) to work on /home/airflow/.local/lib/python3.7/site-packages/airflow/example_dags/example_bash_operator.py
[2022-04-13 09:11:02,301] {processor.py:642} INFO - Processing file /home/airflow/.local/lib/python3.7/site-packages/airflow/example_dags/example_bash_operator.py for tasks to queue
[2022-04-13 09:11:02,302] {logging_mixin.py:109} INFO - [2022-04-13 09:11:02,302] {dagbag.py:500} INFO - Filling up the DagBag from /home/airflow/.local/lib/python3.7/site-packages/airflow/example_dags/example_bash_operator.py
[2022-04-13 09:11:02,335] {processor.py:652} INFO - DAG(s) dict_keys(['example_bash_operator']) retrieved from /home/airflow/.local/lib/python3.7/site-packages/airflow/example_dags/example_bash_operator.py
[2022-04-13 09:11:02,362] {logging_mixin.py:109} INFO - [2022-04-13 09:11:02,361] {dag.py:2398} INFO - Sync 1 DAGs
[2022-04-13 09:11:02,385] {logging_mixin.py:109} INFO - [2022-04-13 09:11:02,385] {dag.py:2937} INFO - Setting next_dagrun for example_bash_operator to 2022-04-12 00:00:00+00:00
[2022-04-13 09:11:02,399] {processor.py:171} INFO - Processing /home/airflow/.local/lib/python3.7/site-packages/airflow/example_dags/example_bash_operator.py took 0.103 seconds
[2022-04-13 09:11:33,056] {processor.py:163} INFO - Started process (PID=659) to work on /home/airflow/.local/lib/python3.7/site-packages/airflow/example_dags/example_bash_operator.py
[2022-04-13 09:11:33,058] {processor.py:642} INFO - Processing file /home/airflow/.local/lib/python3.7/site-packages/airflow/example_dags/example_bash_operator.py for tasks to queue
[2022-04-13 09:11:33,059] {logging_mixin.py:109} INFO - [2022-04-13 09:11:33,059] {dagbag.py:500} INFO - Filling up the DagBag from /home/airflow/.local/lib/python3.7/site-packages/airflow/example_dags/example_bash_operator.py
[2022-04-13 09:11:33,083] {processor.py:652} INFO - DAG(s) dict_keys(['example_bash_operator']) retrieved from /home/airflow/.local/lib/python3.7/site-packages/airflow/example_dags/example_bash_operator.py
[2022-04-13 09:11:33,113] {logging_mixin.py:109} INFO - [2022-04-13 09:11:33,113] {dag.py:2398} INFO - Sync 1 DAGs
[2022-04-13 09:11:33,140] {logging_mixin.py:109} INFO - [2022-04-13 09:11:33,140] {dag.py:2937} INFO - Setting next_dagrun for example_bash_operator to 2022-04-12 00:00:00+00:00
[2022-04-13 09:11:33,156] {processor.py:171} INFO - Processing /home/airflow/.local/lib/python3.7/site-packages/airflow/example_dags/example_bash_operator.py took 0.104 seconds
[2022-04-13 09:12:04,364] {processor.py:163} INFO - Started process (PID=720) to work on /home/airflow/.local/lib/python3.7/site-packages/airflow/example_dags/example_bash_operator.py
[2022-04-13 09:12:04,365] {processor.py:642} INFO - Processing file /home/airflow/.local/lib/python3.7/site-packages/airflow/example_dags/example_bash_operator.py for tasks to queue
[2022-04-13 09:12:04,365] {logging_mixin.py:109} INFO - [2022-04-13 09:12:04,365] {dagbag.py:500} INFO - Filling up the DagBag from /home/airflow/.local/lib/python3.7/site-packages/airflow/example_dags/example_bash_operator.py
[2022-04-13 09:12:04,382] {processor.py:652} INFO - DAG(s) dict_keys(['example_bash_operator']) retrieved from /home/airflow/.local/lib/python3.7/site-packages/airflow/example_dags/example_bash_operator.py
[2022-04-13 09:12:04,406] {logging_mixin.py:109} INFO - [2022-04-13 09:12:04,406] {dag.py:2398} INFO - Sync 1 DAGs
[2022-04-13 09:12:04,429] {logging_mixin.py:109} INFO - [2022-04-13 09:12:04,428] {dag.py:2937} INFO - Setting next_dagrun for example_bash_operator to 2022-04-12 00:00:00+00:00
[2022-04-13 09:12:04,442] {processor.py:171} INFO - Processing /home/airflow/.local/lib/python3.7/site-packages/airflow/example_dags/example_bash_operator.py took 0.082 seconds
[2022-04-13 09:12:35,745] {processor.py:163} INFO - Started process (PID=772) to work on /home/airflow/.local/lib/python3.7/site-packages/airflow/example_dags/example_bash_operator.py
[2022-04-13 09:12:35,748] {processor.py:642} INFO - Processing file /home/airflow/.local/lib/python3.7/site-packages/airflow/example_dags/example_bash_operator.py for tasks to queue
[2022-04-13 09:12:35,749] {logging_mixin.py:109} INFO - [2022-04-13 09:12:35,748] {dagbag.py:500} INFO - Filling up the DagBag from /home/airflow/.local/lib/python3.7/site-packages/airflow/example_dags/example_bash_operator.py
[2022-04-13 09:12:35,767] {processor.py:652} INFO - DAG(s) dict_keys(['example_bash_operator']) retrieved from /home/airflow/.local/lib/python3.7/site-packages/airflow/example_dags/example_bash_operator.py
[2022-04-13 09:12:35,791] {logging_mixin.py:109} INFO - [2022-04-13 09:12:35,791] {dag.py:2398} INFO - Sync 1 DAGs
[2022-04-13 09:12:35,813] {logging_mixin.py:109} INFO - [2022-04-13 09:12:35,813] {dag.py:2937} INFO - Setting next_dagrun for example_bash_operator to 2022-04-12 00:00:00+00:00
[2022-04-13 09:12:35,826] {processor.py:171} INFO - Processing /home/airflow/.local/lib/python3.7/site-packages/airflow/example_dags/example_bash_operator.py took 0.083 seconds
[2022-04-13 09:13:06,950] {processor.py:163} INFO - Started process (PID=830) to work on /home/airflow/.local/lib/python3.7/site-packages/airflow/example_dags/example_bash_operator.py
[2022-04-13 09:13:06,951] {processor.py:642} INFO - Processing file /home/airflow/.local/lib/python3.7/site-packages/airflow/example_dags/example_bash_operator.py for tasks to queue
[2022-04-13 09:13:06,952] {logging_mixin.py:109} INFO - [2022-04-13 09:13:06,952] {dagbag.py:500} INFO - Filling up the DagBag from /home/airflow/.local/lib/python3.7/site-packages/airflow/example_dags/example_bash_operator.py
[2022-04-13 09:13:06,974] {processor.py:652} INFO - DAG(s) dict_keys(['example_bash_operator']) retrieved from /home/airflow/.local/lib/python3.7/site-packages/airflow/example_dags/example_bash_operator.py
[2022-04-13 09:13:06,999] {logging_mixin.py:109} INFO - [2022-04-13 09:13:06,998] {dag.py:2398} INFO - Sync 1 DAGs
[2022-04-13 09:13:07,019] {logging_mixin.py:109} INFO - [2022-04-13 09:13:07,019] {dag.py:2937} INFO - Setting next_dagrun for example_bash_operator to 2022-04-12 00:00:00+00:00
[2022-04-13 09:13:07,036] {processor.py:171} INFO - Processing /home/airflow/.local/lib/python3.7/site-packages/airflow/example_dags/example_bash_operator.py took 0.089 seconds
[2022-04-13 09:13:38,136] {processor.py:163} INFO - Started process (PID=883) to work on /home/airflow/.local/lib/python3.7/site-packages/airflow/example_dags/example_bash_operator.py
[2022-04-13 09:13:38,137] {processor.py:642} INFO - Processing file /home/airflow/.local/lib/python3.7/site-packages/airflow/example_dags/example_bash_operator.py for tasks to queue
[2022-04-13 09:13:38,137] {logging_mixin.py:109} INFO - [2022-04-13 09:13:38,137] {dagbag.py:500} INFO - Filling up the DagBag from /home/airflow/.local/lib/python3.7/site-packages/airflow/example_dags/example_bash_operator.py
[2022-04-13 09:13:38,156] {processor.py:652} INFO - DAG(s) dict_keys(['example_bash_operator']) retrieved from /home/airflow/.local/lib/python3.7/site-packages/airflow/example_dags/example_bash_operator.py
[2022-04-13 09:13:38,182] {logging_mixin.py:109} INFO - [2022-04-13 09:13:38,182] {dag.py:2398} INFO - Sync 1 DAGs
[2022-04-13 09:13:38,204] {logging_mixin.py:109} INFO - [2022-04-13 09:13:38,204] {dag.py:2937} INFO - Setting next_dagrun for example_bash_operator to 2022-04-12 00:00:00+00:00
[2022-04-13 09:13:38,217] {processor.py:171} INFO - Processing /home/airflow/.local/lib/python3.7/site-packages/airflow/example_dags/example_bash_operator.py took 0.084 seconds
[2022-04-13 09:14:09,127] {processor.py:163} INFO - Started process (PID=934) to work on /home/airflow/.local/lib/python3.7/site-packages/airflow/example_dags/example_bash_operator.py
[2022-04-13 09:14:09,129] {processor.py:642} INFO - Processing file /home/airflow/.local/lib/python3.7/site-packages/airflow/example_dags/example_bash_operator.py for tasks to queue
[2022-04-13 09:14:09,129] {logging_mixin.py:109} INFO - [2022-04-13 09:14:09,129] {dagbag.py:500} INFO - Filling up the DagBag from /home/airflow/.local/lib/python3.7/site-packages/airflow/example_dags/example_bash_operator.py
[2022-04-13 09:14:09,149] {processor.py:652} INFO - DAG(s) dict_keys(['example_bash_operator']) retrieved from /home/airflow/.local/lib/python3.7/site-packages/airflow/example_dags/example_bash_operator.py
[2022-04-13 09:14:09,176] {logging_mixin.py:109} INFO - [2022-04-13 09:14:09,175] {dag.py:2398} INFO - Sync 1 DAGs
[2022-04-13 09:14:09,200] {logging_mixin.py:109} INFO - [2022-04-13 09:14:09,200] {dag.py:2937} INFO - Setting next_dagrun for example_bash_operator to 2022-04-12 00:00:00+00:00
[2022-04-13 09:14:09,214] {processor.py:171} INFO - Processing /home/airflow/.local/lib/python3.7/site-packages/airflow/example_dags/example_bash_operator.py took 0.089 seconds
[2022-04-13 09:14:40,190] {processor.py:163} INFO - Started process (PID=994) to work on /home/airflow/.local/lib/python3.7/site-packages/airflow/example_dags/example_bash_operator.py
[2022-04-13 09:14:40,191] {processor.py:642} INFO - Processing file /home/airflow/.local/lib/python3.7/site-packages/airflow/example_dags/example_bash_operator.py for tasks to queue
[2022-04-13 09:14:40,191] {logging_mixin.py:109} INFO - [2022-04-13 09:14:40,191] {dagbag.py:500} INFO - Filling up the DagBag from /home/airflow/.local/lib/python3.7/site-packages/airflow/example_dags/example_bash_operator.py
[2022-04-13 09:14:40,213] {processor.py:652} INFO - DAG(s) dict_keys(['example_bash_operator']) retrieved from /home/airflow/.local/lib/python3.7/site-packages/airflow/example_dags/example_bash_operator.py
[2022-04-13 09:14:40,233] {logging_mixin.py:109} INFO - [2022-04-13 09:14:40,233] {dag.py:2398} INFO - Sync 1 DAGs
[2022-04-13 09:14:40,258] {logging_mixin.py:109} INFO - [2022-04-13 09:14:40,258] {dag.py:2937} INFO - Setting next_dagrun for example_bash_operator to 2022-04-12 00:00:00+00:00
[2022-04-13 09:14:40,270] {processor.py:171} INFO - Processing /home/airflow/.local/lib/python3.7/site-packages/airflow/example_dags/example_bash_operator.py took 0.083 seconds
[2022-04-13 09:15:11,447] {processor.py:163} INFO - Started process (PID=1044) to work on /home/airflow/.local/lib/python3.7/site-packages/airflow/example_dags/example_bash_operator.py
[2022-04-13 09:15:11,449] {processor.py:642} INFO - Processing file /home/airflow/.local/lib/python3.7/site-packages/airflow/example_dags/example_bash_operator.py for tasks to queue
[2022-04-13 09:15:11,450] {logging_mixin.py:109} INFO - [2022-04-13 09:15:11,450] {dagbag.py:500} INFO - Filling up the DagBag from /home/airflow/.local/lib/python3.7/site-packages/airflow/example_dags/example_bash_operator.py
[2022-04-13 09:15:11,471] {processor.py:652} INFO - DAG(s) dict_keys(['example_bash_operator']) retrieved from /home/airflow/.local/lib/python3.7/site-packages/airflow/example_dags/example_bash_operator.py
[2022-04-13 09:15:11,496] {logging_mixin.py:109} INFO - [2022-04-13 09:15:11,496] {dag.py:2398} INFO - Sync 1 DAGs
[2022-04-13 09:15:11,519] {logging_mixin.py:109} INFO - [2022-04-13 09:15:11,519] {dag.py:2937} INFO - Setting next_dagrun for example_bash_operator to 2022-04-12 00:00:00+00:00
[2022-04-13 09:15:11,533] {processor.py:171} INFO - Processing /home/airflow/.local/lib/python3.7/site-packages/airflow/example_dags/example_bash_operator.py took 0.088 seconds
[2022-04-13 09:15:42,416] {processor.py:163} INFO - Started process (PID=1094) to work on /home/airflow/.local/lib/python3.7/site-packages/airflow/example_dags/example_bash_operator.py
[2022-04-13 09:15:42,418] {processor.py:642} INFO - Processing file /home/airflow/.local/lib/python3.7/site-packages/airflow/example_dags/example_bash_operator.py for tasks to queue
[2022-04-13 09:15:42,418] {logging_mixin.py:109} INFO - [2022-04-13 09:15:42,418] {dagbag.py:500} INFO - Filling up the DagBag from /home/airflow/.local/lib/python3.7/site-packages/airflow/example_dags/example_bash_operator.py
[2022-04-13 09:15:42,435] {processor.py:652} INFO - DAG(s) dict_keys(['example_bash_operator']) retrieved from /home/airflow/.local/lib/python3.7/site-packages/airflow/example_dags/example_bash_operator.py
[2022-04-13 09:15:42,461] {logging_mixin.py:109} INFO - [2022-04-13 09:15:42,461] {dag.py:2398} INFO - Sync 1 DAGs
[2022-04-13 09:15:42,483] {logging_mixin.py:109} INFO - [2022-04-13 09:15:42,483] {dag.py:2937} INFO - Setting next_dagrun for example_bash_operator to 2022-04-12 00:00:00+00:00
[2022-04-13 09:15:42,496] {processor.py:171} INFO - Processing /home/airflow/.local/lib/python3.7/site-packages/airflow/example_dags/example_bash_operator.py took 0.083 seconds
[2022-04-13 09:16:13,448] {processor.py:163} INFO - Started process (PID=1154) to work on /home/airflow/.local/lib/python3.7/site-packages/airflow/example_dags/example_bash_operator.py
[2022-04-13 09:16:13,449] {processor.py:642} INFO - Processing file /home/airflow/.local/lib/python3.7/site-packages/airflow/example_dags/example_bash_operator.py for tasks to queue
[2022-04-13 09:16:13,449] {logging_mixin.py:109} INFO - [2022-04-13 09:16:13,449] {dagbag.py:500} INFO - Filling up the DagBag from /home/airflow/.local/lib/python3.7/site-packages/airflow/example_dags/example_bash_operator.py
[2022-04-13 09:16:13,466] {processor.py:652} INFO - DAG(s) dict_keys(['example_bash_operator']) retrieved from /home/airflow/.local/lib/python3.7/site-packages/airflow/example_dags/example_bash_operator.py
[2022-04-13 09:16:13,492] {logging_mixin.py:109} INFO - [2022-04-13 09:16:13,492] {dag.py:2398} INFO - Sync 1 DAGs
[2022-04-13 09:16:13,521] {logging_mixin.py:109} INFO - [2022-04-13 09:16:13,521] {dag.py:2937} INFO - Setting next_dagrun for example_bash_operator to 2022-04-12 00:00:00+00:00
[2022-04-13 09:16:13,534] {processor.py:171} INFO - Processing /home/airflow/.local/lib/python3.7/site-packages/airflow/example_dags/example_bash_operator.py took 0.089 seconds
[2022-04-13 09:16:44,032] {processor.py:163} INFO - Started process (PID=1206) to work on /home/airflow/.local/lib/python3.7/site-packages/airflow/example_dags/example_bash_operator.py
[2022-04-13 09:16:44,034] {processor.py:642} INFO - Processing file /home/airflow/.local/lib/python3.7/site-packages/airflow/example_dags/example_bash_operator.py for tasks to queue
[2022-04-13 09:16:44,035] {logging_mixin.py:109} INFO - [2022-04-13 09:16:44,035] {dagbag.py:500} INFO - Filling up the DagBag from /home/airflow/.local/lib/python3.7/site-packages/airflow/example_dags/example_bash_operator.py
[2022-04-13 09:16:44,057] {processor.py:652} INFO - DAG(s) dict_keys(['example_bash_operator']) retrieved from /home/airflow/.local/lib/python3.7/site-packages/airflow/example_dags/example_bash_operator.py
[2022-04-13 09:16:44,084] {logging_mixin.py:109} INFO - [2022-04-13 09:16:44,084] {dag.py:2398} INFO - Sync 1 DAGs
[2022-04-13 09:16:44,110] {logging_mixin.py:109} INFO - [2022-04-13 09:16:44,110] {dag.py:2937} INFO - Setting next_dagrun for example_bash_operator to 2022-04-12 00:00:00+00:00
[2022-04-13 09:16:44,127] {processor.py:171} INFO - Processing /home/airflow/.local/lib/python3.7/site-packages/airflow/example_dags/example_bash_operator.py took 0.097 seconds
[2022-04-13 09:17:15,452] {processor.py:163} INFO - Started process (PID=1257) to work on /home/airflow/.local/lib/python3.7/site-packages/airflow/example_dags/example_bash_operator.py
[2022-04-13 09:17:15,453] {processor.py:642} INFO - Processing file /home/airflow/.local/lib/python3.7/site-packages/airflow/example_dags/example_bash_operator.py for tasks to queue
[2022-04-13 09:17:15,454] {logging_mixin.py:109} INFO - [2022-04-13 09:17:15,454] {dagbag.py:500} INFO - Filling up the DagBag from /home/airflow/.local/lib/python3.7/site-packages/airflow/example_dags/example_bash_operator.py
[2022-04-13 09:17:15,471] {processor.py:652} INFO - DAG(s) dict_keys(['example_bash_operator']) retrieved from /home/airflow/.local/lib/python3.7/site-packages/airflow/example_dags/example_bash_operator.py
[2022-04-13 09:17:15,497] {logging_mixin.py:109} INFO - [2022-04-13 09:17:15,497] {dag.py:2398} INFO - Sync 1 DAGs
[2022-04-13 09:17:15,519] {logging_mixin.py:109} INFO - [2022-04-13 09:17:15,519] {dag.py:2937} INFO - Setting next_dagrun for example_bash_operator to 2022-04-12 00:00:00+00:00
[2022-04-13 09:17:15,533] {processor.py:171} INFO - Processing /home/airflow/.local/lib/python3.7/site-packages/airflow/example_dags/example_bash_operator.py took 0.084 seconds
[2022-04-13 09:17:46,620] {processor.py:163} INFO - Started process (PID=1318) to work on /home/airflow/.local/lib/python3.7/site-packages/airflow/example_dags/example_bash_operator.py
[2022-04-13 09:17:46,623] {processor.py:642} INFO - Processing file /home/airflow/.local/lib/python3.7/site-packages/airflow/example_dags/example_bash_operator.py for tasks to queue
[2022-04-13 09:17:46,623] {logging_mixin.py:109} INFO - [2022-04-13 09:17:46,623] {dagbag.py:500} INFO - Filling up the DagBag from /home/airflow/.local/lib/python3.7/site-packages/airflow/example_dags/example_bash_operator.py
[2022-04-13 09:17:46,649] {processor.py:652} INFO - DAG(s) dict_keys(['example_bash_operator']) retrieved from /home/airflow/.local/lib/python3.7/site-packages/airflow/example_dags/example_bash_operator.py
[2022-04-13 09:17:46,674] {logging_mixin.py:109} INFO - [2022-04-13 09:17:46,674] {dag.py:2398} INFO - Sync 1 DAGs
[2022-04-13 09:17:46,696] {logging_mixin.py:109} INFO - [2022-04-13 09:17:46,696] {dag.py:2937} INFO - Setting next_dagrun for example_bash_operator to 2022-04-12 00:00:00+00:00
[2022-04-13 09:17:46,712] {processor.py:171} INFO - Processing /home/airflow/.local/lib/python3.7/site-packages/airflow/example_dags/example_bash_operator.py took 0.095 seconds
[2022-04-13 09:18:17,652] {processor.py:163} INFO - Started process (PID=1368) to work on /home/airflow/.local/lib/python3.7/site-packages/airflow/example_dags/example_bash_operator.py
[2022-04-13 09:18:17,654] {processor.py:642} INFO - Processing file /home/airflow/.local/lib/python3.7/site-packages/airflow/example_dags/example_bash_operator.py for tasks to queue
[2022-04-13 09:18:17,655] {logging_mixin.py:109} INFO - [2022-04-13 09:18:17,655] {dagbag.py:500} INFO - Filling up the DagBag from /home/airflow/.local/lib/python3.7/site-packages/airflow/example_dags/example_bash_operator.py
[2022-04-13 09:18:17,674] {processor.py:652} INFO - DAG(s) dict_keys(['example_bash_operator']) retrieved from /home/airflow/.local/lib/python3.7/site-packages/airflow/example_dags/example_bash_operator.py
[2022-04-13 09:18:17,707] {logging_mixin.py:109} INFO - [2022-04-13 09:18:17,707] {dag.py:2398} INFO - Sync 1 DAGs
[2022-04-13 09:18:17,731] {logging_mixin.py:109} INFO - [2022-04-13 09:18:17,731] {dag.py:2937} INFO - Setting next_dagrun for example_bash_operator to 2022-04-12 00:00:00+00:00
[2022-04-13 09:18:17,746] {processor.py:171} INFO - Processing /home/airflow/.local/lib/python3.7/site-packages/airflow/example_dags/example_bash_operator.py took 0.097 seconds
[2022-04-13 09:18:49,343] {processor.py:163} INFO - Started process (PID=1429) to work on /home/airflow/.local/lib/python3.7/site-packages/airflow/example_dags/example_bash_operator.py
[2022-04-13 09:18:49,344] {processor.py:642} INFO - Processing file /home/airflow/.local/lib/python3.7/site-packages/airflow/example_dags/example_bash_operator.py for tasks to queue
[2022-04-13 09:18:49,345] {logging_mixin.py:109} INFO - [2022-04-13 09:18:49,344] {dagbag.py:500} INFO - Filling up the DagBag from /home/airflow/.local/lib/python3.7/site-packages/airflow/example_dags/example_bash_operator.py
[2022-04-13 09:18:49,372] {processor.py:652} INFO - DAG(s) dict_keys(['example_bash_operator']) retrieved from /home/airflow/.local/lib/python3.7/site-packages/airflow/example_dags/example_bash_operator.py
[2022-04-13 09:18:49,405] {logging_mixin.py:109} INFO - [2022-04-13 09:18:49,405] {dag.py:2398} INFO - Sync 1 DAGs
[2022-04-13 09:18:49,432] {logging_mixin.py:109} INFO - [2022-04-13 09:18:49,432] {dag.py:2937} INFO - Setting next_dagrun for example_bash_operator to 2022-04-12 00:00:00+00:00
[2022-04-13 09:18:49,449] {processor.py:171} INFO - Processing /home/airflow/.local/lib/python3.7/site-packages/airflow/example_dags/example_bash_operator.py took 0.110 seconds
[2022-04-13 09:19:20,288] {processor.py:163} INFO - Started process (PID=1480) to work on /home/airflow/.local/lib/python3.7/site-packages/airflow/example_dags/example_bash_operator.py
[2022-04-13 09:19:20,290] {processor.py:642} INFO - Processing file /home/airflow/.local/lib/python3.7/site-packages/airflow/example_dags/example_bash_operator.py for tasks to queue
[2022-04-13 09:19:20,290] {logging_mixin.py:109} INFO - [2022-04-13 09:19:20,290] {dagbag.py:500} INFO - Filling up the DagBag from /home/airflow/.local/lib/python3.7/site-packages/airflow/example_dags/example_bash_operator.py
[2022-04-13 09:19:20,307] {processor.py:652} INFO - DAG(s) dict_keys(['example_bash_operator']) retrieved from /home/airflow/.local/lib/python3.7/site-packages/airflow/example_dags/example_bash_operator.py
[2022-04-13 09:19:20,333] {logging_mixin.py:109} INFO - [2022-04-13 09:19:20,333] {dag.py:2398} INFO - Sync 1 DAGs
[2022-04-13 09:19:20,354] {logging_mixin.py:109} INFO - [2022-04-13 09:19:20,354] {dag.py:2937} INFO - Setting next_dagrun for example_bash_operator to 2022-04-12 00:00:00+00:00
[2022-04-13 09:19:20,368] {processor.py:171} INFO - Processing /home/airflow/.local/lib/python3.7/site-packages/airflow/example_dags/example_bash_operator.py took 0.082 seconds
[2022-04-13 09:19:51,131] {processor.py:163} INFO - Started process (PID=1531) to work on /home/airflow/.local/lib/python3.7/site-packages/airflow/example_dags/example_bash_operator.py
[2022-04-13 09:19:51,132] {processor.py:642} INFO - Processing file /home/airflow/.local/lib/python3.7/site-packages/airflow/example_dags/example_bash_operator.py for tasks to queue
[2022-04-13 09:19:51,133] {logging_mixin.py:109} INFO - [2022-04-13 09:19:51,133] {dagbag.py:500} INFO - Filling up the DagBag from /home/airflow/.local/lib/python3.7/site-packages/airflow/example_dags/example_bash_operator.py
[2022-04-13 09:19:51,156] {processor.py:652} INFO - DAG(s) dict_keys(['example_bash_operator']) retrieved from /home/airflow/.local/lib/python3.7/site-packages/airflow/example_dags/example_bash_operator.py
[2022-04-13 09:19:51,182] {logging_mixin.py:109} INFO - [2022-04-13 09:19:51,182] {dag.py:2398} INFO - Sync 1 DAGs
[2022-04-13 09:19:51,205] {logging_mixin.py:109} INFO - [2022-04-13 09:19:51,205] {dag.py:2937} INFO - Setting next_dagrun for example_bash_operator to 2022-04-12 00:00:00+00:00
[2022-04-13 09:19:51,220] {processor.py:171} INFO - Processing /home/airflow/.local/lib/python3.7/site-packages/airflow/example_dags/example_bash_operator.py took 0.091 seconds
[2022-04-13 09:20:22,326] {processor.py:163} INFO - Started process (PID=1592) to work on /home/airflow/.local/lib/python3.7/site-packages/airflow/example_dags/example_bash_operator.py
[2022-04-13 09:20:22,330] {processor.py:642} INFO - Processing file /home/airflow/.local/lib/python3.7/site-packages/airflow/example_dags/example_bash_operator.py for tasks to queue
[2022-04-13 09:20:22,331] {logging_mixin.py:109} INFO - [2022-04-13 09:20:22,331] {dagbag.py:500} INFO - Filling up the DagBag from /home/airflow/.local/lib/python3.7/site-packages/airflow/example_dags/example_bash_operator.py
[2022-04-13 09:20:22,356] {processor.py:652} INFO - DAG(s) dict_keys(['example_bash_operator']) retrieved from /home/airflow/.local/lib/python3.7/site-packages/airflow/example_dags/example_bash_operator.py
[2022-04-13 09:20:22,379] {logging_mixin.py:109} INFO - [2022-04-13 09:20:22,379] {dag.py:2398} INFO - Sync 1 DAGs
[2022-04-13 09:20:22,401] {logging_mixin.py:109} INFO - [2022-04-13 09:20:22,401] {dag.py:2937} INFO - Setting next_dagrun for example_bash_operator to 2022-04-12 00:00:00+00:00
[2022-04-13 09:20:22,414] {processor.py:171} INFO - Processing /home/airflow/.local/lib/python3.7/site-packages/airflow/example_dags/example_bash_operator.py took 0.092 seconds
[2022-04-13 09:20:53,374] {processor.py:163} INFO - Started process (PID=1644) to work on /home/airflow/.local/lib/python3.7/site-packages/airflow/example_dags/example_bash_operator.py
[2022-04-13 09:20:53,375] {processor.py:642} INFO - Processing file /home/airflow/.local/lib/python3.7/site-packages/airflow/example_dags/example_bash_operator.py for tasks to queue
[2022-04-13 09:20:53,376] {logging_mixin.py:109} INFO - [2022-04-13 09:20:53,376] {dagbag.py:500} INFO - Filling up the DagBag from /home/airflow/.local/lib/python3.7/site-packages/airflow/example_dags/example_bash_operator.py
[2022-04-13 09:20:53,398] {processor.py:652} INFO - DAG(s) dict_keys(['example_bash_operator']) retrieved from /home/airflow/.local/lib/python3.7/site-packages/airflow/example_dags/example_bash_operator.py
[2022-04-13 09:20:53,420] {logging_mixin.py:109} INFO - [2022-04-13 09:20:53,420] {dag.py:2398} INFO - Sync 1 DAGs
[2022-04-13 09:20:53,446] {logging_mixin.py:109} INFO - [2022-04-13 09:20:53,445] {dag.py:2937} INFO - Setting next_dagrun for example_bash_operator to 2022-04-12 00:00:00+00:00
[2022-04-13 09:20:53,461] {processor.py:171} INFO - Processing /home/airflow/.local/lib/python3.7/site-packages/airflow/example_dags/example_bash_operator.py took 0.091 seconds
[2022-04-13 09:21:24,660] {processor.py:163} INFO - Started process (PID=1695) to work on /home/airflow/.local/lib/python3.7/site-packages/airflow/example_dags/example_bash_operator.py
[2022-04-13 09:21:24,661] {processor.py:642} INFO - Processing file /home/airflow/.local/lib/python3.7/site-packages/airflow/example_dags/example_bash_operator.py for tasks to queue
[2022-04-13 09:21:24,662] {logging_mixin.py:109} INFO - [2022-04-13 09:21:24,662] {dagbag.py:500} INFO - Filling up the DagBag from /home/airflow/.local/lib/python3.7/site-packages/airflow/example_dags/example_bash_operator.py
[2022-04-13 09:21:24,681] {processor.py:652} INFO - DAG(s) dict_keys(['example_bash_operator']) retrieved from /home/airflow/.local/lib/python3.7/site-packages/airflow/example_dags/example_bash_operator.py
[2022-04-13 09:21:24,707] {logging_mixin.py:109} INFO - [2022-04-13 09:21:24,706] {dag.py:2398} INFO - Sync 1 DAGs
[2022-04-13 09:21:24,730] {logging_mixin.py:109} INFO - [2022-04-13 09:21:24,730] {dag.py:2937} INFO - Setting next_dagrun for example_bash_operator to 2022-04-12 00:00:00+00:00
[2022-04-13 09:21:24,744] {processor.py:171} INFO - Processing /home/airflow/.local/lib/python3.7/site-packages/airflow/example_dags/example_bash_operator.py took 0.088 seconds
[2022-04-13 09:21:55,728] {processor.py:163} INFO - Started process (PID=1755) to work on /home/airflow/.local/lib/python3.7/site-packages/airflow/example_dags/example_bash_operator.py
[2022-04-13 09:21:55,728] {processor.py:642} INFO - Processing file /home/airflow/.local/lib/python3.7/site-packages/airflow/example_dags/example_bash_operator.py for tasks to queue
[2022-04-13 09:21:55,729] {logging_mixin.py:109} INFO - [2022-04-13 09:21:55,729] {dagbag.py:500} INFO - Filling up the DagBag from /home/airflow/.local/lib/python3.7/site-packages/airflow/example_dags/example_bash_operator.py
[2022-04-13 09:21:55,750] {processor.py:652} INFO - DAG(s) dict_keys(['example_bash_operator']) retrieved from /home/airflow/.local/lib/python3.7/site-packages/airflow/example_dags/example_bash_operator.py
[2022-04-13 09:21:55,775] {logging_mixin.py:109} INFO - [2022-04-13 09:21:55,775] {dag.py:2398} INFO - Sync 1 DAGs
[2022-04-13 09:21:55,799] {logging_mixin.py:109} INFO - [2022-04-13 09:21:55,798] {dag.py:2937} INFO - Setting next_dagrun for example_bash_operator to 2022-04-12 00:00:00+00:00
[2022-04-13 09:21:55,813] {processor.py:171} INFO - Processing /home/airflow/.local/lib/python3.7/site-packages/airflow/example_dags/example_bash_operator.py took 0.088 seconds
[2022-04-13 09:22:27,140] {processor.py:163} INFO - Started process (PID=1807) to work on /home/airflow/.local/lib/python3.7/site-packages/airflow/example_dags/example_bash_operator.py
[2022-04-13 09:22:27,142] {processor.py:642} INFO - Processing file /home/airflow/.local/lib/python3.7/site-packages/airflow/example_dags/example_bash_operator.py for tasks to queue
[2022-04-13 09:22:27,143] {logging_mixin.py:109} INFO - [2022-04-13 09:22:27,143] {dagbag.py:500} INFO - Filling up the DagBag from /home/airflow/.local/lib/python3.7/site-packages/airflow/example_dags/example_bash_operator.py
[2022-04-13 09:22:27,166] {processor.py:652} INFO - DAG(s) dict_keys(['example_bash_operator']) retrieved from /home/airflow/.local/lib/python3.7/site-packages/airflow/example_dags/example_bash_operator.py
[2022-04-13 09:22:27,194] {logging_mixin.py:109} INFO - [2022-04-13 09:22:27,194] {dag.py:2398} INFO - Sync 1 DAGs
[2022-04-13 09:22:27,218] {logging_mixin.py:109} INFO - [2022-04-13 09:22:27,218] {dag.py:2937} INFO - Setting next_dagrun for example_bash_operator to 2022-04-12 00:00:00+00:00
[2022-04-13 09:22:27,234] {processor.py:171} INFO - Processing /home/airflow/.local/lib/python3.7/site-packages/airflow/example_dags/example_bash_operator.py took 0.096 seconds
[2022-04-13 09:22:58,619] {processor.py:163} INFO - Started process (PID=1859) to work on /home/airflow/.local/lib/python3.7/site-packages/airflow/example_dags/example_bash_operator.py
[2022-04-13 09:22:58,620] {processor.py:642} INFO - Processing file /home/airflow/.local/lib/python3.7/site-packages/airflow/example_dags/example_bash_operator.py for tasks to queue
[2022-04-13 09:22:58,621] {logging_mixin.py:109} INFO - [2022-04-13 09:22:58,621] {dagbag.py:500} INFO - Filling up the DagBag from /home/airflow/.local/lib/python3.7/site-packages/airflow/example_dags/example_bash_operator.py
[2022-04-13 09:22:58,640] {processor.py:652} INFO - DAG(s) dict_keys(['example_bash_operator']) retrieved from /home/airflow/.local/lib/python3.7/site-packages/airflow/example_dags/example_bash_operator.py
[2022-04-13 09:22:58,663] {logging_mixin.py:109} INFO - [2022-04-13 09:22:58,663] {dag.py:2398} INFO - Sync 1 DAGs
[2022-04-13 09:22:58,683] {logging_mixin.py:109} INFO - [2022-04-13 09:22:58,683] {dag.py:2937} INFO - Setting next_dagrun for example_bash_operator to 2022-04-12 00:00:00+00:00
[2022-04-13 09:22:58,696] {processor.py:171} INFO - Processing /home/airflow/.local/lib/python3.7/site-packages/airflow/example_dags/example_bash_operator.py took 0.079 seconds
[2022-04-13 09:23:29,503] {processor.py:163} INFO - Started process (PID=1921) to work on /home/airflow/.local/lib/python3.7/site-packages/airflow/example_dags/example_bash_operator.py
[2022-04-13 09:23:29,505] {processor.py:642} INFO - Processing file /home/airflow/.local/lib/python3.7/site-packages/airflow/example_dags/example_bash_operator.py for tasks to queue
[2022-04-13 09:23:29,505] {logging_mixin.py:109} INFO - [2022-04-13 09:23:29,505] {dagbag.py:500} INFO - Filling up the DagBag from /home/airflow/.local/lib/python3.7/site-packages/airflow/example_dags/example_bash_operator.py
[2022-04-13 09:23:29,521] {processor.py:652} INFO - DAG(s) dict_keys(['example_bash_operator']) retrieved from /home/airflow/.local/lib/python3.7/site-packages/airflow/example_dags/example_bash_operator.py
[2022-04-13 09:23:29,544] {logging_mixin.py:109} INFO - [2022-04-13 09:23:29,544] {dag.py:2398} INFO - Sync 1 DAGs
[2022-04-13 09:23:29,562] {logging_mixin.py:109} INFO - [2022-04-13 09:23:29,562] {dag.py:2937} INFO - Setting next_dagrun for example_bash_operator to 2022-04-12 00:00:00+00:00
[2022-04-13 09:23:29,574] {processor.py:171} INFO - Processing /home/airflow/.local/lib/python3.7/site-packages/airflow/example_dags/example_bash_operator.py took 0.073 seconds
[2022-04-13 09:24:00,800] {processor.py:163} INFO - Started process (PID=1971) to work on /home/airflow/.local/lib/python3.7/site-packages/airflow/example_dags/example_bash_operator.py
[2022-04-13 09:24:00,802] {processor.py:642} INFO - Processing file /home/airflow/.local/lib/python3.7/site-packages/airflow/example_dags/example_bash_operator.py for tasks to queue
[2022-04-13 09:24:00,802] {logging_mixin.py:109} INFO - [2022-04-13 09:24:00,802] {dagbag.py:500} INFO - Filling up the DagBag from /home/airflow/.local/lib/python3.7/site-packages/airflow/example_dags/example_bash_operator.py
[2022-04-13 09:24:00,822] {processor.py:652} INFO - DAG(s) dict_keys(['example_bash_operator']) retrieved from /home/airflow/.local/lib/python3.7/site-packages/airflow/example_dags/example_bash_operator.py
[2022-04-13 09:24:00,852] {logging_mixin.py:109} INFO - [2022-04-13 09:24:00,852] {dag.py:2398} INFO - Sync 1 DAGs
[2022-04-13 09:24:00,883] {logging_mixin.py:109} INFO - [2022-04-13 09:24:00,883] {dag.py:2937} INFO - Setting next_dagrun for example_bash_operator to 2022-04-12 00:00:00+00:00
[2022-04-13 09:24:00,899] {processor.py:171} INFO - Processing /home/airflow/.local/lib/python3.7/site-packages/airflow/example_dags/example_bash_operator.py took 0.101 seconds
[2022-04-13 09:24:31,654] {processor.py:163} INFO - Started process (PID=2022) to work on /home/airflow/.local/lib/python3.7/site-packages/airflow/example_dags/example_bash_operator.py
[2022-04-13 09:24:31,655] {processor.py:642} INFO - Processing file /home/airflow/.local/lib/python3.7/site-packages/airflow/example_dags/example_bash_operator.py for tasks to queue
[2022-04-13 09:24:31,657] {logging_mixin.py:109} INFO - [2022-04-13 09:24:31,656] {dagbag.py:500} INFO - Filling up the DagBag from /home/airflow/.local/lib/python3.7/site-packages/airflow/example_dags/example_bash_operator.py
[2022-04-13 09:24:31,687] {processor.py:652} INFO - DAG(s) dict_keys(['example_bash_operator']) retrieved from /home/airflow/.local/lib/python3.7/site-packages/airflow/example_dags/example_bash_operator.py
[2022-04-13 09:24:31,723] {logging_mixin.py:109} INFO - [2022-04-13 09:24:31,723] {dag.py:2398} INFO - Sync 1 DAGs
[2022-04-13 09:24:31,752] {logging_mixin.py:109} INFO - [2022-04-13 09:24:31,752] {dag.py:2937} INFO - Setting next_dagrun for example_bash_operator to 2022-04-12 00:00:00+00:00
[2022-04-13 09:24:31,777] {processor.py:171} INFO - Processing /home/airflow/.local/lib/python3.7/site-packages/airflow/example_dags/example_bash_operator.py took 0.127 seconds
[2022-04-13 09:25:03,003] {processor.py:163} INFO - Started process (PID=2084) to work on /home/airflow/.local/lib/python3.7/site-packages/airflow/example_dags/example_bash_operator.py
[2022-04-13 09:25:03,004] {processor.py:642} INFO - Processing file /home/airflow/.local/lib/python3.7/site-packages/airflow/example_dags/example_bash_operator.py for tasks to queue
[2022-04-13 09:25:03,005] {logging_mixin.py:109} INFO - [2022-04-13 09:25:03,005] {dagbag.py:500} INFO - Filling up the DagBag from /home/airflow/.local/lib/python3.7/site-packages/airflow/example_dags/example_bash_operator.py
[2022-04-13 09:25:03,022] {processor.py:652} INFO - DAG(s) dict_keys(['example_bash_operator']) retrieved from /home/airflow/.local/lib/python3.7/site-packages/airflow/example_dags/example_bash_operator.py
[2022-04-13 09:25:03,044] {logging_mixin.py:109} INFO - [2022-04-13 09:25:03,044] {dag.py:2398} INFO - Sync 1 DAGs
[2022-04-13 09:25:03,062] {logging_mixin.py:109} INFO - [2022-04-13 09:25:03,062] {dag.py:2937} INFO - Setting next_dagrun for example_bash_operator to 2022-04-12 00:00:00+00:00
[2022-04-13 09:25:03,077] {processor.py:171} INFO - Processing /home/airflow/.local/lib/python3.7/site-packages/airflow/example_dags/example_bash_operator.py took 0.076 seconds
[2022-04-13 09:25:33,491] {processor.py:163} INFO - Started process (PID=2134) to work on /home/airflow/.local/lib/python3.7/site-packages/airflow/example_dags/example_bash_operator.py
[2022-04-13 09:25:33,492] {processor.py:642} INFO - Processing file /home/airflow/.local/lib/python3.7/site-packages/airflow/example_dags/example_bash_operator.py for tasks to queue
[2022-04-13 09:25:33,493] {logging_mixin.py:109} INFO - [2022-04-13 09:25:33,492] {dagbag.py:500} INFO - Filling up the DagBag from /home/airflow/.local/lib/python3.7/site-packages/airflow/example_dags/example_bash_operator.py
[2022-04-13 09:25:33,520] {processor.py:652} INFO - DAG(s) dict_keys(['example_bash_operator']) retrieved from /home/airflow/.local/lib/python3.7/site-packages/airflow/example_dags/example_bash_operator.py
[2022-04-13 09:25:33,551] {logging_mixin.py:109} INFO - [2022-04-13 09:25:33,551] {dag.py:2398} INFO - Sync 1 DAGs
[2022-04-13 09:25:33,580] {logging_mixin.py:109} INFO - [2022-04-13 09:25:33,580] {dag.py:2937} INFO - Setting next_dagrun for example_bash_operator to 2022-04-12 00:00:00+00:00
[2022-04-13 09:25:33,599] {processor.py:171} INFO - Processing /home/airflow/.local/lib/python3.7/site-packages/airflow/example_dags/example_bash_operator.py took 0.111 seconds
[2022-04-13 09:26:04,736] {processor.py:163} INFO - Started process (PID=2195) to work on /home/airflow/.local/lib/python3.7/site-packages/airflow/example_dags/example_bash_operator.py
[2022-04-13 09:26:04,737] {processor.py:642} INFO - Processing file /home/airflow/.local/lib/python3.7/site-packages/airflow/example_dags/example_bash_operator.py for tasks to queue
[2022-04-13 09:26:04,738] {logging_mixin.py:109} INFO - [2022-04-13 09:26:04,738] {dagbag.py:500} INFO - Filling up the DagBag from /home/airflow/.local/lib/python3.7/site-packages/airflow/example_dags/example_bash_operator.py
[2022-04-13 09:26:04,758] {processor.py:652} INFO - DAG(s) dict_keys(['example_bash_operator']) retrieved from /home/airflow/.local/lib/python3.7/site-packages/airflow/example_dags/example_bash_operator.py
[2022-04-13 09:26:04,792] {logging_mixin.py:109} INFO - [2022-04-13 09:26:04,792] {dag.py:2398} INFO - Sync 1 DAGs
[2022-04-13 09:26:04,817] {logging_mixin.py:109} INFO - [2022-04-13 09:26:04,817] {dag.py:2937} INFO - Setting next_dagrun for example_bash_operator to 2022-04-12 00:00:00+00:00
[2022-04-13 09:26:04,833] {processor.py:171} INFO - Processing /home/airflow/.local/lib/python3.7/site-packages/airflow/example_dags/example_bash_operator.py took 0.100 seconds
