[2022-04-13 08:46:50,156] {processor.py:163} INFO - Started process (PID=432) to work on /home/airflow/.local/lib/python3.7/site-packages/airflow/example_dags/example_external_task_marker_dag.py
[2022-04-13 08:46:50,157] {processor.py:642} INFO - Processing file /home/airflow/.local/lib/python3.7/site-packages/airflow/example_dags/example_external_task_marker_dag.py for tasks to queue
[2022-04-13 08:46:50,158] {logging_mixin.py:109} INFO - [2022-04-13 08:46:50,158] {dagbag.py:500} INFO - Filling up the DagBag from /home/airflow/.local/lib/python3.7/site-packages/airflow/example_dags/example_external_task_marker_dag.py
[2022-04-13 08:46:50,188] {processor.py:652} INFO - DAG(s) dict_keys(['example_external_task_marker_parent', 'example_external_task_marker_child']) retrieved from /home/airflow/.local/lib/python3.7/site-packages/airflow/example_dags/example_external_task_marker_dag.py
[2022-04-13 08:46:52,924] {logging_mixin.py:109} INFO - [2022-04-13 08:46:52,924] {manager.py:496} INFO - Created Permission View: can read on DAG:example_external_task_marker_parent
[2022-04-13 08:46:52,946] {logging_mixin.py:109} INFO - [2022-04-13 08:46:52,946] {manager.py:496} INFO - Created Permission View: can edit on DAG:example_external_task_marker_parent
[2022-04-13 08:46:52,973] {logging_mixin.py:109} INFO - [2022-04-13 08:46:52,973] {manager.py:496} INFO - Created Permission View: can read on DAG:example_external_task_marker_child
[2022-04-13 08:46:52,984] {logging_mixin.py:109} INFO - [2022-04-13 08:46:52,984] {manager.py:496} INFO - Created Permission View: can edit on DAG:example_external_task_marker_child
[2022-04-13 08:46:52,984] {logging_mixin.py:109} INFO - [2022-04-13 08:46:52,984] {dag.py:2398} INFO - Sync 2 DAGs
[2022-04-13 08:46:52,992] {logging_mixin.py:109} INFO - [2022-04-13 08:46:52,992] {dag.py:2417} INFO - Creating ORM DAG for example_external_task_marker_parent
[2022-04-13 08:46:52,993] {logging_mixin.py:109} INFO - [2022-04-13 08:46:52,993] {dag.py:2417} INFO - Creating ORM DAG for example_external_task_marker_child
[2022-04-13 08:46:53,000] {logging_mixin.py:109} INFO - [2022-04-13 08:46:53,000] {dag.py:2937} INFO - Setting next_dagrun for example_external_task_marker_child to None
[2022-04-13 08:46:53,001] {logging_mixin.py:109} INFO - [2022-04-13 08:46:53,001] {dag.py:2937} INFO - Setting next_dagrun for example_external_task_marker_parent to None
[2022-04-13 08:46:53,017] {processor.py:171} INFO - Processing /home/airflow/.local/lib/python3.7/site-packages/airflow/example_dags/example_external_task_marker_dag.py took 2.865 seconds
[2022-04-13 08:47:23,711] {processor.py:163} INFO - Started process (PID=509) to work on /home/airflow/.local/lib/python3.7/site-packages/airflow/example_dags/example_external_task_marker_dag.py
[2022-04-13 08:47:23,712] {processor.py:642} INFO - Processing file /home/airflow/.local/lib/python3.7/site-packages/airflow/example_dags/example_external_task_marker_dag.py for tasks to queue
[2022-04-13 08:47:23,713] {logging_mixin.py:109} INFO - [2022-04-13 08:47:23,713] {dagbag.py:500} INFO - Filling up the DagBag from /home/airflow/.local/lib/python3.7/site-packages/airflow/example_dags/example_external_task_marker_dag.py
[2022-04-13 08:47:23,743] {processor.py:652} INFO - DAG(s) dict_keys(['example_external_task_marker_parent', 'example_external_task_marker_child']) retrieved from /home/airflow/.local/lib/python3.7/site-packages/airflow/example_dags/example_external_task_marker_dag.py
[2022-04-13 08:47:23,784] {logging_mixin.py:109} INFO - [2022-04-13 08:47:23,783] {dag.py:2398} INFO - Sync 2 DAGs
[2022-04-13 08:47:23,808] {logging_mixin.py:109} INFO - [2022-04-13 08:47:23,808] {dag.py:2937} INFO - Setting next_dagrun for example_external_task_marker_child to None
[2022-04-13 08:47:23,809] {logging_mixin.py:109} INFO - [2022-04-13 08:47:23,809] {dag.py:2937} INFO - Setting next_dagrun for example_external_task_marker_parent to None
[2022-04-13 08:47:23,826] {processor.py:171} INFO - Processing /home/airflow/.local/lib/python3.7/site-packages/airflow/example_dags/example_external_task_marker_dag.py took 0.120 seconds
[2022-04-13 08:47:54,174] {processor.py:163} INFO - Started process (PID=560) to work on /home/airflow/.local/lib/python3.7/site-packages/airflow/example_dags/example_external_task_marker_dag.py
[2022-04-13 08:47:54,176] {processor.py:642} INFO - Processing file /home/airflow/.local/lib/python3.7/site-packages/airflow/example_dags/example_external_task_marker_dag.py for tasks to queue
[2022-04-13 08:47:54,176] {logging_mixin.py:109} INFO - [2022-04-13 08:47:54,176] {dagbag.py:500} INFO - Filling up the DagBag from /home/airflow/.local/lib/python3.7/site-packages/airflow/example_dags/example_external_task_marker_dag.py
[2022-04-13 08:47:54,187] {processor.py:652} INFO - DAG(s) dict_keys(['example_external_task_marker_parent', 'example_external_task_marker_child']) retrieved from /home/airflow/.local/lib/python3.7/site-packages/airflow/example_dags/example_external_task_marker_dag.py
[2022-04-13 08:47:54,211] {logging_mixin.py:109} INFO - [2022-04-13 08:47:54,211] {dag.py:2398} INFO - Sync 2 DAGs
[2022-04-13 08:47:54,227] {logging_mixin.py:109} INFO - [2022-04-13 08:47:54,227] {dag.py:2937} INFO - Setting next_dagrun for example_external_task_marker_child to None
[2022-04-13 08:47:54,227] {logging_mixin.py:109} INFO - [2022-04-13 08:47:54,227] {dag.py:2937} INFO - Setting next_dagrun for example_external_task_marker_parent to None
[2022-04-13 08:47:54,240] {processor.py:171} INFO - Processing /home/airflow/.local/lib/python3.7/site-packages/airflow/example_dags/example_external_task_marker_dag.py took 0.069 seconds
[2022-04-13 08:48:24,604] {processor.py:163} INFO - Started process (PID=620) to work on /home/airflow/.local/lib/python3.7/site-packages/airflow/example_dags/example_external_task_marker_dag.py
[2022-04-13 08:48:24,605] {processor.py:642} INFO - Processing file /home/airflow/.local/lib/python3.7/site-packages/airflow/example_dags/example_external_task_marker_dag.py for tasks to queue
[2022-04-13 08:48:24,605] {logging_mixin.py:109} INFO - [2022-04-13 08:48:24,605] {dagbag.py:500} INFO - Filling up the DagBag from /home/airflow/.local/lib/python3.7/site-packages/airflow/example_dags/example_external_task_marker_dag.py
[2022-04-13 08:48:24,617] {processor.py:652} INFO - DAG(s) dict_keys(['example_external_task_marker_parent', 'example_external_task_marker_child']) retrieved from /home/airflow/.local/lib/python3.7/site-packages/airflow/example_dags/example_external_task_marker_dag.py
[2022-04-13 08:48:24,647] {logging_mixin.py:109} INFO - [2022-04-13 08:48:24,646] {dag.py:2398} INFO - Sync 2 DAGs
[2022-04-13 08:48:24,667] {logging_mixin.py:109} INFO - [2022-04-13 08:48:24,667] {dag.py:2937} INFO - Setting next_dagrun for example_external_task_marker_child to None
[2022-04-13 08:48:24,668] {logging_mixin.py:109} INFO - [2022-04-13 08:48:24,668] {dag.py:2937} INFO - Setting next_dagrun for example_external_task_marker_parent to None
[2022-04-13 08:48:24,680] {processor.py:171} INFO - Processing /home/airflow/.local/lib/python3.7/site-packages/airflow/example_dags/example_external_task_marker_dag.py took 0.079 seconds
[2022-04-13 08:52:11,327] {processor.py:163} INFO - Started process (PID=65) to work on /home/airflow/.local/lib/python3.7/site-packages/airflow/example_dags/example_external_task_marker_dag.py
[2022-04-13 08:52:11,330] {processor.py:642} INFO - Processing file /home/airflow/.local/lib/python3.7/site-packages/airflow/example_dags/example_external_task_marker_dag.py for tasks to queue
[2022-04-13 08:52:11,331] {logging_mixin.py:109} INFO - [2022-04-13 08:52:11,330] {dagbag.py:500} INFO - Filling up the DagBag from /home/airflow/.local/lib/python3.7/site-packages/airflow/example_dags/example_external_task_marker_dag.py
[2022-04-13 08:52:11,353] {processor.py:652} INFO - DAG(s) dict_keys(['example_external_task_marker_parent', 'example_external_task_marker_child']) retrieved from /home/airflow/.local/lib/python3.7/site-packages/airflow/example_dags/example_external_task_marker_dag.py
[2022-04-13 08:52:11,405] {logging_mixin.py:109} INFO - [2022-04-13 08:52:11,405] {dag.py:2398} INFO - Sync 2 DAGs
[2022-04-13 08:52:11,439] {logging_mixin.py:109} INFO - [2022-04-13 08:52:11,439] {dag.py:2937} INFO - Setting next_dagrun for example_external_task_marker_child to None
[2022-04-13 08:52:11,439] {logging_mixin.py:109} INFO - [2022-04-13 08:52:11,439] {dag.py:2937} INFO - Setting next_dagrun for example_external_task_marker_parent to None
[2022-04-13 08:52:11,461] {processor.py:171} INFO - Processing /home/airflow/.local/lib/python3.7/site-packages/airflow/example_dags/example_external_task_marker_dag.py took 0.138 seconds
[2022-04-13 08:54:28,122] {processor.py:163} INFO - Started process (PID=69) to work on /home/airflow/.local/lib/python3.7/site-packages/airflow/example_dags/example_external_task_marker_dag.py
[2022-04-13 08:54:28,123] {processor.py:642} INFO - Processing file /home/airflow/.local/lib/python3.7/site-packages/airflow/example_dags/example_external_task_marker_dag.py for tasks to queue
[2022-04-13 08:54:28,124] {logging_mixin.py:109} INFO - [2022-04-13 08:54:28,124] {dagbag.py:500} INFO - Filling up the DagBag from /home/airflow/.local/lib/python3.7/site-packages/airflow/example_dags/example_external_task_marker_dag.py
[2022-04-13 08:54:28,148] {processor.py:652} INFO - DAG(s) dict_keys(['example_external_task_marker_parent', 'example_external_task_marker_child']) retrieved from /home/airflow/.local/lib/python3.7/site-packages/airflow/example_dags/example_external_task_marker_dag.py
[2022-04-13 08:54:28,179] {logging_mixin.py:109} INFO - [2022-04-13 08:54:28,179] {dag.py:2398} INFO - Sync 2 DAGs
[2022-04-13 08:54:28,197] {logging_mixin.py:109} INFO - [2022-04-13 08:54:28,197] {dag.py:2937} INFO - Setting next_dagrun for example_external_task_marker_child to None
[2022-04-13 08:54:28,197] {logging_mixin.py:109} INFO - [2022-04-13 08:54:28,197] {dag.py:2937} INFO - Setting next_dagrun for example_external_task_marker_parent to None
[2022-04-13 08:54:28,212] {processor.py:171} INFO - Processing /home/airflow/.local/lib/python3.7/site-packages/airflow/example_dags/example_external_task_marker_dag.py took 0.094 seconds
[2022-04-13 08:54:58,839] {processor.py:163} INFO - Started process (PID=121) to work on /home/airflow/.local/lib/python3.7/site-packages/airflow/example_dags/example_external_task_marker_dag.py
[2022-04-13 08:54:58,840] {processor.py:642} INFO - Processing file /home/airflow/.local/lib/python3.7/site-packages/airflow/example_dags/example_external_task_marker_dag.py for tasks to queue
[2022-04-13 08:54:58,841] {logging_mixin.py:109} INFO - [2022-04-13 08:54:58,841] {dagbag.py:500} INFO - Filling up the DagBag from /home/airflow/.local/lib/python3.7/site-packages/airflow/example_dags/example_external_task_marker_dag.py
[2022-04-13 08:54:58,863] {processor.py:652} INFO - DAG(s) dict_keys(['example_external_task_marker_parent', 'example_external_task_marker_child']) retrieved from /home/airflow/.local/lib/python3.7/site-packages/airflow/example_dags/example_external_task_marker_dag.py
[2022-04-13 08:54:58,887] {logging_mixin.py:109} INFO - [2022-04-13 08:54:58,887] {dag.py:2398} INFO - Sync 2 DAGs
[2022-04-13 08:54:58,902] {logging_mixin.py:109} INFO - [2022-04-13 08:54:58,902] {dag.py:2937} INFO - Setting next_dagrun for example_external_task_marker_child to None
[2022-04-13 08:54:58,902] {logging_mixin.py:109} INFO - [2022-04-13 08:54:58,902] {dag.py:2937} INFO - Setting next_dagrun for example_external_task_marker_parent to None
[2022-04-13 08:54:58,915] {processor.py:171} INFO - Processing /home/airflow/.local/lib/python3.7/site-packages/airflow/example_dags/example_external_task_marker_dag.py took 0.078 seconds
[2022-04-13 08:55:30,032] {processor.py:163} INFO - Started process (PID=181) to work on /home/airflow/.local/lib/python3.7/site-packages/airflow/example_dags/example_external_task_marker_dag.py
[2022-04-13 08:55:30,033] {processor.py:642} INFO - Processing file /home/airflow/.local/lib/python3.7/site-packages/airflow/example_dags/example_external_task_marker_dag.py for tasks to queue
[2022-04-13 08:55:30,034] {logging_mixin.py:109} INFO - [2022-04-13 08:55:30,033] {dagbag.py:500} INFO - Filling up the DagBag from /home/airflow/.local/lib/python3.7/site-packages/airflow/example_dags/example_external_task_marker_dag.py
[2022-04-13 08:55:30,052] {processor.py:652} INFO - DAG(s) dict_keys(['example_external_task_marker_parent', 'example_external_task_marker_child']) retrieved from /home/airflow/.local/lib/python3.7/site-packages/airflow/example_dags/example_external_task_marker_dag.py
[2022-04-13 08:55:30,079] {logging_mixin.py:109} INFO - [2022-04-13 08:55:30,079] {dag.py:2398} INFO - Sync 2 DAGs
[2022-04-13 08:55:30,097] {logging_mixin.py:109} INFO - [2022-04-13 08:55:30,097] {dag.py:2937} INFO - Setting next_dagrun for example_external_task_marker_child to None
[2022-04-13 08:55:30,097] {logging_mixin.py:109} INFO - [2022-04-13 08:55:30,097] {dag.py:2937} INFO - Setting next_dagrun for example_external_task_marker_parent to None
[2022-04-13 08:55:30,109] {processor.py:171} INFO - Processing /home/airflow/.local/lib/python3.7/site-packages/airflow/example_dags/example_external_task_marker_dag.py took 0.080 seconds
[2022-04-13 08:56:02,079] {processor.py:163} INFO - Started process (PID=242) to work on /home/airflow/.local/lib/python3.7/site-packages/airflow/example_dags/example_external_task_marker_dag.py
[2022-04-13 08:56:02,080] {processor.py:642} INFO - Processing file /home/airflow/.local/lib/python3.7/site-packages/airflow/example_dags/example_external_task_marker_dag.py for tasks to queue
[2022-04-13 08:56:02,081] {logging_mixin.py:109} INFO - [2022-04-13 08:56:02,081] {dagbag.py:500} INFO - Filling up the DagBag from /home/airflow/.local/lib/python3.7/site-packages/airflow/example_dags/example_external_task_marker_dag.py
[2022-04-13 08:56:02,096] {processor.py:652} INFO - DAG(s) dict_keys(['example_external_task_marker_parent', 'example_external_task_marker_child']) retrieved from /home/airflow/.local/lib/python3.7/site-packages/airflow/example_dags/example_external_task_marker_dag.py
[2022-04-13 08:56:02,129] {logging_mixin.py:109} INFO - [2022-04-13 08:56:02,128] {dag.py:2398} INFO - Sync 2 DAGs
[2022-04-13 08:56:02,151] {logging_mixin.py:109} INFO - [2022-04-13 08:56:02,151] {dag.py:2937} INFO - Setting next_dagrun for example_external_task_marker_child to None
[2022-04-13 08:56:02,152] {logging_mixin.py:109} INFO - [2022-04-13 08:56:02,152] {dag.py:2937} INFO - Setting next_dagrun for example_external_task_marker_parent to None
[2022-04-13 08:56:02,170] {processor.py:171} INFO - Processing /home/airflow/.local/lib/python3.7/site-packages/airflow/example_dags/example_external_task_marker_dag.py took 0.096 seconds
[2022-04-13 08:56:32,799] {processor.py:163} INFO - Started process (PID=294) to work on /home/airflow/.local/lib/python3.7/site-packages/airflow/example_dags/example_external_task_marker_dag.py
[2022-04-13 08:56:32,800] {processor.py:642} INFO - Processing file /home/airflow/.local/lib/python3.7/site-packages/airflow/example_dags/example_external_task_marker_dag.py for tasks to queue
[2022-04-13 08:56:32,801] {logging_mixin.py:109} INFO - [2022-04-13 08:56:32,801] {dagbag.py:500} INFO - Filling up the DagBag from /home/airflow/.local/lib/python3.7/site-packages/airflow/example_dags/example_external_task_marker_dag.py
[2022-04-13 08:56:32,818] {processor.py:652} INFO - DAG(s) dict_keys(['example_external_task_marker_parent', 'example_external_task_marker_child']) retrieved from /home/airflow/.local/lib/python3.7/site-packages/airflow/example_dags/example_external_task_marker_dag.py
[2022-04-13 08:56:32,853] {logging_mixin.py:109} INFO - [2022-04-13 08:56:32,853] {dag.py:2398} INFO - Sync 2 DAGs
[2022-04-13 08:56:32,873] {logging_mixin.py:109} INFO - [2022-04-13 08:56:32,873] {dag.py:2937} INFO - Setting next_dagrun for example_external_task_marker_child to None
[2022-04-13 08:56:32,874] {logging_mixin.py:109} INFO - [2022-04-13 08:56:32,874] {dag.py:2937} INFO - Setting next_dagrun for example_external_task_marker_parent to None
[2022-04-13 08:56:32,889] {processor.py:171} INFO - Processing /home/airflow/.local/lib/python3.7/site-packages/airflow/example_dags/example_external_task_marker_dag.py took 0.092 seconds
[2022-04-13 08:57:03,856] {processor.py:163} INFO - Started process (PID=354) to work on /home/airflow/.local/lib/python3.7/site-packages/airflow/example_dags/example_external_task_marker_dag.py
[2022-04-13 08:57:03,857] {processor.py:642} INFO - Processing file /home/airflow/.local/lib/python3.7/site-packages/airflow/example_dags/example_external_task_marker_dag.py for tasks to queue
[2022-04-13 08:57:03,858] {logging_mixin.py:109} INFO - [2022-04-13 08:57:03,858] {dagbag.py:500} INFO - Filling up the DagBag from /home/airflow/.local/lib/python3.7/site-packages/airflow/example_dags/example_external_task_marker_dag.py
[2022-04-13 08:57:03,872] {processor.py:652} INFO - DAG(s) dict_keys(['example_external_task_marker_parent', 'example_external_task_marker_child']) retrieved from /home/airflow/.local/lib/python3.7/site-packages/airflow/example_dags/example_external_task_marker_dag.py
[2022-04-13 08:57:03,896] {logging_mixin.py:109} INFO - [2022-04-13 08:57:03,895] {dag.py:2398} INFO - Sync 2 DAGs
[2022-04-13 08:57:03,913] {logging_mixin.py:109} INFO - [2022-04-13 08:57:03,913] {dag.py:2937} INFO - Setting next_dagrun for example_external_task_marker_child to None
[2022-04-13 08:57:03,913] {logging_mixin.py:109} INFO - [2022-04-13 08:57:03,913] {dag.py:2937} INFO - Setting next_dagrun for example_external_task_marker_parent to None
[2022-04-13 08:57:03,926] {processor.py:171} INFO - Processing /home/airflow/.local/lib/python3.7/site-packages/airflow/example_dags/example_external_task_marker_dag.py took 0.073 seconds
[2022-04-13 08:57:34,280] {processor.py:163} INFO - Started process (PID=404) to work on /home/airflow/.local/lib/python3.7/site-packages/airflow/example_dags/example_external_task_marker_dag.py
[2022-04-13 08:57:34,281] {processor.py:642} INFO - Processing file /home/airflow/.local/lib/python3.7/site-packages/airflow/example_dags/example_external_task_marker_dag.py for tasks to queue
[2022-04-13 08:57:34,281] {logging_mixin.py:109} INFO - [2022-04-13 08:57:34,281] {dagbag.py:500} INFO - Filling up the DagBag from /home/airflow/.local/lib/python3.7/site-packages/airflow/example_dags/example_external_task_marker_dag.py
[2022-04-13 08:57:34,294] {processor.py:652} INFO - DAG(s) dict_keys(['example_external_task_marker_parent', 'example_external_task_marker_child']) retrieved from /home/airflow/.local/lib/python3.7/site-packages/airflow/example_dags/example_external_task_marker_dag.py
[2022-04-13 08:57:34,317] {logging_mixin.py:109} INFO - [2022-04-13 08:57:34,317] {dag.py:2398} INFO - Sync 2 DAGs
[2022-04-13 08:57:34,332] {logging_mixin.py:109} INFO - [2022-04-13 08:57:34,332] {dag.py:2937} INFO - Setting next_dagrun for example_external_task_marker_child to None
[2022-04-13 08:57:34,332] {logging_mixin.py:109} INFO - [2022-04-13 08:57:34,332] {dag.py:2937} INFO - Setting next_dagrun for example_external_task_marker_parent to None
[2022-04-13 08:57:34,346] {processor.py:171} INFO - Processing /home/airflow/.local/lib/python3.7/site-packages/airflow/example_dags/example_external_task_marker_dag.py took 0.068 seconds
[2022-04-13 08:58:05,477] {processor.py:163} INFO - Started process (PID=465) to work on /home/airflow/.local/lib/python3.7/site-packages/airflow/example_dags/example_external_task_marker_dag.py
[2022-04-13 08:58:05,478] {processor.py:642} INFO - Processing file /home/airflow/.local/lib/python3.7/site-packages/airflow/example_dags/example_external_task_marker_dag.py for tasks to queue
[2022-04-13 08:58:05,479] {logging_mixin.py:109} INFO - [2022-04-13 08:58:05,479] {dagbag.py:500} INFO - Filling up the DagBag from /home/airflow/.local/lib/python3.7/site-packages/airflow/example_dags/example_external_task_marker_dag.py
[2022-04-13 08:58:05,488] {processor.py:652} INFO - DAG(s) dict_keys(['example_external_task_marker_parent', 'example_external_task_marker_child']) retrieved from /home/airflow/.local/lib/python3.7/site-packages/airflow/example_dags/example_external_task_marker_dag.py
[2022-04-13 08:58:05,542] {logging_mixin.py:109} INFO - [2022-04-13 08:58:05,542] {dag.py:2398} INFO - Sync 2 DAGs
[2022-04-13 08:58:05,561] {logging_mixin.py:109} INFO - [2022-04-13 08:58:05,561] {dag.py:2937} INFO - Setting next_dagrun for example_external_task_marker_child to None
[2022-04-13 08:58:05,561] {logging_mixin.py:109} INFO - [2022-04-13 08:58:05,561] {dag.py:2937} INFO - Setting next_dagrun for example_external_task_marker_parent to None
[2022-04-13 08:58:05,571] {processor.py:171} INFO - Processing /home/airflow/.local/lib/python3.7/site-packages/airflow/example_dags/example_external_task_marker_dag.py took 0.097 seconds
[2022-04-13 08:58:35,849] {processor.py:163} INFO - Started process (PID=517) to work on /home/airflow/.local/lib/python3.7/site-packages/airflow/example_dags/example_external_task_marker_dag.py
[2022-04-13 08:58:35,851] {processor.py:642} INFO - Processing file /home/airflow/.local/lib/python3.7/site-packages/airflow/example_dags/example_external_task_marker_dag.py for tasks to queue
[2022-04-13 08:58:35,851] {logging_mixin.py:109} INFO - [2022-04-13 08:58:35,851] {dagbag.py:500} INFO - Filling up the DagBag from /home/airflow/.local/lib/python3.7/site-packages/airflow/example_dags/example_external_task_marker_dag.py
[2022-04-13 08:58:35,865] {processor.py:652} INFO - DAG(s) dict_keys(['example_external_task_marker_parent', 'example_external_task_marker_child']) retrieved from /home/airflow/.local/lib/python3.7/site-packages/airflow/example_dags/example_external_task_marker_dag.py
[2022-04-13 08:58:35,893] {logging_mixin.py:109} INFO - [2022-04-13 08:58:35,893] {dag.py:2398} INFO - Sync 2 DAGs
[2022-04-13 08:58:35,911] {logging_mixin.py:109} INFO - [2022-04-13 08:58:35,911] {dag.py:2937} INFO - Setting next_dagrun for example_external_task_marker_child to None
[2022-04-13 08:58:35,911] {logging_mixin.py:109} INFO - [2022-04-13 08:58:35,911] {dag.py:2937} INFO - Setting next_dagrun for example_external_task_marker_parent to None
[2022-04-13 08:58:35,923] {processor.py:171} INFO - Processing /home/airflow/.local/lib/python3.7/site-packages/airflow/example_dags/example_external_task_marker_dag.py took 0.076 seconds
[2022-04-13 08:59:06,800] {processor.py:163} INFO - Started process (PID=578) to work on /home/airflow/.local/lib/python3.7/site-packages/airflow/example_dags/example_external_task_marker_dag.py
[2022-04-13 08:59:06,802] {processor.py:642} INFO - Processing file /home/airflow/.local/lib/python3.7/site-packages/airflow/example_dags/example_external_task_marker_dag.py for tasks to queue
[2022-04-13 08:59:06,802] {logging_mixin.py:109} INFO - [2022-04-13 08:59:06,802] {dagbag.py:500} INFO - Filling up the DagBag from /home/airflow/.local/lib/python3.7/site-packages/airflow/example_dags/example_external_task_marker_dag.py
[2022-04-13 08:59:06,819] {processor.py:652} INFO - DAG(s) dict_keys(['example_external_task_marker_parent', 'example_external_task_marker_child']) retrieved from /home/airflow/.local/lib/python3.7/site-packages/airflow/example_dags/example_external_task_marker_dag.py
[2022-04-13 08:59:06,853] {logging_mixin.py:109} INFO - [2022-04-13 08:59:06,853] {dag.py:2398} INFO - Sync 2 DAGs
[2022-04-13 08:59:06,874] {logging_mixin.py:109} INFO - [2022-04-13 08:59:06,874] {dag.py:2937} INFO - Setting next_dagrun for example_external_task_marker_child to None
[2022-04-13 08:59:06,875] {logging_mixin.py:109} INFO - [2022-04-13 08:59:06,875] {dag.py:2937} INFO - Setting next_dagrun for example_external_task_marker_parent to None
[2022-04-13 08:59:06,893] {processor.py:171} INFO - Processing /home/airflow/.local/lib/python3.7/site-packages/airflow/example_dags/example_external_task_marker_dag.py took 0.096 seconds
[2022-04-13 08:59:37,405] {processor.py:163} INFO - Started process (PID=630) to work on /home/airflow/.local/lib/python3.7/site-packages/airflow/example_dags/example_external_task_marker_dag.py
[2022-04-13 08:59:37,406] {processor.py:642} INFO - Processing file /home/airflow/.local/lib/python3.7/site-packages/airflow/example_dags/example_external_task_marker_dag.py for tasks to queue
[2022-04-13 08:59:37,406] {logging_mixin.py:109} INFO - [2022-04-13 08:59:37,406] {dagbag.py:500} INFO - Filling up the DagBag from /home/airflow/.local/lib/python3.7/site-packages/airflow/example_dags/example_external_task_marker_dag.py
[2022-04-13 08:59:37,417] {processor.py:652} INFO - DAG(s) dict_keys(['example_external_task_marker_parent', 'example_external_task_marker_child']) retrieved from /home/airflow/.local/lib/python3.7/site-packages/airflow/example_dags/example_external_task_marker_dag.py
[2022-04-13 08:59:37,440] {logging_mixin.py:109} INFO - [2022-04-13 08:59:37,439] {dag.py:2398} INFO - Sync 2 DAGs
[2022-04-13 08:59:37,455] {logging_mixin.py:109} INFO - [2022-04-13 08:59:37,455] {dag.py:2937} INFO - Setting next_dagrun for example_external_task_marker_child to None
[2022-04-13 08:59:37,455] {logging_mixin.py:109} INFO - [2022-04-13 08:59:37,455] {dag.py:2937} INFO - Setting next_dagrun for example_external_task_marker_parent to None
[2022-04-13 08:59:37,465] {processor.py:171} INFO - Processing /home/airflow/.local/lib/python3.7/site-packages/airflow/example_dags/example_external_task_marker_dag.py took 0.062 seconds
[2022-04-13 09:00:08,258] {processor.py:163} INFO - Started process (PID=680) to work on /home/airflow/.local/lib/python3.7/site-packages/airflow/example_dags/example_external_task_marker_dag.py
[2022-04-13 09:00:08,260] {processor.py:642} INFO - Processing file /home/airflow/.local/lib/python3.7/site-packages/airflow/example_dags/example_external_task_marker_dag.py for tasks to queue
[2022-04-13 09:00:08,261] {logging_mixin.py:109} INFO - [2022-04-13 09:00:08,261] {dagbag.py:500} INFO - Filling up the DagBag from /home/airflow/.local/lib/python3.7/site-packages/airflow/example_dags/example_external_task_marker_dag.py
[2022-04-13 09:00:08,275] {processor.py:652} INFO - DAG(s) dict_keys(['example_external_task_marker_parent', 'example_external_task_marker_child']) retrieved from /home/airflow/.local/lib/python3.7/site-packages/airflow/example_dags/example_external_task_marker_dag.py
[2022-04-13 09:00:08,307] {logging_mixin.py:109} INFO - [2022-04-13 09:00:08,307] {dag.py:2398} INFO - Sync 2 DAGs
[2022-04-13 09:00:08,324] {logging_mixin.py:109} INFO - [2022-04-13 09:00:08,324] {dag.py:2937} INFO - Setting next_dagrun for example_external_task_marker_child to None
[2022-04-13 09:00:08,325] {logging_mixin.py:109} INFO - [2022-04-13 09:00:08,324] {dag.py:2937} INFO - Setting next_dagrun for example_external_task_marker_parent to None
[2022-04-13 09:00:08,342] {processor.py:171} INFO - Processing /home/airflow/.local/lib/python3.7/site-packages/airflow/example_dags/example_external_task_marker_dag.py took 0.087 seconds
[2022-04-13 09:00:39,272] {processor.py:163} INFO - Started process (PID=741) to work on /home/airflow/.local/lib/python3.7/site-packages/airflow/example_dags/example_external_task_marker_dag.py
[2022-04-13 09:00:39,273] {processor.py:642} INFO - Processing file /home/airflow/.local/lib/python3.7/site-packages/airflow/example_dags/example_external_task_marker_dag.py for tasks to queue
[2022-04-13 09:00:39,274] {logging_mixin.py:109} INFO - [2022-04-13 09:00:39,274] {dagbag.py:500} INFO - Filling up the DagBag from /home/airflow/.local/lib/python3.7/site-packages/airflow/example_dags/example_external_task_marker_dag.py
[2022-04-13 09:00:39,292] {processor.py:652} INFO - DAG(s) dict_keys(['example_external_task_marker_parent', 'example_external_task_marker_child']) retrieved from /home/airflow/.local/lib/python3.7/site-packages/airflow/example_dags/example_external_task_marker_dag.py
[2022-04-13 09:00:39,331] {logging_mixin.py:109} INFO - [2022-04-13 09:00:39,330] {dag.py:2398} INFO - Sync 2 DAGs
[2022-04-13 09:00:39,357] {logging_mixin.py:109} INFO - [2022-04-13 09:00:39,357] {dag.py:2937} INFO - Setting next_dagrun for example_external_task_marker_child to None
[2022-04-13 09:00:39,358] {logging_mixin.py:109} INFO - [2022-04-13 09:00:39,357] {dag.py:2937} INFO - Setting next_dagrun for example_external_task_marker_parent to None
[2022-04-13 09:00:39,379] {processor.py:171} INFO - Processing /home/airflow/.local/lib/python3.7/site-packages/airflow/example_dags/example_external_task_marker_dag.py took 0.109 seconds
[2022-04-13 09:01:10,195] {processor.py:163} INFO - Started process (PID=792) to work on /home/airflow/.local/lib/python3.7/site-packages/airflow/example_dags/example_external_task_marker_dag.py
[2022-04-13 09:01:10,196] {processor.py:642} INFO - Processing file /home/airflow/.local/lib/python3.7/site-packages/airflow/example_dags/example_external_task_marker_dag.py for tasks to queue
[2022-04-13 09:01:10,196] {logging_mixin.py:109} INFO - [2022-04-13 09:01:10,196] {dagbag.py:500} INFO - Filling up the DagBag from /home/airflow/.local/lib/python3.7/site-packages/airflow/example_dags/example_external_task_marker_dag.py
[2022-04-13 09:01:10,210] {processor.py:652} INFO - DAG(s) dict_keys(['example_external_task_marker_parent', 'example_external_task_marker_child']) retrieved from /home/airflow/.local/lib/python3.7/site-packages/airflow/example_dags/example_external_task_marker_dag.py
[2022-04-13 09:01:10,242] {logging_mixin.py:109} INFO - [2022-04-13 09:01:10,241] {dag.py:2398} INFO - Sync 2 DAGs
[2022-04-13 09:01:10,266] {logging_mixin.py:109} INFO - [2022-04-13 09:01:10,266] {dag.py:2937} INFO - Setting next_dagrun for example_external_task_marker_child to None
[2022-04-13 09:01:10,267] {logging_mixin.py:109} INFO - [2022-04-13 09:01:10,267] {dag.py:2937} INFO - Setting next_dagrun for example_external_task_marker_parent to None
[2022-04-13 09:01:10,281] {processor.py:171} INFO - Processing /home/airflow/.local/lib/python3.7/site-packages/airflow/example_dags/example_external_task_marker_dag.py took 0.089 seconds
[2022-04-13 09:01:40,761] {processor.py:163} INFO - Started process (PID=844) to work on /home/airflow/.local/lib/python3.7/site-packages/airflow/example_dags/example_external_task_marker_dag.py
[2022-04-13 09:01:40,761] {processor.py:642} INFO - Processing file /home/airflow/.local/lib/python3.7/site-packages/airflow/example_dags/example_external_task_marker_dag.py for tasks to queue
[2022-04-13 09:01:40,762] {logging_mixin.py:109} INFO - [2022-04-13 09:01:40,762] {dagbag.py:500} INFO - Filling up the DagBag from /home/airflow/.local/lib/python3.7/site-packages/airflow/example_dags/example_external_task_marker_dag.py
[2022-04-13 09:01:40,776] {processor.py:652} INFO - DAG(s) dict_keys(['example_external_task_marker_parent', 'example_external_task_marker_child']) retrieved from /home/airflow/.local/lib/python3.7/site-packages/airflow/example_dags/example_external_task_marker_dag.py
[2022-04-13 09:01:40,804] {logging_mixin.py:109} INFO - [2022-04-13 09:01:40,804] {dag.py:2398} INFO - Sync 2 DAGs
[2022-04-13 09:01:40,823] {logging_mixin.py:109} INFO - [2022-04-13 09:01:40,823] {dag.py:2937} INFO - Setting next_dagrun for example_external_task_marker_child to None
[2022-04-13 09:01:40,823] {logging_mixin.py:109} INFO - [2022-04-13 09:01:40,823] {dag.py:2937} INFO - Setting next_dagrun for example_external_task_marker_parent to None
[2022-04-13 09:01:40,837] {processor.py:171} INFO - Processing /home/airflow/.local/lib/python3.7/site-packages/airflow/example_dags/example_external_task_marker_dag.py took 0.079 seconds
[2022-04-13 09:02:11,623] {processor.py:163} INFO - Started process (PID=903) to work on /home/airflow/.local/lib/python3.7/site-packages/airflow/example_dags/example_external_task_marker_dag.py
[2022-04-13 09:02:11,625] {processor.py:642} INFO - Processing file /home/airflow/.local/lib/python3.7/site-packages/airflow/example_dags/example_external_task_marker_dag.py for tasks to queue
[2022-04-13 09:02:11,626] {logging_mixin.py:109} INFO - [2022-04-13 09:02:11,625] {dagbag.py:500} INFO - Filling up the DagBag from /home/airflow/.local/lib/python3.7/site-packages/airflow/example_dags/example_external_task_marker_dag.py
[2022-04-13 09:02:11,641] {processor.py:652} INFO - DAG(s) dict_keys(['example_external_task_marker_parent', 'example_external_task_marker_child']) retrieved from /home/airflow/.local/lib/python3.7/site-packages/airflow/example_dags/example_external_task_marker_dag.py
[2022-04-13 09:02:11,673] {logging_mixin.py:109} INFO - [2022-04-13 09:02:11,673] {dag.py:2398} INFO - Sync 2 DAGs
[2022-04-13 09:02:11,695] {logging_mixin.py:109} INFO - [2022-04-13 09:02:11,695] {dag.py:2937} INFO - Setting next_dagrun for example_external_task_marker_child to None
[2022-04-13 09:02:11,696] {logging_mixin.py:109} INFO - [2022-04-13 09:02:11,696] {dag.py:2937} INFO - Setting next_dagrun for example_external_task_marker_parent to None
[2022-04-13 09:02:11,710] {processor.py:171} INFO - Processing /home/airflow/.local/lib/python3.7/site-packages/airflow/example_dags/example_external_task_marker_dag.py took 0.089 seconds
[2022-04-13 09:02:41,854] {processor.py:163} INFO - Started process (PID=957) to work on /home/airflow/.local/lib/python3.7/site-packages/airflow/example_dags/example_external_task_marker_dag.py
[2022-04-13 09:02:41,855] {processor.py:642} INFO - Processing file /home/airflow/.local/lib/python3.7/site-packages/airflow/example_dags/example_external_task_marker_dag.py for tasks to queue
[2022-04-13 09:02:41,855] {logging_mixin.py:109} INFO - [2022-04-13 09:02:41,855] {dagbag.py:500} INFO - Filling up the DagBag from /home/airflow/.local/lib/python3.7/site-packages/airflow/example_dags/example_external_task_marker_dag.py
[2022-04-13 09:02:41,866] {processor.py:652} INFO - DAG(s) dict_keys(['example_external_task_marker_parent', 'example_external_task_marker_child']) retrieved from /home/airflow/.local/lib/python3.7/site-packages/airflow/example_dags/example_external_task_marker_dag.py
[2022-04-13 09:02:41,887] {logging_mixin.py:109} INFO - [2022-04-13 09:02:41,887] {dag.py:2398} INFO - Sync 2 DAGs
[2022-04-13 09:02:41,901] {logging_mixin.py:109} INFO - [2022-04-13 09:02:41,900] {dag.py:2937} INFO - Setting next_dagrun for example_external_task_marker_child to None
[2022-04-13 09:02:41,901] {logging_mixin.py:109} INFO - [2022-04-13 09:02:41,901] {dag.py:2937} INFO - Setting next_dagrun for example_external_task_marker_parent to None
[2022-04-13 09:02:41,913] {processor.py:171} INFO - Processing /home/airflow/.local/lib/python3.7/site-packages/airflow/example_dags/example_external_task_marker_dag.py took 0.062 seconds
[2022-04-13 09:03:13,854] {processor.py:163} INFO - Started process (PID=1007) to work on /home/airflow/.local/lib/python3.7/site-packages/airflow/example_dags/example_external_task_marker_dag.py
[2022-04-13 09:03:13,857] {processor.py:642} INFO - Processing file /home/airflow/.local/lib/python3.7/site-packages/airflow/example_dags/example_external_task_marker_dag.py for tasks to queue
[2022-04-13 09:03:13,858] {logging_mixin.py:109} INFO - [2022-04-13 09:03:13,858] {dagbag.py:500} INFO - Filling up the DagBag from /home/airflow/.local/lib/python3.7/site-packages/airflow/example_dags/example_external_task_marker_dag.py
[2022-04-13 09:03:13,874] {processor.py:652} INFO - DAG(s) dict_keys(['example_external_task_marker_parent', 'example_external_task_marker_child']) retrieved from /home/airflow/.local/lib/python3.7/site-packages/airflow/example_dags/example_external_task_marker_dag.py
[2022-04-13 09:03:13,907] {logging_mixin.py:109} INFO - [2022-04-13 09:03:13,906] {dag.py:2398} INFO - Sync 2 DAGs
[2022-04-13 09:03:13,933] {logging_mixin.py:109} INFO - [2022-04-13 09:03:13,933] {dag.py:2937} INFO - Setting next_dagrun for example_external_task_marker_child to None
[2022-04-13 09:03:13,933] {logging_mixin.py:109} INFO - [2022-04-13 09:03:13,933] {dag.py:2937} INFO - Setting next_dagrun for example_external_task_marker_parent to None
[2022-04-13 09:03:13,952] {processor.py:171} INFO - Processing /home/airflow/.local/lib/python3.7/site-packages/airflow/example_dags/example_external_task_marker_dag.py took 0.101 seconds
[2022-04-13 09:05:52,923] {processor.py:163} INFO - Started process (PID=67) to work on /home/airflow/.local/lib/python3.7/site-packages/airflow/example_dags/example_external_task_marker_dag.py
[2022-04-13 09:05:52,925] {processor.py:642} INFO - Processing file /home/airflow/.local/lib/python3.7/site-packages/airflow/example_dags/example_external_task_marker_dag.py for tasks to queue
[2022-04-13 09:05:52,925] {logging_mixin.py:109} INFO - [2022-04-13 09:05:52,925] {dagbag.py:500} INFO - Filling up the DagBag from /home/airflow/.local/lib/python3.7/site-packages/airflow/example_dags/example_external_task_marker_dag.py
[2022-04-13 09:05:52,941] {processor.py:652} INFO - DAG(s) dict_keys(['example_external_task_marker_parent', 'example_external_task_marker_child']) retrieved from /home/airflow/.local/lib/python3.7/site-packages/airflow/example_dags/example_external_task_marker_dag.py
[2022-04-13 09:05:52,970] {logging_mixin.py:109} INFO - [2022-04-13 09:05:52,970] {dag.py:2398} INFO - Sync 2 DAGs
[2022-04-13 09:05:52,990] {logging_mixin.py:109} INFO - [2022-04-13 09:05:52,990] {dag.py:2937} INFO - Setting next_dagrun for example_external_task_marker_child to None
[2022-04-13 09:05:52,990] {logging_mixin.py:109} INFO - [2022-04-13 09:05:52,990] {dag.py:2937} INFO - Setting next_dagrun for example_external_task_marker_parent to None
[2022-04-13 09:05:53,004] {processor.py:171} INFO - Processing /home/airflow/.local/lib/python3.7/site-packages/airflow/example_dags/example_external_task_marker_dag.py took 0.085 seconds
[2022-04-13 09:06:23,860] {processor.py:163} INFO - Started process (PID=118) to work on /home/airflow/.local/lib/python3.7/site-packages/airflow/example_dags/example_external_task_marker_dag.py
[2022-04-13 09:06:23,861] {processor.py:642} INFO - Processing file /home/airflow/.local/lib/python3.7/site-packages/airflow/example_dags/example_external_task_marker_dag.py for tasks to queue
[2022-04-13 09:06:23,862] {logging_mixin.py:109} INFO - [2022-04-13 09:06:23,862] {dagbag.py:500} INFO - Filling up the DagBag from /home/airflow/.local/lib/python3.7/site-packages/airflow/example_dags/example_external_task_marker_dag.py
[2022-04-13 09:06:23,883] {processor.py:652} INFO - DAG(s) dict_keys(['example_external_task_marker_parent', 'example_external_task_marker_child']) retrieved from /home/airflow/.local/lib/python3.7/site-packages/airflow/example_dags/example_external_task_marker_dag.py
[2022-04-13 09:06:23,927] {logging_mixin.py:109} INFO - [2022-04-13 09:06:23,927] {dag.py:2398} INFO - Sync 2 DAGs
[2022-04-13 09:06:23,953] {logging_mixin.py:109} INFO - [2022-04-13 09:06:23,953] {dag.py:2937} INFO - Setting next_dagrun for example_external_task_marker_child to None
[2022-04-13 09:06:23,953] {logging_mixin.py:109} INFO - [2022-04-13 09:06:23,953] {dag.py:2937} INFO - Setting next_dagrun for example_external_task_marker_parent to None
[2022-04-13 09:06:23,977] {processor.py:171} INFO - Processing /home/airflow/.local/lib/python3.7/site-packages/airflow/example_dags/example_external_task_marker_dag.py took 0.121 seconds
[2022-04-13 09:06:54,273] {processor.py:163} INFO - Started process (PID=179) to work on /home/airflow/.local/lib/python3.7/site-packages/airflow/example_dags/example_external_task_marker_dag.py
[2022-04-13 09:06:54,275] {processor.py:642} INFO - Processing file /home/airflow/.local/lib/python3.7/site-packages/airflow/example_dags/example_external_task_marker_dag.py for tasks to queue
[2022-04-13 09:06:54,275] {logging_mixin.py:109} INFO - [2022-04-13 09:06:54,275] {dagbag.py:500} INFO - Filling up the DagBag from /home/airflow/.local/lib/python3.7/site-packages/airflow/example_dags/example_external_task_marker_dag.py
[2022-04-13 09:06:54,292] {processor.py:652} INFO - DAG(s) dict_keys(['example_external_task_marker_parent', 'example_external_task_marker_child']) retrieved from /home/airflow/.local/lib/python3.7/site-packages/airflow/example_dags/example_external_task_marker_dag.py
[2022-04-13 09:06:54,315] {logging_mixin.py:109} INFO - [2022-04-13 09:06:54,315] {dag.py:2398} INFO - Sync 2 DAGs
[2022-04-13 09:06:54,335] {logging_mixin.py:109} INFO - [2022-04-13 09:06:54,335] {dag.py:2937} INFO - Setting next_dagrun for example_external_task_marker_child to None
[2022-04-13 09:06:54,335] {logging_mixin.py:109} INFO - [2022-04-13 09:06:54,335] {dag.py:2937} INFO - Setting next_dagrun for example_external_task_marker_parent to None
[2022-04-13 09:06:54,349] {processor.py:171} INFO - Processing /home/airflow/.local/lib/python3.7/site-packages/airflow/example_dags/example_external_task_marker_dag.py took 0.078 seconds
[2022-04-13 09:07:25,066] {processor.py:163} INFO - Started process (PID=230) to work on /home/airflow/.local/lib/python3.7/site-packages/airflow/example_dags/example_external_task_marker_dag.py
[2022-04-13 09:07:25,069] {processor.py:642} INFO - Processing file /home/airflow/.local/lib/python3.7/site-packages/airflow/example_dags/example_external_task_marker_dag.py for tasks to queue
[2022-04-13 09:07:25,070] {logging_mixin.py:109} INFO - [2022-04-13 09:07:25,070] {dagbag.py:500} INFO - Filling up the DagBag from /home/airflow/.local/lib/python3.7/site-packages/airflow/example_dags/example_external_task_marker_dag.py
[2022-04-13 09:07:25,093] {processor.py:652} INFO - DAG(s) dict_keys(['example_external_task_marker_parent', 'example_external_task_marker_child']) retrieved from /home/airflow/.local/lib/python3.7/site-packages/airflow/example_dags/example_external_task_marker_dag.py
[2022-04-13 09:07:25,126] {logging_mixin.py:109} INFO - [2022-04-13 09:07:25,126] {dag.py:2398} INFO - Sync 2 DAGs
[2022-04-13 09:07:25,150] {logging_mixin.py:109} INFO - [2022-04-13 09:07:25,150] {dag.py:2937} INFO - Setting next_dagrun for example_external_task_marker_child to None
[2022-04-13 09:07:25,151] {logging_mixin.py:109} INFO - [2022-04-13 09:07:25,150] {dag.py:2937} INFO - Setting next_dagrun for example_external_task_marker_parent to None
[2022-04-13 09:07:25,168] {processor.py:171} INFO - Processing /home/airflow/.local/lib/python3.7/site-packages/airflow/example_dags/example_external_task_marker_dag.py took 0.106 seconds
[2022-04-13 09:07:55,360] {processor.py:163} INFO - Started process (PID=281) to work on /home/airflow/.local/lib/python3.7/site-packages/airflow/example_dags/example_external_task_marker_dag.py
[2022-04-13 09:07:55,362] {processor.py:642} INFO - Processing file /home/airflow/.local/lib/python3.7/site-packages/airflow/example_dags/example_external_task_marker_dag.py for tasks to queue
[2022-04-13 09:07:55,363] {logging_mixin.py:109} INFO - [2022-04-13 09:07:55,362] {dagbag.py:500} INFO - Filling up the DagBag from /home/airflow/.local/lib/python3.7/site-packages/airflow/example_dags/example_external_task_marker_dag.py
[2022-04-13 09:07:55,386] {processor.py:652} INFO - DAG(s) dict_keys(['example_external_task_marker_parent', 'example_external_task_marker_child']) retrieved from /home/airflow/.local/lib/python3.7/site-packages/airflow/example_dags/example_external_task_marker_dag.py
[2022-04-13 09:07:55,412] {logging_mixin.py:109} INFO - [2022-04-13 09:07:55,412] {dag.py:2398} INFO - Sync 2 DAGs
[2022-04-13 09:07:55,430] {logging_mixin.py:109} INFO - [2022-04-13 09:07:55,430] {dag.py:2937} INFO - Setting next_dagrun for example_external_task_marker_child to None
[2022-04-13 09:07:55,430] {logging_mixin.py:109} INFO - [2022-04-13 09:07:55,430] {dag.py:2937} INFO - Setting next_dagrun for example_external_task_marker_parent to None
[2022-04-13 09:07:55,440] {processor.py:171} INFO - Processing /home/airflow/.local/lib/python3.7/site-packages/airflow/example_dags/example_external_task_marker_dag.py took 0.082 seconds
[2022-04-13 09:08:28,074] {processor.py:163} INFO - Started process (PID=342) to work on /home/airflow/.local/lib/python3.7/site-packages/airflow/example_dags/example_external_task_marker_dag.py
[2022-04-13 09:08:28,076] {processor.py:642} INFO - Processing file /home/airflow/.local/lib/python3.7/site-packages/airflow/example_dags/example_external_task_marker_dag.py for tasks to queue
[2022-04-13 09:08:28,077] {logging_mixin.py:109} INFO - [2022-04-13 09:08:28,077] {dagbag.py:500} INFO - Filling up the DagBag from /home/airflow/.local/lib/python3.7/site-packages/airflow/example_dags/example_external_task_marker_dag.py
[2022-04-13 09:08:28,103] {processor.py:652} INFO - DAG(s) dict_keys(['example_external_task_marker_parent', 'example_external_task_marker_child']) retrieved from /home/airflow/.local/lib/python3.7/site-packages/airflow/example_dags/example_external_task_marker_dag.py
[2022-04-13 09:08:28,139] {logging_mixin.py:109} INFO - [2022-04-13 09:08:28,139] {dag.py:2398} INFO - Sync 2 DAGs
[2022-04-13 09:08:28,163] {logging_mixin.py:109} INFO - [2022-04-13 09:08:28,162] {dag.py:2937} INFO - Setting next_dagrun for example_external_task_marker_child to None
[2022-04-13 09:08:28,163] {logging_mixin.py:109} INFO - [2022-04-13 09:08:28,163] {dag.py:2937} INFO - Setting next_dagrun for example_external_task_marker_parent to None
[2022-04-13 09:08:28,179] {processor.py:171} INFO - Processing /home/airflow/.local/lib/python3.7/site-packages/airflow/example_dags/example_external_task_marker_dag.py took 0.108 seconds
[2022-04-13 09:08:59,025] {processor.py:163} INFO - Started process (PID=394) to work on /home/airflow/.local/lib/python3.7/site-packages/airflow/example_dags/example_external_task_marker_dag.py
[2022-04-13 09:08:59,027] {processor.py:642} INFO - Processing file /home/airflow/.local/lib/python3.7/site-packages/airflow/example_dags/example_external_task_marker_dag.py for tasks to queue
[2022-04-13 09:08:59,027] {logging_mixin.py:109} INFO - [2022-04-13 09:08:59,027] {dagbag.py:500} INFO - Filling up the DagBag from /home/airflow/.local/lib/python3.7/site-packages/airflow/example_dags/example_external_task_marker_dag.py
[2022-04-13 09:08:59,053] {processor.py:652} INFO - DAG(s) dict_keys(['example_external_task_marker_parent', 'example_external_task_marker_child']) retrieved from /home/airflow/.local/lib/python3.7/site-packages/airflow/example_dags/example_external_task_marker_dag.py
[2022-04-13 09:08:59,090] {logging_mixin.py:109} INFO - [2022-04-13 09:08:59,090] {dag.py:2398} INFO - Sync 2 DAGs
[2022-04-13 09:08:59,121] {logging_mixin.py:109} INFO - [2022-04-13 09:08:59,121] {dag.py:2937} INFO - Setting next_dagrun for example_external_task_marker_child to None
[2022-04-13 09:08:59,121] {logging_mixin.py:109} INFO - [2022-04-13 09:08:59,121] {dag.py:2937} INFO - Setting next_dagrun for example_external_task_marker_parent to None
[2022-04-13 09:08:59,138] {processor.py:171} INFO - Processing /home/airflow/.local/lib/python3.7/site-packages/airflow/example_dags/example_external_task_marker_dag.py took 0.116 seconds
[2022-04-13 09:09:29,687] {processor.py:163} INFO - Started process (PID=455) to work on /home/airflow/.local/lib/python3.7/site-packages/airflow/example_dags/example_external_task_marker_dag.py
[2022-04-13 09:09:29,689] {processor.py:642} INFO - Processing file /home/airflow/.local/lib/python3.7/site-packages/airflow/example_dags/example_external_task_marker_dag.py for tasks to queue
[2022-04-13 09:09:29,689] {logging_mixin.py:109} INFO - [2022-04-13 09:09:29,689] {dagbag.py:500} INFO - Filling up the DagBag from /home/airflow/.local/lib/python3.7/site-packages/airflow/example_dags/example_external_task_marker_dag.py
[2022-04-13 09:09:29,709] {processor.py:652} INFO - DAG(s) dict_keys(['example_external_task_marker_parent', 'example_external_task_marker_child']) retrieved from /home/airflow/.local/lib/python3.7/site-packages/airflow/example_dags/example_external_task_marker_dag.py
[2022-04-13 09:09:29,744] {logging_mixin.py:109} INFO - [2022-04-13 09:09:29,744] {dag.py:2398} INFO - Sync 2 DAGs
[2022-04-13 09:09:29,769] {logging_mixin.py:109} INFO - [2022-04-13 09:09:29,769] {dag.py:2937} INFO - Setting next_dagrun for example_external_task_marker_child to None
[2022-04-13 09:09:29,770] {logging_mixin.py:109} INFO - [2022-04-13 09:09:29,770] {dag.py:2937} INFO - Setting next_dagrun for example_external_task_marker_parent to None
[2022-04-13 09:09:29,793] {processor.py:171} INFO - Processing /home/airflow/.local/lib/python3.7/site-packages/airflow/example_dags/example_external_task_marker_dag.py took 0.108 seconds
[2022-04-13 09:10:00,640] {processor.py:163} INFO - Started process (PID=506) to work on /home/airflow/.local/lib/python3.7/site-packages/airflow/example_dags/example_external_task_marker_dag.py
[2022-04-13 09:10:00,641] {processor.py:642} INFO - Processing file /home/airflow/.local/lib/python3.7/site-packages/airflow/example_dags/example_external_task_marker_dag.py for tasks to queue
[2022-04-13 09:10:00,642] {logging_mixin.py:109} INFO - [2022-04-13 09:10:00,642] {dagbag.py:500} INFO - Filling up the DagBag from /home/airflow/.local/lib/python3.7/site-packages/airflow/example_dags/example_external_task_marker_dag.py
[2022-04-13 09:10:00,659] {processor.py:652} INFO - DAG(s) dict_keys(['example_external_task_marker_parent', 'example_external_task_marker_child']) retrieved from /home/airflow/.local/lib/python3.7/site-packages/airflow/example_dags/example_external_task_marker_dag.py
[2022-04-13 09:10:00,688] {logging_mixin.py:109} INFO - [2022-04-13 09:10:00,688] {dag.py:2398} INFO - Sync 2 DAGs
[2022-04-13 09:10:00,711] {logging_mixin.py:109} INFO - [2022-04-13 09:10:00,711] {dag.py:2937} INFO - Setting next_dagrun for example_external_task_marker_child to None
[2022-04-13 09:10:00,712] {logging_mixin.py:109} INFO - [2022-04-13 09:10:00,712] {dag.py:2937} INFO - Setting next_dagrun for example_external_task_marker_parent to None
[2022-04-13 09:10:00,735] {processor.py:171} INFO - Processing /home/airflow/.local/lib/python3.7/site-packages/airflow/example_dags/example_external_task_marker_dag.py took 0.099 seconds
[2022-04-13 09:10:31,955] {processor.py:163} INFO - Started process (PID=566) to work on /home/airflow/.local/lib/python3.7/site-packages/airflow/example_dags/example_external_task_marker_dag.py
[2022-04-13 09:10:31,956] {processor.py:642} INFO - Processing file /home/airflow/.local/lib/python3.7/site-packages/airflow/example_dags/example_external_task_marker_dag.py for tasks to queue
[2022-04-13 09:10:31,957] {logging_mixin.py:109} INFO - [2022-04-13 09:10:31,957] {dagbag.py:500} INFO - Filling up the DagBag from /home/airflow/.local/lib/python3.7/site-packages/airflow/example_dags/example_external_task_marker_dag.py
[2022-04-13 09:10:31,973] {processor.py:652} INFO - DAG(s) dict_keys(['example_external_task_marker_parent', 'example_external_task_marker_child']) retrieved from /home/airflow/.local/lib/python3.7/site-packages/airflow/example_dags/example_external_task_marker_dag.py
[2022-04-13 09:10:32,000] {logging_mixin.py:109} INFO - [2022-04-13 09:10:32,000] {dag.py:2398} INFO - Sync 2 DAGs
[2022-04-13 09:10:32,021] {logging_mixin.py:109} INFO - [2022-04-13 09:10:32,021] {dag.py:2937} INFO - Setting next_dagrun for example_external_task_marker_child to None
[2022-04-13 09:10:32,022] {logging_mixin.py:109} INFO - [2022-04-13 09:10:32,021] {dag.py:2937} INFO - Setting next_dagrun for example_external_task_marker_parent to None
[2022-04-13 09:10:32,037] {processor.py:171} INFO - Processing /home/airflow/.local/lib/python3.7/site-packages/airflow/example_dags/example_external_task_marker_dag.py took 0.084 seconds
[2022-04-13 09:11:02,964] {processor.py:163} INFO - Started process (PID=617) to work on /home/airflow/.local/lib/python3.7/site-packages/airflow/example_dags/example_external_task_marker_dag.py
[2022-04-13 09:11:02,966] {processor.py:642} INFO - Processing file /home/airflow/.local/lib/python3.7/site-packages/airflow/example_dags/example_external_task_marker_dag.py for tasks to queue
[2022-04-13 09:11:02,966] {logging_mixin.py:109} INFO - [2022-04-13 09:11:02,966] {dagbag.py:500} INFO - Filling up the DagBag from /home/airflow/.local/lib/python3.7/site-packages/airflow/example_dags/example_external_task_marker_dag.py
[2022-04-13 09:11:02,980] {processor.py:652} INFO - DAG(s) dict_keys(['example_external_task_marker_parent', 'example_external_task_marker_child']) retrieved from /home/airflow/.local/lib/python3.7/site-packages/airflow/example_dags/example_external_task_marker_dag.py
[2022-04-13 09:11:03,009] {logging_mixin.py:109} INFO - [2022-04-13 09:11:03,009] {dag.py:2398} INFO - Sync 2 DAGs
[2022-04-13 09:11:03,029] {logging_mixin.py:109} INFO - [2022-04-13 09:11:03,029] {dag.py:2937} INFO - Setting next_dagrun for example_external_task_marker_child to None
[2022-04-13 09:11:03,030] {logging_mixin.py:109} INFO - [2022-04-13 09:11:03,030] {dag.py:2937} INFO - Setting next_dagrun for example_external_task_marker_parent to None
[2022-04-13 09:11:03,044] {processor.py:171} INFO - Processing /home/airflow/.local/lib/python3.7/site-packages/airflow/example_dags/example_external_task_marker_dag.py took 0.083 seconds
[2022-04-13 09:11:33,788] {processor.py:163} INFO - Started process (PID=667) to work on /home/airflow/.local/lib/python3.7/site-packages/airflow/example_dags/example_external_task_marker_dag.py
[2022-04-13 09:11:33,790] {processor.py:642} INFO - Processing file /home/airflow/.local/lib/python3.7/site-packages/airflow/example_dags/example_external_task_marker_dag.py for tasks to queue
[2022-04-13 09:11:33,790] {logging_mixin.py:109} INFO - [2022-04-13 09:11:33,790] {dagbag.py:500} INFO - Filling up the DagBag from /home/airflow/.local/lib/python3.7/site-packages/airflow/example_dags/example_external_task_marker_dag.py
[2022-04-13 09:11:33,810] {processor.py:652} INFO - DAG(s) dict_keys(['example_external_task_marker_parent', 'example_external_task_marker_child']) retrieved from /home/airflow/.local/lib/python3.7/site-packages/airflow/example_dags/example_external_task_marker_dag.py
[2022-04-13 09:11:33,839] {logging_mixin.py:109} INFO - [2022-04-13 09:11:33,839] {dag.py:2398} INFO - Sync 2 DAGs
[2022-04-13 09:11:33,856] {logging_mixin.py:109} INFO - [2022-04-13 09:11:33,856] {dag.py:2937} INFO - Setting next_dagrun for example_external_task_marker_child to None
[2022-04-13 09:11:33,857] {logging_mixin.py:109} INFO - [2022-04-13 09:11:33,857] {dag.py:2937} INFO - Setting next_dagrun for example_external_task_marker_parent to None
[2022-04-13 09:11:33,869] {processor.py:171} INFO - Processing /home/airflow/.local/lib/python3.7/site-packages/airflow/example_dags/example_external_task_marker_dag.py took 0.084 seconds
[2022-04-13 09:12:05,009] {processor.py:163} INFO - Started process (PID=728) to work on /home/airflow/.local/lib/python3.7/site-packages/airflow/example_dags/example_external_task_marker_dag.py
[2022-04-13 09:12:05,010] {processor.py:642} INFO - Processing file /home/airflow/.local/lib/python3.7/site-packages/airflow/example_dags/example_external_task_marker_dag.py for tasks to queue
[2022-04-13 09:12:05,011] {logging_mixin.py:109} INFO - [2022-04-13 09:12:05,011] {dagbag.py:500} INFO - Filling up the DagBag from /home/airflow/.local/lib/python3.7/site-packages/airflow/example_dags/example_external_task_marker_dag.py
[2022-04-13 09:12:05,025] {processor.py:652} INFO - DAG(s) dict_keys(['example_external_task_marker_parent', 'example_external_task_marker_child']) retrieved from /home/airflow/.local/lib/python3.7/site-packages/airflow/example_dags/example_external_task_marker_dag.py
[2022-04-13 09:12:05,124] {logging_mixin.py:109} INFO - [2022-04-13 09:12:05,124] {dag.py:2398} INFO - Sync 2 DAGs
[2022-04-13 09:12:05,150] {logging_mixin.py:109} INFO - [2022-04-13 09:12:05,150] {dag.py:2937} INFO - Setting next_dagrun for example_external_task_marker_child to None
[2022-04-13 09:12:05,150] {logging_mixin.py:109} INFO - [2022-04-13 09:12:05,150] {dag.py:2937} INFO - Setting next_dagrun for example_external_task_marker_parent to None
[2022-04-13 09:12:05,168] {processor.py:171} INFO - Processing /home/airflow/.local/lib/python3.7/site-packages/airflow/example_dags/example_external_task_marker_dag.py took 0.161 seconds
[2022-04-13 09:12:36,327] {processor.py:163} INFO - Started process (PID=780) to work on /home/airflow/.local/lib/python3.7/site-packages/airflow/example_dags/example_external_task_marker_dag.py
[2022-04-13 09:12:36,330] {processor.py:642} INFO - Processing file /home/airflow/.local/lib/python3.7/site-packages/airflow/example_dags/example_external_task_marker_dag.py for tasks to queue
[2022-04-13 09:12:36,331] {logging_mixin.py:109} INFO - [2022-04-13 09:12:36,331] {dagbag.py:500} INFO - Filling up the DagBag from /home/airflow/.local/lib/python3.7/site-packages/airflow/example_dags/example_external_task_marker_dag.py
[2022-04-13 09:12:36,347] {processor.py:652} INFO - DAG(s) dict_keys(['example_external_task_marker_parent', 'example_external_task_marker_child']) retrieved from /home/airflow/.local/lib/python3.7/site-packages/airflow/example_dags/example_external_task_marker_dag.py
[2022-04-13 09:12:36,373] {logging_mixin.py:109} INFO - [2022-04-13 09:12:36,373] {dag.py:2398} INFO - Sync 2 DAGs
[2022-04-13 09:12:36,392] {logging_mixin.py:109} INFO - [2022-04-13 09:12:36,392] {dag.py:2937} INFO - Setting next_dagrun for example_external_task_marker_child to None
[2022-04-13 09:12:36,392] {logging_mixin.py:109} INFO - [2022-04-13 09:12:36,392] {dag.py:2937} INFO - Setting next_dagrun for example_external_task_marker_parent to None
[2022-04-13 09:12:36,405] {processor.py:171} INFO - Processing /home/airflow/.local/lib/python3.7/site-packages/airflow/example_dags/example_external_task_marker_dag.py took 0.084 seconds
[2022-04-13 09:13:07,678] {processor.py:163} INFO - Started process (PID=840) to work on /home/airflow/.local/lib/python3.7/site-packages/airflow/example_dags/example_external_task_marker_dag.py
[2022-04-13 09:13:07,679] {processor.py:642} INFO - Processing file /home/airflow/.local/lib/python3.7/site-packages/airflow/example_dags/example_external_task_marker_dag.py for tasks to queue
[2022-04-13 09:13:07,680] {logging_mixin.py:109} INFO - [2022-04-13 09:13:07,680] {dagbag.py:500} INFO - Filling up the DagBag from /home/airflow/.local/lib/python3.7/site-packages/airflow/example_dags/example_external_task_marker_dag.py
[2022-04-13 09:13:07,696] {processor.py:652} INFO - DAG(s) dict_keys(['example_external_task_marker_parent', 'example_external_task_marker_child']) retrieved from /home/airflow/.local/lib/python3.7/site-packages/airflow/example_dags/example_external_task_marker_dag.py
[2022-04-13 09:13:07,725] {logging_mixin.py:109} INFO - [2022-04-13 09:13:07,725] {dag.py:2398} INFO - Sync 2 DAGs
[2022-04-13 09:13:07,745] {logging_mixin.py:109} INFO - [2022-04-13 09:13:07,745] {dag.py:2937} INFO - Setting next_dagrun for example_external_task_marker_child to None
[2022-04-13 09:13:07,745] {logging_mixin.py:109} INFO - [2022-04-13 09:13:07,745] {dag.py:2937} INFO - Setting next_dagrun for example_external_task_marker_parent to None
[2022-04-13 09:13:07,758] {processor.py:171} INFO - Processing /home/airflow/.local/lib/python3.7/site-packages/airflow/example_dags/example_external_task_marker_dag.py took 0.083 seconds
[2022-04-13 09:13:38,660] {processor.py:163} INFO - Started process (PID=891) to work on /home/airflow/.local/lib/python3.7/site-packages/airflow/example_dags/example_external_task_marker_dag.py
[2022-04-13 09:13:38,662] {processor.py:642} INFO - Processing file /home/airflow/.local/lib/python3.7/site-packages/airflow/example_dags/example_external_task_marker_dag.py for tasks to queue
[2022-04-13 09:13:38,662] {logging_mixin.py:109} INFO - [2022-04-13 09:13:38,662] {dagbag.py:500} INFO - Filling up the DagBag from /home/airflow/.local/lib/python3.7/site-packages/airflow/example_dags/example_external_task_marker_dag.py
[2022-04-13 09:13:38,684] {processor.py:652} INFO - DAG(s) dict_keys(['example_external_task_marker_parent', 'example_external_task_marker_child']) retrieved from /home/airflow/.local/lib/python3.7/site-packages/airflow/example_dags/example_external_task_marker_dag.py
[2022-04-13 09:13:38,802] {logging_mixin.py:109} INFO - [2022-04-13 09:13:38,802] {dag.py:2398} INFO - Sync 2 DAGs
[2022-04-13 09:13:38,828] {logging_mixin.py:109} INFO - [2022-04-13 09:13:38,827] {dag.py:2937} INFO - Setting next_dagrun for example_external_task_marker_child to None
[2022-04-13 09:13:38,828] {logging_mixin.py:109} INFO - [2022-04-13 09:13:38,828] {dag.py:2937} INFO - Setting next_dagrun for example_external_task_marker_parent to None
[2022-04-13 09:13:38,842] {processor.py:171} INFO - Processing /home/airflow/.local/lib/python3.7/site-packages/airflow/example_dags/example_external_task_marker_dag.py took 0.186 seconds
[2022-04-13 09:14:09,666] {processor.py:163} INFO - Started process (PID=942) to work on /home/airflow/.local/lib/python3.7/site-packages/airflow/example_dags/example_external_task_marker_dag.py
[2022-04-13 09:14:09,668] {processor.py:642} INFO - Processing file /home/airflow/.local/lib/python3.7/site-packages/airflow/example_dags/example_external_task_marker_dag.py for tasks to queue
[2022-04-13 09:14:09,669] {logging_mixin.py:109} INFO - [2022-04-13 09:14:09,668] {dagbag.py:500} INFO - Filling up the DagBag from /home/airflow/.local/lib/python3.7/site-packages/airflow/example_dags/example_external_task_marker_dag.py
[2022-04-13 09:14:09,685] {processor.py:652} INFO - DAG(s) dict_keys(['example_external_task_marker_parent', 'example_external_task_marker_child']) retrieved from /home/airflow/.local/lib/python3.7/site-packages/airflow/example_dags/example_external_task_marker_dag.py
[2022-04-13 09:14:09,712] {logging_mixin.py:109} INFO - [2022-04-13 09:14:09,711] {dag.py:2398} INFO - Sync 2 DAGs
[2022-04-13 09:14:09,730] {logging_mixin.py:109} INFO - [2022-04-13 09:14:09,730] {dag.py:2937} INFO - Setting next_dagrun for example_external_task_marker_child to None
[2022-04-13 09:14:09,731] {logging_mixin.py:109} INFO - [2022-04-13 09:14:09,731] {dag.py:2937} INFO - Setting next_dagrun for example_external_task_marker_parent to None
[2022-04-13 09:14:09,746] {processor.py:171} INFO - Processing /home/airflow/.local/lib/python3.7/site-packages/airflow/example_dags/example_external_task_marker_dag.py took 0.082 seconds
[2022-04-13 09:14:40,835] {processor.py:163} INFO - Started process (PID=1002) to work on /home/airflow/.local/lib/python3.7/site-packages/airflow/example_dags/example_external_task_marker_dag.py
[2022-04-13 09:14:40,836] {processor.py:642} INFO - Processing file /home/airflow/.local/lib/python3.7/site-packages/airflow/example_dags/example_external_task_marker_dag.py for tasks to queue
[2022-04-13 09:14:40,836] {logging_mixin.py:109} INFO - [2022-04-13 09:14:40,836] {dagbag.py:500} INFO - Filling up the DagBag from /home/airflow/.local/lib/python3.7/site-packages/airflow/example_dags/example_external_task_marker_dag.py
[2022-04-13 09:14:40,848] {processor.py:652} INFO - DAG(s) dict_keys(['example_external_task_marker_parent', 'example_external_task_marker_child']) retrieved from /home/airflow/.local/lib/python3.7/site-packages/airflow/example_dags/example_external_task_marker_dag.py
[2022-04-13 09:14:40,882] {logging_mixin.py:109} INFO - [2022-04-13 09:14:40,881] {dag.py:2398} INFO - Sync 2 DAGs
[2022-04-13 09:14:40,907] {logging_mixin.py:109} INFO - [2022-04-13 09:14:40,906] {dag.py:2937} INFO - Setting next_dagrun for example_external_task_marker_child to None
[2022-04-13 09:14:40,907] {logging_mixin.py:109} INFO - [2022-04-13 09:14:40,907] {dag.py:2937} INFO - Setting next_dagrun for example_external_task_marker_parent to None
[2022-04-13 09:14:40,927] {processor.py:171} INFO - Processing /home/airflow/.local/lib/python3.7/site-packages/airflow/example_dags/example_external_task_marker_dag.py took 0.094 seconds
[2022-04-13 09:15:11,878] {processor.py:163} INFO - Started process (PID=1052) to work on /home/airflow/.local/lib/python3.7/site-packages/airflow/example_dags/example_external_task_marker_dag.py
[2022-04-13 09:15:11,880] {processor.py:642} INFO - Processing file /home/airflow/.local/lib/python3.7/site-packages/airflow/example_dags/example_external_task_marker_dag.py for tasks to queue
[2022-04-13 09:15:11,880] {logging_mixin.py:109} INFO - [2022-04-13 09:15:11,880] {dagbag.py:500} INFO - Filling up the DagBag from /home/airflow/.local/lib/python3.7/site-packages/airflow/example_dags/example_external_task_marker_dag.py
[2022-04-13 09:15:11,895] {processor.py:652} INFO - DAG(s) dict_keys(['example_external_task_marker_parent', 'example_external_task_marker_child']) retrieved from /home/airflow/.local/lib/python3.7/site-packages/airflow/example_dags/example_external_task_marker_dag.py
[2022-04-13 09:15:12,027] {logging_mixin.py:109} INFO - [2022-04-13 09:15:12,027] {dag.py:2398} INFO - Sync 2 DAGs
[2022-04-13 09:15:12,058] {logging_mixin.py:109} INFO - [2022-04-13 09:15:12,058] {dag.py:2937} INFO - Setting next_dagrun for example_external_task_marker_child to None
[2022-04-13 09:15:12,059] {logging_mixin.py:109} INFO - [2022-04-13 09:15:12,059] {dag.py:2937} INFO - Setting next_dagrun for example_external_task_marker_parent to None
[2022-04-13 09:15:12,075] {processor.py:171} INFO - Processing /home/airflow/.local/lib/python3.7/site-packages/airflow/example_dags/example_external_task_marker_dag.py took 0.201 seconds
[2022-04-13 09:15:43,071] {processor.py:163} INFO - Started process (PID=1102) to work on /home/airflow/.local/lib/python3.7/site-packages/airflow/example_dags/example_external_task_marker_dag.py
[2022-04-13 09:15:43,072] {processor.py:642} INFO - Processing file /home/airflow/.local/lib/python3.7/site-packages/airflow/example_dags/example_external_task_marker_dag.py for tasks to queue
[2022-04-13 09:15:43,073] {logging_mixin.py:109} INFO - [2022-04-13 09:15:43,072] {dagbag.py:500} INFO - Filling up the DagBag from /home/airflow/.local/lib/python3.7/site-packages/airflow/example_dags/example_external_task_marker_dag.py
[2022-04-13 09:15:43,087] {processor.py:652} INFO - DAG(s) dict_keys(['example_external_task_marker_parent', 'example_external_task_marker_child']) retrieved from /home/airflow/.local/lib/python3.7/site-packages/airflow/example_dags/example_external_task_marker_dag.py
[2022-04-13 09:15:43,124] {logging_mixin.py:109} INFO - [2022-04-13 09:15:43,124] {dag.py:2398} INFO - Sync 2 DAGs
[2022-04-13 09:15:43,147] {logging_mixin.py:109} INFO - [2022-04-13 09:15:43,147] {dag.py:2937} INFO - Setting next_dagrun for example_external_task_marker_child to None
[2022-04-13 09:15:43,148] {logging_mixin.py:109} INFO - [2022-04-13 09:15:43,148] {dag.py:2937} INFO - Setting next_dagrun for example_external_task_marker_parent to None
[2022-04-13 09:15:43,162] {processor.py:171} INFO - Processing /home/airflow/.local/lib/python3.7/site-packages/airflow/example_dags/example_external_task_marker_dag.py took 0.094 seconds
[2022-04-13 09:16:14,041] {processor.py:163} INFO - Started process (PID=1162) to work on /home/airflow/.local/lib/python3.7/site-packages/airflow/example_dags/example_external_task_marker_dag.py
[2022-04-13 09:16:14,043] {processor.py:642} INFO - Processing file /home/airflow/.local/lib/python3.7/site-packages/airflow/example_dags/example_external_task_marker_dag.py for tasks to queue
[2022-04-13 09:16:14,044] {logging_mixin.py:109} INFO - [2022-04-13 09:16:14,043] {dagbag.py:500} INFO - Filling up the DagBag from /home/airflow/.local/lib/python3.7/site-packages/airflow/example_dags/example_external_task_marker_dag.py
[2022-04-13 09:16:14,062] {processor.py:652} INFO - DAG(s) dict_keys(['example_external_task_marker_parent', 'example_external_task_marker_child']) retrieved from /home/airflow/.local/lib/python3.7/site-packages/airflow/example_dags/example_external_task_marker_dag.py
[2022-04-13 09:16:14,093] {logging_mixin.py:109} INFO - [2022-04-13 09:16:14,093] {dag.py:2398} INFO - Sync 2 DAGs
[2022-04-13 09:16:14,122] {logging_mixin.py:109} INFO - [2022-04-13 09:16:14,122] {dag.py:2937} INFO - Setting next_dagrun for example_external_task_marker_child to None
[2022-04-13 09:16:14,122] {logging_mixin.py:109} INFO - [2022-04-13 09:16:14,122] {dag.py:2937} INFO - Setting next_dagrun for example_external_task_marker_parent to None
[2022-04-13 09:16:14,137] {processor.py:171} INFO - Processing /home/airflow/.local/lib/python3.7/site-packages/airflow/example_dags/example_external_task_marker_dag.py took 0.099 seconds
[2022-04-13 09:16:44,719] {processor.py:163} INFO - Started process (PID=1214) to work on /home/airflow/.local/lib/python3.7/site-packages/airflow/example_dags/example_external_task_marker_dag.py
[2022-04-13 09:16:44,721] {processor.py:642} INFO - Processing file /home/airflow/.local/lib/python3.7/site-packages/airflow/example_dags/example_external_task_marker_dag.py for tasks to queue
[2022-04-13 09:16:44,721] {logging_mixin.py:109} INFO - [2022-04-13 09:16:44,721] {dagbag.py:500} INFO - Filling up the DagBag from /home/airflow/.local/lib/python3.7/site-packages/airflow/example_dags/example_external_task_marker_dag.py
[2022-04-13 09:16:44,737] {processor.py:652} INFO - DAG(s) dict_keys(['example_external_task_marker_parent', 'example_external_task_marker_child']) retrieved from /home/airflow/.local/lib/python3.7/site-packages/airflow/example_dags/example_external_task_marker_dag.py
[2022-04-13 09:16:44,773] {logging_mixin.py:109} INFO - [2022-04-13 09:16:44,773] {dag.py:2398} INFO - Sync 2 DAGs
[2022-04-13 09:16:44,797] {logging_mixin.py:109} INFO - [2022-04-13 09:16:44,797] {dag.py:2937} INFO - Setting next_dagrun for example_external_task_marker_child to None
[2022-04-13 09:16:44,798] {logging_mixin.py:109} INFO - [2022-04-13 09:16:44,798] {dag.py:2937} INFO - Setting next_dagrun for example_external_task_marker_parent to None
[2022-04-13 09:16:44,815] {processor.py:171} INFO - Processing /home/airflow/.local/lib/python3.7/site-packages/airflow/example_dags/example_external_task_marker_dag.py took 0.099 seconds
[2022-04-13 09:17:16,076] {processor.py:163} INFO - Started process (PID=1273) to work on /home/airflow/.local/lib/python3.7/site-packages/airflow/example_dags/example_external_task_marker_dag.py
[2022-04-13 09:17:16,077] {processor.py:642} INFO - Processing file /home/airflow/.local/lib/python3.7/site-packages/airflow/example_dags/example_external_task_marker_dag.py for tasks to queue
[2022-04-13 09:17:16,078] {logging_mixin.py:109} INFO - [2022-04-13 09:17:16,078] {dagbag.py:500} INFO - Filling up the DagBag from /home/airflow/.local/lib/python3.7/site-packages/airflow/example_dags/example_external_task_marker_dag.py
[2022-04-13 09:17:16,104] {processor.py:652} INFO - DAG(s) dict_keys(['example_external_task_marker_parent', 'example_external_task_marker_child']) retrieved from /home/airflow/.local/lib/python3.7/site-packages/airflow/example_dags/example_external_task_marker_dag.py
[2022-04-13 09:17:16,134] {logging_mixin.py:109} INFO - [2022-04-13 09:17:16,134] {dag.py:2398} INFO - Sync 2 DAGs
[2022-04-13 09:17:16,157] {logging_mixin.py:109} INFO - [2022-04-13 09:17:16,157] {dag.py:2937} INFO - Setting next_dagrun for example_external_task_marker_child to None
[2022-04-13 09:17:16,157] {logging_mixin.py:109} INFO - [2022-04-13 09:17:16,157] {dag.py:2937} INFO - Setting next_dagrun for example_external_task_marker_parent to None
[2022-04-13 09:17:16,172] {processor.py:171} INFO - Processing /home/airflow/.local/lib/python3.7/site-packages/airflow/example_dags/example_external_task_marker_dag.py took 0.101 seconds
[2022-04-13 09:17:47,191] {processor.py:163} INFO - Started process (PID=1326) to work on /home/airflow/.local/lib/python3.7/site-packages/airflow/example_dags/example_external_task_marker_dag.py
[2022-04-13 09:17:47,195] {processor.py:642} INFO - Processing file /home/airflow/.local/lib/python3.7/site-packages/airflow/example_dags/example_external_task_marker_dag.py for tasks to queue
[2022-04-13 09:17:47,195] {logging_mixin.py:109} INFO - [2022-04-13 09:17:47,195] {dagbag.py:500} INFO - Filling up the DagBag from /home/airflow/.local/lib/python3.7/site-packages/airflow/example_dags/example_external_task_marker_dag.py
[2022-04-13 09:17:47,212] {processor.py:652} INFO - DAG(s) dict_keys(['example_external_task_marker_parent', 'example_external_task_marker_child']) retrieved from /home/airflow/.local/lib/python3.7/site-packages/airflow/example_dags/example_external_task_marker_dag.py
[2022-04-13 09:17:47,292] {logging_mixin.py:109} INFO - [2022-04-13 09:17:47,291] {dag.py:2398} INFO - Sync 2 DAGs
[2022-04-13 09:17:47,317] {logging_mixin.py:109} INFO - [2022-04-13 09:17:47,317] {dag.py:2937} INFO - Setting next_dagrun for example_external_task_marker_child to None
[2022-04-13 09:17:47,318] {logging_mixin.py:109} INFO - [2022-04-13 09:17:47,318] {dag.py:2937} INFO - Setting next_dagrun for example_external_task_marker_parent to None
[2022-04-13 09:17:47,334] {processor.py:171} INFO - Processing /home/airflow/.local/lib/python3.7/site-packages/airflow/example_dags/example_external_task_marker_dag.py took 0.146 seconds
[2022-04-13 09:18:18,361] {processor.py:163} INFO - Started process (PID=1376) to work on /home/airflow/.local/lib/python3.7/site-packages/airflow/example_dags/example_external_task_marker_dag.py
[2022-04-13 09:18:18,361] {processor.py:642} INFO - Processing file /home/airflow/.local/lib/python3.7/site-packages/airflow/example_dags/example_external_task_marker_dag.py for tasks to queue
[2022-04-13 09:18:18,362] {logging_mixin.py:109} INFO - [2022-04-13 09:18:18,362] {dagbag.py:500} INFO - Filling up the DagBag from /home/airflow/.local/lib/python3.7/site-packages/airflow/example_dags/example_external_task_marker_dag.py
[2022-04-13 09:18:18,379] {processor.py:652} INFO - DAG(s) dict_keys(['example_external_task_marker_parent', 'example_external_task_marker_child']) retrieved from /home/airflow/.local/lib/python3.7/site-packages/airflow/example_dags/example_external_task_marker_dag.py
[2022-04-13 09:18:18,407] {logging_mixin.py:109} INFO - [2022-04-13 09:18:18,407] {dag.py:2398} INFO - Sync 2 DAGs
[2022-04-13 09:18:18,429] {logging_mixin.py:109} INFO - [2022-04-13 09:18:18,428] {dag.py:2937} INFO - Setting next_dagrun for example_external_task_marker_child to None
[2022-04-13 09:18:18,429] {logging_mixin.py:109} INFO - [2022-04-13 09:18:18,429] {dag.py:2937} INFO - Setting next_dagrun for example_external_task_marker_parent to None
[2022-04-13 09:18:18,442] {processor.py:171} INFO - Processing /home/airflow/.local/lib/python3.7/site-packages/airflow/example_dags/example_external_task_marker_dag.py took 0.084 seconds
[2022-04-13 09:18:50,035] {processor.py:163} INFO - Started process (PID=1437) to work on /home/airflow/.local/lib/python3.7/site-packages/airflow/example_dags/example_external_task_marker_dag.py
[2022-04-13 09:18:50,037] {processor.py:642} INFO - Processing file /home/airflow/.local/lib/python3.7/site-packages/airflow/example_dags/example_external_task_marker_dag.py for tasks to queue
[2022-04-13 09:18:50,037] {logging_mixin.py:109} INFO - [2022-04-13 09:18:50,037] {dagbag.py:500} INFO - Filling up the DagBag from /home/airflow/.local/lib/python3.7/site-packages/airflow/example_dags/example_external_task_marker_dag.py
[2022-04-13 09:18:50,058] {processor.py:652} INFO - DAG(s) dict_keys(['example_external_task_marker_parent', 'example_external_task_marker_child']) retrieved from /home/airflow/.local/lib/python3.7/site-packages/airflow/example_dags/example_external_task_marker_dag.py
[2022-04-13 09:18:50,125] {logging_mixin.py:109} INFO - [2022-04-13 09:18:50,125] {dag.py:2398} INFO - Sync 2 DAGs
[2022-04-13 09:18:50,156] {logging_mixin.py:109} INFO - [2022-04-13 09:18:50,156] {dag.py:2937} INFO - Setting next_dagrun for example_external_task_marker_child to None
[2022-04-13 09:18:50,156] {logging_mixin.py:109} INFO - [2022-04-13 09:18:50,156] {dag.py:2937} INFO - Setting next_dagrun for example_external_task_marker_parent to None
[2022-04-13 09:18:50,172] {processor.py:171} INFO - Processing /home/airflow/.local/lib/python3.7/site-packages/airflow/example_dags/example_external_task_marker_dag.py took 0.140 seconds
[2022-04-13 09:19:20,851] {processor.py:163} INFO - Started process (PID=1488) to work on /home/airflow/.local/lib/python3.7/site-packages/airflow/example_dags/example_external_task_marker_dag.py
[2022-04-13 09:19:20,852] {processor.py:642} INFO - Processing file /home/airflow/.local/lib/python3.7/site-packages/airflow/example_dags/example_external_task_marker_dag.py for tasks to queue
[2022-04-13 09:19:20,853] {logging_mixin.py:109} INFO - [2022-04-13 09:19:20,853] {dagbag.py:500} INFO - Filling up the DagBag from /home/airflow/.local/lib/python3.7/site-packages/airflow/example_dags/example_external_task_marker_dag.py
[2022-04-13 09:19:20,867] {processor.py:652} INFO - DAG(s) dict_keys(['example_external_task_marker_parent', 'example_external_task_marker_child']) retrieved from /home/airflow/.local/lib/python3.7/site-packages/airflow/example_dags/example_external_task_marker_dag.py
[2022-04-13 09:19:20,897] {logging_mixin.py:109} INFO - [2022-04-13 09:19:20,897] {dag.py:2398} INFO - Sync 2 DAGs
[2022-04-13 09:19:20,920] {logging_mixin.py:109} INFO - [2022-04-13 09:19:20,919] {dag.py:2937} INFO - Setting next_dagrun for example_external_task_marker_child to None
[2022-04-13 09:19:20,920] {logging_mixin.py:109} INFO - [2022-04-13 09:19:20,920] {dag.py:2937} INFO - Setting next_dagrun for example_external_task_marker_parent to None
[2022-04-13 09:19:20,934] {processor.py:171} INFO - Processing /home/airflow/.local/lib/python3.7/site-packages/airflow/example_dags/example_external_task_marker_dag.py took 0.086 seconds
[2022-04-13 09:19:51,711] {processor.py:163} INFO - Started process (PID=1539) to work on /home/airflow/.local/lib/python3.7/site-packages/airflow/example_dags/example_external_task_marker_dag.py
[2022-04-13 09:19:51,712] {processor.py:642} INFO - Processing file /home/airflow/.local/lib/python3.7/site-packages/airflow/example_dags/example_external_task_marker_dag.py for tasks to queue
[2022-04-13 09:19:51,713] {logging_mixin.py:109} INFO - [2022-04-13 09:19:51,713] {dagbag.py:500} INFO - Filling up the DagBag from /home/airflow/.local/lib/python3.7/site-packages/airflow/example_dags/example_external_task_marker_dag.py
[2022-04-13 09:19:51,729] {processor.py:652} INFO - DAG(s) dict_keys(['example_external_task_marker_parent', 'example_external_task_marker_child']) retrieved from /home/airflow/.local/lib/python3.7/site-packages/airflow/example_dags/example_external_task_marker_dag.py
[2022-04-13 09:19:51,760] {logging_mixin.py:109} INFO - [2022-04-13 09:19:51,760] {dag.py:2398} INFO - Sync 2 DAGs
[2022-04-13 09:19:51,782] {logging_mixin.py:109} INFO - [2022-04-13 09:19:51,782] {dag.py:2937} INFO - Setting next_dagrun for example_external_task_marker_child to None
[2022-04-13 09:19:51,782] {logging_mixin.py:109} INFO - [2022-04-13 09:19:51,782] {dag.py:2937} INFO - Setting next_dagrun for example_external_task_marker_parent to None
[2022-04-13 09:19:51,796] {processor.py:171} INFO - Processing /home/airflow/.local/lib/python3.7/site-packages/airflow/example_dags/example_external_task_marker_dag.py took 0.090 seconds
[2022-04-13 09:20:22,820] {processor.py:163} INFO - Started process (PID=1600) to work on /home/airflow/.local/lib/python3.7/site-packages/airflow/example_dags/example_external_task_marker_dag.py
[2022-04-13 09:20:22,821] {processor.py:642} INFO - Processing file /home/airflow/.local/lib/python3.7/site-packages/airflow/example_dags/example_external_task_marker_dag.py for tasks to queue
[2022-04-13 09:20:22,821] {logging_mixin.py:109} INFO - [2022-04-13 09:20:22,821] {dagbag.py:500} INFO - Filling up the DagBag from /home/airflow/.local/lib/python3.7/site-packages/airflow/example_dags/example_external_task_marker_dag.py
[2022-04-13 09:20:22,837] {processor.py:652} INFO - DAG(s) dict_keys(['example_external_task_marker_parent', 'example_external_task_marker_child']) retrieved from /home/airflow/.local/lib/python3.7/site-packages/airflow/example_dags/example_external_task_marker_dag.py
[2022-04-13 09:20:22,869] {logging_mixin.py:109} INFO - [2022-04-13 09:20:22,869] {dag.py:2398} INFO - Sync 2 DAGs
[2022-04-13 09:20:22,897] {logging_mixin.py:109} INFO - [2022-04-13 09:20:22,897] {dag.py:2937} INFO - Setting next_dagrun for example_external_task_marker_child to None
[2022-04-13 09:20:22,898] {logging_mixin.py:109} INFO - [2022-04-13 09:20:22,898] {dag.py:2937} INFO - Setting next_dagrun for example_external_task_marker_parent to None
[2022-04-13 09:20:22,912] {processor.py:171} INFO - Processing /home/airflow/.local/lib/python3.7/site-packages/airflow/example_dags/example_external_task_marker_dag.py took 0.096 seconds
[2022-04-13 09:20:53,852] {processor.py:163} INFO - Started process (PID=1652) to work on /home/airflow/.local/lib/python3.7/site-packages/airflow/example_dags/example_external_task_marker_dag.py
[2022-04-13 09:20:53,854] {processor.py:642} INFO - Processing file /home/airflow/.local/lib/python3.7/site-packages/airflow/example_dags/example_external_task_marker_dag.py for tasks to queue
[2022-04-13 09:20:53,855] {logging_mixin.py:109} INFO - [2022-04-13 09:20:53,855] {dagbag.py:500} INFO - Filling up the DagBag from /home/airflow/.local/lib/python3.7/site-packages/airflow/example_dags/example_external_task_marker_dag.py
[2022-04-13 09:20:53,869] {processor.py:652} INFO - DAG(s) dict_keys(['example_external_task_marker_parent', 'example_external_task_marker_child']) retrieved from /home/airflow/.local/lib/python3.7/site-packages/airflow/example_dags/example_external_task_marker_dag.py
[2022-04-13 09:20:53,896] {logging_mixin.py:109} INFO - [2022-04-13 09:20:53,896] {dag.py:2398} INFO - Sync 2 DAGs
[2022-04-13 09:20:53,915] {logging_mixin.py:109} INFO - [2022-04-13 09:20:53,915] {dag.py:2937} INFO - Setting next_dagrun for example_external_task_marker_child to None
[2022-04-13 09:20:53,916] {logging_mixin.py:109} INFO - [2022-04-13 09:20:53,916] {dag.py:2937} INFO - Setting next_dagrun for example_external_task_marker_parent to None
[2022-04-13 09:20:53,929] {processor.py:171} INFO - Processing /home/airflow/.local/lib/python3.7/site-packages/airflow/example_dags/example_external_task_marker_dag.py took 0.079 seconds
[2022-04-13 09:21:25,097] {processor.py:163} INFO - Started process (PID=1703) to work on /home/airflow/.local/lib/python3.7/site-packages/airflow/example_dags/example_external_task_marker_dag.py
[2022-04-13 09:21:25,098] {processor.py:642} INFO - Processing file /home/airflow/.local/lib/python3.7/site-packages/airflow/example_dags/example_external_task_marker_dag.py for tasks to queue
[2022-04-13 09:21:25,098] {logging_mixin.py:109} INFO - [2022-04-13 09:21:25,098] {dagbag.py:500} INFO - Filling up the DagBag from /home/airflow/.local/lib/python3.7/site-packages/airflow/example_dags/example_external_task_marker_dag.py
[2022-04-13 09:21:25,114] {processor.py:652} INFO - DAG(s) dict_keys(['example_external_task_marker_parent', 'example_external_task_marker_child']) retrieved from /home/airflow/.local/lib/python3.7/site-packages/airflow/example_dags/example_external_task_marker_dag.py
[2022-04-13 09:21:25,139] {logging_mixin.py:109} INFO - [2022-04-13 09:21:25,139] {dag.py:2398} INFO - Sync 2 DAGs
[2022-04-13 09:21:25,159] {logging_mixin.py:109} INFO - [2022-04-13 09:21:25,159] {dag.py:2937} INFO - Setting next_dagrun for example_external_task_marker_child to None
[2022-04-13 09:21:25,159] {logging_mixin.py:109} INFO - [2022-04-13 09:21:25,159] {dag.py:2937} INFO - Setting next_dagrun for example_external_task_marker_parent to None
[2022-04-13 09:21:25,177] {processor.py:171} INFO - Processing /home/airflow/.local/lib/python3.7/site-packages/airflow/example_dags/example_external_task_marker_dag.py took 0.082 seconds
[2022-04-13 09:21:56,397] {processor.py:163} INFO - Started process (PID=1763) to work on /home/airflow/.local/lib/python3.7/site-packages/airflow/example_dags/example_external_task_marker_dag.py
[2022-04-13 09:21:56,398] {processor.py:642} INFO - Processing file /home/airflow/.local/lib/python3.7/site-packages/airflow/example_dags/example_external_task_marker_dag.py for tasks to queue
[2022-04-13 09:21:56,399] {logging_mixin.py:109} INFO - [2022-04-13 09:21:56,399] {dagbag.py:500} INFO - Filling up the DagBag from /home/airflow/.local/lib/python3.7/site-packages/airflow/example_dags/example_external_task_marker_dag.py
[2022-04-13 09:21:56,423] {processor.py:652} INFO - DAG(s) dict_keys(['example_external_task_marker_parent', 'example_external_task_marker_child']) retrieved from /home/airflow/.local/lib/python3.7/site-packages/airflow/example_dags/example_external_task_marker_dag.py
[2022-04-13 09:21:56,448] {logging_mixin.py:109} INFO - [2022-04-13 09:21:56,448] {dag.py:2398} INFO - Sync 2 DAGs
[2022-04-13 09:21:56,467] {logging_mixin.py:109} INFO - [2022-04-13 09:21:56,467] {dag.py:2937} INFO - Setting next_dagrun for example_external_task_marker_child to None
[2022-04-13 09:21:56,468] {logging_mixin.py:109} INFO - [2022-04-13 09:21:56,468] {dag.py:2937} INFO - Setting next_dagrun for example_external_task_marker_parent to None
[2022-04-13 09:21:56,480] {processor.py:171} INFO - Processing /home/airflow/.local/lib/python3.7/site-packages/airflow/example_dags/example_external_task_marker_dag.py took 0.086 seconds
[2022-04-13 09:22:27,632] {processor.py:163} INFO - Started process (PID=1815) to work on /home/airflow/.local/lib/python3.7/site-packages/airflow/example_dags/example_external_task_marker_dag.py
[2022-04-13 09:22:27,633] {processor.py:642} INFO - Processing file /home/airflow/.local/lib/python3.7/site-packages/airflow/example_dags/example_external_task_marker_dag.py for tasks to queue
[2022-04-13 09:22:27,633] {logging_mixin.py:109} INFO - [2022-04-13 09:22:27,633] {dagbag.py:500} INFO - Filling up the DagBag from /home/airflow/.local/lib/python3.7/site-packages/airflow/example_dags/example_external_task_marker_dag.py
[2022-04-13 09:22:27,651] {processor.py:652} INFO - DAG(s) dict_keys(['example_external_task_marker_parent', 'example_external_task_marker_child']) retrieved from /home/airflow/.local/lib/python3.7/site-packages/airflow/example_dags/example_external_task_marker_dag.py
[2022-04-13 09:22:27,681] {logging_mixin.py:109} INFO - [2022-04-13 09:22:27,680] {dag.py:2398} INFO - Sync 2 DAGs
[2022-04-13 09:22:27,706] {logging_mixin.py:109} INFO - [2022-04-13 09:22:27,706] {dag.py:2937} INFO - Setting next_dagrun for example_external_task_marker_child to None
[2022-04-13 09:22:27,707] {logging_mixin.py:109} INFO - [2022-04-13 09:22:27,707] {dag.py:2937} INFO - Setting next_dagrun for example_external_task_marker_parent to None
[2022-04-13 09:22:27,725] {processor.py:171} INFO - Processing /home/airflow/.local/lib/python3.7/site-packages/airflow/example_dags/example_external_task_marker_dag.py took 0.096 seconds
[2022-04-13 09:22:59,003] {processor.py:163} INFO - Started process (PID=1866) to work on /home/airflow/.local/lib/python3.7/site-packages/airflow/example_dags/example_external_task_marker_dag.py
[2022-04-13 09:22:59,006] {processor.py:642} INFO - Processing file /home/airflow/.local/lib/python3.7/site-packages/airflow/example_dags/example_external_task_marker_dag.py for tasks to queue
[2022-04-13 09:22:59,006] {logging_mixin.py:109} INFO - [2022-04-13 09:22:59,006] {dagbag.py:500} INFO - Filling up the DagBag from /home/airflow/.local/lib/python3.7/site-packages/airflow/example_dags/example_external_task_marker_dag.py
[2022-04-13 09:22:59,032] {processor.py:652} INFO - DAG(s) dict_keys(['example_external_task_marker_parent', 'example_external_task_marker_child']) retrieved from /home/airflow/.local/lib/python3.7/site-packages/airflow/example_dags/example_external_task_marker_dag.py
[2022-04-13 09:22:59,113] {logging_mixin.py:109} INFO - [2022-04-13 09:22:59,113] {dag.py:2398} INFO - Sync 2 DAGs
[2022-04-13 09:22:59,140] {logging_mixin.py:109} INFO - [2022-04-13 09:22:59,140] {dag.py:2937} INFO - Setting next_dagrun for example_external_task_marker_child to None
[2022-04-13 09:22:59,140] {logging_mixin.py:109} INFO - [2022-04-13 09:22:59,140] {dag.py:2937} INFO - Setting next_dagrun for example_external_task_marker_parent to None
[2022-04-13 09:22:59,159] {processor.py:171} INFO - Processing /home/airflow/.local/lib/python3.7/site-packages/airflow/example_dags/example_external_task_marker_dag.py took 0.160 seconds
[2022-04-13 09:23:29,894] {processor.py:163} INFO - Started process (PID=1929) to work on /home/airflow/.local/lib/python3.7/site-packages/airflow/example_dags/example_external_task_marker_dag.py
[2022-04-13 09:23:29,895] {processor.py:642} INFO - Processing file /home/airflow/.local/lib/python3.7/site-packages/airflow/example_dags/example_external_task_marker_dag.py for tasks to queue
[2022-04-13 09:23:29,896] {logging_mixin.py:109} INFO - [2022-04-13 09:23:29,896] {dagbag.py:500} INFO - Filling up the DagBag from /home/airflow/.local/lib/python3.7/site-packages/airflow/example_dags/example_external_task_marker_dag.py
[2022-04-13 09:23:29,907] {processor.py:652} INFO - DAG(s) dict_keys(['example_external_task_marker_parent', 'example_external_task_marker_child']) retrieved from /home/airflow/.local/lib/python3.7/site-packages/airflow/example_dags/example_external_task_marker_dag.py
[2022-04-13 09:23:29,931] {logging_mixin.py:109} INFO - [2022-04-13 09:23:29,931] {dag.py:2398} INFO - Sync 2 DAGs
[2022-04-13 09:23:29,947] {logging_mixin.py:109} INFO - [2022-04-13 09:23:29,947] {dag.py:2937} INFO - Setting next_dagrun for example_external_task_marker_child to None
[2022-04-13 09:23:29,947] {logging_mixin.py:109} INFO - [2022-04-13 09:23:29,947] {dag.py:2937} INFO - Setting next_dagrun for example_external_task_marker_parent to None
[2022-04-13 09:23:29,958] {processor.py:171} INFO - Processing /home/airflow/.local/lib/python3.7/site-packages/airflow/example_dags/example_external_task_marker_dag.py took 0.066 seconds
[2022-04-13 09:24:01,372] {processor.py:163} INFO - Started process (PID=1979) to work on /home/airflow/.local/lib/python3.7/site-packages/airflow/example_dags/example_external_task_marker_dag.py
[2022-04-13 09:24:01,373] {processor.py:642} INFO - Processing file /home/airflow/.local/lib/python3.7/site-packages/airflow/example_dags/example_external_task_marker_dag.py for tasks to queue
[2022-04-13 09:24:01,374] {logging_mixin.py:109} INFO - [2022-04-13 09:24:01,374] {dagbag.py:500} INFO - Filling up the DagBag from /home/airflow/.local/lib/python3.7/site-packages/airflow/example_dags/example_external_task_marker_dag.py
[2022-04-13 09:24:01,393] {processor.py:652} INFO - DAG(s) dict_keys(['example_external_task_marker_parent', 'example_external_task_marker_child']) retrieved from /home/airflow/.local/lib/python3.7/site-packages/airflow/example_dags/example_external_task_marker_dag.py
[2022-04-13 09:24:01,423] {logging_mixin.py:109} INFO - [2022-04-13 09:24:01,422] {dag.py:2398} INFO - Sync 2 DAGs
[2022-04-13 09:24:01,446] {logging_mixin.py:109} INFO - [2022-04-13 09:24:01,445] {dag.py:2937} INFO - Setting next_dagrun for example_external_task_marker_child to None
[2022-04-13 09:24:01,446] {logging_mixin.py:109} INFO - [2022-04-13 09:24:01,446] {dag.py:2937} INFO - Setting next_dagrun for example_external_task_marker_parent to None
[2022-04-13 09:24:01,460] {processor.py:171} INFO - Processing /home/airflow/.local/lib/python3.7/site-packages/airflow/example_dags/example_external_task_marker_dag.py took 0.090 seconds
[2022-04-13 09:24:32,433] {processor.py:163} INFO - Started process (PID=2040) to work on /home/airflow/.local/lib/python3.7/site-packages/airflow/example_dags/example_external_task_marker_dag.py
[2022-04-13 09:24:32,435] {processor.py:642} INFO - Processing file /home/airflow/.local/lib/python3.7/site-packages/airflow/example_dags/example_external_task_marker_dag.py for tasks to queue
[2022-04-13 09:24:32,436] {logging_mixin.py:109} INFO - [2022-04-13 09:24:32,436] {dagbag.py:500} INFO - Filling up the DagBag from /home/airflow/.local/lib/python3.7/site-packages/airflow/example_dags/example_external_task_marker_dag.py
[2022-04-13 09:24:32,452] {processor.py:652} INFO - DAG(s) dict_keys(['example_external_task_marker_parent', 'example_external_task_marker_child']) retrieved from /home/airflow/.local/lib/python3.7/site-packages/airflow/example_dags/example_external_task_marker_dag.py
[2022-04-13 09:24:32,484] {logging_mixin.py:109} INFO - [2022-04-13 09:24:32,484] {dag.py:2398} INFO - Sync 2 DAGs
[2022-04-13 09:24:32,507] {logging_mixin.py:109} INFO - [2022-04-13 09:24:32,507] {dag.py:2937} INFO - Setting next_dagrun for example_external_task_marker_child to None
[2022-04-13 09:24:32,508] {logging_mixin.py:109} INFO - [2022-04-13 09:24:32,508] {dag.py:2937} INFO - Setting next_dagrun for example_external_task_marker_parent to None
[2022-04-13 09:24:32,525] {processor.py:171} INFO - Processing /home/airflow/.local/lib/python3.7/site-packages/airflow/example_dags/example_external_task_marker_dag.py took 0.094 seconds
[2022-04-13 09:25:03,582] {processor.py:163} INFO - Started process (PID=2092) to work on /home/airflow/.local/lib/python3.7/site-packages/airflow/example_dags/example_external_task_marker_dag.py
[2022-04-13 09:25:03,583] {processor.py:642} INFO - Processing file /home/airflow/.local/lib/python3.7/site-packages/airflow/example_dags/example_external_task_marker_dag.py for tasks to queue
[2022-04-13 09:25:03,584] {logging_mixin.py:109} INFO - [2022-04-13 09:25:03,583] {dagbag.py:500} INFO - Filling up the DagBag from /home/airflow/.local/lib/python3.7/site-packages/airflow/example_dags/example_external_task_marker_dag.py
[2022-04-13 09:25:03,600] {processor.py:652} INFO - DAG(s) dict_keys(['example_external_task_marker_parent', 'example_external_task_marker_child']) retrieved from /home/airflow/.local/lib/python3.7/site-packages/airflow/example_dags/example_external_task_marker_dag.py
[2022-04-13 09:25:03,625] {logging_mixin.py:109} INFO - [2022-04-13 09:25:03,625] {dag.py:2398} INFO - Sync 2 DAGs
[2022-04-13 09:25:03,651] {logging_mixin.py:109} INFO - [2022-04-13 09:25:03,651] {dag.py:2937} INFO - Setting next_dagrun for example_external_task_marker_child to None
[2022-04-13 09:25:03,652] {logging_mixin.py:109} INFO - [2022-04-13 09:25:03,652] {dag.py:2937} INFO - Setting next_dagrun for example_external_task_marker_parent to None
[2022-04-13 09:25:03,665] {processor.py:171} INFO - Processing /home/airflow/.local/lib/python3.7/site-packages/airflow/example_dags/example_external_task_marker_dag.py took 0.085 seconds
[2022-04-13 09:25:34,484] {processor.py:163} INFO - Started process (PID=2142) to work on /home/airflow/.local/lib/python3.7/site-packages/airflow/example_dags/example_external_task_marker_dag.py
[2022-04-13 09:25:34,486] {processor.py:642} INFO - Processing file /home/airflow/.local/lib/python3.7/site-packages/airflow/example_dags/example_external_task_marker_dag.py for tasks to queue
[2022-04-13 09:25:34,486] {logging_mixin.py:109} INFO - [2022-04-13 09:25:34,486] {dagbag.py:500} INFO - Filling up the DagBag from /home/airflow/.local/lib/python3.7/site-packages/airflow/example_dags/example_external_task_marker_dag.py
[2022-04-13 09:25:34,500] {processor.py:652} INFO - DAG(s) dict_keys(['example_external_task_marker_parent', 'example_external_task_marker_child']) retrieved from /home/airflow/.local/lib/python3.7/site-packages/airflow/example_dags/example_external_task_marker_dag.py
[2022-04-13 09:25:34,526] {logging_mixin.py:109} INFO - [2022-04-13 09:25:34,526] {dag.py:2398} INFO - Sync 2 DAGs
[2022-04-13 09:25:34,545] {logging_mixin.py:109} INFO - [2022-04-13 09:25:34,545] {dag.py:2937} INFO - Setting next_dagrun for example_external_task_marker_child to None
[2022-04-13 09:25:34,545] {logging_mixin.py:109} INFO - [2022-04-13 09:25:34,545] {dag.py:2937} INFO - Setting next_dagrun for example_external_task_marker_parent to None
[2022-04-13 09:25:34,559] {processor.py:171} INFO - Processing /home/airflow/.local/lib/python3.7/site-packages/airflow/example_dags/example_external_task_marker_dag.py took 0.077 seconds
[2022-04-13 09:26:05,537] {processor.py:163} INFO - Started process (PID=2203) to work on /home/airflow/.local/lib/python3.7/site-packages/airflow/example_dags/example_external_task_marker_dag.py
[2022-04-13 09:26:05,538] {processor.py:642} INFO - Processing file /home/airflow/.local/lib/python3.7/site-packages/airflow/example_dags/example_external_task_marker_dag.py for tasks to queue
[2022-04-13 09:26:05,538] {logging_mixin.py:109} INFO - [2022-04-13 09:26:05,538] {dagbag.py:500} INFO - Filling up the DagBag from /home/airflow/.local/lib/python3.7/site-packages/airflow/example_dags/example_external_task_marker_dag.py
[2022-04-13 09:26:05,558] {processor.py:652} INFO - DAG(s) dict_keys(['example_external_task_marker_parent', 'example_external_task_marker_child']) retrieved from /home/airflow/.local/lib/python3.7/site-packages/airflow/example_dags/example_external_task_marker_dag.py
[2022-04-13 09:26:05,592] {logging_mixin.py:109} INFO - [2022-04-13 09:26:05,591] {dag.py:2398} INFO - Sync 2 DAGs
[2022-04-13 09:26:05,613] {logging_mixin.py:109} INFO - [2022-04-13 09:26:05,613] {dag.py:2937} INFO - Setting next_dagrun for example_external_task_marker_child to None
[2022-04-13 09:26:05,614] {logging_mixin.py:109} INFO - [2022-04-13 09:26:05,614] {dag.py:2937} INFO - Setting next_dagrun for example_external_task_marker_parent to None
[2022-04-13 09:26:05,631] {processor.py:171} INFO - Processing /home/airflow/.local/lib/python3.7/site-packages/airflow/example_dags/example_external_task_marker_dag.py took 0.097 seconds
