[2022-04-13 08:46:38,086] {processor.py:163} INFO - Started process (PID=293) to work on /home/airflow/.local/lib/python3.7/site-packages/airflow/example_dags/example_nested_branch_dag.py
[2022-04-13 08:46:38,088] {processor.py:642} INFO - Processing file /home/airflow/.local/lib/python3.7/site-packages/airflow/example_dags/example_nested_branch_dag.py for tasks to queue
[2022-04-13 08:46:38,089] {logging_mixin.py:109} INFO - [2022-04-13 08:46:38,088] {dagbag.py:500} INFO - Filling up the DagBag from /home/airflow/.local/lib/python3.7/site-packages/airflow/example_dags/example_nested_branch_dag.py
[2022-04-13 08:46:38,118] {processor.py:652} INFO - DAG(s) dict_keys(['example_nested_branch_dag']) retrieved from /home/airflow/.local/lib/python3.7/site-packages/airflow/example_dags/example_nested_branch_dag.py
[2022-04-13 08:46:40,307] {logging_mixin.py:109} INFO - [2022-04-13 08:46:40,307] {manager.py:496} INFO - Created Permission View: can read on DAG:example_nested_branch_dag
[2022-04-13 08:46:40,331] {logging_mixin.py:109} INFO - [2022-04-13 08:46:40,331] {manager.py:496} INFO - Created Permission View: can edit on DAG:example_nested_branch_dag
[2022-04-13 08:46:40,332] {logging_mixin.py:109} INFO - [2022-04-13 08:46:40,331] {dag.py:2398} INFO - Sync 1 DAGs
[2022-04-13 08:46:40,345] {logging_mixin.py:109} INFO - [2022-04-13 08:46:40,345] {dag.py:2417} INFO - Creating ORM DAG for example_nested_branch_dag
[2022-04-13 08:46:40,365] {logging_mixin.py:109} INFO - [2022-04-13 08:46:40,364] {dag.py:2937} INFO - Setting next_dagrun for example_nested_branch_dag to 2022-04-12 00:00:00+00:00
[2022-04-13 08:46:40,394] {processor.py:171} INFO - Processing /home/airflow/.local/lib/python3.7/site-packages/airflow/example_dags/example_nested_branch_dag.py took 2.311 seconds
[2022-04-13 08:47:10,950] {processor.py:163} INFO - Started process (PID=487) to work on /home/airflow/.local/lib/python3.7/site-packages/airflow/example_dags/example_nested_branch_dag.py
[2022-04-13 08:47:10,952] {processor.py:642} INFO - Processing file /home/airflow/.local/lib/python3.7/site-packages/airflow/example_dags/example_nested_branch_dag.py for tasks to queue
[2022-04-13 08:47:10,953] {logging_mixin.py:109} INFO - [2022-04-13 08:47:10,953] {dagbag.py:500} INFO - Filling up the DagBag from /home/airflow/.local/lib/python3.7/site-packages/airflow/example_dags/example_nested_branch_dag.py
[2022-04-13 08:47:10,976] {processor.py:652} INFO - DAG(s) dict_keys(['example_nested_branch_dag']) retrieved from /home/airflow/.local/lib/python3.7/site-packages/airflow/example_dags/example_nested_branch_dag.py
[2022-04-13 08:47:10,999] {logging_mixin.py:109} INFO - [2022-04-13 08:47:10,999] {dag.py:2398} INFO - Sync 1 DAGs
[2022-04-13 08:47:11,020] {logging_mixin.py:109} INFO - [2022-04-13 08:47:11,020] {dag.py:2937} INFO - Setting next_dagrun for example_nested_branch_dag to 2022-04-12 00:00:00+00:00
[2022-04-13 08:47:11,034] {processor.py:171} INFO - Processing /home/airflow/.local/lib/python3.7/site-packages/airflow/example_dags/example_nested_branch_dag.py took 0.087 seconds
[2022-04-13 08:47:41,588] {processor.py:163} INFO - Started process (PID=539) to work on /home/airflow/.local/lib/python3.7/site-packages/airflow/example_dags/example_nested_branch_dag.py
[2022-04-13 08:47:41,589] {processor.py:642} INFO - Processing file /home/airflow/.local/lib/python3.7/site-packages/airflow/example_dags/example_nested_branch_dag.py for tasks to queue
[2022-04-13 08:47:41,589] {logging_mixin.py:109} INFO - [2022-04-13 08:47:41,589] {dagbag.py:500} INFO - Filling up the DagBag from /home/airflow/.local/lib/python3.7/site-packages/airflow/example_dags/example_nested_branch_dag.py
[2022-04-13 08:47:41,617] {processor.py:652} INFO - DAG(s) dict_keys(['example_nested_branch_dag']) retrieved from /home/airflow/.local/lib/python3.7/site-packages/airflow/example_dags/example_nested_branch_dag.py
[2022-04-13 08:47:41,643] {logging_mixin.py:109} INFO - [2022-04-13 08:47:41,643] {dag.py:2398} INFO - Sync 1 DAGs
[2022-04-13 08:47:41,664] {logging_mixin.py:109} INFO - [2022-04-13 08:47:41,664] {dag.py:2937} INFO - Setting next_dagrun for example_nested_branch_dag to 2022-04-12 00:00:00+00:00
[2022-04-13 08:47:41,677] {processor.py:171} INFO - Processing /home/airflow/.local/lib/python3.7/site-packages/airflow/example_dags/example_nested_branch_dag.py took 0.091 seconds
[2022-04-13 08:48:11,742] {processor.py:163} INFO - Started process (PID=598) to work on /home/airflow/.local/lib/python3.7/site-packages/airflow/example_dags/example_nested_branch_dag.py
[2022-04-13 08:48:11,745] {processor.py:642} INFO - Processing file /home/airflow/.local/lib/python3.7/site-packages/airflow/example_dags/example_nested_branch_dag.py for tasks to queue
[2022-04-13 08:48:11,745] {logging_mixin.py:109} INFO - [2022-04-13 08:48:11,745] {dagbag.py:500} INFO - Filling up the DagBag from /home/airflow/.local/lib/python3.7/site-packages/airflow/example_dags/example_nested_branch_dag.py
[2022-04-13 08:48:11,760] {processor.py:652} INFO - DAG(s) dict_keys(['example_nested_branch_dag']) retrieved from /home/airflow/.local/lib/python3.7/site-packages/airflow/example_dags/example_nested_branch_dag.py
[2022-04-13 08:48:11,779] {logging_mixin.py:109} INFO - [2022-04-13 08:48:11,779] {dag.py:2398} INFO - Sync 1 DAGs
[2022-04-13 08:48:11,797] {logging_mixin.py:109} INFO - [2022-04-13 08:48:11,797] {dag.py:2937} INFO - Setting next_dagrun for example_nested_branch_dag to 2022-04-12 00:00:00+00:00
[2022-04-13 08:48:11,810] {processor.py:171} INFO - Processing /home/airflow/.local/lib/python3.7/site-packages/airflow/example_dags/example_nested_branch_dag.py took 0.070 seconds
[2022-04-13 08:48:42,369] {processor.py:163} INFO - Started process (PID=650) to work on /home/airflow/.local/lib/python3.7/site-packages/airflow/example_dags/example_nested_branch_dag.py
[2022-04-13 08:48:42,370] {processor.py:642} INFO - Processing file /home/airflow/.local/lib/python3.7/site-packages/airflow/example_dags/example_nested_branch_dag.py for tasks to queue
[2022-04-13 08:48:42,371] {logging_mixin.py:109} INFO - [2022-04-13 08:48:42,370] {dagbag.py:500} INFO - Filling up the DagBag from /home/airflow/.local/lib/python3.7/site-packages/airflow/example_dags/example_nested_branch_dag.py
[2022-04-13 08:48:42,395] {processor.py:652} INFO - DAG(s) dict_keys(['example_nested_branch_dag']) retrieved from /home/airflow/.local/lib/python3.7/site-packages/airflow/example_dags/example_nested_branch_dag.py
[2022-04-13 08:48:42,428] {logging_mixin.py:109} INFO - [2022-04-13 08:48:42,428] {dag.py:2398} INFO - Sync 1 DAGs
[2022-04-13 08:48:42,457] {logging_mixin.py:109} INFO - [2022-04-13 08:48:42,457] {dag.py:2937} INFO - Setting next_dagrun for example_nested_branch_dag to 2022-04-12 00:00:00+00:00
[2022-04-13 08:48:42,476] {processor.py:171} INFO - Processing /home/airflow/.local/lib/python3.7/site-packages/airflow/example_dags/example_nested_branch_dag.py took 0.111 seconds
[2022-04-13 08:52:10,392] {processor.py:163} INFO - Started process (PID=55) to work on /home/airflow/.local/lib/python3.7/site-packages/airflow/example_dags/example_nested_branch_dag.py
[2022-04-13 08:52:10,393] {processor.py:642} INFO - Processing file /home/airflow/.local/lib/python3.7/site-packages/airflow/example_dags/example_nested_branch_dag.py for tasks to queue
[2022-04-13 08:52:10,394] {logging_mixin.py:109} INFO - [2022-04-13 08:52:10,394] {dagbag.py:500} INFO - Filling up the DagBag from /home/airflow/.local/lib/python3.7/site-packages/airflow/example_dags/example_nested_branch_dag.py
[2022-04-13 08:52:10,422] {processor.py:652} INFO - DAG(s) dict_keys(['example_nested_branch_dag']) retrieved from /home/airflow/.local/lib/python3.7/site-packages/airflow/example_dags/example_nested_branch_dag.py
[2022-04-13 08:52:10,454] {logging_mixin.py:109} INFO - [2022-04-13 08:52:10,453] {dag.py:2398} INFO - Sync 1 DAGs
[2022-04-13 08:52:10,479] {logging_mixin.py:109} INFO - [2022-04-13 08:52:10,479] {dag.py:2937} INFO - Setting next_dagrun for example_nested_branch_dag to 2022-04-12 00:00:00+00:00
[2022-04-13 08:52:10,497] {processor.py:171} INFO - Processing /home/airflow/.local/lib/python3.7/site-packages/airflow/example_dags/example_nested_branch_dag.py took 0.109 seconds
[2022-04-13 08:54:27,428] {processor.py:163} INFO - Started process (PID=59) to work on /home/airflow/.local/lib/python3.7/site-packages/airflow/example_dags/example_nested_branch_dag.py
[2022-04-13 08:54:27,429] {processor.py:642} INFO - Processing file /home/airflow/.local/lib/python3.7/site-packages/airflow/example_dags/example_nested_branch_dag.py for tasks to queue
[2022-04-13 08:54:27,430] {logging_mixin.py:109} INFO - [2022-04-13 08:54:27,430] {dagbag.py:500} INFO - Filling up the DagBag from /home/airflow/.local/lib/python3.7/site-packages/airflow/example_dags/example_nested_branch_dag.py
[2022-04-13 08:54:27,449] {processor.py:652} INFO - DAG(s) dict_keys(['example_nested_branch_dag']) retrieved from /home/airflow/.local/lib/python3.7/site-packages/airflow/example_dags/example_nested_branch_dag.py
[2022-04-13 08:54:27,475] {logging_mixin.py:109} INFO - [2022-04-13 08:54:27,475] {dag.py:2398} INFO - Sync 1 DAGs
[2022-04-13 08:54:27,495] {logging_mixin.py:109} INFO - [2022-04-13 08:54:27,495] {dag.py:2937} INFO - Setting next_dagrun for example_nested_branch_dag to 2022-04-12 00:00:00+00:00
[2022-04-13 08:54:27,506] {processor.py:171} INFO - Processing /home/airflow/.local/lib/python3.7/site-packages/airflow/example_dags/example_nested_branch_dag.py took 0.080 seconds
[2022-04-13 08:54:57,979] {processor.py:163} INFO - Started process (PID=111) to work on /home/airflow/.local/lib/python3.7/site-packages/airflow/example_dags/example_nested_branch_dag.py
[2022-04-13 08:54:57,981] {processor.py:642} INFO - Processing file /home/airflow/.local/lib/python3.7/site-packages/airflow/example_dags/example_nested_branch_dag.py for tasks to queue
[2022-04-13 08:54:57,981] {logging_mixin.py:109} INFO - [2022-04-13 08:54:57,981] {dagbag.py:500} INFO - Filling up the DagBag from /home/airflow/.local/lib/python3.7/site-packages/airflow/example_dags/example_nested_branch_dag.py
[2022-04-13 08:54:57,996] {processor.py:652} INFO - DAG(s) dict_keys(['example_nested_branch_dag']) retrieved from /home/airflow/.local/lib/python3.7/site-packages/airflow/example_dags/example_nested_branch_dag.py
[2022-04-13 08:54:58,013] {logging_mixin.py:109} INFO - [2022-04-13 08:54:58,013] {dag.py:2398} INFO - Sync 1 DAGs
[2022-04-13 08:54:58,034] {logging_mixin.py:109} INFO - [2022-04-13 08:54:58,034] {dag.py:2937} INFO - Setting next_dagrun for example_nested_branch_dag to 2022-04-12 00:00:00+00:00
[2022-04-13 08:54:58,044] {processor.py:171} INFO - Processing /home/airflow/.local/lib/python3.7/site-packages/airflow/example_dags/example_nested_branch_dag.py took 0.067 seconds
[2022-04-13 08:55:29,213] {processor.py:163} INFO - Started process (PID=170) to work on /home/airflow/.local/lib/python3.7/site-packages/airflow/example_dags/example_nested_branch_dag.py
[2022-04-13 08:55:29,214] {processor.py:642} INFO - Processing file /home/airflow/.local/lib/python3.7/site-packages/airflow/example_dags/example_nested_branch_dag.py for tasks to queue
[2022-04-13 08:55:29,214] {logging_mixin.py:109} INFO - [2022-04-13 08:55:29,214] {dagbag.py:500} INFO - Filling up the DagBag from /home/airflow/.local/lib/python3.7/site-packages/airflow/example_dags/example_nested_branch_dag.py
[2022-04-13 08:55:29,233] {processor.py:652} INFO - DAG(s) dict_keys(['example_nested_branch_dag']) retrieved from /home/airflow/.local/lib/python3.7/site-packages/airflow/example_dags/example_nested_branch_dag.py
[2022-04-13 08:55:29,256] {logging_mixin.py:109} INFO - [2022-04-13 08:55:29,256] {dag.py:2398} INFO - Sync 1 DAGs
[2022-04-13 08:55:29,277] {logging_mixin.py:109} INFO - [2022-04-13 08:55:29,276] {dag.py:2937} INFO - Setting next_dagrun for example_nested_branch_dag to 2022-04-12 00:00:00+00:00
[2022-04-13 08:55:29,290] {processor.py:171} INFO - Processing /home/airflow/.local/lib/python3.7/site-packages/airflow/example_dags/example_nested_branch_dag.py took 0.080 seconds
[2022-04-13 08:56:00,873] {processor.py:163} INFO - Started process (PID=228) to work on /home/airflow/.local/lib/python3.7/site-packages/airflow/example_dags/example_nested_branch_dag.py
[2022-04-13 08:56:00,876] {processor.py:642} INFO - Processing file /home/airflow/.local/lib/python3.7/site-packages/airflow/example_dags/example_nested_branch_dag.py for tasks to queue
[2022-04-13 08:56:00,877] {logging_mixin.py:109} INFO - [2022-04-13 08:56:00,877] {dagbag.py:500} INFO - Filling up the DagBag from /home/airflow/.local/lib/python3.7/site-packages/airflow/example_dags/example_nested_branch_dag.py
[2022-04-13 08:56:00,917] {processor.py:652} INFO - DAG(s) dict_keys(['example_nested_branch_dag']) retrieved from /home/airflow/.local/lib/python3.7/site-packages/airflow/example_dags/example_nested_branch_dag.py
[2022-04-13 08:56:00,959] {logging_mixin.py:109} INFO - [2022-04-13 08:56:00,959] {dag.py:2398} INFO - Sync 1 DAGs
[2022-04-13 08:56:00,987] {logging_mixin.py:109} INFO - [2022-04-13 08:56:00,986] {dag.py:2937} INFO - Setting next_dagrun for example_nested_branch_dag to 2022-04-12 00:00:00+00:00
[2022-04-13 08:56:01,012] {processor.py:171} INFO - Processing /home/airflow/.local/lib/python3.7/site-packages/airflow/example_dags/example_nested_branch_dag.py took 0.152 seconds
[2022-04-13 08:56:31,030] {processor.py:163} INFO - Started process (PID=283) to work on /home/airflow/.local/lib/python3.7/site-packages/airflow/example_dags/example_nested_branch_dag.py
[2022-04-13 08:56:31,032] {processor.py:642} INFO - Processing file /home/airflow/.local/lib/python3.7/site-packages/airflow/example_dags/example_nested_branch_dag.py for tasks to queue
[2022-04-13 08:56:31,033] {logging_mixin.py:109} INFO - [2022-04-13 08:56:31,032] {dagbag.py:500} INFO - Filling up the DagBag from /home/airflow/.local/lib/python3.7/site-packages/airflow/example_dags/example_nested_branch_dag.py
[2022-04-13 08:56:31,056] {processor.py:652} INFO - DAG(s) dict_keys(['example_nested_branch_dag']) retrieved from /home/airflow/.local/lib/python3.7/site-packages/airflow/example_dags/example_nested_branch_dag.py
[2022-04-13 08:56:31,076] {logging_mixin.py:109} INFO - [2022-04-13 08:56:31,076] {dag.py:2398} INFO - Sync 1 DAGs
[2022-04-13 08:56:31,093] {logging_mixin.py:109} INFO - [2022-04-13 08:56:31,093] {dag.py:2937} INFO - Setting next_dagrun for example_nested_branch_dag to 2022-04-12 00:00:00+00:00
[2022-04-13 08:56:31,103] {processor.py:171} INFO - Processing /home/airflow/.local/lib/python3.7/site-packages/airflow/example_dags/example_nested_branch_dag.py took 0.075 seconds
[2022-04-13 08:57:01,230] {processor.py:163} INFO - Started process (PID=334) to work on /home/airflow/.local/lib/python3.7/site-packages/airflow/example_dags/example_nested_branch_dag.py
[2022-04-13 08:57:01,231] {processor.py:642} INFO - Processing file /home/airflow/.local/lib/python3.7/site-packages/airflow/example_dags/example_nested_branch_dag.py for tasks to queue
[2022-04-13 08:57:01,231] {logging_mixin.py:109} INFO - [2022-04-13 08:57:01,231] {dagbag.py:500} INFO - Filling up the DagBag from /home/airflow/.local/lib/python3.7/site-packages/airflow/example_dags/example_nested_branch_dag.py
[2022-04-13 08:57:01,244] {processor.py:652} INFO - DAG(s) dict_keys(['example_nested_branch_dag']) retrieved from /home/airflow/.local/lib/python3.7/site-packages/airflow/example_dags/example_nested_branch_dag.py
[2022-04-13 08:57:01,262] {logging_mixin.py:109} INFO - [2022-04-13 08:57:01,262] {dag.py:2398} INFO - Sync 1 DAGs
[2022-04-13 08:57:01,280] {logging_mixin.py:109} INFO - [2022-04-13 08:57:01,280] {dag.py:2937} INFO - Setting next_dagrun for example_nested_branch_dag to 2022-04-12 00:00:00+00:00
[2022-04-13 08:57:01,292] {processor.py:171} INFO - Processing /home/airflow/.local/lib/python3.7/site-packages/airflow/example_dags/example_nested_branch_dag.py took 0.064 seconds
[2022-04-13 08:57:31,483] {processor.py:163} INFO - Started process (PID=393) to work on /home/airflow/.local/lib/python3.7/site-packages/airflow/example_dags/example_nested_branch_dag.py
[2022-04-13 08:57:31,484] {processor.py:642} INFO - Processing file /home/airflow/.local/lib/python3.7/site-packages/airflow/example_dags/example_nested_branch_dag.py for tasks to queue
[2022-04-13 08:57:31,485] {logging_mixin.py:109} INFO - [2022-04-13 08:57:31,485] {dagbag.py:500} INFO - Filling up the DagBag from /home/airflow/.local/lib/python3.7/site-packages/airflow/example_dags/example_nested_branch_dag.py
[2022-04-13 08:57:31,505] {processor.py:652} INFO - DAG(s) dict_keys(['example_nested_branch_dag']) retrieved from /home/airflow/.local/lib/python3.7/site-packages/airflow/example_dags/example_nested_branch_dag.py
[2022-04-13 08:57:31,528] {logging_mixin.py:109} INFO - [2022-04-13 08:57:31,527] {dag.py:2398} INFO - Sync 1 DAGs
[2022-04-13 08:57:31,546] {logging_mixin.py:109} INFO - [2022-04-13 08:57:31,546] {dag.py:2937} INFO - Setting next_dagrun for example_nested_branch_dag to 2022-04-12 00:00:00+00:00
[2022-04-13 08:57:31,564] {processor.py:171} INFO - Processing /home/airflow/.local/lib/python3.7/site-packages/airflow/example_dags/example_nested_branch_dag.py took 0.083 seconds
[2022-04-13 08:58:02,607] {processor.py:163} INFO - Started process (PID=453) to work on /home/airflow/.local/lib/python3.7/site-packages/airflow/example_dags/example_nested_branch_dag.py
[2022-04-13 08:58:02,608] {processor.py:642} INFO - Processing file /home/airflow/.local/lib/python3.7/site-packages/airflow/example_dags/example_nested_branch_dag.py for tasks to queue
[2022-04-13 08:58:02,608] {logging_mixin.py:109} INFO - [2022-04-13 08:58:02,608] {dagbag.py:500} INFO - Filling up the DagBag from /home/airflow/.local/lib/python3.7/site-packages/airflow/example_dags/example_nested_branch_dag.py
[2022-04-13 08:58:02,624] {processor.py:652} INFO - DAG(s) dict_keys(['example_nested_branch_dag']) retrieved from /home/airflow/.local/lib/python3.7/site-packages/airflow/example_dags/example_nested_branch_dag.py
[2022-04-13 08:58:02,650] {logging_mixin.py:109} INFO - [2022-04-13 08:58:02,650] {dag.py:2398} INFO - Sync 1 DAGs
[2022-04-13 08:58:02,673] {logging_mixin.py:109} INFO - [2022-04-13 08:58:02,673] {dag.py:2937} INFO - Setting next_dagrun for example_nested_branch_dag to 2022-04-12 00:00:00+00:00
[2022-04-13 08:58:02,688] {processor.py:171} INFO - Processing /home/airflow/.local/lib/python3.7/site-packages/airflow/example_dags/example_nested_branch_dag.py took 0.084 seconds
[2022-04-13 08:58:33,824] {processor.py:163} INFO - Started process (PID=505) to work on /home/airflow/.local/lib/python3.7/site-packages/airflow/example_dags/example_nested_branch_dag.py
[2022-04-13 08:58:33,825] {processor.py:642} INFO - Processing file /home/airflow/.local/lib/python3.7/site-packages/airflow/example_dags/example_nested_branch_dag.py for tasks to queue
[2022-04-13 08:58:33,826] {logging_mixin.py:109} INFO - [2022-04-13 08:58:33,826] {dagbag.py:500} INFO - Filling up the DagBag from /home/airflow/.local/lib/python3.7/site-packages/airflow/example_dags/example_nested_branch_dag.py
[2022-04-13 08:58:33,842] {processor.py:652} INFO - DAG(s) dict_keys(['example_nested_branch_dag']) retrieved from /home/airflow/.local/lib/python3.7/site-packages/airflow/example_dags/example_nested_branch_dag.py
[2022-04-13 08:58:33,865] {logging_mixin.py:109} INFO - [2022-04-13 08:58:33,865] {dag.py:2398} INFO - Sync 1 DAGs
[2022-04-13 08:58:33,886] {logging_mixin.py:109} INFO - [2022-04-13 08:58:33,886] {dag.py:2937} INFO - Setting next_dagrun for example_nested_branch_dag to 2022-04-12 00:00:00+00:00
[2022-04-13 08:58:33,899] {processor.py:171} INFO - Processing /home/airflow/.local/lib/python3.7/site-packages/airflow/example_dags/example_nested_branch_dag.py took 0.078 seconds
[2022-04-13 08:59:04,948] {processor.py:163} INFO - Started process (PID=566) to work on /home/airflow/.local/lib/python3.7/site-packages/airflow/example_dags/example_nested_branch_dag.py
[2022-04-13 08:59:04,950] {processor.py:642} INFO - Processing file /home/airflow/.local/lib/python3.7/site-packages/airflow/example_dags/example_nested_branch_dag.py for tasks to queue
[2022-04-13 08:59:04,950] {logging_mixin.py:109} INFO - [2022-04-13 08:59:04,950] {dagbag.py:500} INFO - Filling up the DagBag from /home/airflow/.local/lib/python3.7/site-packages/airflow/example_dags/example_nested_branch_dag.py
[2022-04-13 08:59:04,974] {processor.py:652} INFO - DAG(s) dict_keys(['example_nested_branch_dag']) retrieved from /home/airflow/.local/lib/python3.7/site-packages/airflow/example_dags/example_nested_branch_dag.py
[2022-04-13 08:59:05,009] {logging_mixin.py:109} INFO - [2022-04-13 08:59:05,009] {dag.py:2398} INFO - Sync 1 DAGs
[2022-04-13 08:59:05,042] {logging_mixin.py:109} INFO - [2022-04-13 08:59:05,042] {dag.py:2937} INFO - Setting next_dagrun for example_nested_branch_dag to 2022-04-12 00:00:00+00:00
[2022-04-13 08:59:05,065] {processor.py:171} INFO - Processing /home/airflow/.local/lib/python3.7/site-packages/airflow/example_dags/example_nested_branch_dag.py took 0.120 seconds
[2022-04-13 08:59:35,628] {processor.py:163} INFO - Started process (PID=618) to work on /home/airflow/.local/lib/python3.7/site-packages/airflow/example_dags/example_nested_branch_dag.py
[2022-04-13 08:59:35,630] {processor.py:642} INFO - Processing file /home/airflow/.local/lib/python3.7/site-packages/airflow/example_dags/example_nested_branch_dag.py for tasks to queue
[2022-04-13 08:59:35,631] {logging_mixin.py:109} INFO - [2022-04-13 08:59:35,631] {dagbag.py:500} INFO - Filling up the DagBag from /home/airflow/.local/lib/python3.7/site-packages/airflow/example_dags/example_nested_branch_dag.py
[2022-04-13 08:59:35,653] {processor.py:652} INFO - DAG(s) dict_keys(['example_nested_branch_dag']) retrieved from /home/airflow/.local/lib/python3.7/site-packages/airflow/example_dags/example_nested_branch_dag.py
[2022-04-13 08:59:35,681] {logging_mixin.py:109} INFO - [2022-04-13 08:59:35,681] {dag.py:2398} INFO - Sync 1 DAGs
[2022-04-13 08:59:35,708] {logging_mixin.py:109} INFO - [2022-04-13 08:59:35,707] {dag.py:2937} INFO - Setting next_dagrun for example_nested_branch_dag to 2022-04-12 00:00:00+00:00
[2022-04-13 08:59:35,724] {processor.py:171} INFO - Processing /home/airflow/.local/lib/python3.7/site-packages/airflow/example_dags/example_nested_branch_dag.py took 0.098 seconds
[2022-04-13 09:00:06,192] {processor.py:163} INFO - Started process (PID=668) to work on /home/airflow/.local/lib/python3.7/site-packages/airflow/example_dags/example_nested_branch_dag.py
[2022-04-13 09:00:06,194] {processor.py:642} INFO - Processing file /home/airflow/.local/lib/python3.7/site-packages/airflow/example_dags/example_nested_branch_dag.py for tasks to queue
[2022-04-13 09:00:06,195] {logging_mixin.py:109} INFO - [2022-04-13 09:00:06,195] {dagbag.py:500} INFO - Filling up the DagBag from /home/airflow/.local/lib/python3.7/site-packages/airflow/example_dags/example_nested_branch_dag.py
[2022-04-13 09:00:06,213] {processor.py:652} INFO - DAG(s) dict_keys(['example_nested_branch_dag']) retrieved from /home/airflow/.local/lib/python3.7/site-packages/airflow/example_dags/example_nested_branch_dag.py
[2022-04-13 09:00:06,236] {logging_mixin.py:109} INFO - [2022-04-13 09:00:06,236] {dag.py:2398} INFO - Sync 1 DAGs
[2022-04-13 09:00:06,259] {logging_mixin.py:109} INFO - [2022-04-13 09:00:06,259] {dag.py:2937} INFO - Setting next_dagrun for example_nested_branch_dag to 2022-04-12 00:00:00+00:00
[2022-04-13 09:00:06,279] {processor.py:171} INFO - Processing /home/airflow/.local/lib/python3.7/site-packages/airflow/example_dags/example_nested_branch_dag.py took 0.090 seconds
[2022-04-13 09:00:37,006] {processor.py:163} INFO - Started process (PID=720) to work on /home/airflow/.local/lib/python3.7/site-packages/airflow/example_dags/example_nested_branch_dag.py
[2022-04-13 09:00:37,007] {processor.py:642} INFO - Processing file /home/airflow/.local/lib/python3.7/site-packages/airflow/example_dags/example_nested_branch_dag.py for tasks to queue
[2022-04-13 09:00:37,008] {logging_mixin.py:109} INFO - [2022-04-13 09:00:37,008] {dagbag.py:500} INFO - Filling up the DagBag from /home/airflow/.local/lib/python3.7/site-packages/airflow/example_dags/example_nested_branch_dag.py
[2022-04-13 09:00:37,029] {processor.py:652} INFO - DAG(s) dict_keys(['example_nested_branch_dag']) retrieved from /home/airflow/.local/lib/python3.7/site-packages/airflow/example_dags/example_nested_branch_dag.py
[2022-04-13 09:00:37,060] {logging_mixin.py:109} INFO - [2022-04-13 09:00:37,060] {dag.py:2398} INFO - Sync 1 DAGs
[2022-04-13 09:00:37,087] {logging_mixin.py:109} INFO - [2022-04-13 09:00:37,087] {dag.py:2937} INFO - Setting next_dagrun for example_nested_branch_dag to 2022-04-12 00:00:00+00:00
[2022-04-13 09:00:37,107] {processor.py:171} INFO - Processing /home/airflow/.local/lib/python3.7/site-packages/airflow/example_dags/example_nested_branch_dag.py took 0.104 seconds
[2022-04-13 09:01:07,511] {processor.py:163} INFO - Started process (PID=780) to work on /home/airflow/.local/lib/python3.7/site-packages/airflow/example_dags/example_nested_branch_dag.py
[2022-04-13 09:01:07,513] {processor.py:642} INFO - Processing file /home/airflow/.local/lib/python3.7/site-packages/airflow/example_dags/example_nested_branch_dag.py for tasks to queue
[2022-04-13 09:01:07,514] {logging_mixin.py:109} INFO - [2022-04-13 09:01:07,514] {dagbag.py:500} INFO - Filling up the DagBag from /home/airflow/.local/lib/python3.7/site-packages/airflow/example_dags/example_nested_branch_dag.py
[2022-04-13 09:01:07,533] {processor.py:652} INFO - DAG(s) dict_keys(['example_nested_branch_dag']) retrieved from /home/airflow/.local/lib/python3.7/site-packages/airflow/example_dags/example_nested_branch_dag.py
[2022-04-13 09:01:07,560] {logging_mixin.py:109} INFO - [2022-04-13 09:01:07,559] {dag.py:2398} INFO - Sync 1 DAGs
[2022-04-13 09:01:07,586] {logging_mixin.py:109} INFO - [2022-04-13 09:01:07,585] {dag.py:2937} INFO - Setting next_dagrun for example_nested_branch_dag to 2022-04-12 00:00:00+00:00
[2022-04-13 09:01:07,602] {processor.py:171} INFO - Processing /home/airflow/.local/lib/python3.7/site-packages/airflow/example_dags/example_nested_branch_dag.py took 0.094 seconds
[2022-04-13 09:01:38,898] {processor.py:163} INFO - Started process (PID=832) to work on /home/airflow/.local/lib/python3.7/site-packages/airflow/example_dags/example_nested_branch_dag.py
[2022-04-13 09:01:38,899] {processor.py:642} INFO - Processing file /home/airflow/.local/lib/python3.7/site-packages/airflow/example_dags/example_nested_branch_dag.py for tasks to queue
[2022-04-13 09:01:38,900] {logging_mixin.py:109} INFO - [2022-04-13 09:01:38,900] {dagbag.py:500} INFO - Filling up the DagBag from /home/airflow/.local/lib/python3.7/site-packages/airflow/example_dags/example_nested_branch_dag.py
[2022-04-13 09:01:38,919] {processor.py:652} INFO - DAG(s) dict_keys(['example_nested_branch_dag']) retrieved from /home/airflow/.local/lib/python3.7/site-packages/airflow/example_dags/example_nested_branch_dag.py
[2022-04-13 09:01:38,942] {logging_mixin.py:109} INFO - [2022-04-13 09:01:38,942] {dag.py:2398} INFO - Sync 1 DAGs
[2022-04-13 09:01:38,964] {logging_mixin.py:109} INFO - [2022-04-13 09:01:38,964] {dag.py:2937} INFO - Setting next_dagrun for example_nested_branch_dag to 2022-04-12 00:00:00+00:00
[2022-04-13 09:01:38,978] {processor.py:171} INFO - Processing /home/airflow/.local/lib/python3.7/site-packages/airflow/example_dags/example_nested_branch_dag.py took 0.081 seconds
[2022-04-13 09:02:09,881] {processor.py:163} INFO - Started process (PID=883) to work on /home/airflow/.local/lib/python3.7/site-packages/airflow/example_dags/example_nested_branch_dag.py
[2022-04-13 09:02:09,883] {processor.py:642} INFO - Processing file /home/airflow/.local/lib/python3.7/site-packages/airflow/example_dags/example_nested_branch_dag.py for tasks to queue
[2022-04-13 09:02:09,884] {logging_mixin.py:109} INFO - [2022-04-13 09:02:09,884] {dagbag.py:500} INFO - Filling up the DagBag from /home/airflow/.local/lib/python3.7/site-packages/airflow/example_dags/example_nested_branch_dag.py
[2022-04-13 09:02:09,908] {processor.py:652} INFO - DAG(s) dict_keys(['example_nested_branch_dag']) retrieved from /home/airflow/.local/lib/python3.7/site-packages/airflow/example_dags/example_nested_branch_dag.py
[2022-04-13 09:02:09,940] {logging_mixin.py:109} INFO - [2022-04-13 09:02:09,940] {dag.py:2398} INFO - Sync 1 DAGs
[2022-04-13 09:02:09,967] {logging_mixin.py:109} INFO - [2022-04-13 09:02:09,967] {dag.py:2937} INFO - Setting next_dagrun for example_nested_branch_dag to 2022-04-12 00:00:00+00:00
[2022-04-13 09:02:09,985] {processor.py:171} INFO - Processing /home/airflow/.local/lib/python3.7/site-packages/airflow/example_dags/example_nested_branch_dag.py took 0.108 seconds
[2022-04-13 09:02:40,850] {processor.py:163} INFO - Started process (PID=945) to work on /home/airflow/.local/lib/python3.7/site-packages/airflow/example_dags/example_nested_branch_dag.py
[2022-04-13 09:02:40,852] {processor.py:642} INFO - Processing file /home/airflow/.local/lib/python3.7/site-packages/airflow/example_dags/example_nested_branch_dag.py for tasks to queue
[2022-04-13 09:02:40,853] {logging_mixin.py:109} INFO - [2022-04-13 09:02:40,853] {dagbag.py:500} INFO - Filling up the DagBag from /home/airflow/.local/lib/python3.7/site-packages/airflow/example_dags/example_nested_branch_dag.py
[2022-04-13 09:02:40,879] {processor.py:652} INFO - DAG(s) dict_keys(['example_nested_branch_dag']) retrieved from /home/airflow/.local/lib/python3.7/site-packages/airflow/example_dags/example_nested_branch_dag.py
[2022-04-13 09:02:40,919] {logging_mixin.py:109} INFO - [2022-04-13 09:02:40,919] {dag.py:2398} INFO - Sync 1 DAGs
[2022-04-13 09:02:40,941] {logging_mixin.py:109} INFO - [2022-04-13 09:02:40,940] {dag.py:2937} INFO - Setting next_dagrun for example_nested_branch_dag to 2022-04-12 00:00:00+00:00
[2022-04-13 09:02:40,954] {processor.py:171} INFO - Processing /home/airflow/.local/lib/python3.7/site-packages/airflow/example_dags/example_nested_branch_dag.py took 0.108 seconds
[2022-04-13 09:03:12,393] {processor.py:163} INFO - Started process (PID=995) to work on /home/airflow/.local/lib/python3.7/site-packages/airflow/example_dags/example_nested_branch_dag.py
[2022-04-13 09:03:12,395] {processor.py:642} INFO - Processing file /home/airflow/.local/lib/python3.7/site-packages/airflow/example_dags/example_nested_branch_dag.py for tasks to queue
[2022-04-13 09:03:12,396] {logging_mixin.py:109} INFO - [2022-04-13 09:03:12,396] {dagbag.py:500} INFO - Filling up the DagBag from /home/airflow/.local/lib/python3.7/site-packages/airflow/example_dags/example_nested_branch_dag.py
[2022-04-13 09:03:12,435] {processor.py:652} INFO - DAG(s) dict_keys(['example_nested_branch_dag']) retrieved from /home/airflow/.local/lib/python3.7/site-packages/airflow/example_dags/example_nested_branch_dag.py
[2022-04-13 09:03:12,474] {logging_mixin.py:109} INFO - [2022-04-13 09:03:12,473] {dag.py:2398} INFO - Sync 1 DAGs
[2022-04-13 09:03:12,501] {logging_mixin.py:109} INFO - [2022-04-13 09:03:12,500] {dag.py:2937} INFO - Setting next_dagrun for example_nested_branch_dag to 2022-04-12 00:00:00+00:00
[2022-04-13 09:03:12,524] {processor.py:171} INFO - Processing /home/airflow/.local/lib/python3.7/site-packages/airflow/example_dags/example_nested_branch_dag.py took 0.134 seconds
[2022-04-13 09:05:52,123] {processor.py:163} INFO - Started process (PID=57) to work on /home/airflow/.local/lib/python3.7/site-packages/airflow/example_dags/example_nested_branch_dag.py
[2022-04-13 09:05:52,125] {processor.py:642} INFO - Processing file /home/airflow/.local/lib/python3.7/site-packages/airflow/example_dags/example_nested_branch_dag.py for tasks to queue
[2022-04-13 09:05:52,126] {logging_mixin.py:109} INFO - [2022-04-13 09:05:52,126] {dagbag.py:500} INFO - Filling up the DagBag from /home/airflow/.local/lib/python3.7/site-packages/airflow/example_dags/example_nested_branch_dag.py
[2022-04-13 09:05:52,146] {processor.py:652} INFO - DAG(s) dict_keys(['example_nested_branch_dag']) retrieved from /home/airflow/.local/lib/python3.7/site-packages/airflow/example_dags/example_nested_branch_dag.py
[2022-04-13 09:05:52,173] {logging_mixin.py:109} INFO - [2022-04-13 09:05:52,173] {dag.py:2398} INFO - Sync 1 DAGs
[2022-04-13 09:05:52,193] {logging_mixin.py:109} INFO - [2022-04-13 09:05:52,193] {dag.py:2937} INFO - Setting next_dagrun for example_nested_branch_dag to 2022-04-12 00:00:00+00:00
[2022-04-13 09:05:52,209] {processor.py:171} INFO - Processing /home/airflow/.local/lib/python3.7/site-packages/airflow/example_dags/example_nested_branch_dag.py took 0.088 seconds
[2022-04-13 09:06:23,055] {processor.py:163} INFO - Started process (PID=108) to work on /home/airflow/.local/lib/python3.7/site-packages/airflow/example_dags/example_nested_branch_dag.py
[2022-04-13 09:06:23,056] {processor.py:642} INFO - Processing file /home/airflow/.local/lib/python3.7/site-packages/airflow/example_dags/example_nested_branch_dag.py for tasks to queue
[2022-04-13 09:06:23,056] {logging_mixin.py:109} INFO - [2022-04-13 09:06:23,056] {dagbag.py:500} INFO - Filling up the DagBag from /home/airflow/.local/lib/python3.7/site-packages/airflow/example_dags/example_nested_branch_dag.py
[2022-04-13 09:06:23,071] {processor.py:652} INFO - DAG(s) dict_keys(['example_nested_branch_dag']) retrieved from /home/airflow/.local/lib/python3.7/site-packages/airflow/example_dags/example_nested_branch_dag.py
[2022-04-13 09:06:23,091] {logging_mixin.py:109} INFO - [2022-04-13 09:06:23,090] {dag.py:2398} INFO - Sync 1 DAGs
[2022-04-13 09:06:23,115] {logging_mixin.py:109} INFO - [2022-04-13 09:06:23,115] {dag.py:2937} INFO - Setting next_dagrun for example_nested_branch_dag to 2022-04-12 00:00:00+00:00
[2022-04-13 09:06:23,130] {processor.py:171} INFO - Processing /home/airflow/.local/lib/python3.7/site-packages/airflow/example_dags/example_nested_branch_dag.py took 0.077 seconds
[2022-04-13 09:06:53,776] {processor.py:163} INFO - Started process (PID=169) to work on /home/airflow/.local/lib/python3.7/site-packages/airflow/example_dags/example_nested_branch_dag.py
[2022-04-13 09:06:53,777] {processor.py:642} INFO - Processing file /home/airflow/.local/lib/python3.7/site-packages/airflow/example_dags/example_nested_branch_dag.py for tasks to queue
[2022-04-13 09:06:53,778] {logging_mixin.py:109} INFO - [2022-04-13 09:06:53,778] {dagbag.py:500} INFO - Filling up the DagBag from /home/airflow/.local/lib/python3.7/site-packages/airflow/example_dags/example_nested_branch_dag.py
[2022-04-13 09:06:53,793] {processor.py:652} INFO - DAG(s) dict_keys(['example_nested_branch_dag']) retrieved from /home/airflow/.local/lib/python3.7/site-packages/airflow/example_dags/example_nested_branch_dag.py
[2022-04-13 09:06:53,811] {logging_mixin.py:109} INFO - [2022-04-13 09:06:53,811] {dag.py:2398} INFO - Sync 1 DAGs
[2022-04-13 09:06:53,827] {logging_mixin.py:109} INFO - [2022-04-13 09:06:53,827] {dag.py:2937} INFO - Setting next_dagrun for example_nested_branch_dag to 2022-04-12 00:00:00+00:00
[2022-04-13 09:06:53,837] {processor.py:171} INFO - Processing /home/airflow/.local/lib/python3.7/site-packages/airflow/example_dags/example_nested_branch_dag.py took 0.064 seconds
[2022-04-13 09:07:24,180] {processor.py:163} INFO - Started process (PID=220) to work on /home/airflow/.local/lib/python3.7/site-packages/airflow/example_dags/example_nested_branch_dag.py
[2022-04-13 09:07:24,181] {processor.py:642} INFO - Processing file /home/airflow/.local/lib/python3.7/site-packages/airflow/example_dags/example_nested_branch_dag.py for tasks to queue
[2022-04-13 09:07:24,181] {logging_mixin.py:109} INFO - [2022-04-13 09:07:24,181] {dagbag.py:500} INFO - Filling up the DagBag from /home/airflow/.local/lib/python3.7/site-packages/airflow/example_dags/example_nested_branch_dag.py
[2022-04-13 09:07:24,204] {processor.py:652} INFO - DAG(s) dict_keys(['example_nested_branch_dag']) retrieved from /home/airflow/.local/lib/python3.7/site-packages/airflow/example_dags/example_nested_branch_dag.py
[2022-04-13 09:07:24,260] {logging_mixin.py:109} INFO - [2022-04-13 09:07:24,259] {dag.py:2398} INFO - Sync 1 DAGs
[2022-04-13 09:07:24,293] {logging_mixin.py:109} INFO - [2022-04-13 09:07:24,293] {dag.py:2937} INFO - Setting next_dagrun for example_nested_branch_dag to 2022-04-12 00:00:00+00:00
[2022-04-13 09:07:24,310] {processor.py:171} INFO - Processing /home/airflow/.local/lib/python3.7/site-packages/airflow/example_dags/example_nested_branch_dag.py took 0.133 seconds
[2022-04-13 09:07:54,549] {processor.py:163} INFO - Started process (PID=270) to work on /home/airflow/.local/lib/python3.7/site-packages/airflow/example_dags/example_nested_branch_dag.py
[2022-04-13 09:07:54,551] {processor.py:642} INFO - Processing file /home/airflow/.local/lib/python3.7/site-packages/airflow/example_dags/example_nested_branch_dag.py for tasks to queue
[2022-04-13 09:07:54,551] {logging_mixin.py:109} INFO - [2022-04-13 09:07:54,551] {dagbag.py:500} INFO - Filling up the DagBag from /home/airflow/.local/lib/python3.7/site-packages/airflow/example_dags/example_nested_branch_dag.py
[2022-04-13 09:07:54,568] {processor.py:652} INFO - DAG(s) dict_keys(['example_nested_branch_dag']) retrieved from /home/airflow/.local/lib/python3.7/site-packages/airflow/example_dags/example_nested_branch_dag.py
[2022-04-13 09:07:54,588] {logging_mixin.py:109} INFO - [2022-04-13 09:07:54,588] {dag.py:2398} INFO - Sync 1 DAGs
[2022-04-13 09:07:54,606] {logging_mixin.py:109} INFO - [2022-04-13 09:07:54,606] {dag.py:2937} INFO - Setting next_dagrun for example_nested_branch_dag to 2022-04-12 00:00:00+00:00
[2022-04-13 09:07:54,618] {processor.py:171} INFO - Processing /home/airflow/.local/lib/python3.7/site-packages/airflow/example_dags/example_nested_branch_dag.py took 0.071 seconds
[2022-04-13 09:08:26,408] {processor.py:163} INFO - Started process (PID=331) to work on /home/airflow/.local/lib/python3.7/site-packages/airflow/example_dags/example_nested_branch_dag.py
[2022-04-13 09:08:26,413] {processor.py:642} INFO - Processing file /home/airflow/.local/lib/python3.7/site-packages/airflow/example_dags/example_nested_branch_dag.py for tasks to queue
[2022-04-13 09:08:26,420] {logging_mixin.py:109} INFO - [2022-04-13 09:08:26,418] {dagbag.py:500} INFO - Filling up the DagBag from /home/airflow/.local/lib/python3.7/site-packages/airflow/example_dags/example_nested_branch_dag.py
[2022-04-13 09:08:26,476] {processor.py:652} INFO - DAG(s) dict_keys(['example_nested_branch_dag']) retrieved from /home/airflow/.local/lib/python3.7/site-packages/airflow/example_dags/example_nested_branch_dag.py
[2022-04-13 09:08:26,545] {logging_mixin.py:109} INFO - [2022-04-13 09:08:26,545] {dag.py:2398} INFO - Sync 1 DAGs
[2022-04-13 09:08:26,587] {logging_mixin.py:109} INFO - [2022-04-13 09:08:26,587] {dag.py:2937} INFO - Setting next_dagrun for example_nested_branch_dag to 2022-04-12 00:00:00+00:00
[2022-04-13 09:08:26,615] {processor.py:171} INFO - Processing /home/airflow/.local/lib/python3.7/site-packages/airflow/example_dags/example_nested_branch_dag.py took 0.211 seconds
[2022-04-13 09:08:56,973] {processor.py:163} INFO - Started process (PID=383) to work on /home/airflow/.local/lib/python3.7/site-packages/airflow/example_dags/example_nested_branch_dag.py
[2022-04-13 09:08:56,975] {processor.py:642} INFO - Processing file /home/airflow/.local/lib/python3.7/site-packages/airflow/example_dags/example_nested_branch_dag.py for tasks to queue
[2022-04-13 09:08:56,976] {logging_mixin.py:109} INFO - [2022-04-13 09:08:56,976] {dagbag.py:500} INFO - Filling up the DagBag from /home/airflow/.local/lib/python3.7/site-packages/airflow/example_dags/example_nested_branch_dag.py
[2022-04-13 09:08:56,998] {processor.py:652} INFO - DAG(s) dict_keys(['example_nested_branch_dag']) retrieved from /home/airflow/.local/lib/python3.7/site-packages/airflow/example_dags/example_nested_branch_dag.py
[2022-04-13 09:08:57,025] {logging_mixin.py:109} INFO - [2022-04-13 09:08:57,025] {dag.py:2398} INFO - Sync 1 DAGs
[2022-04-13 09:08:57,049] {logging_mixin.py:109} INFO - [2022-04-13 09:08:57,049] {dag.py:2937} INFO - Setting next_dagrun for example_nested_branch_dag to 2022-04-12 00:00:00+00:00
[2022-04-13 09:08:57,067] {processor.py:171} INFO - Processing /home/airflow/.local/lib/python3.7/site-packages/airflow/example_dags/example_nested_branch_dag.py took 0.097 seconds
[2022-04-13 09:09:28,656] {processor.py:163} INFO - Started process (PID=444) to work on /home/airflow/.local/lib/python3.7/site-packages/airflow/example_dags/example_nested_branch_dag.py
[2022-04-13 09:09:28,657] {processor.py:642} INFO - Processing file /home/airflow/.local/lib/python3.7/site-packages/airflow/example_dags/example_nested_branch_dag.py for tasks to queue
[2022-04-13 09:09:28,659] {logging_mixin.py:109} INFO - [2022-04-13 09:09:28,659] {dagbag.py:500} INFO - Filling up the DagBag from /home/airflow/.local/lib/python3.7/site-packages/airflow/example_dags/example_nested_branch_dag.py
[2022-04-13 09:09:28,684] {processor.py:652} INFO - DAG(s) dict_keys(['example_nested_branch_dag']) retrieved from /home/airflow/.local/lib/python3.7/site-packages/airflow/example_dags/example_nested_branch_dag.py
[2022-04-13 09:09:28,777] {logging_mixin.py:109} INFO - [2022-04-13 09:09:28,777] {dag.py:2398} INFO - Sync 1 DAGs
[2022-04-13 09:09:28,802] {logging_mixin.py:109} INFO - [2022-04-13 09:09:28,802] {dag.py:2937} INFO - Setting next_dagrun for example_nested_branch_dag to 2022-04-12 00:00:00+00:00
[2022-04-13 09:09:28,819] {processor.py:171} INFO - Processing /home/airflow/.local/lib/python3.7/site-packages/airflow/example_dags/example_nested_branch_dag.py took 0.167 seconds
[2022-04-13 09:09:59,717] {processor.py:163} INFO - Started process (PID=495) to work on /home/airflow/.local/lib/python3.7/site-packages/airflow/example_dags/example_nested_branch_dag.py
[2022-04-13 09:09:59,719] {processor.py:642} INFO - Processing file /home/airflow/.local/lib/python3.7/site-packages/airflow/example_dags/example_nested_branch_dag.py for tasks to queue
[2022-04-13 09:09:59,719] {logging_mixin.py:109} INFO - [2022-04-13 09:09:59,719] {dagbag.py:500} INFO - Filling up the DagBag from /home/airflow/.local/lib/python3.7/site-packages/airflow/example_dags/example_nested_branch_dag.py
[2022-04-13 09:09:59,736] {processor.py:652} INFO - DAG(s) dict_keys(['example_nested_branch_dag']) retrieved from /home/airflow/.local/lib/python3.7/site-packages/airflow/example_dags/example_nested_branch_dag.py
[2022-04-13 09:09:59,765] {logging_mixin.py:109} INFO - [2022-04-13 09:09:59,765] {dag.py:2398} INFO - Sync 1 DAGs
[2022-04-13 09:09:59,791] {logging_mixin.py:109} INFO - [2022-04-13 09:09:59,791] {dag.py:2937} INFO - Setting next_dagrun for example_nested_branch_dag to 2022-04-12 00:00:00+00:00
[2022-04-13 09:09:59,814] {processor.py:171} INFO - Processing /home/airflow/.local/lib/python3.7/site-packages/airflow/example_dags/example_nested_branch_dag.py took 0.099 seconds
[2022-04-13 09:10:31,068] {processor.py:163} INFO - Started process (PID=556) to work on /home/airflow/.local/lib/python3.7/site-packages/airflow/example_dags/example_nested_branch_dag.py
[2022-04-13 09:10:31,070] {processor.py:642} INFO - Processing file /home/airflow/.local/lib/python3.7/site-packages/airflow/example_dags/example_nested_branch_dag.py for tasks to queue
[2022-04-13 09:10:31,071] {logging_mixin.py:109} INFO - [2022-04-13 09:10:31,071] {dagbag.py:500} INFO - Filling up the DagBag from /home/airflow/.local/lib/python3.7/site-packages/airflow/example_dags/example_nested_branch_dag.py
[2022-04-13 09:10:31,095] {processor.py:652} INFO - DAG(s) dict_keys(['example_nested_branch_dag']) retrieved from /home/airflow/.local/lib/python3.7/site-packages/airflow/example_dags/example_nested_branch_dag.py
[2022-04-13 09:10:31,127] {logging_mixin.py:109} INFO - [2022-04-13 09:10:31,127] {dag.py:2398} INFO - Sync 1 DAGs
[2022-04-13 09:10:31,155] {logging_mixin.py:109} INFO - [2022-04-13 09:10:31,154] {dag.py:2937} INFO - Setting next_dagrun for example_nested_branch_dag to 2022-04-12 00:00:00+00:00
[2022-04-13 09:10:31,172] {processor.py:171} INFO - Processing /home/airflow/.local/lib/python3.7/site-packages/airflow/example_dags/example_nested_branch_dag.py took 0.106 seconds
[2022-04-13 09:11:02,182] {processor.py:163} INFO - Started process (PID=607) to work on /home/airflow/.local/lib/python3.7/site-packages/airflow/example_dags/example_nested_branch_dag.py
[2022-04-13 09:11:02,183] {processor.py:642} INFO - Processing file /home/airflow/.local/lib/python3.7/site-packages/airflow/example_dags/example_nested_branch_dag.py for tasks to queue
[2022-04-13 09:11:02,183] {logging_mixin.py:109} INFO - [2022-04-13 09:11:02,183] {dagbag.py:500} INFO - Filling up the DagBag from /home/airflow/.local/lib/python3.7/site-packages/airflow/example_dags/example_nested_branch_dag.py
[2022-04-13 09:11:02,205] {processor.py:652} INFO - DAG(s) dict_keys(['example_nested_branch_dag']) retrieved from /home/airflow/.local/lib/python3.7/site-packages/airflow/example_dags/example_nested_branch_dag.py
[2022-04-13 09:11:02,239] {logging_mixin.py:109} INFO - [2022-04-13 09:11:02,239] {dag.py:2398} INFO - Sync 1 DAGs
[2022-04-13 09:11:02,262] {logging_mixin.py:109} INFO - [2022-04-13 09:11:02,262] {dag.py:2937} INFO - Setting next_dagrun for example_nested_branch_dag to 2022-04-12 00:00:00+00:00
[2022-04-13 09:11:02,278] {processor.py:171} INFO - Processing /home/airflow/.local/lib/python3.7/site-packages/airflow/example_dags/example_nested_branch_dag.py took 0.098 seconds
[2022-04-13 09:11:32,844] {processor.py:163} INFO - Started process (PID=657) to work on /home/airflow/.local/lib/python3.7/site-packages/airflow/example_dags/example_nested_branch_dag.py
[2022-04-13 09:11:32,846] {processor.py:642} INFO - Processing file /home/airflow/.local/lib/python3.7/site-packages/airflow/example_dags/example_nested_branch_dag.py for tasks to queue
[2022-04-13 09:11:32,846] {logging_mixin.py:109} INFO - [2022-04-13 09:11:32,846] {dagbag.py:500} INFO - Filling up the DagBag from /home/airflow/.local/lib/python3.7/site-packages/airflow/example_dags/example_nested_branch_dag.py
[2022-04-13 09:11:32,866] {processor.py:652} INFO - DAG(s) dict_keys(['example_nested_branch_dag']) retrieved from /home/airflow/.local/lib/python3.7/site-packages/airflow/example_dags/example_nested_branch_dag.py
[2022-04-13 09:11:32,892] {logging_mixin.py:109} INFO - [2022-04-13 09:11:32,892] {dag.py:2398} INFO - Sync 1 DAGs
[2022-04-13 09:11:32,915] {logging_mixin.py:109} INFO - [2022-04-13 09:11:32,915] {dag.py:2937} INFO - Setting next_dagrun for example_nested_branch_dag to 2022-04-12 00:00:00+00:00
[2022-04-13 09:11:32,931] {processor.py:171} INFO - Processing /home/airflow/.local/lib/python3.7/site-packages/airflow/example_dags/example_nested_branch_dag.py took 0.090 seconds
[2022-04-13 09:12:04,184] {processor.py:163} INFO - Started process (PID=718) to work on /home/airflow/.local/lib/python3.7/site-packages/airflow/example_dags/example_nested_branch_dag.py
[2022-04-13 09:12:04,185] {processor.py:642} INFO - Processing file /home/airflow/.local/lib/python3.7/site-packages/airflow/example_dags/example_nested_branch_dag.py for tasks to queue
[2022-04-13 09:12:04,186] {logging_mixin.py:109} INFO - [2022-04-13 09:12:04,185] {dagbag.py:500} INFO - Filling up the DagBag from /home/airflow/.local/lib/python3.7/site-packages/airflow/example_dags/example_nested_branch_dag.py
[2022-04-13 09:12:04,201] {processor.py:652} INFO - DAG(s) dict_keys(['example_nested_branch_dag']) retrieved from /home/airflow/.local/lib/python3.7/site-packages/airflow/example_dags/example_nested_branch_dag.py
[2022-04-13 09:12:04,226] {logging_mixin.py:109} INFO - [2022-04-13 09:12:04,226] {dag.py:2398} INFO - Sync 1 DAGs
[2022-04-13 09:12:04,249] {logging_mixin.py:109} INFO - [2022-04-13 09:12:04,249] {dag.py:2937} INFO - Setting next_dagrun for example_nested_branch_dag to 2022-04-12 00:00:00+00:00
[2022-04-13 09:12:04,263] {processor.py:171} INFO - Processing /home/airflow/.local/lib/python3.7/site-packages/airflow/example_dags/example_nested_branch_dag.py took 0.081 seconds
[2022-04-13 09:12:35,552] {processor.py:163} INFO - Started process (PID=770) to work on /home/airflow/.local/lib/python3.7/site-packages/airflow/example_dags/example_nested_branch_dag.py
[2022-04-13 09:12:35,554] {processor.py:642} INFO - Processing file /home/airflow/.local/lib/python3.7/site-packages/airflow/example_dags/example_nested_branch_dag.py for tasks to queue
[2022-04-13 09:12:35,554] {logging_mixin.py:109} INFO - [2022-04-13 09:12:35,554] {dagbag.py:500} INFO - Filling up the DagBag from /home/airflow/.local/lib/python3.7/site-packages/airflow/example_dags/example_nested_branch_dag.py
[2022-04-13 09:12:35,572] {processor.py:652} INFO - DAG(s) dict_keys(['example_nested_branch_dag']) retrieved from /home/airflow/.local/lib/python3.7/site-packages/airflow/example_dags/example_nested_branch_dag.py
[2022-04-13 09:12:35,596] {logging_mixin.py:109} INFO - [2022-04-13 09:12:35,596] {dag.py:2398} INFO - Sync 1 DAGs
[2022-04-13 09:12:35,619] {logging_mixin.py:109} INFO - [2022-04-13 09:12:35,619] {dag.py:2937} INFO - Setting next_dagrun for example_nested_branch_dag to 2022-04-12 00:00:00+00:00
[2022-04-13 09:12:35,634] {processor.py:171} INFO - Processing /home/airflow/.local/lib/python3.7/site-packages/airflow/example_dags/example_nested_branch_dag.py took 0.084 seconds
[2022-04-13 09:13:06,749] {processor.py:163} INFO - Started process (PID=828) to work on /home/airflow/.local/lib/python3.7/site-packages/airflow/example_dags/example_nested_branch_dag.py
[2022-04-13 09:13:06,751] {processor.py:642} INFO - Processing file /home/airflow/.local/lib/python3.7/site-packages/airflow/example_dags/example_nested_branch_dag.py for tasks to queue
[2022-04-13 09:13:06,752] {logging_mixin.py:109} INFO - [2022-04-13 09:13:06,752] {dagbag.py:500} INFO - Filling up the DagBag from /home/airflow/.local/lib/python3.7/site-packages/airflow/example_dags/example_nested_branch_dag.py
[2022-04-13 09:13:06,776] {processor.py:652} INFO - DAG(s) dict_keys(['example_nested_branch_dag']) retrieved from /home/airflow/.local/lib/python3.7/site-packages/airflow/example_dags/example_nested_branch_dag.py
[2022-04-13 09:13:06,802] {logging_mixin.py:109} INFO - [2022-04-13 09:13:06,802] {dag.py:2398} INFO - Sync 1 DAGs
[2022-04-13 09:13:06,832] {logging_mixin.py:109} INFO - [2022-04-13 09:13:06,832] {dag.py:2937} INFO - Setting next_dagrun for example_nested_branch_dag to 2022-04-12 00:00:00+00:00
[2022-04-13 09:13:06,846] {processor.py:171} INFO - Processing /home/airflow/.local/lib/python3.7/site-packages/airflow/example_dags/example_nested_branch_dag.py took 0.101 seconds
[2022-04-13 09:13:38,034] {processor.py:163} INFO - Started process (PID=881) to work on /home/airflow/.local/lib/python3.7/site-packages/airflow/example_dags/example_nested_branch_dag.py
[2022-04-13 09:13:38,035] {processor.py:642} INFO - Processing file /home/airflow/.local/lib/python3.7/site-packages/airflow/example_dags/example_nested_branch_dag.py for tasks to queue
[2022-04-13 09:13:38,036] {logging_mixin.py:109} INFO - [2022-04-13 09:13:38,036] {dagbag.py:500} INFO - Filling up the DagBag from /home/airflow/.local/lib/python3.7/site-packages/airflow/example_dags/example_nested_branch_dag.py
[2022-04-13 09:13:38,057] {processor.py:652} INFO - DAG(s) dict_keys(['example_nested_branch_dag']) retrieved from /home/airflow/.local/lib/python3.7/site-packages/airflow/example_dags/example_nested_branch_dag.py
[2022-04-13 09:13:38,082] {logging_mixin.py:109} INFO - [2022-04-13 09:13:38,082] {dag.py:2398} INFO - Sync 1 DAGs
[2022-04-13 09:13:38,104] {logging_mixin.py:109} INFO - [2022-04-13 09:13:38,104] {dag.py:2937} INFO - Setting next_dagrun for example_nested_branch_dag to 2022-04-12 00:00:00+00:00
[2022-04-13 09:13:38,118] {processor.py:171} INFO - Processing /home/airflow/.local/lib/python3.7/site-packages/airflow/example_dags/example_nested_branch_dag.py took 0.087 seconds
[2022-04-13 09:14:08,938] {processor.py:163} INFO - Started process (PID=932) to work on /home/airflow/.local/lib/python3.7/site-packages/airflow/example_dags/example_nested_branch_dag.py
[2022-04-13 09:14:08,939] {processor.py:642} INFO - Processing file /home/airflow/.local/lib/python3.7/site-packages/airflow/example_dags/example_nested_branch_dag.py for tasks to queue
[2022-04-13 09:14:08,940] {logging_mixin.py:109} INFO - [2022-04-13 09:14:08,940] {dagbag.py:500} INFO - Filling up the DagBag from /home/airflow/.local/lib/python3.7/site-packages/airflow/example_dags/example_nested_branch_dag.py
[2022-04-13 09:14:08,960] {processor.py:652} INFO - DAG(s) dict_keys(['example_nested_branch_dag']) retrieved from /home/airflow/.local/lib/python3.7/site-packages/airflow/example_dags/example_nested_branch_dag.py
[2022-04-13 09:14:08,984] {logging_mixin.py:109} INFO - [2022-04-13 09:14:08,984] {dag.py:2398} INFO - Sync 1 DAGs
[2022-04-13 09:14:09,008] {logging_mixin.py:109} INFO - [2022-04-13 09:14:09,008] {dag.py:2937} INFO - Setting next_dagrun for example_nested_branch_dag to 2022-04-12 00:00:00+00:00
[2022-04-13 09:14:09,021] {processor.py:171} INFO - Processing /home/airflow/.local/lib/python3.7/site-packages/airflow/example_dags/example_nested_branch_dag.py took 0.086 seconds
[2022-04-13 09:14:39,991] {processor.py:163} INFO - Started process (PID=992) to work on /home/airflow/.local/lib/python3.7/site-packages/airflow/example_dags/example_nested_branch_dag.py
[2022-04-13 09:14:39,993] {processor.py:642} INFO - Processing file /home/airflow/.local/lib/python3.7/site-packages/airflow/example_dags/example_nested_branch_dag.py for tasks to queue
[2022-04-13 09:14:39,994] {logging_mixin.py:109} INFO - [2022-04-13 09:14:39,994] {dagbag.py:500} INFO - Filling up the DagBag from /home/airflow/.local/lib/python3.7/site-packages/airflow/example_dags/example_nested_branch_dag.py
[2022-04-13 09:14:40,016] {processor.py:652} INFO - DAG(s) dict_keys(['example_nested_branch_dag']) retrieved from /home/airflow/.local/lib/python3.7/site-packages/airflow/example_dags/example_nested_branch_dag.py
[2022-04-13 09:14:40,042] {logging_mixin.py:109} INFO - [2022-04-13 09:14:40,042] {dag.py:2398} INFO - Sync 1 DAGs
[2022-04-13 09:14:40,066] {logging_mixin.py:109} INFO - [2022-04-13 09:14:40,066] {dag.py:2937} INFO - Setting next_dagrun for example_nested_branch_dag to 2022-04-12 00:00:00+00:00
[2022-04-13 09:14:40,081] {processor.py:171} INFO - Processing /home/airflow/.local/lib/python3.7/site-packages/airflow/example_dags/example_nested_branch_dag.py took 0.093 seconds
[2022-04-13 09:15:11,352] {processor.py:163} INFO - Started process (PID=1042) to work on /home/airflow/.local/lib/python3.7/site-packages/airflow/example_dags/example_nested_branch_dag.py
[2022-04-13 09:15:11,352] {processor.py:642} INFO - Processing file /home/airflow/.local/lib/python3.7/site-packages/airflow/example_dags/example_nested_branch_dag.py for tasks to queue
[2022-04-13 09:15:11,353] {logging_mixin.py:109} INFO - [2022-04-13 09:15:11,353] {dagbag.py:500} INFO - Filling up the DagBag from /home/airflow/.local/lib/python3.7/site-packages/airflow/example_dags/example_nested_branch_dag.py
[2022-04-13 09:15:11,371] {processor.py:652} INFO - DAG(s) dict_keys(['example_nested_branch_dag']) retrieved from /home/airflow/.local/lib/python3.7/site-packages/airflow/example_dags/example_nested_branch_dag.py
[2022-04-13 09:15:11,396] {logging_mixin.py:109} INFO - [2022-04-13 09:15:11,396] {dag.py:2398} INFO - Sync 1 DAGs
[2022-04-13 09:15:11,419] {logging_mixin.py:109} INFO - [2022-04-13 09:15:11,419] {dag.py:2937} INFO - Setting next_dagrun for example_nested_branch_dag to 2022-04-12 00:00:00+00:00
[2022-04-13 09:15:11,432] {processor.py:171} INFO - Processing /home/airflow/.local/lib/python3.7/site-packages/airflow/example_dags/example_nested_branch_dag.py took 0.083 seconds
[2022-04-13 09:15:42,230] {processor.py:163} INFO - Started process (PID=1092) to work on /home/airflow/.local/lib/python3.7/site-packages/airflow/example_dags/example_nested_branch_dag.py
[2022-04-13 09:15:42,231] {processor.py:642} INFO - Processing file /home/airflow/.local/lib/python3.7/site-packages/airflow/example_dags/example_nested_branch_dag.py for tasks to queue
[2022-04-13 09:15:42,232] {logging_mixin.py:109} INFO - [2022-04-13 09:15:42,232] {dagbag.py:500} INFO - Filling up the DagBag from /home/airflow/.local/lib/python3.7/site-packages/airflow/example_dags/example_nested_branch_dag.py
[2022-04-13 09:15:42,248] {processor.py:652} INFO - DAG(s) dict_keys(['example_nested_branch_dag']) retrieved from /home/airflow/.local/lib/python3.7/site-packages/airflow/example_dags/example_nested_branch_dag.py
[2022-04-13 09:15:42,272] {logging_mixin.py:109} INFO - [2022-04-13 09:15:42,272] {dag.py:2398} INFO - Sync 1 DAGs
[2022-04-13 09:15:42,297] {logging_mixin.py:109} INFO - [2022-04-13 09:15:42,297] {dag.py:2937} INFO - Setting next_dagrun for example_nested_branch_dag to 2022-04-12 00:00:00+00:00
[2022-04-13 09:15:42,311] {processor.py:171} INFO - Processing /home/airflow/.local/lib/python3.7/site-packages/airflow/example_dags/example_nested_branch_dag.py took 0.084 seconds
[2022-04-13 09:16:13,254] {processor.py:163} INFO - Started process (PID=1152) to work on /home/airflow/.local/lib/python3.7/site-packages/airflow/example_dags/example_nested_branch_dag.py
[2022-04-13 09:16:13,255] {processor.py:642} INFO - Processing file /home/airflow/.local/lib/python3.7/site-packages/airflow/example_dags/example_nested_branch_dag.py for tasks to queue
[2022-04-13 09:16:13,256] {logging_mixin.py:109} INFO - [2022-04-13 09:16:13,256] {dagbag.py:500} INFO - Filling up the DagBag from /home/airflow/.local/lib/python3.7/site-packages/airflow/example_dags/example_nested_branch_dag.py
[2022-04-13 09:16:13,276] {processor.py:652} INFO - DAG(s) dict_keys(['example_nested_branch_dag']) retrieved from /home/airflow/.local/lib/python3.7/site-packages/airflow/example_dags/example_nested_branch_dag.py
[2022-04-13 09:16:13,302] {logging_mixin.py:109} INFO - [2022-04-13 09:16:13,302] {dag.py:2398} INFO - Sync 1 DAGs
[2022-04-13 09:16:13,325] {logging_mixin.py:109} INFO - [2022-04-13 09:16:13,325] {dag.py:2937} INFO - Setting next_dagrun for example_nested_branch_dag to 2022-04-12 00:00:00+00:00
[2022-04-13 09:16:13,339] {processor.py:171} INFO - Processing /home/airflow/.local/lib/python3.7/site-packages/airflow/example_dags/example_nested_branch_dag.py took 0.087 seconds
[2022-04-13 09:16:43,922] {processor.py:163} INFO - Started process (PID=1204) to work on /home/airflow/.local/lib/python3.7/site-packages/airflow/example_dags/example_nested_branch_dag.py
[2022-04-13 09:16:43,924] {processor.py:642} INFO - Processing file /home/airflow/.local/lib/python3.7/site-packages/airflow/example_dags/example_nested_branch_dag.py for tasks to queue
[2022-04-13 09:16:43,925] {logging_mixin.py:109} INFO - [2022-04-13 09:16:43,925] {dagbag.py:500} INFO - Filling up the DagBag from /home/airflow/.local/lib/python3.7/site-packages/airflow/example_dags/example_nested_branch_dag.py
[2022-04-13 09:16:43,946] {processor.py:652} INFO - DAG(s) dict_keys(['example_nested_branch_dag']) retrieved from /home/airflow/.local/lib/python3.7/site-packages/airflow/example_dags/example_nested_branch_dag.py
[2022-04-13 09:16:43,974] {logging_mixin.py:109} INFO - [2022-04-13 09:16:43,973] {dag.py:2398} INFO - Sync 1 DAGs
[2022-04-13 09:16:43,997] {logging_mixin.py:109} INFO - [2022-04-13 09:16:43,997] {dag.py:2937} INFO - Setting next_dagrun for example_nested_branch_dag to 2022-04-12 00:00:00+00:00
[2022-04-13 09:16:44,015] {processor.py:171} INFO - Processing /home/airflow/.local/lib/python3.7/site-packages/airflow/example_dags/example_nested_branch_dag.py took 0.097 seconds
[2022-04-13 09:17:15,278] {processor.py:163} INFO - Started process (PID=1255) to work on /home/airflow/.local/lib/python3.7/site-packages/airflow/example_dags/example_nested_branch_dag.py
[2022-04-13 09:17:15,279] {processor.py:642} INFO - Processing file /home/airflow/.local/lib/python3.7/site-packages/airflow/example_dags/example_nested_branch_dag.py for tasks to queue
[2022-04-13 09:17:15,279] {logging_mixin.py:109} INFO - [2022-04-13 09:17:15,279] {dagbag.py:500} INFO - Filling up the DagBag from /home/airflow/.local/lib/python3.7/site-packages/airflow/example_dags/example_nested_branch_dag.py
[2022-04-13 09:17:15,300] {processor.py:652} INFO - DAG(s) dict_keys(['example_nested_branch_dag']) retrieved from /home/airflow/.local/lib/python3.7/site-packages/airflow/example_dags/example_nested_branch_dag.py
[2022-04-13 09:17:15,324] {logging_mixin.py:109} INFO - [2022-04-13 09:17:15,324] {dag.py:2398} INFO - Sync 1 DAGs
[2022-04-13 09:17:15,347] {logging_mixin.py:109} INFO - [2022-04-13 09:17:15,347] {dag.py:2937} INFO - Setting next_dagrun for example_nested_branch_dag to 2022-04-12 00:00:00+00:00
[2022-04-13 09:17:15,363] {processor.py:171} INFO - Processing /home/airflow/.local/lib/python3.7/site-packages/airflow/example_dags/example_nested_branch_dag.py took 0.087 seconds
[2022-04-13 09:17:46,518] {processor.py:163} INFO - Started process (PID=1316) to work on /home/airflow/.local/lib/python3.7/site-packages/airflow/example_dags/example_nested_branch_dag.py
[2022-04-13 09:17:46,519] {processor.py:642} INFO - Processing file /home/airflow/.local/lib/python3.7/site-packages/airflow/example_dags/example_nested_branch_dag.py for tasks to queue
[2022-04-13 09:17:46,520] {logging_mixin.py:109} INFO - [2022-04-13 09:17:46,519] {dagbag.py:500} INFO - Filling up the DagBag from /home/airflow/.local/lib/python3.7/site-packages/airflow/example_dags/example_nested_branch_dag.py
[2022-04-13 09:17:46,538] {processor.py:652} INFO - DAG(s) dict_keys(['example_nested_branch_dag']) retrieved from /home/airflow/.local/lib/python3.7/site-packages/airflow/example_dags/example_nested_branch_dag.py
[2022-04-13 09:17:46,564] {logging_mixin.py:109} INFO - [2022-04-13 09:17:46,564] {dag.py:2398} INFO - Sync 1 DAGs
[2022-04-13 09:17:46,587] {logging_mixin.py:109} INFO - [2022-04-13 09:17:46,587] {dag.py:2937} INFO - Setting next_dagrun for example_nested_branch_dag to 2022-04-12 00:00:00+00:00
[2022-04-13 09:17:46,603] {processor.py:171} INFO - Processing /home/airflow/.local/lib/python3.7/site-packages/airflow/example_dags/example_nested_branch_dag.py took 0.087 seconds
[2022-04-13 09:18:17,468] {processor.py:163} INFO - Started process (PID=1366) to work on /home/airflow/.local/lib/python3.7/site-packages/airflow/example_dags/example_nested_branch_dag.py
[2022-04-13 09:18:17,470] {processor.py:642} INFO - Processing file /home/airflow/.local/lib/python3.7/site-packages/airflow/example_dags/example_nested_branch_dag.py for tasks to queue
[2022-04-13 09:18:17,470] {logging_mixin.py:109} INFO - [2022-04-13 09:18:17,470] {dagbag.py:500} INFO - Filling up the DagBag from /home/airflow/.local/lib/python3.7/site-packages/airflow/example_dags/example_nested_branch_dag.py
[2022-04-13 09:18:17,487] {processor.py:652} INFO - DAG(s) dict_keys(['example_nested_branch_dag']) retrieved from /home/airflow/.local/lib/python3.7/site-packages/airflow/example_dags/example_nested_branch_dag.py
[2022-04-13 09:18:17,512] {logging_mixin.py:109} INFO - [2022-04-13 09:18:17,512] {dag.py:2398} INFO - Sync 1 DAGs
[2022-04-13 09:18:17,534] {logging_mixin.py:109} INFO - [2022-04-13 09:18:17,534] {dag.py:2937} INFO - Setting next_dagrun for example_nested_branch_dag to 2022-04-12 00:00:00+00:00
[2022-04-13 09:18:17,549] {processor.py:171} INFO - Processing /home/airflow/.local/lib/python3.7/site-packages/airflow/example_dags/example_nested_branch_dag.py took 0.082 seconds
[2022-04-13 09:18:49,232] {processor.py:163} INFO - Started process (PID=1427) to work on /home/airflow/.local/lib/python3.7/site-packages/airflow/example_dags/example_nested_branch_dag.py
[2022-04-13 09:18:49,233] {processor.py:642} INFO - Processing file /home/airflow/.local/lib/python3.7/site-packages/airflow/example_dags/example_nested_branch_dag.py for tasks to queue
[2022-04-13 09:18:49,234] {logging_mixin.py:109} INFO - [2022-04-13 09:18:49,234] {dagbag.py:500} INFO - Filling up the DagBag from /home/airflow/.local/lib/python3.7/site-packages/airflow/example_dags/example_nested_branch_dag.py
[2022-04-13 09:18:49,255] {processor.py:652} INFO - DAG(s) dict_keys(['example_nested_branch_dag']) retrieved from /home/airflow/.local/lib/python3.7/site-packages/airflow/example_dags/example_nested_branch_dag.py
[2022-04-13 09:18:49,282] {logging_mixin.py:109} INFO - [2022-04-13 09:18:49,282] {dag.py:2398} INFO - Sync 1 DAGs
[2022-04-13 09:18:49,308] {logging_mixin.py:109} INFO - [2022-04-13 09:18:49,308] {dag.py:2937} INFO - Setting next_dagrun for example_nested_branch_dag to 2022-04-12 00:00:00+00:00
[2022-04-13 09:18:49,323] {processor.py:171} INFO - Processing /home/airflow/.local/lib/python3.7/site-packages/airflow/example_dags/example_nested_branch_dag.py took 0.095 seconds
[2022-04-13 09:19:20,198] {processor.py:163} INFO - Started process (PID=1478) to work on /home/airflow/.local/lib/python3.7/site-packages/airflow/example_dags/example_nested_branch_dag.py
[2022-04-13 09:19:20,199] {processor.py:642} INFO - Processing file /home/airflow/.local/lib/python3.7/site-packages/airflow/example_dags/example_nested_branch_dag.py for tasks to queue
[2022-04-13 09:19:20,200] {logging_mixin.py:109} INFO - [2022-04-13 09:19:20,200] {dagbag.py:500} INFO - Filling up the DagBag from /home/airflow/.local/lib/python3.7/site-packages/airflow/example_dags/example_nested_branch_dag.py
[2022-04-13 09:19:20,216] {processor.py:652} INFO - DAG(s) dict_keys(['example_nested_branch_dag']) retrieved from /home/airflow/.local/lib/python3.7/site-packages/airflow/example_dags/example_nested_branch_dag.py
[2022-04-13 09:19:20,239] {logging_mixin.py:109} INFO - [2022-04-13 09:19:20,239] {dag.py:2398} INFO - Sync 1 DAGs
[2022-04-13 09:19:20,262] {logging_mixin.py:109} INFO - [2022-04-13 09:19:20,262] {dag.py:2937} INFO - Setting next_dagrun for example_nested_branch_dag to 2022-04-12 00:00:00+00:00
[2022-04-13 09:19:20,275] {processor.py:171} INFO - Processing /home/airflow/.local/lib/python3.7/site-packages/airflow/example_dags/example_nested_branch_dag.py took 0.079 seconds
[2022-04-13 09:19:50,915] {processor.py:163} INFO - Started process (PID=1529) to work on /home/airflow/.local/lib/python3.7/site-packages/airflow/example_dags/example_nested_branch_dag.py
[2022-04-13 09:19:50,916] {processor.py:642} INFO - Processing file /home/airflow/.local/lib/python3.7/site-packages/airflow/example_dags/example_nested_branch_dag.py for tasks to queue
[2022-04-13 09:19:50,917] {logging_mixin.py:109} INFO - [2022-04-13 09:19:50,917] {dagbag.py:500} INFO - Filling up the DagBag from /home/airflow/.local/lib/python3.7/site-packages/airflow/example_dags/example_nested_branch_dag.py
[2022-04-13 09:19:50,945] {processor.py:652} INFO - DAG(s) dict_keys(['example_nested_branch_dag']) retrieved from /home/airflow/.local/lib/python3.7/site-packages/airflow/example_dags/example_nested_branch_dag.py
[2022-04-13 09:19:51,065] {logging_mixin.py:109} INFO - [2022-04-13 09:19:51,065] {dag.py:2398} INFO - Sync 1 DAGs
[2022-04-13 09:19:51,100] {logging_mixin.py:109} INFO - [2022-04-13 09:19:51,100] {dag.py:2937} INFO - Setting next_dagrun for example_nested_branch_dag to 2022-04-12 00:00:00+00:00
[2022-04-13 09:19:51,114] {processor.py:171} INFO - Processing /home/airflow/.local/lib/python3.7/site-packages/airflow/example_dags/example_nested_branch_dag.py took 0.202 seconds
[2022-04-13 09:20:22,183] {processor.py:163} INFO - Started process (PID=1590) to work on /home/airflow/.local/lib/python3.7/site-packages/airflow/example_dags/example_nested_branch_dag.py
[2022-04-13 09:20:22,185] {processor.py:642} INFO - Processing file /home/airflow/.local/lib/python3.7/site-packages/airflow/example_dags/example_nested_branch_dag.py for tasks to queue
[2022-04-13 09:20:22,186] {logging_mixin.py:109} INFO - [2022-04-13 09:20:22,186] {dagbag.py:500} INFO - Filling up the DagBag from /home/airflow/.local/lib/python3.7/site-packages/airflow/example_dags/example_nested_branch_dag.py
[2022-04-13 09:20:22,205] {processor.py:652} INFO - DAG(s) dict_keys(['example_nested_branch_dag']) retrieved from /home/airflow/.local/lib/python3.7/site-packages/airflow/example_dags/example_nested_branch_dag.py
[2022-04-13 09:20:22,229] {logging_mixin.py:109} INFO - [2022-04-13 09:20:22,229] {dag.py:2398} INFO - Sync 1 DAGs
[2022-04-13 09:20:22,257] {logging_mixin.py:109} INFO - [2022-04-13 09:20:22,257] {dag.py:2937} INFO - Setting next_dagrun for example_nested_branch_dag to 2022-04-12 00:00:00+00:00
[2022-04-13 09:20:22,273] {processor.py:171} INFO - Processing /home/airflow/.local/lib/python3.7/site-packages/airflow/example_dags/example_nested_branch_dag.py took 0.094 seconds
[2022-04-13 09:20:53,277] {processor.py:163} INFO - Started process (PID=1642) to work on /home/airflow/.local/lib/python3.7/site-packages/airflow/example_dags/example_nested_branch_dag.py
[2022-04-13 09:20:53,278] {processor.py:642} INFO - Processing file /home/airflow/.local/lib/python3.7/site-packages/airflow/example_dags/example_nested_branch_dag.py for tasks to queue
[2022-04-13 09:20:53,279] {logging_mixin.py:109} INFO - [2022-04-13 09:20:53,279] {dagbag.py:500} INFO - Filling up the DagBag from /home/airflow/.local/lib/python3.7/site-packages/airflow/example_dags/example_nested_branch_dag.py
[2022-04-13 09:20:53,294] {processor.py:652} INFO - DAG(s) dict_keys(['example_nested_branch_dag']) retrieved from /home/airflow/.local/lib/python3.7/site-packages/airflow/example_dags/example_nested_branch_dag.py
[2022-04-13 09:20:53,315] {logging_mixin.py:109} INFO - [2022-04-13 09:20:53,315] {dag.py:2398} INFO - Sync 1 DAGs
[2022-04-13 09:20:53,338] {logging_mixin.py:109} INFO - [2022-04-13 09:20:53,338] {dag.py:2937} INFO - Setting next_dagrun for example_nested_branch_dag to 2022-04-12 00:00:00+00:00
[2022-04-13 09:20:53,351] {processor.py:171} INFO - Processing /home/airflow/.local/lib/python3.7/site-packages/airflow/example_dags/example_nested_branch_dag.py took 0.077 seconds
[2022-04-13 09:21:24,523] {processor.py:163} INFO - Started process (PID=1693) to work on /home/airflow/.local/lib/python3.7/site-packages/airflow/example_dags/example_nested_branch_dag.py
[2022-04-13 09:21:24,525] {processor.py:642} INFO - Processing file /home/airflow/.local/lib/python3.7/site-packages/airflow/example_dags/example_nested_branch_dag.py for tasks to queue
[2022-04-13 09:21:24,526] {logging_mixin.py:109} INFO - [2022-04-13 09:21:24,525] {dagbag.py:500} INFO - Filling up the DagBag from /home/airflow/.local/lib/python3.7/site-packages/airflow/example_dags/example_nested_branch_dag.py
[2022-04-13 09:21:24,543] {processor.py:652} INFO - DAG(s) dict_keys(['example_nested_branch_dag']) retrieved from /home/airflow/.local/lib/python3.7/site-packages/airflow/example_dags/example_nested_branch_dag.py
[2022-04-13 09:21:24,567] {logging_mixin.py:109} INFO - [2022-04-13 09:21:24,567] {dag.py:2398} INFO - Sync 1 DAGs
[2022-04-13 09:21:24,590] {logging_mixin.py:109} INFO - [2022-04-13 09:21:24,590] {dag.py:2937} INFO - Setting next_dagrun for example_nested_branch_dag to 2022-04-12 00:00:00+00:00
[2022-04-13 09:21:24,606] {processor.py:171} INFO - Processing /home/airflow/.local/lib/python3.7/site-packages/airflow/example_dags/example_nested_branch_dag.py took 0.085 seconds
[2022-04-13 09:21:55,540] {processor.py:163} INFO - Started process (PID=1753) to work on /home/airflow/.local/lib/python3.7/site-packages/airflow/example_dags/example_nested_branch_dag.py
[2022-04-13 09:21:55,541] {processor.py:642} INFO - Processing file /home/airflow/.local/lib/python3.7/site-packages/airflow/example_dags/example_nested_branch_dag.py for tasks to queue
[2022-04-13 09:21:55,542] {logging_mixin.py:109} INFO - [2022-04-13 09:21:55,541] {dagbag.py:500} INFO - Filling up the DagBag from /home/airflow/.local/lib/python3.7/site-packages/airflow/example_dags/example_nested_branch_dag.py
[2022-04-13 09:21:55,561] {processor.py:652} INFO - DAG(s) dict_keys(['example_nested_branch_dag']) retrieved from /home/airflow/.local/lib/python3.7/site-packages/airflow/example_dags/example_nested_branch_dag.py
[2022-04-13 09:21:55,586] {logging_mixin.py:109} INFO - [2022-04-13 09:21:55,586] {dag.py:2398} INFO - Sync 1 DAGs
[2022-04-13 09:21:55,607] {logging_mixin.py:109} INFO - [2022-04-13 09:21:55,606] {dag.py:2937} INFO - Setting next_dagrun for example_nested_branch_dag to 2022-04-12 00:00:00+00:00
[2022-04-13 09:21:55,620] {processor.py:171} INFO - Processing /home/airflow/.local/lib/python3.7/site-packages/airflow/example_dags/example_nested_branch_dag.py took 0.082 seconds
[2022-04-13 09:22:27,013] {processor.py:163} INFO - Started process (PID=1805) to work on /home/airflow/.local/lib/python3.7/site-packages/airflow/example_dags/example_nested_branch_dag.py
[2022-04-13 09:22:27,015] {processor.py:642} INFO - Processing file /home/airflow/.local/lib/python3.7/site-packages/airflow/example_dags/example_nested_branch_dag.py for tasks to queue
[2022-04-13 09:22:27,017] {logging_mixin.py:109} INFO - [2022-04-13 09:22:27,016] {dagbag.py:500} INFO - Filling up the DagBag from /home/airflow/.local/lib/python3.7/site-packages/airflow/example_dags/example_nested_branch_dag.py
[2022-04-13 09:22:27,042] {processor.py:652} INFO - DAG(s) dict_keys(['example_nested_branch_dag']) retrieved from /home/airflow/.local/lib/python3.7/site-packages/airflow/example_dags/example_nested_branch_dag.py
[2022-04-13 09:22:27,081] {logging_mixin.py:109} INFO - [2022-04-13 09:22:27,081] {dag.py:2398} INFO - Sync 1 DAGs
[2022-04-13 09:22:27,106] {logging_mixin.py:109} INFO - [2022-04-13 09:22:27,106] {dag.py:2937} INFO - Setting next_dagrun for example_nested_branch_dag to 2022-04-12 00:00:00+00:00
[2022-04-13 09:22:27,121] {processor.py:171} INFO - Processing /home/airflow/.local/lib/python3.7/site-packages/airflow/example_dags/example_nested_branch_dag.py took 0.112 seconds
[2022-04-13 09:22:58,526] {processor.py:163} INFO - Started process (PID=1857) to work on /home/airflow/.local/lib/python3.7/site-packages/airflow/example_dags/example_nested_branch_dag.py
[2022-04-13 09:22:58,528] {processor.py:642} INFO - Processing file /home/airflow/.local/lib/python3.7/site-packages/airflow/example_dags/example_nested_branch_dag.py for tasks to queue
[2022-04-13 09:22:58,528] {logging_mixin.py:109} INFO - [2022-04-13 09:22:58,528] {dagbag.py:500} INFO - Filling up the DagBag from /home/airflow/.local/lib/python3.7/site-packages/airflow/example_dags/example_nested_branch_dag.py
[2022-04-13 09:22:58,549] {processor.py:652} INFO - DAG(s) dict_keys(['example_nested_branch_dag']) retrieved from /home/airflow/.local/lib/python3.7/site-packages/airflow/example_dags/example_nested_branch_dag.py
[2022-04-13 09:22:58,571] {logging_mixin.py:109} INFO - [2022-04-13 09:22:58,571] {dag.py:2398} INFO - Sync 1 DAGs
[2022-04-13 09:22:58,592] {logging_mixin.py:109} INFO - [2022-04-13 09:22:58,592] {dag.py:2937} INFO - Setting next_dagrun for example_nested_branch_dag to 2022-04-12 00:00:00+00:00
[2022-04-13 09:22:58,605] {processor.py:171} INFO - Processing /home/airflow/.local/lib/python3.7/site-packages/airflow/example_dags/example_nested_branch_dag.py took 0.082 seconds
[2022-04-13 09:23:29,418] {processor.py:163} INFO - Started process (PID=1919) to work on /home/airflow/.local/lib/python3.7/site-packages/airflow/example_dags/example_nested_branch_dag.py
[2022-04-13 09:23:29,419] {processor.py:642} INFO - Processing file /home/airflow/.local/lib/python3.7/site-packages/airflow/example_dags/example_nested_branch_dag.py for tasks to queue
[2022-04-13 09:23:29,420] {logging_mixin.py:109} INFO - [2022-04-13 09:23:29,419] {dagbag.py:500} INFO - Filling up the DagBag from /home/airflow/.local/lib/python3.7/site-packages/airflow/example_dags/example_nested_branch_dag.py
[2022-04-13 09:23:29,433] {processor.py:652} INFO - DAG(s) dict_keys(['example_nested_branch_dag']) retrieved from /home/airflow/.local/lib/python3.7/site-packages/airflow/example_dags/example_nested_branch_dag.py
[2022-04-13 09:23:29,454] {logging_mixin.py:109} INFO - [2022-04-13 09:23:29,453] {dag.py:2398} INFO - Sync 1 DAGs
[2022-04-13 09:23:29,474] {logging_mixin.py:109} INFO - [2022-04-13 09:23:29,474] {dag.py:2937} INFO - Setting next_dagrun for example_nested_branch_dag to 2022-04-12 00:00:00+00:00
[2022-04-13 09:23:29,488] {processor.py:171} INFO - Processing /home/airflow/.local/lib/python3.7/site-packages/airflow/example_dags/example_nested_branch_dag.py took 0.073 seconds
[2022-04-13 09:24:00,585] {processor.py:163} INFO - Started process (PID=1969) to work on /home/airflow/.local/lib/python3.7/site-packages/airflow/example_dags/example_nested_branch_dag.py
[2022-04-13 09:24:00,587] {processor.py:642} INFO - Processing file /home/airflow/.local/lib/python3.7/site-packages/airflow/example_dags/example_nested_branch_dag.py for tasks to queue
[2022-04-13 09:24:00,588] {logging_mixin.py:109} INFO - [2022-04-13 09:24:00,588] {dagbag.py:500} INFO - Filling up the DagBag from /home/airflow/.local/lib/python3.7/site-packages/airflow/example_dags/example_nested_branch_dag.py
[2022-04-13 09:24:00,608] {processor.py:652} INFO - DAG(s) dict_keys(['example_nested_branch_dag']) retrieved from /home/airflow/.local/lib/python3.7/site-packages/airflow/example_dags/example_nested_branch_dag.py
[2022-04-13 09:24:00,635] {logging_mixin.py:109} INFO - [2022-04-13 09:24:00,635] {dag.py:2398} INFO - Sync 1 DAGs
[2022-04-13 09:24:00,658] {logging_mixin.py:109} INFO - [2022-04-13 09:24:00,658] {dag.py:2937} INFO - Setting next_dagrun for example_nested_branch_dag to 2022-04-12 00:00:00+00:00
[2022-04-13 09:24:00,675] {processor.py:171} INFO - Processing /home/airflow/.local/lib/python3.7/site-packages/airflow/example_dags/example_nested_branch_dag.py took 0.093 seconds
[2022-04-13 09:24:31,385] {processor.py:163} INFO - Started process (PID=2019) to work on /home/airflow/.local/lib/python3.7/site-packages/airflow/example_dags/example_nested_branch_dag.py
[2022-04-13 09:24:31,386] {processor.py:642} INFO - Processing file /home/airflow/.local/lib/python3.7/site-packages/airflow/example_dags/example_nested_branch_dag.py for tasks to queue
[2022-04-13 09:24:31,386] {logging_mixin.py:109} INFO - [2022-04-13 09:24:31,386] {dagbag.py:500} INFO - Filling up the DagBag from /home/airflow/.local/lib/python3.7/site-packages/airflow/example_dags/example_nested_branch_dag.py
[2022-04-13 09:24:31,405] {processor.py:652} INFO - DAG(s) dict_keys(['example_nested_branch_dag']) retrieved from /home/airflow/.local/lib/python3.7/site-packages/airflow/example_dags/example_nested_branch_dag.py
[2022-04-13 09:24:31,435] {logging_mixin.py:109} INFO - [2022-04-13 09:24:31,435] {dag.py:2398} INFO - Sync 1 DAGs
[2022-04-13 09:24:31,461] {logging_mixin.py:109} INFO - [2022-04-13 09:24:31,461] {dag.py:2937} INFO - Setting next_dagrun for example_nested_branch_dag to 2022-04-12 00:00:00+00:00
[2022-04-13 09:24:31,480] {processor.py:171} INFO - Processing /home/airflow/.local/lib/python3.7/site-packages/airflow/example_dags/example_nested_branch_dag.py took 0.098 seconds
[2022-04-13 09:25:02,767] {processor.py:163} INFO - Started process (PID=2082) to work on /home/airflow/.local/lib/python3.7/site-packages/airflow/example_dags/example_nested_branch_dag.py
[2022-04-13 09:25:02,769] {processor.py:642} INFO - Processing file /home/airflow/.local/lib/python3.7/site-packages/airflow/example_dags/example_nested_branch_dag.py for tasks to queue
[2022-04-13 09:25:02,770] {logging_mixin.py:109} INFO - [2022-04-13 09:25:02,770] {dagbag.py:500} INFO - Filling up the DagBag from /home/airflow/.local/lib/python3.7/site-packages/airflow/example_dags/example_nested_branch_dag.py
[2022-04-13 09:25:02,791] {processor.py:652} INFO - DAG(s) dict_keys(['example_nested_branch_dag']) retrieved from /home/airflow/.local/lib/python3.7/site-packages/airflow/example_dags/example_nested_branch_dag.py
[2022-04-13 09:25:02,824] {logging_mixin.py:109} INFO - [2022-04-13 09:25:02,824] {dag.py:2398} INFO - Sync 1 DAGs
[2022-04-13 09:25:02,882] {logging_mixin.py:109} INFO - [2022-04-13 09:25:02,882] {dag.py:2937} INFO - Setting next_dagrun for example_nested_branch_dag to 2022-04-12 00:00:00+00:00
[2022-04-13 09:25:02,902] {processor.py:171} INFO - Processing /home/airflow/.local/lib/python3.7/site-packages/airflow/example_dags/example_nested_branch_dag.py took 0.137 seconds
[2022-04-13 09:25:33,271] {processor.py:163} INFO - Started process (PID=2132) to work on /home/airflow/.local/lib/python3.7/site-packages/airflow/example_dags/example_nested_branch_dag.py
[2022-04-13 09:25:33,272] {processor.py:642} INFO - Processing file /home/airflow/.local/lib/python3.7/site-packages/airflow/example_dags/example_nested_branch_dag.py for tasks to queue
[2022-04-13 09:25:33,273] {logging_mixin.py:109} INFO - [2022-04-13 09:25:33,273] {dagbag.py:500} INFO - Filling up the DagBag from /home/airflow/.local/lib/python3.7/site-packages/airflow/example_dags/example_nested_branch_dag.py
[2022-04-13 09:25:33,294] {processor.py:652} INFO - DAG(s) dict_keys(['example_nested_branch_dag']) retrieved from /home/airflow/.local/lib/python3.7/site-packages/airflow/example_dags/example_nested_branch_dag.py
[2022-04-13 09:25:33,319] {logging_mixin.py:109} INFO - [2022-04-13 09:25:33,319] {dag.py:2398} INFO - Sync 1 DAGs
[2022-04-13 09:25:33,342] {logging_mixin.py:109} INFO - [2022-04-13 09:25:33,342] {dag.py:2937} INFO - Setting next_dagrun for example_nested_branch_dag to 2022-04-12 00:00:00+00:00
[2022-04-13 09:25:33,358] {processor.py:171} INFO - Processing /home/airflow/.local/lib/python3.7/site-packages/airflow/example_dags/example_nested_branch_dag.py took 0.088 seconds
[2022-04-13 09:26:04,590] {processor.py:163} INFO - Started process (PID=2193) to work on /home/airflow/.local/lib/python3.7/site-packages/airflow/example_dags/example_nested_branch_dag.py
[2022-04-13 09:26:04,592] {processor.py:642} INFO - Processing file /home/airflow/.local/lib/python3.7/site-packages/airflow/example_dags/example_nested_branch_dag.py for tasks to queue
[2022-04-13 09:26:04,593] {logging_mixin.py:109} INFO - [2022-04-13 09:26:04,593] {dagbag.py:500} INFO - Filling up the DagBag from /home/airflow/.local/lib/python3.7/site-packages/airflow/example_dags/example_nested_branch_dag.py
[2022-04-13 09:26:04,615] {processor.py:652} INFO - DAG(s) dict_keys(['example_nested_branch_dag']) retrieved from /home/airflow/.local/lib/python3.7/site-packages/airflow/example_dags/example_nested_branch_dag.py
[2022-04-13 09:26:04,651] {logging_mixin.py:109} INFO - [2022-04-13 09:26:04,650] {dag.py:2398} INFO - Sync 1 DAGs
[2022-04-13 09:26:04,677] {logging_mixin.py:109} INFO - [2022-04-13 09:26:04,677] {dag.py:2937} INFO - Setting next_dagrun for example_nested_branch_dag to 2022-04-12 00:00:00+00:00
[2022-04-13 09:26:04,692] {processor.py:171} INFO - Processing /home/airflow/.local/lib/python3.7/site-packages/airflow/example_dags/example_nested_branch_dag.py took 0.105 seconds
