[2022-04-13 08:46:21,006] {processor.py:163} INFO - Started process (PID=91) to work on /home/airflow/.local/lib/python3.7/site-packages/airflow/example_dags/example_branch_labels.py
[2022-04-13 08:46:21,007] {processor.py:642} INFO - Processing file /home/airflow/.local/lib/python3.7/site-packages/airflow/example_dags/example_branch_labels.py for tasks to queue
[2022-04-13 08:46:21,008] {logging_mixin.py:109} INFO - [2022-04-13 08:46:21,008] {dagbag.py:500} INFO - Filling up the DagBag from /home/airflow/.local/lib/python3.7/site-packages/airflow/example_dags/example_branch_labels.py
[2022-04-13 08:46:21,026] {processor.py:652} INFO - DAG(s) dict_keys(['example_branch_labels']) retrieved from /home/airflow/.local/lib/python3.7/site-packages/airflow/example_dags/example_branch_labels.py
[2022-04-13 08:46:23,541] {logging_mixin.py:109} INFO - [2022-04-13 08:46:23,541] {manager.py:496} INFO - Created Permission View: can read on DAG:example_branch_labels
[2022-04-13 08:46:23,559] {logging_mixin.py:109} INFO - [2022-04-13 08:46:23,559] {manager.py:496} INFO - Created Permission View: can edit on DAG:example_branch_labels
[2022-04-13 08:46:23,560] {logging_mixin.py:109} INFO - [2022-04-13 08:46:23,559] {dag.py:2398} INFO - Sync 1 DAGs
[2022-04-13 08:46:23,570] {logging_mixin.py:109} INFO - [2022-04-13 08:46:23,570] {dag.py:2417} INFO - Creating ORM DAG for example_branch_labels
[2022-04-13 08:46:23,583] {logging_mixin.py:109} INFO - [2022-04-13 08:46:23,583] {dag.py:2937} INFO - Setting next_dagrun for example_branch_labels to 2022-04-12 00:00:00+00:00
[2022-04-13 08:46:23,601] {processor.py:171} INFO - Processing /home/airflow/.local/lib/python3.7/site-packages/airflow/example_dags/example_branch_labels.py took 2.597 seconds
[2022-04-13 08:46:53,837] {processor.py:163} INFO - Started process (PID=464) to work on /home/airflow/.local/lib/python3.7/site-packages/airflow/example_dags/example_branch_labels.py
[2022-04-13 08:46:53,837] {processor.py:642} INFO - Processing file /home/airflow/.local/lib/python3.7/site-packages/airflow/example_dags/example_branch_labels.py for tasks to queue
[2022-04-13 08:46:53,838] {logging_mixin.py:109} INFO - [2022-04-13 08:46:53,838] {dagbag.py:500} INFO - Filling up the DagBag from /home/airflow/.local/lib/python3.7/site-packages/airflow/example_dags/example_branch_labels.py
[2022-04-13 08:46:53,858] {processor.py:652} INFO - DAG(s) dict_keys(['example_branch_labels']) retrieved from /home/airflow/.local/lib/python3.7/site-packages/airflow/example_dags/example_branch_labels.py
[2022-04-13 08:46:53,889] {logging_mixin.py:109} INFO - [2022-04-13 08:46:53,889] {dag.py:2398} INFO - Sync 1 DAGs
[2022-04-13 08:46:53,915] {logging_mixin.py:109} INFO - [2022-04-13 08:46:53,915] {dag.py:2937} INFO - Setting next_dagrun for example_branch_labels to 2022-04-12 00:00:00+00:00
[2022-04-13 08:46:53,932] {processor.py:171} INFO - Processing /home/airflow/.local/lib/python3.7/site-packages/airflow/example_dags/example_branch_labels.py took 0.097 seconds
[2022-04-13 08:47:24,780] {processor.py:163} INFO - Started process (PID=515) to work on /home/airflow/.local/lib/python3.7/site-packages/airflow/example_dags/example_branch_labels.py
[2022-04-13 08:47:24,782] {processor.py:642} INFO - Processing file /home/airflow/.local/lib/python3.7/site-packages/airflow/example_dags/example_branch_labels.py for tasks to queue
[2022-04-13 08:47:24,783] {logging_mixin.py:109} INFO - [2022-04-13 08:47:24,783] {dagbag.py:500} INFO - Filling up the DagBag from /home/airflow/.local/lib/python3.7/site-packages/airflow/example_dags/example_branch_labels.py
[2022-04-13 08:47:24,806] {processor.py:652} INFO - DAG(s) dict_keys(['example_branch_labels']) retrieved from /home/airflow/.local/lib/python3.7/site-packages/airflow/example_dags/example_branch_labels.py
[2022-04-13 08:47:24,834] {logging_mixin.py:109} INFO - [2022-04-13 08:47:24,834] {dag.py:2398} INFO - Sync 1 DAGs
[2022-04-13 08:47:24,854] {logging_mixin.py:109} INFO - [2022-04-13 08:47:24,854] {dag.py:2937} INFO - Setting next_dagrun for example_branch_labels to 2022-04-12 00:00:00+00:00
[2022-04-13 08:47:24,871] {processor.py:171} INFO - Processing /home/airflow/.local/lib/python3.7/site-packages/airflow/example_dags/example_branch_labels.py took 0.094 seconds
[2022-04-13 08:47:55,449] {processor.py:163} INFO - Started process (PID=565) to work on /home/airflow/.local/lib/python3.7/site-packages/airflow/example_dags/example_branch_labels.py
[2022-04-13 08:47:55,451] {processor.py:642} INFO - Processing file /home/airflow/.local/lib/python3.7/site-packages/airflow/example_dags/example_branch_labels.py for tasks to queue
[2022-04-13 08:47:55,451] {logging_mixin.py:109} INFO - [2022-04-13 08:47:55,451] {dagbag.py:500} INFO - Filling up the DagBag from /home/airflow/.local/lib/python3.7/site-packages/airflow/example_dags/example_branch_labels.py
[2022-04-13 08:47:55,466] {processor.py:652} INFO - DAG(s) dict_keys(['example_branch_labels']) retrieved from /home/airflow/.local/lib/python3.7/site-packages/airflow/example_dags/example_branch_labels.py
[2022-04-13 08:47:55,487] {logging_mixin.py:109} INFO - [2022-04-13 08:47:55,487] {dag.py:2398} INFO - Sync 1 DAGs
[2022-04-13 08:47:55,512] {logging_mixin.py:109} INFO - [2022-04-13 08:47:55,512] {dag.py:2937} INFO - Setting next_dagrun for example_branch_labels to 2022-04-12 00:00:00+00:00
[2022-04-13 08:47:55,528] {processor.py:171} INFO - Processing /home/airflow/.local/lib/python3.7/site-packages/airflow/example_dags/example_branch_labels.py took 0.082 seconds
[2022-04-13 08:48:25,692] {processor.py:163} INFO - Started process (PID=624) to work on /home/airflow/.local/lib/python3.7/site-packages/airflow/example_dags/example_branch_labels.py
[2022-04-13 08:48:25,693] {processor.py:642} INFO - Processing file /home/airflow/.local/lib/python3.7/site-packages/airflow/example_dags/example_branch_labels.py for tasks to queue
[2022-04-13 08:48:25,694] {logging_mixin.py:109} INFO - [2022-04-13 08:48:25,694] {dagbag.py:500} INFO - Filling up the DagBag from /home/airflow/.local/lib/python3.7/site-packages/airflow/example_dags/example_branch_labels.py
[2022-04-13 08:48:25,713] {processor.py:652} INFO - DAG(s) dict_keys(['example_branch_labels']) retrieved from /home/airflow/.local/lib/python3.7/site-packages/airflow/example_dags/example_branch_labels.py
[2022-04-13 08:48:25,738] {logging_mixin.py:109} INFO - [2022-04-13 08:48:25,738] {dag.py:2398} INFO - Sync 1 DAGs
[2022-04-13 08:48:25,758] {logging_mixin.py:109} INFO - [2022-04-13 08:48:25,757] {dag.py:2937} INFO - Setting next_dagrun for example_branch_labels to 2022-04-12 00:00:00+00:00
[2022-04-13 08:48:25,774] {processor.py:171} INFO - Processing /home/airflow/.local/lib/python3.7/site-packages/airflow/example_dags/example_branch_labels.py took 0.085 seconds
[2022-04-13 08:52:08,110] {processor.py:163} INFO - Started process (PID=41) to work on /home/airflow/.local/lib/python3.7/site-packages/airflow/example_dags/example_branch_labels.py
[2022-04-13 08:52:08,114] {processor.py:642} INFO - Processing file /home/airflow/.local/lib/python3.7/site-packages/airflow/example_dags/example_branch_labels.py for tasks to queue
[2022-04-13 08:52:08,115] {logging_mixin.py:109} INFO - [2022-04-13 08:52:08,114] {dagbag.py:500} INFO - Filling up the DagBag from /home/airflow/.local/lib/python3.7/site-packages/airflow/example_dags/example_branch_labels.py
[2022-04-13 08:52:08,138] {processor.py:652} INFO - DAG(s) dict_keys(['example_branch_labels']) retrieved from /home/airflow/.local/lib/python3.7/site-packages/airflow/example_dags/example_branch_labels.py
[2022-04-13 08:52:08,192] {logging_mixin.py:109} INFO - [2022-04-13 08:52:08,192] {dag.py:2398} INFO - Sync 1 DAGs
[2022-04-13 08:52:08,224] {logging_mixin.py:109} INFO - [2022-04-13 08:52:08,224] {dag.py:2937} INFO - Setting next_dagrun for example_branch_labels to 2022-04-12 00:00:00+00:00
[2022-04-13 08:52:08,243] {processor.py:171} INFO - Processing /home/airflow/.local/lib/python3.7/site-packages/airflow/example_dags/example_branch_labels.py took 0.136 seconds
[2022-04-13 08:54:25,747] {processor.py:163} INFO - Started process (PID=45) to work on /home/airflow/.local/lib/python3.7/site-packages/airflow/example_dags/example_branch_labels.py
[2022-04-13 08:54:25,749] {processor.py:642} INFO - Processing file /home/airflow/.local/lib/python3.7/site-packages/airflow/example_dags/example_branch_labels.py for tasks to queue
[2022-04-13 08:54:25,750] {logging_mixin.py:109} INFO - [2022-04-13 08:54:25,750] {dagbag.py:500} INFO - Filling up the DagBag from /home/airflow/.local/lib/python3.7/site-packages/airflow/example_dags/example_branch_labels.py
[2022-04-13 08:54:25,774] {processor.py:652} INFO - DAG(s) dict_keys(['example_branch_labels']) retrieved from /home/airflow/.local/lib/python3.7/site-packages/airflow/example_dags/example_branch_labels.py
[2022-04-13 08:54:25,805] {logging_mixin.py:109} INFO - [2022-04-13 08:54:25,805] {dag.py:2398} INFO - Sync 1 DAGs
[2022-04-13 08:54:25,834] {logging_mixin.py:109} INFO - [2022-04-13 08:54:25,834] {dag.py:2937} INFO - Setting next_dagrun for example_branch_labels to 2022-04-12 00:00:00+00:00
[2022-04-13 08:54:25,856] {processor.py:171} INFO - Processing /home/airflow/.local/lib/python3.7/site-packages/airflow/example_dags/example_branch_labels.py took 0.112 seconds
[2022-04-13 08:54:55,890] {processor.py:163} INFO - Started process (PID=96) to work on /home/airflow/.local/lib/python3.7/site-packages/airflow/example_dags/example_branch_labels.py
[2022-04-13 08:54:55,892] {processor.py:642} INFO - Processing file /home/airflow/.local/lib/python3.7/site-packages/airflow/example_dags/example_branch_labels.py for tasks to queue
[2022-04-13 08:54:55,892] {logging_mixin.py:109} INFO - [2022-04-13 08:54:55,892] {dagbag.py:500} INFO - Filling up the DagBag from /home/airflow/.local/lib/python3.7/site-packages/airflow/example_dags/example_branch_labels.py
[2022-04-13 08:54:55,907] {processor.py:652} INFO - DAG(s) dict_keys(['example_branch_labels']) retrieved from /home/airflow/.local/lib/python3.7/site-packages/airflow/example_dags/example_branch_labels.py
[2022-04-13 08:54:55,927] {logging_mixin.py:109} INFO - [2022-04-13 08:54:55,927] {dag.py:2398} INFO - Sync 1 DAGs
[2022-04-13 08:54:55,941] {logging_mixin.py:109} INFO - [2022-04-13 08:54:55,941] {dag.py:2937} INFO - Setting next_dagrun for example_branch_labels to 2022-04-12 00:00:00+00:00
[2022-04-13 08:54:55,952] {processor.py:171} INFO - Processing /home/airflow/.local/lib/python3.7/site-packages/airflow/example_dags/example_branch_labels.py took 0.064 seconds
[2022-04-13 08:55:26,214] {processor.py:163} INFO - Started process (PID=156) to work on /home/airflow/.local/lib/python3.7/site-packages/airflow/example_dags/example_branch_labels.py
[2022-04-13 08:55:26,215] {processor.py:642} INFO - Processing file /home/airflow/.local/lib/python3.7/site-packages/airflow/example_dags/example_branch_labels.py for tasks to queue
[2022-04-13 08:55:26,215] {logging_mixin.py:109} INFO - [2022-04-13 08:55:26,215] {dagbag.py:500} INFO - Filling up the DagBag from /home/airflow/.local/lib/python3.7/site-packages/airflow/example_dags/example_branch_labels.py
[2022-04-13 08:55:26,230] {processor.py:652} INFO - DAG(s) dict_keys(['example_branch_labels']) retrieved from /home/airflow/.local/lib/python3.7/site-packages/airflow/example_dags/example_branch_labels.py
[2022-04-13 08:55:26,248] {logging_mixin.py:109} INFO - [2022-04-13 08:55:26,248] {dag.py:2398} INFO - Sync 1 DAGs
[2022-04-13 08:55:26,264] {logging_mixin.py:109} INFO - [2022-04-13 08:55:26,264] {dag.py:2937} INFO - Setting next_dagrun for example_branch_labels to 2022-04-12 00:00:00+00:00
[2022-04-13 08:55:26,275] {processor.py:171} INFO - Processing /home/airflow/.local/lib/python3.7/site-packages/airflow/example_dags/example_branch_labels.py took 0.063 seconds
[2022-04-13 08:55:56,397] {processor.py:163} INFO - Started process (PID=208) to work on /home/airflow/.local/lib/python3.7/site-packages/airflow/example_dags/example_branch_labels.py
[2022-04-13 08:55:56,399] {processor.py:642} INFO - Processing file /home/airflow/.local/lib/python3.7/site-packages/airflow/example_dags/example_branch_labels.py for tasks to queue
[2022-04-13 08:55:56,399] {logging_mixin.py:109} INFO - [2022-04-13 08:55:56,399] {dagbag.py:500} INFO - Filling up the DagBag from /home/airflow/.local/lib/python3.7/site-packages/airflow/example_dags/example_branch_labels.py
[2022-04-13 08:55:56,412] {processor.py:652} INFO - DAG(s) dict_keys(['example_branch_labels']) retrieved from /home/airflow/.local/lib/python3.7/site-packages/airflow/example_dags/example_branch_labels.py
[2022-04-13 08:55:56,433] {logging_mixin.py:109} INFO - [2022-04-13 08:55:56,433] {dag.py:2398} INFO - Sync 1 DAGs
[2022-04-13 08:55:56,453] {logging_mixin.py:109} INFO - [2022-04-13 08:55:56,453] {dag.py:2937} INFO - Setting next_dagrun for example_branch_labels to 2022-04-12 00:00:00+00:00
[2022-04-13 08:55:56,469] {processor.py:171} INFO - Processing /home/airflow/.local/lib/python3.7/site-packages/airflow/example_dags/example_branch_labels.py took 0.073 seconds
[2022-04-13 08:56:26,806] {processor.py:163} INFO - Started process (PID=269) to work on /home/airflow/.local/lib/python3.7/site-packages/airflow/example_dags/example_branch_labels.py
[2022-04-13 08:56:26,807] {processor.py:642} INFO - Processing file /home/airflow/.local/lib/python3.7/site-packages/airflow/example_dags/example_branch_labels.py for tasks to queue
[2022-04-13 08:56:26,807] {logging_mixin.py:109} INFO - [2022-04-13 08:56:26,807] {dagbag.py:500} INFO - Filling up the DagBag from /home/airflow/.local/lib/python3.7/site-packages/airflow/example_dags/example_branch_labels.py
[2022-04-13 08:56:26,820] {processor.py:652} INFO - DAG(s) dict_keys(['example_branch_labels']) retrieved from /home/airflow/.local/lib/python3.7/site-packages/airflow/example_dags/example_branch_labels.py
[2022-04-13 08:56:26,839] {logging_mixin.py:109} INFO - [2022-04-13 08:56:26,839] {dag.py:2398} INFO - Sync 1 DAGs
[2022-04-13 08:56:26,855] {logging_mixin.py:109} INFO - [2022-04-13 08:56:26,855] {dag.py:2937} INFO - Setting next_dagrun for example_branch_labels to 2022-04-12 00:00:00+00:00
[2022-04-13 08:56:26,866] {processor.py:171} INFO - Processing /home/airflow/.local/lib/python3.7/site-packages/airflow/example_dags/example_branch_labels.py took 0.062 seconds
[2022-04-13 08:56:57,192] {processor.py:163} INFO - Started process (PID=320) to work on /home/airflow/.local/lib/python3.7/site-packages/airflow/example_dags/example_branch_labels.py
[2022-04-13 08:56:57,194] {processor.py:642} INFO - Processing file /home/airflow/.local/lib/python3.7/site-packages/airflow/example_dags/example_branch_labels.py for tasks to queue
[2022-04-13 08:56:57,194] {logging_mixin.py:109} INFO - [2022-04-13 08:56:57,194] {dagbag.py:500} INFO - Filling up the DagBag from /home/airflow/.local/lib/python3.7/site-packages/airflow/example_dags/example_branch_labels.py
[2022-04-13 08:56:57,205] {processor.py:652} INFO - DAG(s) dict_keys(['example_branch_labels']) retrieved from /home/airflow/.local/lib/python3.7/site-packages/airflow/example_dags/example_branch_labels.py
[2022-04-13 08:56:57,224] {logging_mixin.py:109} INFO - [2022-04-13 08:56:57,224] {dag.py:2398} INFO - Sync 1 DAGs
[2022-04-13 08:56:57,241] {logging_mixin.py:109} INFO - [2022-04-13 08:56:57,241] {dag.py:2937} INFO - Setting next_dagrun for example_branch_labels to 2022-04-12 00:00:00+00:00
[2022-04-13 08:56:57,254] {processor.py:171} INFO - Processing /home/airflow/.local/lib/python3.7/site-packages/airflow/example_dags/example_branch_labels.py took 0.064 seconds
[2022-04-13 08:57:27,525] {processor.py:163} INFO - Started process (PID=379) to work on /home/airflow/.local/lib/python3.7/site-packages/airflow/example_dags/example_branch_labels.py
[2022-04-13 08:57:27,525] {processor.py:642} INFO - Processing file /home/airflow/.local/lib/python3.7/site-packages/airflow/example_dags/example_branch_labels.py for tasks to queue
[2022-04-13 08:57:27,526] {logging_mixin.py:109} INFO - [2022-04-13 08:57:27,526] {dagbag.py:500} INFO - Filling up the DagBag from /home/airflow/.local/lib/python3.7/site-packages/airflow/example_dags/example_branch_labels.py
[2022-04-13 08:57:27,539] {processor.py:652} INFO - DAG(s) dict_keys(['example_branch_labels']) retrieved from /home/airflow/.local/lib/python3.7/site-packages/airflow/example_dags/example_branch_labels.py
[2022-04-13 08:57:27,561] {logging_mixin.py:109} INFO - [2022-04-13 08:57:27,561] {dag.py:2398} INFO - Sync 1 DAGs
[2022-04-13 08:57:27,577] {logging_mixin.py:109} INFO - [2022-04-13 08:57:27,577] {dag.py:2937} INFO - Setting next_dagrun for example_branch_labels to 2022-04-12 00:00:00+00:00
[2022-04-13 08:57:27,591] {processor.py:171} INFO - Processing /home/airflow/.local/lib/python3.7/site-packages/airflow/example_dags/example_branch_labels.py took 0.068 seconds
[2022-04-13 08:57:57,606] {processor.py:163} INFO - Started process (PID=430) to work on /home/airflow/.local/lib/python3.7/site-packages/airflow/example_dags/example_branch_labels.py
[2022-04-13 08:57:57,608] {processor.py:642} INFO - Processing file /home/airflow/.local/lib/python3.7/site-packages/airflow/example_dags/example_branch_labels.py for tasks to queue
[2022-04-13 08:57:57,608] {logging_mixin.py:109} INFO - [2022-04-13 08:57:57,608] {dagbag.py:500} INFO - Filling up the DagBag from /home/airflow/.local/lib/python3.7/site-packages/airflow/example_dags/example_branch_labels.py
[2022-04-13 08:57:57,621] {processor.py:652} INFO - DAG(s) dict_keys(['example_branch_labels']) retrieved from /home/airflow/.local/lib/python3.7/site-packages/airflow/example_dags/example_branch_labels.py
[2022-04-13 08:57:57,640] {logging_mixin.py:109} INFO - [2022-04-13 08:57:57,640] {dag.py:2398} INFO - Sync 1 DAGs
[2022-04-13 08:57:57,659] {logging_mixin.py:109} INFO - [2022-04-13 08:57:57,659] {dag.py:2937} INFO - Setting next_dagrun for example_branch_labels to 2022-04-12 00:00:00+00:00
[2022-04-13 08:57:57,672] {processor.py:171} INFO - Processing /home/airflow/.local/lib/python3.7/site-packages/airflow/example_dags/example_branch_labels.py took 0.069 seconds
[2022-04-13 08:58:27,893] {processor.py:163} INFO - Started process (PID=492) to work on /home/airflow/.local/lib/python3.7/site-packages/airflow/example_dags/example_branch_labels.py
[2022-04-13 08:58:27,894] {processor.py:642} INFO - Processing file /home/airflow/.local/lib/python3.7/site-packages/airflow/example_dags/example_branch_labels.py for tasks to queue
[2022-04-13 08:58:27,895] {logging_mixin.py:109} INFO - [2022-04-13 08:58:27,895] {dagbag.py:500} INFO - Filling up the DagBag from /home/airflow/.local/lib/python3.7/site-packages/airflow/example_dags/example_branch_labels.py
[2022-04-13 08:58:27,917] {processor.py:652} INFO - DAG(s) dict_keys(['example_branch_labels']) retrieved from /home/airflow/.local/lib/python3.7/site-packages/airflow/example_dags/example_branch_labels.py
[2022-04-13 08:58:27,935] {logging_mixin.py:109} INFO - [2022-04-13 08:58:27,935] {dag.py:2398} INFO - Sync 1 DAGs
[2022-04-13 08:58:27,952] {logging_mixin.py:109} INFO - [2022-04-13 08:58:27,952] {dag.py:2937} INFO - Setting next_dagrun for example_branch_labels to 2022-04-12 00:00:00+00:00
[2022-04-13 08:58:27,964] {processor.py:171} INFO - Processing /home/airflow/.local/lib/python3.7/site-packages/airflow/example_dags/example_branch_labels.py took 0.073 seconds
[2022-04-13 08:58:58,405] {processor.py:163} INFO - Started process (PID=543) to work on /home/airflow/.local/lib/python3.7/site-packages/airflow/example_dags/example_branch_labels.py
[2022-04-13 08:58:58,407] {processor.py:642} INFO - Processing file /home/airflow/.local/lib/python3.7/site-packages/airflow/example_dags/example_branch_labels.py for tasks to queue
[2022-04-13 08:58:58,408] {logging_mixin.py:109} INFO - [2022-04-13 08:58:58,407] {dagbag.py:500} INFO - Filling up the DagBag from /home/airflow/.local/lib/python3.7/site-packages/airflow/example_dags/example_branch_labels.py
[2022-04-13 08:58:58,428] {processor.py:652} INFO - DAG(s) dict_keys(['example_branch_labels']) retrieved from /home/airflow/.local/lib/python3.7/site-packages/airflow/example_dags/example_branch_labels.py
[2022-04-13 08:58:58,456] {logging_mixin.py:109} INFO - [2022-04-13 08:58:58,455] {dag.py:2398} INFO - Sync 1 DAGs
[2022-04-13 08:58:58,487] {logging_mixin.py:109} INFO - [2022-04-13 08:58:58,487] {dag.py:2937} INFO - Setting next_dagrun for example_branch_labels to 2022-04-12 00:00:00+00:00
[2022-04-13 08:58:58,506] {processor.py:171} INFO - Processing /home/airflow/.local/lib/python3.7/site-packages/airflow/example_dags/example_branch_labels.py took 0.105 seconds
[2022-04-13 08:59:28,767] {processor.py:163} INFO - Started process (PID=595) to work on /home/airflow/.local/lib/python3.7/site-packages/airflow/example_dags/example_branch_labels.py
[2022-04-13 08:59:28,768] {processor.py:642} INFO - Processing file /home/airflow/.local/lib/python3.7/site-packages/airflow/example_dags/example_branch_labels.py for tasks to queue
[2022-04-13 08:59:28,769] {logging_mixin.py:109} INFO - [2022-04-13 08:59:28,769] {dagbag.py:500} INFO - Filling up the DagBag from /home/airflow/.local/lib/python3.7/site-packages/airflow/example_dags/example_branch_labels.py
[2022-04-13 08:59:28,796] {processor.py:652} INFO - DAG(s) dict_keys(['example_branch_labels']) retrieved from /home/airflow/.local/lib/python3.7/site-packages/airflow/example_dags/example_branch_labels.py
[2022-04-13 08:59:28,837] {logging_mixin.py:109} INFO - [2022-04-13 08:59:28,837] {dag.py:2398} INFO - Sync 1 DAGs
[2022-04-13 08:59:28,875] {logging_mixin.py:109} INFO - [2022-04-13 08:59:28,875] {dag.py:2937} INFO - Setting next_dagrun for example_branch_labels to 2022-04-12 00:00:00+00:00
[2022-04-13 08:59:28,896] {processor.py:171} INFO - Processing /home/airflow/.local/lib/python3.7/site-packages/airflow/example_dags/example_branch_labels.py took 0.134 seconds
[2022-04-13 08:59:59,103] {processor.py:163} INFO - Started process (PID=655) to work on /home/airflow/.local/lib/python3.7/site-packages/airflow/example_dags/example_branch_labels.py
[2022-04-13 08:59:59,106] {processor.py:642} INFO - Processing file /home/airflow/.local/lib/python3.7/site-packages/airflow/example_dags/example_branch_labels.py for tasks to queue
[2022-04-13 08:59:59,106] {logging_mixin.py:109} INFO - [2022-04-13 08:59:59,106] {dagbag.py:500} INFO - Filling up the DagBag from /home/airflow/.local/lib/python3.7/site-packages/airflow/example_dags/example_branch_labels.py
[2022-04-13 08:59:59,125] {processor.py:652} INFO - DAG(s) dict_keys(['example_branch_labels']) retrieved from /home/airflow/.local/lib/python3.7/site-packages/airflow/example_dags/example_branch_labels.py
[2022-04-13 08:59:59,159] {logging_mixin.py:109} INFO - [2022-04-13 08:59:59,159] {dag.py:2398} INFO - Sync 1 DAGs
[2022-04-13 08:59:59,193] {logging_mixin.py:109} INFO - [2022-04-13 08:59:59,192] {dag.py:2937} INFO - Setting next_dagrun for example_branch_labels to 2022-04-12 00:00:00+00:00
[2022-04-13 08:59:59,211] {processor.py:171} INFO - Processing /home/airflow/.local/lib/python3.7/site-packages/airflow/example_dags/example_branch_labels.py took 0.111 seconds
[2022-04-13 09:00:29,724] {processor.py:163} INFO - Started process (PID=707) to work on /home/airflow/.local/lib/python3.7/site-packages/airflow/example_dags/example_branch_labels.py
[2022-04-13 09:00:29,725] {processor.py:642} INFO - Processing file /home/airflow/.local/lib/python3.7/site-packages/airflow/example_dags/example_branch_labels.py for tasks to queue
[2022-04-13 09:00:29,726] {logging_mixin.py:109} INFO - [2022-04-13 09:00:29,726] {dagbag.py:500} INFO - Filling up the DagBag from /home/airflow/.local/lib/python3.7/site-packages/airflow/example_dags/example_branch_labels.py
[2022-04-13 09:00:29,744] {processor.py:652} INFO - DAG(s) dict_keys(['example_branch_labels']) retrieved from /home/airflow/.local/lib/python3.7/site-packages/airflow/example_dags/example_branch_labels.py
[2022-04-13 09:00:29,774] {logging_mixin.py:109} INFO - [2022-04-13 09:00:29,774] {dag.py:2398} INFO - Sync 1 DAGs
[2022-04-13 09:00:29,798] {logging_mixin.py:109} INFO - [2022-04-13 09:00:29,797] {dag.py:2937} INFO - Setting next_dagrun for example_branch_labels to 2022-04-12 00:00:00+00:00
[2022-04-13 09:00:29,815] {processor.py:171} INFO - Processing /home/airflow/.local/lib/python3.7/site-packages/airflow/example_dags/example_branch_labels.py took 0.093 seconds
[2022-04-13 09:01:00,325] {processor.py:163} INFO - Started process (PID=757) to work on /home/airflow/.local/lib/python3.7/site-packages/airflow/example_dags/example_branch_labels.py
[2022-04-13 09:01:00,327] {processor.py:642} INFO - Processing file /home/airflow/.local/lib/python3.7/site-packages/airflow/example_dags/example_branch_labels.py for tasks to queue
[2022-04-13 09:01:00,328] {logging_mixin.py:109} INFO - [2022-04-13 09:01:00,328] {dagbag.py:500} INFO - Filling up the DagBag from /home/airflow/.local/lib/python3.7/site-packages/airflow/example_dags/example_branch_labels.py
[2022-04-13 09:01:00,347] {processor.py:652} INFO - DAG(s) dict_keys(['example_branch_labels']) retrieved from /home/airflow/.local/lib/python3.7/site-packages/airflow/example_dags/example_branch_labels.py
[2022-04-13 09:01:00,381] {logging_mixin.py:109} INFO - [2022-04-13 09:01:00,381] {dag.py:2398} INFO - Sync 1 DAGs
[2022-04-13 09:01:00,418] {logging_mixin.py:109} INFO - [2022-04-13 09:01:00,418] {dag.py:2937} INFO - Setting next_dagrun for example_branch_labels to 2022-04-12 00:00:00+00:00
[2022-04-13 09:01:00,436] {processor.py:171} INFO - Processing /home/airflow/.local/lib/python3.7/site-packages/airflow/example_dags/example_branch_labels.py took 0.115 seconds
[2022-04-13 09:01:30,669] {processor.py:163} INFO - Started process (PID=809) to work on /home/airflow/.local/lib/python3.7/site-packages/airflow/example_dags/example_branch_labels.py
[2022-04-13 09:01:30,670] {processor.py:642} INFO - Processing file /home/airflow/.local/lib/python3.7/site-packages/airflow/example_dags/example_branch_labels.py for tasks to queue
[2022-04-13 09:01:30,670] {logging_mixin.py:109} INFO - [2022-04-13 09:01:30,670] {dagbag.py:500} INFO - Filling up the DagBag from /home/airflow/.local/lib/python3.7/site-packages/airflow/example_dags/example_branch_labels.py
[2022-04-13 09:01:30,690] {processor.py:652} INFO - DAG(s) dict_keys(['example_branch_labels']) retrieved from /home/airflow/.local/lib/python3.7/site-packages/airflow/example_dags/example_branch_labels.py
[2022-04-13 09:01:30,720] {logging_mixin.py:109} INFO - [2022-04-13 09:01:30,720] {dag.py:2398} INFO - Sync 1 DAGs
[2022-04-13 09:01:30,745] {logging_mixin.py:109} INFO - [2022-04-13 09:01:30,745] {dag.py:2937} INFO - Setting next_dagrun for example_branch_labels to 2022-04-12 00:00:00+00:00
[2022-04-13 09:01:30,763] {processor.py:171} INFO - Processing /home/airflow/.local/lib/python3.7/site-packages/airflow/example_dags/example_branch_labels.py took 0.097 seconds
[2022-04-13 09:02:01,164] {processor.py:163} INFO - Started process (PID=870) to work on /home/airflow/.local/lib/python3.7/site-packages/airflow/example_dags/example_branch_labels.py
[2022-04-13 09:02:01,166] {processor.py:642} INFO - Processing file /home/airflow/.local/lib/python3.7/site-packages/airflow/example_dags/example_branch_labels.py for tasks to queue
[2022-04-13 09:02:01,167] {logging_mixin.py:109} INFO - [2022-04-13 09:02:01,166] {dagbag.py:500} INFO - Filling up the DagBag from /home/airflow/.local/lib/python3.7/site-packages/airflow/example_dags/example_branch_labels.py
[2022-04-13 09:02:01,199] {processor.py:652} INFO - DAG(s) dict_keys(['example_branch_labels']) retrieved from /home/airflow/.local/lib/python3.7/site-packages/airflow/example_dags/example_branch_labels.py
[2022-04-13 09:02:01,234] {logging_mixin.py:109} INFO - [2022-04-13 09:02:01,234] {dag.py:2398} INFO - Sync 1 DAGs
[2022-04-13 09:02:01,255] {logging_mixin.py:109} INFO - [2022-04-13 09:02:01,255] {dag.py:2937} INFO - Setting next_dagrun for example_branch_labels to 2022-04-12 00:00:00+00:00
[2022-04-13 09:02:01,268] {processor.py:171} INFO - Processing /home/airflow/.local/lib/python3.7/site-packages/airflow/example_dags/example_branch_labels.py took 0.108 seconds
[2022-04-13 09:02:31,417] {processor.py:163} INFO - Started process (PID=922) to work on /home/airflow/.local/lib/python3.7/site-packages/airflow/example_dags/example_branch_labels.py
[2022-04-13 09:02:31,418] {processor.py:642} INFO - Processing file /home/airflow/.local/lib/python3.7/site-packages/airflow/example_dags/example_branch_labels.py for tasks to queue
[2022-04-13 09:02:31,419] {logging_mixin.py:109} INFO - [2022-04-13 09:02:31,418] {dagbag.py:500} INFO - Filling up the DagBag from /home/airflow/.local/lib/python3.7/site-packages/airflow/example_dags/example_branch_labels.py
[2022-04-13 09:02:31,439] {processor.py:652} INFO - DAG(s) dict_keys(['example_branch_labels']) retrieved from /home/airflow/.local/lib/python3.7/site-packages/airflow/example_dags/example_branch_labels.py
[2022-04-13 09:02:31,476] {logging_mixin.py:109} INFO - [2022-04-13 09:02:31,476] {dag.py:2398} INFO - Sync 1 DAGs
[2022-04-13 09:02:31,504] {logging_mixin.py:109} INFO - [2022-04-13 09:02:31,504] {dag.py:2937} INFO - Setting next_dagrun for example_branch_labels to 2022-04-12 00:00:00+00:00
[2022-04-13 09:02:31,521] {processor.py:171} INFO - Processing /home/airflow/.local/lib/python3.7/site-packages/airflow/example_dags/example_branch_labels.py took 0.108 seconds
[2022-04-13 09:03:01,792] {processor.py:163} INFO - Started process (PID=973) to work on /home/airflow/.local/lib/python3.7/site-packages/airflow/example_dags/example_branch_labels.py
[2022-04-13 09:03:01,794] {processor.py:642} INFO - Processing file /home/airflow/.local/lib/python3.7/site-packages/airflow/example_dags/example_branch_labels.py for tasks to queue
[2022-04-13 09:03:01,795] {logging_mixin.py:109} INFO - [2022-04-13 09:03:01,795] {dagbag.py:500} INFO - Filling up the DagBag from /home/airflow/.local/lib/python3.7/site-packages/airflow/example_dags/example_branch_labels.py
[2022-04-13 09:03:01,814] {processor.py:652} INFO - DAG(s) dict_keys(['example_branch_labels']) retrieved from /home/airflow/.local/lib/python3.7/site-packages/airflow/example_dags/example_branch_labels.py
[2022-04-13 09:03:01,845] {logging_mixin.py:109} INFO - [2022-04-13 09:03:01,844] {dag.py:2398} INFO - Sync 1 DAGs
[2022-04-13 09:03:01,873] {logging_mixin.py:109} INFO - [2022-04-13 09:03:01,873] {dag.py:2937} INFO - Setting next_dagrun for example_branch_labels to 2022-04-12 00:00:00+00:00
[2022-04-13 09:03:01,891] {processor.py:171} INFO - Processing /home/airflow/.local/lib/python3.7/site-packages/airflow/example_dags/example_branch_labels.py took 0.103 seconds
[2022-04-13 09:05:50,546] {processor.py:163} INFO - Started process (PID=43) to work on /home/airflow/.local/lib/python3.7/site-packages/airflow/example_dags/example_branch_labels.py
[2022-04-13 09:05:50,548] {processor.py:642} INFO - Processing file /home/airflow/.local/lib/python3.7/site-packages/airflow/example_dags/example_branch_labels.py for tasks to queue
[2022-04-13 09:05:50,549] {logging_mixin.py:109} INFO - [2022-04-13 09:05:50,549] {dagbag.py:500} INFO - Filling up the DagBag from /home/airflow/.local/lib/python3.7/site-packages/airflow/example_dags/example_branch_labels.py
[2022-04-13 09:05:50,565] {processor.py:652} INFO - DAG(s) dict_keys(['example_branch_labels']) retrieved from /home/airflow/.local/lib/python3.7/site-packages/airflow/example_dags/example_branch_labels.py
[2022-04-13 09:05:50,594] {logging_mixin.py:109} INFO - [2022-04-13 09:05:50,594] {dag.py:2398} INFO - Sync 1 DAGs
[2022-04-13 09:05:50,618] {logging_mixin.py:109} INFO - [2022-04-13 09:05:50,618] {dag.py:2937} INFO - Setting next_dagrun for example_branch_labels to 2022-04-12 00:00:00+00:00
[2022-04-13 09:05:50,631] {processor.py:171} INFO - Processing /home/airflow/.local/lib/python3.7/site-packages/airflow/example_dags/example_branch_labels.py took 0.088 seconds
[2022-04-13 09:06:20,670] {processor.py:163} INFO - Started process (PID=93) to work on /home/airflow/.local/lib/python3.7/site-packages/airflow/example_dags/example_branch_labels.py
[2022-04-13 09:06:20,670] {processor.py:642} INFO - Processing file /home/airflow/.local/lib/python3.7/site-packages/airflow/example_dags/example_branch_labels.py for tasks to queue
[2022-04-13 09:06:20,671] {logging_mixin.py:109} INFO - [2022-04-13 09:06:20,671] {dagbag.py:500} INFO - Filling up the DagBag from /home/airflow/.local/lib/python3.7/site-packages/airflow/example_dags/example_branch_labels.py
[2022-04-13 09:06:20,689] {processor.py:652} INFO - DAG(s) dict_keys(['example_branch_labels']) retrieved from /home/airflow/.local/lib/python3.7/site-packages/airflow/example_dags/example_branch_labels.py
[2022-04-13 09:06:20,730] {logging_mixin.py:109} INFO - [2022-04-13 09:06:20,729] {dag.py:2398} INFO - Sync 1 DAGs
[2022-04-13 09:06:20,759] {logging_mixin.py:109} INFO - [2022-04-13 09:06:20,758] {dag.py:2937} INFO - Setting next_dagrun for example_branch_labels to 2022-04-12 00:00:00+00:00
[2022-04-13 09:06:20,774] {processor.py:171} INFO - Processing /home/airflow/.local/lib/python3.7/site-packages/airflow/example_dags/example_branch_labels.py took 0.107 seconds
[2022-04-13 09:06:51,258] {processor.py:163} INFO - Started process (PID=154) to work on /home/airflow/.local/lib/python3.7/site-packages/airflow/example_dags/example_branch_labels.py
[2022-04-13 09:06:51,259] {processor.py:642} INFO - Processing file /home/airflow/.local/lib/python3.7/site-packages/airflow/example_dags/example_branch_labels.py for tasks to queue
[2022-04-13 09:06:51,260] {logging_mixin.py:109} INFO - [2022-04-13 09:06:51,260] {dagbag.py:500} INFO - Filling up the DagBag from /home/airflow/.local/lib/python3.7/site-packages/airflow/example_dags/example_branch_labels.py
[2022-04-13 09:06:51,273] {processor.py:652} INFO - DAG(s) dict_keys(['example_branch_labels']) retrieved from /home/airflow/.local/lib/python3.7/site-packages/airflow/example_dags/example_branch_labels.py
[2022-04-13 09:06:51,298] {logging_mixin.py:109} INFO - [2022-04-13 09:06:51,298] {dag.py:2398} INFO - Sync 1 DAGs
[2022-04-13 09:06:51,322] {logging_mixin.py:109} INFO - [2022-04-13 09:06:51,321] {dag.py:2937} INFO - Setting next_dagrun for example_branch_labels to 2022-04-12 00:00:00+00:00
[2022-04-13 09:06:51,334] {processor.py:171} INFO - Processing /home/airflow/.local/lib/python3.7/site-packages/airflow/example_dags/example_branch_labels.py took 0.078 seconds
[2022-04-13 09:07:21,781] {processor.py:163} INFO - Started process (PID=205) to work on /home/airflow/.local/lib/python3.7/site-packages/airflow/example_dags/example_branch_labels.py
[2022-04-13 09:07:21,782] {processor.py:642} INFO - Processing file /home/airflow/.local/lib/python3.7/site-packages/airflow/example_dags/example_branch_labels.py for tasks to queue
[2022-04-13 09:07:21,783] {logging_mixin.py:109} INFO - [2022-04-13 09:07:21,783] {dagbag.py:500} INFO - Filling up the DagBag from /home/airflow/.local/lib/python3.7/site-packages/airflow/example_dags/example_branch_labels.py
[2022-04-13 09:07:21,801] {processor.py:652} INFO - DAG(s) dict_keys(['example_branch_labels']) retrieved from /home/airflow/.local/lib/python3.7/site-packages/airflow/example_dags/example_branch_labels.py
[2022-04-13 09:07:21,823] {logging_mixin.py:109} INFO - [2022-04-13 09:07:21,823] {dag.py:2398} INFO - Sync 1 DAGs
[2022-04-13 09:07:21,843] {logging_mixin.py:109} INFO - [2022-04-13 09:07:21,843] {dag.py:2937} INFO - Setting next_dagrun for example_branch_labels to 2022-04-12 00:00:00+00:00
[2022-04-13 09:07:21,855] {processor.py:171} INFO - Processing /home/airflow/.local/lib/python3.7/site-packages/airflow/example_dags/example_branch_labels.py took 0.076 seconds
[2022-04-13 09:07:52,481] {processor.py:163} INFO - Started process (PID=256) to work on /home/airflow/.local/lib/python3.7/site-packages/airflow/example_dags/example_branch_labels.py
[2022-04-13 09:07:52,483] {processor.py:642} INFO - Processing file /home/airflow/.local/lib/python3.7/site-packages/airflow/example_dags/example_branch_labels.py for tasks to queue
[2022-04-13 09:07:52,483] {logging_mixin.py:109} INFO - [2022-04-13 09:07:52,483] {dagbag.py:500} INFO - Filling up the DagBag from /home/airflow/.local/lib/python3.7/site-packages/airflow/example_dags/example_branch_labels.py
[2022-04-13 09:07:52,499] {processor.py:652} INFO - DAG(s) dict_keys(['example_branch_labels']) retrieved from /home/airflow/.local/lib/python3.7/site-packages/airflow/example_dags/example_branch_labels.py
[2022-04-13 09:07:52,521] {logging_mixin.py:109} INFO - [2022-04-13 09:07:52,521] {dag.py:2398} INFO - Sync 1 DAGs
[2022-04-13 09:07:52,540] {logging_mixin.py:109} INFO - [2022-04-13 09:07:52,539] {dag.py:2937} INFO - Setting next_dagrun for example_branch_labels to 2022-04-12 00:00:00+00:00
[2022-04-13 09:07:52,552] {processor.py:171} INFO - Processing /home/airflow/.local/lib/python3.7/site-packages/airflow/example_dags/example_branch_labels.py took 0.073 seconds
[2022-04-13 09:08:22,732] {processor.py:163} INFO - Started process (PID=317) to work on /home/airflow/.local/lib/python3.7/site-packages/airflow/example_dags/example_branch_labels.py
[2022-04-13 09:08:22,733] {processor.py:642} INFO - Processing file /home/airflow/.local/lib/python3.7/site-packages/airflow/example_dags/example_branch_labels.py for tasks to queue
[2022-04-13 09:08:22,734] {logging_mixin.py:109} INFO - [2022-04-13 09:08:22,734] {dagbag.py:500} INFO - Filling up the DagBag from /home/airflow/.local/lib/python3.7/site-packages/airflow/example_dags/example_branch_labels.py
[2022-04-13 09:08:22,755] {processor.py:652} INFO - DAG(s) dict_keys(['example_branch_labels']) retrieved from /home/airflow/.local/lib/python3.7/site-packages/airflow/example_dags/example_branch_labels.py
[2022-04-13 09:08:22,785] {logging_mixin.py:109} INFO - [2022-04-13 09:08:22,785] {dag.py:2398} INFO - Sync 1 DAGs
[2022-04-13 09:08:22,808] {logging_mixin.py:109} INFO - [2022-04-13 09:08:22,808] {dag.py:2937} INFO - Setting next_dagrun for example_branch_labels to 2022-04-12 00:00:00+00:00
[2022-04-13 09:08:22,820] {processor.py:171} INFO - Processing /home/airflow/.local/lib/python3.7/site-packages/airflow/example_dags/example_branch_labels.py took 0.092 seconds
[2022-04-13 09:08:53,512] {processor.py:163} INFO - Started process (PID=369) to work on /home/airflow/.local/lib/python3.7/site-packages/airflow/example_dags/example_branch_labels.py
[2022-04-13 09:08:53,513] {processor.py:642} INFO - Processing file /home/airflow/.local/lib/python3.7/site-packages/airflow/example_dags/example_branch_labels.py for tasks to queue
[2022-04-13 09:08:53,514] {logging_mixin.py:109} INFO - [2022-04-13 09:08:53,514] {dagbag.py:500} INFO - Filling up the DagBag from /home/airflow/.local/lib/python3.7/site-packages/airflow/example_dags/example_branch_labels.py
[2022-04-13 09:08:53,529] {processor.py:652} INFO - DAG(s) dict_keys(['example_branch_labels']) retrieved from /home/airflow/.local/lib/python3.7/site-packages/airflow/example_dags/example_branch_labels.py
[2022-04-13 09:08:53,554] {logging_mixin.py:109} INFO - [2022-04-13 09:08:53,554] {dag.py:2398} INFO - Sync 1 DAGs
[2022-04-13 09:08:53,576] {logging_mixin.py:109} INFO - [2022-04-13 09:08:53,576] {dag.py:2937} INFO - Setting next_dagrun for example_branch_labels to 2022-04-12 00:00:00+00:00
[2022-04-13 09:08:53,590] {processor.py:171} INFO - Processing /home/airflow/.local/lib/python3.7/site-packages/airflow/example_dags/example_branch_labels.py took 0.081 seconds
[2022-04-13 09:09:23,899] {processor.py:163} INFO - Started process (PID=421) to work on /home/airflow/.local/lib/python3.7/site-packages/airflow/example_dags/example_branch_labels.py
[2022-04-13 09:09:23,900] {processor.py:642} INFO - Processing file /home/airflow/.local/lib/python3.7/site-packages/airflow/example_dags/example_branch_labels.py for tasks to queue
[2022-04-13 09:09:23,900] {logging_mixin.py:109} INFO - [2022-04-13 09:09:23,900] {dagbag.py:500} INFO - Filling up the DagBag from /home/airflow/.local/lib/python3.7/site-packages/airflow/example_dags/example_branch_labels.py
[2022-04-13 09:09:23,927] {processor.py:652} INFO - DAG(s) dict_keys(['example_branch_labels']) retrieved from /home/airflow/.local/lib/python3.7/site-packages/airflow/example_dags/example_branch_labels.py
[2022-04-13 09:09:23,951] {logging_mixin.py:109} INFO - [2022-04-13 09:09:23,951] {dag.py:2398} INFO - Sync 1 DAGs
[2022-04-13 09:09:23,977] {logging_mixin.py:109} INFO - [2022-04-13 09:09:23,977] {dag.py:2937} INFO - Setting next_dagrun for example_branch_labels to 2022-04-12 00:00:00+00:00
[2022-04-13 09:09:23,993] {processor.py:171} INFO - Processing /home/airflow/.local/lib/python3.7/site-packages/airflow/example_dags/example_branch_labels.py took 0.096 seconds
[2022-04-13 09:09:54,127] {processor.py:163} INFO - Started process (PID=481) to work on /home/airflow/.local/lib/python3.7/site-packages/airflow/example_dags/example_branch_labels.py
[2022-04-13 09:09:54,129] {processor.py:642} INFO - Processing file /home/airflow/.local/lib/python3.7/site-packages/airflow/example_dags/example_branch_labels.py for tasks to queue
[2022-04-13 09:09:54,130] {logging_mixin.py:109} INFO - [2022-04-13 09:09:54,130] {dagbag.py:500} INFO - Filling up the DagBag from /home/airflow/.local/lib/python3.7/site-packages/airflow/example_dags/example_branch_labels.py
[2022-04-13 09:09:54,148] {processor.py:652} INFO - DAG(s) dict_keys(['example_branch_labels']) retrieved from /home/airflow/.local/lib/python3.7/site-packages/airflow/example_dags/example_branch_labels.py
[2022-04-13 09:09:54,179] {logging_mixin.py:109} INFO - [2022-04-13 09:09:54,179] {dag.py:2398} INFO - Sync 1 DAGs
[2022-04-13 09:09:54,201] {logging_mixin.py:109} INFO - [2022-04-13 09:09:54,201] {dag.py:2937} INFO - Setting next_dagrun for example_branch_labels to 2022-04-12 00:00:00+00:00
[2022-04-13 09:09:54,216] {processor.py:171} INFO - Processing /home/airflow/.local/lib/python3.7/site-packages/airflow/example_dags/example_branch_labels.py took 0.092 seconds
[2022-04-13 09:10:24,430] {processor.py:163} INFO - Started process (PID=531) to work on /home/airflow/.local/lib/python3.7/site-packages/airflow/example_dags/example_branch_labels.py
[2022-04-13 09:10:24,431] {processor.py:642} INFO - Processing file /home/airflow/.local/lib/python3.7/site-packages/airflow/example_dags/example_branch_labels.py for tasks to queue
[2022-04-13 09:10:24,432] {logging_mixin.py:109} INFO - [2022-04-13 09:10:24,432] {dagbag.py:500} INFO - Filling up the DagBag from /home/airflow/.local/lib/python3.7/site-packages/airflow/example_dags/example_branch_labels.py
[2022-04-13 09:10:24,449] {processor.py:652} INFO - DAG(s) dict_keys(['example_branch_labels']) retrieved from /home/airflow/.local/lib/python3.7/site-packages/airflow/example_dags/example_branch_labels.py
[2022-04-13 09:10:24,483] {logging_mixin.py:109} INFO - [2022-04-13 09:10:24,482] {dag.py:2398} INFO - Sync 1 DAGs
[2022-04-13 09:10:24,526] {logging_mixin.py:109} INFO - [2022-04-13 09:10:24,526] {dag.py:2937} INFO - Setting next_dagrun for example_branch_labels to 2022-04-12 00:00:00+00:00
[2022-04-13 09:10:24,540] {processor.py:171} INFO - Processing /home/airflow/.local/lib/python3.7/site-packages/airflow/example_dags/example_branch_labels.py took 0.113 seconds
[2022-04-13 09:10:54,700] {processor.py:163} INFO - Started process (PID=583) to work on /home/airflow/.local/lib/python3.7/site-packages/airflow/example_dags/example_branch_labels.py
[2022-04-13 09:10:54,700] {processor.py:642} INFO - Processing file /home/airflow/.local/lib/python3.7/site-packages/airflow/example_dags/example_branch_labels.py for tasks to queue
[2022-04-13 09:10:54,701] {logging_mixin.py:109} INFO - [2022-04-13 09:10:54,701] {dagbag.py:500} INFO - Filling up the DagBag from /home/airflow/.local/lib/python3.7/site-packages/airflow/example_dags/example_branch_labels.py
[2022-04-13 09:10:54,715] {processor.py:652} INFO - DAG(s) dict_keys(['example_branch_labels']) retrieved from /home/airflow/.local/lib/python3.7/site-packages/airflow/example_dags/example_branch_labels.py
[2022-04-13 09:10:54,737] {logging_mixin.py:109} INFO - [2022-04-13 09:10:54,737] {dag.py:2398} INFO - Sync 1 DAGs
[2022-04-13 09:10:54,758] {logging_mixin.py:109} INFO - [2022-04-13 09:10:54,758] {dag.py:2937} INFO - Setting next_dagrun for example_branch_labels to 2022-04-12 00:00:00+00:00
[2022-04-13 09:10:54,772] {processor.py:171} INFO - Processing /home/airflow/.local/lib/python3.7/site-packages/airflow/example_dags/example_branch_labels.py took 0.074 seconds
[2022-04-13 09:11:25,373] {processor.py:163} INFO - Started process (PID=642) to work on /home/airflow/.local/lib/python3.7/site-packages/airflow/example_dags/example_branch_labels.py
[2022-04-13 09:11:25,375] {processor.py:642} INFO - Processing file /home/airflow/.local/lib/python3.7/site-packages/airflow/example_dags/example_branch_labels.py for tasks to queue
[2022-04-13 09:11:25,376] {logging_mixin.py:109} INFO - [2022-04-13 09:11:25,376] {dagbag.py:500} INFO - Filling up the DagBag from /home/airflow/.local/lib/python3.7/site-packages/airflow/example_dags/example_branch_labels.py
[2022-04-13 09:11:25,393] {processor.py:652} INFO - DAG(s) dict_keys(['example_branch_labels']) retrieved from /home/airflow/.local/lib/python3.7/site-packages/airflow/example_dags/example_branch_labels.py
[2022-04-13 09:11:25,418] {logging_mixin.py:109} INFO - [2022-04-13 09:11:25,418] {dag.py:2398} INFO - Sync 1 DAGs
[2022-04-13 09:11:25,442] {logging_mixin.py:109} INFO - [2022-04-13 09:11:25,442] {dag.py:2937} INFO - Setting next_dagrun for example_branch_labels to 2022-04-12 00:00:00+00:00
[2022-04-13 09:11:25,457] {processor.py:171} INFO - Processing /home/airflow/.local/lib/python3.7/site-packages/airflow/example_dags/example_branch_labels.py took 0.087 seconds
[2022-04-13 09:11:55,738] {processor.py:163} INFO - Started process (PID=693) to work on /home/airflow/.local/lib/python3.7/site-packages/airflow/example_dags/example_branch_labels.py
[2022-04-13 09:11:55,739] {processor.py:642} INFO - Processing file /home/airflow/.local/lib/python3.7/site-packages/airflow/example_dags/example_branch_labels.py for tasks to queue
[2022-04-13 09:11:55,740] {logging_mixin.py:109} INFO - [2022-04-13 09:11:55,740] {dagbag.py:500} INFO - Filling up the DagBag from /home/airflow/.local/lib/python3.7/site-packages/airflow/example_dags/example_branch_labels.py
[2022-04-13 09:11:55,766] {processor.py:652} INFO - DAG(s) dict_keys(['example_branch_labels']) retrieved from /home/airflow/.local/lib/python3.7/site-packages/airflow/example_dags/example_branch_labels.py
[2022-04-13 09:11:55,791] {logging_mixin.py:109} INFO - [2022-04-13 09:11:55,791] {dag.py:2398} INFO - Sync 1 DAGs
[2022-04-13 09:11:55,814] {logging_mixin.py:109} INFO - [2022-04-13 09:11:55,814] {dag.py:2937} INFO - Setting next_dagrun for example_branch_labels to 2022-04-12 00:00:00+00:00
[2022-04-13 09:11:55,828] {processor.py:171} INFO - Processing /home/airflow/.local/lib/python3.7/site-packages/airflow/example_dags/example_branch_labels.py took 0.095 seconds
[2022-04-13 09:12:25,963] {processor.py:163} INFO - Started process (PID=745) to work on /home/airflow/.local/lib/python3.7/site-packages/airflow/example_dags/example_branch_labels.py
[2022-04-13 09:12:25,965] {processor.py:642} INFO - Processing file /home/airflow/.local/lib/python3.7/site-packages/airflow/example_dags/example_branch_labels.py for tasks to queue
[2022-04-13 09:12:25,965] {logging_mixin.py:109} INFO - [2022-04-13 09:12:25,965] {dagbag.py:500} INFO - Filling up the DagBag from /home/airflow/.local/lib/python3.7/site-packages/airflow/example_dags/example_branch_labels.py
[2022-04-13 09:12:25,981] {processor.py:652} INFO - DAG(s) dict_keys(['example_branch_labels']) retrieved from /home/airflow/.local/lib/python3.7/site-packages/airflow/example_dags/example_branch_labels.py
[2022-04-13 09:12:26,017] {logging_mixin.py:109} INFO - [2022-04-13 09:12:26,017] {dag.py:2398} INFO - Sync 1 DAGs
[2022-04-13 09:12:26,046] {logging_mixin.py:109} INFO - [2022-04-13 09:12:26,046] {dag.py:2937} INFO - Setting next_dagrun for example_branch_labels to 2022-04-12 00:00:00+00:00
[2022-04-13 09:12:26,060] {processor.py:171} INFO - Processing /home/airflow/.local/lib/python3.7/site-packages/airflow/example_dags/example_branch_labels.py took 0.100 seconds
[2022-04-13 09:12:56,171] {processor.py:163} INFO - Started process (PID=805) to work on /home/airflow/.local/lib/python3.7/site-packages/airflow/example_dags/example_branch_labels.py
[2022-04-13 09:12:56,172] {processor.py:642} INFO - Processing file /home/airflow/.local/lib/python3.7/site-packages/airflow/example_dags/example_branch_labels.py for tasks to queue
[2022-04-13 09:12:56,173] {logging_mixin.py:109} INFO - [2022-04-13 09:12:56,173] {dagbag.py:500} INFO - Filling up the DagBag from /home/airflow/.local/lib/python3.7/site-packages/airflow/example_dags/example_branch_labels.py
[2022-04-13 09:12:56,190] {processor.py:652} INFO - DAG(s) dict_keys(['example_branch_labels']) retrieved from /home/airflow/.local/lib/python3.7/site-packages/airflow/example_dags/example_branch_labels.py
[2022-04-13 09:12:56,217] {logging_mixin.py:109} INFO - [2022-04-13 09:12:56,217] {dag.py:2398} INFO - Sync 1 DAGs
[2022-04-13 09:12:56,246] {logging_mixin.py:109} INFO - [2022-04-13 09:12:56,246] {dag.py:2937} INFO - Setting next_dagrun for example_branch_labels to 2022-04-12 00:00:00+00:00
[2022-04-13 09:12:56,260] {processor.py:171} INFO - Processing /home/airflow/.local/lib/python3.7/site-packages/airflow/example_dags/example_branch_labels.py took 0.093 seconds
[2022-04-13 09:13:26,373] {processor.py:163} INFO - Started process (PID=857) to work on /home/airflow/.local/lib/python3.7/site-packages/airflow/example_dags/example_branch_labels.py
[2022-04-13 09:13:26,376] {processor.py:642} INFO - Processing file /home/airflow/.local/lib/python3.7/site-packages/airflow/example_dags/example_branch_labels.py for tasks to queue
[2022-04-13 09:13:26,376] {logging_mixin.py:109} INFO - [2022-04-13 09:13:26,376] {dagbag.py:500} INFO - Filling up the DagBag from /home/airflow/.local/lib/python3.7/site-packages/airflow/example_dags/example_branch_labels.py
[2022-04-13 09:13:26,393] {processor.py:652} INFO - DAG(s) dict_keys(['example_branch_labels']) retrieved from /home/airflow/.local/lib/python3.7/site-packages/airflow/example_dags/example_branch_labels.py
[2022-04-13 09:13:26,427] {logging_mixin.py:109} INFO - [2022-04-13 09:13:26,426] {dag.py:2398} INFO - Sync 1 DAGs
[2022-04-13 09:13:26,450] {logging_mixin.py:109} INFO - [2022-04-13 09:13:26,450] {dag.py:2937} INFO - Setting next_dagrun for example_branch_labels to 2022-04-12 00:00:00+00:00
[2022-04-13 09:13:26,467] {processor.py:171} INFO - Processing /home/airflow/.local/lib/python3.7/site-packages/airflow/example_dags/example_branch_labels.py took 0.096 seconds
[2022-04-13 09:13:57,191] {processor.py:163} INFO - Started process (PID=907) to work on /home/airflow/.local/lib/python3.7/site-packages/airflow/example_dags/example_branch_labels.py
[2022-04-13 09:13:57,193] {processor.py:642} INFO - Processing file /home/airflow/.local/lib/python3.7/site-packages/airflow/example_dags/example_branch_labels.py for tasks to queue
[2022-04-13 09:13:57,197] {logging_mixin.py:109} INFO - [2022-04-13 09:13:57,196] {dagbag.py:500} INFO - Filling up the DagBag from /home/airflow/.local/lib/python3.7/site-packages/airflow/example_dags/example_branch_labels.py
[2022-04-13 09:13:57,215] {processor.py:652} INFO - DAG(s) dict_keys(['example_branch_labels']) retrieved from /home/airflow/.local/lib/python3.7/site-packages/airflow/example_dags/example_branch_labels.py
[2022-04-13 09:13:57,245] {logging_mixin.py:109} INFO - [2022-04-13 09:13:57,244] {dag.py:2398} INFO - Sync 1 DAGs
[2022-04-13 09:13:57,276] {logging_mixin.py:109} INFO - [2022-04-13 09:13:57,276] {dag.py:2937} INFO - Setting next_dagrun for example_branch_labels to 2022-04-12 00:00:00+00:00
[2022-04-13 09:13:57,293] {processor.py:171} INFO - Processing /home/airflow/.local/lib/python3.7/site-packages/airflow/example_dags/example_branch_labels.py took 0.105 seconds
[2022-04-13 09:14:27,447] {processor.py:163} INFO - Started process (PID=968) to work on /home/airflow/.local/lib/python3.7/site-packages/airflow/example_dags/example_branch_labels.py
[2022-04-13 09:14:27,448] {processor.py:642} INFO - Processing file /home/airflow/.local/lib/python3.7/site-packages/airflow/example_dags/example_branch_labels.py for tasks to queue
[2022-04-13 09:14:27,449] {logging_mixin.py:109} INFO - [2022-04-13 09:14:27,449] {dagbag.py:500} INFO - Filling up the DagBag from /home/airflow/.local/lib/python3.7/site-packages/airflow/example_dags/example_branch_labels.py
[2022-04-13 09:14:27,467] {processor.py:652} INFO - DAG(s) dict_keys(['example_branch_labels']) retrieved from /home/airflow/.local/lib/python3.7/site-packages/airflow/example_dags/example_branch_labels.py
[2022-04-13 09:14:27,491] {logging_mixin.py:109} INFO - [2022-04-13 09:14:27,491] {dag.py:2398} INFO - Sync 1 DAGs
[2022-04-13 09:14:27,516] {logging_mixin.py:109} INFO - [2022-04-13 09:14:27,516] {dag.py:2937} INFO - Setting next_dagrun for example_branch_labels to 2022-04-12 00:00:00+00:00
[2022-04-13 09:14:27,530] {processor.py:171} INFO - Processing /home/airflow/.local/lib/python3.7/site-packages/airflow/example_dags/example_branch_labels.py took 0.087 seconds
[2022-04-13 09:14:57,696] {processor.py:163} INFO - Started process (PID=1018) to work on /home/airflow/.local/lib/python3.7/site-packages/airflow/example_dags/example_branch_labels.py
[2022-04-13 09:14:57,698] {processor.py:642} INFO - Processing file /home/airflow/.local/lib/python3.7/site-packages/airflow/example_dags/example_branch_labels.py for tasks to queue
[2022-04-13 09:14:57,698] {logging_mixin.py:109} INFO - [2022-04-13 09:14:57,698] {dagbag.py:500} INFO - Filling up the DagBag from /home/airflow/.local/lib/python3.7/site-packages/airflow/example_dags/example_branch_labels.py
[2022-04-13 09:14:57,715] {processor.py:652} INFO - DAG(s) dict_keys(['example_branch_labels']) retrieved from /home/airflow/.local/lib/python3.7/site-packages/airflow/example_dags/example_branch_labels.py
[2022-04-13 09:14:57,747] {logging_mixin.py:109} INFO - [2022-04-13 09:14:57,747] {dag.py:2398} INFO - Sync 1 DAGs
[2022-04-13 09:14:57,775] {logging_mixin.py:109} INFO - [2022-04-13 09:14:57,774] {dag.py:2937} INFO - Setting next_dagrun for example_branch_labels to 2022-04-12 00:00:00+00:00
[2022-04-13 09:14:57,788] {processor.py:171} INFO - Processing /home/airflow/.local/lib/python3.7/site-packages/airflow/example_dags/example_branch_labels.py took 0.096 seconds
[2022-04-13 09:15:28,659] {processor.py:163} INFO - Started process (PID=1068) to work on /home/airflow/.local/lib/python3.7/site-packages/airflow/example_dags/example_branch_labels.py
[2022-04-13 09:15:28,660] {processor.py:642} INFO - Processing file /home/airflow/.local/lib/python3.7/site-packages/airflow/example_dags/example_branch_labels.py for tasks to queue
[2022-04-13 09:15:28,660] {logging_mixin.py:109} INFO - [2022-04-13 09:15:28,660] {dagbag.py:500} INFO - Filling up the DagBag from /home/airflow/.local/lib/python3.7/site-packages/airflow/example_dags/example_branch_labels.py
[2022-04-13 09:15:28,673] {processor.py:652} INFO - DAG(s) dict_keys(['example_branch_labels']) retrieved from /home/airflow/.local/lib/python3.7/site-packages/airflow/example_dags/example_branch_labels.py
[2022-04-13 09:15:28,691] {logging_mixin.py:109} INFO - [2022-04-13 09:15:28,691] {dag.py:2398} INFO - Sync 1 DAGs
[2022-04-13 09:15:28,709] {logging_mixin.py:109} INFO - [2022-04-13 09:15:28,709] {dag.py:2937} INFO - Setting next_dagrun for example_branch_labels to 2022-04-12 00:00:00+00:00
[2022-04-13 09:15:28,724] {processor.py:171} INFO - Processing /home/airflow/.local/lib/python3.7/site-packages/airflow/example_dags/example_branch_labels.py took 0.068 seconds
[2022-04-13 09:15:58,788] {processor.py:163} INFO - Started process (PID=1128) to work on /home/airflow/.local/lib/python3.7/site-packages/airflow/example_dags/example_branch_labels.py
[2022-04-13 09:15:58,789] {processor.py:642} INFO - Processing file /home/airflow/.local/lib/python3.7/site-packages/airflow/example_dags/example_branch_labels.py for tasks to queue
[2022-04-13 09:15:58,790] {logging_mixin.py:109} INFO - [2022-04-13 09:15:58,790] {dagbag.py:500} INFO - Filling up the DagBag from /home/airflow/.local/lib/python3.7/site-packages/airflow/example_dags/example_branch_labels.py
[2022-04-13 09:15:58,805] {processor.py:652} INFO - DAG(s) dict_keys(['example_branch_labels']) retrieved from /home/airflow/.local/lib/python3.7/site-packages/airflow/example_dags/example_branch_labels.py
[2022-04-13 09:15:58,828] {logging_mixin.py:109} INFO - [2022-04-13 09:15:58,828] {dag.py:2398} INFO - Sync 1 DAGs
[2022-04-13 09:15:58,852] {logging_mixin.py:109} INFO - [2022-04-13 09:15:58,852] {dag.py:2937} INFO - Setting next_dagrun for example_branch_labels to 2022-04-12 00:00:00+00:00
[2022-04-13 09:15:58,868] {processor.py:171} INFO - Processing /home/airflow/.local/lib/python3.7/site-packages/airflow/example_dags/example_branch_labels.py took 0.082 seconds
[2022-04-13 09:16:29,409] {processor.py:163} INFO - Started process (PID=1179) to work on /home/airflow/.local/lib/python3.7/site-packages/airflow/example_dags/example_branch_labels.py
[2022-04-13 09:16:29,412] {processor.py:642} INFO - Processing file /home/airflow/.local/lib/python3.7/site-packages/airflow/example_dags/example_branch_labels.py for tasks to queue
[2022-04-13 09:16:29,413] {logging_mixin.py:109} INFO - [2022-04-13 09:16:29,413] {dagbag.py:500} INFO - Filling up the DagBag from /home/airflow/.local/lib/python3.7/site-packages/airflow/example_dags/example_branch_labels.py
[2022-04-13 09:16:29,442] {processor.py:652} INFO - DAG(s) dict_keys(['example_branch_labels']) retrieved from /home/airflow/.local/lib/python3.7/site-packages/airflow/example_dags/example_branch_labels.py
[2022-04-13 09:16:29,474] {logging_mixin.py:109} INFO - [2022-04-13 09:16:29,474] {dag.py:2398} INFO - Sync 1 DAGs
[2022-04-13 09:16:29,505] {logging_mixin.py:109} INFO - [2022-04-13 09:16:29,505] {dag.py:2937} INFO - Setting next_dagrun for example_branch_labels to 2022-04-12 00:00:00+00:00
[2022-04-13 09:16:29,520] {processor.py:171} INFO - Processing /home/airflow/.local/lib/python3.7/site-packages/airflow/example_dags/example_branch_labels.py took 0.114 seconds
[2022-04-13 09:16:59,601] {processor.py:163} INFO - Started process (PID=1231) to work on /home/airflow/.local/lib/python3.7/site-packages/airflow/example_dags/example_branch_labels.py
[2022-04-13 09:16:59,603] {processor.py:642} INFO - Processing file /home/airflow/.local/lib/python3.7/site-packages/airflow/example_dags/example_branch_labels.py for tasks to queue
[2022-04-13 09:16:59,604] {logging_mixin.py:109} INFO - [2022-04-13 09:16:59,604] {dagbag.py:500} INFO - Filling up the DagBag from /home/airflow/.local/lib/python3.7/site-packages/airflow/example_dags/example_branch_labels.py
[2022-04-13 09:16:59,621] {processor.py:652} INFO - DAG(s) dict_keys(['example_branch_labels']) retrieved from /home/airflow/.local/lib/python3.7/site-packages/airflow/example_dags/example_branch_labels.py
[2022-04-13 09:16:59,649] {logging_mixin.py:109} INFO - [2022-04-13 09:16:59,649] {dag.py:2398} INFO - Sync 1 DAGs
[2022-04-13 09:16:59,674] {logging_mixin.py:109} INFO - [2022-04-13 09:16:59,674] {dag.py:2937} INFO - Setting next_dagrun for example_branch_labels to 2022-04-12 00:00:00+00:00
[2022-04-13 09:16:59,691] {processor.py:171} INFO - Processing /home/airflow/.local/lib/python3.7/site-packages/airflow/example_dags/example_branch_labels.py took 0.093 seconds
[2022-04-13 09:17:30,013] {processor.py:163} INFO - Started process (PID=1292) to work on /home/airflow/.local/lib/python3.7/site-packages/airflow/example_dags/example_branch_labels.py
[2022-04-13 09:17:30,015] {processor.py:642} INFO - Processing file /home/airflow/.local/lib/python3.7/site-packages/airflow/example_dags/example_branch_labels.py for tasks to queue
[2022-04-13 09:17:30,015] {logging_mixin.py:109} INFO - [2022-04-13 09:17:30,015] {dagbag.py:500} INFO - Filling up the DagBag from /home/airflow/.local/lib/python3.7/site-packages/airflow/example_dags/example_branch_labels.py
[2022-04-13 09:17:30,033] {processor.py:652} INFO - DAG(s) dict_keys(['example_branch_labels']) retrieved from /home/airflow/.local/lib/python3.7/site-packages/airflow/example_dags/example_branch_labels.py
[2022-04-13 09:17:30,058] {logging_mixin.py:109} INFO - [2022-04-13 09:17:30,058] {dag.py:2398} INFO - Sync 1 DAGs
[2022-04-13 09:17:30,082] {logging_mixin.py:109} INFO - [2022-04-13 09:17:30,081] {dag.py:2937} INFO - Setting next_dagrun for example_branch_labels to 2022-04-12 00:00:00+00:00
[2022-04-13 09:17:30,096] {processor.py:171} INFO - Processing /home/airflow/.local/lib/python3.7/site-packages/airflow/example_dags/example_branch_labels.py took 0.086 seconds
[2022-04-13 09:18:00,718] {processor.py:163} INFO - Started process (PID=1342) to work on /home/airflow/.local/lib/python3.7/site-packages/airflow/example_dags/example_branch_labels.py
[2022-04-13 09:18:00,721] {processor.py:642} INFO - Processing file /home/airflow/.local/lib/python3.7/site-packages/airflow/example_dags/example_branch_labels.py for tasks to queue
[2022-04-13 09:18:00,724] {logging_mixin.py:109} INFO - [2022-04-13 09:18:00,723] {dagbag.py:500} INFO - Filling up the DagBag from /home/airflow/.local/lib/python3.7/site-packages/airflow/example_dags/example_branch_labels.py
[2022-04-13 09:18:00,745] {processor.py:652} INFO - DAG(s) dict_keys(['example_branch_labels']) retrieved from /home/airflow/.local/lib/python3.7/site-packages/airflow/example_dags/example_branch_labels.py
[2022-04-13 09:18:00,770] {logging_mixin.py:109} INFO - [2022-04-13 09:18:00,770] {dag.py:2398} INFO - Sync 1 DAGs
[2022-04-13 09:18:00,796] {logging_mixin.py:109} INFO - [2022-04-13 09:18:00,796] {dag.py:2937} INFO - Setting next_dagrun for example_branch_labels to 2022-04-12 00:00:00+00:00
[2022-04-13 09:18:00,811] {processor.py:171} INFO - Processing /home/airflow/.local/lib/python3.7/site-packages/airflow/example_dags/example_branch_labels.py took 0.096 seconds
[2022-04-13 09:18:31,121] {processor.py:163} INFO - Started process (PID=1392) to work on /home/airflow/.local/lib/python3.7/site-packages/airflow/example_dags/example_branch_labels.py
[2022-04-13 09:18:31,123] {processor.py:642} INFO - Processing file /home/airflow/.local/lib/python3.7/site-packages/airflow/example_dags/example_branch_labels.py for tasks to queue
[2022-04-13 09:18:31,123] {logging_mixin.py:109} INFO - [2022-04-13 09:18:31,123] {dagbag.py:500} INFO - Filling up the DagBag from /home/airflow/.local/lib/python3.7/site-packages/airflow/example_dags/example_branch_labels.py
[2022-04-13 09:18:31,140] {processor.py:652} INFO - DAG(s) dict_keys(['example_branch_labels']) retrieved from /home/airflow/.local/lib/python3.7/site-packages/airflow/example_dags/example_branch_labels.py
[2022-04-13 09:18:31,167] {logging_mixin.py:109} INFO - [2022-04-13 09:18:31,167] {dag.py:2398} INFO - Sync 1 DAGs
[2022-04-13 09:18:31,202] {logging_mixin.py:109} INFO - [2022-04-13 09:18:31,201] {dag.py:2937} INFO - Setting next_dagrun for example_branch_labels to 2022-04-12 00:00:00+00:00
[2022-04-13 09:18:31,220] {processor.py:171} INFO - Processing /home/airflow/.local/lib/python3.7/site-packages/airflow/example_dags/example_branch_labels.py took 0.105 seconds
[2022-04-13 09:19:01,539] {processor.py:163} INFO - Started process (PID=1452) to work on /home/airflow/.local/lib/python3.7/site-packages/airflow/example_dags/example_branch_labels.py
[2022-04-13 09:19:01,540] {processor.py:642} INFO - Processing file /home/airflow/.local/lib/python3.7/site-packages/airflow/example_dags/example_branch_labels.py for tasks to queue
[2022-04-13 09:19:01,541] {logging_mixin.py:109} INFO - [2022-04-13 09:19:01,541] {dagbag.py:500} INFO - Filling up the DagBag from /home/airflow/.local/lib/python3.7/site-packages/airflow/example_dags/example_branch_labels.py
[2022-04-13 09:19:01,568] {processor.py:652} INFO - DAG(s) dict_keys(['example_branch_labels']) retrieved from /home/airflow/.local/lib/python3.7/site-packages/airflow/example_dags/example_branch_labels.py
[2022-04-13 09:19:01,599] {logging_mixin.py:109} INFO - [2022-04-13 09:19:01,599] {dag.py:2398} INFO - Sync 1 DAGs
[2022-04-13 09:19:01,633] {logging_mixin.py:109} INFO - [2022-04-13 09:19:01,632] {dag.py:2937} INFO - Setting next_dagrun for example_branch_labels to 2022-04-12 00:00:00+00:00
[2022-04-13 09:19:01,656] {processor.py:171} INFO - Processing /home/airflow/.local/lib/python3.7/site-packages/airflow/example_dags/example_branch_labels.py took 0.120 seconds
[2022-04-13 09:19:32,191] {processor.py:163} INFO - Started process (PID=1504) to work on /home/airflow/.local/lib/python3.7/site-packages/airflow/example_dags/example_branch_labels.py
[2022-04-13 09:19:32,193] {processor.py:642} INFO - Processing file /home/airflow/.local/lib/python3.7/site-packages/airflow/example_dags/example_branch_labels.py for tasks to queue
[2022-04-13 09:19:32,193] {logging_mixin.py:109} INFO - [2022-04-13 09:19:32,193] {dagbag.py:500} INFO - Filling up the DagBag from /home/airflow/.local/lib/python3.7/site-packages/airflow/example_dags/example_branch_labels.py
[2022-04-13 09:19:32,211] {processor.py:652} INFO - DAG(s) dict_keys(['example_branch_labels']) retrieved from /home/airflow/.local/lib/python3.7/site-packages/airflow/example_dags/example_branch_labels.py
[2022-04-13 09:19:32,239] {logging_mixin.py:109} INFO - [2022-04-13 09:19:32,238] {dag.py:2398} INFO - Sync 1 DAGs
[2022-04-13 09:19:32,264] {logging_mixin.py:109} INFO - [2022-04-13 09:19:32,264] {dag.py:2937} INFO - Setting next_dagrun for example_branch_labels to 2022-04-12 00:00:00+00:00
[2022-04-13 09:19:32,279] {processor.py:171} INFO - Processing /home/airflow/.local/lib/python3.7/site-packages/airflow/example_dags/example_branch_labels.py took 0.091 seconds
[2022-04-13 09:20:02,353] {processor.py:163} INFO - Started process (PID=1556) to work on /home/airflow/.local/lib/python3.7/site-packages/airflow/example_dags/example_branch_labels.py
[2022-04-13 09:20:02,354] {processor.py:642} INFO - Processing file /home/airflow/.local/lib/python3.7/site-packages/airflow/example_dags/example_branch_labels.py for tasks to queue
[2022-04-13 09:20:02,355] {logging_mixin.py:109} INFO - [2022-04-13 09:20:02,355] {dagbag.py:500} INFO - Filling up the DagBag from /home/airflow/.local/lib/python3.7/site-packages/airflow/example_dags/example_branch_labels.py
[2022-04-13 09:20:02,369] {processor.py:652} INFO - DAG(s) dict_keys(['example_branch_labels']) retrieved from /home/airflow/.local/lib/python3.7/site-packages/airflow/example_dags/example_branch_labels.py
[2022-04-13 09:20:02,393] {logging_mixin.py:109} INFO - [2022-04-13 09:20:02,393] {dag.py:2398} INFO - Sync 1 DAGs
[2022-04-13 09:20:02,417] {logging_mixin.py:109} INFO - [2022-04-13 09:20:02,417] {dag.py:2937} INFO - Setting next_dagrun for example_branch_labels to 2022-04-12 00:00:00+00:00
[2022-04-13 09:20:02,431] {processor.py:171} INFO - Processing /home/airflow/.local/lib/python3.7/site-packages/airflow/example_dags/example_branch_labels.py took 0.080 seconds
[2022-04-13 09:20:32,526] {processor.py:163} INFO - Started process (PID=1607) to work on /home/airflow/.local/lib/python3.7/site-packages/airflow/example_dags/example_branch_labels.py
[2022-04-13 09:20:32,528] {processor.py:642} INFO - Processing file /home/airflow/.local/lib/python3.7/site-packages/airflow/example_dags/example_branch_labels.py for tasks to queue
[2022-04-13 09:20:32,528] {logging_mixin.py:109} INFO - [2022-04-13 09:20:32,528] {dagbag.py:500} INFO - Filling up the DagBag from /home/airflow/.local/lib/python3.7/site-packages/airflow/example_dags/example_branch_labels.py
[2022-04-13 09:20:32,544] {processor.py:652} INFO - DAG(s) dict_keys(['example_branch_labels']) retrieved from /home/airflow/.local/lib/python3.7/site-packages/airflow/example_dags/example_branch_labels.py
[2022-04-13 09:20:32,569] {logging_mixin.py:109} INFO - [2022-04-13 09:20:32,568] {dag.py:2398} INFO - Sync 1 DAGs
[2022-04-13 09:20:32,598] {logging_mixin.py:109} INFO - [2022-04-13 09:20:32,597] {dag.py:2937} INFO - Setting next_dagrun for example_branch_labels to 2022-04-12 00:00:00+00:00
[2022-04-13 09:20:32,616] {processor.py:171} INFO - Processing /home/airflow/.local/lib/python3.7/site-packages/airflow/example_dags/example_branch_labels.py took 0.094 seconds
[2022-04-13 09:21:02,750] {processor.py:163} INFO - Started process (PID=1668) to work on /home/airflow/.local/lib/python3.7/site-packages/airflow/example_dags/example_branch_labels.py
[2022-04-13 09:21:02,751] {processor.py:642} INFO - Processing file /home/airflow/.local/lib/python3.7/site-packages/airflow/example_dags/example_branch_labels.py for tasks to queue
[2022-04-13 09:21:02,752] {logging_mixin.py:109} INFO - [2022-04-13 09:21:02,752] {dagbag.py:500} INFO - Filling up the DagBag from /home/airflow/.local/lib/python3.7/site-packages/airflow/example_dags/example_branch_labels.py
[2022-04-13 09:21:02,772] {processor.py:652} INFO - DAG(s) dict_keys(['example_branch_labels']) retrieved from /home/airflow/.local/lib/python3.7/site-packages/airflow/example_dags/example_branch_labels.py
[2022-04-13 09:21:02,797] {logging_mixin.py:109} INFO - [2022-04-13 09:21:02,797] {dag.py:2398} INFO - Sync 1 DAGs
[2022-04-13 09:21:02,821] {logging_mixin.py:109} INFO - [2022-04-13 09:21:02,820] {dag.py:2937} INFO - Setting next_dagrun for example_branch_labels to 2022-04-12 00:00:00+00:00
[2022-04-13 09:21:02,836] {processor.py:171} INFO - Processing /home/airflow/.local/lib/python3.7/site-packages/airflow/example_dags/example_branch_labels.py took 0.089 seconds
[2022-04-13 09:21:33,802] {processor.py:163} INFO - Started process (PID=1720) to work on /home/airflow/.local/lib/python3.7/site-packages/airflow/example_dags/example_branch_labels.py
[2022-04-13 09:21:33,804] {processor.py:642} INFO - Processing file /home/airflow/.local/lib/python3.7/site-packages/airflow/example_dags/example_branch_labels.py for tasks to queue
[2022-04-13 09:21:33,805] {logging_mixin.py:109} INFO - [2022-04-13 09:21:33,805] {dagbag.py:500} INFO - Filling up the DagBag from /home/airflow/.local/lib/python3.7/site-packages/airflow/example_dags/example_branch_labels.py
[2022-04-13 09:21:33,820] {processor.py:652} INFO - DAG(s) dict_keys(['example_branch_labels']) retrieved from /home/airflow/.local/lib/python3.7/site-packages/airflow/example_dags/example_branch_labels.py
[2022-04-13 09:21:33,845] {logging_mixin.py:109} INFO - [2022-04-13 09:21:33,845] {dag.py:2398} INFO - Sync 1 DAGs
[2022-04-13 09:21:33,868] {logging_mixin.py:109} INFO - [2022-04-13 09:21:33,868] {dag.py:2937} INFO - Setting next_dagrun for example_branch_labels to 2022-04-12 00:00:00+00:00
[2022-04-13 09:21:33,885] {processor.py:171} INFO - Processing /home/airflow/.local/lib/python3.7/site-packages/airflow/example_dags/example_branch_labels.py took 0.085 seconds
[2022-04-13 09:22:04,191] {processor.py:163} INFO - Started process (PID=1770) to work on /home/airflow/.local/lib/python3.7/site-packages/airflow/example_dags/example_branch_labels.py
[2022-04-13 09:22:04,192] {processor.py:642} INFO - Processing file /home/airflow/.local/lib/python3.7/site-packages/airflow/example_dags/example_branch_labels.py for tasks to queue
[2022-04-13 09:22:04,192] {logging_mixin.py:109} INFO - [2022-04-13 09:22:04,192] {dagbag.py:500} INFO - Filling up the DagBag from /home/airflow/.local/lib/python3.7/site-packages/airflow/example_dags/example_branch_labels.py
[2022-04-13 09:22:04,212] {processor.py:652} INFO - DAG(s) dict_keys(['example_branch_labels']) retrieved from /home/airflow/.local/lib/python3.7/site-packages/airflow/example_dags/example_branch_labels.py
[2022-04-13 09:22:04,249] {logging_mixin.py:109} INFO - [2022-04-13 09:22:04,248] {dag.py:2398} INFO - Sync 1 DAGs
[2022-04-13 09:22:04,274] {logging_mixin.py:109} INFO - [2022-04-13 09:22:04,274] {dag.py:2937} INFO - Setting next_dagrun for example_branch_labels to 2022-04-12 00:00:00+00:00
[2022-04-13 09:22:04,290] {processor.py:171} INFO - Processing /home/airflow/.local/lib/python3.7/site-packages/airflow/example_dags/example_branch_labels.py took 0.104 seconds
[2022-04-13 09:22:34,493] {processor.py:163} INFO - Started process (PID=1832) to work on /home/airflow/.local/lib/python3.7/site-packages/airflow/example_dags/example_branch_labels.py
[2022-04-13 09:22:34,496] {processor.py:642} INFO - Processing file /home/airflow/.local/lib/python3.7/site-packages/airflow/example_dags/example_branch_labels.py for tasks to queue
[2022-04-13 09:22:34,497] {logging_mixin.py:109} INFO - [2022-04-13 09:22:34,497] {dagbag.py:500} INFO - Filling up the DagBag from /home/airflow/.local/lib/python3.7/site-packages/airflow/example_dags/example_branch_labels.py
[2022-04-13 09:22:34,516] {processor.py:652} INFO - DAG(s) dict_keys(['example_branch_labels']) retrieved from /home/airflow/.local/lib/python3.7/site-packages/airflow/example_dags/example_branch_labels.py
[2022-04-13 09:22:34,538] {logging_mixin.py:109} INFO - [2022-04-13 09:22:34,538] {dag.py:2398} INFO - Sync 1 DAGs
[2022-04-13 09:22:34,558] {logging_mixin.py:109} INFO - [2022-04-13 09:22:34,558] {dag.py:2937} INFO - Setting next_dagrun for example_branch_labels to 2022-04-12 00:00:00+00:00
[2022-04-13 09:22:34,570] {processor.py:171} INFO - Processing /home/airflow/.local/lib/python3.7/site-packages/airflow/example_dags/example_branch_labels.py took 0.079 seconds
[2022-04-13 09:23:04,879] {processor.py:163} INFO - Started process (PID=1884) to work on /home/airflow/.local/lib/python3.7/site-packages/airflow/example_dags/example_branch_labels.py
[2022-04-13 09:23:04,880] {processor.py:642} INFO - Processing file /home/airflow/.local/lib/python3.7/site-packages/airflow/example_dags/example_branch_labels.py for tasks to queue
[2022-04-13 09:23:04,880] {logging_mixin.py:109} INFO - [2022-04-13 09:23:04,880] {dagbag.py:500} INFO - Filling up the DagBag from /home/airflow/.local/lib/python3.7/site-packages/airflow/example_dags/example_branch_labels.py
[2022-04-13 09:23:04,898] {processor.py:652} INFO - DAG(s) dict_keys(['example_branch_labels']) retrieved from /home/airflow/.local/lib/python3.7/site-packages/airflow/example_dags/example_branch_labels.py
[2022-04-13 09:23:04,925] {logging_mixin.py:109} INFO - [2022-04-13 09:23:04,925] {dag.py:2398} INFO - Sync 1 DAGs
[2022-04-13 09:23:04,950] {logging_mixin.py:109} INFO - [2022-04-13 09:23:04,950] {dag.py:2937} INFO - Setting next_dagrun for example_branch_labels to 2022-04-12 00:00:00+00:00
[2022-04-13 09:23:04,964] {processor.py:171} INFO - Processing /home/airflow/.local/lib/python3.7/site-packages/airflow/example_dags/example_branch_labels.py took 0.089 seconds
[2022-04-13 09:23:35,532] {processor.py:163} INFO - Started process (PID=1936) to work on /home/airflow/.local/lib/python3.7/site-packages/airflow/example_dags/example_branch_labels.py
[2022-04-13 09:23:35,535] {processor.py:642} INFO - Processing file /home/airflow/.local/lib/python3.7/site-packages/airflow/example_dags/example_branch_labels.py for tasks to queue
[2022-04-13 09:23:35,535] {logging_mixin.py:109} INFO - [2022-04-13 09:23:35,535] {dagbag.py:500} INFO - Filling up the DagBag from /home/airflow/.local/lib/python3.7/site-packages/airflow/example_dags/example_branch_labels.py
[2022-04-13 09:23:35,551] {processor.py:652} INFO - DAG(s) dict_keys(['example_branch_labels']) retrieved from /home/airflow/.local/lib/python3.7/site-packages/airflow/example_dags/example_branch_labels.py
[2022-04-13 09:23:35,582] {logging_mixin.py:109} INFO - [2022-04-13 09:23:35,582] {dag.py:2398} INFO - Sync 1 DAGs
[2022-04-13 09:23:35,617] {logging_mixin.py:109} INFO - [2022-04-13 09:23:35,616] {dag.py:2937} INFO - Setting next_dagrun for example_branch_labels to 2022-04-12 00:00:00+00:00
[2022-04-13 09:23:35,636] {processor.py:171} INFO - Processing /home/airflow/.local/lib/python3.7/site-packages/airflow/example_dags/example_branch_labels.py took 0.107 seconds
[2022-04-13 09:24:05,789] {processor.py:163} INFO - Started process (PID=1994) to work on /home/airflow/.local/lib/python3.7/site-packages/airflow/example_dags/example_branch_labels.py
[2022-04-13 09:24:05,790] {processor.py:642} INFO - Processing file /home/airflow/.local/lib/python3.7/site-packages/airflow/example_dags/example_branch_labels.py for tasks to queue
[2022-04-13 09:24:05,791] {logging_mixin.py:109} INFO - [2022-04-13 09:24:05,790] {dagbag.py:500} INFO - Filling up the DagBag from /home/airflow/.local/lib/python3.7/site-packages/airflow/example_dags/example_branch_labels.py
[2022-04-13 09:24:05,805] {processor.py:652} INFO - DAG(s) dict_keys(['example_branch_labels']) retrieved from /home/airflow/.local/lib/python3.7/site-packages/airflow/example_dags/example_branch_labels.py
[2022-04-13 09:24:05,830] {logging_mixin.py:109} INFO - [2022-04-13 09:24:05,830] {dag.py:2398} INFO - Sync 1 DAGs
[2022-04-13 09:24:05,857] {logging_mixin.py:109} INFO - [2022-04-13 09:24:05,857] {dag.py:2937} INFO - Setting next_dagrun for example_branch_labels to 2022-04-12 00:00:00+00:00
[2022-04-13 09:24:05,870] {processor.py:171} INFO - Processing /home/airflow/.local/lib/python3.7/site-packages/airflow/example_dags/example_branch_labels.py took 0.085 seconds
[2022-04-13 09:24:36,189] {processor.py:163} INFO - Started process (PID=2047) to work on /home/airflow/.local/lib/python3.7/site-packages/airflow/example_dags/example_branch_labels.py
[2022-04-13 09:24:36,192] {processor.py:642} INFO - Processing file /home/airflow/.local/lib/python3.7/site-packages/airflow/example_dags/example_branch_labels.py for tasks to queue
[2022-04-13 09:24:36,193] {logging_mixin.py:109} INFO - [2022-04-13 09:24:36,192] {dagbag.py:500} INFO - Filling up the DagBag from /home/airflow/.local/lib/python3.7/site-packages/airflow/example_dags/example_branch_labels.py
[2022-04-13 09:24:36,208] {processor.py:652} INFO - DAG(s) dict_keys(['example_branch_labels']) retrieved from /home/airflow/.local/lib/python3.7/site-packages/airflow/example_dags/example_branch_labels.py
[2022-04-13 09:24:36,232] {logging_mixin.py:109} INFO - [2022-04-13 09:24:36,232] {dag.py:2398} INFO - Sync 1 DAGs
[2022-04-13 09:24:36,256] {logging_mixin.py:109} INFO - [2022-04-13 09:24:36,256] {dag.py:2937} INFO - Setting next_dagrun for example_branch_labels to 2022-04-12 00:00:00+00:00
[2022-04-13 09:24:36,271] {processor.py:171} INFO - Processing /home/airflow/.local/lib/python3.7/site-packages/airflow/example_dags/example_branch_labels.py took 0.086 seconds
[2022-04-13 09:25:06,974] {processor.py:163} INFO - Started process (PID=2099) to work on /home/airflow/.local/lib/python3.7/site-packages/airflow/example_dags/example_branch_labels.py
[2022-04-13 09:25:06,975] {processor.py:642} INFO - Processing file /home/airflow/.local/lib/python3.7/site-packages/airflow/example_dags/example_branch_labels.py for tasks to queue
[2022-04-13 09:25:06,976] {logging_mixin.py:109} INFO - [2022-04-13 09:25:06,976] {dagbag.py:500} INFO - Filling up the DagBag from /home/airflow/.local/lib/python3.7/site-packages/airflow/example_dags/example_branch_labels.py
[2022-04-13 09:25:06,990] {processor.py:652} INFO - DAG(s) dict_keys(['example_branch_labels']) retrieved from /home/airflow/.local/lib/python3.7/site-packages/airflow/example_dags/example_branch_labels.py
[2022-04-13 09:25:07,017] {logging_mixin.py:109} INFO - [2022-04-13 09:25:07,017] {dag.py:2398} INFO - Sync 1 DAGs
[2022-04-13 09:25:07,042] {logging_mixin.py:109} INFO - [2022-04-13 09:25:07,042] {dag.py:2937} INFO - Setting next_dagrun for example_branch_labels to 2022-04-12 00:00:00+00:00
[2022-04-13 09:25:07,058] {processor.py:171} INFO - Processing /home/airflow/.local/lib/python3.7/site-packages/airflow/example_dags/example_branch_labels.py took 0.087 seconds
[2022-04-13 09:25:37,847] {processor.py:163} INFO - Started process (PID=2157) to work on /home/airflow/.local/lib/python3.7/site-packages/airflow/example_dags/example_branch_labels.py
[2022-04-13 09:25:37,849] {processor.py:642} INFO - Processing file /home/airflow/.local/lib/python3.7/site-packages/airflow/example_dags/example_branch_labels.py for tasks to queue
[2022-04-13 09:25:37,849] {logging_mixin.py:109} INFO - [2022-04-13 09:25:37,849] {dagbag.py:500} INFO - Filling up the DagBag from /home/airflow/.local/lib/python3.7/site-packages/airflow/example_dags/example_branch_labels.py
[2022-04-13 09:25:37,866] {processor.py:652} INFO - DAG(s) dict_keys(['example_branch_labels']) retrieved from /home/airflow/.local/lib/python3.7/site-packages/airflow/example_dags/example_branch_labels.py
[2022-04-13 09:25:37,890] {logging_mixin.py:109} INFO - [2022-04-13 09:25:37,890] {dag.py:2398} INFO - Sync 1 DAGs
[2022-04-13 09:25:37,913] {logging_mixin.py:109} INFO - [2022-04-13 09:25:37,913] {dag.py:2937} INFO - Setting next_dagrun for example_branch_labels to 2022-04-12 00:00:00+00:00
[2022-04-13 09:25:37,925] {processor.py:171} INFO - Processing /home/airflow/.local/lib/python3.7/site-packages/airflow/example_dags/example_branch_labels.py took 0.081 seconds
[2022-04-13 09:26:08,236] {processor.py:163} INFO - Started process (PID=2210) to work on /home/airflow/.local/lib/python3.7/site-packages/airflow/example_dags/example_branch_labels.py
[2022-04-13 09:26:08,238] {processor.py:642} INFO - Processing file /home/airflow/.local/lib/python3.7/site-packages/airflow/example_dags/example_branch_labels.py for tasks to queue
[2022-04-13 09:26:08,238] {logging_mixin.py:109} INFO - [2022-04-13 09:26:08,238] {dagbag.py:500} INFO - Filling up the DagBag from /home/airflow/.local/lib/python3.7/site-packages/airflow/example_dags/example_branch_labels.py
[2022-04-13 09:26:08,249] {processor.py:652} INFO - DAG(s) dict_keys(['example_branch_labels']) retrieved from /home/airflow/.local/lib/python3.7/site-packages/airflow/example_dags/example_branch_labels.py
[2022-04-13 09:26:08,268] {logging_mixin.py:109} INFO - [2022-04-13 09:26:08,268] {dag.py:2398} INFO - Sync 1 DAGs
[2022-04-13 09:26:08,287] {logging_mixin.py:109} INFO - [2022-04-13 09:26:08,286] {dag.py:2937} INFO - Setting next_dagrun for example_branch_labels to 2022-04-12 00:00:00+00:00
[2022-04-13 09:26:08,299] {processor.py:171} INFO - Processing /home/airflow/.local/lib/python3.7/site-packages/airflow/example_dags/example_branch_labels.py took 0.065 seconds
