[2022-04-13 08:46:23,637] {processor.py:163} INFO - Started process (PID=126) to work on /home/airflow/.local/lib/python3.7/site-packages/airflow/example_dags/example_task_group.py
[2022-04-13 08:46:23,638] {processor.py:642} INFO - Processing file /home/airflow/.local/lib/python3.7/site-packages/airflow/example_dags/example_task_group.py for tasks to queue
[2022-04-13 08:46:23,638] {logging_mixin.py:109} INFO - [2022-04-13 08:46:23,638] {dagbag.py:500} INFO - Filling up the DagBag from /home/airflow/.local/lib/python3.7/site-packages/airflow/example_dags/example_task_group.py
[2022-04-13 08:46:23,672] {processor.py:652} INFO - DAG(s) dict_keys(['example_task_group']) retrieved from /home/airflow/.local/lib/python3.7/site-packages/airflow/example_dags/example_task_group.py
[2022-04-13 08:46:26,153] {logging_mixin.py:109} INFO - [2022-04-13 08:46:26,153] {manager.py:496} INFO - Created Permission View: can read on DAG:example_task_group
[2022-04-13 08:46:26,169] {logging_mixin.py:109} INFO - [2022-04-13 08:46:26,169] {manager.py:496} INFO - Created Permission View: can edit on DAG:example_task_group
[2022-04-13 08:46:26,170] {logging_mixin.py:109} INFO - [2022-04-13 08:46:26,169] {dag.py:2398} INFO - Sync 1 DAGs
[2022-04-13 08:46:26,179] {logging_mixin.py:109} INFO - [2022-04-13 08:46:26,179] {dag.py:2417} INFO - Creating ORM DAG for example_task_group
[2022-04-13 08:46:26,189] {logging_mixin.py:109} INFO - [2022-04-13 08:46:26,189] {dag.py:2937} INFO - Setting next_dagrun for example_task_group to 2022-04-12T08:46:26.189088+00:00
[2022-04-13 08:46:26,207] {processor.py:171} INFO - Processing /home/airflow/.local/lib/python3.7/site-packages/airflow/example_dags/example_task_group.py took 2.573 seconds
[2022-04-13 08:46:56,369] {processor.py:163} INFO - Started process (PID=466) to work on /home/airflow/.local/lib/python3.7/site-packages/airflow/example_dags/example_task_group.py
[2022-04-13 08:46:56,371] {processor.py:642} INFO - Processing file /home/airflow/.local/lib/python3.7/site-packages/airflow/example_dags/example_task_group.py for tasks to queue
[2022-04-13 08:46:56,372] {logging_mixin.py:109} INFO - [2022-04-13 08:46:56,372] {dagbag.py:500} INFO - Filling up the DagBag from /home/airflow/.local/lib/python3.7/site-packages/airflow/example_dags/example_task_group.py
[2022-04-13 08:46:56,394] {processor.py:652} INFO - DAG(s) dict_keys(['example_task_group']) retrieved from /home/airflow/.local/lib/python3.7/site-packages/airflow/example_dags/example_task_group.py
[2022-04-13 08:46:56,417] {logging_mixin.py:109} INFO - [2022-04-13 08:46:56,417] {dag.py:2398} INFO - Sync 1 DAGs
[2022-04-13 08:46:56,435] {logging_mixin.py:109} INFO - [2022-04-13 08:46:56,435] {dag.py:2937} INFO - Setting next_dagrun for example_task_group to 2022-04-12T08:46:56.435593+00:00
[2022-04-13 08:46:56,448] {processor.py:171} INFO - Processing /home/airflow/.local/lib/python3.7/site-packages/airflow/example_dags/example_task_group.py took 0.081 seconds
[2022-04-13 08:47:26,911] {processor.py:163} INFO - Started process (PID=517) to work on /home/airflow/.local/lib/python3.7/site-packages/airflow/example_dags/example_task_group.py
[2022-04-13 08:47:26,912] {processor.py:642} INFO - Processing file /home/airflow/.local/lib/python3.7/site-packages/airflow/example_dags/example_task_group.py for tasks to queue
[2022-04-13 08:47:26,913] {logging_mixin.py:109} INFO - [2022-04-13 08:47:26,912] {dagbag.py:500} INFO - Filling up the DagBag from /home/airflow/.local/lib/python3.7/site-packages/airflow/example_dags/example_task_group.py
[2022-04-13 08:47:26,940] {processor.py:652} INFO - DAG(s) dict_keys(['example_task_group']) retrieved from /home/airflow/.local/lib/python3.7/site-packages/airflow/example_dags/example_task_group.py
[2022-04-13 08:47:26,968] {logging_mixin.py:109} INFO - [2022-04-13 08:47:26,968] {dag.py:2398} INFO - Sync 1 DAGs
[2022-04-13 08:47:26,990] {logging_mixin.py:109} INFO - [2022-04-13 08:47:26,990] {dag.py:2937} INFO - Setting next_dagrun for example_task_group to 2022-04-12T08:47:26.990049+00:00
[2022-04-13 08:47:27,006] {processor.py:171} INFO - Processing /home/airflow/.local/lib/python3.7/site-packages/airflow/example_dags/example_task_group.py took 0.099 seconds
[2022-04-13 08:47:57,066] {processor.py:163} INFO - Started process (PID=577) to work on /home/airflow/.local/lib/python3.7/site-packages/airflow/example_dags/example_task_group.py
[2022-04-13 08:47:57,075] {processor.py:642} INFO - Processing file /home/airflow/.local/lib/python3.7/site-packages/airflow/example_dags/example_task_group.py for tasks to queue
[2022-04-13 08:47:57,075] {logging_mixin.py:109} INFO - [2022-04-13 08:47:57,075] {dagbag.py:500} INFO - Filling up the DagBag from /home/airflow/.local/lib/python3.7/site-packages/airflow/example_dags/example_task_group.py
[2022-04-13 08:47:57,097] {processor.py:652} INFO - DAG(s) dict_keys(['example_task_group']) retrieved from /home/airflow/.local/lib/python3.7/site-packages/airflow/example_dags/example_task_group.py
[2022-04-13 08:47:57,128] {logging_mixin.py:109} INFO - [2022-04-13 08:47:57,128] {dag.py:2398} INFO - Sync 1 DAGs
[2022-04-13 08:47:57,154] {logging_mixin.py:109} INFO - [2022-04-13 08:47:57,154] {dag.py:2937} INFO - Setting next_dagrun for example_task_group to 2022-04-12T08:47:57.154558+00:00
[2022-04-13 08:47:57,172] {processor.py:171} INFO - Processing /home/airflow/.local/lib/python3.7/site-packages/airflow/example_dags/example_task_group.py took 0.110 seconds
[2022-04-13 08:48:27,541] {processor.py:163} INFO - Started process (PID=628) to work on /home/airflow/.local/lib/python3.7/site-packages/airflow/example_dags/example_task_group.py
[2022-04-13 08:48:27,542] {processor.py:642} INFO - Processing file /home/airflow/.local/lib/python3.7/site-packages/airflow/example_dags/example_task_group.py for tasks to queue
[2022-04-13 08:48:27,544] {logging_mixin.py:109} INFO - [2022-04-13 08:48:27,544] {dagbag.py:500} INFO - Filling up the DagBag from /home/airflow/.local/lib/python3.7/site-packages/airflow/example_dags/example_task_group.py
[2022-04-13 08:48:27,579] {processor.py:652} INFO - DAG(s) dict_keys(['example_task_group']) retrieved from /home/airflow/.local/lib/python3.7/site-packages/airflow/example_dags/example_task_group.py
[2022-04-13 08:48:27,615] {logging_mixin.py:109} INFO - [2022-04-13 08:48:27,615] {dag.py:2398} INFO - Sync 1 DAGs
[2022-04-13 08:48:27,643] {logging_mixin.py:109} INFO - [2022-04-13 08:48:27,643] {dag.py:2937} INFO - Setting next_dagrun for example_task_group to 2022-04-12T08:48:27.642859+00:00
[2022-04-13 08:48:27,658] {processor.py:171} INFO - Processing /home/airflow/.local/lib/python3.7/site-packages/airflow/example_dags/example_task_group.py took 0.121 seconds
[2022-04-13 08:52:08,675] {processor.py:163} INFO - Started process (PID=43) to work on /home/airflow/.local/lib/python3.7/site-packages/airflow/example_dags/example_task_group.py
[2022-04-13 08:52:08,681] {processor.py:642} INFO - Processing file /home/airflow/.local/lib/python3.7/site-packages/airflow/example_dags/example_task_group.py for tasks to queue
[2022-04-13 08:52:08,693] {logging_mixin.py:109} INFO - [2022-04-13 08:52:08,693] {dagbag.py:500} INFO - Filling up the DagBag from /home/airflow/.local/lib/python3.7/site-packages/airflow/example_dags/example_task_group.py
[2022-04-13 08:52:08,753] {processor.py:652} INFO - DAG(s) dict_keys(['example_task_group']) retrieved from /home/airflow/.local/lib/python3.7/site-packages/airflow/example_dags/example_task_group.py
[2022-04-13 08:52:08,829] {logging_mixin.py:109} INFO - [2022-04-13 08:52:08,829] {dag.py:2398} INFO - Sync 1 DAGs
[2022-04-13 08:52:08,861] {logging_mixin.py:109} INFO - [2022-04-13 08:52:08,861] {dag.py:2937} INFO - Setting next_dagrun for example_task_group to 2022-04-12T08:52:08.861101+00:00
[2022-04-13 08:52:08,892] {processor.py:171} INFO - Processing /home/airflow/.local/lib/python3.7/site-packages/airflow/example_dags/example_task_group.py took 0.234 seconds
[2022-04-13 08:54:26,542] {processor.py:163} INFO - Started process (PID=47) to work on /home/airflow/.local/lib/python3.7/site-packages/airflow/example_dags/example_task_group.py
[2022-04-13 08:54:26,544] {processor.py:642} INFO - Processing file /home/airflow/.local/lib/python3.7/site-packages/airflow/example_dags/example_task_group.py for tasks to queue
[2022-04-13 08:54:26,545] {logging_mixin.py:109} INFO - [2022-04-13 08:54:26,544] {dagbag.py:500} INFO - Filling up the DagBag from /home/airflow/.local/lib/python3.7/site-packages/airflow/example_dags/example_task_group.py
[2022-04-13 08:54:26,576] {processor.py:652} INFO - DAG(s) dict_keys(['example_task_group']) retrieved from /home/airflow/.local/lib/python3.7/site-packages/airflow/example_dags/example_task_group.py
[2022-04-13 08:54:26,601] {logging_mixin.py:109} INFO - [2022-04-13 08:54:26,601] {dag.py:2398} INFO - Sync 1 DAGs
[2022-04-13 08:54:26,617] {logging_mixin.py:109} INFO - [2022-04-13 08:54:26,617] {dag.py:2937} INFO - Setting next_dagrun for example_task_group to 2022-04-12T08:54:26.617168+00:00
[2022-04-13 08:54:26,630] {processor.py:171} INFO - Processing /home/airflow/.local/lib/python3.7/site-packages/airflow/example_dags/example_task_group.py took 0.092 seconds
[2022-04-13 08:54:57,338] {processor.py:163} INFO - Started process (PID=99) to work on /home/airflow/.local/lib/python3.7/site-packages/airflow/example_dags/example_task_group.py
[2022-04-13 08:54:57,340] {processor.py:642} INFO - Processing file /home/airflow/.local/lib/python3.7/site-packages/airflow/example_dags/example_task_group.py for tasks to queue
[2022-04-13 08:54:57,340] {logging_mixin.py:109} INFO - [2022-04-13 08:54:57,340] {dagbag.py:500} INFO - Filling up the DagBag from /home/airflow/.local/lib/python3.7/site-packages/airflow/example_dags/example_task_group.py
[2022-04-13 08:54:57,361] {processor.py:652} INFO - DAG(s) dict_keys(['example_task_group']) retrieved from /home/airflow/.local/lib/python3.7/site-packages/airflow/example_dags/example_task_group.py
[2022-04-13 08:54:57,381] {logging_mixin.py:109} INFO - [2022-04-13 08:54:57,381] {dag.py:2398} INFO - Sync 1 DAGs
[2022-04-13 08:54:57,398] {logging_mixin.py:109} INFO - [2022-04-13 08:54:57,397] {dag.py:2937} INFO - Setting next_dagrun for example_task_group to 2022-04-12T08:54:57.397786+00:00
[2022-04-13 08:54:57,408] {processor.py:171} INFO - Processing /home/airflow/.local/lib/python3.7/site-packages/airflow/example_dags/example_task_group.py took 0.072 seconds
[2022-04-13 08:55:28,534] {processor.py:163} INFO - Started process (PID=159) to work on /home/airflow/.local/lib/python3.7/site-packages/airflow/example_dags/example_task_group.py
[2022-04-13 08:55:28,535] {processor.py:642} INFO - Processing file /home/airflow/.local/lib/python3.7/site-packages/airflow/example_dags/example_task_group.py for tasks to queue
[2022-04-13 08:55:28,535] {logging_mixin.py:109} INFO - [2022-04-13 08:55:28,535] {dagbag.py:500} INFO - Filling up the DagBag from /home/airflow/.local/lib/python3.7/site-packages/airflow/example_dags/example_task_group.py
[2022-04-13 08:55:28,552] {processor.py:652} INFO - DAG(s) dict_keys(['example_task_group']) retrieved from /home/airflow/.local/lib/python3.7/site-packages/airflow/example_dags/example_task_group.py
[2022-04-13 08:55:28,573] {logging_mixin.py:109} INFO - [2022-04-13 08:55:28,573] {dag.py:2398} INFO - Sync 1 DAGs
[2022-04-13 08:55:28,590] {logging_mixin.py:109} INFO - [2022-04-13 08:55:28,590] {dag.py:2937} INFO - Setting next_dagrun for example_task_group to 2022-04-12T08:55:28.589952+00:00
[2022-04-13 08:55:28,603] {processor.py:171} INFO - Processing /home/airflow/.local/lib/python3.7/site-packages/airflow/example_dags/example_task_group.py took 0.071 seconds
[2022-04-13 08:55:59,888] {processor.py:163} INFO - Started process (PID=211) to work on /home/airflow/.local/lib/python3.7/site-packages/airflow/example_dags/example_task_group.py
[2022-04-13 08:55:59,890] {processor.py:642} INFO - Processing file /home/airflow/.local/lib/python3.7/site-packages/airflow/example_dags/example_task_group.py for tasks to queue
[2022-04-13 08:55:59,891] {logging_mixin.py:109} INFO - [2022-04-13 08:55:59,891] {dagbag.py:500} INFO - Filling up the DagBag from /home/airflow/.local/lib/python3.7/site-packages/airflow/example_dags/example_task_group.py
[2022-04-13 08:55:59,904] {processor.py:652} INFO - DAG(s) dict_keys(['example_task_group']) retrieved from /home/airflow/.local/lib/python3.7/site-packages/airflow/example_dags/example_task_group.py
[2022-04-13 08:55:59,923] {logging_mixin.py:109} INFO - [2022-04-13 08:55:59,923] {dag.py:2398} INFO - Sync 1 DAGs
[2022-04-13 08:55:59,939] {logging_mixin.py:109} INFO - [2022-04-13 08:55:59,939] {dag.py:2937} INFO - Setting next_dagrun for example_task_group to 2022-04-12T08:55:59.939010+00:00
[2022-04-13 08:55:59,951] {processor.py:171} INFO - Processing /home/airflow/.local/lib/python3.7/site-packages/airflow/example_dags/example_task_group.py took 0.065 seconds
[2022-04-13 08:56:30,254] {processor.py:163} INFO - Started process (PID=272) to work on /home/airflow/.local/lib/python3.7/site-packages/airflow/example_dags/example_task_group.py
[2022-04-13 08:56:30,254] {processor.py:642} INFO - Processing file /home/airflow/.local/lib/python3.7/site-packages/airflow/example_dags/example_task_group.py for tasks to queue
[2022-04-13 08:56:30,254] {logging_mixin.py:109} INFO - [2022-04-13 08:56:30,254] {dagbag.py:500} INFO - Filling up the DagBag from /home/airflow/.local/lib/python3.7/site-packages/airflow/example_dags/example_task_group.py
[2022-04-13 08:56:30,267] {processor.py:652} INFO - DAG(s) dict_keys(['example_task_group']) retrieved from /home/airflow/.local/lib/python3.7/site-packages/airflow/example_dags/example_task_group.py
[2022-04-13 08:56:30,284] {logging_mixin.py:109} INFO - [2022-04-13 08:56:30,284] {dag.py:2398} INFO - Sync 1 DAGs
[2022-04-13 08:56:30,299] {logging_mixin.py:109} INFO - [2022-04-13 08:56:30,299] {dag.py:2937} INFO - Setting next_dagrun for example_task_group to 2022-04-12T08:56:30.299146+00:00
[2022-04-13 08:56:30,311] {processor.py:171} INFO - Processing /home/airflow/.local/lib/python3.7/site-packages/airflow/example_dags/example_task_group.py took 0.059 seconds
[2022-04-13 08:57:00,592] {processor.py:163} INFO - Started process (PID=323) to work on /home/airflow/.local/lib/python3.7/site-packages/airflow/example_dags/example_task_group.py
[2022-04-13 08:57:00,594] {processor.py:642} INFO - Processing file /home/airflow/.local/lib/python3.7/site-packages/airflow/example_dags/example_task_group.py for tasks to queue
[2022-04-13 08:57:00,594] {logging_mixin.py:109} INFO - [2022-04-13 08:57:00,594] {dagbag.py:500} INFO - Filling up the DagBag from /home/airflow/.local/lib/python3.7/site-packages/airflow/example_dags/example_task_group.py
[2022-04-13 08:57:00,607] {processor.py:652} INFO - DAG(s) dict_keys(['example_task_group']) retrieved from /home/airflow/.local/lib/python3.7/site-packages/airflow/example_dags/example_task_group.py
[2022-04-13 08:57:00,624] {logging_mixin.py:109} INFO - [2022-04-13 08:57:00,624] {dag.py:2398} INFO - Sync 1 DAGs
[2022-04-13 08:57:00,639] {logging_mixin.py:109} INFO - [2022-04-13 08:57:00,639] {dag.py:2937} INFO - Setting next_dagrun for example_task_group to 2022-04-12T08:57:00.639626+00:00
[2022-04-13 08:57:00,650] {processor.py:171} INFO - Processing /home/airflow/.local/lib/python3.7/site-packages/airflow/example_dags/example_task_group.py took 0.060 seconds
[2022-04-13 08:57:30,925] {processor.py:163} INFO - Started process (PID=382) to work on /home/airflow/.local/lib/python3.7/site-packages/airflow/example_dags/example_task_group.py
[2022-04-13 08:57:30,926] {processor.py:642} INFO - Processing file /home/airflow/.local/lib/python3.7/site-packages/airflow/example_dags/example_task_group.py for tasks to queue
[2022-04-13 08:57:30,926] {logging_mixin.py:109} INFO - [2022-04-13 08:57:30,926] {dagbag.py:500} INFO - Filling up the DagBag from /home/airflow/.local/lib/python3.7/site-packages/airflow/example_dags/example_task_group.py
[2022-04-13 08:57:30,938] {processor.py:652} INFO - DAG(s) dict_keys(['example_task_group']) retrieved from /home/airflow/.local/lib/python3.7/site-packages/airflow/example_dags/example_task_group.py
[2022-04-13 08:57:30,955] {logging_mixin.py:109} INFO - [2022-04-13 08:57:30,955] {dag.py:2398} INFO - Sync 1 DAGs
[2022-04-13 08:57:30,971] {logging_mixin.py:109} INFO - [2022-04-13 08:57:30,971] {dag.py:2937} INFO - Setting next_dagrun for example_task_group to 2022-04-12T08:57:30.971143+00:00
[2022-04-13 08:57:30,985] {processor.py:171} INFO - Processing /home/airflow/.local/lib/python3.7/site-packages/airflow/example_dags/example_task_group.py took 0.061 seconds
[2022-04-13 08:58:02,060] {processor.py:163} INFO - Started process (PID=433) to work on /home/airflow/.local/lib/python3.7/site-packages/airflow/example_dags/example_task_group.py
[2022-04-13 08:58:02,062] {processor.py:642} INFO - Processing file /home/airflow/.local/lib/python3.7/site-packages/airflow/example_dags/example_task_group.py for tasks to queue
[2022-04-13 08:58:02,062] {logging_mixin.py:109} INFO - [2022-04-13 08:58:02,062] {dagbag.py:500} INFO - Filling up the DagBag from /home/airflow/.local/lib/python3.7/site-packages/airflow/example_dags/example_task_group.py
[2022-04-13 08:58:02,077] {processor.py:652} INFO - DAG(s) dict_keys(['example_task_group']) retrieved from /home/airflow/.local/lib/python3.7/site-packages/airflow/example_dags/example_task_group.py
[2022-04-13 08:58:02,164] {logging_mixin.py:109} INFO - [2022-04-13 08:58:02,164] {dag.py:2398} INFO - Sync 1 DAGs
[2022-04-13 08:58:02,181] {logging_mixin.py:109} INFO - [2022-04-13 08:58:02,181] {dag.py:2937} INFO - Setting next_dagrun for example_task_group to 2022-04-12T08:58:02.180884+00:00
[2022-04-13 08:58:02,196] {processor.py:171} INFO - Processing /home/airflow/.local/lib/python3.7/site-packages/airflow/example_dags/example_task_group.py took 0.140 seconds
[2022-04-13 08:58:33,295] {processor.py:163} INFO - Started process (PID=495) to work on /home/airflow/.local/lib/python3.7/site-packages/airflow/example_dags/example_task_group.py
[2022-04-13 08:58:33,296] {processor.py:642} INFO - Processing file /home/airflow/.local/lib/python3.7/site-packages/airflow/example_dags/example_task_group.py for tasks to queue
[2022-04-13 08:58:33,296] {logging_mixin.py:109} INFO - [2022-04-13 08:58:33,296] {dagbag.py:500} INFO - Filling up the DagBag from /home/airflow/.local/lib/python3.7/site-packages/airflow/example_dags/example_task_group.py
[2022-04-13 08:58:33,310] {processor.py:652} INFO - DAG(s) dict_keys(['example_task_group']) retrieved from /home/airflow/.local/lib/python3.7/site-packages/airflow/example_dags/example_task_group.py
[2022-04-13 08:58:33,337] {logging_mixin.py:109} INFO - [2022-04-13 08:58:33,337] {dag.py:2398} INFO - Sync 1 DAGs
[2022-04-13 08:58:33,362] {logging_mixin.py:109} INFO - [2022-04-13 08:58:33,362] {dag.py:2937} INFO - Setting next_dagrun for example_task_group to 2022-04-12T08:58:33.361865+00:00
[2022-04-13 08:58:33,385] {processor.py:171} INFO - Processing /home/airflow/.local/lib/python3.7/site-packages/airflow/example_dags/example_task_group.py took 0.093 seconds
[2022-04-13 08:59:04,056] {processor.py:163} INFO - Started process (PID=546) to work on /home/airflow/.local/lib/python3.7/site-packages/airflow/example_dags/example_task_group.py
[2022-04-13 08:59:04,058] {processor.py:642} INFO - Processing file /home/airflow/.local/lib/python3.7/site-packages/airflow/example_dags/example_task_group.py for tasks to queue
[2022-04-13 08:59:04,059] {logging_mixin.py:109} INFO - [2022-04-13 08:59:04,058] {dagbag.py:500} INFO - Filling up the DagBag from /home/airflow/.local/lib/python3.7/site-packages/airflow/example_dags/example_task_group.py
[2022-04-13 08:59:04,077] {processor.py:652} INFO - DAG(s) dict_keys(['example_task_group']) retrieved from /home/airflow/.local/lib/python3.7/site-packages/airflow/example_dags/example_task_group.py
[2022-04-13 08:59:04,108] {logging_mixin.py:109} INFO - [2022-04-13 08:59:04,108] {dag.py:2398} INFO - Sync 1 DAGs
[2022-04-13 08:59:04,134] {logging_mixin.py:109} INFO - [2022-04-13 08:59:04,133] {dag.py:2937} INFO - Setting next_dagrun for example_task_group to 2022-04-12T08:59:04.133554+00:00
[2022-04-13 08:59:04,153] {processor.py:171} INFO - Processing /home/airflow/.local/lib/python3.7/site-packages/airflow/example_dags/example_task_group.py took 0.100 seconds
[2022-04-13 08:59:34,908] {processor.py:163} INFO - Started process (PID=608) to work on /home/airflow/.local/lib/python3.7/site-packages/airflow/example_dags/example_task_group.py
[2022-04-13 08:59:34,909] {processor.py:642} INFO - Processing file /home/airflow/.local/lib/python3.7/site-packages/airflow/example_dags/example_task_group.py for tasks to queue
[2022-04-13 08:59:34,910] {logging_mixin.py:109} INFO - [2022-04-13 08:59:34,910] {dagbag.py:500} INFO - Filling up the DagBag from /home/airflow/.local/lib/python3.7/site-packages/airflow/example_dags/example_task_group.py
[2022-04-13 08:59:34,938] {processor.py:652} INFO - DAG(s) dict_keys(['example_task_group']) retrieved from /home/airflow/.local/lib/python3.7/site-packages/airflow/example_dags/example_task_group.py
[2022-04-13 08:59:34,968] {logging_mixin.py:109} INFO - [2022-04-13 08:59:34,968] {dag.py:2398} INFO - Sync 1 DAGs
[2022-04-13 08:59:34,992] {logging_mixin.py:109} INFO - [2022-04-13 08:59:34,992] {dag.py:2937} INFO - Setting next_dagrun for example_task_group to 2022-04-12T08:59:34.992518+00:00
[2022-04-13 08:59:35,010] {processor.py:171} INFO - Processing /home/airflow/.local/lib/python3.7/site-packages/airflow/example_dags/example_task_group.py took 0.106 seconds
[2022-04-13 09:00:05,255] {processor.py:163} INFO - Started process (PID=657) to work on /home/airflow/.local/lib/python3.7/site-packages/airflow/example_dags/example_task_group.py
[2022-04-13 09:00:05,257] {processor.py:642} INFO - Processing file /home/airflow/.local/lib/python3.7/site-packages/airflow/example_dags/example_task_group.py for tasks to queue
[2022-04-13 09:00:05,257] {logging_mixin.py:109} INFO - [2022-04-13 09:00:05,257] {dagbag.py:500} INFO - Filling up the DagBag from /home/airflow/.local/lib/python3.7/site-packages/airflow/example_dags/example_task_group.py
[2022-04-13 09:00:05,277] {processor.py:652} INFO - DAG(s) dict_keys(['example_task_group']) retrieved from /home/airflow/.local/lib/python3.7/site-packages/airflow/example_dags/example_task_group.py
[2022-04-13 09:00:05,305] {logging_mixin.py:109} INFO - [2022-04-13 09:00:05,305] {dag.py:2398} INFO - Sync 1 DAGs
[2022-04-13 09:00:05,324] {logging_mixin.py:109} INFO - [2022-04-13 09:00:05,323] {dag.py:2937} INFO - Setting next_dagrun for example_task_group to 2022-04-12T09:00:05.323623+00:00
[2022-04-13 09:00:05,343] {processor.py:171} INFO - Processing /home/airflow/.local/lib/python3.7/site-packages/airflow/example_dags/example_task_group.py took 0.091 seconds
[2022-04-13 09:00:35,769] {processor.py:163} INFO - Started process (PID=709) to work on /home/airflow/.local/lib/python3.7/site-packages/airflow/example_dags/example_task_group.py
[2022-04-13 09:00:35,770] {processor.py:642} INFO - Processing file /home/airflow/.local/lib/python3.7/site-packages/airflow/example_dags/example_task_group.py for tasks to queue
[2022-04-13 09:00:35,772] {logging_mixin.py:109} INFO - [2022-04-13 09:00:35,771] {dagbag.py:500} INFO - Filling up the DagBag from /home/airflow/.local/lib/python3.7/site-packages/airflow/example_dags/example_task_group.py
[2022-04-13 09:00:35,813] {processor.py:652} INFO - DAG(s) dict_keys(['example_task_group']) retrieved from /home/airflow/.local/lib/python3.7/site-packages/airflow/example_dags/example_task_group.py
[2022-04-13 09:00:35,849] {logging_mixin.py:109} INFO - [2022-04-13 09:00:35,848] {dag.py:2398} INFO - Sync 1 DAGs
[2022-04-13 09:00:35,884] {logging_mixin.py:109} INFO - [2022-04-13 09:00:35,883] {dag.py:2937} INFO - Setting next_dagrun for example_task_group to 2022-04-12T09:00:35.883516+00:00
[2022-04-13 09:00:35,899] {processor.py:171} INFO - Processing /home/airflow/.local/lib/python3.7/site-packages/airflow/example_dags/example_task_group.py took 0.135 seconds
[2022-04-13 09:01:06,351] {processor.py:163} INFO - Started process (PID=768) to work on /home/airflow/.local/lib/python3.7/site-packages/airflow/example_dags/example_task_group.py
[2022-04-13 09:01:06,361] {processor.py:642} INFO - Processing file /home/airflow/.local/lib/python3.7/site-packages/airflow/example_dags/example_task_group.py for tasks to queue
[2022-04-13 09:01:06,361] {logging_mixin.py:109} INFO - [2022-04-13 09:01:06,361] {dagbag.py:500} INFO - Filling up the DagBag from /home/airflow/.local/lib/python3.7/site-packages/airflow/example_dags/example_task_group.py
[2022-04-13 09:01:06,379] {processor.py:652} INFO - DAG(s) dict_keys(['example_task_group']) retrieved from /home/airflow/.local/lib/python3.7/site-packages/airflow/example_dags/example_task_group.py
[2022-04-13 09:01:06,439] {logging_mixin.py:109} INFO - [2022-04-13 09:01:06,439] {dag.py:2398} INFO - Sync 1 DAGs
[2022-04-13 09:01:06,465] {logging_mixin.py:109} INFO - [2022-04-13 09:01:06,465] {dag.py:2937} INFO - Setting next_dagrun for example_task_group to 2022-04-12T09:01:06.464962+00:00
[2022-04-13 09:01:06,489] {processor.py:171} INFO - Processing /home/airflow/.local/lib/python3.7/site-packages/airflow/example_dags/example_task_group.py took 0.141 seconds
[2022-04-13 09:01:36,801] {processor.py:163} INFO - Started process (PID=820) to work on /home/airflow/.local/lib/python3.7/site-packages/airflow/example_dags/example_task_group.py
[2022-04-13 09:01:36,803] {processor.py:642} INFO - Processing file /home/airflow/.local/lib/python3.7/site-packages/airflow/example_dags/example_task_group.py for tasks to queue
[2022-04-13 09:01:36,804] {logging_mixin.py:109} INFO - [2022-04-13 09:01:36,803] {dagbag.py:500} INFO - Filling up the DagBag from /home/airflow/.local/lib/python3.7/site-packages/airflow/example_dags/example_task_group.py
[2022-04-13 09:01:36,823] {processor.py:652} INFO - DAG(s) dict_keys(['example_task_group']) retrieved from /home/airflow/.local/lib/python3.7/site-packages/airflow/example_dags/example_task_group.py
[2022-04-13 09:01:36,855] {logging_mixin.py:109} INFO - [2022-04-13 09:01:36,855] {dag.py:2398} INFO - Sync 1 DAGs
[2022-04-13 09:01:36,883] {logging_mixin.py:109} INFO - [2022-04-13 09:01:36,883] {dag.py:2937} INFO - Setting next_dagrun for example_task_group to 2022-04-12T09:01:36.882877+00:00
[2022-04-13 09:01:36,903] {processor.py:171} INFO - Processing /home/airflow/.local/lib/python3.7/site-packages/airflow/example_dags/example_task_group.py took 0.107 seconds
[2022-04-13 09:02:07,307] {processor.py:163} INFO - Started process (PID=871) to work on /home/airflow/.local/lib/python3.7/site-packages/airflow/example_dags/example_task_group.py
[2022-04-13 09:02:07,316] {processor.py:642} INFO - Processing file /home/airflow/.local/lib/python3.7/site-packages/airflow/example_dags/example_task_group.py for tasks to queue
[2022-04-13 09:02:07,317] {logging_mixin.py:109} INFO - [2022-04-13 09:02:07,317] {dagbag.py:500} INFO - Filling up the DagBag from /home/airflow/.local/lib/python3.7/site-packages/airflow/example_dags/example_task_group.py
[2022-04-13 09:02:07,343] {processor.py:652} INFO - DAG(s) dict_keys(['example_task_group']) retrieved from /home/airflow/.local/lib/python3.7/site-packages/airflow/example_dags/example_task_group.py
[2022-04-13 09:02:07,376] {logging_mixin.py:109} INFO - [2022-04-13 09:02:07,375] {dag.py:2398} INFO - Sync 1 DAGs
[2022-04-13 09:02:07,399] {logging_mixin.py:109} INFO - [2022-04-13 09:02:07,398] {dag.py:2937} INFO - Setting next_dagrun for example_task_group to 2022-04-12T09:02:07.398597+00:00
[2022-04-13 09:02:07,418] {processor.py:171} INFO - Processing /home/airflow/.local/lib/python3.7/site-packages/airflow/example_dags/example_task_group.py took 0.115 seconds
[2022-04-13 09:02:37,590] {processor.py:163} INFO - Started process (PID=933) to work on /home/airflow/.local/lib/python3.7/site-packages/airflow/example_dags/example_task_group.py
[2022-04-13 09:02:37,601] {processor.py:642} INFO - Processing file /home/airflow/.local/lib/python3.7/site-packages/airflow/example_dags/example_task_group.py for tasks to queue
[2022-04-13 09:02:37,602] {logging_mixin.py:109} INFO - [2022-04-13 09:02:37,602] {dagbag.py:500} INFO - Filling up the DagBag from /home/airflow/.local/lib/python3.7/site-packages/airflow/example_dags/example_task_group.py
[2022-04-13 09:02:37,639] {processor.py:652} INFO - DAG(s) dict_keys(['example_task_group']) retrieved from /home/airflow/.local/lib/python3.7/site-packages/airflow/example_dags/example_task_group.py
[2022-04-13 09:02:37,690] {logging_mixin.py:109} INFO - [2022-04-13 09:02:37,690] {dag.py:2398} INFO - Sync 1 DAGs
[2022-04-13 09:02:37,722] {logging_mixin.py:109} INFO - [2022-04-13 09:02:37,722] {dag.py:2937} INFO - Setting next_dagrun for example_task_group to 2022-04-12T09:02:37.721333+00:00
[2022-04-13 09:02:37,751] {processor.py:171} INFO - Processing /home/airflow/.local/lib/python3.7/site-packages/airflow/example_dags/example_task_group.py took 0.167 seconds
[2022-04-13 09:03:07,935] {processor.py:163} INFO - Started process (PID=983) to work on /home/airflow/.local/lib/python3.7/site-packages/airflow/example_dags/example_task_group.py
[2022-04-13 09:03:07,945] {processor.py:642} INFO - Processing file /home/airflow/.local/lib/python3.7/site-packages/airflow/example_dags/example_task_group.py for tasks to queue
[2022-04-13 09:03:07,946] {logging_mixin.py:109} INFO - [2022-04-13 09:03:07,946] {dagbag.py:500} INFO - Filling up the DagBag from /home/airflow/.local/lib/python3.7/site-packages/airflow/example_dags/example_task_group.py
[2022-04-13 09:03:07,963] {processor.py:652} INFO - DAG(s) dict_keys(['example_task_group']) retrieved from /home/airflow/.local/lib/python3.7/site-packages/airflow/example_dags/example_task_group.py
[2022-04-13 09:03:07,998] {logging_mixin.py:109} INFO - [2022-04-13 09:03:07,997] {dag.py:2398} INFO - Sync 1 DAGs
[2022-04-13 09:03:08,022] {logging_mixin.py:109} INFO - [2022-04-13 09:03:08,022] {dag.py:2937} INFO - Setting next_dagrun for example_task_group to 2022-04-12T09:03:08.021775+00:00
[2022-04-13 09:03:08,047] {processor.py:171} INFO - Processing /home/airflow/.local/lib/python3.7/site-packages/airflow/example_dags/example_task_group.py took 0.117 seconds
[2022-04-13 09:05:51,268] {processor.py:163} INFO - Started process (PID=45) to work on /home/airflow/.local/lib/python3.7/site-packages/airflow/example_dags/example_task_group.py
[2022-04-13 09:05:51,270] {processor.py:642} INFO - Processing file /home/airflow/.local/lib/python3.7/site-packages/airflow/example_dags/example_task_group.py for tasks to queue
[2022-04-13 09:05:51,271] {logging_mixin.py:109} INFO - [2022-04-13 09:05:51,271] {dagbag.py:500} INFO - Filling up the DagBag from /home/airflow/.local/lib/python3.7/site-packages/airflow/example_dags/example_task_group.py
[2022-04-13 09:05:51,286] {processor.py:652} INFO - DAG(s) dict_keys(['example_task_group']) retrieved from /home/airflow/.local/lib/python3.7/site-packages/airflow/example_dags/example_task_group.py
[2022-04-13 09:05:51,312] {logging_mixin.py:109} INFO - [2022-04-13 09:05:51,312] {dag.py:2398} INFO - Sync 1 DAGs
[2022-04-13 09:05:51,335] {logging_mixin.py:109} INFO - [2022-04-13 09:05:51,335] {dag.py:2937} INFO - Setting next_dagrun for example_task_group to 2022-04-12T09:05:51.334796+00:00
[2022-04-13 09:05:51,349] {processor.py:171} INFO - Processing /home/airflow/.local/lib/python3.7/site-packages/airflow/example_dags/example_task_group.py took 0.084 seconds
[2022-04-13 09:06:22,217] {processor.py:163} INFO - Started process (PID=96) to work on /home/airflow/.local/lib/python3.7/site-packages/airflow/example_dags/example_task_group.py
[2022-04-13 09:06:22,217] {processor.py:642} INFO - Processing file /home/airflow/.local/lib/python3.7/site-packages/airflow/example_dags/example_task_group.py for tasks to queue
[2022-04-13 09:06:22,218] {logging_mixin.py:109} INFO - [2022-04-13 09:06:22,218] {dagbag.py:500} INFO - Filling up the DagBag from /home/airflow/.local/lib/python3.7/site-packages/airflow/example_dags/example_task_group.py
[2022-04-13 09:06:22,236] {processor.py:652} INFO - DAG(s) dict_keys(['example_task_group']) retrieved from /home/airflow/.local/lib/python3.7/site-packages/airflow/example_dags/example_task_group.py
[2022-04-13 09:06:22,255] {logging_mixin.py:109} INFO - [2022-04-13 09:06:22,255] {dag.py:2398} INFO - Sync 1 DAGs
[2022-04-13 09:06:22,270] {logging_mixin.py:109} INFO - [2022-04-13 09:06:22,269] {dag.py:2937} INFO - Setting next_dagrun for example_task_group to 2022-04-12T09:06:22.269647+00:00
[2022-04-13 09:06:22,282] {processor.py:171} INFO - Processing /home/airflow/.local/lib/python3.7/site-packages/airflow/example_dags/example_task_group.py took 0.069 seconds
[2022-04-13 09:06:52,829] {processor.py:163} INFO - Started process (PID=157) to work on /home/airflow/.local/lib/python3.7/site-packages/airflow/example_dags/example_task_group.py
[2022-04-13 09:06:52,830] {processor.py:642} INFO - Processing file /home/airflow/.local/lib/python3.7/site-packages/airflow/example_dags/example_task_group.py for tasks to queue
[2022-04-13 09:06:52,831] {logging_mixin.py:109} INFO - [2022-04-13 09:06:52,831] {dagbag.py:500} INFO - Filling up the DagBag from /home/airflow/.local/lib/python3.7/site-packages/airflow/example_dags/example_task_group.py
[2022-04-13 09:06:52,848] {processor.py:652} INFO - DAG(s) dict_keys(['example_task_group']) retrieved from /home/airflow/.local/lib/python3.7/site-packages/airflow/example_dags/example_task_group.py
[2022-04-13 09:06:52,873] {logging_mixin.py:109} INFO - [2022-04-13 09:06:52,873] {dag.py:2398} INFO - Sync 1 DAGs
[2022-04-13 09:06:52,893] {logging_mixin.py:109} INFO - [2022-04-13 09:06:52,893] {dag.py:2937} INFO - Setting next_dagrun for example_task_group to 2022-04-12T09:06:52.893167+00:00
[2022-04-13 09:06:52,906] {processor.py:171} INFO - Processing /home/airflow/.local/lib/python3.7/site-packages/airflow/example_dags/example_task_group.py took 0.079 seconds
[2022-04-13 09:07:23,256] {processor.py:163} INFO - Started process (PID=208) to work on /home/airflow/.local/lib/python3.7/site-packages/airflow/example_dags/example_task_group.py
[2022-04-13 09:07:23,257] {processor.py:642} INFO - Processing file /home/airflow/.local/lib/python3.7/site-packages/airflow/example_dags/example_task_group.py for tasks to queue
[2022-04-13 09:07:23,257] {logging_mixin.py:109} INFO - [2022-04-13 09:07:23,257] {dagbag.py:500} INFO - Filling up the DagBag from /home/airflow/.local/lib/python3.7/site-packages/airflow/example_dags/example_task_group.py
[2022-04-13 09:07:23,275] {processor.py:652} INFO - DAG(s) dict_keys(['example_task_group']) retrieved from /home/airflow/.local/lib/python3.7/site-packages/airflow/example_dags/example_task_group.py
[2022-04-13 09:07:23,297] {logging_mixin.py:109} INFO - [2022-04-13 09:07:23,297] {dag.py:2398} INFO - Sync 1 DAGs
[2022-04-13 09:07:23,316] {logging_mixin.py:109} INFO - [2022-04-13 09:07:23,316] {dag.py:2937} INFO - Setting next_dagrun for example_task_group to 2022-04-12T09:07:23.314909+00:00
[2022-04-13 09:07:23,336] {processor.py:171} INFO - Processing /home/airflow/.local/lib/python3.7/site-packages/airflow/example_dags/example_task_group.py took 0.082 seconds
[2022-04-13 09:07:53,961] {processor.py:163} INFO - Started process (PID=259) to work on /home/airflow/.local/lib/python3.7/site-packages/airflow/example_dags/example_task_group.py
[2022-04-13 09:07:53,963] {processor.py:642} INFO - Processing file /home/airflow/.local/lib/python3.7/site-packages/airflow/example_dags/example_task_group.py for tasks to queue
[2022-04-13 09:07:53,963] {logging_mixin.py:109} INFO - [2022-04-13 09:07:53,963] {dagbag.py:500} INFO - Filling up the DagBag from /home/airflow/.local/lib/python3.7/site-packages/airflow/example_dags/example_task_group.py
[2022-04-13 09:07:53,978] {processor.py:652} INFO - DAG(s) dict_keys(['example_task_group']) retrieved from /home/airflow/.local/lib/python3.7/site-packages/airflow/example_dags/example_task_group.py
[2022-04-13 09:07:53,998] {logging_mixin.py:109} INFO - [2022-04-13 09:07:53,998] {dag.py:2398} INFO - Sync 1 DAGs
[2022-04-13 09:07:54,012] {logging_mixin.py:109} INFO - [2022-04-13 09:07:54,012] {dag.py:2937} INFO - Setting next_dagrun for example_task_group to 2022-04-12T09:07:54.012397+00:00
[2022-04-13 09:07:54,023] {processor.py:171} INFO - Processing /home/airflow/.local/lib/python3.7/site-packages/airflow/example_dags/example_task_group.py took 0.063 seconds
[2022-04-13 09:08:25,322] {processor.py:163} INFO - Started process (PID=320) to work on /home/airflow/.local/lib/python3.7/site-packages/airflow/example_dags/example_task_group.py
[2022-04-13 09:08:25,323] {processor.py:642} INFO - Processing file /home/airflow/.local/lib/python3.7/site-packages/airflow/example_dags/example_task_group.py for tasks to queue
[2022-04-13 09:08:25,323] {logging_mixin.py:109} INFO - [2022-04-13 09:08:25,323] {dagbag.py:500} INFO - Filling up the DagBag from /home/airflow/.local/lib/python3.7/site-packages/airflow/example_dags/example_task_group.py
[2022-04-13 09:08:25,347] {processor.py:652} INFO - DAG(s) dict_keys(['example_task_group']) retrieved from /home/airflow/.local/lib/python3.7/site-packages/airflow/example_dags/example_task_group.py
[2022-04-13 09:08:25,374] {logging_mixin.py:109} INFO - [2022-04-13 09:08:25,374] {dag.py:2398} INFO - Sync 1 DAGs
[2022-04-13 09:08:25,398] {logging_mixin.py:109} INFO - [2022-04-13 09:08:25,398] {dag.py:2937} INFO - Setting next_dagrun for example_task_group to 2022-04-12T09:08:25.397875+00:00
[2022-04-13 09:08:25,412] {processor.py:171} INFO - Processing /home/airflow/.local/lib/python3.7/site-packages/airflow/example_dags/example_task_group.py took 0.093 seconds
[2022-04-13 09:08:56,102] {processor.py:163} INFO - Started process (PID=372) to work on /home/airflow/.local/lib/python3.7/site-packages/airflow/example_dags/example_task_group.py
[2022-04-13 09:08:56,103] {processor.py:642} INFO - Processing file /home/airflow/.local/lib/python3.7/site-packages/airflow/example_dags/example_task_group.py for tasks to queue
[2022-04-13 09:08:56,103] {logging_mixin.py:109} INFO - [2022-04-13 09:08:56,103] {dagbag.py:500} INFO - Filling up the DagBag from /home/airflow/.local/lib/python3.7/site-packages/airflow/example_dags/example_task_group.py
[2022-04-13 09:08:56,122] {processor.py:652} INFO - DAG(s) dict_keys(['example_task_group']) retrieved from /home/airflow/.local/lib/python3.7/site-packages/airflow/example_dags/example_task_group.py
[2022-04-13 09:08:56,150] {logging_mixin.py:109} INFO - [2022-04-13 09:08:56,149] {dag.py:2398} INFO - Sync 1 DAGs
[2022-04-13 09:08:56,175] {logging_mixin.py:109} INFO - [2022-04-13 09:08:56,175] {dag.py:2937} INFO - Setting next_dagrun for example_task_group to 2022-04-12T09:08:56.175466+00:00
[2022-04-13 09:08:56,193] {processor.py:171} INFO - Processing /home/airflow/.local/lib/python3.7/site-packages/airflow/example_dags/example_task_group.py took 0.093 seconds
[2022-04-13 09:09:27,796] {processor.py:163} INFO - Started process (PID=433) to work on /home/airflow/.local/lib/python3.7/site-packages/airflow/example_dags/example_task_group.py
[2022-04-13 09:09:27,797] {processor.py:642} INFO - Processing file /home/airflow/.local/lib/python3.7/site-packages/airflow/example_dags/example_task_group.py for tasks to queue
[2022-04-13 09:09:27,797] {logging_mixin.py:109} INFO - [2022-04-13 09:09:27,797] {dagbag.py:500} INFO - Filling up the DagBag from /home/airflow/.local/lib/python3.7/site-packages/airflow/example_dags/example_task_group.py
[2022-04-13 09:09:27,823] {processor.py:652} INFO - DAG(s) dict_keys(['example_task_group']) retrieved from /home/airflow/.local/lib/python3.7/site-packages/airflow/example_dags/example_task_group.py
[2022-04-13 09:09:27,857] {logging_mixin.py:109} INFO - [2022-04-13 09:09:27,857] {dag.py:2398} INFO - Sync 1 DAGs
[2022-04-13 09:09:27,879] {logging_mixin.py:109} INFO - [2022-04-13 09:09:27,879] {dag.py:2937} INFO - Setting next_dagrun for example_task_group to 2022-04-12T09:09:27.878872+00:00
[2022-04-13 09:09:27,890] {processor.py:171} INFO - Processing /home/airflow/.local/lib/python3.7/site-packages/airflow/example_dags/example_task_group.py took 0.096 seconds
[2022-04-13 09:09:58,762] {processor.py:163} INFO - Started process (PID=484) to work on /home/airflow/.local/lib/python3.7/site-packages/airflow/example_dags/example_task_group.py
[2022-04-13 09:09:58,766] {processor.py:642} INFO - Processing file /home/airflow/.local/lib/python3.7/site-packages/airflow/example_dags/example_task_group.py for tasks to queue
[2022-04-13 09:09:58,768] {logging_mixin.py:109} INFO - [2022-04-13 09:09:58,768] {dagbag.py:500} INFO - Filling up the DagBag from /home/airflow/.local/lib/python3.7/site-packages/airflow/example_dags/example_task_group.py
[2022-04-13 09:09:58,791] {processor.py:652} INFO - DAG(s) dict_keys(['example_task_group']) retrieved from /home/airflow/.local/lib/python3.7/site-packages/airflow/example_dags/example_task_group.py
[2022-04-13 09:09:58,820] {logging_mixin.py:109} INFO - [2022-04-13 09:09:58,820] {dag.py:2398} INFO - Sync 1 DAGs
[2022-04-13 09:09:58,855] {logging_mixin.py:109} INFO - [2022-04-13 09:09:58,854] {dag.py:2937} INFO - Setting next_dagrun for example_task_group to 2022-04-12T09:09:58.854351+00:00
[2022-04-13 09:09:58,872] {processor.py:171} INFO - Processing /home/airflow/.local/lib/python3.7/site-packages/airflow/example_dags/example_task_group.py took 0.116 seconds
[2022-04-13 09:10:30,094] {processor.py:163} INFO - Started process (PID=544) to work on /home/airflow/.local/lib/python3.7/site-packages/airflow/example_dags/example_task_group.py
[2022-04-13 09:10:30,104] {processor.py:642} INFO - Processing file /home/airflow/.local/lib/python3.7/site-packages/airflow/example_dags/example_task_group.py for tasks to queue
[2022-04-13 09:10:30,108] {logging_mixin.py:109} INFO - [2022-04-13 09:10:30,107] {dagbag.py:500} INFO - Filling up the DagBag from /home/airflow/.local/lib/python3.7/site-packages/airflow/example_dags/example_task_group.py
[2022-04-13 09:10:30,139] {processor.py:652} INFO - DAG(s) dict_keys(['example_task_group']) retrieved from /home/airflow/.local/lib/python3.7/site-packages/airflow/example_dags/example_task_group.py
[2022-04-13 09:10:30,170] {logging_mixin.py:109} INFO - [2022-04-13 09:10:30,169] {dag.py:2398} INFO - Sync 1 DAGs
[2022-04-13 09:10:30,193] {logging_mixin.py:109} INFO - [2022-04-13 09:10:30,193] {dag.py:2937} INFO - Setting next_dagrun for example_task_group to 2022-04-12T09:10:30.193162+00:00
[2022-04-13 09:10:30,209] {processor.py:171} INFO - Processing /home/airflow/.local/lib/python3.7/site-packages/airflow/example_dags/example_task_group.py took 0.117 seconds
[2022-04-13 09:11:01,293] {processor.py:163} INFO - Started process (PID=595) to work on /home/airflow/.local/lib/python3.7/site-packages/airflow/example_dags/example_task_group.py
[2022-04-13 09:11:01,295] {processor.py:642} INFO - Processing file /home/airflow/.local/lib/python3.7/site-packages/airflow/example_dags/example_task_group.py for tasks to queue
[2022-04-13 09:11:01,295] {logging_mixin.py:109} INFO - [2022-04-13 09:11:01,295] {dagbag.py:500} INFO - Filling up the DagBag from /home/airflow/.local/lib/python3.7/site-packages/airflow/example_dags/example_task_group.py
[2022-04-13 09:11:01,316] {processor.py:652} INFO - DAG(s) dict_keys(['example_task_group']) retrieved from /home/airflow/.local/lib/python3.7/site-packages/airflow/example_dags/example_task_group.py
[2022-04-13 09:11:01,342] {logging_mixin.py:109} INFO - [2022-04-13 09:11:01,342] {dag.py:2398} INFO - Sync 1 DAGs
[2022-04-13 09:11:01,360] {logging_mixin.py:109} INFO - [2022-04-13 09:11:01,359] {dag.py:2937} INFO - Setting next_dagrun for example_task_group to 2022-04-12T09:11:01.359742+00:00
[2022-04-13 09:11:01,372] {processor.py:171} INFO - Processing /home/airflow/.local/lib/python3.7/site-packages/airflow/example_dags/example_task_group.py took 0.087 seconds
[2022-04-13 09:11:31,993] {processor.py:163} INFO - Started process (PID=645) to work on /home/airflow/.local/lib/python3.7/site-packages/airflow/example_dags/example_task_group.py
[2022-04-13 09:11:31,995] {processor.py:642} INFO - Processing file /home/airflow/.local/lib/python3.7/site-packages/airflow/example_dags/example_task_group.py for tasks to queue
[2022-04-13 09:11:31,995] {logging_mixin.py:109} INFO - [2022-04-13 09:11:31,995] {dagbag.py:500} INFO - Filling up the DagBag from /home/airflow/.local/lib/python3.7/site-packages/airflow/example_dags/example_task_group.py
[2022-04-13 09:11:32,012] {processor.py:652} INFO - DAG(s) dict_keys(['example_task_group']) retrieved from /home/airflow/.local/lib/python3.7/site-packages/airflow/example_dags/example_task_group.py
[2022-04-13 09:11:32,038] {logging_mixin.py:109} INFO - [2022-04-13 09:11:32,038] {dag.py:2398} INFO - Sync 1 DAGs
[2022-04-13 09:11:32,059] {logging_mixin.py:109} INFO - [2022-04-13 09:11:32,059] {dag.py:2937} INFO - Setting next_dagrun for example_task_group to 2022-04-12T09:11:32.059414+00:00
[2022-04-13 09:11:32,073] {processor.py:171} INFO - Processing /home/airflow/.local/lib/python3.7/site-packages/airflow/example_dags/example_task_group.py took 0.084 seconds
[2022-04-13 09:12:03,267] {processor.py:163} INFO - Started process (PID=706) to work on /home/airflow/.local/lib/python3.7/site-packages/airflow/example_dags/example_task_group.py
[2022-04-13 09:12:03,269] {processor.py:642} INFO - Processing file /home/airflow/.local/lib/python3.7/site-packages/airflow/example_dags/example_task_group.py for tasks to queue
[2022-04-13 09:12:03,270] {logging_mixin.py:109} INFO - [2022-04-13 09:12:03,270] {dagbag.py:500} INFO - Filling up the DagBag from /home/airflow/.local/lib/python3.7/site-packages/airflow/example_dags/example_task_group.py
[2022-04-13 09:12:03,284] {processor.py:652} INFO - DAG(s) dict_keys(['example_task_group']) retrieved from /home/airflow/.local/lib/python3.7/site-packages/airflow/example_dags/example_task_group.py
[2022-04-13 09:12:03,312] {logging_mixin.py:109} INFO - [2022-04-13 09:12:03,312] {dag.py:2398} INFO - Sync 1 DAGs
[2022-04-13 09:12:03,334] {logging_mixin.py:109} INFO - [2022-04-13 09:12:03,333] {dag.py:2937} INFO - Setting next_dagrun for example_task_group to 2022-04-12T09:12:03.333682+00:00
[2022-04-13 09:12:03,349] {processor.py:171} INFO - Processing /home/airflow/.local/lib/python3.7/site-packages/airflow/example_dags/example_task_group.py took 0.084 seconds
[2022-04-13 09:12:34,587] {processor.py:163} INFO - Started process (PID=758) to work on /home/airflow/.local/lib/python3.7/site-packages/airflow/example_dags/example_task_group.py
[2022-04-13 09:12:34,589] {processor.py:642} INFO - Processing file /home/airflow/.local/lib/python3.7/site-packages/airflow/example_dags/example_task_group.py for tasks to queue
[2022-04-13 09:12:34,590] {logging_mixin.py:109} INFO - [2022-04-13 09:12:34,590] {dagbag.py:500} INFO - Filling up the DagBag from /home/airflow/.local/lib/python3.7/site-packages/airflow/example_dags/example_task_group.py
[2022-04-13 09:12:34,609] {processor.py:652} INFO - DAG(s) dict_keys(['example_task_group']) retrieved from /home/airflow/.local/lib/python3.7/site-packages/airflow/example_dags/example_task_group.py
[2022-04-13 09:12:34,637] {logging_mixin.py:109} INFO - [2022-04-13 09:12:34,637] {dag.py:2398} INFO - Sync 1 DAGs
[2022-04-13 09:12:34,662] {logging_mixin.py:109} INFO - [2022-04-13 09:12:34,661] {dag.py:2937} INFO - Setting next_dagrun for example_task_group to 2022-04-12T09:12:34.661506+00:00
[2022-04-13 09:12:34,680] {processor.py:171} INFO - Processing /home/airflow/.local/lib/python3.7/site-packages/airflow/example_dags/example_task_group.py took 0.095 seconds
[2022-04-13 09:13:05,799] {processor.py:163} INFO - Started process (PID=808) to work on /home/airflow/.local/lib/python3.7/site-packages/airflow/example_dags/example_task_group.py
[2022-04-13 09:13:05,802] {processor.py:642} INFO - Processing file /home/airflow/.local/lib/python3.7/site-packages/airflow/example_dags/example_task_group.py for tasks to queue
[2022-04-13 09:13:05,802] {logging_mixin.py:109} INFO - [2022-04-13 09:13:05,802] {dagbag.py:500} INFO - Filling up the DagBag from /home/airflow/.local/lib/python3.7/site-packages/airflow/example_dags/example_task_group.py
[2022-04-13 09:13:05,824] {processor.py:652} INFO - DAG(s) dict_keys(['example_task_group']) retrieved from /home/airflow/.local/lib/python3.7/site-packages/airflow/example_dags/example_task_group.py
[2022-04-13 09:13:05,857] {logging_mixin.py:109} INFO - [2022-04-13 09:13:05,857] {dag.py:2398} INFO - Sync 1 DAGs
[2022-04-13 09:13:05,882] {logging_mixin.py:109} INFO - [2022-04-13 09:13:05,882] {dag.py:2937} INFO - Setting next_dagrun for example_task_group to 2022-04-12T09:13:05.881644+00:00
[2022-04-13 09:13:05,901] {processor.py:171} INFO - Processing /home/airflow/.local/lib/python3.7/site-packages/airflow/example_dags/example_task_group.py took 0.106 seconds
[2022-04-13 09:13:37,117] {processor.py:163} INFO - Started process (PID=869) to work on /home/airflow/.local/lib/python3.7/site-packages/airflow/example_dags/example_task_group.py
[2022-04-13 09:13:37,120] {processor.py:642} INFO - Processing file /home/airflow/.local/lib/python3.7/site-packages/airflow/example_dags/example_task_group.py for tasks to queue
[2022-04-13 09:13:37,121] {logging_mixin.py:109} INFO - [2022-04-13 09:13:37,121] {dagbag.py:500} INFO - Filling up the DagBag from /home/airflow/.local/lib/python3.7/site-packages/airflow/example_dags/example_task_group.py
[2022-04-13 09:13:37,144] {processor.py:652} INFO - DAG(s) dict_keys(['example_task_group']) retrieved from /home/airflow/.local/lib/python3.7/site-packages/airflow/example_dags/example_task_group.py
[2022-04-13 09:13:37,169] {logging_mixin.py:109} INFO - [2022-04-13 09:13:37,169] {dag.py:2398} INFO - Sync 1 DAGs
[2022-04-13 09:13:37,190] {logging_mixin.py:109} INFO - [2022-04-13 09:13:37,189] {dag.py:2937} INFO - Setting next_dagrun for example_task_group to 2022-04-12T09:13:37.189719+00:00
[2022-04-13 09:13:37,202] {processor.py:171} INFO - Processing /home/airflow/.local/lib/python3.7/site-packages/airflow/example_dags/example_task_group.py took 0.089 seconds
[2022-04-13 09:14:07,943] {processor.py:163} INFO - Started process (PID=920) to work on /home/airflow/.local/lib/python3.7/site-packages/airflow/example_dags/example_task_group.py
[2022-04-13 09:14:07,944] {processor.py:642} INFO - Processing file /home/airflow/.local/lib/python3.7/site-packages/airflow/example_dags/example_task_group.py for tasks to queue
[2022-04-13 09:14:07,946] {logging_mixin.py:109} INFO - [2022-04-13 09:14:07,945] {dagbag.py:500} INFO - Filling up the DagBag from /home/airflow/.local/lib/python3.7/site-packages/airflow/example_dags/example_task_group.py
[2022-04-13 09:14:07,968] {processor.py:652} INFO - DAG(s) dict_keys(['example_task_group']) retrieved from /home/airflow/.local/lib/python3.7/site-packages/airflow/example_dags/example_task_group.py
[2022-04-13 09:14:07,996] {logging_mixin.py:109} INFO - [2022-04-13 09:14:07,996] {dag.py:2398} INFO - Sync 1 DAGs
[2022-04-13 09:14:08,020] {logging_mixin.py:109} INFO - [2022-04-13 09:14:08,020] {dag.py:2937} INFO - Setting next_dagrun for example_task_group to 2022-04-12T09:14:08.020006+00:00
[2022-04-13 09:14:08,039] {processor.py:171} INFO - Processing /home/airflow/.local/lib/python3.7/site-packages/airflow/example_dags/example_task_group.py took 0.106 seconds
[2022-04-13 09:14:39,100] {processor.py:163} INFO - Started process (PID=978) to work on /home/airflow/.local/lib/python3.7/site-packages/airflow/example_dags/example_task_group.py
[2022-04-13 09:14:39,101] {processor.py:642} INFO - Processing file /home/airflow/.local/lib/python3.7/site-packages/airflow/example_dags/example_task_group.py for tasks to queue
[2022-04-13 09:14:39,102] {logging_mixin.py:109} INFO - [2022-04-13 09:14:39,102] {dagbag.py:500} INFO - Filling up the DagBag from /home/airflow/.local/lib/python3.7/site-packages/airflow/example_dags/example_task_group.py
[2022-04-13 09:14:39,120] {processor.py:652} INFO - DAG(s) dict_keys(['example_task_group']) retrieved from /home/airflow/.local/lib/python3.7/site-packages/airflow/example_dags/example_task_group.py
[2022-04-13 09:14:39,149] {logging_mixin.py:109} INFO - [2022-04-13 09:14:39,149] {dag.py:2398} INFO - Sync 1 DAGs
[2022-04-13 09:14:39,175] {logging_mixin.py:109} INFO - [2022-04-13 09:14:39,174] {dag.py:2937} INFO - Setting next_dagrun for example_task_group to 2022-04-12T09:14:39.174548+00:00
[2022-04-13 09:14:39,189] {processor.py:171} INFO - Processing /home/airflow/.local/lib/python3.7/site-packages/airflow/example_dags/example_task_group.py took 0.091 seconds
[2022-04-13 09:15:10,346] {processor.py:163} INFO - Started process (PID=1030) to work on /home/airflow/.local/lib/python3.7/site-packages/airflow/example_dags/example_task_group.py
[2022-04-13 09:15:10,347] {processor.py:642} INFO - Processing file /home/airflow/.local/lib/python3.7/site-packages/airflow/example_dags/example_task_group.py for tasks to queue
[2022-04-13 09:15:10,348] {logging_mixin.py:109} INFO - [2022-04-13 09:15:10,348] {dagbag.py:500} INFO - Filling up the DagBag from /home/airflow/.local/lib/python3.7/site-packages/airflow/example_dags/example_task_group.py
[2022-04-13 09:15:10,366] {processor.py:652} INFO - DAG(s) dict_keys(['example_task_group']) retrieved from /home/airflow/.local/lib/python3.7/site-packages/airflow/example_dags/example_task_group.py
[2022-04-13 09:15:10,405] {logging_mixin.py:109} INFO - [2022-04-13 09:15:10,404] {dag.py:2398} INFO - Sync 1 DAGs
[2022-04-13 09:15:10,428] {logging_mixin.py:109} INFO - [2022-04-13 09:15:10,428] {dag.py:2937} INFO - Setting next_dagrun for example_task_group to 2022-04-12T09:15:10.427814+00:00
[2022-04-13 09:15:10,445] {processor.py:171} INFO - Processing /home/airflow/.local/lib/python3.7/site-packages/airflow/example_dags/example_task_group.py took 0.103 seconds
[2022-04-13 09:15:41,301] {processor.py:163} INFO - Started process (PID=1080) to work on /home/airflow/.local/lib/python3.7/site-packages/airflow/example_dags/example_task_group.py
[2022-04-13 09:15:41,304] {processor.py:642} INFO - Processing file /home/airflow/.local/lib/python3.7/site-packages/airflow/example_dags/example_task_group.py for tasks to queue
[2022-04-13 09:15:41,306] {logging_mixin.py:109} INFO - [2022-04-13 09:15:41,305] {dagbag.py:500} INFO - Filling up the DagBag from /home/airflow/.local/lib/python3.7/site-packages/airflow/example_dags/example_task_group.py
[2022-04-13 09:15:41,327] {processor.py:652} INFO - DAG(s) dict_keys(['example_task_group']) retrieved from /home/airflow/.local/lib/python3.7/site-packages/airflow/example_dags/example_task_group.py
[2022-04-13 09:15:41,357] {logging_mixin.py:109} INFO - [2022-04-13 09:15:41,357] {dag.py:2398} INFO - Sync 1 DAGs
[2022-04-13 09:15:41,386] {logging_mixin.py:109} INFO - [2022-04-13 09:15:41,386] {dag.py:2937} INFO - Setting next_dagrun for example_task_group to 2022-04-12T09:15:41.385771+00:00
[2022-04-13 09:15:41,404] {processor.py:171} INFO - Processing /home/airflow/.local/lib/python3.7/site-packages/airflow/example_dags/example_task_group.py took 0.105 seconds
[2022-04-13 09:16:12,412] {processor.py:163} INFO - Started process (PID=1140) to work on /home/airflow/.local/lib/python3.7/site-packages/airflow/example_dags/example_task_group.py
[2022-04-13 09:16:12,412] {processor.py:642} INFO - Processing file /home/airflow/.local/lib/python3.7/site-packages/airflow/example_dags/example_task_group.py for tasks to queue
[2022-04-13 09:16:12,413] {logging_mixin.py:109} INFO - [2022-04-13 09:16:12,413] {dagbag.py:500} INFO - Filling up the DagBag from /home/airflow/.local/lib/python3.7/site-packages/airflow/example_dags/example_task_group.py
[2022-04-13 09:16:12,431] {processor.py:652} INFO - DAG(s) dict_keys(['example_task_group']) retrieved from /home/airflow/.local/lib/python3.7/site-packages/airflow/example_dags/example_task_group.py
[2022-04-13 09:16:12,459] {logging_mixin.py:109} INFO - [2022-04-13 09:16:12,459] {dag.py:2398} INFO - Sync 1 DAGs
[2022-04-13 09:16:12,482] {logging_mixin.py:109} INFO - [2022-04-13 09:16:12,482] {dag.py:2937} INFO - Setting next_dagrun for example_task_group to 2022-04-12T09:16:12.482204+00:00
[2022-04-13 09:16:12,496] {processor.py:171} INFO - Processing /home/airflow/.local/lib/python3.7/site-packages/airflow/example_dags/example_task_group.py took 0.088 seconds
[2022-04-13 09:16:43,062] {processor.py:163} INFO - Started process (PID=1192) to work on /home/airflow/.local/lib/python3.7/site-packages/airflow/example_dags/example_task_group.py
[2022-04-13 09:16:43,063] {processor.py:642} INFO - Processing file /home/airflow/.local/lib/python3.7/site-packages/airflow/example_dags/example_task_group.py for tasks to queue
[2022-04-13 09:16:43,064] {logging_mixin.py:109} INFO - [2022-04-13 09:16:43,064] {dagbag.py:500} INFO - Filling up the DagBag from /home/airflow/.local/lib/python3.7/site-packages/airflow/example_dags/example_task_group.py
[2022-04-13 09:16:43,083] {processor.py:652} INFO - DAG(s) dict_keys(['example_task_group']) retrieved from /home/airflow/.local/lib/python3.7/site-packages/airflow/example_dags/example_task_group.py
[2022-04-13 09:16:43,113] {logging_mixin.py:109} INFO - [2022-04-13 09:16:43,113] {dag.py:2398} INFO - Sync 1 DAGs
[2022-04-13 09:16:43,136] {logging_mixin.py:109} INFO - [2022-04-13 09:16:43,136] {dag.py:2937} INFO - Setting next_dagrun for example_task_group to 2022-04-12T09:16:43.136031+00:00
[2022-04-13 09:16:43,152] {processor.py:171} INFO - Processing /home/airflow/.local/lib/python3.7/site-packages/airflow/example_dags/example_task_group.py took 0.093 seconds
[2022-04-13 09:17:14,307] {processor.py:163} INFO - Started process (PID=1243) to work on /home/airflow/.local/lib/python3.7/site-packages/airflow/example_dags/example_task_group.py
[2022-04-13 09:17:14,308] {processor.py:642} INFO - Processing file /home/airflow/.local/lib/python3.7/site-packages/airflow/example_dags/example_task_group.py for tasks to queue
[2022-04-13 09:17:14,308] {logging_mixin.py:109} INFO - [2022-04-13 09:17:14,308] {dagbag.py:500} INFO - Filling up the DagBag from /home/airflow/.local/lib/python3.7/site-packages/airflow/example_dags/example_task_group.py
[2022-04-13 09:17:14,331] {processor.py:652} INFO - DAG(s) dict_keys(['example_task_group']) retrieved from /home/airflow/.local/lib/python3.7/site-packages/airflow/example_dags/example_task_group.py
[2022-04-13 09:17:14,362] {logging_mixin.py:109} INFO - [2022-04-13 09:17:14,362] {dag.py:2398} INFO - Sync 1 DAGs
[2022-04-13 09:17:14,388] {logging_mixin.py:109} INFO - [2022-04-13 09:17:14,387] {dag.py:2937} INFO - Setting next_dagrun for example_task_group to 2022-04-12T09:17:14.387600+00:00
[2022-04-13 09:17:14,406] {processor.py:171} INFO - Processing /home/airflow/.local/lib/python3.7/site-packages/airflow/example_dags/example_task_group.py took 0.102 seconds
[2022-04-13 09:17:45,529] {processor.py:163} INFO - Started process (PID=1304) to work on /home/airflow/.local/lib/python3.7/site-packages/airflow/example_dags/example_task_group.py
[2022-04-13 09:17:45,531] {processor.py:642} INFO - Processing file /home/airflow/.local/lib/python3.7/site-packages/airflow/example_dags/example_task_group.py for tasks to queue
[2022-04-13 09:17:45,532] {logging_mixin.py:109} INFO - [2022-04-13 09:17:45,532] {dagbag.py:500} INFO - Filling up the DagBag from /home/airflow/.local/lib/python3.7/site-packages/airflow/example_dags/example_task_group.py
[2022-04-13 09:17:45,549] {processor.py:652} INFO - DAG(s) dict_keys(['example_task_group']) retrieved from /home/airflow/.local/lib/python3.7/site-packages/airflow/example_dags/example_task_group.py
[2022-04-13 09:17:45,575] {logging_mixin.py:109} INFO - [2022-04-13 09:17:45,575] {dag.py:2398} INFO - Sync 1 DAGs
[2022-04-13 09:17:45,595] {logging_mixin.py:109} INFO - [2022-04-13 09:17:45,595] {dag.py:2937} INFO - Setting next_dagrun for example_task_group to 2022-04-12T09:17:45.595041+00:00
[2022-04-13 09:17:45,609] {processor.py:171} INFO - Processing /home/airflow/.local/lib/python3.7/site-packages/airflow/example_dags/example_task_group.py took 0.082 seconds
[2022-04-13 09:18:16,423] {processor.py:163} INFO - Started process (PID=1354) to work on /home/airflow/.local/lib/python3.7/site-packages/airflow/example_dags/example_task_group.py
[2022-04-13 09:18:16,424] {processor.py:642} INFO - Processing file /home/airflow/.local/lib/python3.7/site-packages/airflow/example_dags/example_task_group.py for tasks to queue
[2022-04-13 09:18:16,425] {logging_mixin.py:109} INFO - [2022-04-13 09:18:16,425] {dagbag.py:500} INFO - Filling up the DagBag from /home/airflow/.local/lib/python3.7/site-packages/airflow/example_dags/example_task_group.py
[2022-04-13 09:18:16,443] {processor.py:652} INFO - DAG(s) dict_keys(['example_task_group']) retrieved from /home/airflow/.local/lib/python3.7/site-packages/airflow/example_dags/example_task_group.py
[2022-04-13 09:18:16,476] {logging_mixin.py:109} INFO - [2022-04-13 09:18:16,476] {dag.py:2398} INFO - Sync 1 DAGs
[2022-04-13 09:18:16,502] {logging_mixin.py:109} INFO - [2022-04-13 09:18:16,502] {dag.py:2937} INFO - Setting next_dagrun for example_task_group to 2022-04-12T09:18:16.501823+00:00
[2022-04-13 09:18:16,519] {processor.py:171} INFO - Processing /home/airflow/.local/lib/python3.7/site-packages/airflow/example_dags/example_task_group.py took 0.099 seconds
[2022-04-13 09:18:47,979] {processor.py:163} INFO - Started process (PID=1412) to work on /home/airflow/.local/lib/python3.7/site-packages/airflow/example_dags/example_task_group.py
[2022-04-13 09:18:47,981] {processor.py:642} INFO - Processing file /home/airflow/.local/lib/python3.7/site-packages/airflow/example_dags/example_task_group.py for tasks to queue
[2022-04-13 09:18:47,982] {logging_mixin.py:109} INFO - [2022-04-13 09:18:47,981] {dagbag.py:500} INFO - Filling up the DagBag from /home/airflow/.local/lib/python3.7/site-packages/airflow/example_dags/example_task_group.py
[2022-04-13 09:18:48,003] {processor.py:652} INFO - DAG(s) dict_keys(['example_task_group']) retrieved from /home/airflow/.local/lib/python3.7/site-packages/airflow/example_dags/example_task_group.py
[2022-04-13 09:18:48,031] {logging_mixin.py:109} INFO - [2022-04-13 09:18:48,031] {dag.py:2398} INFO - Sync 1 DAGs
[2022-04-13 09:18:48,053] {logging_mixin.py:109} INFO - [2022-04-13 09:18:48,053] {dag.py:2937} INFO - Setting next_dagrun for example_task_group to 2022-04-12T09:18:48.052886+00:00
[2022-04-13 09:18:48,069] {processor.py:171} INFO - Processing /home/airflow/.local/lib/python3.7/site-packages/airflow/example_dags/example_task_group.py took 0.094 seconds
[2022-04-13 09:19:19,237] {processor.py:163} INFO - Started process (PID=1466) to work on /home/airflow/.local/lib/python3.7/site-packages/airflow/example_dags/example_task_group.py
[2022-04-13 09:19:19,238] {processor.py:642} INFO - Processing file /home/airflow/.local/lib/python3.7/site-packages/airflow/example_dags/example_task_group.py for tasks to queue
[2022-04-13 09:19:19,239] {logging_mixin.py:109} INFO - [2022-04-13 09:19:19,239] {dagbag.py:500} INFO - Filling up the DagBag from /home/airflow/.local/lib/python3.7/site-packages/airflow/example_dags/example_task_group.py
[2022-04-13 09:19:19,266] {processor.py:652} INFO - DAG(s) dict_keys(['example_task_group']) retrieved from /home/airflow/.local/lib/python3.7/site-packages/airflow/example_dags/example_task_group.py
[2022-04-13 09:19:19,290] {logging_mixin.py:109} INFO - [2022-04-13 09:19:19,290] {dag.py:2398} INFO - Sync 1 DAGs
[2022-04-13 09:19:19,315] {logging_mixin.py:109} INFO - [2022-04-13 09:19:19,315] {dag.py:2937} INFO - Setting next_dagrun for example_task_group to 2022-04-12T09:19:19.315194+00:00
[2022-04-13 09:19:19,331] {processor.py:171} INFO - Processing /home/airflow/.local/lib/python3.7/site-packages/airflow/example_dags/example_task_group.py took 0.096 seconds
[2022-04-13 09:19:49,816] {processor.py:163} INFO - Started process (PID=1517) to work on /home/airflow/.local/lib/python3.7/site-packages/airflow/example_dags/example_task_group.py
[2022-04-13 09:19:49,819] {processor.py:642} INFO - Processing file /home/airflow/.local/lib/python3.7/site-packages/airflow/example_dags/example_task_group.py for tasks to queue
[2022-04-13 09:19:49,820] {logging_mixin.py:109} INFO - [2022-04-13 09:19:49,820] {dagbag.py:500} INFO - Filling up the DagBag from /home/airflow/.local/lib/python3.7/site-packages/airflow/example_dags/example_task_group.py
[2022-04-13 09:19:49,845] {processor.py:652} INFO - DAG(s) dict_keys(['example_task_group']) retrieved from /home/airflow/.local/lib/python3.7/site-packages/airflow/example_dags/example_task_group.py
[2022-04-13 09:19:49,872] {logging_mixin.py:109} INFO - [2022-04-13 09:19:49,872] {dag.py:2398} INFO - Sync 1 DAGs
[2022-04-13 09:19:49,898] {logging_mixin.py:109} INFO - [2022-04-13 09:19:49,898] {dag.py:2937} INFO - Setting next_dagrun for example_task_group to 2022-04-12T09:19:49.897851+00:00
[2022-04-13 09:19:49,914] {processor.py:171} INFO - Processing /home/airflow/.local/lib/python3.7/site-packages/airflow/example_dags/example_task_group.py took 0.101 seconds
[2022-04-13 09:20:21,110] {processor.py:163} INFO - Started process (PID=1578) to work on /home/airflow/.local/lib/python3.7/site-packages/airflow/example_dags/example_task_group.py
[2022-04-13 09:20:21,111] {processor.py:642} INFO - Processing file /home/airflow/.local/lib/python3.7/site-packages/airflow/example_dags/example_task_group.py for tasks to queue
[2022-04-13 09:20:21,112] {logging_mixin.py:109} INFO - [2022-04-13 09:20:21,112] {dagbag.py:500} INFO - Filling up the DagBag from /home/airflow/.local/lib/python3.7/site-packages/airflow/example_dags/example_task_group.py
[2022-04-13 09:20:21,130] {processor.py:652} INFO - DAG(s) dict_keys(['example_task_group']) retrieved from /home/airflow/.local/lib/python3.7/site-packages/airflow/example_dags/example_task_group.py
[2022-04-13 09:20:21,163] {logging_mixin.py:109} INFO - [2022-04-13 09:20:21,163] {dag.py:2398} INFO - Sync 1 DAGs
[2022-04-13 09:20:21,194] {logging_mixin.py:109} INFO - [2022-04-13 09:20:21,193] {dag.py:2937} INFO - Setting next_dagrun for example_task_group to 2022-04-12T09:20:21.193527+00:00
[2022-04-13 09:20:21,213] {processor.py:171} INFO - Processing /home/airflow/.local/lib/python3.7/site-packages/airflow/example_dags/example_task_group.py took 0.107 seconds
[2022-04-13 09:20:52,246] {processor.py:163} INFO - Started process (PID=1630) to work on /home/airflow/.local/lib/python3.7/site-packages/airflow/example_dags/example_task_group.py
[2022-04-13 09:20:52,247] {processor.py:642} INFO - Processing file /home/airflow/.local/lib/python3.7/site-packages/airflow/example_dags/example_task_group.py for tasks to queue
[2022-04-13 09:20:52,249] {logging_mixin.py:109} INFO - [2022-04-13 09:20:52,248] {dagbag.py:500} INFO - Filling up the DagBag from /home/airflow/.local/lib/python3.7/site-packages/airflow/example_dags/example_task_group.py
[2022-04-13 09:20:52,274] {processor.py:652} INFO - DAG(s) dict_keys(['example_task_group']) retrieved from /home/airflow/.local/lib/python3.7/site-packages/airflow/example_dags/example_task_group.py
[2022-04-13 09:20:52,299] {logging_mixin.py:109} INFO - [2022-04-13 09:20:52,299] {dag.py:2398} INFO - Sync 1 DAGs
[2022-04-13 09:20:52,318] {logging_mixin.py:109} INFO - [2022-04-13 09:20:52,317] {dag.py:2937} INFO - Setting next_dagrun for example_task_group to 2022-04-12T09:20:52.317686+00:00
[2022-04-13 09:20:52,336] {processor.py:171} INFO - Processing /home/airflow/.local/lib/python3.7/site-packages/airflow/example_dags/example_task_group.py took 0.093 seconds
[2022-04-13 09:21:23,404] {processor.py:163} INFO - Started process (PID=1681) to work on /home/airflow/.local/lib/python3.7/site-packages/airflow/example_dags/example_task_group.py
[2022-04-13 09:21:23,407] {processor.py:642} INFO - Processing file /home/airflow/.local/lib/python3.7/site-packages/airflow/example_dags/example_task_group.py for tasks to queue
[2022-04-13 09:21:23,407] {logging_mixin.py:109} INFO - [2022-04-13 09:21:23,407] {dagbag.py:500} INFO - Filling up the DagBag from /home/airflow/.local/lib/python3.7/site-packages/airflow/example_dags/example_task_group.py
[2022-04-13 09:21:23,427] {processor.py:652} INFO - DAG(s) dict_keys(['example_task_group']) retrieved from /home/airflow/.local/lib/python3.7/site-packages/airflow/example_dags/example_task_group.py
[2022-04-13 09:21:23,454] {logging_mixin.py:109} INFO - [2022-04-13 09:21:23,453] {dag.py:2398} INFO - Sync 1 DAGs
[2022-04-13 09:21:23,476] {logging_mixin.py:109} INFO - [2022-04-13 09:21:23,476] {dag.py:2937} INFO - Setting next_dagrun for example_task_group to 2022-04-12T09:21:23.476279+00:00
[2022-04-13 09:21:23,492] {processor.py:171} INFO - Processing /home/airflow/.local/lib/python3.7/site-packages/airflow/example_dags/example_task_group.py took 0.091 seconds
[2022-04-13 09:21:54,561] {processor.py:163} INFO - Started process (PID=1741) to work on /home/airflow/.local/lib/python3.7/site-packages/airflow/example_dags/example_task_group.py
[2022-04-13 09:21:54,564] {processor.py:642} INFO - Processing file /home/airflow/.local/lib/python3.7/site-packages/airflow/example_dags/example_task_group.py for tasks to queue
[2022-04-13 09:21:54,565] {logging_mixin.py:109} INFO - [2022-04-13 09:21:54,564] {dagbag.py:500} INFO - Filling up the DagBag from /home/airflow/.local/lib/python3.7/site-packages/airflow/example_dags/example_task_group.py
[2022-04-13 09:21:54,585] {processor.py:652} INFO - DAG(s) dict_keys(['example_task_group']) retrieved from /home/airflow/.local/lib/python3.7/site-packages/airflow/example_dags/example_task_group.py
[2022-04-13 09:21:54,616] {logging_mixin.py:109} INFO - [2022-04-13 09:21:54,615] {dag.py:2398} INFO - Sync 1 DAGs
[2022-04-13 09:21:54,639] {logging_mixin.py:109} INFO - [2022-04-13 09:21:54,639] {dag.py:2937} INFO - Setting next_dagrun for example_task_group to 2022-04-12T09:21:54.638865+00:00
[2022-04-13 09:21:54,657] {processor.py:171} INFO - Processing /home/airflow/.local/lib/python3.7/site-packages/airflow/example_dags/example_task_group.py took 0.099 seconds
[2022-04-13 09:22:25,866] {processor.py:163} INFO - Started process (PID=1793) to work on /home/airflow/.local/lib/python3.7/site-packages/airflow/example_dags/example_task_group.py
[2022-04-13 09:22:25,867] {processor.py:642} INFO - Processing file /home/airflow/.local/lib/python3.7/site-packages/airflow/example_dags/example_task_group.py for tasks to queue
[2022-04-13 09:22:25,868] {logging_mixin.py:109} INFO - [2022-04-13 09:22:25,868] {dagbag.py:500} INFO - Filling up the DagBag from /home/airflow/.local/lib/python3.7/site-packages/airflow/example_dags/example_task_group.py
[2022-04-13 09:22:25,888] {processor.py:652} INFO - DAG(s) dict_keys(['example_task_group']) retrieved from /home/airflow/.local/lib/python3.7/site-packages/airflow/example_dags/example_task_group.py
[2022-04-13 09:22:25,916] {logging_mixin.py:109} INFO - [2022-04-13 09:22:25,915] {dag.py:2398} INFO - Sync 1 DAGs
[2022-04-13 09:22:25,941] {logging_mixin.py:109} INFO - [2022-04-13 09:22:25,940] {dag.py:2937} INFO - Setting next_dagrun for example_task_group to 2022-04-12T09:22:25.940492+00:00
[2022-04-13 09:22:25,958] {processor.py:171} INFO - Processing /home/airflow/.local/lib/python3.7/site-packages/airflow/example_dags/example_task_group.py took 0.095 seconds
[2022-04-13 09:22:57,336] {processor.py:163} INFO - Started process (PID=1845) to work on /home/airflow/.local/lib/python3.7/site-packages/airflow/example_dags/example_task_group.py
[2022-04-13 09:22:57,338] {processor.py:642} INFO - Processing file /home/airflow/.local/lib/python3.7/site-packages/airflow/example_dags/example_task_group.py for tasks to queue
[2022-04-13 09:22:57,339] {logging_mixin.py:109} INFO - [2022-04-13 09:22:57,339] {dagbag.py:500} INFO - Filling up the DagBag from /home/airflow/.local/lib/python3.7/site-packages/airflow/example_dags/example_task_group.py
[2022-04-13 09:22:57,357] {processor.py:652} INFO - DAG(s) dict_keys(['example_task_group']) retrieved from /home/airflow/.local/lib/python3.7/site-packages/airflow/example_dags/example_task_group.py
[2022-04-13 09:22:57,382] {logging_mixin.py:109} INFO - [2022-04-13 09:22:57,382] {dag.py:2398} INFO - Sync 1 DAGs
[2022-04-13 09:22:57,402] {logging_mixin.py:109} INFO - [2022-04-13 09:22:57,402] {dag.py:2937} INFO - Setting next_dagrun for example_task_group to 2022-04-12T09:22:57.402148+00:00
[2022-04-13 09:22:57,418] {processor.py:171} INFO - Processing /home/airflow/.local/lib/python3.7/site-packages/airflow/example_dags/example_task_group.py took 0.085 seconds
[2022-04-13 09:23:28,567] {processor.py:163} INFO - Started process (PID=1907) to work on /home/airflow/.local/lib/python3.7/site-packages/airflow/example_dags/example_task_group.py
[2022-04-13 09:23:28,568] {processor.py:642} INFO - Processing file /home/airflow/.local/lib/python3.7/site-packages/airflow/example_dags/example_task_group.py for tasks to queue
[2022-04-13 09:23:28,569] {logging_mixin.py:109} INFO - [2022-04-13 09:23:28,569] {dagbag.py:500} INFO - Filling up the DagBag from /home/airflow/.local/lib/python3.7/site-packages/airflow/example_dags/example_task_group.py
[2022-04-13 09:23:28,593] {processor.py:652} INFO - DAG(s) dict_keys(['example_task_group']) retrieved from /home/airflow/.local/lib/python3.7/site-packages/airflow/example_dags/example_task_group.py
[2022-04-13 09:23:28,619] {logging_mixin.py:109} INFO - [2022-04-13 09:23:28,619] {dag.py:2398} INFO - Sync 1 DAGs
[2022-04-13 09:23:28,639] {logging_mixin.py:109} INFO - [2022-04-13 09:23:28,639] {dag.py:2937} INFO - Setting next_dagrun for example_task_group to 2022-04-12T09:23:28.639115+00:00
[2022-04-13 09:23:28,654] {processor.py:171} INFO - Processing /home/airflow/.local/lib/python3.7/site-packages/airflow/example_dags/example_task_group.py took 0.090 seconds
[2022-04-13 09:23:59,188] {processor.py:163} INFO - Started process (PID=1957) to work on /home/airflow/.local/lib/python3.7/site-packages/airflow/example_dags/example_task_group.py
[2022-04-13 09:23:59,190] {processor.py:642} INFO - Processing file /home/airflow/.local/lib/python3.7/site-packages/airflow/example_dags/example_task_group.py for tasks to queue
[2022-04-13 09:23:59,190] {logging_mixin.py:109} INFO - [2022-04-13 09:23:59,190] {dagbag.py:500} INFO - Filling up the DagBag from /home/airflow/.local/lib/python3.7/site-packages/airflow/example_dags/example_task_group.py
[2022-04-13 09:23:59,207] {processor.py:652} INFO - DAG(s) dict_keys(['example_task_group']) retrieved from /home/airflow/.local/lib/python3.7/site-packages/airflow/example_dags/example_task_group.py
[2022-04-13 09:23:59,244] {logging_mixin.py:109} INFO - [2022-04-13 09:23:59,244] {dag.py:2398} INFO - Sync 1 DAGs
[2022-04-13 09:23:59,266] {logging_mixin.py:109} INFO - [2022-04-13 09:23:59,266] {dag.py:2937} INFO - Setting next_dagrun for example_task_group to 2022-04-12T09:23:59.266361+00:00
[2022-04-13 09:23:59,282] {processor.py:171} INFO - Processing /home/airflow/.local/lib/python3.7/site-packages/airflow/example_dags/example_task_group.py took 0.097 seconds
[2022-04-13 09:24:30,509] {processor.py:163} INFO - Started process (PID=2008) to work on /home/airflow/.local/lib/python3.7/site-packages/airflow/example_dags/example_task_group.py
[2022-04-13 09:24:30,511] {processor.py:642} INFO - Processing file /home/airflow/.local/lib/python3.7/site-packages/airflow/example_dags/example_task_group.py for tasks to queue
[2022-04-13 09:24:30,512] {logging_mixin.py:109} INFO - [2022-04-13 09:24:30,512] {dagbag.py:500} INFO - Filling up the DagBag from /home/airflow/.local/lib/python3.7/site-packages/airflow/example_dags/example_task_group.py
[2022-04-13 09:24:30,539] {processor.py:652} INFO - DAG(s) dict_keys(['example_task_group']) retrieved from /home/airflow/.local/lib/python3.7/site-packages/airflow/example_dags/example_task_group.py
[2022-04-13 09:24:30,566] {logging_mixin.py:109} INFO - [2022-04-13 09:24:30,566] {dag.py:2398} INFO - Sync 1 DAGs
[2022-04-13 09:24:30,588] {logging_mixin.py:109} INFO - [2022-04-13 09:24:30,588] {dag.py:2937} INFO - Setting next_dagrun for example_task_group to 2022-04-12T09:24:30.587754+00:00
[2022-04-13 09:24:30,603] {processor.py:171} INFO - Processing /home/airflow/.local/lib/python3.7/site-packages/airflow/example_dags/example_task_group.py took 0.098 seconds
[2022-04-13 09:25:01,968] {processor.py:163} INFO - Started process (PID=2070) to work on /home/airflow/.local/lib/python3.7/site-packages/airflow/example_dags/example_task_group.py
[2022-04-13 09:25:01,969] {processor.py:642} INFO - Processing file /home/airflow/.local/lib/python3.7/site-packages/airflow/example_dags/example_task_group.py for tasks to queue
[2022-04-13 09:25:01,970] {logging_mixin.py:109} INFO - [2022-04-13 09:25:01,970] {dagbag.py:500} INFO - Filling up the DagBag from /home/airflow/.local/lib/python3.7/site-packages/airflow/example_dags/example_task_group.py
[2022-04-13 09:25:01,988] {processor.py:652} INFO - DAG(s) dict_keys(['example_task_group']) retrieved from /home/airflow/.local/lib/python3.7/site-packages/airflow/example_dags/example_task_group.py
[2022-04-13 09:25:02,012] {logging_mixin.py:109} INFO - [2022-04-13 09:25:02,011] {dag.py:2398} INFO - Sync 1 DAGs
[2022-04-13 09:25:02,031] {logging_mixin.py:109} INFO - [2022-04-13 09:25:02,031] {dag.py:2937} INFO - Setting next_dagrun for example_task_group to 2022-04-12T09:25:02.030833+00:00
[2022-04-13 09:25:02,045] {processor.py:171} INFO - Processing /home/airflow/.local/lib/python3.7/site-packages/airflow/example_dags/example_task_group.py took 0.079 seconds
[2022-04-13 09:25:32,233] {processor.py:163} INFO - Started process (PID=2120) to work on /home/airflow/.local/lib/python3.7/site-packages/airflow/example_dags/example_task_group.py
[2022-04-13 09:25:32,235] {processor.py:642} INFO - Processing file /home/airflow/.local/lib/python3.7/site-packages/airflow/example_dags/example_task_group.py for tasks to queue
[2022-04-13 09:25:32,236] {logging_mixin.py:109} INFO - [2022-04-13 09:25:32,235] {dagbag.py:500} INFO - Filling up the DagBag from /home/airflow/.local/lib/python3.7/site-packages/airflow/example_dags/example_task_group.py
[2022-04-13 09:25:32,251] {processor.py:652} INFO - DAG(s) dict_keys(['example_task_group']) retrieved from /home/airflow/.local/lib/python3.7/site-packages/airflow/example_dags/example_task_group.py
[2022-04-13 09:25:32,274] {logging_mixin.py:109} INFO - [2022-04-13 09:25:32,274] {dag.py:2398} INFO - Sync 1 DAGs
[2022-04-13 09:25:32,294] {logging_mixin.py:109} INFO - [2022-04-13 09:25:32,294] {dag.py:2937} INFO - Setting next_dagrun for example_task_group to 2022-04-12T09:25:32.293856+00:00
[2022-04-13 09:25:32,313] {processor.py:171} INFO - Processing /home/airflow/.local/lib/python3.7/site-packages/airflow/example_dags/example_task_group.py took 0.084 seconds
[2022-04-13 09:26:03,572] {processor.py:163} INFO - Started process (PID=2171) to work on /home/airflow/.local/lib/python3.7/site-packages/airflow/example_dags/example_task_group.py
[2022-04-13 09:26:03,573] {processor.py:642} INFO - Processing file /home/airflow/.local/lib/python3.7/site-packages/airflow/example_dags/example_task_group.py for tasks to queue
[2022-04-13 09:26:03,574] {logging_mixin.py:109} INFO - [2022-04-13 09:26:03,574] {dagbag.py:500} INFO - Filling up the DagBag from /home/airflow/.local/lib/python3.7/site-packages/airflow/example_dags/example_task_group.py
[2022-04-13 09:26:03,589] {processor.py:652} INFO - DAG(s) dict_keys(['example_task_group']) retrieved from /home/airflow/.local/lib/python3.7/site-packages/airflow/example_dags/example_task_group.py
[2022-04-13 09:26:03,611] {logging_mixin.py:109} INFO - [2022-04-13 09:26:03,611] {dag.py:2398} INFO - Sync 1 DAGs
[2022-04-13 09:26:03,629] {logging_mixin.py:109} INFO - [2022-04-13 09:26:03,629] {dag.py:2937} INFO - Setting next_dagrun for example_task_group to 2022-04-12T09:26:03.629129+00:00
[2022-04-13 09:26:03,652] {processor.py:171} INFO - Processing /home/airflow/.local/lib/python3.7/site-packages/airflow/example_dags/example_task_group.py took 0.082 seconds
