[2022-04-13 08:46:36,159] {processor.py:163} INFO - Started process (PID=277) to work on /home/airflow/.local/lib/python3.7/site-packages/airflow/example_dags/example_branch_operator.py
[2022-04-13 08:46:36,160] {processor.py:642} INFO - Processing file /home/airflow/.local/lib/python3.7/site-packages/airflow/example_dags/example_branch_operator.py for tasks to queue
[2022-04-13 08:46:36,161] {logging_mixin.py:109} INFO - [2022-04-13 08:46:36,161] {dagbag.py:500} INFO - Filling up the DagBag from /home/airflow/.local/lib/python3.7/site-packages/airflow/example_dags/example_branch_operator.py
[2022-04-13 08:46:36,188] {processor.py:652} INFO - DAG(s) dict_keys(['example_branch_operator']) retrieved from /home/airflow/.local/lib/python3.7/site-packages/airflow/example_dags/example_branch_operator.py
[2022-04-13 08:46:38,549] {logging_mixin.py:109} INFO - [2022-04-13 08:46:38,549] {manager.py:496} INFO - Created Permission View: can read on DAG:example_branch_operator
[2022-04-13 08:46:38,565] {logging_mixin.py:109} INFO - [2022-04-13 08:46:38,565] {manager.py:496} INFO - Created Permission View: can edit on DAG:example_branch_operator
[2022-04-13 08:46:38,566] {logging_mixin.py:109} INFO - [2022-04-13 08:46:38,565] {dag.py:2398} INFO - Sync 1 DAGs
[2022-04-13 08:46:38,574] {logging_mixin.py:109} INFO - [2022-04-13 08:46:38,574] {dag.py:2417} INFO - Creating ORM DAG for example_branch_operator
[2022-04-13 08:46:38,584] {logging_mixin.py:109} INFO - [2022-04-13 08:46:38,584] {dag.py:2937} INFO - Setting next_dagrun for example_branch_operator to 2022-04-12 00:00:00+00:00
[2022-04-13 08:46:38,611] {processor.py:171} INFO - Processing /home/airflow/.local/lib/python3.7/site-packages/airflow/example_dags/example_branch_operator.py took 2.454 seconds
[2022-04-13 08:47:08,942] {processor.py:163} INFO - Started process (PID=486) to work on /home/airflow/.local/lib/python3.7/site-packages/airflow/example_dags/example_branch_operator.py
[2022-04-13 08:47:08,944] {processor.py:642} INFO - Processing file /home/airflow/.local/lib/python3.7/site-packages/airflow/example_dags/example_branch_operator.py for tasks to queue
[2022-04-13 08:47:08,945] {logging_mixin.py:109} INFO - [2022-04-13 08:47:08,944] {dagbag.py:500} INFO - Filling up the DagBag from /home/airflow/.local/lib/python3.7/site-packages/airflow/example_dags/example_branch_operator.py
[2022-04-13 08:47:08,972] {processor.py:652} INFO - DAG(s) dict_keys(['example_branch_operator']) retrieved from /home/airflow/.local/lib/python3.7/site-packages/airflow/example_dags/example_branch_operator.py
[2022-04-13 08:47:08,997] {logging_mixin.py:109} INFO - [2022-04-13 08:47:08,996] {dag.py:2398} INFO - Sync 1 DAGs
[2022-04-13 08:47:09,023] {logging_mixin.py:109} INFO - [2022-04-13 08:47:09,023] {dag.py:2937} INFO - Setting next_dagrun for example_branch_operator to 2022-04-12 00:00:00+00:00
[2022-04-13 08:47:09,047] {processor.py:171} INFO - Processing /home/airflow/.local/lib/python3.7/site-packages/airflow/example_dags/example_branch_operator.py took 0.108 seconds
[2022-04-13 08:47:39,487] {processor.py:163} INFO - Started process (PID=538) to work on /home/airflow/.local/lib/python3.7/site-packages/airflow/example_dags/example_branch_operator.py
[2022-04-13 08:47:39,489] {processor.py:642} INFO - Processing file /home/airflow/.local/lib/python3.7/site-packages/airflow/example_dags/example_branch_operator.py for tasks to queue
[2022-04-13 08:47:39,489] {logging_mixin.py:109} INFO - [2022-04-13 08:47:39,489] {dagbag.py:500} INFO - Filling up the DagBag from /home/airflow/.local/lib/python3.7/site-packages/airflow/example_dags/example_branch_operator.py
[2022-04-13 08:47:39,510] {processor.py:652} INFO - DAG(s) dict_keys(['example_branch_operator']) retrieved from /home/airflow/.local/lib/python3.7/site-packages/airflow/example_dags/example_branch_operator.py
[2022-04-13 08:47:39,532] {logging_mixin.py:109} INFO - [2022-04-13 08:47:39,532] {dag.py:2398} INFO - Sync 1 DAGs
[2022-04-13 08:47:39,553] {logging_mixin.py:109} INFO - [2022-04-13 08:47:39,553] {dag.py:2937} INFO - Setting next_dagrun for example_branch_operator to 2022-04-12 00:00:00+00:00
[2022-04-13 08:47:39,566] {processor.py:171} INFO - Processing /home/airflow/.local/lib/python3.7/site-packages/airflow/example_dags/example_branch_operator.py took 0.082 seconds
[2022-04-13 08:48:09,619] {processor.py:163} INFO - Started process (PID=596) to work on /home/airflow/.local/lib/python3.7/site-packages/airflow/example_dags/example_branch_operator.py
[2022-04-13 08:48:09,619] {processor.py:642} INFO - Processing file /home/airflow/.local/lib/python3.7/site-packages/airflow/example_dags/example_branch_operator.py for tasks to queue
[2022-04-13 08:48:09,620] {logging_mixin.py:109} INFO - [2022-04-13 08:48:09,620] {dagbag.py:500} INFO - Filling up the DagBag from /home/airflow/.local/lib/python3.7/site-packages/airflow/example_dags/example_branch_operator.py
[2022-04-13 08:48:09,644] {processor.py:652} INFO - DAG(s) dict_keys(['example_branch_operator']) retrieved from /home/airflow/.local/lib/python3.7/site-packages/airflow/example_dags/example_branch_operator.py
[2022-04-13 08:48:09,680] {logging_mixin.py:109} INFO - [2022-04-13 08:48:09,679] {dag.py:2398} INFO - Sync 1 DAGs
[2022-04-13 08:48:09,703] {logging_mixin.py:109} INFO - [2022-04-13 08:48:09,702] {dag.py:2937} INFO - Setting next_dagrun for example_branch_operator to 2022-04-12 00:00:00+00:00
[2022-04-13 08:48:09,719] {processor.py:171} INFO - Processing /home/airflow/.local/lib/python3.7/site-packages/airflow/example_dags/example_branch_operator.py took 0.104 seconds
[2022-04-13 08:48:40,183] {processor.py:163} INFO - Started process (PID=648) to work on /home/airflow/.local/lib/python3.7/site-packages/airflow/example_dags/example_branch_operator.py
[2022-04-13 08:48:40,188] {processor.py:642} INFO - Processing file /home/airflow/.local/lib/python3.7/site-packages/airflow/example_dags/example_branch_operator.py for tasks to queue
[2022-04-13 08:48:40,189] {logging_mixin.py:109} INFO - [2022-04-13 08:48:40,189] {dagbag.py:500} INFO - Filling up the DagBag from /home/airflow/.local/lib/python3.7/site-packages/airflow/example_dags/example_branch_operator.py
[2022-04-13 08:48:40,227] {processor.py:652} INFO - DAG(s) dict_keys(['example_branch_operator']) retrieved from /home/airflow/.local/lib/python3.7/site-packages/airflow/example_dags/example_branch_operator.py
[2022-04-13 08:48:40,253] {logging_mixin.py:109} INFO - [2022-04-13 08:48:40,253] {dag.py:2398} INFO - Sync 1 DAGs
[2022-04-13 08:48:40,273] {logging_mixin.py:109} INFO - [2022-04-13 08:48:40,273] {dag.py:2937} INFO - Setting next_dagrun for example_branch_operator to 2022-04-12 00:00:00+00:00
[2022-04-13 08:48:40,287] {processor.py:171} INFO - Processing /home/airflow/.local/lib/python3.7/site-packages/airflow/example_dags/example_branch_operator.py took 0.110 seconds
[2022-04-13 08:52:10,158] {processor.py:163} INFO - Started process (PID=54) to work on /home/airflow/.local/lib/python3.7/site-packages/airflow/example_dags/example_branch_operator.py
[2022-04-13 08:52:10,160] {processor.py:642} INFO - Processing file /home/airflow/.local/lib/python3.7/site-packages/airflow/example_dags/example_branch_operator.py for tasks to queue
[2022-04-13 08:52:10,161] {logging_mixin.py:109} INFO - [2022-04-13 08:52:10,161] {dagbag.py:500} INFO - Filling up the DagBag from /home/airflow/.local/lib/python3.7/site-packages/airflow/example_dags/example_branch_operator.py
[2022-04-13 08:52:10,190] {processor.py:652} INFO - DAG(s) dict_keys(['example_branch_operator']) retrieved from /home/airflow/.local/lib/python3.7/site-packages/airflow/example_dags/example_branch_operator.py
[2022-04-13 08:52:10,233] {logging_mixin.py:109} INFO - [2022-04-13 08:52:10,233] {dag.py:2398} INFO - Sync 1 DAGs
[2022-04-13 08:52:10,265] {logging_mixin.py:109} INFO - [2022-04-13 08:52:10,265] {dag.py:2937} INFO - Setting next_dagrun for example_branch_operator to 2022-04-12 00:00:00+00:00
[2022-04-13 08:52:10,292] {processor.py:171} INFO - Processing /home/airflow/.local/lib/python3.7/site-packages/airflow/example_dags/example_branch_operator.py took 0.137 seconds
[2022-04-13 08:54:27,337] {processor.py:163} INFO - Started process (PID=58) to work on /home/airflow/.local/lib/python3.7/site-packages/airflow/example_dags/example_branch_operator.py
[2022-04-13 08:54:27,338] {processor.py:642} INFO - Processing file /home/airflow/.local/lib/python3.7/site-packages/airflow/example_dags/example_branch_operator.py for tasks to queue
[2022-04-13 08:54:27,339] {logging_mixin.py:109} INFO - [2022-04-13 08:54:27,339] {dagbag.py:500} INFO - Filling up the DagBag from /home/airflow/.local/lib/python3.7/site-packages/airflow/example_dags/example_branch_operator.py
[2022-04-13 08:54:27,357] {processor.py:652} INFO - DAG(s) dict_keys(['example_branch_operator']) retrieved from /home/airflow/.local/lib/python3.7/site-packages/airflow/example_dags/example_branch_operator.py
[2022-04-13 08:54:27,381] {logging_mixin.py:109} INFO - [2022-04-13 08:54:27,381] {dag.py:2398} INFO - Sync 1 DAGs
[2022-04-13 08:54:27,401] {logging_mixin.py:109} INFO - [2022-04-13 08:54:27,401] {dag.py:2937} INFO - Setting next_dagrun for example_branch_operator to 2022-04-12 00:00:00+00:00
[2022-04-13 08:54:27,415] {processor.py:171} INFO - Processing /home/airflow/.local/lib/python3.7/site-packages/airflow/example_dags/example_branch_operator.py took 0.080 seconds
[2022-04-13 08:54:57,902] {processor.py:163} INFO - Started process (PID=109) to work on /home/airflow/.local/lib/python3.7/site-packages/airflow/example_dags/example_branch_operator.py
[2022-04-13 08:54:57,903] {processor.py:642} INFO - Processing file /home/airflow/.local/lib/python3.7/site-packages/airflow/example_dags/example_branch_operator.py for tasks to queue
[2022-04-13 08:54:57,904] {logging_mixin.py:109} INFO - [2022-04-13 08:54:57,904] {dagbag.py:500} INFO - Filling up the DagBag from /home/airflow/.local/lib/python3.7/site-packages/airflow/example_dags/example_branch_operator.py
[2022-04-13 08:54:57,918] {processor.py:652} INFO - DAG(s) dict_keys(['example_branch_operator']) retrieved from /home/airflow/.local/lib/python3.7/site-packages/airflow/example_dags/example_branch_operator.py
[2022-04-13 08:54:57,937] {logging_mixin.py:109} INFO - [2022-04-13 08:54:57,937] {dag.py:2398} INFO - Sync 1 DAGs
[2022-04-13 08:54:57,953] {logging_mixin.py:109} INFO - [2022-04-13 08:54:57,952] {dag.py:2937} INFO - Setting next_dagrun for example_branch_operator to 2022-04-12 00:00:00+00:00
[2022-04-13 08:54:57,964] {processor.py:171} INFO - Processing /home/airflow/.local/lib/python3.7/site-packages/airflow/example_dags/example_branch_operator.py took 0.064 seconds
[2022-04-13 08:55:29,190] {processor.py:163} INFO - Started process (PID=169) to work on /home/airflow/.local/lib/python3.7/site-packages/airflow/example_dags/example_branch_operator.py
[2022-04-13 08:55:29,192] {processor.py:642} INFO - Processing file /home/airflow/.local/lib/python3.7/site-packages/airflow/example_dags/example_branch_operator.py for tasks to queue
[2022-04-13 08:55:29,193] {logging_mixin.py:109} INFO - [2022-04-13 08:55:29,193] {dagbag.py:500} INFO - Filling up the DagBag from /home/airflow/.local/lib/python3.7/site-packages/airflow/example_dags/example_branch_operator.py
[2022-04-13 08:55:29,214] {processor.py:652} INFO - DAG(s) dict_keys(['example_branch_operator']) retrieved from /home/airflow/.local/lib/python3.7/site-packages/airflow/example_dags/example_branch_operator.py
[2022-04-13 08:55:29,236] {logging_mixin.py:109} INFO - [2022-04-13 08:55:29,236] {dag.py:2398} INFO - Sync 1 DAGs
[2022-04-13 08:55:29,257] {logging_mixin.py:109} INFO - [2022-04-13 08:55:29,257] {dag.py:2937} INFO - Setting next_dagrun for example_branch_operator to 2022-04-12 00:00:00+00:00
[2022-04-13 08:55:29,270] {processor.py:171} INFO - Processing /home/airflow/.local/lib/python3.7/site-packages/airflow/example_dags/example_branch_operator.py took 0.082 seconds
[2022-04-13 08:56:00,613] {processor.py:163} INFO - Started process (PID=221) to work on /home/airflow/.local/lib/python3.7/site-packages/airflow/example_dags/example_branch_operator.py
[2022-04-13 08:56:00,614] {processor.py:642} INFO - Processing file /home/airflow/.local/lib/python3.7/site-packages/airflow/example_dags/example_branch_operator.py for tasks to queue
[2022-04-13 08:56:00,615] {logging_mixin.py:109} INFO - [2022-04-13 08:56:00,615] {dagbag.py:500} INFO - Filling up the DagBag from /home/airflow/.local/lib/python3.7/site-packages/airflow/example_dags/example_branch_operator.py
[2022-04-13 08:56:00,677] {processor.py:652} INFO - DAG(s) dict_keys(['example_branch_operator']) retrieved from /home/airflow/.local/lib/python3.7/site-packages/airflow/example_dags/example_branch_operator.py
[2022-04-13 08:56:00,743] {logging_mixin.py:109} INFO - [2022-04-13 08:56:00,743] {dag.py:2398} INFO - Sync 1 DAGs
[2022-04-13 08:56:00,793] {logging_mixin.py:109} INFO - [2022-04-13 08:56:00,793] {dag.py:2937} INFO - Setting next_dagrun for example_branch_operator to 2022-04-12 00:00:00+00:00
[2022-04-13 08:56:00,824] {processor.py:171} INFO - Processing /home/airflow/.local/lib/python3.7/site-packages/airflow/example_dags/example_branch_operator.py took 0.214 seconds
[2022-04-13 08:56:30,960] {processor.py:163} INFO - Started process (PID=282) to work on /home/airflow/.local/lib/python3.7/site-packages/airflow/example_dags/example_branch_operator.py
[2022-04-13 08:56:30,961] {processor.py:642} INFO - Processing file /home/airflow/.local/lib/python3.7/site-packages/airflow/example_dags/example_branch_operator.py for tasks to queue
[2022-04-13 08:56:30,962] {logging_mixin.py:109} INFO - [2022-04-13 08:56:30,962] {dagbag.py:500} INFO - Filling up the DagBag from /home/airflow/.local/lib/python3.7/site-packages/airflow/example_dags/example_branch_operator.py
[2022-04-13 08:56:30,974] {processor.py:652} INFO - DAG(s) dict_keys(['example_branch_operator']) retrieved from /home/airflow/.local/lib/python3.7/site-packages/airflow/example_dags/example_branch_operator.py
[2022-04-13 08:56:30,991] {logging_mixin.py:109} INFO - [2022-04-13 08:56:30,991] {dag.py:2398} INFO - Sync 1 DAGs
[2022-04-13 08:56:31,008] {logging_mixin.py:109} INFO - [2022-04-13 08:56:31,008] {dag.py:2937} INFO - Setting next_dagrun for example_branch_operator to 2022-04-12 00:00:00+00:00
[2022-04-13 08:56:31,019] {processor.py:171} INFO - Processing /home/airflow/.local/lib/python3.7/site-packages/airflow/example_dags/example_branch_operator.py took 0.061 seconds
[2022-04-13 08:57:01,158] {processor.py:163} INFO - Started process (PID=333) to work on /home/airflow/.local/lib/python3.7/site-packages/airflow/example_dags/example_branch_operator.py
[2022-04-13 08:57:01,159] {processor.py:642} INFO - Processing file /home/airflow/.local/lib/python3.7/site-packages/airflow/example_dags/example_branch_operator.py for tasks to queue
[2022-04-13 08:57:01,159] {logging_mixin.py:109} INFO - [2022-04-13 08:57:01,159] {dagbag.py:500} INFO - Filling up the DagBag from /home/airflow/.local/lib/python3.7/site-packages/airflow/example_dags/example_branch_operator.py
[2022-04-13 08:57:01,173] {processor.py:652} INFO - DAG(s) dict_keys(['example_branch_operator']) retrieved from /home/airflow/.local/lib/python3.7/site-packages/airflow/example_dags/example_branch_operator.py
[2022-04-13 08:57:01,192] {logging_mixin.py:109} INFO - [2022-04-13 08:57:01,192] {dag.py:2398} INFO - Sync 1 DAGs
[2022-04-13 08:57:01,209] {logging_mixin.py:109} INFO - [2022-04-13 08:57:01,209] {dag.py:2937} INFO - Setting next_dagrun for example_branch_operator to 2022-04-12 00:00:00+00:00
[2022-04-13 08:57:01,222] {processor.py:171} INFO - Processing /home/airflow/.local/lib/python3.7/site-packages/airflow/example_dags/example_branch_operator.py took 0.066 seconds
[2022-04-13 08:57:31,390] {processor.py:163} INFO - Started process (PID=392) to work on /home/airflow/.local/lib/python3.7/site-packages/airflow/example_dags/example_branch_operator.py
[2022-04-13 08:57:31,392] {processor.py:642} INFO - Processing file /home/airflow/.local/lib/python3.7/site-packages/airflow/example_dags/example_branch_operator.py for tasks to queue
[2022-04-13 08:57:31,393] {logging_mixin.py:109} INFO - [2022-04-13 08:57:31,393] {dagbag.py:500} INFO - Filling up the DagBag from /home/airflow/.local/lib/python3.7/site-packages/airflow/example_dags/example_branch_operator.py
[2022-04-13 08:57:31,409] {processor.py:652} INFO - DAG(s) dict_keys(['example_branch_operator']) retrieved from /home/airflow/.local/lib/python3.7/site-packages/airflow/example_dags/example_branch_operator.py
[2022-04-13 08:57:31,431] {logging_mixin.py:109} INFO - [2022-04-13 08:57:31,431] {dag.py:2398} INFO - Sync 1 DAGs
[2022-04-13 08:57:31,450] {logging_mixin.py:109} INFO - [2022-04-13 08:57:31,450] {dag.py:2937} INFO - Setting next_dagrun for example_branch_operator to 2022-04-12 00:00:00+00:00
[2022-04-13 08:57:31,469] {processor.py:171} INFO - Processing /home/airflow/.local/lib/python3.7/site-packages/airflow/example_dags/example_branch_operator.py took 0.081 seconds
[2022-04-13 08:58:02,518] {processor.py:163} INFO - Started process (PID=452) to work on /home/airflow/.local/lib/python3.7/site-packages/airflow/example_dags/example_branch_operator.py
[2022-04-13 08:58:02,519] {processor.py:642} INFO - Processing file /home/airflow/.local/lib/python3.7/site-packages/airflow/example_dags/example_branch_operator.py for tasks to queue
[2022-04-13 08:58:02,520] {logging_mixin.py:109} INFO - [2022-04-13 08:58:02,520] {dagbag.py:500} INFO - Filling up the DagBag from /home/airflow/.local/lib/python3.7/site-packages/airflow/example_dags/example_branch_operator.py
[2022-04-13 08:58:02,543] {processor.py:652} INFO - DAG(s) dict_keys(['example_branch_operator']) retrieved from /home/airflow/.local/lib/python3.7/site-packages/airflow/example_dags/example_branch_operator.py
[2022-04-13 08:58:02,570] {logging_mixin.py:109} INFO - [2022-04-13 08:58:02,570] {dag.py:2398} INFO - Sync 1 DAGs
[2022-04-13 08:58:02,598] {logging_mixin.py:109} INFO - [2022-04-13 08:58:02,598] {dag.py:2937} INFO - Setting next_dagrun for example_branch_operator to 2022-04-12 00:00:00+00:00
[2022-04-13 08:58:02,614] {processor.py:171} INFO - Processing /home/airflow/.local/lib/python3.7/site-packages/airflow/example_dags/example_branch_operator.py took 0.100 seconds
[2022-04-13 08:58:33,765] {processor.py:163} INFO - Started process (PID=504) to work on /home/airflow/.local/lib/python3.7/site-packages/airflow/example_dags/example_branch_operator.py
[2022-04-13 08:58:33,766] {processor.py:642} INFO - Processing file /home/airflow/.local/lib/python3.7/site-packages/airflow/example_dags/example_branch_operator.py for tasks to queue
[2022-04-13 08:58:33,767] {logging_mixin.py:109} INFO - [2022-04-13 08:58:33,767] {dagbag.py:500} INFO - Filling up the DagBag from /home/airflow/.local/lib/python3.7/site-packages/airflow/example_dags/example_branch_operator.py
[2022-04-13 08:58:33,784] {processor.py:652} INFO - DAG(s) dict_keys(['example_branch_operator']) retrieved from /home/airflow/.local/lib/python3.7/site-packages/airflow/example_dags/example_branch_operator.py
[2022-04-13 08:58:33,809] {logging_mixin.py:109} INFO - [2022-04-13 08:58:33,808] {dag.py:2398} INFO - Sync 1 DAGs
[2022-04-13 08:58:33,826] {logging_mixin.py:109} INFO - [2022-04-13 08:58:33,826] {dag.py:2937} INFO - Setting next_dagrun for example_branch_operator to 2022-04-12 00:00:00+00:00
[2022-04-13 08:58:33,838] {processor.py:171} INFO - Processing /home/airflow/.local/lib/python3.7/site-packages/airflow/example_dags/example_branch_operator.py took 0.076 seconds
[2022-04-13 08:59:04,822] {processor.py:163} INFO - Started process (PID=563) to work on /home/airflow/.local/lib/python3.7/site-packages/airflow/example_dags/example_branch_operator.py
[2022-04-13 08:59:04,823] {processor.py:642} INFO - Processing file /home/airflow/.local/lib/python3.7/site-packages/airflow/example_dags/example_branch_operator.py for tasks to queue
[2022-04-13 08:59:04,824] {logging_mixin.py:109} INFO - [2022-04-13 08:59:04,824] {dagbag.py:500} INFO - Filling up the DagBag from /home/airflow/.local/lib/python3.7/site-packages/airflow/example_dags/example_branch_operator.py
[2022-04-13 08:59:04,852] {processor.py:652} INFO - DAG(s) dict_keys(['example_branch_operator']) retrieved from /home/airflow/.local/lib/python3.7/site-packages/airflow/example_dags/example_branch_operator.py
[2022-04-13 08:59:04,891] {logging_mixin.py:109} INFO - [2022-04-13 08:59:04,891] {dag.py:2398} INFO - Sync 1 DAGs
[2022-04-13 08:59:04,924] {logging_mixin.py:109} INFO - [2022-04-13 08:59:04,923] {dag.py:2937} INFO - Setting next_dagrun for example_branch_operator to 2022-04-12 00:00:00+00:00
[2022-04-13 08:59:04,946] {processor.py:171} INFO - Processing /home/airflow/.local/lib/python3.7/site-packages/airflow/example_dags/example_branch_operator.py took 0.127 seconds
[2022-04-13 08:59:35,593] {processor.py:163} INFO - Started process (PID=617) to work on /home/airflow/.local/lib/python3.7/site-packages/airflow/example_dags/example_branch_operator.py
[2022-04-13 08:59:35,595] {processor.py:642} INFO - Processing file /home/airflow/.local/lib/python3.7/site-packages/airflow/example_dags/example_branch_operator.py for tasks to queue
[2022-04-13 08:59:35,596] {logging_mixin.py:109} INFO - [2022-04-13 08:59:35,596] {dagbag.py:500} INFO - Filling up the DagBag from /home/airflow/.local/lib/python3.7/site-packages/airflow/example_dags/example_branch_operator.py
[2022-04-13 08:59:35,615] {processor.py:652} INFO - DAG(s) dict_keys(['example_branch_operator']) retrieved from /home/airflow/.local/lib/python3.7/site-packages/airflow/example_dags/example_branch_operator.py
[2022-04-13 08:59:35,641] {logging_mixin.py:109} INFO - [2022-04-13 08:59:35,640] {dag.py:2398} INFO - Sync 1 DAGs
[2022-04-13 08:59:35,664] {logging_mixin.py:109} INFO - [2022-04-13 08:59:35,664] {dag.py:2937} INFO - Setting next_dagrun for example_branch_operator to 2022-04-12 00:00:00+00:00
[2022-04-13 08:59:35,678] {processor.py:171} INFO - Processing /home/airflow/.local/lib/python3.7/site-packages/airflow/example_dags/example_branch_operator.py took 0.087 seconds
[2022-04-13 09:00:06,186] {processor.py:163} INFO - Started process (PID=667) to work on /home/airflow/.local/lib/python3.7/site-packages/airflow/example_dags/example_branch_operator.py
[2022-04-13 09:00:06,188] {processor.py:642} INFO - Processing file /home/airflow/.local/lib/python3.7/site-packages/airflow/example_dags/example_branch_operator.py for tasks to queue
[2022-04-13 09:00:06,189] {logging_mixin.py:109} INFO - [2022-04-13 09:00:06,189] {dagbag.py:500} INFO - Filling up the DagBag from /home/airflow/.local/lib/python3.7/site-packages/airflow/example_dags/example_branch_operator.py
[2022-04-13 09:00:06,206] {processor.py:652} INFO - DAG(s) dict_keys(['example_branch_operator']) retrieved from /home/airflow/.local/lib/python3.7/site-packages/airflow/example_dags/example_branch_operator.py
[2022-04-13 09:00:06,232] {logging_mixin.py:109} INFO - [2022-04-13 09:00:06,232] {dag.py:2398} INFO - Sync 1 DAGs
[2022-04-13 09:00:06,254] {logging_mixin.py:109} INFO - [2022-04-13 09:00:06,253] {dag.py:2937} INFO - Setting next_dagrun for example_branch_operator to 2022-04-12 00:00:00+00:00
[2022-04-13 09:00:06,277] {processor.py:171} INFO - Processing /home/airflow/.local/lib/python3.7/site-packages/airflow/example_dags/example_branch_operator.py took 0.094 seconds
[2022-04-13 09:00:36,884] {processor.py:163} INFO - Started process (PID=719) to work on /home/airflow/.local/lib/python3.7/site-packages/airflow/example_dags/example_branch_operator.py
[2022-04-13 09:00:36,885] {processor.py:642} INFO - Processing file /home/airflow/.local/lib/python3.7/site-packages/airflow/example_dags/example_branch_operator.py for tasks to queue
[2022-04-13 09:00:36,886] {logging_mixin.py:109} INFO - [2022-04-13 09:00:36,886] {dagbag.py:500} INFO - Filling up the DagBag from /home/airflow/.local/lib/python3.7/site-packages/airflow/example_dags/example_branch_operator.py
[2022-04-13 09:00:36,912] {processor.py:652} INFO - DAG(s) dict_keys(['example_branch_operator']) retrieved from /home/airflow/.local/lib/python3.7/site-packages/airflow/example_dags/example_branch_operator.py
[2022-04-13 09:00:36,949] {logging_mixin.py:109} INFO - [2022-04-13 09:00:36,949] {dag.py:2398} INFO - Sync 1 DAGs
[2022-04-13 09:00:36,975] {logging_mixin.py:109} INFO - [2022-04-13 09:00:36,975] {dag.py:2937} INFO - Setting next_dagrun for example_branch_operator to 2022-04-12 00:00:00+00:00
[2022-04-13 09:00:36,994] {processor.py:171} INFO - Processing /home/airflow/.local/lib/python3.7/site-packages/airflow/example_dags/example_branch_operator.py took 0.114 seconds
[2022-04-13 09:01:07,500] {processor.py:163} INFO - Started process (PID=779) to work on /home/airflow/.local/lib/python3.7/site-packages/airflow/example_dags/example_branch_operator.py
[2022-04-13 09:01:07,502] {processor.py:642} INFO - Processing file /home/airflow/.local/lib/python3.7/site-packages/airflow/example_dags/example_branch_operator.py for tasks to queue
[2022-04-13 09:01:07,503] {logging_mixin.py:109} INFO - [2022-04-13 09:01:07,503] {dagbag.py:500} INFO - Filling up the DagBag from /home/airflow/.local/lib/python3.7/site-packages/airflow/example_dags/example_branch_operator.py
[2022-04-13 09:01:07,530] {processor.py:652} INFO - DAG(s) dict_keys(['example_branch_operator']) retrieved from /home/airflow/.local/lib/python3.7/site-packages/airflow/example_dags/example_branch_operator.py
[2022-04-13 09:01:07,560] {logging_mixin.py:109} INFO - [2022-04-13 09:01:07,559] {dag.py:2398} INFO - Sync 1 DAGs
[2022-04-13 09:01:07,588] {logging_mixin.py:109} INFO - [2022-04-13 09:01:07,588] {dag.py:2937} INFO - Setting next_dagrun for example_branch_operator to 2022-04-12 00:00:00+00:00
[2022-04-13 09:01:07,603] {processor.py:171} INFO - Processing /home/airflow/.local/lib/python3.7/site-packages/airflow/example_dags/example_branch_operator.py took 0.107 seconds
[2022-04-13 09:01:38,822] {processor.py:163} INFO - Started process (PID=831) to work on /home/airflow/.local/lib/python3.7/site-packages/airflow/example_dags/example_branch_operator.py
[2022-04-13 09:01:38,824] {processor.py:642} INFO - Processing file /home/airflow/.local/lib/python3.7/site-packages/airflow/example_dags/example_branch_operator.py for tasks to queue
[2022-04-13 09:01:38,825] {logging_mixin.py:109} INFO - [2022-04-13 09:01:38,825] {dagbag.py:500} INFO - Filling up the DagBag from /home/airflow/.local/lib/python3.7/site-packages/airflow/example_dags/example_branch_operator.py
[2022-04-13 09:01:38,851] {processor.py:652} INFO - DAG(s) dict_keys(['example_branch_operator']) retrieved from /home/airflow/.local/lib/python3.7/site-packages/airflow/example_dags/example_branch_operator.py
[2022-04-13 09:01:38,881] {logging_mixin.py:109} INFO - [2022-04-13 09:01:38,881] {dag.py:2398} INFO - Sync 1 DAGs
[2022-04-13 09:01:38,901] {logging_mixin.py:109} INFO - [2022-04-13 09:01:38,901] {dag.py:2937} INFO - Setting next_dagrun for example_branch_operator to 2022-04-12 00:00:00+00:00
[2022-04-13 09:01:38,915] {processor.py:171} INFO - Processing /home/airflow/.local/lib/python3.7/site-packages/airflow/example_dags/example_branch_operator.py took 0.096 seconds
[2022-04-13 09:02:09,854] {processor.py:163} INFO - Started process (PID=882) to work on /home/airflow/.local/lib/python3.7/site-packages/airflow/example_dags/example_branch_operator.py
[2022-04-13 09:02:09,856] {processor.py:642} INFO - Processing file /home/airflow/.local/lib/python3.7/site-packages/airflow/example_dags/example_branch_operator.py for tasks to queue
[2022-04-13 09:02:09,857] {logging_mixin.py:109} INFO - [2022-04-13 09:02:09,856] {dagbag.py:500} INFO - Filling up the DagBag from /home/airflow/.local/lib/python3.7/site-packages/airflow/example_dags/example_branch_operator.py
[2022-04-13 09:02:09,878] {processor.py:652} INFO - DAG(s) dict_keys(['example_branch_operator']) retrieved from /home/airflow/.local/lib/python3.7/site-packages/airflow/example_dags/example_branch_operator.py
[2022-04-13 09:02:09,914] {logging_mixin.py:109} INFO - [2022-04-13 09:02:09,914] {dag.py:2398} INFO - Sync 1 DAGs
[2022-04-13 09:02:09,938] {logging_mixin.py:109} INFO - [2022-04-13 09:02:09,938] {dag.py:2937} INFO - Setting next_dagrun for example_branch_operator to 2022-04-12 00:00:00+00:00
[2022-04-13 09:02:09,957] {processor.py:171} INFO - Processing /home/airflow/.local/lib/python3.7/site-packages/airflow/example_dags/example_branch_operator.py took 0.106 seconds
[2022-04-13 09:02:40,792] {processor.py:163} INFO - Started process (PID=944) to work on /home/airflow/.local/lib/python3.7/site-packages/airflow/example_dags/example_branch_operator.py
[2022-04-13 09:02:40,792] {processor.py:642} INFO - Processing file /home/airflow/.local/lib/python3.7/site-packages/airflow/example_dags/example_branch_operator.py for tasks to queue
[2022-04-13 09:02:40,793] {logging_mixin.py:109} INFO - [2022-04-13 09:02:40,793] {dagbag.py:500} INFO - Filling up the DagBag from /home/airflow/.local/lib/python3.7/site-packages/airflow/example_dags/example_branch_operator.py
[2022-04-13 09:02:40,807] {processor.py:652} INFO - DAG(s) dict_keys(['example_branch_operator']) retrieved from /home/airflow/.local/lib/python3.7/site-packages/airflow/example_dags/example_branch_operator.py
[2022-04-13 09:02:40,871] {logging_mixin.py:109} INFO - [2022-04-13 09:02:40,871] {dag.py:2398} INFO - Sync 1 DAGs
[2022-04-13 09:02:40,909] {logging_mixin.py:109} INFO - [2022-04-13 09:02:40,909] {dag.py:2937} INFO - Setting next_dagrun for example_branch_operator to 2022-04-12 00:00:00+00:00
[2022-04-13 09:02:40,923] {processor.py:171} INFO - Processing /home/airflow/.local/lib/python3.7/site-packages/airflow/example_dags/example_branch_operator.py took 0.134 seconds
[2022-04-13 09:03:12,266] {processor.py:163} INFO - Started process (PID=994) to work on /home/airflow/.local/lib/python3.7/site-packages/airflow/example_dags/example_branch_operator.py
[2022-04-13 09:03:12,268] {processor.py:642} INFO - Processing file /home/airflow/.local/lib/python3.7/site-packages/airflow/example_dags/example_branch_operator.py for tasks to queue
[2022-04-13 09:03:12,269] {logging_mixin.py:109} INFO - [2022-04-13 09:03:12,269] {dagbag.py:500} INFO - Filling up the DagBag from /home/airflow/.local/lib/python3.7/site-packages/airflow/example_dags/example_branch_operator.py
[2022-04-13 09:03:12,303] {processor.py:652} INFO - DAG(s) dict_keys(['example_branch_operator']) retrieved from /home/airflow/.local/lib/python3.7/site-packages/airflow/example_dags/example_branch_operator.py
[2022-04-13 09:03:12,344] {logging_mixin.py:109} INFO - [2022-04-13 09:03:12,344] {dag.py:2398} INFO - Sync 1 DAGs
[2022-04-13 09:03:12,375] {logging_mixin.py:109} INFO - [2022-04-13 09:03:12,375] {dag.py:2937} INFO - Setting next_dagrun for example_branch_operator to 2022-04-12 00:00:00+00:00
[2022-04-13 09:03:12,395] {processor.py:171} INFO - Processing /home/airflow/.local/lib/python3.7/site-packages/airflow/example_dags/example_branch_operator.py took 0.134 seconds
[2022-04-13 09:05:52,030] {processor.py:163} INFO - Started process (PID=56) to work on /home/airflow/.local/lib/python3.7/site-packages/airflow/example_dags/example_branch_operator.py
[2022-04-13 09:05:52,032] {processor.py:642} INFO - Processing file /home/airflow/.local/lib/python3.7/site-packages/airflow/example_dags/example_branch_operator.py for tasks to queue
[2022-04-13 09:05:52,033] {logging_mixin.py:109} INFO - [2022-04-13 09:05:52,033] {dagbag.py:500} INFO - Filling up the DagBag from /home/airflow/.local/lib/python3.7/site-packages/airflow/example_dags/example_branch_operator.py
[2022-04-13 09:05:52,048] {processor.py:652} INFO - DAG(s) dict_keys(['example_branch_operator']) retrieved from /home/airflow/.local/lib/python3.7/site-packages/airflow/example_dags/example_branch_operator.py
[2022-04-13 09:05:52,073] {logging_mixin.py:109} INFO - [2022-04-13 09:05:52,073] {dag.py:2398} INFO - Sync 1 DAGs
[2022-04-13 09:05:52,096] {logging_mixin.py:109} INFO - [2022-04-13 09:05:52,095] {dag.py:2937} INFO - Setting next_dagrun for example_branch_operator to 2022-04-12 00:00:00+00:00
[2022-04-13 09:05:52,109] {processor.py:171} INFO - Processing /home/airflow/.local/lib/python3.7/site-packages/airflow/example_dags/example_branch_operator.py took 0.082 seconds
[2022-04-13 09:06:22,963] {processor.py:163} INFO - Started process (PID=107) to work on /home/airflow/.local/lib/python3.7/site-packages/airflow/example_dags/example_branch_operator.py
[2022-04-13 09:06:22,964] {processor.py:642} INFO - Processing file /home/airflow/.local/lib/python3.7/site-packages/airflow/example_dags/example_branch_operator.py for tasks to queue
[2022-04-13 09:06:22,965] {logging_mixin.py:109} INFO - [2022-04-13 09:06:22,965] {dagbag.py:500} INFO - Filling up the DagBag from /home/airflow/.local/lib/python3.7/site-packages/airflow/example_dags/example_branch_operator.py
[2022-04-13 09:06:22,983] {processor.py:652} INFO - DAG(s) dict_keys(['example_branch_operator']) retrieved from /home/airflow/.local/lib/python3.7/site-packages/airflow/example_dags/example_branch_operator.py
[2022-04-13 09:06:23,004] {logging_mixin.py:109} INFO - [2022-04-13 09:06:23,004] {dag.py:2398} INFO - Sync 1 DAGs
[2022-04-13 09:06:23,025] {logging_mixin.py:109} INFO - [2022-04-13 09:06:23,025] {dag.py:2937} INFO - Setting next_dagrun for example_branch_operator to 2022-04-12 00:00:00+00:00
[2022-04-13 09:06:23,042] {processor.py:171} INFO - Processing /home/airflow/.local/lib/python3.7/site-packages/airflow/example_dags/example_branch_operator.py took 0.081 seconds
[2022-04-13 09:06:53,681] {processor.py:163} INFO - Started process (PID=168) to work on /home/airflow/.local/lib/python3.7/site-packages/airflow/example_dags/example_branch_operator.py
[2022-04-13 09:06:53,682] {processor.py:642} INFO - Processing file /home/airflow/.local/lib/python3.7/site-packages/airflow/example_dags/example_branch_operator.py for tasks to queue
[2022-04-13 09:06:53,683] {logging_mixin.py:109} INFO - [2022-04-13 09:06:53,683] {dagbag.py:500} INFO - Filling up the DagBag from /home/airflow/.local/lib/python3.7/site-packages/airflow/example_dags/example_branch_operator.py
[2022-04-13 09:06:53,707] {processor.py:652} INFO - DAG(s) dict_keys(['example_branch_operator']) retrieved from /home/airflow/.local/lib/python3.7/site-packages/airflow/example_dags/example_branch_operator.py
[2022-04-13 09:06:53,732] {logging_mixin.py:109} INFO - [2022-04-13 09:06:53,731] {dag.py:2398} INFO - Sync 1 DAGs
[2022-04-13 09:06:53,752] {logging_mixin.py:109} INFO - [2022-04-13 09:06:53,752] {dag.py:2937} INFO - Setting next_dagrun for example_branch_operator to 2022-04-12 00:00:00+00:00
[2022-04-13 09:06:53,763] {processor.py:171} INFO - Processing /home/airflow/.local/lib/python3.7/site-packages/airflow/example_dags/example_branch_operator.py took 0.084 seconds
[2022-04-13 09:07:24,070] {processor.py:163} INFO - Started process (PID=219) to work on /home/airflow/.local/lib/python3.7/site-packages/airflow/example_dags/example_branch_operator.py
[2022-04-13 09:07:24,071] {processor.py:642} INFO - Processing file /home/airflow/.local/lib/python3.7/site-packages/airflow/example_dags/example_branch_operator.py for tasks to queue
[2022-04-13 09:07:24,071] {logging_mixin.py:109} INFO - [2022-04-13 09:07:24,071] {dagbag.py:500} INFO - Filling up the DagBag from /home/airflow/.local/lib/python3.7/site-packages/airflow/example_dags/example_branch_operator.py
[2022-04-13 09:07:24,091] {processor.py:652} INFO - DAG(s) dict_keys(['example_branch_operator']) retrieved from /home/airflow/.local/lib/python3.7/site-packages/airflow/example_dags/example_branch_operator.py
[2022-04-13 09:07:24,113] {logging_mixin.py:109} INFO - [2022-04-13 09:07:24,113] {dag.py:2398} INFO - Sync 1 DAGs
[2022-04-13 09:07:24,139] {logging_mixin.py:109} INFO - [2022-04-13 09:07:24,138] {dag.py:2937} INFO - Setting next_dagrun for example_branch_operator to 2022-04-12 00:00:00+00:00
[2022-04-13 09:07:24,159] {processor.py:171} INFO - Processing /home/airflow/.local/lib/python3.7/site-packages/airflow/example_dags/example_branch_operator.py took 0.091 seconds
[2022-04-13 09:07:54,536] {processor.py:163} INFO - Started process (PID=269) to work on /home/airflow/.local/lib/python3.7/site-packages/airflow/example_dags/example_branch_operator.py
[2022-04-13 09:07:54,538] {processor.py:642} INFO - Processing file /home/airflow/.local/lib/python3.7/site-packages/airflow/example_dags/example_branch_operator.py for tasks to queue
[2022-04-13 09:07:54,539] {logging_mixin.py:109} INFO - [2022-04-13 09:07:54,539] {dagbag.py:500} INFO - Filling up the DagBag from /home/airflow/.local/lib/python3.7/site-packages/airflow/example_dags/example_branch_operator.py
[2022-04-13 09:07:54,552] {processor.py:652} INFO - DAG(s) dict_keys(['example_branch_operator']) retrieved from /home/airflow/.local/lib/python3.7/site-packages/airflow/example_dags/example_branch_operator.py
[2022-04-13 09:07:54,572] {logging_mixin.py:109} INFO - [2022-04-13 09:07:54,572] {dag.py:2398} INFO - Sync 1 DAGs
[2022-04-13 09:07:54,591] {logging_mixin.py:109} INFO - [2022-04-13 09:07:54,591] {dag.py:2937} INFO - Setting next_dagrun for example_branch_operator to 2022-04-12 00:00:00+00:00
[2022-04-13 09:07:54,604] {processor.py:171} INFO - Processing /home/airflow/.local/lib/python3.7/site-packages/airflow/example_dags/example_branch_operator.py took 0.069 seconds
[2022-04-13 09:08:26,277] {processor.py:163} INFO - Started process (PID=330) to work on /home/airflow/.local/lib/python3.7/site-packages/airflow/example_dags/example_branch_operator.py
[2022-04-13 09:08:26,278] {processor.py:642} INFO - Processing file /home/airflow/.local/lib/python3.7/site-packages/airflow/example_dags/example_branch_operator.py for tasks to queue
[2022-04-13 09:08:26,280] {logging_mixin.py:109} INFO - [2022-04-13 09:08:26,279] {dagbag.py:500} INFO - Filling up the DagBag from /home/airflow/.local/lib/python3.7/site-packages/airflow/example_dags/example_branch_operator.py
[2022-04-13 09:08:26,346] {processor.py:652} INFO - DAG(s) dict_keys(['example_branch_operator']) retrieved from /home/airflow/.local/lib/python3.7/site-packages/airflow/example_dags/example_branch_operator.py
[2022-04-13 09:08:26,405] {logging_mixin.py:109} INFO - [2022-04-13 09:08:26,405] {dag.py:2398} INFO - Sync 1 DAGs
[2022-04-13 09:08:26,462] {logging_mixin.py:109} INFO - [2022-04-13 09:08:26,462] {dag.py:2937} INFO - Setting next_dagrun for example_branch_operator to 2022-04-12 00:00:00+00:00
[2022-04-13 09:08:26,553] {processor.py:171} INFO - Processing /home/airflow/.local/lib/python3.7/site-packages/airflow/example_dags/example_branch_operator.py took 0.280 seconds
[2022-04-13 09:08:56,884] {processor.py:163} INFO - Started process (PID=382) to work on /home/airflow/.local/lib/python3.7/site-packages/airflow/example_dags/example_branch_operator.py
[2022-04-13 09:08:56,886] {processor.py:642} INFO - Processing file /home/airflow/.local/lib/python3.7/site-packages/airflow/example_dags/example_branch_operator.py for tasks to queue
[2022-04-13 09:08:56,887] {logging_mixin.py:109} INFO - [2022-04-13 09:08:56,887] {dagbag.py:500} INFO - Filling up the DagBag from /home/airflow/.local/lib/python3.7/site-packages/airflow/example_dags/example_branch_operator.py
[2022-04-13 09:08:56,914] {processor.py:652} INFO - DAG(s) dict_keys(['example_branch_operator']) retrieved from /home/airflow/.local/lib/python3.7/site-packages/airflow/example_dags/example_branch_operator.py
[2022-04-13 09:08:56,943] {logging_mixin.py:109} INFO - [2022-04-13 09:08:56,943] {dag.py:2398} INFO - Sync 1 DAGs
[2022-04-13 09:08:56,965] {logging_mixin.py:109} INFO - [2022-04-13 09:08:56,965] {dag.py:2937} INFO - Setting next_dagrun for example_branch_operator to 2022-04-12 00:00:00+00:00
[2022-04-13 09:08:56,982] {processor.py:171} INFO - Processing /home/airflow/.local/lib/python3.7/site-packages/airflow/example_dags/example_branch_operator.py took 0.101 seconds
[2022-04-13 09:09:28,552] {processor.py:163} INFO - Started process (PID=443) to work on /home/airflow/.local/lib/python3.7/site-packages/airflow/example_dags/example_branch_operator.py
[2022-04-13 09:09:28,552] {processor.py:642} INFO - Processing file /home/airflow/.local/lib/python3.7/site-packages/airflow/example_dags/example_branch_operator.py for tasks to queue
[2022-04-13 09:09:28,553] {logging_mixin.py:109} INFO - [2022-04-13 09:09:28,553] {dagbag.py:500} INFO - Filling up the DagBag from /home/airflow/.local/lib/python3.7/site-packages/airflow/example_dags/example_branch_operator.py
[2022-04-13 09:09:28,584] {processor.py:652} INFO - DAG(s) dict_keys(['example_branch_operator']) retrieved from /home/airflow/.local/lib/python3.7/site-packages/airflow/example_dags/example_branch_operator.py
[2022-04-13 09:09:28,613] {logging_mixin.py:109} INFO - [2022-04-13 09:09:28,613] {dag.py:2398} INFO - Sync 1 DAGs
[2022-04-13 09:09:28,638] {logging_mixin.py:109} INFO - [2022-04-13 09:09:28,637] {dag.py:2937} INFO - Setting next_dagrun for example_branch_operator to 2022-04-12 00:00:00+00:00
[2022-04-13 09:09:28,650] {processor.py:171} INFO - Processing /home/airflow/.local/lib/python3.7/site-packages/airflow/example_dags/example_branch_operator.py took 0.101 seconds
[2022-04-13 09:09:59,677] {processor.py:163} INFO - Started process (PID=494) to work on /home/airflow/.local/lib/python3.7/site-packages/airflow/example_dags/example_branch_operator.py
[2022-04-13 09:09:59,678] {processor.py:642} INFO - Processing file /home/airflow/.local/lib/python3.7/site-packages/airflow/example_dags/example_branch_operator.py for tasks to queue
[2022-04-13 09:09:59,679] {logging_mixin.py:109} INFO - [2022-04-13 09:09:59,679] {dagbag.py:500} INFO - Filling up the DagBag from /home/airflow/.local/lib/python3.7/site-packages/airflow/example_dags/example_branch_operator.py
[2022-04-13 09:09:59,697] {processor.py:652} INFO - DAG(s) dict_keys(['example_branch_operator']) retrieved from /home/airflow/.local/lib/python3.7/site-packages/airflow/example_dags/example_branch_operator.py
[2022-04-13 09:09:59,728] {logging_mixin.py:109} INFO - [2022-04-13 09:09:59,727] {dag.py:2398} INFO - Sync 1 DAGs
[2022-04-13 09:09:59,749] {logging_mixin.py:109} INFO - [2022-04-13 09:09:59,749] {dag.py:2937} INFO - Setting next_dagrun for example_branch_operator to 2022-04-12 00:00:00+00:00
[2022-04-13 09:09:59,765] {processor.py:171} INFO - Processing /home/airflow/.local/lib/python3.7/site-packages/airflow/example_dags/example_branch_operator.py took 0.091 seconds
[2022-04-13 09:10:30,958] {processor.py:163} INFO - Started process (PID=555) to work on /home/airflow/.local/lib/python3.7/site-packages/airflow/example_dags/example_branch_operator.py
[2022-04-13 09:10:30,960] {processor.py:642} INFO - Processing file /home/airflow/.local/lib/python3.7/site-packages/airflow/example_dags/example_branch_operator.py for tasks to queue
[2022-04-13 09:10:30,960] {logging_mixin.py:109} INFO - [2022-04-13 09:10:30,960] {dagbag.py:500} INFO - Filling up the DagBag from /home/airflow/.local/lib/python3.7/site-packages/airflow/example_dags/example_branch_operator.py
[2022-04-13 09:10:30,983] {processor.py:652} INFO - DAG(s) dict_keys(['example_branch_operator']) retrieved from /home/airflow/.local/lib/python3.7/site-packages/airflow/example_dags/example_branch_operator.py
[2022-04-13 09:10:31,010] {logging_mixin.py:109} INFO - [2022-04-13 09:10:31,010] {dag.py:2398} INFO - Sync 1 DAGs
[2022-04-13 09:10:31,038] {logging_mixin.py:109} INFO - [2022-04-13 09:10:31,038] {dag.py:2937} INFO - Setting next_dagrun for example_branch_operator to 2022-04-12 00:00:00+00:00
[2022-04-13 09:10:31,052] {processor.py:171} INFO - Processing /home/airflow/.local/lib/python3.7/site-packages/airflow/example_dags/example_branch_operator.py took 0.097 seconds
[2022-04-13 09:11:02,086] {processor.py:163} INFO - Started process (PID=606) to work on /home/airflow/.local/lib/python3.7/site-packages/airflow/example_dags/example_branch_operator.py
[2022-04-13 09:11:02,087] {processor.py:642} INFO - Processing file /home/airflow/.local/lib/python3.7/site-packages/airflow/example_dags/example_branch_operator.py for tasks to queue
[2022-04-13 09:11:02,087] {logging_mixin.py:109} INFO - [2022-04-13 09:11:02,087] {dagbag.py:500} INFO - Filling up the DagBag from /home/airflow/.local/lib/python3.7/site-packages/airflow/example_dags/example_branch_operator.py
[2022-04-13 09:11:02,105] {processor.py:652} INFO - DAG(s) dict_keys(['example_branch_operator']) retrieved from /home/airflow/.local/lib/python3.7/site-packages/airflow/example_dags/example_branch_operator.py
[2022-04-13 09:11:02,135] {logging_mixin.py:109} INFO - [2022-04-13 09:11:02,135] {dag.py:2398} INFO - Sync 1 DAGs
[2022-04-13 09:11:02,156] {logging_mixin.py:109} INFO - [2022-04-13 09:11:02,156] {dag.py:2937} INFO - Setting next_dagrun for example_branch_operator to 2022-04-12 00:00:00+00:00
[2022-04-13 09:11:02,169] {processor.py:171} INFO - Processing /home/airflow/.local/lib/python3.7/site-packages/airflow/example_dags/example_branch_operator.py took 0.086 seconds
[2022-04-13 09:11:32,736] {processor.py:163} INFO - Started process (PID=655) to work on /home/airflow/.local/lib/python3.7/site-packages/airflow/example_dags/example_branch_operator.py
[2022-04-13 09:11:32,738] {processor.py:642} INFO - Processing file /home/airflow/.local/lib/python3.7/site-packages/airflow/example_dags/example_branch_operator.py for tasks to queue
[2022-04-13 09:11:32,739] {logging_mixin.py:109} INFO - [2022-04-13 09:11:32,739] {dagbag.py:500} INFO - Filling up the DagBag from /home/airflow/.local/lib/python3.7/site-packages/airflow/example_dags/example_branch_operator.py
[2022-04-13 09:11:32,758] {processor.py:652} INFO - DAG(s) dict_keys(['example_branch_operator']) retrieved from /home/airflow/.local/lib/python3.7/site-packages/airflow/example_dags/example_branch_operator.py
[2022-04-13 09:11:32,784] {logging_mixin.py:109} INFO - [2022-04-13 09:11:32,784] {dag.py:2398} INFO - Sync 1 DAGs
[2022-04-13 09:11:32,808] {logging_mixin.py:109} INFO - [2022-04-13 09:11:32,808] {dag.py:2937} INFO - Setting next_dagrun for example_branch_operator to 2022-04-12 00:00:00+00:00
[2022-04-13 09:11:32,825] {processor.py:171} INFO - Processing /home/airflow/.local/lib/python3.7/site-packages/airflow/example_dags/example_branch_operator.py took 0.092 seconds
[2022-04-13 09:12:04,072] {processor.py:163} INFO - Started process (PID=717) to work on /home/airflow/.local/lib/python3.7/site-packages/airflow/example_dags/example_branch_operator.py
[2022-04-13 09:12:04,073] {processor.py:642} INFO - Processing file /home/airflow/.local/lib/python3.7/site-packages/airflow/example_dags/example_branch_operator.py for tasks to queue
[2022-04-13 09:12:04,074] {logging_mixin.py:109} INFO - [2022-04-13 09:12:04,074] {dagbag.py:500} INFO - Filling up the DagBag from /home/airflow/.local/lib/python3.7/site-packages/airflow/example_dags/example_branch_operator.py
[2022-04-13 09:12:04,100] {processor.py:652} INFO - DAG(s) dict_keys(['example_branch_operator']) retrieved from /home/airflow/.local/lib/python3.7/site-packages/airflow/example_dags/example_branch_operator.py
[2022-04-13 09:12:04,137] {logging_mixin.py:109} INFO - [2022-04-13 09:12:04,136] {dag.py:2398} INFO - Sync 1 DAGs
[2022-04-13 09:12:04,157] {logging_mixin.py:109} INFO - [2022-04-13 09:12:04,157] {dag.py:2937} INFO - Setting next_dagrun for example_branch_operator to 2022-04-12 00:00:00+00:00
[2022-04-13 09:12:04,170] {processor.py:171} INFO - Processing /home/airflow/.local/lib/python3.7/site-packages/airflow/example_dags/example_branch_operator.py took 0.100 seconds
[2022-04-13 09:12:35,460] {processor.py:163} INFO - Started process (PID=769) to work on /home/airflow/.local/lib/python3.7/site-packages/airflow/example_dags/example_branch_operator.py
[2022-04-13 09:12:35,462] {processor.py:642} INFO - Processing file /home/airflow/.local/lib/python3.7/site-packages/airflow/example_dags/example_branch_operator.py for tasks to queue
[2022-04-13 09:12:35,462] {logging_mixin.py:109} INFO - [2022-04-13 09:12:35,462] {dagbag.py:500} INFO - Filling up the DagBag from /home/airflow/.local/lib/python3.7/site-packages/airflow/example_dags/example_branch_operator.py
[2022-04-13 09:12:35,479] {processor.py:652} INFO - DAG(s) dict_keys(['example_branch_operator']) retrieved from /home/airflow/.local/lib/python3.7/site-packages/airflow/example_dags/example_branch_operator.py
[2022-04-13 09:12:35,504] {logging_mixin.py:109} INFO - [2022-04-13 09:12:35,504] {dag.py:2398} INFO - Sync 1 DAGs
[2022-04-13 09:12:35,524] {logging_mixin.py:109} INFO - [2022-04-13 09:12:35,524] {dag.py:2937} INFO - Setting next_dagrun for example_branch_operator to 2022-04-12 00:00:00+00:00
[2022-04-13 09:12:35,538] {processor.py:171} INFO - Processing /home/airflow/.local/lib/python3.7/site-packages/airflow/example_dags/example_branch_operator.py took 0.080 seconds
[2022-04-13 09:13:06,626] {processor.py:163} INFO - Started process (PID=826) to work on /home/airflow/.local/lib/python3.7/site-packages/airflow/example_dags/example_branch_operator.py
[2022-04-13 09:13:06,629] {processor.py:642} INFO - Processing file /home/airflow/.local/lib/python3.7/site-packages/airflow/example_dags/example_branch_operator.py for tasks to queue
[2022-04-13 09:13:06,630] {logging_mixin.py:109} INFO - [2022-04-13 09:13:06,630] {dagbag.py:500} INFO - Filling up the DagBag from /home/airflow/.local/lib/python3.7/site-packages/airflow/example_dags/example_branch_operator.py
[2022-04-13 09:13:06,662] {processor.py:652} INFO - DAG(s) dict_keys(['example_branch_operator']) retrieved from /home/airflow/.local/lib/python3.7/site-packages/airflow/example_dags/example_branch_operator.py
[2022-04-13 09:13:06,691] {logging_mixin.py:109} INFO - [2022-04-13 09:13:06,691] {dag.py:2398} INFO - Sync 1 DAGs
[2022-04-13 09:13:06,718] {logging_mixin.py:109} INFO - [2022-04-13 09:13:06,718] {dag.py:2937} INFO - Setting next_dagrun for example_branch_operator to 2022-04-12 00:00:00+00:00
[2022-04-13 09:13:06,732] {processor.py:171} INFO - Processing /home/airflow/.local/lib/python3.7/site-packages/airflow/example_dags/example_branch_operator.py took 0.109 seconds
[2022-04-13 09:13:37,978] {processor.py:163} INFO - Started process (PID=880) to work on /home/airflow/.local/lib/python3.7/site-packages/airflow/example_dags/example_branch_operator.py
[2022-04-13 09:13:37,980] {processor.py:642} INFO - Processing file /home/airflow/.local/lib/python3.7/site-packages/airflow/example_dags/example_branch_operator.py for tasks to queue
[2022-04-13 09:13:37,980] {logging_mixin.py:109} INFO - [2022-04-13 09:13:37,980] {dagbag.py:500} INFO - Filling up the DagBag from /home/airflow/.local/lib/python3.7/site-packages/airflow/example_dags/example_branch_operator.py
[2022-04-13 09:13:38,005] {processor.py:652} INFO - DAG(s) dict_keys(['example_branch_operator']) retrieved from /home/airflow/.local/lib/python3.7/site-packages/airflow/example_dags/example_branch_operator.py
[2022-04-13 09:13:38,032] {logging_mixin.py:109} INFO - [2022-04-13 09:13:38,032] {dag.py:2398} INFO - Sync 1 DAGs
[2022-04-13 09:13:38,059] {logging_mixin.py:109} INFO - [2022-04-13 09:13:38,058] {dag.py:2937} INFO - Setting next_dagrun for example_branch_operator to 2022-04-12 00:00:00+00:00
[2022-04-13 09:13:38,074] {processor.py:171} INFO - Processing /home/airflow/.local/lib/python3.7/site-packages/airflow/example_dags/example_branch_operator.py took 0.098 seconds
[2022-04-13 09:14:08,834] {processor.py:163} INFO - Started process (PID=931) to work on /home/airflow/.local/lib/python3.7/site-packages/airflow/example_dags/example_branch_operator.py
[2022-04-13 09:14:08,835] {processor.py:642} INFO - Processing file /home/airflow/.local/lib/python3.7/site-packages/airflow/example_dags/example_branch_operator.py for tasks to queue
[2022-04-13 09:14:08,836] {logging_mixin.py:109} INFO - [2022-04-13 09:14:08,836] {dagbag.py:500} INFO - Filling up the DagBag from /home/airflow/.local/lib/python3.7/site-packages/airflow/example_dags/example_branch_operator.py
[2022-04-13 09:14:08,855] {processor.py:652} INFO - DAG(s) dict_keys(['example_branch_operator']) retrieved from /home/airflow/.local/lib/python3.7/site-packages/airflow/example_dags/example_branch_operator.py
[2022-04-13 09:14:08,878] {logging_mixin.py:109} INFO - [2022-04-13 09:14:08,878] {dag.py:2398} INFO - Sync 1 DAGs
[2022-04-13 09:14:08,901] {logging_mixin.py:109} INFO - [2022-04-13 09:14:08,901] {dag.py:2937} INFO - Setting next_dagrun for example_branch_operator to 2022-04-12 00:00:00+00:00
[2022-04-13 09:14:08,918] {processor.py:171} INFO - Processing /home/airflow/.local/lib/python3.7/site-packages/airflow/example_dags/example_branch_operator.py took 0.086 seconds
[2022-04-13 09:14:39,876] {processor.py:163} INFO - Started process (PID=991) to work on /home/airflow/.local/lib/python3.7/site-packages/airflow/example_dags/example_branch_operator.py
[2022-04-13 09:14:39,877] {processor.py:642} INFO - Processing file /home/airflow/.local/lib/python3.7/site-packages/airflow/example_dags/example_branch_operator.py for tasks to queue
[2022-04-13 09:14:39,878] {logging_mixin.py:109} INFO - [2022-04-13 09:14:39,878] {dagbag.py:500} INFO - Filling up the DagBag from /home/airflow/.local/lib/python3.7/site-packages/airflow/example_dags/example_branch_operator.py
[2022-04-13 09:14:39,900] {processor.py:652} INFO - DAG(s) dict_keys(['example_branch_operator']) retrieved from /home/airflow/.local/lib/python3.7/site-packages/airflow/example_dags/example_branch_operator.py
[2022-04-13 09:14:39,926] {logging_mixin.py:109} INFO - [2022-04-13 09:14:39,926] {dag.py:2398} INFO - Sync 1 DAGs
[2022-04-13 09:14:39,953] {logging_mixin.py:109} INFO - [2022-04-13 09:14:39,953] {dag.py:2937} INFO - Setting next_dagrun for example_branch_operator to 2022-04-12 00:00:00+00:00
[2022-04-13 09:14:39,971] {processor.py:171} INFO - Processing /home/airflow/.local/lib/python3.7/site-packages/airflow/example_dags/example_branch_operator.py took 0.098 seconds
[2022-04-13 09:15:11,250] {processor.py:163} INFO - Started process (PID=1041) to work on /home/airflow/.local/lib/python3.7/site-packages/airflow/example_dags/example_branch_operator.py
[2022-04-13 09:15:11,252] {processor.py:642} INFO - Processing file /home/airflow/.local/lib/python3.7/site-packages/airflow/example_dags/example_branch_operator.py for tasks to queue
[2022-04-13 09:15:11,253] {logging_mixin.py:109} INFO - [2022-04-13 09:15:11,253] {dagbag.py:500} INFO - Filling up the DagBag from /home/airflow/.local/lib/python3.7/site-packages/airflow/example_dags/example_branch_operator.py
[2022-04-13 09:15:11,271] {processor.py:652} INFO - DAG(s) dict_keys(['example_branch_operator']) retrieved from /home/airflow/.local/lib/python3.7/site-packages/airflow/example_dags/example_branch_operator.py
[2022-04-13 09:15:11,296] {logging_mixin.py:109} INFO - [2022-04-13 09:15:11,296] {dag.py:2398} INFO - Sync 1 DAGs
[2022-04-13 09:15:11,323] {logging_mixin.py:109} INFO - [2022-04-13 09:15:11,323] {dag.py:2937} INFO - Setting next_dagrun for example_branch_operator to 2022-04-12 00:00:00+00:00
[2022-04-13 09:15:11,336] {processor.py:171} INFO - Processing /home/airflow/.local/lib/python3.7/site-packages/airflow/example_dags/example_branch_operator.py took 0.089 seconds
[2022-04-13 09:15:42,136] {processor.py:163} INFO - Started process (PID=1091) to work on /home/airflow/.local/lib/python3.7/site-packages/airflow/example_dags/example_branch_operator.py
[2022-04-13 09:15:42,137] {processor.py:642} INFO - Processing file /home/airflow/.local/lib/python3.7/site-packages/airflow/example_dags/example_branch_operator.py for tasks to queue
[2022-04-13 09:15:42,138] {logging_mixin.py:109} INFO - [2022-04-13 09:15:42,138] {dagbag.py:500} INFO - Filling up the DagBag from /home/airflow/.local/lib/python3.7/site-packages/airflow/example_dags/example_branch_operator.py
[2022-04-13 09:15:42,155] {processor.py:652} INFO - DAG(s) dict_keys(['example_branch_operator']) retrieved from /home/airflow/.local/lib/python3.7/site-packages/airflow/example_dags/example_branch_operator.py
[2022-04-13 09:15:42,178] {logging_mixin.py:109} INFO - [2022-04-13 09:15:42,178] {dag.py:2398} INFO - Sync 1 DAGs
[2022-04-13 09:15:42,200] {logging_mixin.py:109} INFO - [2022-04-13 09:15:42,200] {dag.py:2937} INFO - Setting next_dagrun for example_branch_operator to 2022-04-12 00:00:00+00:00
[2022-04-13 09:15:42,215] {processor.py:171} INFO - Processing /home/airflow/.local/lib/python3.7/site-packages/airflow/example_dags/example_branch_operator.py took 0.082 seconds
[2022-04-13 09:16:13,150] {processor.py:163} INFO - Started process (PID=1151) to work on /home/airflow/.local/lib/python3.7/site-packages/airflow/example_dags/example_branch_operator.py
[2022-04-13 09:16:13,151] {processor.py:642} INFO - Processing file /home/airflow/.local/lib/python3.7/site-packages/airflow/example_dags/example_branch_operator.py for tasks to queue
[2022-04-13 09:16:13,151] {logging_mixin.py:109} INFO - [2022-04-13 09:16:13,151] {dagbag.py:500} INFO - Filling up the DagBag from /home/airflow/.local/lib/python3.7/site-packages/airflow/example_dags/example_branch_operator.py
[2022-04-13 09:16:13,170] {processor.py:652} INFO - DAG(s) dict_keys(['example_branch_operator']) retrieved from /home/airflow/.local/lib/python3.7/site-packages/airflow/example_dags/example_branch_operator.py
[2022-04-13 09:16:13,196] {logging_mixin.py:109} INFO - [2022-04-13 09:16:13,196] {dag.py:2398} INFO - Sync 1 DAGs
[2022-04-13 09:16:13,220] {logging_mixin.py:109} INFO - [2022-04-13 09:16:13,220] {dag.py:2937} INFO - Setting next_dagrun for example_branch_operator to 2022-04-12 00:00:00+00:00
[2022-04-13 09:16:13,239] {processor.py:171} INFO - Processing /home/airflow/.local/lib/python3.7/site-packages/airflow/example_dags/example_branch_operator.py took 0.091 seconds
[2022-04-13 09:16:43,900] {processor.py:163} INFO - Started process (PID=1203) to work on /home/airflow/.local/lib/python3.7/site-packages/airflow/example_dags/example_branch_operator.py
[2022-04-13 09:16:43,902] {processor.py:642} INFO - Processing file /home/airflow/.local/lib/python3.7/site-packages/airflow/example_dags/example_branch_operator.py for tasks to queue
[2022-04-13 09:16:43,903] {logging_mixin.py:109} INFO - [2022-04-13 09:16:43,903] {dagbag.py:500} INFO - Filling up the DagBag from /home/airflow/.local/lib/python3.7/site-packages/airflow/example_dags/example_branch_operator.py
[2022-04-13 09:16:43,923] {processor.py:652} INFO - DAG(s) dict_keys(['example_branch_operator']) retrieved from /home/airflow/.local/lib/python3.7/site-packages/airflow/example_dags/example_branch_operator.py
[2022-04-13 09:16:43,951] {logging_mixin.py:109} INFO - [2022-04-13 09:16:43,951] {dag.py:2398} INFO - Sync 1 DAGs
[2022-04-13 09:16:43,976] {logging_mixin.py:109} INFO - [2022-04-13 09:16:43,976] {dag.py:2937} INFO - Setting next_dagrun for example_branch_operator to 2022-04-12 00:00:00+00:00
[2022-04-13 09:16:43,991] {processor.py:171} INFO - Processing /home/airflow/.local/lib/python3.7/site-packages/airflow/example_dags/example_branch_operator.py took 0.095 seconds
[2022-04-13 09:17:15,179] {processor.py:163} INFO - Started process (PID=1254) to work on /home/airflow/.local/lib/python3.7/site-packages/airflow/example_dags/example_branch_operator.py
[2022-04-13 09:17:15,181] {processor.py:642} INFO - Processing file /home/airflow/.local/lib/python3.7/site-packages/airflow/example_dags/example_branch_operator.py for tasks to queue
[2022-04-13 09:17:15,181] {logging_mixin.py:109} INFO - [2022-04-13 09:17:15,181] {dagbag.py:500} INFO - Filling up the DagBag from /home/airflow/.local/lib/python3.7/site-packages/airflow/example_dags/example_branch_operator.py
[2022-04-13 09:17:15,199] {processor.py:652} INFO - DAG(s) dict_keys(['example_branch_operator']) retrieved from /home/airflow/.local/lib/python3.7/site-packages/airflow/example_dags/example_branch_operator.py
[2022-04-13 09:17:15,228] {logging_mixin.py:109} INFO - [2022-04-13 09:17:15,228] {dag.py:2398} INFO - Sync 1 DAGs
[2022-04-13 09:17:15,249] {logging_mixin.py:109} INFO - [2022-04-13 09:17:15,249] {dag.py:2937} INFO - Setting next_dagrun for example_branch_operator to 2022-04-12 00:00:00+00:00
[2022-04-13 09:17:15,263] {processor.py:171} INFO - Processing /home/airflow/.local/lib/python3.7/site-packages/airflow/example_dags/example_branch_operator.py took 0.087 seconds
[2022-04-13 09:17:46,511] {processor.py:163} INFO - Started process (PID=1315) to work on /home/airflow/.local/lib/python3.7/site-packages/airflow/example_dags/example_branch_operator.py
[2022-04-13 09:17:46,514] {processor.py:642} INFO - Processing file /home/airflow/.local/lib/python3.7/site-packages/airflow/example_dags/example_branch_operator.py for tasks to queue
[2022-04-13 09:17:46,515] {logging_mixin.py:109} INFO - [2022-04-13 09:17:46,515] {dagbag.py:500} INFO - Filling up the DagBag from /home/airflow/.local/lib/python3.7/site-packages/airflow/example_dags/example_branch_operator.py
[2022-04-13 09:17:46,533] {processor.py:652} INFO - DAG(s) dict_keys(['example_branch_operator']) retrieved from /home/airflow/.local/lib/python3.7/site-packages/airflow/example_dags/example_branch_operator.py
[2022-04-13 09:17:46,558] {logging_mixin.py:109} INFO - [2022-04-13 09:17:46,558] {dag.py:2398} INFO - Sync 1 DAGs
[2022-04-13 09:17:46,581] {logging_mixin.py:109} INFO - [2022-04-13 09:17:46,581] {dag.py:2937} INFO - Setting next_dagrun for example_branch_operator to 2022-04-12 00:00:00+00:00
[2022-04-13 09:17:46,596] {processor.py:171} INFO - Processing /home/airflow/.local/lib/python3.7/site-packages/airflow/example_dags/example_branch_operator.py took 0.087 seconds
[2022-04-13 09:18:17,361] {processor.py:163} INFO - Started process (PID=1365) to work on /home/airflow/.local/lib/python3.7/site-packages/airflow/example_dags/example_branch_operator.py
[2022-04-13 09:18:17,363] {processor.py:642} INFO - Processing file /home/airflow/.local/lib/python3.7/site-packages/airflow/example_dags/example_branch_operator.py for tasks to queue
[2022-04-13 09:18:17,363] {logging_mixin.py:109} INFO - [2022-04-13 09:18:17,363] {dagbag.py:500} INFO - Filling up the DagBag from /home/airflow/.local/lib/python3.7/site-packages/airflow/example_dags/example_branch_operator.py
[2022-04-13 09:18:17,385] {processor.py:652} INFO - DAG(s) dict_keys(['example_branch_operator']) retrieved from /home/airflow/.local/lib/python3.7/site-packages/airflow/example_dags/example_branch_operator.py
[2022-04-13 09:18:17,412] {logging_mixin.py:109} INFO - [2022-04-13 09:18:17,411] {dag.py:2398} INFO - Sync 1 DAGs
[2022-04-13 09:18:17,438] {logging_mixin.py:109} INFO - [2022-04-13 09:18:17,438] {dag.py:2937} INFO - Setting next_dagrun for example_branch_operator to 2022-04-12 00:00:00+00:00
[2022-04-13 09:18:17,452] {processor.py:171} INFO - Processing /home/airflow/.local/lib/python3.7/site-packages/airflow/example_dags/example_branch_operator.py took 0.093 seconds
[2022-04-13 09:18:49,098] {processor.py:163} INFO - Started process (PID=1426) to work on /home/airflow/.local/lib/python3.7/site-packages/airflow/example_dags/example_branch_operator.py
[2022-04-13 09:18:49,100] {processor.py:642} INFO - Processing file /home/airflow/.local/lib/python3.7/site-packages/airflow/example_dags/example_branch_operator.py for tasks to queue
[2022-04-13 09:18:49,101] {logging_mixin.py:109} INFO - [2022-04-13 09:18:49,101] {dagbag.py:500} INFO - Filling up the DagBag from /home/airflow/.local/lib/python3.7/site-packages/airflow/example_dags/example_branch_operator.py
[2022-04-13 09:18:49,136] {processor.py:652} INFO - DAG(s) dict_keys(['example_branch_operator']) retrieved from /home/airflow/.local/lib/python3.7/site-packages/airflow/example_dags/example_branch_operator.py
[2022-04-13 09:18:49,167] {logging_mixin.py:109} INFO - [2022-04-13 09:18:49,166] {dag.py:2398} INFO - Sync 1 DAGs
[2022-04-13 09:18:49,193] {logging_mixin.py:109} INFO - [2022-04-13 09:18:49,192] {dag.py:2937} INFO - Setting next_dagrun for example_branch_operator to 2022-04-12 00:00:00+00:00
[2022-04-13 09:18:49,210] {processor.py:171} INFO - Processing /home/airflow/.local/lib/python3.7/site-packages/airflow/example_dags/example_branch_operator.py took 0.115 seconds
[2022-04-13 09:19:20,082] {processor.py:163} INFO - Started process (PID=1477) to work on /home/airflow/.local/lib/python3.7/site-packages/airflow/example_dags/example_branch_operator.py
[2022-04-13 09:19:20,084] {processor.py:642} INFO - Processing file /home/airflow/.local/lib/python3.7/site-packages/airflow/example_dags/example_branch_operator.py for tasks to queue
[2022-04-13 09:19:20,085] {logging_mixin.py:109} INFO - [2022-04-13 09:19:20,085] {dagbag.py:500} INFO - Filling up the DagBag from /home/airflow/.local/lib/python3.7/site-packages/airflow/example_dags/example_branch_operator.py
[2022-04-13 09:19:20,116] {processor.py:652} INFO - DAG(s) dict_keys(['example_branch_operator']) retrieved from /home/airflow/.local/lib/python3.7/site-packages/airflow/example_dags/example_branch_operator.py
[2022-04-13 09:19:20,143] {logging_mixin.py:109} INFO - [2022-04-13 09:19:20,143] {dag.py:2398} INFO - Sync 1 DAGs
[2022-04-13 09:19:20,169] {logging_mixin.py:109} INFO - [2022-04-13 09:19:20,169] {dag.py:2937} INFO - Setting next_dagrun for example_branch_operator to 2022-04-12 00:00:00+00:00
[2022-04-13 09:19:20,183] {processor.py:171} INFO - Processing /home/airflow/.local/lib/python3.7/site-packages/airflow/example_dags/example_branch_operator.py took 0.103 seconds
[2022-04-13 09:19:50,853] {processor.py:163} INFO - Started process (PID=1528) to work on /home/airflow/.local/lib/python3.7/site-packages/airflow/example_dags/example_branch_operator.py
[2022-04-13 09:19:50,854] {processor.py:642} INFO - Processing file /home/airflow/.local/lib/python3.7/site-packages/airflow/example_dags/example_branch_operator.py for tasks to queue
[2022-04-13 09:19:50,855] {logging_mixin.py:109} INFO - [2022-04-13 09:19:50,855] {dagbag.py:500} INFO - Filling up the DagBag from /home/airflow/.local/lib/python3.7/site-packages/airflow/example_dags/example_branch_operator.py
[2022-04-13 09:19:50,875] {processor.py:652} INFO - DAG(s) dict_keys(['example_branch_operator']) retrieved from /home/airflow/.local/lib/python3.7/site-packages/airflow/example_dags/example_branch_operator.py
[2022-04-13 09:19:50,914] {logging_mixin.py:109} INFO - [2022-04-13 09:19:50,913] {dag.py:2398} INFO - Sync 1 DAGs
[2022-04-13 09:19:50,942] {logging_mixin.py:109} INFO - [2022-04-13 09:19:50,942] {dag.py:2937} INFO - Setting next_dagrun for example_branch_operator to 2022-04-12 00:00:00+00:00
[2022-04-13 09:19:50,958] {processor.py:171} INFO - Processing /home/airflow/.local/lib/python3.7/site-packages/airflow/example_dags/example_branch_operator.py took 0.109 seconds
[2022-04-13 09:20:22,039] {processor.py:163} INFO - Started process (PID=1589) to work on /home/airflow/.local/lib/python3.7/site-packages/airflow/example_dags/example_branch_operator.py
[2022-04-13 09:20:22,052] {processor.py:642} INFO - Processing file /home/airflow/.local/lib/python3.7/site-packages/airflow/example_dags/example_branch_operator.py for tasks to queue
[2022-04-13 09:20:22,053] {logging_mixin.py:109} INFO - [2022-04-13 09:20:22,053] {dagbag.py:500} INFO - Filling up the DagBag from /home/airflow/.local/lib/python3.7/site-packages/airflow/example_dags/example_branch_operator.py
[2022-04-13 09:20:22,089] {processor.py:652} INFO - DAG(s) dict_keys(['example_branch_operator']) retrieved from /home/airflow/.local/lib/python3.7/site-packages/airflow/example_dags/example_branch_operator.py
[2022-04-13 09:20:22,121] {logging_mixin.py:109} INFO - [2022-04-13 09:20:22,121] {dag.py:2398} INFO - Sync 1 DAGs
[2022-04-13 09:20:22,145] {logging_mixin.py:109} INFO - [2022-04-13 09:20:22,145] {dag.py:2937} INFO - Setting next_dagrun for example_branch_operator to 2022-04-12 00:00:00+00:00
[2022-04-13 09:20:22,162] {processor.py:171} INFO - Processing /home/airflow/.local/lib/python3.7/site-packages/airflow/example_dags/example_branch_operator.py took 0.126 seconds
[2022-04-13 09:20:53,179] {processor.py:163} INFO - Started process (PID=1641) to work on /home/airflow/.local/lib/python3.7/site-packages/airflow/example_dags/example_branch_operator.py
[2022-04-13 09:20:53,181] {processor.py:642} INFO - Processing file /home/airflow/.local/lib/python3.7/site-packages/airflow/example_dags/example_branch_operator.py for tasks to queue
[2022-04-13 09:20:53,182] {logging_mixin.py:109} INFO - [2022-04-13 09:20:53,181] {dagbag.py:500} INFO - Filling up the DagBag from /home/airflow/.local/lib/python3.7/site-packages/airflow/example_dags/example_branch_operator.py
[2022-04-13 09:20:53,205] {processor.py:652} INFO - DAG(s) dict_keys(['example_branch_operator']) retrieved from /home/airflow/.local/lib/python3.7/site-packages/airflow/example_dags/example_branch_operator.py
[2022-04-13 09:20:53,229] {logging_mixin.py:109} INFO - [2022-04-13 09:20:53,228] {dag.py:2398} INFO - Sync 1 DAGs
[2022-04-13 09:20:53,249] {logging_mixin.py:109} INFO - [2022-04-13 09:20:53,249] {dag.py:2937} INFO - Setting next_dagrun for example_branch_operator to 2022-04-12 00:00:00+00:00
[2022-04-13 09:20:53,263] {processor.py:171} INFO - Processing /home/airflow/.local/lib/python3.7/site-packages/airflow/example_dags/example_branch_operator.py took 0.086 seconds
[2022-04-13 09:21:24,436] {processor.py:163} INFO - Started process (PID=1692) to work on /home/airflow/.local/lib/python3.7/site-packages/airflow/example_dags/example_branch_operator.py
[2022-04-13 09:21:24,437] {processor.py:642} INFO - Processing file /home/airflow/.local/lib/python3.7/site-packages/airflow/example_dags/example_branch_operator.py for tasks to queue
[2022-04-13 09:21:24,438] {logging_mixin.py:109} INFO - [2022-04-13 09:21:24,438] {dagbag.py:500} INFO - Filling up the DagBag from /home/airflow/.local/lib/python3.7/site-packages/airflow/example_dags/example_branch_operator.py
[2022-04-13 09:21:24,455] {processor.py:652} INFO - DAG(s) dict_keys(['example_branch_operator']) retrieved from /home/airflow/.local/lib/python3.7/site-packages/airflow/example_dags/example_branch_operator.py
[2022-04-13 09:21:24,477] {logging_mixin.py:109} INFO - [2022-04-13 09:21:24,477] {dag.py:2398} INFO - Sync 1 DAGs
[2022-04-13 09:21:24,497] {logging_mixin.py:109} INFO - [2022-04-13 09:21:24,497] {dag.py:2937} INFO - Setting next_dagrun for example_branch_operator to 2022-04-12 00:00:00+00:00
[2022-04-13 09:21:24,509] {processor.py:171} INFO - Processing /home/airflow/.local/lib/python3.7/site-packages/airflow/example_dags/example_branch_operator.py took 0.075 seconds
[2022-04-13 09:21:55,427] {processor.py:163} INFO - Started process (PID=1752) to work on /home/airflow/.local/lib/python3.7/site-packages/airflow/example_dags/example_branch_operator.py
[2022-04-13 09:21:55,428] {processor.py:642} INFO - Processing file /home/airflow/.local/lib/python3.7/site-packages/airflow/example_dags/example_branch_operator.py for tasks to queue
[2022-04-13 09:21:55,428] {logging_mixin.py:109} INFO - [2022-04-13 09:21:55,428] {dagbag.py:500} INFO - Filling up the DagBag from /home/airflow/.local/lib/python3.7/site-packages/airflow/example_dags/example_branch_operator.py
[2022-04-13 09:21:55,450] {processor.py:652} INFO - DAG(s) dict_keys(['example_branch_operator']) retrieved from /home/airflow/.local/lib/python3.7/site-packages/airflow/example_dags/example_branch_operator.py
[2022-04-13 09:21:55,479] {logging_mixin.py:109} INFO - [2022-04-13 09:21:55,479] {dag.py:2398} INFO - Sync 1 DAGs
[2022-04-13 09:21:55,506] {logging_mixin.py:109} INFO - [2022-04-13 09:21:55,505] {dag.py:2937} INFO - Setting next_dagrun for example_branch_operator to 2022-04-12 00:00:00+00:00
[2022-04-13 09:21:55,523] {processor.py:171} INFO - Processing /home/airflow/.local/lib/python3.7/site-packages/airflow/example_dags/example_branch_operator.py took 0.100 seconds
[2022-04-13 09:22:26,904] {processor.py:163} INFO - Started process (PID=1804) to work on /home/airflow/.local/lib/python3.7/site-packages/airflow/example_dags/example_branch_operator.py
[2022-04-13 09:22:26,906] {processor.py:642} INFO - Processing file /home/airflow/.local/lib/python3.7/site-packages/airflow/example_dags/example_branch_operator.py for tasks to queue
[2022-04-13 09:22:26,907] {logging_mixin.py:109} INFO - [2022-04-13 09:22:26,907] {dagbag.py:500} INFO - Filling up the DagBag from /home/airflow/.local/lib/python3.7/site-packages/airflow/example_dags/example_branch_operator.py
[2022-04-13 09:22:26,926] {processor.py:652} INFO - DAG(s) dict_keys(['example_branch_operator']) retrieved from /home/airflow/.local/lib/python3.7/site-packages/airflow/example_dags/example_branch_operator.py
[2022-04-13 09:22:26,953] {logging_mixin.py:109} INFO - [2022-04-13 09:22:26,952] {dag.py:2398} INFO - Sync 1 DAGs
[2022-04-13 09:22:26,976] {logging_mixin.py:109} INFO - [2022-04-13 09:22:26,976] {dag.py:2937} INFO - Setting next_dagrun for example_branch_operator to 2022-04-12 00:00:00+00:00
[2022-04-13 09:22:26,992] {processor.py:171} INFO - Processing /home/airflow/.local/lib/python3.7/site-packages/airflow/example_dags/example_branch_operator.py took 0.091 seconds
[2022-04-13 09:22:58,495] {processor.py:163} INFO - Started process (PID=1856) to work on /home/airflow/.local/lib/python3.7/site-packages/airflow/example_dags/example_branch_operator.py
[2022-04-13 09:22:58,496] {processor.py:642} INFO - Processing file /home/airflow/.local/lib/python3.7/site-packages/airflow/example_dags/example_branch_operator.py for tasks to queue
[2022-04-13 09:22:58,497] {logging_mixin.py:109} INFO - [2022-04-13 09:22:58,497] {dagbag.py:500} INFO - Filling up the DagBag from /home/airflow/.local/lib/python3.7/site-packages/airflow/example_dags/example_branch_operator.py
[2022-04-13 09:22:58,517] {processor.py:652} INFO - DAG(s) dict_keys(['example_branch_operator']) retrieved from /home/airflow/.local/lib/python3.7/site-packages/airflow/example_dags/example_branch_operator.py
[2022-04-13 09:22:58,543] {logging_mixin.py:109} INFO - [2022-04-13 09:22:58,543] {dag.py:2398} INFO - Sync 1 DAGs
[2022-04-13 09:22:58,565] {logging_mixin.py:109} INFO - [2022-04-13 09:22:58,565] {dag.py:2937} INFO - Setting next_dagrun for example_branch_operator to 2022-04-12 00:00:00+00:00
[2022-04-13 09:22:58,577] {processor.py:171} INFO - Processing /home/airflow/.local/lib/python3.7/site-packages/airflow/example_dags/example_branch_operator.py took 0.085 seconds
[2022-04-13 09:23:29,367] {processor.py:163} INFO - Started process (PID=1918) to work on /home/airflow/.local/lib/python3.7/site-packages/airflow/example_dags/example_branch_operator.py
[2022-04-13 09:23:29,369] {processor.py:642} INFO - Processing file /home/airflow/.local/lib/python3.7/site-packages/airflow/example_dags/example_branch_operator.py for tasks to queue
[2022-04-13 09:23:29,370] {logging_mixin.py:109} INFO - [2022-04-13 09:23:29,370] {dagbag.py:500} INFO - Filling up the DagBag from /home/airflow/.local/lib/python3.7/site-packages/airflow/example_dags/example_branch_operator.py
[2022-04-13 09:23:29,386] {processor.py:652} INFO - DAG(s) dict_keys(['example_branch_operator']) retrieved from /home/airflow/.local/lib/python3.7/site-packages/airflow/example_dags/example_branch_operator.py
[2022-04-13 09:23:29,407] {logging_mixin.py:109} INFO - [2022-04-13 09:23:29,407] {dag.py:2398} INFO - Sync 1 DAGs
[2022-04-13 09:23:29,427] {logging_mixin.py:109} INFO - [2022-04-13 09:23:29,427] {dag.py:2937} INFO - Setting next_dagrun for example_branch_operator to 2022-04-12 00:00:00+00:00
[2022-04-13 09:23:29,439] {processor.py:171} INFO - Processing /home/airflow/.local/lib/python3.7/site-packages/airflow/example_dags/example_branch_operator.py took 0.075 seconds
[2022-04-13 09:24:00,466] {processor.py:163} INFO - Started process (PID=1968) to work on /home/airflow/.local/lib/python3.7/site-packages/airflow/example_dags/example_branch_operator.py
[2022-04-13 09:24:00,468] {processor.py:642} INFO - Processing file /home/airflow/.local/lib/python3.7/site-packages/airflow/example_dags/example_branch_operator.py for tasks to queue
[2022-04-13 09:24:00,469] {logging_mixin.py:109} INFO - [2022-04-13 09:24:00,469] {dagbag.py:500} INFO - Filling up the DagBag from /home/airflow/.local/lib/python3.7/site-packages/airflow/example_dags/example_branch_operator.py
[2022-04-13 09:24:00,490] {processor.py:652} INFO - DAG(s) dict_keys(['example_branch_operator']) retrieved from /home/airflow/.local/lib/python3.7/site-packages/airflow/example_dags/example_branch_operator.py
[2022-04-13 09:24:00,520] {logging_mixin.py:109} INFO - [2022-04-13 09:24:00,520] {dag.py:2398} INFO - Sync 1 DAGs
[2022-04-13 09:24:00,546] {logging_mixin.py:109} INFO - [2022-04-13 09:24:00,545] {dag.py:2937} INFO - Setting next_dagrun for example_branch_operator to 2022-04-12 00:00:00+00:00
[2022-04-13 09:24:00,564] {processor.py:171} INFO - Processing /home/airflow/.local/lib/python3.7/site-packages/airflow/example_dags/example_branch_operator.py took 0.102 seconds
[2022-04-13 09:24:31,306] {processor.py:163} INFO - Started process (PID=2018) to work on /home/airflow/.local/lib/python3.7/site-packages/airflow/example_dags/example_branch_operator.py
[2022-04-13 09:24:31,307] {processor.py:642} INFO - Processing file /home/airflow/.local/lib/python3.7/site-packages/airflow/example_dags/example_branch_operator.py for tasks to queue
[2022-04-13 09:24:31,307] {logging_mixin.py:109} INFO - [2022-04-13 09:24:31,307] {dagbag.py:500} INFO - Filling up the DagBag from /home/airflow/.local/lib/python3.7/site-packages/airflow/example_dags/example_branch_operator.py
[2022-04-13 09:24:31,328] {processor.py:652} INFO - DAG(s) dict_keys(['example_branch_operator']) retrieved from /home/airflow/.local/lib/python3.7/site-packages/airflow/example_dags/example_branch_operator.py
[2022-04-13 09:24:31,356] {logging_mixin.py:109} INFO - [2022-04-13 09:24:31,356] {dag.py:2398} INFO - Sync 1 DAGs
[2022-04-13 09:24:31,380] {logging_mixin.py:109} INFO - [2022-04-13 09:24:31,380] {dag.py:2937} INFO - Setting next_dagrun for example_branch_operator to 2022-04-12 00:00:00+00:00
[2022-04-13 09:24:31,397] {processor.py:171} INFO - Processing /home/airflow/.local/lib/python3.7/site-packages/airflow/example_dags/example_branch_operator.py took 0.094 seconds
[2022-04-13 09:25:02,664] {processor.py:163} INFO - Started process (PID=2081) to work on /home/airflow/.local/lib/python3.7/site-packages/airflow/example_dags/example_branch_operator.py
[2022-04-13 09:25:02,666] {processor.py:642} INFO - Processing file /home/airflow/.local/lib/python3.7/site-packages/airflow/example_dags/example_branch_operator.py for tasks to queue
[2022-04-13 09:25:02,667] {logging_mixin.py:109} INFO - [2022-04-13 09:25:02,666] {dagbag.py:500} INFO - Filling up the DagBag from /home/airflow/.local/lib/python3.7/site-packages/airflow/example_dags/example_branch_operator.py
[2022-04-13 09:25:02,691] {processor.py:652} INFO - DAG(s) dict_keys(['example_branch_operator']) retrieved from /home/airflow/.local/lib/python3.7/site-packages/airflow/example_dags/example_branch_operator.py
[2022-04-13 09:25:02,717] {logging_mixin.py:109} INFO - [2022-04-13 09:25:02,717] {dag.py:2398} INFO - Sync 1 DAGs
[2022-04-13 09:25:02,738] {logging_mixin.py:109} INFO - [2022-04-13 09:25:02,738] {dag.py:2937} INFO - Setting next_dagrun for example_branch_operator to 2022-04-12 00:00:00+00:00
[2022-04-13 09:25:02,751] {processor.py:171} INFO - Processing /home/airflow/.local/lib/python3.7/site-packages/airflow/example_dags/example_branch_operator.py took 0.089 seconds
[2022-04-13 09:25:33,170] {processor.py:163} INFO - Started process (PID=2131) to work on /home/airflow/.local/lib/python3.7/site-packages/airflow/example_dags/example_branch_operator.py
[2022-04-13 09:25:33,171] {processor.py:642} INFO - Processing file /home/airflow/.local/lib/python3.7/site-packages/airflow/example_dags/example_branch_operator.py for tasks to queue
[2022-04-13 09:25:33,172] {logging_mixin.py:109} INFO - [2022-04-13 09:25:33,171] {dagbag.py:500} INFO - Filling up the DagBag from /home/airflow/.local/lib/python3.7/site-packages/airflow/example_dags/example_branch_operator.py
[2022-04-13 09:25:33,191] {processor.py:652} INFO - DAG(s) dict_keys(['example_branch_operator']) retrieved from /home/airflow/.local/lib/python3.7/site-packages/airflow/example_dags/example_branch_operator.py
[2022-04-13 09:25:33,220] {logging_mixin.py:109} INFO - [2022-04-13 09:25:33,219] {dag.py:2398} INFO - Sync 1 DAGs
[2022-04-13 09:25:33,241] {logging_mixin.py:109} INFO - [2022-04-13 09:25:33,241] {dag.py:2937} INFO - Setting next_dagrun for example_branch_operator to 2022-04-12 00:00:00+00:00
[2022-04-13 09:25:33,257] {processor.py:171} INFO - Processing /home/airflow/.local/lib/python3.7/site-packages/airflow/example_dags/example_branch_operator.py took 0.089 seconds
[2022-04-13 09:26:04,477] {processor.py:163} INFO - Started process (PID=2192) to work on /home/airflow/.local/lib/python3.7/site-packages/airflow/example_dags/example_branch_operator.py
[2022-04-13 09:26:04,479] {processor.py:642} INFO - Processing file /home/airflow/.local/lib/python3.7/site-packages/airflow/example_dags/example_branch_operator.py for tasks to queue
[2022-04-13 09:26:04,480] {logging_mixin.py:109} INFO - [2022-04-13 09:26:04,480] {dagbag.py:500} INFO - Filling up the DagBag from /home/airflow/.local/lib/python3.7/site-packages/airflow/example_dags/example_branch_operator.py
[2022-04-13 09:26:04,500] {processor.py:652} INFO - DAG(s) dict_keys(['example_branch_operator']) retrieved from /home/airflow/.local/lib/python3.7/site-packages/airflow/example_dags/example_branch_operator.py
[2022-04-13 09:26:04,530] {logging_mixin.py:109} INFO - [2022-04-13 09:26:04,530] {dag.py:2398} INFO - Sync 1 DAGs
[2022-04-13 09:26:04,558] {logging_mixin.py:109} INFO - [2022-04-13 09:26:04,558] {dag.py:2937} INFO - Setting next_dagrun for example_branch_operator to 2022-04-12 00:00:00+00:00
[2022-04-13 09:26:04,573] {processor.py:171} INFO - Processing /home/airflow/.local/lib/python3.7/site-packages/airflow/example_dags/example_branch_operator.py took 0.099 seconds
