[2022-04-13 08:46:31,221] {processor.py:163} INFO - Started process (PID=204) to work on /home/airflow/.local/lib/python3.7/site-packages/airflow/example_dags/example_branch_day_of_week_operator.py
[2022-04-13 08:46:31,222] {processor.py:642} INFO - Processing file /home/airflow/.local/lib/python3.7/site-packages/airflow/example_dags/example_branch_day_of_week_operator.py for tasks to queue
[2022-04-13 08:46:31,223] {logging_mixin.py:109} INFO - [2022-04-13 08:46:31,223] {dagbag.py:500} INFO - Filling up the DagBag from /home/airflow/.local/lib/python3.7/site-packages/airflow/example_dags/example_branch_day_of_week_operator.py
[2022-04-13 08:46:31,245] {processor.py:652} INFO - DAG(s) dict_keys(['example_weekday_branch_operator']) retrieved from /home/airflow/.local/lib/python3.7/site-packages/airflow/example_dags/example_branch_day_of_week_operator.py
[2022-04-13 08:46:33,357] {logging_mixin.py:109} INFO - [2022-04-13 08:46:33,357] {manager.py:496} INFO - Created Permission View: can read on DAG:example_weekday_branch_operator
[2022-04-13 08:46:33,374] {logging_mixin.py:109} INFO - [2022-04-13 08:46:33,374] {manager.py:496} INFO - Created Permission View: can edit on DAG:example_weekday_branch_operator
[2022-04-13 08:46:33,375] {logging_mixin.py:109} INFO - [2022-04-13 08:46:33,374] {dag.py:2398} INFO - Sync 1 DAGs
[2022-04-13 08:46:33,383] {logging_mixin.py:109} INFO - [2022-04-13 08:46:33,383] {dag.py:2417} INFO - Creating ORM DAG for example_weekday_branch_operator
[2022-04-13 08:46:33,393] {logging_mixin.py:109} INFO - [2022-04-13 08:46:33,393] {dag.py:2937} INFO - Setting next_dagrun for example_weekday_branch_operator to 2022-04-12 00:00:00+00:00
[2022-04-13 08:46:33,410] {processor.py:171} INFO - Processing /home/airflow/.local/lib/python3.7/site-packages/airflow/example_dags/example_branch_day_of_week_operator.py took 2.194 seconds
[2022-04-13 08:47:04,060] {processor.py:163} INFO - Started process (PID=481) to work on /home/airflow/.local/lib/python3.7/site-packages/airflow/example_dags/example_branch_day_of_week_operator.py
[2022-04-13 08:47:04,061] {processor.py:642} INFO - Processing file /home/airflow/.local/lib/python3.7/site-packages/airflow/example_dags/example_branch_day_of_week_operator.py for tasks to queue
[2022-04-13 08:47:04,062] {logging_mixin.py:109} INFO - [2022-04-13 08:47:04,062] {dagbag.py:500} INFO - Filling up the DagBag from /home/airflow/.local/lib/python3.7/site-packages/airflow/example_dags/example_branch_day_of_week_operator.py
[2022-04-13 08:47:04,087] {processor.py:652} INFO - DAG(s) dict_keys(['example_weekday_branch_operator']) retrieved from /home/airflow/.local/lib/python3.7/site-packages/airflow/example_dags/example_branch_day_of_week_operator.py
[2022-04-13 08:47:04,116] {logging_mixin.py:109} INFO - [2022-04-13 08:47:04,116] {dag.py:2398} INFO - Sync 1 DAGs
[2022-04-13 08:47:04,146] {logging_mixin.py:109} INFO - [2022-04-13 08:47:04,146] {dag.py:2937} INFO - Setting next_dagrun for example_weekday_branch_operator to 2022-04-12 00:00:00+00:00
[2022-04-13 08:47:04,164] {processor.py:171} INFO - Processing /home/airflow/.local/lib/python3.7/site-packages/airflow/example_dags/example_branch_day_of_week_operator.py took 0.107 seconds
[2022-04-13 08:47:34,273] {processor.py:163} INFO - Started process (PID=533) to work on /home/airflow/.local/lib/python3.7/site-packages/airflow/example_dags/example_branch_day_of_week_operator.py
[2022-04-13 08:47:34,275] {processor.py:642} INFO - Processing file /home/airflow/.local/lib/python3.7/site-packages/airflow/example_dags/example_branch_day_of_week_operator.py for tasks to queue
[2022-04-13 08:47:34,276] {logging_mixin.py:109} INFO - [2022-04-13 08:47:34,275] {dagbag.py:500} INFO - Filling up the DagBag from /home/airflow/.local/lib/python3.7/site-packages/airflow/example_dags/example_branch_day_of_week_operator.py
[2022-04-13 08:47:34,298] {processor.py:652} INFO - DAG(s) dict_keys(['example_weekday_branch_operator']) retrieved from /home/airflow/.local/lib/python3.7/site-packages/airflow/example_dags/example_branch_day_of_week_operator.py
[2022-04-13 08:47:34,321] {logging_mixin.py:109} INFO - [2022-04-13 08:47:34,321] {dag.py:2398} INFO - Sync 1 DAGs
[2022-04-13 08:47:34,342] {logging_mixin.py:109} INFO - [2022-04-13 08:47:34,342] {dag.py:2937} INFO - Setting next_dagrun for example_weekday_branch_operator to 2022-04-12 00:00:00+00:00
[2022-04-13 08:47:34,357] {processor.py:171} INFO - Processing /home/airflow/.local/lib/python3.7/site-packages/airflow/example_dags/example_branch_day_of_week_operator.py took 0.087 seconds
[2022-04-13 08:48:04,510] {processor.py:163} INFO - Started process (PID=583) to work on /home/airflow/.local/lib/python3.7/site-packages/airflow/example_dags/example_branch_day_of_week_operator.py
[2022-04-13 08:48:04,512] {processor.py:642} INFO - Processing file /home/airflow/.local/lib/python3.7/site-packages/airflow/example_dags/example_branch_day_of_week_operator.py for tasks to queue
[2022-04-13 08:48:04,513] {logging_mixin.py:109} INFO - [2022-04-13 08:48:04,513] {dagbag.py:500} INFO - Filling up the DagBag from /home/airflow/.local/lib/python3.7/site-packages/airflow/example_dags/example_branch_day_of_week_operator.py
[2022-04-13 08:48:04,529] {processor.py:652} INFO - DAG(s) dict_keys(['example_weekday_branch_operator']) retrieved from /home/airflow/.local/lib/python3.7/site-packages/airflow/example_dags/example_branch_day_of_week_operator.py
[2022-04-13 08:48:04,551] {logging_mixin.py:109} INFO - [2022-04-13 08:48:04,551] {dag.py:2398} INFO - Sync 1 DAGs
[2022-04-13 08:48:04,572] {logging_mixin.py:109} INFO - [2022-04-13 08:48:04,572] {dag.py:2937} INFO - Setting next_dagrun for example_weekday_branch_operator to 2022-04-12 00:00:00+00:00
[2022-04-13 08:48:04,590] {processor.py:171} INFO - Processing /home/airflow/.local/lib/python3.7/site-packages/airflow/example_dags/example_branch_day_of_week_operator.py took 0.083 seconds
[2022-04-13 08:48:34,989] {processor.py:163} INFO - Started process (PID=644) to work on /home/airflow/.local/lib/python3.7/site-packages/airflow/example_dags/example_branch_day_of_week_operator.py
[2022-04-13 08:48:34,993] {processor.py:642} INFO - Processing file /home/airflow/.local/lib/python3.7/site-packages/airflow/example_dags/example_branch_day_of_week_operator.py for tasks to queue
[2022-04-13 08:48:34,993] {logging_mixin.py:109} INFO - [2022-04-13 08:48:34,993] {dagbag.py:500} INFO - Filling up the DagBag from /home/airflow/.local/lib/python3.7/site-packages/airflow/example_dags/example_branch_day_of_week_operator.py
[2022-04-13 08:48:35,019] {processor.py:652} INFO - DAG(s) dict_keys(['example_weekday_branch_operator']) retrieved from /home/airflow/.local/lib/python3.7/site-packages/airflow/example_dags/example_branch_day_of_week_operator.py
[2022-04-13 08:48:35,050] {logging_mixin.py:109} INFO - [2022-04-13 08:48:35,050] {dag.py:2398} INFO - Sync 1 DAGs
[2022-04-13 08:48:35,078] {logging_mixin.py:109} INFO - [2022-04-13 08:48:35,078] {dag.py:2937} INFO - Setting next_dagrun for example_weekday_branch_operator to 2022-04-12 00:00:00+00:00
[2022-04-13 08:48:35,096] {processor.py:171} INFO - Processing /home/airflow/.local/lib/python3.7/site-packages/airflow/example_dags/example_branch_day_of_week_operator.py took 0.110 seconds
[2022-04-13 08:52:09,523] {processor.py:163} INFO - Started process (PID=49) to work on /home/airflow/.local/lib/python3.7/site-packages/airflow/example_dags/example_branch_day_of_week_operator.py
[2022-04-13 08:52:09,526] {processor.py:642} INFO - Processing file /home/airflow/.local/lib/python3.7/site-packages/airflow/example_dags/example_branch_day_of_week_operator.py for tasks to queue
[2022-04-13 08:52:09,527] {logging_mixin.py:109} INFO - [2022-04-13 08:52:09,527] {dagbag.py:500} INFO - Filling up the DagBag from /home/airflow/.local/lib/python3.7/site-packages/airflow/example_dags/example_branch_day_of_week_operator.py
[2022-04-13 08:52:09,554] {processor.py:652} INFO - DAG(s) dict_keys(['example_weekday_branch_operator']) retrieved from /home/airflow/.local/lib/python3.7/site-packages/airflow/example_dags/example_branch_day_of_week_operator.py
[2022-04-13 08:52:09,599] {logging_mixin.py:109} INFO - [2022-04-13 08:52:09,599] {dag.py:2398} INFO - Sync 1 DAGs
[2022-04-13 08:52:09,626] {logging_mixin.py:109} INFO - [2022-04-13 08:52:09,625] {dag.py:2937} INFO - Setting next_dagrun for example_weekday_branch_operator to 2022-04-12 00:00:00+00:00
[2022-04-13 08:52:09,644] {processor.py:171} INFO - Processing /home/airflow/.local/lib/python3.7/site-packages/airflow/example_dags/example_branch_day_of_week_operator.py took 0.131 seconds
[2022-04-13 08:54:26,947] {processor.py:163} INFO - Started process (PID=53) to work on /home/airflow/.local/lib/python3.7/site-packages/airflow/example_dags/example_branch_day_of_week_operator.py
[2022-04-13 08:54:26,950] {processor.py:642} INFO - Processing file /home/airflow/.local/lib/python3.7/site-packages/airflow/example_dags/example_branch_day_of_week_operator.py for tasks to queue
[2022-04-13 08:54:26,951] {logging_mixin.py:109} INFO - [2022-04-13 08:54:26,951] {dagbag.py:500} INFO - Filling up the DagBag from /home/airflow/.local/lib/python3.7/site-packages/airflow/example_dags/example_branch_day_of_week_operator.py
[2022-04-13 08:54:26,977] {processor.py:652} INFO - DAG(s) dict_keys(['example_weekday_branch_operator']) retrieved from /home/airflow/.local/lib/python3.7/site-packages/airflow/example_dags/example_branch_day_of_week_operator.py
[2022-04-13 08:54:27,002] {logging_mixin.py:109} INFO - [2022-04-13 08:54:27,002] {dag.py:2398} INFO - Sync 1 DAGs
[2022-04-13 08:54:27,023] {logging_mixin.py:109} INFO - [2022-04-13 08:54:27,023] {dag.py:2937} INFO - Setting next_dagrun for example_weekday_branch_operator to 2022-04-12 00:00:00+00:00
[2022-04-13 08:54:27,037] {processor.py:171} INFO - Processing /home/airflow/.local/lib/python3.7/site-packages/airflow/example_dags/example_branch_day_of_week_operator.py took 0.093 seconds
[2022-04-13 08:54:57,600] {processor.py:163} INFO - Started process (PID=105) to work on /home/airflow/.local/lib/python3.7/site-packages/airflow/example_dags/example_branch_day_of_week_operator.py
[2022-04-13 08:54:57,601] {processor.py:642} INFO - Processing file /home/airflow/.local/lib/python3.7/site-packages/airflow/example_dags/example_branch_day_of_week_operator.py for tasks to queue
[2022-04-13 08:54:57,602] {logging_mixin.py:109} INFO - [2022-04-13 08:54:57,602] {dagbag.py:500} INFO - Filling up the DagBag from /home/airflow/.local/lib/python3.7/site-packages/airflow/example_dags/example_branch_day_of_week_operator.py
[2022-04-13 08:54:57,616] {processor.py:652} INFO - DAG(s) dict_keys(['example_weekday_branch_operator']) retrieved from /home/airflow/.local/lib/python3.7/site-packages/airflow/example_dags/example_branch_day_of_week_operator.py
[2022-04-13 08:54:57,635] {logging_mixin.py:109} INFO - [2022-04-13 08:54:57,635] {dag.py:2398} INFO - Sync 1 DAGs
[2022-04-13 08:54:57,652] {logging_mixin.py:109} INFO - [2022-04-13 08:54:57,652] {dag.py:2937} INFO - Setting next_dagrun for example_weekday_branch_operator to 2022-04-12 00:00:00+00:00
[2022-04-13 08:54:57,662] {processor.py:171} INFO - Processing /home/airflow/.local/lib/python3.7/site-packages/airflow/example_dags/example_branch_day_of_week_operator.py took 0.064 seconds
[2022-04-13 08:55:28,917] {processor.py:163} INFO - Started process (PID=165) to work on /home/airflow/.local/lib/python3.7/site-packages/airflow/example_dags/example_branch_day_of_week_operator.py
[2022-04-13 08:55:28,919] {processor.py:642} INFO - Processing file /home/airflow/.local/lib/python3.7/site-packages/airflow/example_dags/example_branch_day_of_week_operator.py for tasks to queue
[2022-04-13 08:55:28,920] {logging_mixin.py:109} INFO - [2022-04-13 08:55:28,919] {dagbag.py:500} INFO - Filling up the DagBag from /home/airflow/.local/lib/python3.7/site-packages/airflow/example_dags/example_branch_day_of_week_operator.py
[2022-04-13 08:55:28,939] {processor.py:652} INFO - DAG(s) dict_keys(['example_weekday_branch_operator']) retrieved from /home/airflow/.local/lib/python3.7/site-packages/airflow/example_dags/example_branch_day_of_week_operator.py
[2022-04-13 08:55:28,963] {logging_mixin.py:109} INFO - [2022-04-13 08:55:28,962] {dag.py:2398} INFO - Sync 1 DAGs
[2022-04-13 08:55:28,983] {logging_mixin.py:109} INFO - [2022-04-13 08:55:28,983] {dag.py:2937} INFO - Setting next_dagrun for example_weekday_branch_operator to 2022-04-12 00:00:00+00:00
[2022-04-13 08:55:28,997] {processor.py:171} INFO - Processing /home/airflow/.local/lib/python3.7/site-packages/airflow/example_dags/example_branch_day_of_week_operator.py took 0.082 seconds
[2022-04-13 08:56:00,299] {processor.py:163} INFO - Started process (PID=217) to work on /home/airflow/.local/lib/python3.7/site-packages/airflow/example_dags/example_branch_day_of_week_operator.py
[2022-04-13 08:56:00,300] {processor.py:642} INFO - Processing file /home/airflow/.local/lib/python3.7/site-packages/airflow/example_dags/example_branch_day_of_week_operator.py for tasks to queue
[2022-04-13 08:56:00,301] {logging_mixin.py:109} INFO - [2022-04-13 08:56:00,300] {dagbag.py:500} INFO - Filling up the DagBag from /home/airflow/.local/lib/python3.7/site-packages/airflow/example_dags/example_branch_day_of_week_operator.py
[2022-04-13 08:56:00,315] {processor.py:652} INFO - DAG(s) dict_keys(['example_weekday_branch_operator']) retrieved from /home/airflow/.local/lib/python3.7/site-packages/airflow/example_dags/example_branch_day_of_week_operator.py
[2022-04-13 08:56:00,342] {logging_mixin.py:109} INFO - [2022-04-13 08:56:00,341] {dag.py:2398} INFO - Sync 1 DAGs
[2022-04-13 08:56:00,363] {logging_mixin.py:109} INFO - [2022-04-13 08:56:00,363] {dag.py:2937} INFO - Setting next_dagrun for example_weekday_branch_operator to 2022-04-12 00:00:00+00:00
[2022-04-13 08:56:00,378] {processor.py:171} INFO - Processing /home/airflow/.local/lib/python3.7/site-packages/airflow/example_dags/example_branch_day_of_week_operator.py took 0.082 seconds
[2022-04-13 08:56:30,465] {processor.py:163} INFO - Started process (PID=277) to work on /home/airflow/.local/lib/python3.7/site-packages/airflow/example_dags/example_branch_day_of_week_operator.py
[2022-04-13 08:56:30,467] {processor.py:642} INFO - Processing file /home/airflow/.local/lib/python3.7/site-packages/airflow/example_dags/example_branch_day_of_week_operator.py for tasks to queue
[2022-04-13 08:56:30,467] {logging_mixin.py:109} INFO - [2022-04-13 08:56:30,467] {dagbag.py:500} INFO - Filling up the DagBag from /home/airflow/.local/lib/python3.7/site-packages/airflow/example_dags/example_branch_day_of_week_operator.py
[2022-04-13 08:56:30,477] {processor.py:652} INFO - DAG(s) dict_keys(['example_weekday_branch_operator']) retrieved from /home/airflow/.local/lib/python3.7/site-packages/airflow/example_dags/example_branch_day_of_week_operator.py
[2022-04-13 08:56:30,493] {logging_mixin.py:109} INFO - [2022-04-13 08:56:30,493] {dag.py:2398} INFO - Sync 1 DAGs
[2022-04-13 08:56:30,510] {logging_mixin.py:109} INFO - [2022-04-13 08:56:30,510] {dag.py:2937} INFO - Setting next_dagrun for example_weekday_branch_operator to 2022-04-12 00:00:00+00:00
[2022-04-13 08:56:30,520] {processor.py:171} INFO - Processing /home/airflow/.local/lib/python3.7/site-packages/airflow/example_dags/example_branch_day_of_week_operator.py took 0.056 seconds
[2022-04-13 08:57:00,856] {processor.py:163} INFO - Started process (PID=328) to work on /home/airflow/.local/lib/python3.7/site-packages/airflow/example_dags/example_branch_day_of_week_operator.py
[2022-04-13 08:57:00,858] {processor.py:642} INFO - Processing file /home/airflow/.local/lib/python3.7/site-packages/airflow/example_dags/example_branch_day_of_week_operator.py for tasks to queue
[2022-04-13 08:57:00,858] {logging_mixin.py:109} INFO - [2022-04-13 08:57:00,858] {dagbag.py:500} INFO - Filling up the DagBag from /home/airflow/.local/lib/python3.7/site-packages/airflow/example_dags/example_branch_day_of_week_operator.py
[2022-04-13 08:57:00,872] {processor.py:652} INFO - DAG(s) dict_keys(['example_weekday_branch_operator']) retrieved from /home/airflow/.local/lib/python3.7/site-packages/airflow/example_dags/example_branch_day_of_week_operator.py
[2022-04-13 08:57:00,889] {logging_mixin.py:109} INFO - [2022-04-13 08:57:00,889] {dag.py:2398} INFO - Sync 1 DAGs
[2022-04-13 08:57:00,906] {logging_mixin.py:109} INFO - [2022-04-13 08:57:00,906] {dag.py:2937} INFO - Setting next_dagrun for example_weekday_branch_operator to 2022-04-12 00:00:00+00:00
[2022-04-13 08:57:00,918] {processor.py:171} INFO - Processing /home/airflow/.local/lib/python3.7/site-packages/airflow/example_dags/example_branch_day_of_week_operator.py took 0.064 seconds
[2022-04-13 08:57:31,153] {processor.py:163} INFO - Started process (PID=387) to work on /home/airflow/.local/lib/python3.7/site-packages/airflow/example_dags/example_branch_day_of_week_operator.py
[2022-04-13 08:57:31,154] {processor.py:642} INFO - Processing file /home/airflow/.local/lib/python3.7/site-packages/airflow/example_dags/example_branch_day_of_week_operator.py for tasks to queue
[2022-04-13 08:57:31,155] {logging_mixin.py:109} INFO - [2022-04-13 08:57:31,155] {dagbag.py:500} INFO - Filling up the DagBag from /home/airflow/.local/lib/python3.7/site-packages/airflow/example_dags/example_branch_day_of_week_operator.py
[2022-04-13 08:57:31,169] {processor.py:652} INFO - DAG(s) dict_keys(['example_weekday_branch_operator']) retrieved from /home/airflow/.local/lib/python3.7/site-packages/airflow/example_dags/example_branch_day_of_week_operator.py
[2022-04-13 08:57:31,188] {logging_mixin.py:109} INFO - [2022-04-13 08:57:31,187] {dag.py:2398} INFO - Sync 1 DAGs
[2022-04-13 08:57:31,209] {logging_mixin.py:109} INFO - [2022-04-13 08:57:31,209] {dag.py:2937} INFO - Setting next_dagrun for example_weekday_branch_operator to 2022-04-12 00:00:00+00:00
[2022-04-13 08:57:31,224] {processor.py:171} INFO - Processing /home/airflow/.local/lib/python3.7/site-packages/airflow/example_dags/example_branch_day_of_week_operator.py took 0.073 seconds
[2022-04-13 08:58:02,330] {processor.py:163} INFO - Started process (PID=446) to work on /home/airflow/.local/lib/python3.7/site-packages/airflow/example_dags/example_branch_day_of_week_operator.py
[2022-04-13 08:58:02,331] {processor.py:642} INFO - Processing file /home/airflow/.local/lib/python3.7/site-packages/airflow/example_dags/example_branch_day_of_week_operator.py for tasks to queue
[2022-04-13 08:58:02,332] {logging_mixin.py:109} INFO - [2022-04-13 08:58:02,331] {dagbag.py:500} INFO - Filling up the DagBag from /home/airflow/.local/lib/python3.7/site-packages/airflow/example_dags/example_branch_day_of_week_operator.py
[2022-04-13 08:58:02,342] {processor.py:652} INFO - DAG(s) dict_keys(['example_weekday_branch_operator']) retrieved from /home/airflow/.local/lib/python3.7/site-packages/airflow/example_dags/example_branch_day_of_week_operator.py
[2022-04-13 08:58:02,361] {logging_mixin.py:109} INFO - [2022-04-13 08:58:02,361] {dag.py:2398} INFO - Sync 1 DAGs
[2022-04-13 08:58:02,383] {logging_mixin.py:109} INFO - [2022-04-13 08:58:02,383] {dag.py:2937} INFO - Setting next_dagrun for example_weekday_branch_operator to 2022-04-12 00:00:00+00:00
[2022-04-13 08:58:02,396] {processor.py:171} INFO - Processing /home/airflow/.local/lib/python3.7/site-packages/airflow/example_dags/example_branch_day_of_week_operator.py took 0.069 seconds
[2022-04-13 08:58:33,525] {processor.py:163} INFO - Started process (PID=500) to work on /home/airflow/.local/lib/python3.7/site-packages/airflow/example_dags/example_branch_day_of_week_operator.py
[2022-04-13 08:58:33,526] {processor.py:642} INFO - Processing file /home/airflow/.local/lib/python3.7/site-packages/airflow/example_dags/example_branch_day_of_week_operator.py for tasks to queue
[2022-04-13 08:58:33,527] {logging_mixin.py:109} INFO - [2022-04-13 08:58:33,527] {dagbag.py:500} INFO - Filling up the DagBag from /home/airflow/.local/lib/python3.7/site-packages/airflow/example_dags/example_branch_day_of_week_operator.py
[2022-04-13 08:58:33,541] {processor.py:652} INFO - DAG(s) dict_keys(['example_weekday_branch_operator']) retrieved from /home/airflow/.local/lib/python3.7/site-packages/airflow/example_dags/example_branch_day_of_week_operator.py
[2022-04-13 08:58:33,567] {logging_mixin.py:109} INFO - [2022-04-13 08:58:33,567] {dag.py:2398} INFO - Sync 1 DAGs
[2022-04-13 08:58:33,585] {logging_mixin.py:109} INFO - [2022-04-13 08:58:33,585] {dag.py:2937} INFO - Setting next_dagrun for example_weekday_branch_operator to 2022-04-12 00:00:00+00:00
[2022-04-13 08:58:33,600] {processor.py:171} INFO - Processing /home/airflow/.local/lib/python3.7/site-packages/airflow/example_dags/example_branch_day_of_week_operator.py took 0.077 seconds
[2022-04-13 08:59:04,552] {processor.py:163} INFO - Started process (PID=559) to work on /home/airflow/.local/lib/python3.7/site-packages/airflow/example_dags/example_branch_day_of_week_operator.py
[2022-04-13 08:59:04,553] {processor.py:642} INFO - Processing file /home/airflow/.local/lib/python3.7/site-packages/airflow/example_dags/example_branch_day_of_week_operator.py for tasks to queue
[2022-04-13 08:59:04,554] {logging_mixin.py:109} INFO - [2022-04-13 08:59:04,554] {dagbag.py:500} INFO - Filling up the DagBag from /home/airflow/.local/lib/python3.7/site-packages/airflow/example_dags/example_branch_day_of_week_operator.py
[2022-04-13 08:59:04,576] {processor.py:652} INFO - DAG(s) dict_keys(['example_weekday_branch_operator']) retrieved from /home/airflow/.local/lib/python3.7/site-packages/airflow/example_dags/example_branch_day_of_week_operator.py
[2022-04-13 08:59:04,605] {logging_mixin.py:109} INFO - [2022-04-13 08:59:04,605] {dag.py:2398} INFO - Sync 1 DAGs
[2022-04-13 08:59:04,632] {logging_mixin.py:109} INFO - [2022-04-13 08:59:04,631] {dag.py:2937} INFO - Setting next_dagrun for example_weekday_branch_operator to 2022-04-12 00:00:00+00:00
[2022-04-13 08:59:04,650] {processor.py:171} INFO - Processing /home/airflow/.local/lib/python3.7/site-packages/airflow/example_dags/example_branch_day_of_week_operator.py took 0.102 seconds
[2022-04-13 08:59:35,372] {processor.py:163} INFO - Started process (PID=613) to work on /home/airflow/.local/lib/python3.7/site-packages/airflow/example_dags/example_branch_day_of_week_operator.py
[2022-04-13 08:59:35,373] {processor.py:642} INFO - Processing file /home/airflow/.local/lib/python3.7/site-packages/airflow/example_dags/example_branch_day_of_week_operator.py for tasks to queue
[2022-04-13 08:59:35,374] {logging_mixin.py:109} INFO - [2022-04-13 08:59:35,374] {dagbag.py:500} INFO - Filling up the DagBag from /home/airflow/.local/lib/python3.7/site-packages/airflow/example_dags/example_branch_day_of_week_operator.py
[2022-04-13 08:59:35,395] {processor.py:652} INFO - DAG(s) dict_keys(['example_weekday_branch_operator']) retrieved from /home/airflow/.local/lib/python3.7/site-packages/airflow/example_dags/example_branch_day_of_week_operator.py
[2022-04-13 08:59:35,424] {logging_mixin.py:109} INFO - [2022-04-13 08:59:35,424] {dag.py:2398} INFO - Sync 1 DAGs
[2022-04-13 08:59:35,452] {logging_mixin.py:109} INFO - [2022-04-13 08:59:35,451] {dag.py:2937} INFO - Setting next_dagrun for example_weekday_branch_operator to 2022-04-12 00:00:00+00:00
[2022-04-13 08:59:35,467] {processor.py:171} INFO - Processing /home/airflow/.local/lib/python3.7/site-packages/airflow/example_dags/example_branch_day_of_week_operator.py took 0.098 seconds
[2022-04-13 09:00:05,977] {processor.py:163} INFO - Started process (PID=663) to work on /home/airflow/.local/lib/python3.7/site-packages/airflow/example_dags/example_branch_day_of_week_operator.py
[2022-04-13 09:00:05,979] {processor.py:642} INFO - Processing file /home/airflow/.local/lib/python3.7/site-packages/airflow/example_dags/example_branch_day_of_week_operator.py for tasks to queue
[2022-04-13 09:00:05,980] {logging_mixin.py:109} INFO - [2022-04-13 09:00:05,979] {dagbag.py:500} INFO - Filling up the DagBag from /home/airflow/.local/lib/python3.7/site-packages/airflow/example_dags/example_branch_day_of_week_operator.py
[2022-04-13 09:00:05,997] {processor.py:652} INFO - DAG(s) dict_keys(['example_weekday_branch_operator']) retrieved from /home/airflow/.local/lib/python3.7/site-packages/airflow/example_dags/example_branch_day_of_week_operator.py
[2022-04-13 09:00:06,024] {logging_mixin.py:109} INFO - [2022-04-13 09:00:06,024] {dag.py:2398} INFO - Sync 1 DAGs
[2022-04-13 09:00:06,049] {logging_mixin.py:109} INFO - [2022-04-13 09:00:06,049] {dag.py:2937} INFO - Setting next_dagrun for example_weekday_branch_operator to 2022-04-12 00:00:00+00:00
[2022-04-13 09:00:06,067] {processor.py:171} INFO - Processing /home/airflow/.local/lib/python3.7/site-packages/airflow/example_dags/example_branch_day_of_week_operator.py took 0.093 seconds
[2022-04-13 09:00:36,628] {processor.py:163} INFO - Started process (PID=715) to work on /home/airflow/.local/lib/python3.7/site-packages/airflow/example_dags/example_branch_day_of_week_operator.py
[2022-04-13 09:00:36,630] {processor.py:642} INFO - Processing file /home/airflow/.local/lib/python3.7/site-packages/airflow/example_dags/example_branch_day_of_week_operator.py for tasks to queue
[2022-04-13 09:00:36,631] {logging_mixin.py:109} INFO - [2022-04-13 09:00:36,631] {dagbag.py:500} INFO - Filling up the DagBag from /home/airflow/.local/lib/python3.7/site-packages/airflow/example_dags/example_branch_day_of_week_operator.py
[2022-04-13 09:00:36,654] {processor.py:652} INFO - DAG(s) dict_keys(['example_weekday_branch_operator']) retrieved from /home/airflow/.local/lib/python3.7/site-packages/airflow/example_dags/example_branch_day_of_week_operator.py
[2022-04-13 09:00:36,688] {logging_mixin.py:109} INFO - [2022-04-13 09:00:36,688] {dag.py:2398} INFO - Sync 1 DAGs
[2022-04-13 09:00:36,721] {logging_mixin.py:109} INFO - [2022-04-13 09:00:36,721] {dag.py:2937} INFO - Setting next_dagrun for example_weekday_branch_operator to 2022-04-12 00:00:00+00:00
[2022-04-13 09:00:36,739] {processor.py:171} INFO - Processing /home/airflow/.local/lib/python3.7/site-packages/airflow/example_dags/example_branch_day_of_week_operator.py took 0.114 seconds
[2022-04-13 09:01:07,166] {processor.py:163} INFO - Started process (PID=775) to work on /home/airflow/.local/lib/python3.7/site-packages/airflow/example_dags/example_branch_day_of_week_operator.py
[2022-04-13 09:01:07,168] {processor.py:642} INFO - Processing file /home/airflow/.local/lib/python3.7/site-packages/airflow/example_dags/example_branch_day_of_week_operator.py for tasks to queue
[2022-04-13 09:01:07,169] {logging_mixin.py:109} INFO - [2022-04-13 09:01:07,168] {dagbag.py:500} INFO - Filling up the DagBag from /home/airflow/.local/lib/python3.7/site-packages/airflow/example_dags/example_branch_day_of_week_operator.py
[2022-04-13 09:01:07,187] {processor.py:652} INFO - DAG(s) dict_keys(['example_weekday_branch_operator']) retrieved from /home/airflow/.local/lib/python3.7/site-packages/airflow/example_dags/example_branch_day_of_week_operator.py
[2022-04-13 09:01:07,215] {logging_mixin.py:109} INFO - [2022-04-13 09:01:07,215] {dag.py:2398} INFO - Sync 1 DAGs
[2022-04-13 09:01:07,239] {logging_mixin.py:109} INFO - [2022-04-13 09:01:07,239] {dag.py:2937} INFO - Setting next_dagrun for example_weekday_branch_operator to 2022-04-12 00:00:00+00:00
[2022-04-13 09:01:07,259] {processor.py:171} INFO - Processing /home/airflow/.local/lib/python3.7/site-packages/airflow/example_dags/example_branch_day_of_week_operator.py took 0.096 seconds
[2022-04-13 09:01:38,592] {processor.py:163} INFO - Started process (PID=827) to work on /home/airflow/.local/lib/python3.7/site-packages/airflow/example_dags/example_branch_day_of_week_operator.py
[2022-04-13 09:01:38,593] {processor.py:642} INFO - Processing file /home/airflow/.local/lib/python3.7/site-packages/airflow/example_dags/example_branch_day_of_week_operator.py for tasks to queue
[2022-04-13 09:01:38,594] {logging_mixin.py:109} INFO - [2022-04-13 09:01:38,594] {dagbag.py:500} INFO - Filling up the DagBag from /home/airflow/.local/lib/python3.7/site-packages/airflow/example_dags/example_branch_day_of_week_operator.py
[2022-04-13 09:01:38,611] {processor.py:652} INFO - DAG(s) dict_keys(['example_weekday_branch_operator']) retrieved from /home/airflow/.local/lib/python3.7/site-packages/airflow/example_dags/example_branch_day_of_week_operator.py
[2022-04-13 09:01:38,641] {logging_mixin.py:109} INFO - [2022-04-13 09:01:38,641] {dag.py:2398} INFO - Sync 1 DAGs
[2022-04-13 09:01:38,663] {logging_mixin.py:109} INFO - [2022-04-13 09:01:38,663] {dag.py:2937} INFO - Setting next_dagrun for example_weekday_branch_operator to 2022-04-12 00:00:00+00:00
[2022-04-13 09:01:38,679] {processor.py:171} INFO - Processing /home/airflow/.local/lib/python3.7/site-packages/airflow/example_dags/example_branch_day_of_week_operator.py took 0.090 seconds
[2022-04-13 09:02:09,453] {processor.py:163} INFO - Started process (PID=878) to work on /home/airflow/.local/lib/python3.7/site-packages/airflow/example_dags/example_branch_day_of_week_operator.py
[2022-04-13 09:02:09,458] {processor.py:642} INFO - Processing file /home/airflow/.local/lib/python3.7/site-packages/airflow/example_dags/example_branch_day_of_week_operator.py for tasks to queue
[2022-04-13 09:02:09,459] {logging_mixin.py:109} INFO - [2022-04-13 09:02:09,459] {dagbag.py:500} INFO - Filling up the DagBag from /home/airflow/.local/lib/python3.7/site-packages/airflow/example_dags/example_branch_day_of_week_operator.py
[2022-04-13 09:02:09,486] {processor.py:652} INFO - DAG(s) dict_keys(['example_weekday_branch_operator']) retrieved from /home/airflow/.local/lib/python3.7/site-packages/airflow/example_dags/example_branch_day_of_week_operator.py
[2022-04-13 09:02:09,519] {logging_mixin.py:109} INFO - [2022-04-13 09:02:09,519] {dag.py:2398} INFO - Sync 1 DAGs
[2022-04-13 09:02:09,549] {logging_mixin.py:109} INFO - [2022-04-13 09:02:09,549] {dag.py:2937} INFO - Setting next_dagrun for example_weekday_branch_operator to 2022-04-12 00:00:00+00:00
[2022-04-13 09:02:09,576] {processor.py:171} INFO - Processing /home/airflow/.local/lib/python3.7/site-packages/airflow/example_dags/example_branch_day_of_week_operator.py took 0.130 seconds
[2022-04-13 09:02:40,486] {processor.py:163} INFO - Started process (PID=940) to work on /home/airflow/.local/lib/python3.7/site-packages/airflow/example_dags/example_branch_day_of_week_operator.py
[2022-04-13 09:02:40,489] {processor.py:642} INFO - Processing file /home/airflow/.local/lib/python3.7/site-packages/airflow/example_dags/example_branch_day_of_week_operator.py for tasks to queue
[2022-04-13 09:02:40,490] {logging_mixin.py:109} INFO - [2022-04-13 09:02:40,490] {dagbag.py:500} INFO - Filling up the DagBag from /home/airflow/.local/lib/python3.7/site-packages/airflow/example_dags/example_branch_day_of_week_operator.py
[2022-04-13 09:02:40,518] {processor.py:652} INFO - DAG(s) dict_keys(['example_weekday_branch_operator']) retrieved from /home/airflow/.local/lib/python3.7/site-packages/airflow/example_dags/example_branch_day_of_week_operator.py
[2022-04-13 09:02:40,541] {logging_mixin.py:109} INFO - [2022-04-13 09:02:40,541] {dag.py:2398} INFO - Sync 1 DAGs
[2022-04-13 09:02:40,563] {logging_mixin.py:109} INFO - [2022-04-13 09:02:40,563] {dag.py:2937} INFO - Setting next_dagrun for example_weekday_branch_operator to 2022-04-12 00:00:00+00:00
[2022-04-13 09:02:40,577] {processor.py:171} INFO - Processing /home/airflow/.local/lib/python3.7/site-packages/airflow/example_dags/example_branch_day_of_week_operator.py took 0.096 seconds
[2022-04-13 09:03:11,959] {processor.py:163} INFO - Started process (PID=990) to work on /home/airflow/.local/lib/python3.7/site-packages/airflow/example_dags/example_branch_day_of_week_operator.py
[2022-04-13 09:03:11,961] {processor.py:642} INFO - Processing file /home/airflow/.local/lib/python3.7/site-packages/airflow/example_dags/example_branch_day_of_week_operator.py for tasks to queue
[2022-04-13 09:03:11,962] {logging_mixin.py:109} INFO - [2022-04-13 09:03:11,962] {dagbag.py:500} INFO - Filling up the DagBag from /home/airflow/.local/lib/python3.7/site-packages/airflow/example_dags/example_branch_day_of_week_operator.py
[2022-04-13 09:03:11,995] {processor.py:652} INFO - DAG(s) dict_keys(['example_weekday_branch_operator']) retrieved from /home/airflow/.local/lib/python3.7/site-packages/airflow/example_dags/example_branch_day_of_week_operator.py
[2022-04-13 09:03:12,031] {logging_mixin.py:109} INFO - [2022-04-13 09:03:12,031] {dag.py:2398} INFO - Sync 1 DAGs
[2022-04-13 09:03:12,066] {logging_mixin.py:109} INFO - [2022-04-13 09:03:12,066] {dag.py:2937} INFO - Setting next_dagrun for example_weekday_branch_operator to 2022-04-12 00:00:00+00:00
[2022-04-13 09:03:12,092] {processor.py:171} INFO - Processing /home/airflow/.local/lib/python3.7/site-packages/airflow/example_dags/example_branch_day_of_week_operator.py took 0.138 seconds
[2022-04-13 09:05:51,655] {processor.py:163} INFO - Started process (PID=51) to work on /home/airflow/.local/lib/python3.7/site-packages/airflow/example_dags/example_branch_day_of_week_operator.py
[2022-04-13 09:05:51,657] {processor.py:642} INFO - Processing file /home/airflow/.local/lib/python3.7/site-packages/airflow/example_dags/example_branch_day_of_week_operator.py for tasks to queue
[2022-04-13 09:05:51,657] {logging_mixin.py:109} INFO - [2022-04-13 09:05:51,657] {dagbag.py:500} INFO - Filling up the DagBag from /home/airflow/.local/lib/python3.7/site-packages/airflow/example_dags/example_branch_day_of_week_operator.py
[2022-04-13 09:05:51,674] {processor.py:652} INFO - DAG(s) dict_keys(['example_weekday_branch_operator']) retrieved from /home/airflow/.local/lib/python3.7/site-packages/airflow/example_dags/example_branch_day_of_week_operator.py
[2022-04-13 09:05:51,703] {logging_mixin.py:109} INFO - [2022-04-13 09:05:51,702] {dag.py:2398} INFO - Sync 1 DAGs
[2022-04-13 09:05:51,727] {logging_mixin.py:109} INFO - [2022-04-13 09:05:51,727] {dag.py:2937} INFO - Setting next_dagrun for example_weekday_branch_operator to 2022-04-12 00:00:00+00:00
[2022-04-13 09:05:51,742] {processor.py:171} INFO - Processing /home/airflow/.local/lib/python3.7/site-packages/airflow/example_dags/example_branch_day_of_week_operator.py took 0.089 seconds
[2022-04-13 09:06:22,470] {processor.py:163} INFO - Started process (PID=101) to work on /home/airflow/.local/lib/python3.7/site-packages/airflow/example_dags/example_branch_day_of_week_operator.py
[2022-04-13 09:06:22,470] {processor.py:642} INFO - Processing file /home/airflow/.local/lib/python3.7/site-packages/airflow/example_dags/example_branch_day_of_week_operator.py for tasks to queue
[2022-04-13 09:06:22,471] {logging_mixin.py:109} INFO - [2022-04-13 09:06:22,471] {dagbag.py:500} INFO - Filling up the DagBag from /home/airflow/.local/lib/python3.7/site-packages/airflow/example_dags/example_branch_day_of_week_operator.py
[2022-04-13 09:06:22,483] {processor.py:652} INFO - DAG(s) dict_keys(['example_weekday_branch_operator']) retrieved from /home/airflow/.local/lib/python3.7/site-packages/airflow/example_dags/example_branch_day_of_week_operator.py
[2022-04-13 09:06:22,502] {logging_mixin.py:109} INFO - [2022-04-13 09:06:22,502] {dag.py:2398} INFO - Sync 1 DAGs
[2022-04-13 09:06:22,521] {logging_mixin.py:109} INFO - [2022-04-13 09:06:22,521] {dag.py:2937} INFO - Setting next_dagrun for example_weekday_branch_operator to 2022-04-12 00:00:00+00:00
[2022-04-13 09:06:22,534] {processor.py:171} INFO - Processing /home/airflow/.local/lib/python3.7/site-packages/airflow/example_dags/example_branch_day_of_week_operator.py took 0.066 seconds
[2022-04-13 09:06:53,037] {processor.py:163} INFO - Started process (PID=162) to work on /home/airflow/.local/lib/python3.7/site-packages/airflow/example_dags/example_branch_day_of_week_operator.py
[2022-04-13 09:06:53,039] {processor.py:642} INFO - Processing file /home/airflow/.local/lib/python3.7/site-packages/airflow/example_dags/example_branch_day_of_week_operator.py for tasks to queue
[2022-04-13 09:06:53,040] {logging_mixin.py:109} INFO - [2022-04-13 09:06:53,039] {dagbag.py:500} INFO - Filling up the DagBag from /home/airflow/.local/lib/python3.7/site-packages/airflow/example_dags/example_branch_day_of_week_operator.py
[2022-04-13 09:06:53,060] {processor.py:652} INFO - DAG(s) dict_keys(['example_weekday_branch_operator']) retrieved from /home/airflow/.local/lib/python3.7/site-packages/airflow/example_dags/example_branch_day_of_week_operator.py
[2022-04-13 09:06:53,125] {logging_mixin.py:109} INFO - [2022-04-13 09:06:53,125] {dag.py:2398} INFO - Sync 1 DAGs
[2022-04-13 09:06:53,149] {logging_mixin.py:109} INFO - [2022-04-13 09:06:53,149] {dag.py:2937} INFO - Setting next_dagrun for example_weekday_branch_operator to 2022-04-12 00:00:00+00:00
[2022-04-13 09:06:53,165] {processor.py:171} INFO - Processing /home/airflow/.local/lib/python3.7/site-packages/airflow/example_dags/example_branch_day_of_week_operator.py took 0.131 seconds
[2022-04-13 09:07:23,499] {processor.py:163} INFO - Started process (PID=213) to work on /home/airflow/.local/lib/python3.7/site-packages/airflow/example_dags/example_branch_day_of_week_operator.py
[2022-04-13 09:07:23,500] {processor.py:642} INFO - Processing file /home/airflow/.local/lib/python3.7/site-packages/airflow/example_dags/example_branch_day_of_week_operator.py for tasks to queue
[2022-04-13 09:07:23,500] {logging_mixin.py:109} INFO - [2022-04-13 09:07:23,500] {dagbag.py:500} INFO - Filling up the DagBag from /home/airflow/.local/lib/python3.7/site-packages/airflow/example_dags/example_branch_day_of_week_operator.py
[2022-04-13 09:07:23,518] {processor.py:652} INFO - DAG(s) dict_keys(['example_weekday_branch_operator']) retrieved from /home/airflow/.local/lib/python3.7/site-packages/airflow/example_dags/example_branch_day_of_week_operator.py
[2022-04-13 09:07:23,543] {logging_mixin.py:109} INFO - [2022-04-13 09:07:23,543] {dag.py:2398} INFO - Sync 1 DAGs
[2022-04-13 09:07:23,562] {logging_mixin.py:109} INFO - [2022-04-13 09:07:23,562] {dag.py:2937} INFO - Setting next_dagrun for example_weekday_branch_operator to 2022-04-12 00:00:00+00:00
[2022-04-13 09:07:23,574] {processor.py:171} INFO - Processing /home/airflow/.local/lib/python3.7/site-packages/airflow/example_dags/example_branch_day_of_week_operator.py took 0.079 seconds
[2022-04-13 09:07:54,197] {processor.py:163} INFO - Started process (PID=265) to work on /home/airflow/.local/lib/python3.7/site-packages/airflow/example_dags/example_branch_day_of_week_operator.py
[2022-04-13 09:07:54,198] {processor.py:642} INFO - Processing file /home/airflow/.local/lib/python3.7/site-packages/airflow/example_dags/example_branch_day_of_week_operator.py for tasks to queue
[2022-04-13 09:07:54,199] {logging_mixin.py:109} INFO - [2022-04-13 09:07:54,199] {dagbag.py:500} INFO - Filling up the DagBag from /home/airflow/.local/lib/python3.7/site-packages/airflow/example_dags/example_branch_day_of_week_operator.py
[2022-04-13 09:07:54,216] {processor.py:652} INFO - DAG(s) dict_keys(['example_weekday_branch_operator']) retrieved from /home/airflow/.local/lib/python3.7/site-packages/airflow/example_dags/example_branch_day_of_week_operator.py
[2022-04-13 09:07:54,253] {logging_mixin.py:109} INFO - [2022-04-13 09:07:54,253] {dag.py:2398} INFO - Sync 1 DAGs
[2022-04-13 09:07:54,276] {logging_mixin.py:109} INFO - [2022-04-13 09:07:54,275] {dag.py:2937} INFO - Setting next_dagrun for example_weekday_branch_operator to 2022-04-12 00:00:00+00:00
[2022-04-13 09:07:54,290] {processor.py:171} INFO - Processing /home/airflow/.local/lib/python3.7/site-packages/airflow/example_dags/example_branch_day_of_week_operator.py took 0.096 seconds
[2022-04-13 09:08:25,673] {processor.py:163} INFO - Started process (PID=326) to work on /home/airflow/.local/lib/python3.7/site-packages/airflow/example_dags/example_branch_day_of_week_operator.py
[2022-04-13 09:08:25,675] {processor.py:642} INFO - Processing file /home/airflow/.local/lib/python3.7/site-packages/airflow/example_dags/example_branch_day_of_week_operator.py for tasks to queue
[2022-04-13 09:08:25,675] {logging_mixin.py:109} INFO - [2022-04-13 09:08:25,675] {dagbag.py:500} INFO - Filling up the DagBag from /home/airflow/.local/lib/python3.7/site-packages/airflow/example_dags/example_branch_day_of_week_operator.py
[2022-04-13 09:08:25,701] {processor.py:652} INFO - DAG(s) dict_keys(['example_weekday_branch_operator']) retrieved from /home/airflow/.local/lib/python3.7/site-packages/airflow/example_dags/example_branch_day_of_week_operator.py
[2022-04-13 09:08:25,732] {logging_mixin.py:109} INFO - [2022-04-13 09:08:25,731] {dag.py:2398} INFO - Sync 1 DAGs
[2022-04-13 09:08:25,769] {logging_mixin.py:109} INFO - [2022-04-13 09:08:25,769] {dag.py:2937} INFO - Setting next_dagrun for example_weekday_branch_operator to 2022-04-12 00:00:00+00:00
[2022-04-13 09:08:25,790] {processor.py:171} INFO - Processing /home/airflow/.local/lib/python3.7/site-packages/airflow/example_dags/example_branch_day_of_week_operator.py took 0.119 seconds
[2022-04-13 09:08:56,532] {processor.py:163} INFO - Started process (PID=378) to work on /home/airflow/.local/lib/python3.7/site-packages/airflow/example_dags/example_branch_day_of_week_operator.py
[2022-04-13 09:08:56,534] {processor.py:642} INFO - Processing file /home/airflow/.local/lib/python3.7/site-packages/airflow/example_dags/example_branch_day_of_week_operator.py for tasks to queue
[2022-04-13 09:08:56,534] {logging_mixin.py:109} INFO - [2022-04-13 09:08:56,534] {dagbag.py:500} INFO - Filling up the DagBag from /home/airflow/.local/lib/python3.7/site-packages/airflow/example_dags/example_branch_day_of_week_operator.py
[2022-04-13 09:08:56,555] {processor.py:652} INFO - DAG(s) dict_keys(['example_weekday_branch_operator']) retrieved from /home/airflow/.local/lib/python3.7/site-packages/airflow/example_dags/example_branch_day_of_week_operator.py
[2022-04-13 09:08:56,581] {logging_mixin.py:109} INFO - [2022-04-13 09:08:56,581] {dag.py:2398} INFO - Sync 1 DAGs
[2022-04-13 09:08:56,605] {logging_mixin.py:109} INFO - [2022-04-13 09:08:56,604] {dag.py:2937} INFO - Setting next_dagrun for example_weekday_branch_operator to 2022-04-12 00:00:00+00:00
[2022-04-13 09:08:56,620] {processor.py:171} INFO - Processing /home/airflow/.local/lib/python3.7/site-packages/airflow/example_dags/example_branch_day_of_week_operator.py took 0.090 seconds
[2022-04-13 09:09:28,195] {processor.py:163} INFO - Started process (PID=439) to work on /home/airflow/.local/lib/python3.7/site-packages/airflow/example_dags/example_branch_day_of_week_operator.py
[2022-04-13 09:09:28,197] {processor.py:642} INFO - Processing file /home/airflow/.local/lib/python3.7/site-packages/airflow/example_dags/example_branch_day_of_week_operator.py for tasks to queue
[2022-04-13 09:09:28,197] {logging_mixin.py:109} INFO - [2022-04-13 09:09:28,197] {dagbag.py:500} INFO - Filling up the DagBag from /home/airflow/.local/lib/python3.7/site-packages/airflow/example_dags/example_branch_day_of_week_operator.py
[2022-04-13 09:09:28,215] {processor.py:652} INFO - DAG(s) dict_keys(['example_weekday_branch_operator']) retrieved from /home/airflow/.local/lib/python3.7/site-packages/airflow/example_dags/example_branch_day_of_week_operator.py
[2022-04-13 09:09:28,236] {logging_mixin.py:109} INFO - [2022-04-13 09:09:28,236] {dag.py:2398} INFO - Sync 1 DAGs
[2022-04-13 09:09:28,259] {logging_mixin.py:109} INFO - [2022-04-13 09:09:28,259] {dag.py:2937} INFO - Setting next_dagrun for example_weekday_branch_operator to 2022-04-12 00:00:00+00:00
[2022-04-13 09:09:28,273] {processor.py:171} INFO - Processing /home/airflow/.local/lib/python3.7/site-packages/airflow/example_dags/example_branch_day_of_week_operator.py took 0.080 seconds
[2022-04-13 09:09:59,275] {processor.py:163} INFO - Started process (PID=490) to work on /home/airflow/.local/lib/python3.7/site-packages/airflow/example_dags/example_branch_day_of_week_operator.py
[2022-04-13 09:09:59,277] {processor.py:642} INFO - Processing file /home/airflow/.local/lib/python3.7/site-packages/airflow/example_dags/example_branch_day_of_week_operator.py for tasks to queue
[2022-04-13 09:09:59,278] {logging_mixin.py:109} INFO - [2022-04-13 09:09:59,278] {dagbag.py:500} INFO - Filling up the DagBag from /home/airflow/.local/lib/python3.7/site-packages/airflow/example_dags/example_branch_day_of_week_operator.py
[2022-04-13 09:09:59,296] {processor.py:652} INFO - DAG(s) dict_keys(['example_weekday_branch_operator']) retrieved from /home/airflow/.local/lib/python3.7/site-packages/airflow/example_dags/example_branch_day_of_week_operator.py
[2022-04-13 09:09:59,319] {logging_mixin.py:109} INFO - [2022-04-13 09:09:59,319] {dag.py:2398} INFO - Sync 1 DAGs
[2022-04-13 09:09:59,348] {logging_mixin.py:109} INFO - [2022-04-13 09:09:59,348] {dag.py:2937} INFO - Setting next_dagrun for example_weekday_branch_operator to 2022-04-12 00:00:00+00:00
[2022-04-13 09:09:59,366] {processor.py:171} INFO - Processing /home/airflow/.local/lib/python3.7/site-packages/airflow/example_dags/example_branch_day_of_week_operator.py took 0.092 seconds
[2022-04-13 09:10:30,408] {processor.py:163} INFO - Started process (PID=549) to work on /home/airflow/.local/lib/python3.7/site-packages/airflow/example_dags/example_branch_day_of_week_operator.py
[2022-04-13 09:10:30,410] {processor.py:642} INFO - Processing file /home/airflow/.local/lib/python3.7/site-packages/airflow/example_dags/example_branch_day_of_week_operator.py for tasks to queue
[2022-04-13 09:10:30,411] {logging_mixin.py:109} INFO - [2022-04-13 09:10:30,411] {dagbag.py:500} INFO - Filling up the DagBag from /home/airflow/.local/lib/python3.7/site-packages/airflow/example_dags/example_branch_day_of_week_operator.py
[2022-04-13 09:10:30,432] {processor.py:652} INFO - DAG(s) dict_keys(['example_weekday_branch_operator']) retrieved from /home/airflow/.local/lib/python3.7/site-packages/airflow/example_dags/example_branch_day_of_week_operator.py
[2022-04-13 09:10:30,458] {logging_mixin.py:109} INFO - [2022-04-13 09:10:30,458] {dag.py:2398} INFO - Sync 1 DAGs
[2022-04-13 09:10:30,486] {logging_mixin.py:109} INFO - [2022-04-13 09:10:30,486] {dag.py:2937} INFO - Setting next_dagrun for example_weekday_branch_operator to 2022-04-12 00:00:00+00:00
[2022-04-13 09:10:30,501] {processor.py:171} INFO - Processing /home/airflow/.local/lib/python3.7/site-packages/airflow/example_dags/example_branch_day_of_week_operator.py took 0.096 seconds
[2022-04-13 09:11:01,519] {processor.py:163} INFO - Started process (PID=600) to work on /home/airflow/.local/lib/python3.7/site-packages/airflow/example_dags/example_branch_day_of_week_operator.py
[2022-04-13 09:11:01,521] {processor.py:642} INFO - Processing file /home/airflow/.local/lib/python3.7/site-packages/airflow/example_dags/example_branch_day_of_week_operator.py for tasks to queue
[2022-04-13 09:11:01,521] {logging_mixin.py:109} INFO - [2022-04-13 09:11:01,521] {dagbag.py:500} INFO - Filling up the DagBag from /home/airflow/.local/lib/python3.7/site-packages/airflow/example_dags/example_branch_day_of_week_operator.py
[2022-04-13 09:11:01,540] {processor.py:652} INFO - DAG(s) dict_keys(['example_weekday_branch_operator']) retrieved from /home/airflow/.local/lib/python3.7/site-packages/airflow/example_dags/example_branch_day_of_week_operator.py
[2022-04-13 09:11:01,568] {logging_mixin.py:109} INFO - [2022-04-13 09:11:01,568] {dag.py:2398} INFO - Sync 1 DAGs
[2022-04-13 09:11:01,588] {logging_mixin.py:109} INFO - [2022-04-13 09:11:01,588] {dag.py:2937} INFO - Setting next_dagrun for example_weekday_branch_operator to 2022-04-12 00:00:00+00:00
[2022-04-13 09:11:01,604] {processor.py:171} INFO - Processing /home/airflow/.local/lib/python3.7/site-packages/airflow/example_dags/example_branch_day_of_week_operator.py took 0.087 seconds
[2022-04-13 09:11:32,413] {processor.py:163} INFO - Started process (PID=651) to work on /home/airflow/.local/lib/python3.7/site-packages/airflow/example_dags/example_branch_day_of_week_operator.py
[2022-04-13 09:11:32,415] {processor.py:642} INFO - Processing file /home/airflow/.local/lib/python3.7/site-packages/airflow/example_dags/example_branch_day_of_week_operator.py for tasks to queue
[2022-04-13 09:11:32,415] {logging_mixin.py:109} INFO - [2022-04-13 09:11:32,415] {dagbag.py:500} INFO - Filling up the DagBag from /home/airflow/.local/lib/python3.7/site-packages/airflow/example_dags/example_branch_day_of_week_operator.py
[2022-04-13 09:11:32,432] {processor.py:652} INFO - DAG(s) dict_keys(['example_weekday_branch_operator']) retrieved from /home/airflow/.local/lib/python3.7/site-packages/airflow/example_dags/example_branch_day_of_week_operator.py
[2022-04-13 09:11:32,459] {logging_mixin.py:109} INFO - [2022-04-13 09:11:32,459] {dag.py:2398} INFO - Sync 1 DAGs
[2022-04-13 09:11:32,492] {logging_mixin.py:109} INFO - [2022-04-13 09:11:32,492] {dag.py:2937} INFO - Setting next_dagrun for example_weekday_branch_operator to 2022-04-12 00:00:00+00:00
[2022-04-13 09:11:32,507] {processor.py:171} INFO - Processing /home/airflow/.local/lib/python3.7/site-packages/airflow/example_dags/example_branch_day_of_week_operator.py took 0.097 seconds
[2022-04-13 09:12:03,694] {processor.py:163} INFO - Started process (PID=712) to work on /home/airflow/.local/lib/python3.7/site-packages/airflow/example_dags/example_branch_day_of_week_operator.py
[2022-04-13 09:12:03,696] {processor.py:642} INFO - Processing file /home/airflow/.local/lib/python3.7/site-packages/airflow/example_dags/example_branch_day_of_week_operator.py for tasks to queue
[2022-04-13 09:12:03,697] {logging_mixin.py:109} INFO - [2022-04-13 09:12:03,696] {dagbag.py:500} INFO - Filling up the DagBag from /home/airflow/.local/lib/python3.7/site-packages/airflow/example_dags/example_branch_day_of_week_operator.py
[2022-04-13 09:12:03,712] {processor.py:652} INFO - DAG(s) dict_keys(['example_weekday_branch_operator']) retrieved from /home/airflow/.local/lib/python3.7/site-packages/airflow/example_dags/example_branch_day_of_week_operator.py
[2022-04-13 09:12:03,737] {logging_mixin.py:109} INFO - [2022-04-13 09:12:03,737] {dag.py:2398} INFO - Sync 1 DAGs
[2022-04-13 09:12:03,760] {logging_mixin.py:109} INFO - [2022-04-13 09:12:03,760] {dag.py:2937} INFO - Setting next_dagrun for example_weekday_branch_operator to 2022-04-12 00:00:00+00:00
[2022-04-13 09:12:03,778] {processor.py:171} INFO - Processing /home/airflow/.local/lib/python3.7/site-packages/airflow/example_dags/example_branch_day_of_week_operator.py took 0.088 seconds
[2022-04-13 09:12:35,064] {processor.py:163} INFO - Started process (PID=764) to work on /home/airflow/.local/lib/python3.7/site-packages/airflow/example_dags/example_branch_day_of_week_operator.py
[2022-04-13 09:12:35,065] {processor.py:642} INFO - Processing file /home/airflow/.local/lib/python3.7/site-packages/airflow/example_dags/example_branch_day_of_week_operator.py for tasks to queue
[2022-04-13 09:12:35,066] {logging_mixin.py:109} INFO - [2022-04-13 09:12:35,066] {dagbag.py:500} INFO - Filling up the DagBag from /home/airflow/.local/lib/python3.7/site-packages/airflow/example_dags/example_branch_day_of_week_operator.py
[2022-04-13 09:12:35,087] {processor.py:652} INFO - DAG(s) dict_keys(['example_weekday_branch_operator']) retrieved from /home/airflow/.local/lib/python3.7/site-packages/airflow/example_dags/example_branch_day_of_week_operator.py
[2022-04-13 09:12:35,112] {logging_mixin.py:109} INFO - [2022-04-13 09:12:35,112] {dag.py:2398} INFO - Sync 1 DAGs
[2022-04-13 09:12:35,137] {logging_mixin.py:109} INFO - [2022-04-13 09:12:35,137] {dag.py:2937} INFO - Setting next_dagrun for example_weekday_branch_operator to 2022-04-12 00:00:00+00:00
[2022-04-13 09:12:35,154] {processor.py:171} INFO - Processing /home/airflow/.local/lib/python3.7/site-packages/airflow/example_dags/example_branch_day_of_week_operator.py took 0.093 seconds
[2022-04-13 09:13:06,088] {processor.py:163} INFO - Started process (PID=813) to work on /home/airflow/.local/lib/python3.7/site-packages/airflow/example_dags/example_branch_day_of_week_operator.py
[2022-04-13 09:13:06,090] {processor.py:642} INFO - Processing file /home/airflow/.local/lib/python3.7/site-packages/airflow/example_dags/example_branch_day_of_week_operator.py for tasks to queue
[2022-04-13 09:13:06,091] {logging_mixin.py:109} INFO - [2022-04-13 09:13:06,091] {dagbag.py:500} INFO - Filling up the DagBag from /home/airflow/.local/lib/python3.7/site-packages/airflow/example_dags/example_branch_day_of_week_operator.py
[2022-04-13 09:13:06,116] {processor.py:652} INFO - DAG(s) dict_keys(['example_weekday_branch_operator']) retrieved from /home/airflow/.local/lib/python3.7/site-packages/airflow/example_dags/example_branch_day_of_week_operator.py
[2022-04-13 09:13:06,145] {logging_mixin.py:109} INFO - [2022-04-13 09:13:06,145] {dag.py:2398} INFO - Sync 1 DAGs
[2022-04-13 09:13:06,179] {logging_mixin.py:109} INFO - [2022-04-13 09:13:06,179] {dag.py:2937} INFO - Setting next_dagrun for example_weekday_branch_operator to 2022-04-12 00:00:00+00:00
[2022-04-13 09:13:06,196] {processor.py:171} INFO - Processing /home/airflow/.local/lib/python3.7/site-packages/airflow/example_dags/example_branch_day_of_week_operator.py took 0.111 seconds
[2022-04-13 09:13:37,348] {processor.py:163} INFO - Started process (PID=874) to work on /home/airflow/.local/lib/python3.7/site-packages/airflow/example_dags/example_branch_day_of_week_operator.py
[2022-04-13 09:13:37,349] {processor.py:642} INFO - Processing file /home/airflow/.local/lib/python3.7/site-packages/airflow/example_dags/example_branch_day_of_week_operator.py for tasks to queue
[2022-04-13 09:13:37,350] {logging_mixin.py:109} INFO - [2022-04-13 09:13:37,350] {dagbag.py:500} INFO - Filling up the DagBag from /home/airflow/.local/lib/python3.7/site-packages/airflow/example_dags/example_branch_day_of_week_operator.py
[2022-04-13 09:13:37,365] {processor.py:652} INFO - DAG(s) dict_keys(['example_weekday_branch_operator']) retrieved from /home/airflow/.local/lib/python3.7/site-packages/airflow/example_dags/example_branch_day_of_week_operator.py
[2022-04-13 09:13:37,388] {logging_mixin.py:109} INFO - [2022-04-13 09:13:37,388] {dag.py:2398} INFO - Sync 1 DAGs
[2022-04-13 09:13:37,411] {logging_mixin.py:109} INFO - [2022-04-13 09:13:37,411] {dag.py:2937} INFO - Setting next_dagrun for example_weekday_branch_operator to 2022-04-12 00:00:00+00:00
[2022-04-13 09:13:37,424] {processor.py:171} INFO - Processing /home/airflow/.local/lib/python3.7/site-packages/airflow/example_dags/example_branch_day_of_week_operator.py took 0.079 seconds
[2022-04-13 09:14:08,402] {processor.py:163} INFO - Started process (PID=926) to work on /home/airflow/.local/lib/python3.7/site-packages/airflow/example_dags/example_branch_day_of_week_operator.py
[2022-04-13 09:14:08,403] {processor.py:642} INFO - Processing file /home/airflow/.local/lib/python3.7/site-packages/airflow/example_dags/example_branch_day_of_week_operator.py for tasks to queue
[2022-04-13 09:14:08,404] {logging_mixin.py:109} INFO - [2022-04-13 09:14:08,404] {dagbag.py:500} INFO - Filling up the DagBag from /home/airflow/.local/lib/python3.7/site-packages/airflow/example_dags/example_branch_day_of_week_operator.py
[2022-04-13 09:14:08,429] {processor.py:652} INFO - DAG(s) dict_keys(['example_weekday_branch_operator']) retrieved from /home/airflow/.local/lib/python3.7/site-packages/airflow/example_dags/example_branch_day_of_week_operator.py
[2022-04-13 09:14:08,461] {logging_mixin.py:109} INFO - [2022-04-13 09:14:08,460] {dag.py:2398} INFO - Sync 1 DAGs
[2022-04-13 09:14:08,489] {logging_mixin.py:109} INFO - [2022-04-13 09:14:08,489] {dag.py:2937} INFO - Setting next_dagrun for example_weekday_branch_operator to 2022-04-12 00:00:00+00:00
[2022-04-13 09:14:08,507] {processor.py:171} INFO - Processing /home/airflow/.local/lib/python3.7/site-packages/airflow/example_dags/example_branch_day_of_week_operator.py took 0.108 seconds
[2022-04-13 09:14:39,363] {processor.py:163} INFO - Started process (PID=985) to work on /home/airflow/.local/lib/python3.7/site-packages/airflow/example_dags/example_branch_day_of_week_operator.py
[2022-04-13 09:14:39,365] {processor.py:642} INFO - Processing file /home/airflow/.local/lib/python3.7/site-packages/airflow/example_dags/example_branch_day_of_week_operator.py for tasks to queue
[2022-04-13 09:14:39,366] {logging_mixin.py:109} INFO - [2022-04-13 09:14:39,365] {dagbag.py:500} INFO - Filling up the DagBag from /home/airflow/.local/lib/python3.7/site-packages/airflow/example_dags/example_branch_day_of_week_operator.py
[2022-04-13 09:14:39,382] {processor.py:652} INFO - DAG(s) dict_keys(['example_weekday_branch_operator']) retrieved from /home/airflow/.local/lib/python3.7/site-packages/airflow/example_dags/example_branch_day_of_week_operator.py
[2022-04-13 09:14:39,414] {logging_mixin.py:109} INFO - [2022-04-13 09:14:39,414] {dag.py:2398} INFO - Sync 1 DAGs
[2022-04-13 09:14:39,439] {logging_mixin.py:109} INFO - [2022-04-13 09:14:39,439] {dag.py:2937} INFO - Setting next_dagrun for example_weekday_branch_operator to 2022-04-12 00:00:00+00:00
[2022-04-13 09:14:39,453] {processor.py:171} INFO - Processing /home/airflow/.local/lib/python3.7/site-packages/airflow/example_dags/example_branch_day_of_week_operator.py took 0.092 seconds
[2022-04-13 09:15:10,633] {processor.py:163} INFO - Started process (PID=1035) to work on /home/airflow/.local/lib/python3.7/site-packages/airflow/example_dags/example_branch_day_of_week_operator.py
[2022-04-13 09:15:10,634] {processor.py:642} INFO - Processing file /home/airflow/.local/lib/python3.7/site-packages/airflow/example_dags/example_branch_day_of_week_operator.py for tasks to queue
[2022-04-13 09:15:10,635] {logging_mixin.py:109} INFO - [2022-04-13 09:15:10,635] {dagbag.py:500} INFO - Filling up the DagBag from /home/airflow/.local/lib/python3.7/site-packages/airflow/example_dags/example_branch_day_of_week_operator.py
[2022-04-13 09:15:10,660] {processor.py:652} INFO - DAG(s) dict_keys(['example_weekday_branch_operator']) retrieved from /home/airflow/.local/lib/python3.7/site-packages/airflow/example_dags/example_branch_day_of_week_operator.py
[2022-04-13 09:15:10,687] {logging_mixin.py:109} INFO - [2022-04-13 09:15:10,687] {dag.py:2398} INFO - Sync 1 DAGs
[2022-04-13 09:15:10,711] {logging_mixin.py:109} INFO - [2022-04-13 09:15:10,711] {dag.py:2937} INFO - Setting next_dagrun for example_weekday_branch_operator to 2022-04-12 00:00:00+00:00
[2022-04-13 09:15:10,729] {processor.py:171} INFO - Processing /home/airflow/.local/lib/python3.7/site-packages/airflow/example_dags/example_branch_day_of_week_operator.py took 0.099 seconds
[2022-04-13 09:15:41,654] {processor.py:163} INFO - Started process (PID=1086) to work on /home/airflow/.local/lib/python3.7/site-packages/airflow/example_dags/example_branch_day_of_week_operator.py
[2022-04-13 09:15:41,656] {processor.py:642} INFO - Processing file /home/airflow/.local/lib/python3.7/site-packages/airflow/example_dags/example_branch_day_of_week_operator.py for tasks to queue
[2022-04-13 09:15:41,656] {logging_mixin.py:109} INFO - [2022-04-13 09:15:41,656] {dagbag.py:500} INFO - Filling up the DagBag from /home/airflow/.local/lib/python3.7/site-packages/airflow/example_dags/example_branch_day_of_week_operator.py
[2022-04-13 09:15:41,673] {processor.py:652} INFO - DAG(s) dict_keys(['example_weekday_branch_operator']) retrieved from /home/airflow/.local/lib/python3.7/site-packages/airflow/example_dags/example_branch_day_of_week_operator.py
[2022-04-13 09:15:41,701] {logging_mixin.py:109} INFO - [2022-04-13 09:15:41,701] {dag.py:2398} INFO - Sync 1 DAGs
[2022-04-13 09:15:41,730] {logging_mixin.py:109} INFO - [2022-04-13 09:15:41,730] {dag.py:2937} INFO - Setting next_dagrun for example_weekday_branch_operator to 2022-04-12 00:00:00+00:00
[2022-04-13 09:15:41,749] {processor.py:171} INFO - Processing /home/airflow/.local/lib/python3.7/site-packages/airflow/example_dags/example_branch_day_of_week_operator.py took 0.099 seconds
[2022-04-13 09:16:12,672] {processor.py:163} INFO - Started process (PID=1145) to work on /home/airflow/.local/lib/python3.7/site-packages/airflow/example_dags/example_branch_day_of_week_operator.py
[2022-04-13 09:16:12,673] {processor.py:642} INFO - Processing file /home/airflow/.local/lib/python3.7/site-packages/airflow/example_dags/example_branch_day_of_week_operator.py for tasks to queue
[2022-04-13 09:16:12,674] {logging_mixin.py:109} INFO - [2022-04-13 09:16:12,673] {dagbag.py:500} INFO - Filling up the DagBag from /home/airflow/.local/lib/python3.7/site-packages/airflow/example_dags/example_branch_day_of_week_operator.py
[2022-04-13 09:16:12,695] {processor.py:652} INFO - DAG(s) dict_keys(['example_weekday_branch_operator']) retrieved from /home/airflow/.local/lib/python3.7/site-packages/airflow/example_dags/example_branch_day_of_week_operator.py
[2022-04-13 09:16:12,721] {logging_mixin.py:109} INFO - [2022-04-13 09:16:12,721] {dag.py:2398} INFO - Sync 1 DAGs
[2022-04-13 09:16:12,748] {logging_mixin.py:109} INFO - [2022-04-13 09:16:12,748] {dag.py:2937} INFO - Setting next_dagrun for example_weekday_branch_operator to 2022-04-12 00:00:00+00:00
[2022-04-13 09:16:12,766] {processor.py:171} INFO - Processing /home/airflow/.local/lib/python3.7/site-packages/airflow/example_dags/example_branch_day_of_week_operator.py took 0.096 seconds
[2022-04-13 09:16:43,438] {processor.py:163} INFO - Started process (PID=1198) to work on /home/airflow/.local/lib/python3.7/site-packages/airflow/example_dags/example_branch_day_of_week_operator.py
[2022-04-13 09:16:43,440] {processor.py:642} INFO - Processing file /home/airflow/.local/lib/python3.7/site-packages/airflow/example_dags/example_branch_day_of_week_operator.py for tasks to queue
[2022-04-13 09:16:43,441] {logging_mixin.py:109} INFO - [2022-04-13 09:16:43,441] {dagbag.py:500} INFO - Filling up the DagBag from /home/airflow/.local/lib/python3.7/site-packages/airflow/example_dags/example_branch_day_of_week_operator.py
[2022-04-13 09:16:43,460] {processor.py:652} INFO - DAG(s) dict_keys(['example_weekday_branch_operator']) retrieved from /home/airflow/.local/lib/python3.7/site-packages/airflow/example_dags/example_branch_day_of_week_operator.py
[2022-04-13 09:16:43,485] {logging_mixin.py:109} INFO - [2022-04-13 09:16:43,485] {dag.py:2398} INFO - Sync 1 DAGs
[2022-04-13 09:16:43,509] {logging_mixin.py:109} INFO - [2022-04-13 09:16:43,509] {dag.py:2937} INFO - Setting next_dagrun for example_weekday_branch_operator to 2022-04-12 00:00:00+00:00
[2022-04-13 09:16:43,526] {processor.py:171} INFO - Processing /home/airflow/.local/lib/python3.7/site-packages/airflow/example_dags/example_branch_day_of_week_operator.py took 0.091 seconds
[2022-04-13 09:17:14,578] {processor.py:163} INFO - Started process (PID=1248) to work on /home/airflow/.local/lib/python3.7/site-packages/airflow/example_dags/example_branch_day_of_week_operator.py
[2022-04-13 09:17:14,580] {processor.py:642} INFO - Processing file /home/airflow/.local/lib/python3.7/site-packages/airflow/example_dags/example_branch_day_of_week_operator.py for tasks to queue
[2022-04-13 09:17:14,580] {logging_mixin.py:109} INFO - [2022-04-13 09:17:14,580] {dagbag.py:500} INFO - Filling up the DagBag from /home/airflow/.local/lib/python3.7/site-packages/airflow/example_dags/example_branch_day_of_week_operator.py
[2022-04-13 09:17:14,600] {processor.py:652} INFO - DAG(s) dict_keys(['example_weekday_branch_operator']) retrieved from /home/airflow/.local/lib/python3.7/site-packages/airflow/example_dags/example_branch_day_of_week_operator.py
[2022-04-13 09:17:14,629] {logging_mixin.py:109} INFO - [2022-04-13 09:17:14,628] {dag.py:2398} INFO - Sync 1 DAGs
[2022-04-13 09:17:14,656] {logging_mixin.py:109} INFO - [2022-04-13 09:17:14,656] {dag.py:2937} INFO - Setting next_dagrun for example_weekday_branch_operator to 2022-04-12 00:00:00+00:00
[2022-04-13 09:17:14,675] {processor.py:171} INFO - Processing /home/airflow/.local/lib/python3.7/site-packages/airflow/example_dags/example_branch_day_of_week_operator.py took 0.100 seconds
[2022-04-13 09:17:45,810] {processor.py:163} INFO - Started process (PID=1309) to work on /home/airflow/.local/lib/python3.7/site-packages/airflow/example_dags/example_branch_day_of_week_operator.py
[2022-04-13 09:17:45,811] {processor.py:642} INFO - Processing file /home/airflow/.local/lib/python3.7/site-packages/airflow/example_dags/example_branch_day_of_week_operator.py for tasks to queue
[2022-04-13 09:17:45,812] {logging_mixin.py:109} INFO - [2022-04-13 09:17:45,811] {dagbag.py:500} INFO - Filling up the DagBag from /home/airflow/.local/lib/python3.7/site-packages/airflow/example_dags/example_branch_day_of_week_operator.py
[2022-04-13 09:17:45,831] {processor.py:652} INFO - DAG(s) dict_keys(['example_weekday_branch_operator']) retrieved from /home/airflow/.local/lib/python3.7/site-packages/airflow/example_dags/example_branch_day_of_week_operator.py
[2022-04-13 09:17:45,857] {logging_mixin.py:109} INFO - [2022-04-13 09:17:45,857] {dag.py:2398} INFO - Sync 1 DAGs
[2022-04-13 09:17:45,879] {logging_mixin.py:109} INFO - [2022-04-13 09:17:45,879] {dag.py:2937} INFO - Setting next_dagrun for example_weekday_branch_operator to 2022-04-12 00:00:00+00:00
[2022-04-13 09:17:45,893] {processor.py:171} INFO - Processing /home/airflow/.local/lib/python3.7/site-packages/airflow/example_dags/example_branch_day_of_week_operator.py took 0.086 seconds
[2022-04-13 09:18:16,960] {processor.py:163} INFO - Started process (PID=1360) to work on /home/airflow/.local/lib/python3.7/site-packages/airflow/example_dags/example_branch_day_of_week_operator.py
[2022-04-13 09:18:16,962] {processor.py:642} INFO - Processing file /home/airflow/.local/lib/python3.7/site-packages/airflow/example_dags/example_branch_day_of_week_operator.py for tasks to queue
[2022-04-13 09:18:16,963] {logging_mixin.py:109} INFO - [2022-04-13 09:18:16,963] {dagbag.py:500} INFO - Filling up the DagBag from /home/airflow/.local/lib/python3.7/site-packages/airflow/example_dags/example_branch_day_of_week_operator.py
[2022-04-13 09:18:16,985] {processor.py:652} INFO - DAG(s) dict_keys(['example_weekday_branch_operator']) retrieved from /home/airflow/.local/lib/python3.7/site-packages/airflow/example_dags/example_branch_day_of_week_operator.py
[2022-04-13 09:18:17,015] {logging_mixin.py:109} INFO - [2022-04-13 09:18:17,015] {dag.py:2398} INFO - Sync 1 DAGs
[2022-04-13 09:18:17,040] {logging_mixin.py:109} INFO - [2022-04-13 09:18:17,040] {dag.py:2937} INFO - Setting next_dagrun for example_weekday_branch_operator to 2022-04-12 00:00:00+00:00
[2022-04-13 09:18:17,060] {processor.py:171} INFO - Processing /home/airflow/.local/lib/python3.7/site-packages/airflow/example_dags/example_branch_day_of_week_operator.py took 0.104 seconds
[2022-04-13 09:18:48,315] {processor.py:163} INFO - Started process (PID=1418) to work on /home/airflow/.local/lib/python3.7/site-packages/airflow/example_dags/example_branch_day_of_week_operator.py
[2022-04-13 09:18:48,316] {processor.py:642} INFO - Processing file /home/airflow/.local/lib/python3.7/site-packages/airflow/example_dags/example_branch_day_of_week_operator.py for tasks to queue
[2022-04-13 09:18:48,317] {logging_mixin.py:109} INFO - [2022-04-13 09:18:48,316] {dagbag.py:500} INFO - Filling up the DagBag from /home/airflow/.local/lib/python3.7/site-packages/airflow/example_dags/example_branch_day_of_week_operator.py
[2022-04-13 09:18:48,334] {processor.py:652} INFO - DAG(s) dict_keys(['example_weekday_branch_operator']) retrieved from /home/airflow/.local/lib/python3.7/site-packages/airflow/example_dags/example_branch_day_of_week_operator.py
[2022-04-13 09:18:48,399] {logging_mixin.py:109} INFO - [2022-04-13 09:18:48,399] {dag.py:2398} INFO - Sync 1 DAGs
[2022-04-13 09:18:48,442] {logging_mixin.py:109} INFO - [2022-04-13 09:18:48,442] {dag.py:2937} INFO - Setting next_dagrun for example_weekday_branch_operator to 2022-04-12 00:00:00+00:00
[2022-04-13 09:18:48,460] {processor.py:171} INFO - Processing /home/airflow/.local/lib/python3.7/site-packages/airflow/example_dags/example_branch_day_of_week_operator.py took 0.149 seconds
[2022-04-13 09:19:19,463] {processor.py:163} INFO - Started process (PID=1471) to work on /home/airflow/.local/lib/python3.7/site-packages/airflow/example_dags/example_branch_day_of_week_operator.py
[2022-04-13 09:19:19,464] {processor.py:642} INFO - Processing file /home/airflow/.local/lib/python3.7/site-packages/airflow/example_dags/example_branch_day_of_week_operator.py for tasks to queue
[2022-04-13 09:19:19,465] {logging_mixin.py:109} INFO - [2022-04-13 09:19:19,465] {dagbag.py:500} INFO - Filling up the DagBag from /home/airflow/.local/lib/python3.7/site-packages/airflow/example_dags/example_branch_day_of_week_operator.py
[2022-04-13 09:19:19,481] {processor.py:652} INFO - DAG(s) dict_keys(['example_weekday_branch_operator']) retrieved from /home/airflow/.local/lib/python3.7/site-packages/airflow/example_dags/example_branch_day_of_week_operator.py
[2022-04-13 09:19:19,504] {logging_mixin.py:109} INFO - [2022-04-13 09:19:19,504] {dag.py:2398} INFO - Sync 1 DAGs
[2022-04-13 09:19:19,528] {logging_mixin.py:109} INFO - [2022-04-13 09:19:19,528] {dag.py:2937} INFO - Setting next_dagrun for example_weekday_branch_operator to 2022-04-12 00:00:00+00:00
[2022-04-13 09:19:19,547] {processor.py:171} INFO - Processing /home/airflow/.local/lib/python3.7/site-packages/airflow/example_dags/example_branch_day_of_week_operator.py took 0.087 seconds
[2022-04-13 09:19:50,107] {processor.py:163} INFO - Started process (PID=1522) to work on /home/airflow/.local/lib/python3.7/site-packages/airflow/example_dags/example_branch_day_of_week_operator.py
[2022-04-13 09:19:50,110] {processor.py:642} INFO - Processing file /home/airflow/.local/lib/python3.7/site-packages/airflow/example_dags/example_branch_day_of_week_operator.py for tasks to queue
[2022-04-13 09:19:50,111] {logging_mixin.py:109} INFO - [2022-04-13 09:19:50,111] {dagbag.py:500} INFO - Filling up the DagBag from /home/airflow/.local/lib/python3.7/site-packages/airflow/example_dags/example_branch_day_of_week_operator.py
[2022-04-13 09:19:50,132] {processor.py:652} INFO - DAG(s) dict_keys(['example_weekday_branch_operator']) retrieved from /home/airflow/.local/lib/python3.7/site-packages/airflow/example_dags/example_branch_day_of_week_operator.py
[2022-04-13 09:19:50,168] {logging_mixin.py:109} INFO - [2022-04-13 09:19:50,168] {dag.py:2398} INFO - Sync 1 DAGs
[2022-04-13 09:19:50,200] {logging_mixin.py:109} INFO - [2022-04-13 09:19:50,200] {dag.py:2937} INFO - Setting next_dagrun for example_weekday_branch_operator to 2022-04-12 00:00:00+00:00
[2022-04-13 09:19:50,216] {processor.py:171} INFO - Processing /home/airflow/.local/lib/python3.7/site-packages/airflow/example_dags/example_branch_day_of_week_operator.py took 0.113 seconds
[2022-04-13 09:20:21,390] {processor.py:163} INFO - Started process (PID=1583) to work on /home/airflow/.local/lib/python3.7/site-packages/airflow/example_dags/example_branch_day_of_week_operator.py
[2022-04-13 09:20:21,392] {processor.py:642} INFO - Processing file /home/airflow/.local/lib/python3.7/site-packages/airflow/example_dags/example_branch_day_of_week_operator.py for tasks to queue
[2022-04-13 09:20:21,393] {logging_mixin.py:109} INFO - [2022-04-13 09:20:21,393] {dagbag.py:500} INFO - Filling up the DagBag from /home/airflow/.local/lib/python3.7/site-packages/airflow/example_dags/example_branch_day_of_week_operator.py
[2022-04-13 09:20:21,417] {processor.py:652} INFO - DAG(s) dict_keys(['example_weekday_branch_operator']) retrieved from /home/airflow/.local/lib/python3.7/site-packages/airflow/example_dags/example_branch_day_of_week_operator.py
[2022-04-13 09:20:21,456] {logging_mixin.py:109} INFO - [2022-04-13 09:20:21,455] {dag.py:2398} INFO - Sync 1 DAGs
[2022-04-13 09:20:21,491] {logging_mixin.py:109} INFO - [2022-04-13 09:20:21,491] {dag.py:2937} INFO - Setting next_dagrun for example_weekday_branch_operator to 2022-04-12 00:00:00+00:00
[2022-04-13 09:20:21,515] {processor.py:171} INFO - Processing /home/airflow/.local/lib/python3.7/site-packages/airflow/example_dags/example_branch_day_of_week_operator.py took 0.131 seconds
[2022-04-13 09:20:52,584] {processor.py:163} INFO - Started process (PID=1635) to work on /home/airflow/.local/lib/python3.7/site-packages/airflow/example_dags/example_branch_day_of_week_operator.py
[2022-04-13 09:20:52,585] {processor.py:642} INFO - Processing file /home/airflow/.local/lib/python3.7/site-packages/airflow/example_dags/example_branch_day_of_week_operator.py for tasks to queue
[2022-04-13 09:20:52,586] {logging_mixin.py:109} INFO - [2022-04-13 09:20:52,586] {dagbag.py:500} INFO - Filling up the DagBag from /home/airflow/.local/lib/python3.7/site-packages/airflow/example_dags/example_branch_day_of_week_operator.py
[2022-04-13 09:20:52,605] {processor.py:652} INFO - DAG(s) dict_keys(['example_weekday_branch_operator']) retrieved from /home/airflow/.local/lib/python3.7/site-packages/airflow/example_dags/example_branch_day_of_week_operator.py
[2022-04-13 09:20:52,630] {logging_mixin.py:109} INFO - [2022-04-13 09:20:52,630] {dag.py:2398} INFO - Sync 1 DAGs
[2022-04-13 09:20:52,655] {logging_mixin.py:109} INFO - [2022-04-13 09:20:52,655] {dag.py:2937} INFO - Setting next_dagrun for example_weekday_branch_operator to 2022-04-12 00:00:00+00:00
[2022-04-13 09:20:52,669] {processor.py:171} INFO - Processing /home/airflow/.local/lib/python3.7/site-packages/airflow/example_dags/example_branch_day_of_week_operator.py took 0.087 seconds
[2022-04-13 09:21:23,713] {processor.py:163} INFO - Started process (PID=1686) to work on /home/airflow/.local/lib/python3.7/site-packages/airflow/example_dags/example_branch_day_of_week_operator.py
[2022-04-13 09:21:23,715] {processor.py:642} INFO - Processing file /home/airflow/.local/lib/python3.7/site-packages/airflow/example_dags/example_branch_day_of_week_operator.py for tasks to queue
[2022-04-13 09:21:23,715] {logging_mixin.py:109} INFO - [2022-04-13 09:21:23,715] {dagbag.py:500} INFO - Filling up the DagBag from /home/airflow/.local/lib/python3.7/site-packages/airflow/example_dags/example_branch_day_of_week_operator.py
[2022-04-13 09:21:23,736] {processor.py:652} INFO - DAG(s) dict_keys(['example_weekday_branch_operator']) retrieved from /home/airflow/.local/lib/python3.7/site-packages/airflow/example_dags/example_branch_day_of_week_operator.py
[2022-04-13 09:21:23,765] {logging_mixin.py:109} INFO - [2022-04-13 09:21:23,764] {dag.py:2398} INFO - Sync 1 DAGs
[2022-04-13 09:21:23,793] {logging_mixin.py:109} INFO - [2022-04-13 09:21:23,792] {dag.py:2937} INFO - Setting next_dagrun for example_weekday_branch_operator to 2022-04-12 00:00:00+00:00
[2022-04-13 09:21:23,810] {processor.py:171} INFO - Processing /home/airflow/.local/lib/python3.7/site-packages/airflow/example_dags/example_branch_day_of_week_operator.py took 0.100 seconds
[2022-04-13 09:21:54,836] {processor.py:163} INFO - Started process (PID=1746) to work on /home/airflow/.local/lib/python3.7/site-packages/airflow/example_dags/example_branch_day_of_week_operator.py
[2022-04-13 09:21:54,837] {processor.py:642} INFO - Processing file /home/airflow/.local/lib/python3.7/site-packages/airflow/example_dags/example_branch_day_of_week_operator.py for tasks to queue
[2022-04-13 09:21:54,838] {logging_mixin.py:109} INFO - [2022-04-13 09:21:54,838] {dagbag.py:500} INFO - Filling up the DagBag from /home/airflow/.local/lib/python3.7/site-packages/airflow/example_dags/example_branch_day_of_week_operator.py
[2022-04-13 09:21:54,855] {processor.py:652} INFO - DAG(s) dict_keys(['example_weekday_branch_operator']) retrieved from /home/airflow/.local/lib/python3.7/site-packages/airflow/example_dags/example_branch_day_of_week_operator.py
[2022-04-13 09:21:54,876] {logging_mixin.py:109} INFO - [2022-04-13 09:21:54,875] {dag.py:2398} INFO - Sync 1 DAGs
[2022-04-13 09:21:54,899] {logging_mixin.py:109} INFO - [2022-04-13 09:21:54,899] {dag.py:2937} INFO - Setting next_dagrun for example_weekday_branch_operator to 2022-04-12 00:00:00+00:00
[2022-04-13 09:21:54,914] {processor.py:171} INFO - Processing /home/airflow/.local/lib/python3.7/site-packages/airflow/example_dags/example_branch_day_of_week_operator.py took 0.081 seconds
[2022-04-13 09:22:26,197] {processor.py:163} INFO - Started process (PID=1798) to work on /home/airflow/.local/lib/python3.7/site-packages/airflow/example_dags/example_branch_day_of_week_operator.py
[2022-04-13 09:22:26,200] {processor.py:642} INFO - Processing file /home/airflow/.local/lib/python3.7/site-packages/airflow/example_dags/example_branch_day_of_week_operator.py for tasks to queue
[2022-04-13 09:22:26,201] {logging_mixin.py:109} INFO - [2022-04-13 09:22:26,201] {dagbag.py:500} INFO - Filling up the DagBag from /home/airflow/.local/lib/python3.7/site-packages/airflow/example_dags/example_branch_day_of_week_operator.py
[2022-04-13 09:22:26,236] {processor.py:652} INFO - DAG(s) dict_keys(['example_weekday_branch_operator']) retrieved from /home/airflow/.local/lib/python3.7/site-packages/airflow/example_dags/example_branch_day_of_week_operator.py
[2022-04-13 09:22:26,271] {logging_mixin.py:109} INFO - [2022-04-13 09:22:26,271] {dag.py:2398} INFO - Sync 1 DAGs
[2022-04-13 09:22:26,299] {logging_mixin.py:109} INFO - [2022-04-13 09:22:26,299] {dag.py:2937} INFO - Setting next_dagrun for example_weekday_branch_operator to 2022-04-12 00:00:00+00:00
[2022-04-13 09:22:26,316] {processor.py:171} INFO - Processing /home/airflow/.local/lib/python3.7/site-packages/airflow/example_dags/example_branch_day_of_week_operator.py took 0.124 seconds
[2022-04-13 09:22:57,693] {processor.py:163} INFO - Started process (PID=1850) to work on /home/airflow/.local/lib/python3.7/site-packages/airflow/example_dags/example_branch_day_of_week_operator.py
[2022-04-13 09:22:57,695] {processor.py:642} INFO - Processing file /home/airflow/.local/lib/python3.7/site-packages/airflow/example_dags/example_branch_day_of_week_operator.py for tasks to queue
[2022-04-13 09:22:57,696] {logging_mixin.py:109} INFO - [2022-04-13 09:22:57,696] {dagbag.py:500} INFO - Filling up the DagBag from /home/airflow/.local/lib/python3.7/site-packages/airflow/example_dags/example_branch_day_of_week_operator.py
[2022-04-13 09:22:57,734] {processor.py:652} INFO - DAG(s) dict_keys(['example_weekday_branch_operator']) retrieved from /home/airflow/.local/lib/python3.7/site-packages/airflow/example_dags/example_branch_day_of_week_operator.py
[2022-04-13 09:22:57,768] {logging_mixin.py:109} INFO - [2022-04-13 09:22:57,768] {dag.py:2398} INFO - Sync 1 DAGs
[2022-04-13 09:22:57,792] {logging_mixin.py:109} INFO - [2022-04-13 09:22:57,792] {dag.py:2937} INFO - Setting next_dagrun for example_weekday_branch_operator to 2022-04-12 00:00:00+00:00
[2022-04-13 09:22:57,808] {processor.py:171} INFO - Processing /home/airflow/.local/lib/python3.7/site-packages/airflow/example_dags/example_branch_day_of_week_operator.py took 0.119 seconds
[2022-04-13 09:23:28,807] {processor.py:163} INFO - Started process (PID=1912) to work on /home/airflow/.local/lib/python3.7/site-packages/airflow/example_dags/example_branch_day_of_week_operator.py
[2022-04-13 09:23:28,809] {processor.py:642} INFO - Processing file /home/airflow/.local/lib/python3.7/site-packages/airflow/example_dags/example_branch_day_of_week_operator.py for tasks to queue
[2022-04-13 09:23:28,809] {logging_mixin.py:109} INFO - [2022-04-13 09:23:28,809] {dagbag.py:500} INFO - Filling up the DagBag from /home/airflow/.local/lib/python3.7/site-packages/airflow/example_dags/example_branch_day_of_week_operator.py
[2022-04-13 09:23:28,832] {processor.py:652} INFO - DAG(s) dict_keys(['example_weekday_branch_operator']) retrieved from /home/airflow/.local/lib/python3.7/site-packages/airflow/example_dags/example_branch_day_of_week_operator.py
[2022-04-13 09:23:28,857] {logging_mixin.py:109} INFO - [2022-04-13 09:23:28,857] {dag.py:2398} INFO - Sync 1 DAGs
[2022-04-13 09:23:28,880] {logging_mixin.py:109} INFO - [2022-04-13 09:23:28,880] {dag.py:2937} INFO - Setting next_dagrun for example_weekday_branch_operator to 2022-04-12 00:00:00+00:00
[2022-04-13 09:23:28,899] {processor.py:171} INFO - Processing /home/airflow/.local/lib/python3.7/site-packages/airflow/example_dags/example_branch_day_of_week_operator.py took 0.095 seconds
[2022-04-13 09:24:00,129] {processor.py:163} INFO - Started process (PID=1963) to work on /home/airflow/.local/lib/python3.7/site-packages/airflow/example_dags/example_branch_day_of_week_operator.py
[2022-04-13 09:24:00,140] {processor.py:642} INFO - Processing file /home/airflow/.local/lib/python3.7/site-packages/airflow/example_dags/example_branch_day_of_week_operator.py for tasks to queue
[2022-04-13 09:24:00,141] {logging_mixin.py:109} INFO - [2022-04-13 09:24:00,141] {dagbag.py:500} INFO - Filling up the DagBag from /home/airflow/.local/lib/python3.7/site-packages/airflow/example_dags/example_branch_day_of_week_operator.py
[2022-04-13 09:24:00,161] {processor.py:652} INFO - DAG(s) dict_keys(['example_weekday_branch_operator']) retrieved from /home/airflow/.local/lib/python3.7/site-packages/airflow/example_dags/example_branch_day_of_week_operator.py
[2022-04-13 09:24:00,198] {logging_mixin.py:109} INFO - [2022-04-13 09:24:00,197] {dag.py:2398} INFO - Sync 1 DAGs
[2022-04-13 09:24:00,225] {logging_mixin.py:109} INFO - [2022-04-13 09:24:00,225] {dag.py:2937} INFO - Setting next_dagrun for example_weekday_branch_operator to 2022-04-12 00:00:00+00:00
[2022-04-13 09:24:00,241] {processor.py:171} INFO - Processing /home/airflow/.local/lib/python3.7/site-packages/airflow/example_dags/example_branch_day_of_week_operator.py took 0.115 seconds
[2022-04-13 09:24:30,959] {processor.py:163} INFO - Started process (PID=2014) to work on /home/airflow/.local/lib/python3.7/site-packages/airflow/example_dags/example_branch_day_of_week_operator.py
[2022-04-13 09:24:30,960] {processor.py:642} INFO - Processing file /home/airflow/.local/lib/python3.7/site-packages/airflow/example_dags/example_branch_day_of_week_operator.py for tasks to queue
[2022-04-13 09:24:30,961] {logging_mixin.py:109} INFO - [2022-04-13 09:24:30,961] {dagbag.py:500} INFO - Filling up the DagBag from /home/airflow/.local/lib/python3.7/site-packages/airflow/example_dags/example_branch_day_of_week_operator.py
[2022-04-13 09:24:30,980] {processor.py:652} INFO - DAG(s) dict_keys(['example_weekday_branch_operator']) retrieved from /home/airflow/.local/lib/python3.7/site-packages/airflow/example_dags/example_branch_day_of_week_operator.py
[2022-04-13 09:24:31,008] {logging_mixin.py:109} INFO - [2022-04-13 09:24:31,008] {dag.py:2398} INFO - Sync 1 DAGs
[2022-04-13 09:24:31,033] {logging_mixin.py:109} INFO - [2022-04-13 09:24:31,032] {dag.py:2937} INFO - Setting next_dagrun for example_weekday_branch_operator to 2022-04-12 00:00:00+00:00
[2022-04-13 09:24:31,049] {processor.py:171} INFO - Processing /home/airflow/.local/lib/python3.7/site-packages/airflow/example_dags/example_branch_day_of_week_operator.py took 0.095 seconds
[2022-04-13 09:25:02,332] {processor.py:163} INFO - Started process (PID=2076) to work on /home/airflow/.local/lib/python3.7/site-packages/airflow/example_dags/example_branch_day_of_week_operator.py
[2022-04-13 09:25:02,334] {processor.py:642} INFO - Processing file /home/airflow/.local/lib/python3.7/site-packages/airflow/example_dags/example_branch_day_of_week_operator.py for tasks to queue
[2022-04-13 09:25:02,334] {logging_mixin.py:109} INFO - [2022-04-13 09:25:02,334] {dagbag.py:500} INFO - Filling up the DagBag from /home/airflow/.local/lib/python3.7/site-packages/airflow/example_dags/example_branch_day_of_week_operator.py
[2022-04-13 09:25:02,365] {processor.py:652} INFO - DAG(s) dict_keys(['example_weekday_branch_operator']) retrieved from /home/airflow/.local/lib/python3.7/site-packages/airflow/example_dags/example_branch_day_of_week_operator.py
[2022-04-13 09:25:02,393] {logging_mixin.py:109} INFO - [2022-04-13 09:25:02,393] {dag.py:2398} INFO - Sync 1 DAGs
[2022-04-13 09:25:02,423] {logging_mixin.py:109} INFO - [2022-04-13 09:25:02,423] {dag.py:2937} INFO - Setting next_dagrun for example_weekday_branch_operator to 2022-04-12 00:00:00+00:00
[2022-04-13 09:25:02,438] {processor.py:171} INFO - Processing /home/airflow/.local/lib/python3.7/site-packages/airflow/example_dags/example_branch_day_of_week_operator.py took 0.109 seconds
[2022-04-13 09:25:32,769] {processor.py:163} INFO - Started process (PID=2126) to work on /home/airflow/.local/lib/python3.7/site-packages/airflow/example_dags/example_branch_day_of_week_operator.py
[2022-04-13 09:25:32,770] {processor.py:642} INFO - Processing file /home/airflow/.local/lib/python3.7/site-packages/airflow/example_dags/example_branch_day_of_week_operator.py for tasks to queue
[2022-04-13 09:25:32,770] {logging_mixin.py:109} INFO - [2022-04-13 09:25:32,770] {dagbag.py:500} INFO - Filling up the DagBag from /home/airflow/.local/lib/python3.7/site-packages/airflow/example_dags/example_branch_day_of_week_operator.py
[2022-04-13 09:25:32,785] {processor.py:652} INFO - DAG(s) dict_keys(['example_weekday_branch_operator']) retrieved from /home/airflow/.local/lib/python3.7/site-packages/airflow/example_dags/example_branch_day_of_week_operator.py
[2022-04-13 09:25:32,808] {logging_mixin.py:109} INFO - [2022-04-13 09:25:32,807] {dag.py:2398} INFO - Sync 1 DAGs
[2022-04-13 09:25:32,829] {logging_mixin.py:109} INFO - [2022-04-13 09:25:32,829] {dag.py:2937} INFO - Setting next_dagrun for example_weekday_branch_operator to 2022-04-12 00:00:00+00:00
[2022-04-13 09:25:32,847] {processor.py:171} INFO - Processing /home/airflow/.local/lib/python3.7/site-packages/airflow/example_dags/example_branch_day_of_week_operator.py took 0.081 seconds
[2022-04-13 09:26:03,857] {processor.py:163} INFO - Started process (PID=2184) to work on /home/airflow/.local/lib/python3.7/site-packages/airflow/example_dags/example_branch_day_of_week_operator.py
[2022-04-13 09:26:03,859] {processor.py:642} INFO - Processing file /home/airflow/.local/lib/python3.7/site-packages/airflow/example_dags/example_branch_day_of_week_operator.py for tasks to queue
[2022-04-13 09:26:03,860] {logging_mixin.py:109} INFO - [2022-04-13 09:26:03,860] {dagbag.py:500} INFO - Filling up the DagBag from /home/airflow/.local/lib/python3.7/site-packages/airflow/example_dags/example_branch_day_of_week_operator.py
[2022-04-13 09:26:03,878] {processor.py:652} INFO - DAG(s) dict_keys(['example_weekday_branch_operator']) retrieved from /home/airflow/.local/lib/python3.7/site-packages/airflow/example_dags/example_branch_day_of_week_operator.py
[2022-04-13 09:26:03,902] {logging_mixin.py:109} INFO - [2022-04-13 09:26:03,902] {dag.py:2398} INFO - Sync 1 DAGs
[2022-04-13 09:26:03,925] {logging_mixin.py:109} INFO - [2022-04-13 09:26:03,924] {dag.py:2937} INFO - Setting next_dagrun for example_weekday_branch_operator to 2022-04-12 00:00:00+00:00
[2022-04-13 09:26:03,938] {processor.py:171} INFO - Processing /home/airflow/.local/lib/python3.7/site-packages/airflow/example_dags/example_branch_day_of_week_operator.py took 0.083 seconds
