[2022-04-13 08:46:41,154] {processor.py:163} INFO - Started process (PID=331) to work on /home/airflow/.local/lib/python3.7/site-packages/airflow/example_dags/example_branch_datetime_operator.py
[2022-04-13 08:46:41,155] {processor.py:642} INFO - Processing file /home/airflow/.local/lib/python3.7/site-packages/airflow/example_dags/example_branch_datetime_operator.py for tasks to queue
[2022-04-13 08:46:41,156] {logging_mixin.py:109} INFO - [2022-04-13 08:46:41,156] {dagbag.py:500} INFO - Filling up the DagBag from /home/airflow/.local/lib/python3.7/site-packages/airflow/example_dags/example_branch_datetime_operator.py
[2022-04-13 08:46:41,182] {processor.py:652} INFO - DAG(s) dict_keys(['example_branch_datetime_operator_2']) retrieved from /home/airflow/.local/lib/python3.7/site-packages/airflow/example_dags/example_branch_datetime_operator.py
[2022-04-13 08:46:43,474] {logging_mixin.py:109} INFO - [2022-04-13 08:46:43,474] {manager.py:496} INFO - Created Permission View: can read on DAG:example_branch_datetime_operator_2
[2022-04-13 08:46:43,489] {logging_mixin.py:109} INFO - [2022-04-13 08:46:43,489] {manager.py:496} INFO - Created Permission View: can edit on DAG:example_branch_datetime_operator_2
[2022-04-13 08:46:43,490] {logging_mixin.py:109} INFO - [2022-04-13 08:46:43,489] {dag.py:2398} INFO - Sync 1 DAGs
[2022-04-13 08:46:43,501] {logging_mixin.py:109} INFO - [2022-04-13 08:46:43,500] {dag.py:2417} INFO - Creating ORM DAG for example_branch_datetime_operator_2
[2022-04-13 08:46:43,516] {logging_mixin.py:109} INFO - [2022-04-13 08:46:43,515] {dag.py:2937} INFO - Setting next_dagrun for example_branch_datetime_operator_2 to 2022-04-12 00:00:00+00:00
[2022-04-13 08:46:43,536] {processor.py:171} INFO - Processing /home/airflow/.local/lib/python3.7/site-packages/airflow/example_dags/example_branch_datetime_operator.py took 2.385 seconds
[2022-04-13 08:47:14,064] {processor.py:163} INFO - Started process (PID=490) to work on /home/airflow/.local/lib/python3.7/site-packages/airflow/example_dags/example_branch_datetime_operator.py
[2022-04-13 08:47:14,064] {processor.py:642} INFO - Processing file /home/airflow/.local/lib/python3.7/site-packages/airflow/example_dags/example_branch_datetime_operator.py for tasks to queue
[2022-04-13 08:47:14,065] {logging_mixin.py:109} INFO - [2022-04-13 08:47:14,065] {dagbag.py:500} INFO - Filling up the DagBag from /home/airflow/.local/lib/python3.7/site-packages/airflow/example_dags/example_branch_datetime_operator.py
[2022-04-13 08:47:14,083] {processor.py:652} INFO - DAG(s) dict_keys(['example_branch_datetime_operator_2']) retrieved from /home/airflow/.local/lib/python3.7/site-packages/airflow/example_dags/example_branch_datetime_operator.py
[2022-04-13 08:47:14,108] {logging_mixin.py:109} INFO - [2022-04-13 08:47:14,108] {dag.py:2398} INFO - Sync 1 DAGs
[2022-04-13 08:47:14,127] {logging_mixin.py:109} INFO - [2022-04-13 08:47:14,127] {dag.py:2937} INFO - Setting next_dagrun for example_branch_datetime_operator_2 to 2022-04-12 00:00:00+00:00
[2022-04-13 08:47:14,139] {processor.py:171} INFO - Processing /home/airflow/.local/lib/python3.7/site-packages/airflow/example_dags/example_branch_datetime_operator.py took 0.078 seconds
[2022-04-13 08:47:44,768] {processor.py:163} INFO - Started process (PID=551) to work on /home/airflow/.local/lib/python3.7/site-packages/airflow/example_dags/example_branch_datetime_operator.py
[2022-04-13 08:47:44,774] {processor.py:642} INFO - Processing file /home/airflow/.local/lib/python3.7/site-packages/airflow/example_dags/example_branch_datetime_operator.py for tasks to queue
[2022-04-13 08:47:44,775] {logging_mixin.py:109} INFO - [2022-04-13 08:47:44,774] {dagbag.py:500} INFO - Filling up the DagBag from /home/airflow/.local/lib/python3.7/site-packages/airflow/example_dags/example_branch_datetime_operator.py
[2022-04-13 08:47:44,805] {processor.py:652} INFO - DAG(s) dict_keys(['example_branch_datetime_operator_2']) retrieved from /home/airflow/.local/lib/python3.7/site-packages/airflow/example_dags/example_branch_datetime_operator.py
[2022-04-13 08:47:44,836] {logging_mixin.py:109} INFO - [2022-04-13 08:47:44,836] {dag.py:2398} INFO - Sync 1 DAGs
[2022-04-13 08:47:44,862] {logging_mixin.py:109} INFO - [2022-04-13 08:47:44,861] {dag.py:2937} INFO - Setting next_dagrun for example_branch_datetime_operator_2 to 2022-04-12 00:00:00+00:00
[2022-04-13 08:47:44,877] {processor.py:171} INFO - Processing /home/airflow/.local/lib/python3.7/site-packages/airflow/example_dags/example_branch_datetime_operator.py took 0.113 seconds
[2022-04-13 08:48:14,959] {processor.py:163} INFO - Started process (PID=601) to work on /home/airflow/.local/lib/python3.7/site-packages/airflow/example_dags/example_branch_datetime_operator.py
[2022-04-13 08:48:14,960] {processor.py:642} INFO - Processing file /home/airflow/.local/lib/python3.7/site-packages/airflow/example_dags/example_branch_datetime_operator.py for tasks to queue
[2022-04-13 08:48:14,960] {logging_mixin.py:109} INFO - [2022-04-13 08:48:14,960] {dagbag.py:500} INFO - Filling up the DagBag from /home/airflow/.local/lib/python3.7/site-packages/airflow/example_dags/example_branch_datetime_operator.py
[2022-04-13 08:48:14,977] {processor.py:652} INFO - DAG(s) dict_keys(['example_branch_datetime_operator_2']) retrieved from /home/airflow/.local/lib/python3.7/site-packages/airflow/example_dags/example_branch_datetime_operator.py
[2022-04-13 08:48:15,000] {logging_mixin.py:109} INFO - [2022-04-13 08:48:15,000] {dag.py:2398} INFO - Sync 1 DAGs
[2022-04-13 08:48:15,020] {logging_mixin.py:109} INFO - [2022-04-13 08:48:15,019] {dag.py:2937} INFO - Setting next_dagrun for example_branch_datetime_operator_2 to 2022-04-12 00:00:00+00:00
[2022-04-13 08:48:15,038] {processor.py:171} INFO - Processing /home/airflow/.local/lib/python3.7/site-packages/airflow/example_dags/example_branch_datetime_operator.py took 0.082 seconds
[2022-04-13 08:48:45,515] {processor.py:163} INFO - Started process (PID=653) to work on /home/airflow/.local/lib/python3.7/site-packages/airflow/example_dags/example_branch_datetime_operator.py
[2022-04-13 08:48:45,520] {processor.py:642} INFO - Processing file /home/airflow/.local/lib/python3.7/site-packages/airflow/example_dags/example_branch_datetime_operator.py for tasks to queue
[2022-04-13 08:48:45,521] {logging_mixin.py:109} INFO - [2022-04-13 08:48:45,520] {dagbag.py:500} INFO - Filling up the DagBag from /home/airflow/.local/lib/python3.7/site-packages/airflow/example_dags/example_branch_datetime_operator.py
[2022-04-13 08:48:45,542] {processor.py:652} INFO - DAG(s) dict_keys(['example_branch_datetime_operator_2']) retrieved from /home/airflow/.local/lib/python3.7/site-packages/airflow/example_dags/example_branch_datetime_operator.py
[2022-04-13 08:48:45,565] {logging_mixin.py:109} INFO - [2022-04-13 08:48:45,565] {dag.py:2398} INFO - Sync 1 DAGs
[2022-04-13 08:48:45,591] {logging_mixin.py:109} INFO - [2022-04-13 08:48:45,591] {dag.py:2937} INFO - Setting next_dagrun for example_branch_datetime_operator_2 to 2022-04-12 00:00:00+00:00
[2022-04-13 08:48:45,605] {processor.py:171} INFO - Processing /home/airflow/.local/lib/python3.7/site-packages/airflow/example_dags/example_branch_datetime_operator.py took 0.092 seconds
[2022-04-13 08:52:10,644] {processor.py:163} INFO - Started process (PID=58) to work on /home/airflow/.local/lib/python3.7/site-packages/airflow/example_dags/example_branch_datetime_operator.py
[2022-04-13 08:52:10,645] {processor.py:642} INFO - Processing file /home/airflow/.local/lib/python3.7/site-packages/airflow/example_dags/example_branch_datetime_operator.py for tasks to queue
[2022-04-13 08:52:10,646] {logging_mixin.py:109} INFO - [2022-04-13 08:52:10,646] {dagbag.py:500} INFO - Filling up the DagBag from /home/airflow/.local/lib/python3.7/site-packages/airflow/example_dags/example_branch_datetime_operator.py
[2022-04-13 08:52:10,667] {processor.py:652} INFO - DAG(s) dict_keys(['example_branch_datetime_operator_2']) retrieved from /home/airflow/.local/lib/python3.7/site-packages/airflow/example_dags/example_branch_datetime_operator.py
[2022-04-13 08:52:10,703] {logging_mixin.py:109} INFO - [2022-04-13 08:52:10,703] {dag.py:2398} INFO - Sync 1 DAGs
[2022-04-13 08:52:10,726] {logging_mixin.py:109} INFO - [2022-04-13 08:52:10,726] {dag.py:2937} INFO - Setting next_dagrun for example_branch_datetime_operator_2 to 2022-04-12 00:00:00+00:00
[2022-04-13 08:52:10,742] {processor.py:171} INFO - Processing /home/airflow/.local/lib/python3.7/site-packages/airflow/example_dags/example_branch_datetime_operator.py took 0.101 seconds
[2022-04-13 08:54:27,646] {processor.py:163} INFO - Started process (PID=62) to work on /home/airflow/.local/lib/python3.7/site-packages/airflow/example_dags/example_branch_datetime_operator.py
[2022-04-13 08:54:27,647] {processor.py:642} INFO - Processing file /home/airflow/.local/lib/python3.7/site-packages/airflow/example_dags/example_branch_datetime_operator.py for tasks to queue
[2022-04-13 08:54:27,647] {logging_mixin.py:109} INFO - [2022-04-13 08:54:27,647] {dagbag.py:500} INFO - Filling up the DagBag from /home/airflow/.local/lib/python3.7/site-packages/airflow/example_dags/example_branch_datetime_operator.py
[2022-04-13 08:54:27,665] {processor.py:652} INFO - DAG(s) dict_keys(['example_branch_datetime_operator_2']) retrieved from /home/airflow/.local/lib/python3.7/site-packages/airflow/example_dags/example_branch_datetime_operator.py
[2022-04-13 08:54:27,685] {logging_mixin.py:109} INFO - [2022-04-13 08:54:27,685] {dag.py:2398} INFO - Sync 1 DAGs
[2022-04-13 08:54:27,709] {logging_mixin.py:109} INFO - [2022-04-13 08:54:27,709] {dag.py:2937} INFO - Setting next_dagrun for example_branch_datetime_operator_2 to 2022-04-12 00:00:00+00:00
[2022-04-13 08:54:27,725] {processor.py:171} INFO - Processing /home/airflow/.local/lib/python3.7/site-packages/airflow/example_dags/example_branch_datetime_operator.py took 0.081 seconds
[2022-04-13 08:54:58,232] {processor.py:163} INFO - Started process (PID=114) to work on /home/airflow/.local/lib/python3.7/site-packages/airflow/example_dags/example_branch_datetime_operator.py
[2022-04-13 08:54:58,234] {processor.py:642} INFO - Processing file /home/airflow/.local/lib/python3.7/site-packages/airflow/example_dags/example_branch_datetime_operator.py for tasks to queue
[2022-04-13 08:54:58,234] {logging_mixin.py:109} INFO - [2022-04-13 08:54:58,234] {dagbag.py:500} INFO - Filling up the DagBag from /home/airflow/.local/lib/python3.7/site-packages/airflow/example_dags/example_branch_datetime_operator.py
[2022-04-13 08:54:58,249] {processor.py:652} INFO - DAG(s) dict_keys(['example_branch_datetime_operator_2']) retrieved from /home/airflow/.local/lib/python3.7/site-packages/airflow/example_dags/example_branch_datetime_operator.py
[2022-04-13 08:54:58,268] {logging_mixin.py:109} INFO - [2022-04-13 08:54:58,267] {dag.py:2398} INFO - Sync 1 DAGs
[2022-04-13 08:54:58,282] {logging_mixin.py:109} INFO - [2022-04-13 08:54:58,282] {dag.py:2937} INFO - Setting next_dagrun for example_branch_datetime_operator_2 to 2022-04-12 00:00:00+00:00
[2022-04-13 08:54:58,293] {processor.py:171} INFO - Processing /home/airflow/.local/lib/python3.7/site-packages/airflow/example_dags/example_branch_datetime_operator.py took 0.062 seconds
[2022-04-13 08:55:29,451] {processor.py:163} INFO - Started process (PID=174) to work on /home/airflow/.local/lib/python3.7/site-packages/airflow/example_dags/example_branch_datetime_operator.py
[2022-04-13 08:55:29,453] {processor.py:642} INFO - Processing file /home/airflow/.local/lib/python3.7/site-packages/airflow/example_dags/example_branch_datetime_operator.py for tasks to queue
[2022-04-13 08:55:29,454] {logging_mixin.py:109} INFO - [2022-04-13 08:55:29,453] {dagbag.py:500} INFO - Filling up the DagBag from /home/airflow/.local/lib/python3.7/site-packages/airflow/example_dags/example_branch_datetime_operator.py
[2022-04-13 08:55:29,474] {processor.py:652} INFO - DAG(s) dict_keys(['example_branch_datetime_operator_2']) retrieved from /home/airflow/.local/lib/python3.7/site-packages/airflow/example_dags/example_branch_datetime_operator.py
[2022-04-13 08:55:29,496] {logging_mixin.py:109} INFO - [2022-04-13 08:55:29,496] {dag.py:2398} INFO - Sync 1 DAGs
[2022-04-13 08:55:29,513] {logging_mixin.py:109} INFO - [2022-04-13 08:55:29,513] {dag.py:2937} INFO - Setting next_dagrun for example_branch_datetime_operator_2 to 2022-04-12 00:00:00+00:00
[2022-04-13 08:55:29,527] {processor.py:171} INFO - Processing /home/airflow/.local/lib/python3.7/site-packages/airflow/example_dags/example_branch_datetime_operator.py took 0.078 seconds
[2022-04-13 08:56:01,179] {processor.py:163} INFO - Started process (PID=233) to work on /home/airflow/.local/lib/python3.7/site-packages/airflow/example_dags/example_branch_datetime_operator.py
[2022-04-13 08:56:01,180] {processor.py:642} INFO - Processing file /home/airflow/.local/lib/python3.7/site-packages/airflow/example_dags/example_branch_datetime_operator.py for tasks to queue
[2022-04-13 08:56:01,181] {logging_mixin.py:109} INFO - [2022-04-13 08:56:01,181] {dagbag.py:500} INFO - Filling up the DagBag from /home/airflow/.local/lib/python3.7/site-packages/airflow/example_dags/example_branch_datetime_operator.py
[2022-04-13 08:56:01,196] {processor.py:652} INFO - DAG(s) dict_keys(['example_branch_datetime_operator_2']) retrieved from /home/airflow/.local/lib/python3.7/site-packages/airflow/example_dags/example_branch_datetime_operator.py
[2022-04-13 08:56:01,229] {logging_mixin.py:109} INFO - [2022-04-13 08:56:01,229] {dag.py:2398} INFO - Sync 1 DAGs
[2022-04-13 08:56:01,254] {logging_mixin.py:109} INFO - [2022-04-13 08:56:01,253] {dag.py:2937} INFO - Setting next_dagrun for example_branch_datetime_operator_2 to 2022-04-12 00:00:00+00:00
[2022-04-13 08:56:01,274] {processor.py:171} INFO - Processing /home/airflow/.local/lib/python3.7/site-packages/airflow/example_dags/example_branch_datetime_operator.py took 0.097 seconds
[2022-04-13 08:56:32,210] {processor.py:163} INFO - Started process (PID=287) to work on /home/airflow/.local/lib/python3.7/site-packages/airflow/example_dags/example_branch_datetime_operator.py
[2022-04-13 08:56:32,212] {processor.py:642} INFO - Processing file /home/airflow/.local/lib/python3.7/site-packages/airflow/example_dags/example_branch_datetime_operator.py for tasks to queue
[2022-04-13 08:56:32,213] {logging_mixin.py:109} INFO - [2022-04-13 08:56:32,213] {dagbag.py:500} INFO - Filling up the DagBag from /home/airflow/.local/lib/python3.7/site-packages/airflow/example_dags/example_branch_datetime_operator.py
[2022-04-13 08:56:32,235] {processor.py:652} INFO - DAG(s) dict_keys(['example_branch_datetime_operator_2']) retrieved from /home/airflow/.local/lib/python3.7/site-packages/airflow/example_dags/example_branch_datetime_operator.py
[2022-04-13 08:56:32,267] {logging_mixin.py:109} INFO - [2022-04-13 08:56:32,266] {dag.py:2398} INFO - Sync 1 DAGs
[2022-04-13 08:56:32,287] {logging_mixin.py:109} INFO - [2022-04-13 08:56:32,287] {dag.py:2937} INFO - Setting next_dagrun for example_branch_datetime_operator_2 to 2022-04-12 00:00:00+00:00
[2022-04-13 08:56:32,300] {processor.py:171} INFO - Processing /home/airflow/.local/lib/python3.7/site-packages/airflow/example_dags/example_branch_datetime_operator.py took 0.092 seconds
[2022-04-13 08:57:02,328] {processor.py:163} INFO - Started process (PID=346) to work on /home/airflow/.local/lib/python3.7/site-packages/airflow/example_dags/example_branch_datetime_operator.py
[2022-04-13 08:57:02,329] {processor.py:642} INFO - Processing file /home/airflow/.local/lib/python3.7/site-packages/airflow/example_dags/example_branch_datetime_operator.py for tasks to queue
[2022-04-13 08:57:02,330] {logging_mixin.py:109} INFO - [2022-04-13 08:57:02,330] {dagbag.py:500} INFO - Filling up the DagBag from /home/airflow/.local/lib/python3.7/site-packages/airflow/example_dags/example_branch_datetime_operator.py
[2022-04-13 08:57:02,346] {processor.py:652} INFO - DAG(s) dict_keys(['example_branch_datetime_operator_2']) retrieved from /home/airflow/.local/lib/python3.7/site-packages/airflow/example_dags/example_branch_datetime_operator.py
[2022-04-13 08:57:02,367] {logging_mixin.py:109} INFO - [2022-04-13 08:57:02,367] {dag.py:2398} INFO - Sync 1 DAGs
[2022-04-13 08:57:02,385] {logging_mixin.py:109} INFO - [2022-04-13 08:57:02,385] {dag.py:2937} INFO - Setting next_dagrun for example_branch_datetime_operator_2 to 2022-04-12 00:00:00+00:00
[2022-04-13 08:57:02,401] {processor.py:171} INFO - Processing /home/airflow/.local/lib/python3.7/site-packages/airflow/example_dags/example_branch_datetime_operator.py took 0.076 seconds
[2022-04-13 08:57:32,671] {processor.py:163} INFO - Started process (PID=396) to work on /home/airflow/.local/lib/python3.7/site-packages/airflow/example_dags/example_branch_datetime_operator.py
[2022-04-13 08:57:32,673] {processor.py:642} INFO - Processing file /home/airflow/.local/lib/python3.7/site-packages/airflow/example_dags/example_branch_datetime_operator.py for tasks to queue
[2022-04-13 08:57:32,673] {logging_mixin.py:109} INFO - [2022-04-13 08:57:32,673] {dagbag.py:500} INFO - Filling up the DagBag from /home/airflow/.local/lib/python3.7/site-packages/airflow/example_dags/example_branch_datetime_operator.py
[2022-04-13 08:57:32,684] {processor.py:652} INFO - DAG(s) dict_keys(['example_branch_datetime_operator_2']) retrieved from /home/airflow/.local/lib/python3.7/site-packages/airflow/example_dags/example_branch_datetime_operator.py
[2022-04-13 08:57:32,703] {logging_mixin.py:109} INFO - [2022-04-13 08:57:32,703] {dag.py:2398} INFO - Sync 1 DAGs
[2022-04-13 08:57:32,722] {logging_mixin.py:109} INFO - [2022-04-13 08:57:32,722] {dag.py:2937} INFO - Setting next_dagrun for example_branch_datetime_operator_2 to 2022-04-12 00:00:00+00:00
[2022-04-13 08:57:32,733] {processor.py:171} INFO - Processing /home/airflow/.local/lib/python3.7/site-packages/airflow/example_dags/example_branch_datetime_operator.py took 0.064 seconds
[2022-04-13 08:58:02,869] {processor.py:163} INFO - Started process (PID=457) to work on /home/airflow/.local/lib/python3.7/site-packages/airflow/example_dags/example_branch_datetime_operator.py
[2022-04-13 08:58:02,870] {processor.py:642} INFO - Processing file /home/airflow/.local/lib/python3.7/site-packages/airflow/example_dags/example_branch_datetime_operator.py for tasks to queue
[2022-04-13 08:58:02,871] {logging_mixin.py:109} INFO - [2022-04-13 08:58:02,870] {dagbag.py:500} INFO - Filling up the DagBag from /home/airflow/.local/lib/python3.7/site-packages/airflow/example_dags/example_branch_datetime_operator.py
[2022-04-13 08:58:02,883] {processor.py:652} INFO - DAG(s) dict_keys(['example_branch_datetime_operator_2']) retrieved from /home/airflow/.local/lib/python3.7/site-packages/airflow/example_dags/example_branch_datetime_operator.py
[2022-04-13 08:58:02,903] {logging_mixin.py:109} INFO - [2022-04-13 08:58:02,903] {dag.py:2398} INFO - Sync 1 DAGs
[2022-04-13 08:58:02,928] {logging_mixin.py:109} INFO - [2022-04-13 08:58:02,928] {dag.py:2937} INFO - Setting next_dagrun for example_branch_datetime_operator_2 to 2022-04-12 00:00:00+00:00
[2022-04-13 08:58:02,943] {processor.py:171} INFO - Processing /home/airflow/.local/lib/python3.7/site-packages/airflow/example_dags/example_branch_datetime_operator.py took 0.076 seconds
[2022-04-13 08:58:34,019] {processor.py:163} INFO - Started process (PID=509) to work on /home/airflow/.local/lib/python3.7/site-packages/airflow/example_dags/example_branch_datetime_operator.py
[2022-04-13 08:58:34,021] {processor.py:642} INFO - Processing file /home/airflow/.local/lib/python3.7/site-packages/airflow/example_dags/example_branch_datetime_operator.py for tasks to queue
[2022-04-13 08:58:34,022] {logging_mixin.py:109} INFO - [2022-04-13 08:58:34,021] {dagbag.py:500} INFO - Filling up the DagBag from /home/airflow/.local/lib/python3.7/site-packages/airflow/example_dags/example_branch_datetime_operator.py
[2022-04-13 08:58:34,039] {processor.py:652} INFO - DAG(s) dict_keys(['example_branch_datetime_operator_2']) retrieved from /home/airflow/.local/lib/python3.7/site-packages/airflow/example_dags/example_branch_datetime_operator.py
[2022-04-13 08:58:34,064] {logging_mixin.py:109} INFO - [2022-04-13 08:58:34,064] {dag.py:2398} INFO - Sync 1 DAGs
[2022-04-13 08:58:34,080] {logging_mixin.py:109} INFO - [2022-04-13 08:58:34,080] {dag.py:2937} INFO - Setting next_dagrun for example_branch_datetime_operator_2 to 2022-04-12 00:00:00+00:00
[2022-04-13 08:58:34,098] {processor.py:171} INFO - Processing /home/airflow/.local/lib/python3.7/site-packages/airflow/example_dags/example_branch_datetime_operator.py took 0.082 seconds
[2022-04-13 08:59:05,110] {processor.py:163} INFO - Started process (PID=569) to work on /home/airflow/.local/lib/python3.7/site-packages/airflow/example_dags/example_branch_datetime_operator.py
[2022-04-13 08:59:05,112] {processor.py:642} INFO - Processing file /home/airflow/.local/lib/python3.7/site-packages/airflow/example_dags/example_branch_datetime_operator.py for tasks to queue
[2022-04-13 08:59:05,113] {logging_mixin.py:109} INFO - [2022-04-13 08:59:05,113] {dagbag.py:500} INFO - Filling up the DagBag from /home/airflow/.local/lib/python3.7/site-packages/airflow/example_dags/example_branch_datetime_operator.py
[2022-04-13 08:59:05,137] {processor.py:652} INFO - DAG(s) dict_keys(['example_branch_datetime_operator_2']) retrieved from /home/airflow/.local/lib/python3.7/site-packages/airflow/example_dags/example_branch_datetime_operator.py
[2022-04-13 08:59:05,172] {logging_mixin.py:109} INFO - [2022-04-13 08:59:05,172] {dag.py:2398} INFO - Sync 1 DAGs
[2022-04-13 08:59:05,207] {logging_mixin.py:109} INFO - [2022-04-13 08:59:05,207] {dag.py:2937} INFO - Setting next_dagrun for example_branch_datetime_operator_2 to 2022-04-12 00:00:00+00:00
[2022-04-13 08:59:05,225] {processor.py:171} INFO - Processing /home/airflow/.local/lib/python3.7/site-packages/airflow/example_dags/example_branch_datetime_operator.py took 0.119 seconds
[2022-04-13 08:59:35,785] {processor.py:163} INFO - Started process (PID=621) to work on /home/airflow/.local/lib/python3.7/site-packages/airflow/example_dags/example_branch_datetime_operator.py
[2022-04-13 08:59:35,787] {processor.py:642} INFO - Processing file /home/airflow/.local/lib/python3.7/site-packages/airflow/example_dags/example_branch_datetime_operator.py for tasks to queue
[2022-04-13 08:59:35,788] {logging_mixin.py:109} INFO - [2022-04-13 08:59:35,788] {dagbag.py:500} INFO - Filling up the DagBag from /home/airflow/.local/lib/python3.7/site-packages/airflow/example_dags/example_branch_datetime_operator.py
[2022-04-13 08:59:35,804] {processor.py:652} INFO - DAG(s) dict_keys(['example_branch_datetime_operator_2']) retrieved from /home/airflow/.local/lib/python3.7/site-packages/airflow/example_dags/example_branch_datetime_operator.py
[2022-04-13 08:59:35,827] {logging_mixin.py:109} INFO - [2022-04-13 08:59:35,827] {dag.py:2398} INFO - Sync 1 DAGs
[2022-04-13 08:59:35,850] {logging_mixin.py:109} INFO - [2022-04-13 08:59:35,849] {dag.py:2937} INFO - Setting next_dagrun for example_branch_datetime_operator_2 to 2022-04-12 00:00:00+00:00
[2022-04-13 08:59:35,862] {processor.py:171} INFO - Processing /home/airflow/.local/lib/python3.7/site-packages/airflow/example_dags/example_branch_datetime_operator.py took 0.079 seconds
[2022-04-13 09:00:06,393] {processor.py:163} INFO - Started process (PID=671) to work on /home/airflow/.local/lib/python3.7/site-packages/airflow/example_dags/example_branch_datetime_operator.py
[2022-04-13 09:00:06,395] {processor.py:642} INFO - Processing file /home/airflow/.local/lib/python3.7/site-packages/airflow/example_dags/example_branch_datetime_operator.py for tasks to queue
[2022-04-13 09:00:06,396] {logging_mixin.py:109} INFO - [2022-04-13 09:00:06,396] {dagbag.py:500} INFO - Filling up the DagBag from /home/airflow/.local/lib/python3.7/site-packages/airflow/example_dags/example_branch_datetime_operator.py
[2022-04-13 09:00:06,410] {processor.py:652} INFO - DAG(s) dict_keys(['example_branch_datetime_operator_2']) retrieved from /home/airflow/.local/lib/python3.7/site-packages/airflow/example_dags/example_branch_datetime_operator.py
[2022-04-13 09:00:06,433] {logging_mixin.py:109} INFO - [2022-04-13 09:00:06,433] {dag.py:2398} INFO - Sync 1 DAGs
[2022-04-13 09:00:06,455] {logging_mixin.py:109} INFO - [2022-04-13 09:00:06,454] {dag.py:2937} INFO - Setting next_dagrun for example_branch_datetime_operator_2 to 2022-04-12 00:00:00+00:00
[2022-04-13 09:00:06,473] {processor.py:171} INFO - Processing /home/airflow/.local/lib/python3.7/site-packages/airflow/example_dags/example_branch_datetime_operator.py took 0.083 seconds
[2022-04-13 09:00:37,138] {processor.py:163} INFO - Started process (PID=723) to work on /home/airflow/.local/lib/python3.7/site-packages/airflow/example_dags/example_branch_datetime_operator.py
[2022-04-13 09:00:37,140] {processor.py:642} INFO - Processing file /home/airflow/.local/lib/python3.7/site-packages/airflow/example_dags/example_branch_datetime_operator.py for tasks to queue
[2022-04-13 09:00:37,141] {logging_mixin.py:109} INFO - [2022-04-13 09:00:37,141] {dagbag.py:500} INFO - Filling up the DagBag from /home/airflow/.local/lib/python3.7/site-packages/airflow/example_dags/example_branch_datetime_operator.py
[2022-04-13 09:00:37,160] {processor.py:652} INFO - DAG(s) dict_keys(['example_branch_datetime_operator_2']) retrieved from /home/airflow/.local/lib/python3.7/site-packages/airflow/example_dags/example_branch_datetime_operator.py
[2022-04-13 09:00:37,194] {logging_mixin.py:109} INFO - [2022-04-13 09:00:37,194] {dag.py:2398} INFO - Sync 1 DAGs
[2022-04-13 09:00:37,220] {logging_mixin.py:109} INFO - [2022-04-13 09:00:37,220] {dag.py:2937} INFO - Setting next_dagrun for example_branch_datetime_operator_2 to 2022-04-12 00:00:00+00:00
[2022-04-13 09:00:37,241] {processor.py:171} INFO - Processing /home/airflow/.local/lib/python3.7/site-packages/airflow/example_dags/example_branch_datetime_operator.py took 0.107 seconds
[2022-04-13 09:01:07,734] {processor.py:163} INFO - Started process (PID=783) to work on /home/airflow/.local/lib/python3.7/site-packages/airflow/example_dags/example_branch_datetime_operator.py
[2022-04-13 09:01:07,736] {processor.py:642} INFO - Processing file /home/airflow/.local/lib/python3.7/site-packages/airflow/example_dags/example_branch_datetime_operator.py for tasks to queue
[2022-04-13 09:01:07,737] {logging_mixin.py:109} INFO - [2022-04-13 09:01:07,737] {dagbag.py:500} INFO - Filling up the DagBag from /home/airflow/.local/lib/python3.7/site-packages/airflow/example_dags/example_branch_datetime_operator.py
[2022-04-13 09:01:07,755] {processor.py:652} INFO - DAG(s) dict_keys(['example_branch_datetime_operator_2']) retrieved from /home/airflow/.local/lib/python3.7/site-packages/airflow/example_dags/example_branch_datetime_operator.py
[2022-04-13 09:01:07,792] {logging_mixin.py:109} INFO - [2022-04-13 09:01:07,792] {dag.py:2398} INFO - Sync 1 DAGs
[2022-04-13 09:01:07,814] {logging_mixin.py:109} INFO - [2022-04-13 09:01:07,814] {dag.py:2937} INFO - Setting next_dagrun for example_branch_datetime_operator_2 to 2022-04-12 00:00:00+00:00
[2022-04-13 09:01:07,832] {processor.py:171} INFO - Processing /home/airflow/.local/lib/python3.7/site-packages/airflow/example_dags/example_branch_datetime_operator.py took 0.100 seconds
[2022-04-13 09:01:39,017] {processor.py:163} INFO - Started process (PID=835) to work on /home/airflow/.local/lib/python3.7/site-packages/airflow/example_dags/example_branch_datetime_operator.py
[2022-04-13 09:01:39,017] {processor.py:642} INFO - Processing file /home/airflow/.local/lib/python3.7/site-packages/airflow/example_dags/example_branch_datetime_operator.py for tasks to queue
[2022-04-13 09:01:39,018] {logging_mixin.py:109} INFO - [2022-04-13 09:01:39,018] {dagbag.py:500} INFO - Filling up the DagBag from /home/airflow/.local/lib/python3.7/site-packages/airflow/example_dags/example_branch_datetime_operator.py
[2022-04-13 09:01:39,036] {processor.py:652} INFO - DAG(s) dict_keys(['example_branch_datetime_operator_2']) retrieved from /home/airflow/.local/lib/python3.7/site-packages/airflow/example_dags/example_branch_datetime_operator.py
[2022-04-13 09:01:39,059] {logging_mixin.py:109} INFO - [2022-04-13 09:01:39,058] {dag.py:2398} INFO - Sync 1 DAGs
[2022-04-13 09:01:39,080] {logging_mixin.py:109} INFO - [2022-04-13 09:01:39,080] {dag.py:2937} INFO - Setting next_dagrun for example_branch_datetime_operator_2 to 2022-04-12 00:00:00+00:00
[2022-04-13 09:01:39,094] {processor.py:171} INFO - Processing /home/airflow/.local/lib/python3.7/site-packages/airflow/example_dags/example_branch_datetime_operator.py took 0.080 seconds
[2022-04-13 09:02:10,112] {processor.py:163} INFO - Started process (PID=886) to work on /home/airflow/.local/lib/python3.7/site-packages/airflow/example_dags/example_branch_datetime_operator.py
[2022-04-13 09:02:10,114] {processor.py:642} INFO - Processing file /home/airflow/.local/lib/python3.7/site-packages/airflow/example_dags/example_branch_datetime_operator.py for tasks to queue
[2022-04-13 09:02:10,114] {logging_mixin.py:109} INFO - [2022-04-13 09:02:10,114] {dagbag.py:500} INFO - Filling up the DagBag from /home/airflow/.local/lib/python3.7/site-packages/airflow/example_dags/example_branch_datetime_operator.py
[2022-04-13 09:02:10,136] {processor.py:652} INFO - DAG(s) dict_keys(['example_branch_datetime_operator_2']) retrieved from /home/airflow/.local/lib/python3.7/site-packages/airflow/example_dags/example_branch_datetime_operator.py
[2022-04-13 09:02:10,181] {logging_mixin.py:109} INFO - [2022-04-13 09:02:10,181] {dag.py:2398} INFO - Sync 1 DAGs
[2022-04-13 09:02:10,212] {logging_mixin.py:109} INFO - [2022-04-13 09:02:10,212] {dag.py:2937} INFO - Setting next_dagrun for example_branch_datetime_operator_2 to 2022-04-12 00:00:00+00:00
[2022-04-13 09:02:10,228] {processor.py:171} INFO - Processing /home/airflow/.local/lib/python3.7/site-packages/airflow/example_dags/example_branch_datetime_operator.py took 0.120 seconds
[2022-04-13 09:02:41,015] {processor.py:163} INFO - Started process (PID=948) to work on /home/airflow/.local/lib/python3.7/site-packages/airflow/example_dags/example_branch_datetime_operator.py
[2022-04-13 09:02:41,016] {processor.py:642} INFO - Processing file /home/airflow/.local/lib/python3.7/site-packages/airflow/example_dags/example_branch_datetime_operator.py for tasks to queue
[2022-04-13 09:02:41,016] {logging_mixin.py:109} INFO - [2022-04-13 09:02:41,016] {dagbag.py:500} INFO - Filling up the DagBag from /home/airflow/.local/lib/python3.7/site-packages/airflow/example_dags/example_branch_datetime_operator.py
[2022-04-13 09:02:41,030] {processor.py:652} INFO - DAG(s) dict_keys(['example_branch_datetime_operator_2']) retrieved from /home/airflow/.local/lib/python3.7/site-packages/airflow/example_dags/example_branch_datetime_operator.py
[2022-04-13 09:02:41,047] {logging_mixin.py:109} INFO - [2022-04-13 09:02:41,047] {dag.py:2398} INFO - Sync 1 DAGs
[2022-04-13 09:02:41,063] {logging_mixin.py:109} INFO - [2022-04-13 09:02:41,063] {dag.py:2937} INFO - Setting next_dagrun for example_branch_datetime_operator_2 to 2022-04-12 00:00:00+00:00
[2022-04-13 09:02:41,072] {processor.py:171} INFO - Processing /home/airflow/.local/lib/python3.7/site-packages/airflow/example_dags/example_branch_datetime_operator.py took 0.059 seconds
[2022-04-13 09:03:12,706] {processor.py:163} INFO - Started process (PID=998) to work on /home/airflow/.local/lib/python3.7/site-packages/airflow/example_dags/example_branch_datetime_operator.py
[2022-04-13 09:03:12,708] {processor.py:642} INFO - Processing file /home/airflow/.local/lib/python3.7/site-packages/airflow/example_dags/example_branch_datetime_operator.py for tasks to queue
[2022-04-13 09:03:12,709] {logging_mixin.py:109} INFO - [2022-04-13 09:03:12,709] {dagbag.py:500} INFO - Filling up the DagBag from /home/airflow/.local/lib/python3.7/site-packages/airflow/example_dags/example_branch_datetime_operator.py
[2022-04-13 09:03:12,738] {processor.py:652} INFO - DAG(s) dict_keys(['example_branch_datetime_operator_2']) retrieved from /home/airflow/.local/lib/python3.7/site-packages/airflow/example_dags/example_branch_datetime_operator.py
[2022-04-13 09:03:12,773] {logging_mixin.py:109} INFO - [2022-04-13 09:03:12,773] {dag.py:2398} INFO - Sync 1 DAGs
[2022-04-13 09:03:12,806] {logging_mixin.py:109} INFO - [2022-04-13 09:03:12,805] {dag.py:2937} INFO - Setting next_dagrun for example_branch_datetime_operator_2 to 2022-04-12 00:00:00+00:00
[2022-04-13 09:03:12,836] {processor.py:171} INFO - Processing /home/airflow/.local/lib/python3.7/site-packages/airflow/example_dags/example_branch_datetime_operator.py took 0.134 seconds
[2022-04-13 09:05:52,413] {processor.py:163} INFO - Started process (PID=60) to work on /home/airflow/.local/lib/python3.7/site-packages/airflow/example_dags/example_branch_datetime_operator.py
[2022-04-13 09:05:52,415] {processor.py:642} INFO - Processing file /home/airflow/.local/lib/python3.7/site-packages/airflow/example_dags/example_branch_datetime_operator.py for tasks to queue
[2022-04-13 09:05:52,416] {logging_mixin.py:109} INFO - [2022-04-13 09:05:52,415] {dagbag.py:500} INFO - Filling up the DagBag from /home/airflow/.local/lib/python3.7/site-packages/airflow/example_dags/example_branch_datetime_operator.py
[2022-04-13 09:05:52,436] {processor.py:652} INFO - DAG(s) dict_keys(['example_branch_datetime_operator_2']) retrieved from /home/airflow/.local/lib/python3.7/site-packages/airflow/example_dags/example_branch_datetime_operator.py
[2022-04-13 09:05:52,459] {logging_mixin.py:109} INFO - [2022-04-13 09:05:52,459] {dag.py:2398} INFO - Sync 1 DAGs
[2022-04-13 09:05:52,481] {logging_mixin.py:109} INFO - [2022-04-13 09:05:52,480] {dag.py:2937} INFO - Setting next_dagrun for example_branch_datetime_operator_2 to 2022-04-12 00:00:00+00:00
[2022-04-13 09:05:52,493] {processor.py:171} INFO - Processing /home/airflow/.local/lib/python3.7/site-packages/airflow/example_dags/example_branch_datetime_operator.py took 0.084 seconds
[2022-04-13 09:06:23,228] {processor.py:163} INFO - Started process (PID=111) to work on /home/airflow/.local/lib/python3.7/site-packages/airflow/example_dags/example_branch_datetime_operator.py
[2022-04-13 09:06:23,229] {processor.py:642} INFO - Processing file /home/airflow/.local/lib/python3.7/site-packages/airflow/example_dags/example_branch_datetime_operator.py for tasks to queue
[2022-04-13 09:06:23,230] {logging_mixin.py:109} INFO - [2022-04-13 09:06:23,230] {dagbag.py:500} INFO - Filling up the DagBag from /home/airflow/.local/lib/python3.7/site-packages/airflow/example_dags/example_branch_datetime_operator.py
[2022-04-13 09:06:23,246] {processor.py:652} INFO - DAG(s) dict_keys(['example_branch_datetime_operator_2']) retrieved from /home/airflow/.local/lib/python3.7/site-packages/airflow/example_dags/example_branch_datetime_operator.py
[2022-04-13 09:06:23,270] {logging_mixin.py:109} INFO - [2022-04-13 09:06:23,269] {dag.py:2398} INFO - Sync 1 DAGs
[2022-04-13 09:06:23,295] {logging_mixin.py:109} INFO - [2022-04-13 09:06:23,295] {dag.py:2937} INFO - Setting next_dagrun for example_branch_datetime_operator_2 to 2022-04-12 00:00:00+00:00
[2022-04-13 09:06:23,309] {processor.py:171} INFO - Processing /home/airflow/.local/lib/python3.7/site-packages/airflow/example_dags/example_branch_datetime_operator.py took 0.083 seconds
[2022-04-13 09:06:53,907] {processor.py:163} INFO - Started process (PID=172) to work on /home/airflow/.local/lib/python3.7/site-packages/airflow/example_dags/example_branch_datetime_operator.py
[2022-04-13 09:06:53,909] {processor.py:642} INFO - Processing file /home/airflow/.local/lib/python3.7/site-packages/airflow/example_dags/example_branch_datetime_operator.py for tasks to queue
[2022-04-13 09:06:53,909] {logging_mixin.py:109} INFO - [2022-04-13 09:06:53,909] {dagbag.py:500} INFO - Filling up the DagBag from /home/airflow/.local/lib/python3.7/site-packages/airflow/example_dags/example_branch_datetime_operator.py
[2022-04-13 09:06:53,937] {processor.py:652} INFO - DAG(s) dict_keys(['example_branch_datetime_operator_2']) retrieved from /home/airflow/.local/lib/python3.7/site-packages/airflow/example_dags/example_branch_datetime_operator.py
[2022-04-13 09:06:53,960] {logging_mixin.py:109} INFO - [2022-04-13 09:06:53,959] {dag.py:2398} INFO - Sync 1 DAGs
[2022-04-13 09:06:53,981] {logging_mixin.py:109} INFO - [2022-04-13 09:06:53,981] {dag.py:2937} INFO - Setting next_dagrun for example_branch_datetime_operator_2 to 2022-04-12 00:00:00+00:00
[2022-04-13 09:06:53,996] {processor.py:171} INFO - Processing /home/airflow/.local/lib/python3.7/site-packages/airflow/example_dags/example_branch_datetime_operator.py took 0.092 seconds
[2022-04-13 09:07:24,541] {processor.py:163} INFO - Started process (PID=223) to work on /home/airflow/.local/lib/python3.7/site-packages/airflow/example_dags/example_branch_datetime_operator.py
[2022-04-13 09:07:24,542] {processor.py:642} INFO - Processing file /home/airflow/.local/lib/python3.7/site-packages/airflow/example_dags/example_branch_datetime_operator.py for tasks to queue
[2022-04-13 09:07:24,542] {logging_mixin.py:109} INFO - [2022-04-13 09:07:24,542] {dagbag.py:500} INFO - Filling up the DagBag from /home/airflow/.local/lib/python3.7/site-packages/airflow/example_dags/example_branch_datetime_operator.py
[2022-04-13 09:07:24,559] {processor.py:652} INFO - DAG(s) dict_keys(['example_branch_datetime_operator_2']) retrieved from /home/airflow/.local/lib/python3.7/site-packages/airflow/example_dags/example_branch_datetime_operator.py
[2022-04-13 09:07:24,580] {logging_mixin.py:109} INFO - [2022-04-13 09:07:24,580] {dag.py:2398} INFO - Sync 1 DAGs
[2022-04-13 09:07:24,599] {logging_mixin.py:109} INFO - [2022-04-13 09:07:24,599] {dag.py:2937} INFO - Setting next_dagrun for example_branch_datetime_operator_2 to 2022-04-12 00:00:00+00:00
[2022-04-13 09:07:24,612] {processor.py:171} INFO - Processing /home/airflow/.local/lib/python3.7/site-packages/airflow/example_dags/example_branch_datetime_operator.py took 0.073 seconds
[2022-04-13 09:07:54,720] {processor.py:163} INFO - Started process (PID=274) to work on /home/airflow/.local/lib/python3.7/site-packages/airflow/example_dags/example_branch_datetime_operator.py
[2022-04-13 09:07:54,721] {processor.py:642} INFO - Processing file /home/airflow/.local/lib/python3.7/site-packages/airflow/example_dags/example_branch_datetime_operator.py for tasks to queue
[2022-04-13 09:07:54,722] {logging_mixin.py:109} INFO - [2022-04-13 09:07:54,722] {dagbag.py:500} INFO - Filling up the DagBag from /home/airflow/.local/lib/python3.7/site-packages/airflow/example_dags/example_branch_datetime_operator.py
[2022-04-13 09:07:54,741] {processor.py:652} INFO - DAG(s) dict_keys(['example_branch_datetime_operator_2']) retrieved from /home/airflow/.local/lib/python3.7/site-packages/airflow/example_dags/example_branch_datetime_operator.py
[2022-04-13 09:07:54,761] {logging_mixin.py:109} INFO - [2022-04-13 09:07:54,760] {dag.py:2398} INFO - Sync 1 DAGs
[2022-04-13 09:07:54,780] {logging_mixin.py:109} INFO - [2022-04-13 09:07:54,780] {dag.py:2937} INFO - Setting next_dagrun for example_branch_datetime_operator_2 to 2022-04-12 00:00:00+00:00
[2022-04-13 09:07:54,795] {processor.py:171} INFO - Processing /home/airflow/.local/lib/python3.7/site-packages/airflow/example_dags/example_branch_datetime_operator.py took 0.078 seconds
[2022-04-13 09:08:26,809] {processor.py:163} INFO - Started process (PID=334) to work on /home/airflow/.local/lib/python3.7/site-packages/airflow/example_dags/example_branch_datetime_operator.py
[2022-04-13 09:08:26,812] {processor.py:642} INFO - Processing file /home/airflow/.local/lib/python3.7/site-packages/airflow/example_dags/example_branch_datetime_operator.py for tasks to queue
[2022-04-13 09:08:26,813] {logging_mixin.py:109} INFO - [2022-04-13 09:08:26,813] {dagbag.py:500} INFO - Filling up the DagBag from /home/airflow/.local/lib/python3.7/site-packages/airflow/example_dags/example_branch_datetime_operator.py
[2022-04-13 09:08:26,868] {processor.py:652} INFO - DAG(s) dict_keys(['example_branch_datetime_operator_2']) retrieved from /home/airflow/.local/lib/python3.7/site-packages/airflow/example_dags/example_branch_datetime_operator.py
[2022-04-13 09:08:26,960] {logging_mixin.py:109} INFO - [2022-04-13 09:08:26,959] {dag.py:2398} INFO - Sync 1 DAGs
[2022-04-13 09:08:26,993] {logging_mixin.py:109} INFO - [2022-04-13 09:08:26,993] {dag.py:2937} INFO - Setting next_dagrun for example_branch_datetime_operator_2 to 2022-04-12 00:00:00+00:00
[2022-04-13 09:08:27,013] {processor.py:171} INFO - Processing /home/airflow/.local/lib/python3.7/site-packages/airflow/example_dags/example_branch_datetime_operator.py took 0.216 seconds
[2022-04-13 09:08:57,110] {processor.py:163} INFO - Started process (PID=386) to work on /home/airflow/.local/lib/python3.7/site-packages/airflow/example_dags/example_branch_datetime_operator.py
[2022-04-13 09:08:57,112] {processor.py:642} INFO - Processing file /home/airflow/.local/lib/python3.7/site-packages/airflow/example_dags/example_branch_datetime_operator.py for tasks to queue
[2022-04-13 09:08:57,113] {logging_mixin.py:109} INFO - [2022-04-13 09:08:57,113] {dagbag.py:500} INFO - Filling up the DagBag from /home/airflow/.local/lib/python3.7/site-packages/airflow/example_dags/example_branch_datetime_operator.py
[2022-04-13 09:08:57,143] {processor.py:652} INFO - DAG(s) dict_keys(['example_branch_datetime_operator_2']) retrieved from /home/airflow/.local/lib/python3.7/site-packages/airflow/example_dags/example_branch_datetime_operator.py
[2022-04-13 09:08:57,173] {logging_mixin.py:109} INFO - [2022-04-13 09:08:57,173] {dag.py:2398} INFO - Sync 1 DAGs
[2022-04-13 09:08:57,198] {logging_mixin.py:109} INFO - [2022-04-13 09:08:57,197] {dag.py:2937} INFO - Setting next_dagrun for example_branch_datetime_operator_2 to 2022-04-12 00:00:00+00:00
[2022-04-13 09:08:57,210] {processor.py:171} INFO - Processing /home/airflow/.local/lib/python3.7/site-packages/airflow/example_dags/example_branch_datetime_operator.py took 0.102 seconds
[2022-04-13 09:09:28,922] {processor.py:163} INFO - Started process (PID=447) to work on /home/airflow/.local/lib/python3.7/site-packages/airflow/example_dags/example_branch_datetime_operator.py
[2022-04-13 09:09:28,922] {processor.py:642} INFO - Processing file /home/airflow/.local/lib/python3.7/site-packages/airflow/example_dags/example_branch_datetime_operator.py for tasks to queue
[2022-04-13 09:09:28,923] {logging_mixin.py:109} INFO - [2022-04-13 09:09:28,923] {dagbag.py:500} INFO - Filling up the DagBag from /home/airflow/.local/lib/python3.7/site-packages/airflow/example_dags/example_branch_datetime_operator.py
[2022-04-13 09:09:28,937] {processor.py:652} INFO - DAG(s) dict_keys(['example_branch_datetime_operator_2']) retrieved from /home/airflow/.local/lib/python3.7/site-packages/airflow/example_dags/example_branch_datetime_operator.py
[2022-04-13 09:09:28,958] {logging_mixin.py:109} INFO - [2022-04-13 09:09:28,958] {dag.py:2398} INFO - Sync 1 DAGs
[2022-04-13 09:09:28,980] {logging_mixin.py:109} INFO - [2022-04-13 09:09:28,980] {dag.py:2937} INFO - Setting next_dagrun for example_branch_datetime_operator_2 to 2022-04-12 00:00:00+00:00
[2022-04-13 09:09:28,993] {processor.py:171} INFO - Processing /home/airflow/.local/lib/python3.7/site-packages/airflow/example_dags/example_branch_datetime_operator.py took 0.073 seconds
[2022-04-13 09:09:59,913] {processor.py:163} INFO - Started process (PID=498) to work on /home/airflow/.local/lib/python3.7/site-packages/airflow/example_dags/example_branch_datetime_operator.py
[2022-04-13 09:09:59,915] {processor.py:642} INFO - Processing file /home/airflow/.local/lib/python3.7/site-packages/airflow/example_dags/example_branch_datetime_operator.py for tasks to queue
[2022-04-13 09:09:59,916] {logging_mixin.py:109} INFO - [2022-04-13 09:09:59,915] {dagbag.py:500} INFO - Filling up the DagBag from /home/airflow/.local/lib/python3.7/site-packages/airflow/example_dags/example_branch_datetime_operator.py
[2022-04-13 09:09:59,940] {processor.py:652} INFO - DAG(s) dict_keys(['example_branch_datetime_operator_2']) retrieved from /home/airflow/.local/lib/python3.7/site-packages/airflow/example_dags/example_branch_datetime_operator.py
[2022-04-13 09:09:59,976] {logging_mixin.py:109} INFO - [2022-04-13 09:09:59,976] {dag.py:2398} INFO - Sync 1 DAGs
[2022-04-13 09:10:00,009] {logging_mixin.py:109} INFO - [2022-04-13 09:10:00,009] {dag.py:2937} INFO - Setting next_dagrun for example_branch_datetime_operator_2 to 2022-04-12 00:00:00+00:00
[2022-04-13 09:10:00,025] {processor.py:171} INFO - Processing /home/airflow/.local/lib/python3.7/site-packages/airflow/example_dags/example_branch_datetime_operator.py took 0.115 seconds
[2022-04-13 09:10:31,361] {processor.py:163} INFO - Started process (PID=559) to work on /home/airflow/.local/lib/python3.7/site-packages/airflow/example_dags/example_branch_datetime_operator.py
[2022-04-13 09:10:31,362] {processor.py:642} INFO - Processing file /home/airflow/.local/lib/python3.7/site-packages/airflow/example_dags/example_branch_datetime_operator.py for tasks to queue
[2022-04-13 09:10:31,363] {logging_mixin.py:109} INFO - [2022-04-13 09:10:31,363] {dagbag.py:500} INFO - Filling up the DagBag from /home/airflow/.local/lib/python3.7/site-packages/airflow/example_dags/example_branch_datetime_operator.py
[2022-04-13 09:10:31,389] {processor.py:652} INFO - DAG(s) dict_keys(['example_branch_datetime_operator_2']) retrieved from /home/airflow/.local/lib/python3.7/site-packages/airflow/example_dags/example_branch_datetime_operator.py
[2022-04-13 09:10:31,412] {logging_mixin.py:109} INFO - [2022-04-13 09:10:31,412] {dag.py:2398} INFO - Sync 1 DAGs
[2022-04-13 09:10:31,438] {logging_mixin.py:109} INFO - [2022-04-13 09:10:31,438] {dag.py:2937} INFO - Setting next_dagrun for example_branch_datetime_operator_2 to 2022-04-12 00:00:00+00:00
[2022-04-13 09:10:31,452] {processor.py:171} INFO - Processing /home/airflow/.local/lib/python3.7/site-packages/airflow/example_dags/example_branch_datetime_operator.py took 0.093 seconds
[2022-04-13 09:11:02,372] {processor.py:163} INFO - Started process (PID=610) to work on /home/airflow/.local/lib/python3.7/site-packages/airflow/example_dags/example_branch_datetime_operator.py
[2022-04-13 09:11:02,373] {processor.py:642} INFO - Processing file /home/airflow/.local/lib/python3.7/site-packages/airflow/example_dags/example_branch_datetime_operator.py for tasks to queue
[2022-04-13 09:11:02,374] {logging_mixin.py:109} INFO - [2022-04-13 09:11:02,374] {dagbag.py:500} INFO - Filling up the DagBag from /home/airflow/.local/lib/python3.7/site-packages/airflow/example_dags/example_branch_datetime_operator.py
[2022-04-13 09:11:02,391] {processor.py:652} INFO - DAG(s) dict_keys(['example_branch_datetime_operator_2']) retrieved from /home/airflow/.local/lib/python3.7/site-packages/airflow/example_dags/example_branch_datetime_operator.py
[2022-04-13 09:11:02,414] {logging_mixin.py:109} INFO - [2022-04-13 09:11:02,414] {dag.py:2398} INFO - Sync 1 DAGs
[2022-04-13 09:11:02,439] {logging_mixin.py:109} INFO - [2022-04-13 09:11:02,439] {dag.py:2937} INFO - Setting next_dagrun for example_branch_datetime_operator_2 to 2022-04-12 00:00:00+00:00
[2022-04-13 09:11:02,454] {processor.py:171} INFO - Processing /home/airflow/.local/lib/python3.7/site-packages/airflow/example_dags/example_branch_datetime_operator.py took 0.086 seconds
[2022-04-13 09:11:33,174] {processor.py:163} INFO - Started process (PID=660) to work on /home/airflow/.local/lib/python3.7/site-packages/airflow/example_dags/example_branch_datetime_operator.py
[2022-04-13 09:11:33,176] {processor.py:642} INFO - Processing file /home/airflow/.local/lib/python3.7/site-packages/airflow/example_dags/example_branch_datetime_operator.py for tasks to queue
[2022-04-13 09:11:33,177] {logging_mixin.py:109} INFO - [2022-04-13 09:11:33,177] {dagbag.py:500} INFO - Filling up the DagBag from /home/airflow/.local/lib/python3.7/site-packages/airflow/example_dags/example_branch_datetime_operator.py
[2022-04-13 09:11:33,198] {processor.py:652} INFO - DAG(s) dict_keys(['example_branch_datetime_operator_2']) retrieved from /home/airflow/.local/lib/python3.7/site-packages/airflow/example_dags/example_branch_datetime_operator.py
[2022-04-13 09:11:33,224] {logging_mixin.py:109} INFO - [2022-04-13 09:11:33,224] {dag.py:2398} INFO - Sync 1 DAGs
[2022-04-13 09:11:33,257] {logging_mixin.py:109} INFO - [2022-04-13 09:11:33,257] {dag.py:2937} INFO - Setting next_dagrun for example_branch_datetime_operator_2 to 2022-04-12 00:00:00+00:00
[2022-04-13 09:11:33,275] {processor.py:171} INFO - Processing /home/airflow/.local/lib/python3.7/site-packages/airflow/example_dags/example_branch_datetime_operator.py took 0.104 seconds
[2022-04-13 09:12:04,454] {processor.py:163} INFO - Started process (PID=721) to work on /home/airflow/.local/lib/python3.7/site-packages/airflow/example_dags/example_branch_datetime_operator.py
[2022-04-13 09:12:04,455] {processor.py:642} INFO - Processing file /home/airflow/.local/lib/python3.7/site-packages/airflow/example_dags/example_branch_datetime_operator.py for tasks to queue
[2022-04-13 09:12:04,456] {logging_mixin.py:109} INFO - [2022-04-13 09:12:04,456] {dagbag.py:500} INFO - Filling up the DagBag from /home/airflow/.local/lib/python3.7/site-packages/airflow/example_dags/example_branch_datetime_operator.py
[2022-04-13 09:12:04,473] {processor.py:652} INFO - DAG(s) dict_keys(['example_branch_datetime_operator_2']) retrieved from /home/airflow/.local/lib/python3.7/site-packages/airflow/example_dags/example_branch_datetime_operator.py
[2022-04-13 09:12:04,495] {logging_mixin.py:109} INFO - [2022-04-13 09:12:04,495] {dag.py:2398} INFO - Sync 1 DAGs
[2022-04-13 09:12:04,518] {logging_mixin.py:109} INFO - [2022-04-13 09:12:04,518] {dag.py:2937} INFO - Setting next_dagrun for example_branch_datetime_operator_2 to 2022-04-12 00:00:00+00:00
[2022-04-13 09:12:04,531] {processor.py:171} INFO - Processing /home/airflow/.local/lib/python3.7/site-packages/airflow/example_dags/example_branch_datetime_operator.py took 0.080 seconds
[2022-04-13 09:12:35,780] {processor.py:163} INFO - Started process (PID=773) to work on /home/airflow/.local/lib/python3.7/site-packages/airflow/example_dags/example_branch_datetime_operator.py
[2022-04-13 09:12:35,781] {processor.py:642} INFO - Processing file /home/airflow/.local/lib/python3.7/site-packages/airflow/example_dags/example_branch_datetime_operator.py for tasks to queue
[2022-04-13 09:12:35,782] {logging_mixin.py:109} INFO - [2022-04-13 09:12:35,781] {dagbag.py:500} INFO - Filling up the DagBag from /home/airflow/.local/lib/python3.7/site-packages/airflow/example_dags/example_branch_datetime_operator.py
[2022-04-13 09:12:35,796] {processor.py:652} INFO - DAG(s) dict_keys(['example_branch_datetime_operator_2']) retrieved from /home/airflow/.local/lib/python3.7/site-packages/airflow/example_dags/example_branch_datetime_operator.py
[2022-04-13 09:12:35,818] {logging_mixin.py:109} INFO - [2022-04-13 09:12:35,818] {dag.py:2398} INFO - Sync 1 DAGs
[2022-04-13 09:12:35,839] {logging_mixin.py:109} INFO - [2022-04-13 09:12:35,839] {dag.py:2937} INFO - Setting next_dagrun for example_branch_datetime_operator_2 to 2022-04-12 00:00:00+00:00
[2022-04-13 09:12:35,852] {processor.py:171} INFO - Processing /home/airflow/.local/lib/python3.7/site-packages/airflow/example_dags/example_branch_datetime_operator.py took 0.075 seconds
[2022-04-13 09:13:07,055] {processor.py:163} INFO - Started process (PID=833) to work on /home/airflow/.local/lib/python3.7/site-packages/airflow/example_dags/example_branch_datetime_operator.py
[2022-04-13 09:13:07,058] {processor.py:642} INFO - Processing file /home/airflow/.local/lib/python3.7/site-packages/airflow/example_dags/example_branch_datetime_operator.py for tasks to queue
[2022-04-13 09:13:07,058] {logging_mixin.py:109} INFO - [2022-04-13 09:13:07,058] {dagbag.py:500} INFO - Filling up the DagBag from /home/airflow/.local/lib/python3.7/site-packages/airflow/example_dags/example_branch_datetime_operator.py
[2022-04-13 09:13:07,079] {processor.py:652} INFO - DAG(s) dict_keys(['example_branch_datetime_operator_2']) retrieved from /home/airflow/.local/lib/python3.7/site-packages/airflow/example_dags/example_branch_datetime_operator.py
[2022-04-13 09:13:07,101] {logging_mixin.py:109} INFO - [2022-04-13 09:13:07,101] {dag.py:2398} INFO - Sync 1 DAGs
[2022-04-13 09:13:07,126] {logging_mixin.py:109} INFO - [2022-04-13 09:13:07,126] {dag.py:2937} INFO - Setting next_dagrun for example_branch_datetime_operator_2 to 2022-04-12 00:00:00+00:00
[2022-04-13 09:13:07,138] {processor.py:171} INFO - Processing /home/airflow/.local/lib/python3.7/site-packages/airflow/example_dags/example_branch_datetime_operator.py took 0.087 seconds
[2022-04-13 09:13:38,177] {processor.py:163} INFO - Started process (PID=884) to work on /home/airflow/.local/lib/python3.7/site-packages/airflow/example_dags/example_branch_datetime_operator.py
[2022-04-13 09:13:38,178] {processor.py:642} INFO - Processing file /home/airflow/.local/lib/python3.7/site-packages/airflow/example_dags/example_branch_datetime_operator.py for tasks to queue
[2022-04-13 09:13:38,179] {logging_mixin.py:109} INFO - [2022-04-13 09:13:38,179] {dagbag.py:500} INFO - Filling up the DagBag from /home/airflow/.local/lib/python3.7/site-packages/airflow/example_dags/example_branch_datetime_operator.py
[2022-04-13 09:13:38,196] {processor.py:652} INFO - DAG(s) dict_keys(['example_branch_datetime_operator_2']) retrieved from /home/airflow/.local/lib/python3.7/site-packages/airflow/example_dags/example_branch_datetime_operator.py
[2022-04-13 09:13:38,218] {logging_mixin.py:109} INFO - [2022-04-13 09:13:38,217] {dag.py:2398} INFO - Sync 1 DAGs
[2022-04-13 09:13:38,239] {logging_mixin.py:109} INFO - [2022-04-13 09:13:38,238] {dag.py:2937} INFO - Setting next_dagrun for example_branch_datetime_operator_2 to 2022-04-12 00:00:00+00:00
[2022-04-13 09:13:38,251] {processor.py:171} INFO - Processing /home/airflow/.local/lib/python3.7/site-packages/airflow/example_dags/example_branch_datetime_operator.py took 0.077 seconds
[2022-04-13 09:14:09,174] {processor.py:163} INFO - Started process (PID=935) to work on /home/airflow/.local/lib/python3.7/site-packages/airflow/example_dags/example_branch_datetime_operator.py
[2022-04-13 09:14:09,175] {processor.py:642} INFO - Processing file /home/airflow/.local/lib/python3.7/site-packages/airflow/example_dags/example_branch_datetime_operator.py for tasks to queue
[2022-04-13 09:14:09,176] {logging_mixin.py:109} INFO - [2022-04-13 09:14:09,176] {dagbag.py:500} INFO - Filling up the DagBag from /home/airflow/.local/lib/python3.7/site-packages/airflow/example_dags/example_branch_datetime_operator.py
[2022-04-13 09:14:09,192] {processor.py:652} INFO - DAG(s) dict_keys(['example_branch_datetime_operator_2']) retrieved from /home/airflow/.local/lib/python3.7/site-packages/airflow/example_dags/example_branch_datetime_operator.py
[2022-04-13 09:14:09,217] {logging_mixin.py:109} INFO - [2022-04-13 09:14:09,217] {dag.py:2398} INFO - Sync 1 DAGs
[2022-04-13 09:14:09,239] {logging_mixin.py:109} INFO - [2022-04-13 09:14:09,239] {dag.py:2937} INFO - Setting next_dagrun for example_branch_datetime_operator_2 to 2022-04-12 00:00:00+00:00
[2022-04-13 09:14:09,253] {processor.py:171} INFO - Processing /home/airflow/.local/lib/python3.7/site-packages/airflow/example_dags/example_branch_datetime_operator.py took 0.082 seconds
[2022-04-13 09:14:40,255] {processor.py:163} INFO - Started process (PID=995) to work on /home/airflow/.local/lib/python3.7/site-packages/airflow/example_dags/example_branch_datetime_operator.py
[2022-04-13 09:14:40,256] {processor.py:642} INFO - Processing file /home/airflow/.local/lib/python3.7/site-packages/airflow/example_dags/example_branch_datetime_operator.py for tasks to queue
[2022-04-13 09:14:40,257] {logging_mixin.py:109} INFO - [2022-04-13 09:14:40,257] {dagbag.py:500} INFO - Filling up the DagBag from /home/airflow/.local/lib/python3.7/site-packages/airflow/example_dags/example_branch_datetime_operator.py
[2022-04-13 09:14:40,271] {processor.py:652} INFO - DAG(s) dict_keys(['example_branch_datetime_operator_2']) retrieved from /home/airflow/.local/lib/python3.7/site-packages/airflow/example_dags/example_branch_datetime_operator.py
[2022-04-13 09:14:40,295] {logging_mixin.py:109} INFO - [2022-04-13 09:14:40,295] {dag.py:2398} INFO - Sync 1 DAGs
[2022-04-13 09:14:40,318] {logging_mixin.py:109} INFO - [2022-04-13 09:14:40,318] {dag.py:2937} INFO - Setting next_dagrun for example_branch_datetime_operator_2 to 2022-04-12 00:00:00+00:00
[2022-04-13 09:14:40,339] {processor.py:171} INFO - Processing /home/airflow/.local/lib/python3.7/site-packages/airflow/example_dags/example_branch_datetime_operator.py took 0.085 seconds
[2022-04-13 09:15:11,470] {processor.py:163} INFO - Started process (PID=1045) to work on /home/airflow/.local/lib/python3.7/site-packages/airflow/example_dags/example_branch_datetime_operator.py
[2022-04-13 09:15:11,471] {processor.py:642} INFO - Processing file /home/airflow/.local/lib/python3.7/site-packages/airflow/example_dags/example_branch_datetime_operator.py for tasks to queue
[2022-04-13 09:15:11,472] {logging_mixin.py:109} INFO - [2022-04-13 09:15:11,471] {dagbag.py:500} INFO - Filling up the DagBag from /home/airflow/.local/lib/python3.7/site-packages/airflow/example_dags/example_branch_datetime_operator.py
[2022-04-13 09:15:11,487] {processor.py:652} INFO - DAG(s) dict_keys(['example_branch_datetime_operator_2']) retrieved from /home/airflow/.local/lib/python3.7/site-packages/airflow/example_dags/example_branch_datetime_operator.py
[2022-04-13 09:15:11,511] {logging_mixin.py:109} INFO - [2022-04-13 09:15:11,511] {dag.py:2398} INFO - Sync 1 DAGs
[2022-04-13 09:15:11,535] {logging_mixin.py:109} INFO - [2022-04-13 09:15:11,535] {dag.py:2937} INFO - Setting next_dagrun for example_branch_datetime_operator_2 to 2022-04-12 00:00:00+00:00
[2022-04-13 09:15:11,549] {processor.py:171} INFO - Processing /home/airflow/.local/lib/python3.7/site-packages/airflow/example_dags/example_branch_datetime_operator.py took 0.081 seconds
[2022-04-13 09:15:42,511] {processor.py:163} INFO - Started process (PID=1095) to work on /home/airflow/.local/lib/python3.7/site-packages/airflow/example_dags/example_branch_datetime_operator.py
[2022-04-13 09:15:42,512] {processor.py:642} INFO - Processing file /home/airflow/.local/lib/python3.7/site-packages/airflow/example_dags/example_branch_datetime_operator.py for tasks to queue
[2022-04-13 09:15:42,513] {logging_mixin.py:109} INFO - [2022-04-13 09:15:42,513] {dagbag.py:500} INFO - Filling up the DagBag from /home/airflow/.local/lib/python3.7/site-packages/airflow/example_dags/example_branch_datetime_operator.py
[2022-04-13 09:15:42,530] {processor.py:652} INFO - DAG(s) dict_keys(['example_branch_datetime_operator_2']) retrieved from /home/airflow/.local/lib/python3.7/site-packages/airflow/example_dags/example_branch_datetime_operator.py
[2022-04-13 09:15:42,551] {logging_mixin.py:109} INFO - [2022-04-13 09:15:42,551] {dag.py:2398} INFO - Sync 1 DAGs
[2022-04-13 09:15:42,573] {logging_mixin.py:109} INFO - [2022-04-13 09:15:42,573] {dag.py:2937} INFO - Setting next_dagrun for example_branch_datetime_operator_2 to 2022-04-12 00:00:00+00:00
[2022-04-13 09:15:42,587] {processor.py:171} INFO - Processing /home/airflow/.local/lib/python3.7/site-packages/airflow/example_dags/example_branch_datetime_operator.py took 0.079 seconds
[2022-04-13 09:16:13,496] {processor.py:163} INFO - Started process (PID=1155) to work on /home/airflow/.local/lib/python3.7/site-packages/airflow/example_dags/example_branch_datetime_operator.py
[2022-04-13 09:16:13,497] {processor.py:642} INFO - Processing file /home/airflow/.local/lib/python3.7/site-packages/airflow/example_dags/example_branch_datetime_operator.py for tasks to queue
[2022-04-13 09:16:13,497] {logging_mixin.py:109} INFO - [2022-04-13 09:16:13,497] {dagbag.py:500} INFO - Filling up the DagBag from /home/airflow/.local/lib/python3.7/site-packages/airflow/example_dags/example_branch_datetime_operator.py
[2022-04-13 09:16:13,513] {processor.py:652} INFO - DAG(s) dict_keys(['example_branch_datetime_operator_2']) retrieved from /home/airflow/.local/lib/python3.7/site-packages/airflow/example_dags/example_branch_datetime_operator.py
[2022-04-13 09:16:13,536] {logging_mixin.py:109} INFO - [2022-04-13 09:16:13,536] {dag.py:2398} INFO - Sync 1 DAGs
[2022-04-13 09:16:13,559] {logging_mixin.py:109} INFO - [2022-04-13 09:16:13,559] {dag.py:2937} INFO - Setting next_dagrun for example_branch_datetime_operator_2 to 2022-04-12 00:00:00+00:00
[2022-04-13 09:16:13,573] {processor.py:171} INFO - Processing /home/airflow/.local/lib/python3.7/site-packages/airflow/example_dags/example_branch_datetime_operator.py took 0.081 seconds
[2022-04-13 09:16:44,114] {processor.py:163} INFO - Started process (PID=1207) to work on /home/airflow/.local/lib/python3.7/site-packages/airflow/example_dags/example_branch_datetime_operator.py
[2022-04-13 09:16:44,116] {processor.py:642} INFO - Processing file /home/airflow/.local/lib/python3.7/site-packages/airflow/example_dags/example_branch_datetime_operator.py for tasks to queue
[2022-04-13 09:16:44,117] {logging_mixin.py:109} INFO - [2022-04-13 09:16:44,117] {dagbag.py:500} INFO - Filling up the DagBag from /home/airflow/.local/lib/python3.7/site-packages/airflow/example_dags/example_branch_datetime_operator.py
[2022-04-13 09:16:44,136] {processor.py:652} INFO - DAG(s) dict_keys(['example_branch_datetime_operator_2']) retrieved from /home/airflow/.local/lib/python3.7/site-packages/airflow/example_dags/example_branch_datetime_operator.py
[2022-04-13 09:16:44,165] {logging_mixin.py:109} INFO - [2022-04-13 09:16:44,165] {dag.py:2398} INFO - Sync 1 DAGs
[2022-04-13 09:16:44,190] {logging_mixin.py:109} INFO - [2022-04-13 09:16:44,190] {dag.py:2937} INFO - Setting next_dagrun for example_branch_datetime_operator_2 to 2022-04-12 00:00:00+00:00
[2022-04-13 09:16:44,207] {processor.py:171} INFO - Processing /home/airflow/.local/lib/python3.7/site-packages/airflow/example_dags/example_branch_datetime_operator.py took 0.097 seconds
[2022-04-13 09:17:15,465] {processor.py:163} INFO - Started process (PID=1258) to work on /home/airflow/.local/lib/python3.7/site-packages/airflow/example_dags/example_branch_datetime_operator.py
[2022-04-13 09:17:15,466] {processor.py:642} INFO - Processing file /home/airflow/.local/lib/python3.7/site-packages/airflow/example_dags/example_branch_datetime_operator.py for tasks to queue
[2022-04-13 09:17:15,467] {logging_mixin.py:109} INFO - [2022-04-13 09:17:15,466] {dagbag.py:500} INFO - Filling up the DagBag from /home/airflow/.local/lib/python3.7/site-packages/airflow/example_dags/example_branch_datetime_operator.py
[2022-04-13 09:17:15,483] {processor.py:652} INFO - DAG(s) dict_keys(['example_branch_datetime_operator_2']) retrieved from /home/airflow/.local/lib/python3.7/site-packages/airflow/example_dags/example_branch_datetime_operator.py
[2022-04-13 09:17:15,507] {logging_mixin.py:109} INFO - [2022-04-13 09:17:15,507] {dag.py:2398} INFO - Sync 1 DAGs
[2022-04-13 09:17:15,529] {logging_mixin.py:109} INFO - [2022-04-13 09:17:15,529] {dag.py:2937} INFO - Setting next_dagrun for example_branch_datetime_operator_2 to 2022-04-12 00:00:00+00:00
[2022-04-13 09:17:15,545] {processor.py:171} INFO - Processing /home/airflow/.local/lib/python3.7/site-packages/airflow/example_dags/example_branch_datetime_operator.py took 0.082 seconds
[2022-04-13 09:17:46,706] {processor.py:163} INFO - Started process (PID=1319) to work on /home/airflow/.local/lib/python3.7/site-packages/airflow/example_dags/example_branch_datetime_operator.py
[2022-04-13 09:17:46,707] {processor.py:642} INFO - Processing file /home/airflow/.local/lib/python3.7/site-packages/airflow/example_dags/example_branch_datetime_operator.py for tasks to queue
[2022-04-13 09:17:46,708] {logging_mixin.py:109} INFO - [2022-04-13 09:17:46,707] {dagbag.py:500} INFO - Filling up the DagBag from /home/airflow/.local/lib/python3.7/site-packages/airflow/example_dags/example_branch_datetime_operator.py
[2022-04-13 09:17:46,725] {processor.py:652} INFO - DAG(s) dict_keys(['example_branch_datetime_operator_2']) retrieved from /home/airflow/.local/lib/python3.7/site-packages/airflow/example_dags/example_branch_datetime_operator.py
[2022-04-13 09:17:46,747] {logging_mixin.py:109} INFO - [2022-04-13 09:17:46,747] {dag.py:2398} INFO - Sync 1 DAGs
[2022-04-13 09:17:46,771] {logging_mixin.py:109} INFO - [2022-04-13 09:17:46,771] {dag.py:2937} INFO - Setting next_dagrun for example_branch_datetime_operator_2 to 2022-04-12 00:00:00+00:00
[2022-04-13 09:17:46,784] {processor.py:171} INFO - Processing /home/airflow/.local/lib/python3.7/site-packages/airflow/example_dags/example_branch_datetime_operator.py took 0.081 seconds
[2022-04-13 09:18:17,792] {processor.py:163} INFO - Started process (PID=1369) to work on /home/airflow/.local/lib/python3.7/site-packages/airflow/example_dags/example_branch_datetime_operator.py
[2022-04-13 09:18:17,794] {processor.py:642} INFO - Processing file /home/airflow/.local/lib/python3.7/site-packages/airflow/example_dags/example_branch_datetime_operator.py for tasks to queue
[2022-04-13 09:18:17,795] {logging_mixin.py:109} INFO - [2022-04-13 09:18:17,794] {dagbag.py:500} INFO - Filling up the DagBag from /home/airflow/.local/lib/python3.7/site-packages/airflow/example_dags/example_branch_datetime_operator.py
[2022-04-13 09:18:17,816] {processor.py:652} INFO - DAG(s) dict_keys(['example_branch_datetime_operator_2']) retrieved from /home/airflow/.local/lib/python3.7/site-packages/airflow/example_dags/example_branch_datetime_operator.py
[2022-04-13 09:18:17,860] {logging_mixin.py:109} INFO - [2022-04-13 09:18:17,860] {dag.py:2398} INFO - Sync 1 DAGs
[2022-04-13 09:18:17,881] {logging_mixin.py:109} INFO - [2022-04-13 09:18:17,881] {dag.py:2937} INFO - Setting next_dagrun for example_branch_datetime_operator_2 to 2022-04-12 00:00:00+00:00
[2022-04-13 09:18:17,902] {processor.py:171} INFO - Processing /home/airflow/.local/lib/python3.7/site-packages/airflow/example_dags/example_branch_datetime_operator.py took 0.114 seconds
[2022-04-13 09:18:49,387] {processor.py:163} INFO - Started process (PID=1430) to work on /home/airflow/.local/lib/python3.7/site-packages/airflow/example_dags/example_branch_datetime_operator.py
[2022-04-13 09:18:49,388] {processor.py:642} INFO - Processing file /home/airflow/.local/lib/python3.7/site-packages/airflow/example_dags/example_branch_datetime_operator.py for tasks to queue
[2022-04-13 09:18:49,389] {logging_mixin.py:109} INFO - [2022-04-13 09:18:49,388] {dagbag.py:500} INFO - Filling up the DagBag from /home/airflow/.local/lib/python3.7/site-packages/airflow/example_dags/example_branch_datetime_operator.py
[2022-04-13 09:18:49,407] {processor.py:652} INFO - DAG(s) dict_keys(['example_branch_datetime_operator_2']) retrieved from /home/airflow/.local/lib/python3.7/site-packages/airflow/example_dags/example_branch_datetime_operator.py
[2022-04-13 09:18:49,433] {logging_mixin.py:109} INFO - [2022-04-13 09:18:49,433] {dag.py:2398} INFO - Sync 1 DAGs
[2022-04-13 09:18:49,461] {logging_mixin.py:109} INFO - [2022-04-13 09:18:49,460] {dag.py:2937} INFO - Setting next_dagrun for example_branch_datetime_operator_2 to 2022-04-12 00:00:00+00:00
[2022-04-13 09:18:49,477] {processor.py:171} INFO - Processing /home/airflow/.local/lib/python3.7/site-packages/airflow/example_dags/example_branch_datetime_operator.py took 0.094 seconds
[2022-04-13 09:19:20,317] {processor.py:163} INFO - Started process (PID=1481) to work on /home/airflow/.local/lib/python3.7/site-packages/airflow/example_dags/example_branch_datetime_operator.py
[2022-04-13 09:19:20,318] {processor.py:642} INFO - Processing file /home/airflow/.local/lib/python3.7/site-packages/airflow/example_dags/example_branch_datetime_operator.py for tasks to queue
[2022-04-13 09:19:20,319] {logging_mixin.py:109} INFO - [2022-04-13 09:19:20,319] {dagbag.py:500} INFO - Filling up the DagBag from /home/airflow/.local/lib/python3.7/site-packages/airflow/example_dags/example_branch_datetime_operator.py
[2022-04-13 09:19:20,335] {processor.py:652} INFO - DAG(s) dict_keys(['example_branch_datetime_operator_2']) retrieved from /home/airflow/.local/lib/python3.7/site-packages/airflow/example_dags/example_branch_datetime_operator.py
[2022-04-13 09:19:20,358] {logging_mixin.py:109} INFO - [2022-04-13 09:19:20,358] {dag.py:2398} INFO - Sync 1 DAGs
[2022-04-13 09:19:20,381] {logging_mixin.py:109} INFO - [2022-04-13 09:19:20,381] {dag.py:2937} INFO - Setting next_dagrun for example_branch_datetime_operator_2 to 2022-04-12 00:00:00+00:00
[2022-04-13 09:19:20,395] {processor.py:171} INFO - Processing /home/airflow/.local/lib/python3.7/site-packages/airflow/example_dags/example_branch_datetime_operator.py took 0.080 seconds
[2022-04-13 09:19:51,166] {processor.py:163} INFO - Started process (PID=1532) to work on /home/airflow/.local/lib/python3.7/site-packages/airflow/example_dags/example_branch_datetime_operator.py
[2022-04-13 09:19:51,167] {processor.py:642} INFO - Processing file /home/airflow/.local/lib/python3.7/site-packages/airflow/example_dags/example_branch_datetime_operator.py for tasks to queue
[2022-04-13 09:19:51,168] {logging_mixin.py:109} INFO - [2022-04-13 09:19:51,167] {dagbag.py:500} INFO - Filling up the DagBag from /home/airflow/.local/lib/python3.7/site-packages/airflow/example_dags/example_branch_datetime_operator.py
[2022-04-13 09:19:51,183] {processor.py:652} INFO - DAG(s) dict_keys(['example_branch_datetime_operator_2']) retrieved from /home/airflow/.local/lib/python3.7/site-packages/airflow/example_dags/example_branch_datetime_operator.py
[2022-04-13 09:19:51,205] {logging_mixin.py:109} INFO - [2022-04-13 09:19:51,205] {dag.py:2398} INFO - Sync 1 DAGs
[2022-04-13 09:19:51,226] {logging_mixin.py:109} INFO - [2022-04-13 09:19:51,226] {dag.py:2937} INFO - Setting next_dagrun for example_branch_datetime_operator_2 to 2022-04-12 00:00:00+00:00
[2022-04-13 09:19:51,240] {processor.py:171} INFO - Processing /home/airflow/.local/lib/python3.7/site-packages/airflow/example_dags/example_branch_datetime_operator.py took 0.077 seconds
[2022-04-13 09:20:22,397] {processor.py:163} INFO - Started process (PID=1593) to work on /home/airflow/.local/lib/python3.7/site-packages/airflow/example_dags/example_branch_datetime_operator.py
[2022-04-13 09:20:22,399] {processor.py:642} INFO - Processing file /home/airflow/.local/lib/python3.7/site-packages/airflow/example_dags/example_branch_datetime_operator.py for tasks to queue
[2022-04-13 09:20:22,399] {logging_mixin.py:109} INFO - [2022-04-13 09:20:22,399] {dagbag.py:500} INFO - Filling up the DagBag from /home/airflow/.local/lib/python3.7/site-packages/airflow/example_dags/example_branch_datetime_operator.py
[2022-04-13 09:20:22,416] {processor.py:652} INFO - DAG(s) dict_keys(['example_branch_datetime_operator_2']) retrieved from /home/airflow/.local/lib/python3.7/site-packages/airflow/example_dags/example_branch_datetime_operator.py
[2022-04-13 09:20:22,439] {logging_mixin.py:109} INFO - [2022-04-13 09:20:22,439] {dag.py:2398} INFO - Sync 1 DAGs
[2022-04-13 09:20:22,460] {logging_mixin.py:109} INFO - [2022-04-13 09:20:22,460] {dag.py:2937} INFO - Setting next_dagrun for example_branch_datetime_operator_2 to 2022-04-12 00:00:00+00:00
[2022-04-13 09:20:22,472] {processor.py:171} INFO - Processing /home/airflow/.local/lib/python3.7/site-packages/airflow/example_dags/example_branch_datetime_operator.py took 0.077 seconds
[2022-04-13 09:20:53,455] {processor.py:163} INFO - Started process (PID=1645) to work on /home/airflow/.local/lib/python3.7/site-packages/airflow/example_dags/example_branch_datetime_operator.py
[2022-04-13 09:20:53,457] {processor.py:642} INFO - Processing file /home/airflow/.local/lib/python3.7/site-packages/airflow/example_dags/example_branch_datetime_operator.py for tasks to queue
[2022-04-13 09:20:53,458] {logging_mixin.py:109} INFO - [2022-04-13 09:20:53,458] {dagbag.py:500} INFO - Filling up the DagBag from /home/airflow/.local/lib/python3.7/site-packages/airflow/example_dags/example_branch_datetime_operator.py
[2022-04-13 09:20:53,477] {processor.py:652} INFO - DAG(s) dict_keys(['example_branch_datetime_operator_2']) retrieved from /home/airflow/.local/lib/python3.7/site-packages/airflow/example_dags/example_branch_datetime_operator.py
[2022-04-13 09:20:53,506] {logging_mixin.py:109} INFO - [2022-04-13 09:20:53,506] {dag.py:2398} INFO - Sync 1 DAGs
[2022-04-13 09:20:53,530] {logging_mixin.py:109} INFO - [2022-04-13 09:20:53,530] {dag.py:2937} INFO - Setting next_dagrun for example_branch_datetime_operator_2 to 2022-04-12 00:00:00+00:00
[2022-04-13 09:20:53,543] {processor.py:171} INFO - Processing /home/airflow/.local/lib/python3.7/site-packages/airflow/example_dags/example_branch_datetime_operator.py took 0.091 seconds
[2022-04-13 09:21:24,710] {processor.py:163} INFO - Started process (PID=1696) to work on /home/airflow/.local/lib/python3.7/site-packages/airflow/example_dags/example_branch_datetime_operator.py
[2022-04-13 09:21:24,712] {processor.py:642} INFO - Processing file /home/airflow/.local/lib/python3.7/site-packages/airflow/example_dags/example_branch_datetime_operator.py for tasks to queue
[2022-04-13 09:21:24,713] {logging_mixin.py:109} INFO - [2022-04-13 09:21:24,712] {dagbag.py:500} INFO - Filling up the DagBag from /home/airflow/.local/lib/python3.7/site-packages/airflow/example_dags/example_branch_datetime_operator.py
[2022-04-13 09:21:24,730] {processor.py:652} INFO - DAG(s) dict_keys(['example_branch_datetime_operator_2']) retrieved from /home/airflow/.local/lib/python3.7/site-packages/airflow/example_dags/example_branch_datetime_operator.py
[2022-04-13 09:21:24,755] {logging_mixin.py:109} INFO - [2022-04-13 09:21:24,755] {dag.py:2398} INFO - Sync 1 DAGs
[2022-04-13 09:21:24,781] {logging_mixin.py:109} INFO - [2022-04-13 09:21:24,781] {dag.py:2937} INFO - Setting next_dagrun for example_branch_datetime_operator_2 to 2022-04-12 00:00:00+00:00
[2022-04-13 09:21:24,797] {processor.py:171} INFO - Processing /home/airflow/.local/lib/python3.7/site-packages/airflow/example_dags/example_branch_datetime_operator.py took 0.090 seconds
[2022-04-13 09:21:55,821] {processor.py:163} INFO - Started process (PID=1756) to work on /home/airflow/.local/lib/python3.7/site-packages/airflow/example_dags/example_branch_datetime_operator.py
[2022-04-13 09:21:55,823] {processor.py:642} INFO - Processing file /home/airflow/.local/lib/python3.7/site-packages/airflow/example_dags/example_branch_datetime_operator.py for tasks to queue
[2022-04-13 09:21:55,823] {logging_mixin.py:109} INFO - [2022-04-13 09:21:55,823] {dagbag.py:500} INFO - Filling up the DagBag from /home/airflow/.local/lib/python3.7/site-packages/airflow/example_dags/example_branch_datetime_operator.py
[2022-04-13 09:21:55,841] {processor.py:652} INFO - DAG(s) dict_keys(['example_branch_datetime_operator_2']) retrieved from /home/airflow/.local/lib/python3.7/site-packages/airflow/example_dags/example_branch_datetime_operator.py
[2022-04-13 09:21:55,864] {logging_mixin.py:109} INFO - [2022-04-13 09:21:55,863] {dag.py:2398} INFO - Sync 1 DAGs
[2022-04-13 09:21:55,885] {logging_mixin.py:109} INFO - [2022-04-13 09:21:55,885] {dag.py:2937} INFO - Setting next_dagrun for example_branch_datetime_operator_2 to 2022-04-12 00:00:00+00:00
[2022-04-13 09:21:55,897] {processor.py:171} INFO - Processing /home/airflow/.local/lib/python3.7/site-packages/airflow/example_dags/example_branch_datetime_operator.py took 0.079 seconds
[2022-04-13 09:22:27,153] {processor.py:163} INFO - Started process (PID=1808) to work on /home/airflow/.local/lib/python3.7/site-packages/airflow/example_dags/example_branch_datetime_operator.py
[2022-04-13 09:22:27,155] {processor.py:642} INFO - Processing file /home/airflow/.local/lib/python3.7/site-packages/airflow/example_dags/example_branch_datetime_operator.py for tasks to queue
[2022-04-13 09:22:27,155] {logging_mixin.py:109} INFO - [2022-04-13 09:22:27,155] {dagbag.py:500} INFO - Filling up the DagBag from /home/airflow/.local/lib/python3.7/site-packages/airflow/example_dags/example_branch_datetime_operator.py
[2022-04-13 09:22:27,172] {processor.py:652} INFO - DAG(s) dict_keys(['example_branch_datetime_operator_2']) retrieved from /home/airflow/.local/lib/python3.7/site-packages/airflow/example_dags/example_branch_datetime_operator.py
[2022-04-13 09:22:27,197] {logging_mixin.py:109} INFO - [2022-04-13 09:22:27,196] {dag.py:2398} INFO - Sync 1 DAGs
[2022-04-13 09:22:27,219] {logging_mixin.py:109} INFO - [2022-04-13 09:22:27,219] {dag.py:2937} INFO - Setting next_dagrun for example_branch_datetime_operator_2 to 2022-04-12 00:00:00+00:00
[2022-04-13 09:22:27,234] {processor.py:171} INFO - Processing /home/airflow/.local/lib/python3.7/site-packages/airflow/example_dags/example_branch_datetime_operator.py took 0.084 seconds
[2022-04-13 09:22:58,679] {processor.py:163} INFO - Started process (PID=1860) to work on /home/airflow/.local/lib/python3.7/site-packages/airflow/example_dags/example_branch_datetime_operator.py
[2022-04-13 09:22:58,681] {processor.py:642} INFO - Processing file /home/airflow/.local/lib/python3.7/site-packages/airflow/example_dags/example_branch_datetime_operator.py for tasks to queue
[2022-04-13 09:22:58,682] {logging_mixin.py:109} INFO - [2022-04-13 09:22:58,682] {dagbag.py:500} INFO - Filling up the DagBag from /home/airflow/.local/lib/python3.7/site-packages/airflow/example_dags/example_branch_datetime_operator.py
[2022-04-13 09:22:58,699] {processor.py:652} INFO - DAG(s) dict_keys(['example_branch_datetime_operator_2']) retrieved from /home/airflow/.local/lib/python3.7/site-packages/airflow/example_dags/example_branch_datetime_operator.py
[2022-04-13 09:22:58,726] {logging_mixin.py:109} INFO - [2022-04-13 09:22:58,726] {dag.py:2398} INFO - Sync 1 DAGs
[2022-04-13 09:22:58,748] {logging_mixin.py:109} INFO - [2022-04-13 09:22:58,748] {dag.py:2937} INFO - Setting next_dagrun for example_branch_datetime_operator_2 to 2022-04-12 00:00:00+00:00
[2022-04-13 09:22:58,763] {processor.py:171} INFO - Processing /home/airflow/.local/lib/python3.7/site-packages/airflow/example_dags/example_branch_datetime_operator.py took 0.088 seconds
[2022-04-13 09:23:29,535] {processor.py:163} INFO - Started process (PID=1922) to work on /home/airflow/.local/lib/python3.7/site-packages/airflow/example_dags/example_branch_datetime_operator.py
[2022-04-13 09:23:29,536] {processor.py:642} INFO - Processing file /home/airflow/.local/lib/python3.7/site-packages/airflow/example_dags/example_branch_datetime_operator.py for tasks to queue
[2022-04-13 09:23:29,537] {logging_mixin.py:109} INFO - [2022-04-13 09:23:29,537] {dagbag.py:500} INFO - Filling up the DagBag from /home/airflow/.local/lib/python3.7/site-packages/airflow/example_dags/example_branch_datetime_operator.py
[2022-04-13 09:23:29,552] {processor.py:652} INFO - DAG(s) dict_keys(['example_branch_datetime_operator_2']) retrieved from /home/airflow/.local/lib/python3.7/site-packages/airflow/example_dags/example_branch_datetime_operator.py
[2022-04-13 09:23:29,570] {logging_mixin.py:109} INFO - [2022-04-13 09:23:29,570] {dag.py:2398} INFO - Sync 1 DAGs
[2022-04-13 09:23:29,589] {logging_mixin.py:109} INFO - [2022-04-13 09:23:29,588] {dag.py:2937} INFO - Setting next_dagrun for example_branch_datetime_operator_2 to 2022-04-12 00:00:00+00:00
[2022-04-13 09:23:29,601] {processor.py:171} INFO - Processing /home/airflow/.local/lib/python3.7/site-packages/airflow/example_dags/example_branch_datetime_operator.py took 0.069 seconds
[2022-04-13 09:24:00,867] {processor.py:163} INFO - Started process (PID=1972) to work on /home/airflow/.local/lib/python3.7/site-packages/airflow/example_dags/example_branch_datetime_operator.py
[2022-04-13 09:24:00,869] {processor.py:642} INFO - Processing file /home/airflow/.local/lib/python3.7/site-packages/airflow/example_dags/example_branch_datetime_operator.py for tasks to queue
[2022-04-13 09:24:00,870] {logging_mixin.py:109} INFO - [2022-04-13 09:24:00,869] {dagbag.py:500} INFO - Filling up the DagBag from /home/airflow/.local/lib/python3.7/site-packages/airflow/example_dags/example_branch_datetime_operator.py
[2022-04-13 09:24:00,890] {processor.py:652} INFO - DAG(s) dict_keys(['example_branch_datetime_operator_2']) retrieved from /home/airflow/.local/lib/python3.7/site-packages/airflow/example_dags/example_branch_datetime_operator.py
[2022-04-13 09:24:00,921] {logging_mixin.py:109} INFO - [2022-04-13 09:24:00,921] {dag.py:2398} INFO - Sync 1 DAGs
[2022-04-13 09:24:00,945] {logging_mixin.py:109} INFO - [2022-04-13 09:24:00,945] {dag.py:2937} INFO - Setting next_dagrun for example_branch_datetime_operator_2 to 2022-04-12 00:00:00+00:00
[2022-04-13 09:24:00,962] {processor.py:171} INFO - Processing /home/airflow/.local/lib/python3.7/site-packages/airflow/example_dags/example_branch_datetime_operator.py took 0.098 seconds
[2022-04-13 09:24:31,800] {processor.py:163} INFO - Started process (PID=2031) to work on /home/airflow/.local/lib/python3.7/site-packages/airflow/example_dags/example_branch_datetime_operator.py
[2022-04-13 09:24:31,801] {processor.py:642} INFO - Processing file /home/airflow/.local/lib/python3.7/site-packages/airflow/example_dags/example_branch_datetime_operator.py for tasks to queue
[2022-04-13 09:24:31,802] {logging_mixin.py:109} INFO - [2022-04-13 09:24:31,802] {dagbag.py:500} INFO - Filling up the DagBag from /home/airflow/.local/lib/python3.7/site-packages/airflow/example_dags/example_branch_datetime_operator.py
[2022-04-13 09:24:31,827] {processor.py:652} INFO - DAG(s) dict_keys(['example_branch_datetime_operator_2']) retrieved from /home/airflow/.local/lib/python3.7/site-packages/airflow/example_dags/example_branch_datetime_operator.py
[2022-04-13 09:24:31,860] {logging_mixin.py:109} INFO - [2022-04-13 09:24:31,860] {dag.py:2398} INFO - Sync 1 DAGs
[2022-04-13 09:24:31,892] {logging_mixin.py:109} INFO - [2022-04-13 09:24:31,892] {dag.py:2937} INFO - Setting next_dagrun for example_branch_datetime_operator_2 to 2022-04-12 00:00:00+00:00
[2022-04-13 09:24:31,917] {processor.py:171} INFO - Processing /home/airflow/.local/lib/python3.7/site-packages/airflow/example_dags/example_branch_datetime_operator.py took 0.122 seconds
[2022-04-13 09:25:03,093] {processor.py:163} INFO - Started process (PID=2085) to work on /home/airflow/.local/lib/python3.7/site-packages/airflow/example_dags/example_branch_datetime_operator.py
[2022-04-13 09:25:03,095] {processor.py:642} INFO - Processing file /home/airflow/.local/lib/python3.7/site-packages/airflow/example_dags/example_branch_datetime_operator.py for tasks to queue
[2022-04-13 09:25:03,096] {logging_mixin.py:109} INFO - [2022-04-13 09:25:03,096] {dagbag.py:500} INFO - Filling up the DagBag from /home/airflow/.local/lib/python3.7/site-packages/airflow/example_dags/example_branch_datetime_operator.py
[2022-04-13 09:25:03,122] {processor.py:652} INFO - DAG(s) dict_keys(['example_branch_datetime_operator_2']) retrieved from /home/airflow/.local/lib/python3.7/site-packages/airflow/example_dags/example_branch_datetime_operator.py
[2022-04-13 09:25:03,152] {logging_mixin.py:109} INFO - [2022-04-13 09:25:03,152] {dag.py:2398} INFO - Sync 1 DAGs
[2022-04-13 09:25:03,181] {logging_mixin.py:109} INFO - [2022-04-13 09:25:03,181] {dag.py:2937} INFO - Setting next_dagrun for example_branch_datetime_operator_2 to 2022-04-12 00:00:00+00:00
[2022-04-13 09:25:03,196] {processor.py:171} INFO - Processing /home/airflow/.local/lib/python3.7/site-packages/airflow/example_dags/example_branch_datetime_operator.py took 0.105 seconds
[2022-04-13 09:25:33,619] {processor.py:163} INFO - Started process (PID=2135) to work on /home/airflow/.local/lib/python3.7/site-packages/airflow/example_dags/example_branch_datetime_operator.py
[2022-04-13 09:25:33,620] {processor.py:642} INFO - Processing file /home/airflow/.local/lib/python3.7/site-packages/airflow/example_dags/example_branch_datetime_operator.py for tasks to queue
[2022-04-13 09:25:33,621] {logging_mixin.py:109} INFO - [2022-04-13 09:25:33,620] {dagbag.py:500} INFO - Filling up the DagBag from /home/airflow/.local/lib/python3.7/site-packages/airflow/example_dags/example_branch_datetime_operator.py
[2022-04-13 09:25:33,642] {processor.py:652} INFO - DAG(s) dict_keys(['example_branch_datetime_operator_2']) retrieved from /home/airflow/.local/lib/python3.7/site-packages/airflow/example_dags/example_branch_datetime_operator.py
[2022-04-13 09:25:33,671] {logging_mixin.py:109} INFO - [2022-04-13 09:25:33,671] {dag.py:2398} INFO - Sync 1 DAGs
[2022-04-13 09:25:33,700] {logging_mixin.py:109} INFO - [2022-04-13 09:25:33,700] {dag.py:2937} INFO - Setting next_dagrun for example_branch_datetime_operator_2 to 2022-04-12 00:00:00+00:00
[2022-04-13 09:25:33,717] {processor.py:171} INFO - Processing /home/airflow/.local/lib/python3.7/site-packages/airflow/example_dags/example_branch_datetime_operator.py took 0.102 seconds
[2022-04-13 09:26:04,813] {processor.py:163} INFO - Started process (PID=2196) to work on /home/airflow/.local/lib/python3.7/site-packages/airflow/example_dags/example_branch_datetime_operator.py
[2022-04-13 09:26:04,815] {processor.py:642} INFO - Processing file /home/airflow/.local/lib/python3.7/site-packages/airflow/example_dags/example_branch_datetime_operator.py for tasks to queue
[2022-04-13 09:26:04,815] {logging_mixin.py:109} INFO - [2022-04-13 09:26:04,815] {dagbag.py:500} INFO - Filling up the DagBag from /home/airflow/.local/lib/python3.7/site-packages/airflow/example_dags/example_branch_datetime_operator.py
[2022-04-13 09:26:04,833] {processor.py:652} INFO - DAG(s) dict_keys(['example_branch_datetime_operator_2']) retrieved from /home/airflow/.local/lib/python3.7/site-packages/airflow/example_dags/example_branch_datetime_operator.py
[2022-04-13 09:26:04,859] {logging_mixin.py:109} INFO - [2022-04-13 09:26:04,859] {dag.py:2398} INFO - Sync 1 DAGs
[2022-04-13 09:26:04,887] {logging_mixin.py:109} INFO - [2022-04-13 09:26:04,887] {dag.py:2937} INFO - Setting next_dagrun for example_branch_datetime_operator_2 to 2022-04-12 00:00:00+00:00
[2022-04-13 09:26:04,901] {processor.py:171} INFO - Processing /home/airflow/.local/lib/python3.7/site-packages/airflow/example_dags/example_branch_datetime_operator.py took 0.091 seconds
