[2022-04-13 08:46:47,390] {processor.py:163} INFO - Started process (PID=397) to work on /home/airflow/.local/lib/python3.7/site-packages/airflow/example_dags/example_trigger_target_dag.py
[2022-04-13 08:46:47,391] {processor.py:642} INFO - Processing file /home/airflow/.local/lib/python3.7/site-packages/airflow/example_dags/example_trigger_target_dag.py for tasks to queue
[2022-04-13 08:46:47,391] {logging_mixin.py:109} INFO - [2022-04-13 08:46:47,391] {dagbag.py:500} INFO - Filling up the DagBag from /home/airflow/.local/lib/python3.7/site-packages/airflow/example_dags/example_trigger_target_dag.py
[2022-04-13 08:46:47,409] {processor.py:652} INFO - DAG(s) dict_keys(['example_trigger_target_dag']) retrieved from /home/airflow/.local/lib/python3.7/site-packages/airflow/example_dags/example_trigger_target_dag.py
[2022-04-13 08:46:50,050] {logging_mixin.py:109} INFO - [2022-04-13 08:46:50,050] {manager.py:496} INFO - Created Permission View: can read on DAG:example_trigger_target_dag
[2022-04-13 08:46:50,067] {logging_mixin.py:109} INFO - [2022-04-13 08:46:50,067] {manager.py:496} INFO - Created Permission View: can edit on DAG:example_trigger_target_dag
[2022-04-13 08:46:50,067] {logging_mixin.py:109} INFO - [2022-04-13 08:46:50,067] {dag.py:2398} INFO - Sync 1 DAGs
[2022-04-13 08:46:50,081] {logging_mixin.py:109} INFO - [2022-04-13 08:46:50,080] {dag.py:2417} INFO - Creating ORM DAG for example_trigger_target_dag
[2022-04-13 08:46:50,094] {logging_mixin.py:109} INFO - [2022-04-13 08:46:50,094] {dag.py:2937} INFO - Setting next_dagrun for example_trigger_target_dag to None
[2022-04-13 08:46:50,116] {processor.py:171} INFO - Processing /home/airflow/.local/lib/python3.7/site-packages/airflow/example_dags/example_trigger_target_dag.py took 2.729 seconds
[2022-04-13 08:47:20,415] {processor.py:163} INFO - Started process (PID=505) to work on /home/airflow/.local/lib/python3.7/site-packages/airflow/example_dags/example_trigger_target_dag.py
[2022-04-13 08:47:20,418] {processor.py:642} INFO - Processing file /home/airflow/.local/lib/python3.7/site-packages/airflow/example_dags/example_trigger_target_dag.py for tasks to queue
[2022-04-13 08:47:20,419] {logging_mixin.py:109} INFO - [2022-04-13 08:47:20,419] {dagbag.py:500} INFO - Filling up the DagBag from /home/airflow/.local/lib/python3.7/site-packages/airflow/example_dags/example_trigger_target_dag.py
[2022-04-13 08:47:20,443] {processor.py:652} INFO - DAG(s) dict_keys(['example_trigger_target_dag']) retrieved from /home/airflow/.local/lib/python3.7/site-packages/airflow/example_dags/example_trigger_target_dag.py
[2022-04-13 08:47:20,475] {logging_mixin.py:109} INFO - [2022-04-13 08:47:20,475] {dag.py:2398} INFO - Sync 1 DAGs
[2022-04-13 08:47:20,497] {logging_mixin.py:109} INFO - [2022-04-13 08:47:20,497] {dag.py:2937} INFO - Setting next_dagrun for example_trigger_target_dag to None
[2022-04-13 08:47:20,517] {processor.py:171} INFO - Processing /home/airflow/.local/lib/python3.7/site-packages/airflow/example_dags/example_trigger_target_dag.py took 0.105 seconds
[2022-04-13 08:47:50,987] {processor.py:163} INFO - Started process (PID=556) to work on /home/airflow/.local/lib/python3.7/site-packages/airflow/example_dags/example_trigger_target_dag.py
[2022-04-13 08:47:50,988] {processor.py:642} INFO - Processing file /home/airflow/.local/lib/python3.7/site-packages/airflow/example_dags/example_trigger_target_dag.py for tasks to queue
[2022-04-13 08:47:50,989] {logging_mixin.py:109} INFO - [2022-04-13 08:47:50,989] {dagbag.py:500} INFO - Filling up the DagBag from /home/airflow/.local/lib/python3.7/site-packages/airflow/example_dags/example_trigger_target_dag.py
[2022-04-13 08:47:51,007] {processor.py:652} INFO - DAG(s) dict_keys(['example_trigger_target_dag']) retrieved from /home/airflow/.local/lib/python3.7/site-packages/airflow/example_dags/example_trigger_target_dag.py
[2022-04-13 08:47:51,027] {logging_mixin.py:109} INFO - [2022-04-13 08:47:51,027] {dag.py:2398} INFO - Sync 1 DAGs
[2022-04-13 08:47:51,044] {logging_mixin.py:109} INFO - [2022-04-13 08:47:51,044] {dag.py:2937} INFO - Setting next_dagrun for example_trigger_target_dag to None
[2022-04-13 08:47:51,056] {processor.py:171} INFO - Processing /home/airflow/.local/lib/python3.7/site-packages/airflow/example_dags/example_trigger_target_dag.py took 0.073 seconds
[2022-04-13 08:48:21,347] {processor.py:163} INFO - Started process (PID=613) to work on /home/airflow/.local/lib/python3.7/site-packages/airflow/example_dags/example_trigger_target_dag.py
[2022-04-13 08:48:21,356] {processor.py:642} INFO - Processing file /home/airflow/.local/lib/python3.7/site-packages/airflow/example_dags/example_trigger_target_dag.py for tasks to queue
[2022-04-13 08:48:21,357] {logging_mixin.py:109} INFO - [2022-04-13 08:48:21,357] {dagbag.py:500} INFO - Filling up the DagBag from /home/airflow/.local/lib/python3.7/site-packages/airflow/example_dags/example_trigger_target_dag.py
[2022-04-13 08:48:21,375] {processor.py:652} INFO - DAG(s) dict_keys(['example_trigger_target_dag']) retrieved from /home/airflow/.local/lib/python3.7/site-packages/airflow/example_dags/example_trigger_target_dag.py
[2022-04-13 08:48:21,400] {logging_mixin.py:109} INFO - [2022-04-13 08:48:21,400] {dag.py:2398} INFO - Sync 1 DAGs
[2022-04-13 08:48:21,420] {logging_mixin.py:109} INFO - [2022-04-13 08:48:21,420] {dag.py:2937} INFO - Setting next_dagrun for example_trigger_target_dag to None
[2022-04-13 08:48:21,433] {processor.py:171} INFO - Processing /home/airflow/.local/lib/python3.7/site-packages/airflow/example_dags/example_trigger_target_dag.py took 0.089 seconds
[2022-04-13 08:52:11,194] {processor.py:163} INFO - Started process (PID=63) to work on /home/airflow/.local/lib/python3.7/site-packages/airflow/example_dags/example_trigger_target_dag.py
[2022-04-13 08:52:11,196] {processor.py:642} INFO - Processing file /home/airflow/.local/lib/python3.7/site-packages/airflow/example_dags/example_trigger_target_dag.py for tasks to queue
[2022-04-13 08:52:11,196] {logging_mixin.py:109} INFO - [2022-04-13 08:52:11,196] {dagbag.py:500} INFO - Filling up the DagBag from /home/airflow/.local/lib/python3.7/site-packages/airflow/example_dags/example_trigger_target_dag.py
[2022-04-13 08:52:11,223] {processor.py:652} INFO - DAG(s) dict_keys(['example_trigger_target_dag']) retrieved from /home/airflow/.local/lib/python3.7/site-packages/airflow/example_dags/example_trigger_target_dag.py
[2022-04-13 08:52:11,257] {logging_mixin.py:109} INFO - [2022-04-13 08:52:11,257] {dag.py:2398} INFO - Sync 1 DAGs
[2022-04-13 08:52:11,283] {logging_mixin.py:109} INFO - [2022-04-13 08:52:11,283] {dag.py:2937} INFO - Setting next_dagrun for example_trigger_target_dag to None
[2022-04-13 08:52:11,303] {processor.py:171} INFO - Processing /home/airflow/.local/lib/python3.7/site-packages/airflow/example_dags/example_trigger_target_dag.py took 0.112 seconds
[2022-04-13 08:54:28,025] {processor.py:163} INFO - Started process (PID=67) to work on /home/airflow/.local/lib/python3.7/site-packages/airflow/example_dags/example_trigger_target_dag.py
[2022-04-13 08:54:28,026] {processor.py:642} INFO - Processing file /home/airflow/.local/lib/python3.7/site-packages/airflow/example_dags/example_trigger_target_dag.py for tasks to queue
[2022-04-13 08:54:28,027] {logging_mixin.py:109} INFO - [2022-04-13 08:54:28,027] {dagbag.py:500} INFO - Filling up the DagBag from /home/airflow/.local/lib/python3.7/site-packages/airflow/example_dags/example_trigger_target_dag.py
[2022-04-13 08:54:28,047] {processor.py:652} INFO - DAG(s) dict_keys(['example_trigger_target_dag']) retrieved from /home/airflow/.local/lib/python3.7/site-packages/airflow/example_dags/example_trigger_target_dag.py
[2022-04-13 08:54:28,067] {logging_mixin.py:109} INFO - [2022-04-13 08:54:28,067] {dag.py:2398} INFO - Sync 1 DAGs
[2022-04-13 08:54:28,084] {logging_mixin.py:109} INFO - [2022-04-13 08:54:28,084] {dag.py:2937} INFO - Setting next_dagrun for example_trigger_target_dag to None
[2022-04-13 08:54:28,095] {processor.py:171} INFO - Processing /home/airflow/.local/lib/python3.7/site-packages/airflow/example_dags/example_trigger_target_dag.py took 0.073 seconds
[2022-04-13 08:54:58,710] {processor.py:163} INFO - Started process (PID=119) to work on /home/airflow/.local/lib/python3.7/site-packages/airflow/example_dags/example_trigger_target_dag.py
[2022-04-13 08:54:58,712] {processor.py:642} INFO - Processing file /home/airflow/.local/lib/python3.7/site-packages/airflow/example_dags/example_trigger_target_dag.py for tasks to queue
[2022-04-13 08:54:58,713] {logging_mixin.py:109} INFO - [2022-04-13 08:54:58,713] {dagbag.py:500} INFO - Filling up the DagBag from /home/airflow/.local/lib/python3.7/site-packages/airflow/example_dags/example_trigger_target_dag.py
[2022-04-13 08:54:58,744] {processor.py:652} INFO - DAG(s) dict_keys(['example_trigger_target_dag']) retrieved from /home/airflow/.local/lib/python3.7/site-packages/airflow/example_dags/example_trigger_target_dag.py
[2022-04-13 08:54:58,783] {logging_mixin.py:109} INFO - [2022-04-13 08:54:58,783] {dag.py:2398} INFO - Sync 1 DAGs
[2022-04-13 08:54:58,807] {logging_mixin.py:109} INFO - [2022-04-13 08:54:58,807] {dag.py:2937} INFO - Setting next_dagrun for example_trigger_target_dag to None
[2022-04-13 08:54:58,824] {processor.py:171} INFO - Processing /home/airflow/.local/lib/python3.7/site-packages/airflow/example_dags/example_trigger_target_dag.py took 0.116 seconds
[2022-04-13 08:55:29,937] {processor.py:163} INFO - Started process (PID=179) to work on /home/airflow/.local/lib/python3.7/site-packages/airflow/example_dags/example_trigger_target_dag.py
[2022-04-13 08:55:29,938] {processor.py:642} INFO - Processing file /home/airflow/.local/lib/python3.7/site-packages/airflow/example_dags/example_trigger_target_dag.py for tasks to queue
[2022-04-13 08:55:29,939] {logging_mixin.py:109} INFO - [2022-04-13 08:55:29,939] {dagbag.py:500} INFO - Filling up the DagBag from /home/airflow/.local/lib/python3.7/site-packages/airflow/example_dags/example_trigger_target_dag.py
[2022-04-13 08:55:29,962] {processor.py:652} INFO - DAG(s) dict_keys(['example_trigger_target_dag']) retrieved from /home/airflow/.local/lib/python3.7/site-packages/airflow/example_dags/example_trigger_target_dag.py
[2022-04-13 08:55:29,983] {logging_mixin.py:109} INFO - [2022-04-13 08:55:29,982] {dag.py:2398} INFO - Sync 1 DAGs
[2022-04-13 08:55:30,003] {logging_mixin.py:109} INFO - [2022-04-13 08:55:30,002] {dag.py:2937} INFO - Setting next_dagrun for example_trigger_target_dag to None
[2022-04-13 08:55:30,017] {processor.py:171} INFO - Processing /home/airflow/.local/lib/python3.7/site-packages/airflow/example_dags/example_trigger_target_dag.py took 0.083 seconds
[2022-04-13 08:56:01,952] {processor.py:163} INFO - Started process (PID=240) to work on /home/airflow/.local/lib/python3.7/site-packages/airflow/example_dags/example_trigger_target_dag.py
[2022-04-13 08:56:01,954] {processor.py:642} INFO - Processing file /home/airflow/.local/lib/python3.7/site-packages/airflow/example_dags/example_trigger_target_dag.py for tasks to queue
[2022-04-13 08:56:01,955] {logging_mixin.py:109} INFO - [2022-04-13 08:56:01,955] {dagbag.py:500} INFO - Filling up the DagBag from /home/airflow/.local/lib/python3.7/site-packages/airflow/example_dags/example_trigger_target_dag.py
[2022-04-13 08:56:01,981] {processor.py:652} INFO - DAG(s) dict_keys(['example_trigger_target_dag']) retrieved from /home/airflow/.local/lib/python3.7/site-packages/airflow/example_dags/example_trigger_target_dag.py
[2022-04-13 08:56:02,008] {logging_mixin.py:109} INFO - [2022-04-13 08:56:02,008] {dag.py:2398} INFO - Sync 1 DAGs
[2022-04-13 08:56:02,035] {logging_mixin.py:109} INFO - [2022-04-13 08:56:02,035] {dag.py:2937} INFO - Setting next_dagrun for example_trigger_target_dag to None
[2022-04-13 08:56:02,056] {processor.py:171} INFO - Processing /home/airflow/.local/lib/python3.7/site-packages/airflow/example_dags/example_trigger_target_dag.py took 0.109 seconds
[2022-04-13 08:56:32,717] {processor.py:163} INFO - Started process (PID=292) to work on /home/airflow/.local/lib/python3.7/site-packages/airflow/example_dags/example_trigger_target_dag.py
[2022-04-13 08:56:32,718] {processor.py:642} INFO - Processing file /home/airflow/.local/lib/python3.7/site-packages/airflow/example_dags/example_trigger_target_dag.py for tasks to queue
[2022-04-13 08:56:32,718] {logging_mixin.py:109} INFO - [2022-04-13 08:56:32,718] {dagbag.py:500} INFO - Filling up the DagBag from /home/airflow/.local/lib/python3.7/site-packages/airflow/example_dags/example_trigger_target_dag.py
[2022-04-13 08:56:32,732] {processor.py:652} INFO - DAG(s) dict_keys(['example_trigger_target_dag']) retrieved from /home/airflow/.local/lib/python3.7/site-packages/airflow/example_dags/example_trigger_target_dag.py
[2022-04-13 08:56:32,753] {logging_mixin.py:109} INFO - [2022-04-13 08:56:32,752] {dag.py:2398} INFO - Sync 1 DAGs
[2022-04-13 08:56:32,767] {logging_mixin.py:109} INFO - [2022-04-13 08:56:32,766] {dag.py:2937} INFO - Setting next_dagrun for example_trigger_target_dag to None
[2022-04-13 08:56:32,779] {processor.py:171} INFO - Processing /home/airflow/.local/lib/python3.7/site-packages/airflow/example_dags/example_trigger_target_dag.py took 0.064 seconds
[2022-04-13 08:57:03,773] {processor.py:163} INFO - Started process (PID=352) to work on /home/airflow/.local/lib/python3.7/site-packages/airflow/example_dags/example_trigger_target_dag.py
[2022-04-13 08:57:03,775] {processor.py:642} INFO - Processing file /home/airflow/.local/lib/python3.7/site-packages/airflow/example_dags/example_trigger_target_dag.py for tasks to queue
[2022-04-13 08:57:03,775] {logging_mixin.py:109} INFO - [2022-04-13 08:57:03,775] {dagbag.py:500} INFO - Filling up the DagBag from /home/airflow/.local/lib/python3.7/site-packages/airflow/example_dags/example_trigger_target_dag.py
[2022-04-13 08:57:03,793] {processor.py:652} INFO - DAG(s) dict_keys(['example_trigger_target_dag']) retrieved from /home/airflow/.local/lib/python3.7/site-packages/airflow/example_dags/example_trigger_target_dag.py
[2022-04-13 08:57:03,813] {logging_mixin.py:109} INFO - [2022-04-13 08:57:03,813] {dag.py:2398} INFO - Sync 1 DAGs
[2022-04-13 08:57:03,830] {logging_mixin.py:109} INFO - [2022-04-13 08:57:03,830] {dag.py:2937} INFO - Setting next_dagrun for example_trigger_target_dag to None
[2022-04-13 08:57:03,842] {processor.py:171} INFO - Processing /home/airflow/.local/lib/python3.7/site-packages/airflow/example_dags/example_trigger_target_dag.py took 0.072 seconds
[2022-04-13 08:57:34,205] {processor.py:163} INFO - Started process (PID=402) to work on /home/airflow/.local/lib/python3.7/site-packages/airflow/example_dags/example_trigger_target_dag.py
[2022-04-13 08:57:34,206] {processor.py:642} INFO - Processing file /home/airflow/.local/lib/python3.7/site-packages/airflow/example_dags/example_trigger_target_dag.py for tasks to queue
[2022-04-13 08:57:34,207] {logging_mixin.py:109} INFO - [2022-04-13 08:57:34,207] {dagbag.py:500} INFO - Filling up the DagBag from /home/airflow/.local/lib/python3.7/site-packages/airflow/example_dags/example_trigger_target_dag.py
[2022-04-13 08:57:34,221] {processor.py:652} INFO - DAG(s) dict_keys(['example_trigger_target_dag']) retrieved from /home/airflow/.local/lib/python3.7/site-packages/airflow/example_dags/example_trigger_target_dag.py
[2022-04-13 08:57:34,240] {logging_mixin.py:109} INFO - [2022-04-13 08:57:34,240] {dag.py:2398} INFO - Sync 1 DAGs
[2022-04-13 08:57:34,255] {logging_mixin.py:109} INFO - [2022-04-13 08:57:34,255] {dag.py:2937} INFO - Setting next_dagrun for example_trigger_target_dag to None
[2022-04-13 08:57:34,266] {processor.py:171} INFO - Processing /home/airflow/.local/lib/python3.7/site-packages/airflow/example_dags/example_trigger_target_dag.py took 0.063 seconds
[2022-04-13 08:58:05,389] {processor.py:163} INFO - Started process (PID=463) to work on /home/airflow/.local/lib/python3.7/site-packages/airflow/example_dags/example_trigger_target_dag.py
[2022-04-13 08:58:05,390] {processor.py:642} INFO - Processing file /home/airflow/.local/lib/python3.7/site-packages/airflow/example_dags/example_trigger_target_dag.py for tasks to queue
[2022-04-13 08:58:05,391] {logging_mixin.py:109} INFO - [2022-04-13 08:58:05,391] {dagbag.py:500} INFO - Filling up the DagBag from /home/airflow/.local/lib/python3.7/site-packages/airflow/example_dags/example_trigger_target_dag.py
[2022-04-13 08:58:05,408] {processor.py:652} INFO - DAG(s) dict_keys(['example_trigger_target_dag']) retrieved from /home/airflow/.local/lib/python3.7/site-packages/airflow/example_dags/example_trigger_target_dag.py
[2022-04-13 08:58:05,428] {logging_mixin.py:109} INFO - [2022-04-13 08:58:05,428] {dag.py:2398} INFO - Sync 1 DAGs
[2022-04-13 08:58:05,442] {logging_mixin.py:109} INFO - [2022-04-13 08:58:05,442] {dag.py:2937} INFO - Setting next_dagrun for example_trigger_target_dag to None
[2022-04-13 08:58:05,461] {processor.py:171} INFO - Processing /home/airflow/.local/lib/python3.7/site-packages/airflow/example_dags/example_trigger_target_dag.py took 0.074 seconds
[2022-04-13 08:58:35,758] {processor.py:163} INFO - Started process (PID=515) to work on /home/airflow/.local/lib/python3.7/site-packages/airflow/example_dags/example_trigger_target_dag.py
[2022-04-13 08:58:35,759] {processor.py:642} INFO - Processing file /home/airflow/.local/lib/python3.7/site-packages/airflow/example_dags/example_trigger_target_dag.py for tasks to queue
[2022-04-13 08:58:35,760] {logging_mixin.py:109} INFO - [2022-04-13 08:58:35,760] {dagbag.py:500} INFO - Filling up the DagBag from /home/airflow/.local/lib/python3.7/site-packages/airflow/example_dags/example_trigger_target_dag.py
[2022-04-13 08:58:35,777] {processor.py:652} INFO - DAG(s) dict_keys(['example_trigger_target_dag']) retrieved from /home/airflow/.local/lib/python3.7/site-packages/airflow/example_dags/example_trigger_target_dag.py
[2022-04-13 08:58:35,797] {logging_mixin.py:109} INFO - [2022-04-13 08:58:35,797] {dag.py:2398} INFO - Sync 1 DAGs
[2022-04-13 08:58:35,819] {logging_mixin.py:109} INFO - [2022-04-13 08:58:35,818] {dag.py:2937} INFO - Setting next_dagrun for example_trigger_target_dag to None
[2022-04-13 08:58:35,836] {processor.py:171} INFO - Processing /home/airflow/.local/lib/python3.7/site-packages/airflow/example_dags/example_trigger_target_dag.py took 0.080 seconds
[2022-04-13 08:59:06,534] {processor.py:163} INFO - Started process (PID=576) to work on /home/airflow/.local/lib/python3.7/site-packages/airflow/example_dags/example_trigger_target_dag.py
[2022-04-13 08:59:06,536] {processor.py:642} INFO - Processing file /home/airflow/.local/lib/python3.7/site-packages/airflow/example_dags/example_trigger_target_dag.py for tasks to queue
[2022-04-13 08:59:06,537] {logging_mixin.py:109} INFO - [2022-04-13 08:59:06,536] {dagbag.py:500} INFO - Filling up the DagBag from /home/airflow/.local/lib/python3.7/site-packages/airflow/example_dags/example_trigger_target_dag.py
[2022-04-13 08:59:06,557] {processor.py:652} INFO - DAG(s) dict_keys(['example_trigger_target_dag']) retrieved from /home/airflow/.local/lib/python3.7/site-packages/airflow/example_dags/example_trigger_target_dag.py
[2022-04-13 08:59:06,606] {logging_mixin.py:109} INFO - [2022-04-13 08:59:06,606] {dag.py:2398} INFO - Sync 1 DAGs
[2022-04-13 08:59:06,637] {logging_mixin.py:109} INFO - [2022-04-13 08:59:06,636] {dag.py:2937} INFO - Setting next_dagrun for example_trigger_target_dag to None
[2022-04-13 08:59:06,654] {processor.py:171} INFO - Processing /home/airflow/.local/lib/python3.7/site-packages/airflow/example_dags/example_trigger_target_dag.py took 0.123 seconds
[2022-04-13 08:59:37,338] {processor.py:163} INFO - Started process (PID=628) to work on /home/airflow/.local/lib/python3.7/site-packages/airflow/example_dags/example_trigger_target_dag.py
[2022-04-13 08:59:37,338] {processor.py:642} INFO - Processing file /home/airflow/.local/lib/python3.7/site-packages/airflow/example_dags/example_trigger_target_dag.py for tasks to queue
[2022-04-13 08:59:37,339] {logging_mixin.py:109} INFO - [2022-04-13 08:59:37,339] {dagbag.py:500} INFO - Filling up the DagBag from /home/airflow/.local/lib/python3.7/site-packages/airflow/example_dags/example_trigger_target_dag.py
[2022-04-13 08:59:37,352] {processor.py:652} INFO - DAG(s) dict_keys(['example_trigger_target_dag']) retrieved from /home/airflow/.local/lib/python3.7/site-packages/airflow/example_dags/example_trigger_target_dag.py
[2022-04-13 08:59:37,370] {logging_mixin.py:109} INFO - [2022-04-13 08:59:37,370] {dag.py:2398} INFO - Sync 1 DAGs
[2022-04-13 08:59:37,382] {logging_mixin.py:109} INFO - [2022-04-13 08:59:37,382] {dag.py:2937} INFO - Setting next_dagrun for example_trigger_target_dag to None
[2022-04-13 08:59:37,393] {processor.py:171} INFO - Processing /home/airflow/.local/lib/python3.7/site-packages/airflow/example_dags/example_trigger_target_dag.py took 0.058 seconds
[2022-04-13 09:00:08,151] {processor.py:163} INFO - Started process (PID=678) to work on /home/airflow/.local/lib/python3.7/site-packages/airflow/example_dags/example_trigger_target_dag.py
[2022-04-13 09:00:08,153] {processor.py:642} INFO - Processing file /home/airflow/.local/lib/python3.7/site-packages/airflow/example_dags/example_trigger_target_dag.py for tasks to queue
[2022-04-13 09:00:08,154] {logging_mixin.py:109} INFO - [2022-04-13 09:00:08,154] {dagbag.py:500} INFO - Filling up the DagBag from /home/airflow/.local/lib/python3.7/site-packages/airflow/example_dags/example_trigger_target_dag.py
[2022-04-13 09:00:08,172] {processor.py:652} INFO - DAG(s) dict_keys(['example_trigger_target_dag']) retrieved from /home/airflow/.local/lib/python3.7/site-packages/airflow/example_dags/example_trigger_target_dag.py
[2022-04-13 09:00:08,196] {logging_mixin.py:109} INFO - [2022-04-13 09:00:08,196] {dag.py:2398} INFO - Sync 1 DAGs
[2022-04-13 09:00:08,220] {logging_mixin.py:109} INFO - [2022-04-13 09:00:08,220] {dag.py:2937} INFO - Setting next_dagrun for example_trigger_target_dag to None
[2022-04-13 09:00:08,237] {processor.py:171} INFO - Processing /home/airflow/.local/lib/python3.7/site-packages/airflow/example_dags/example_trigger_target_dag.py took 0.089 seconds
[2022-04-13 09:00:39,154] {processor.py:163} INFO - Started process (PID=739) to work on /home/airflow/.local/lib/python3.7/site-packages/airflow/example_dags/example_trigger_target_dag.py
[2022-04-13 09:00:39,155] {processor.py:642} INFO - Processing file /home/airflow/.local/lib/python3.7/site-packages/airflow/example_dags/example_trigger_target_dag.py for tasks to queue
[2022-04-13 09:00:39,156] {logging_mixin.py:109} INFO - [2022-04-13 09:00:39,156] {dagbag.py:500} INFO - Filling up the DagBag from /home/airflow/.local/lib/python3.7/site-packages/airflow/example_dags/example_trigger_target_dag.py
[2022-04-13 09:00:39,180] {processor.py:652} INFO - DAG(s) dict_keys(['example_trigger_target_dag']) retrieved from /home/airflow/.local/lib/python3.7/site-packages/airflow/example_dags/example_trigger_target_dag.py
[2022-04-13 09:00:39,211] {logging_mixin.py:109} INFO - [2022-04-13 09:00:39,211] {dag.py:2398} INFO - Sync 1 DAGs
[2022-04-13 09:00:39,239] {logging_mixin.py:109} INFO - [2022-04-13 09:00:39,239] {dag.py:2937} INFO - Setting next_dagrun for example_trigger_target_dag to None
[2022-04-13 09:00:39,254] {processor.py:171} INFO - Processing /home/airflow/.local/lib/python3.7/site-packages/airflow/example_dags/example_trigger_target_dag.py took 0.104 seconds
[2022-04-13 09:01:10,095] {processor.py:163} INFO - Started process (PID=790) to work on /home/airflow/.local/lib/python3.7/site-packages/airflow/example_dags/example_trigger_target_dag.py
[2022-04-13 09:01:10,097] {processor.py:642} INFO - Processing file /home/airflow/.local/lib/python3.7/site-packages/airflow/example_dags/example_trigger_target_dag.py for tasks to queue
[2022-04-13 09:01:10,097] {logging_mixin.py:109} INFO - [2022-04-13 09:01:10,097] {dagbag.py:500} INFO - Filling up the DagBag from /home/airflow/.local/lib/python3.7/site-packages/airflow/example_dags/example_trigger_target_dag.py
[2022-04-13 09:01:10,118] {processor.py:652} INFO - DAG(s) dict_keys(['example_trigger_target_dag']) retrieved from /home/airflow/.local/lib/python3.7/site-packages/airflow/example_dags/example_trigger_target_dag.py
[2022-04-13 09:01:10,141] {logging_mixin.py:109} INFO - [2022-04-13 09:01:10,141] {dag.py:2398} INFO - Sync 1 DAGs
[2022-04-13 09:01:10,161] {logging_mixin.py:109} INFO - [2022-04-13 09:01:10,161] {dag.py:2937} INFO - Setting next_dagrun for example_trigger_target_dag to None
[2022-04-13 09:01:10,174] {processor.py:171} INFO - Processing /home/airflow/.local/lib/python3.7/site-packages/airflow/example_dags/example_trigger_target_dag.py took 0.082 seconds
[2022-04-13 09:01:40,666] {processor.py:163} INFO - Started process (PID=842) to work on /home/airflow/.local/lib/python3.7/site-packages/airflow/example_dags/example_trigger_target_dag.py
[2022-04-13 09:01:40,668] {processor.py:642} INFO - Processing file /home/airflow/.local/lib/python3.7/site-packages/airflow/example_dags/example_trigger_target_dag.py for tasks to queue
[2022-04-13 09:01:40,668] {logging_mixin.py:109} INFO - [2022-04-13 09:01:40,668] {dagbag.py:500} INFO - Filling up the DagBag from /home/airflow/.local/lib/python3.7/site-packages/airflow/example_dags/example_trigger_target_dag.py
[2022-04-13 09:01:40,688] {processor.py:652} INFO - DAG(s) dict_keys(['example_trigger_target_dag']) retrieved from /home/airflow/.local/lib/python3.7/site-packages/airflow/example_dags/example_trigger_target_dag.py
[2022-04-13 09:01:40,711] {logging_mixin.py:109} INFO - [2022-04-13 09:01:40,711] {dag.py:2398} INFO - Sync 1 DAGs
[2022-04-13 09:01:40,732] {logging_mixin.py:109} INFO - [2022-04-13 09:01:40,731] {dag.py:2937} INFO - Setting next_dagrun for example_trigger_target_dag to None
[2022-04-13 09:01:40,746] {processor.py:171} INFO - Processing /home/airflow/.local/lib/python3.7/site-packages/airflow/example_dags/example_trigger_target_dag.py took 0.082 seconds
[2022-04-13 09:02:11,520] {processor.py:163} INFO - Started process (PID=901) to work on /home/airflow/.local/lib/python3.7/site-packages/airflow/example_dags/example_trigger_target_dag.py
[2022-04-13 09:02:11,522] {processor.py:642} INFO - Processing file /home/airflow/.local/lib/python3.7/site-packages/airflow/example_dags/example_trigger_target_dag.py for tasks to queue
[2022-04-13 09:02:11,523] {logging_mixin.py:109} INFO - [2022-04-13 09:02:11,523] {dagbag.py:500} INFO - Filling up the DagBag from /home/airflow/.local/lib/python3.7/site-packages/airflow/example_dags/example_trigger_target_dag.py
[2022-04-13 09:02:11,539] {processor.py:652} INFO - DAG(s) dict_keys(['example_trigger_target_dag']) retrieved from /home/airflow/.local/lib/python3.7/site-packages/airflow/example_dags/example_trigger_target_dag.py
[2022-04-13 09:02:11,560] {logging_mixin.py:109} INFO - [2022-04-13 09:02:11,560] {dag.py:2398} INFO - Sync 1 DAGs
[2022-04-13 09:02:11,584] {logging_mixin.py:109} INFO - [2022-04-13 09:02:11,584] {dag.py:2937} INFO - Setting next_dagrun for example_trigger_target_dag to None
[2022-04-13 09:02:11,601] {processor.py:171} INFO - Processing /home/airflow/.local/lib/python3.7/site-packages/airflow/example_dags/example_trigger_target_dag.py took 0.083 seconds
[2022-04-13 09:02:41,764] {processor.py:163} INFO - Started process (PID=955) to work on /home/airflow/.local/lib/python3.7/site-packages/airflow/example_dags/example_trigger_target_dag.py
[2022-04-13 09:02:41,765] {processor.py:642} INFO - Processing file /home/airflow/.local/lib/python3.7/site-packages/airflow/example_dags/example_trigger_target_dag.py for tasks to queue
[2022-04-13 09:02:41,766] {logging_mixin.py:109} INFO - [2022-04-13 09:02:41,766] {dagbag.py:500} INFO - Filling up the DagBag from /home/airflow/.local/lib/python3.7/site-packages/airflow/example_dags/example_trigger_target_dag.py
[2022-04-13 09:02:41,786] {processor.py:652} INFO - DAG(s) dict_keys(['example_trigger_target_dag']) retrieved from /home/airflow/.local/lib/python3.7/site-packages/airflow/example_dags/example_trigger_target_dag.py
[2022-04-13 09:02:41,808] {logging_mixin.py:109} INFO - [2022-04-13 09:02:41,808] {dag.py:2398} INFO - Sync 1 DAGs
[2022-04-13 09:02:41,825] {logging_mixin.py:109} INFO - [2022-04-13 09:02:41,825] {dag.py:2937} INFO - Setting next_dagrun for example_trigger_target_dag to None
[2022-04-13 09:02:41,841] {processor.py:171} INFO - Processing /home/airflow/.local/lib/python3.7/site-packages/airflow/example_dags/example_trigger_target_dag.py took 0.079 seconds
[2022-04-13 09:03:13,728] {processor.py:163} INFO - Started process (PID=1005) to work on /home/airflow/.local/lib/python3.7/site-packages/airflow/example_dags/example_trigger_target_dag.py
[2022-04-13 09:03:13,730] {processor.py:642} INFO - Processing file /home/airflow/.local/lib/python3.7/site-packages/airflow/example_dags/example_trigger_target_dag.py for tasks to queue
[2022-04-13 09:03:13,731] {logging_mixin.py:109} INFO - [2022-04-13 09:03:13,731] {dagbag.py:500} INFO - Filling up the DagBag from /home/airflow/.local/lib/python3.7/site-packages/airflow/example_dags/example_trigger_target_dag.py
[2022-04-13 09:03:13,758] {processor.py:652} INFO - DAG(s) dict_keys(['example_trigger_target_dag']) retrieved from /home/airflow/.local/lib/python3.7/site-packages/airflow/example_dags/example_trigger_target_dag.py
[2022-04-13 09:03:13,785] {logging_mixin.py:109} INFO - [2022-04-13 09:03:13,785] {dag.py:2398} INFO - Sync 1 DAGs
[2022-04-13 09:03:13,806] {logging_mixin.py:109} INFO - [2022-04-13 09:03:13,806] {dag.py:2937} INFO - Setting next_dagrun for example_trigger_target_dag to None
[2022-04-13 09:03:13,823] {processor.py:171} INFO - Processing /home/airflow/.local/lib/python3.7/site-packages/airflow/example_dags/example_trigger_target_dag.py took 0.098 seconds
[2022-04-13 09:05:52,805] {processor.py:163} INFO - Started process (PID=65) to work on /home/airflow/.local/lib/python3.7/site-packages/airflow/example_dags/example_trigger_target_dag.py
[2022-04-13 09:05:52,806] {processor.py:642} INFO - Processing file /home/airflow/.local/lib/python3.7/site-packages/airflow/example_dags/example_trigger_target_dag.py for tasks to queue
[2022-04-13 09:05:52,807] {logging_mixin.py:109} INFO - [2022-04-13 09:05:52,807] {dagbag.py:500} INFO - Filling up the DagBag from /home/airflow/.local/lib/python3.7/site-packages/airflow/example_dags/example_trigger_target_dag.py
[2022-04-13 09:05:52,831] {processor.py:652} INFO - DAG(s) dict_keys(['example_trigger_target_dag']) retrieved from /home/airflow/.local/lib/python3.7/site-packages/airflow/example_dags/example_trigger_target_dag.py
[2022-04-13 09:05:52,854] {logging_mixin.py:109} INFO - [2022-04-13 09:05:52,854] {dag.py:2398} INFO - Sync 1 DAGs
[2022-04-13 09:05:52,871] {logging_mixin.py:109} INFO - [2022-04-13 09:05:52,871] {dag.py:2937} INFO - Setting next_dagrun for example_trigger_target_dag to None
[2022-04-13 09:05:52,885] {processor.py:171} INFO - Processing /home/airflow/.local/lib/python3.7/site-packages/airflow/example_dags/example_trigger_target_dag.py took 0.083 seconds
[2022-04-13 09:06:23,660] {processor.py:163} INFO - Started process (PID=116) to work on /home/airflow/.local/lib/python3.7/site-packages/airflow/example_dags/example_trigger_target_dag.py
[2022-04-13 09:06:23,662] {processor.py:642} INFO - Processing file /home/airflow/.local/lib/python3.7/site-packages/airflow/example_dags/example_trigger_target_dag.py for tasks to queue
[2022-04-13 09:06:23,663] {logging_mixin.py:109} INFO - [2022-04-13 09:06:23,663] {dagbag.py:500} INFO - Filling up the DagBag from /home/airflow/.local/lib/python3.7/site-packages/airflow/example_dags/example_trigger_target_dag.py
[2022-04-13 09:06:23,696] {processor.py:652} INFO - DAG(s) dict_keys(['example_trigger_target_dag']) retrieved from /home/airflow/.local/lib/python3.7/site-packages/airflow/example_dags/example_trigger_target_dag.py
[2022-04-13 09:06:23,725] {logging_mixin.py:109} INFO - [2022-04-13 09:06:23,725] {dag.py:2398} INFO - Sync 1 DAGs
[2022-04-13 09:06:23,752] {logging_mixin.py:109} INFO - [2022-04-13 09:06:23,752] {dag.py:2937} INFO - Setting next_dagrun for example_trigger_target_dag to None
[2022-04-13 09:06:23,770] {processor.py:171} INFO - Processing /home/airflow/.local/lib/python3.7/site-packages/airflow/example_dags/example_trigger_target_dag.py took 0.113 seconds
[2022-04-13 09:06:54,097] {processor.py:163} INFO - Started process (PID=176) to work on /home/airflow/.local/lib/python3.7/site-packages/airflow/example_dags/example_trigger_target_dag.py
[2022-04-13 09:06:54,099] {processor.py:642} INFO - Processing file /home/airflow/.local/lib/python3.7/site-packages/airflow/example_dags/example_trigger_target_dag.py for tasks to queue
[2022-04-13 09:06:54,099] {logging_mixin.py:109} INFO - [2022-04-13 09:06:54,099] {dagbag.py:500} INFO - Filling up the DagBag from /home/airflow/.local/lib/python3.7/site-packages/airflow/example_dags/example_trigger_target_dag.py
[2022-04-13 09:06:54,119] {processor.py:652} INFO - DAG(s) dict_keys(['example_trigger_target_dag']) retrieved from /home/airflow/.local/lib/python3.7/site-packages/airflow/example_dags/example_trigger_target_dag.py
[2022-04-13 09:06:54,137] {logging_mixin.py:109} INFO - [2022-04-13 09:06:54,136] {dag.py:2398} INFO - Sync 1 DAGs
[2022-04-13 09:06:54,150] {logging_mixin.py:109} INFO - [2022-04-13 09:06:54,150] {dag.py:2937} INFO - Setting next_dagrun for example_trigger_target_dag to None
[2022-04-13 09:06:54,159] {processor.py:171} INFO - Processing /home/airflow/.local/lib/python3.7/site-packages/airflow/example_dags/example_trigger_target_dag.py took 0.063 seconds
[2022-04-13 09:07:24,835] {processor.py:163} INFO - Started process (PID=228) to work on /home/airflow/.local/lib/python3.7/site-packages/airflow/example_dags/example_trigger_target_dag.py
[2022-04-13 09:07:24,837] {processor.py:642} INFO - Processing file /home/airflow/.local/lib/python3.7/site-packages/airflow/example_dags/example_trigger_target_dag.py for tasks to queue
[2022-04-13 09:07:24,838] {logging_mixin.py:109} INFO - [2022-04-13 09:07:24,838] {dagbag.py:500} INFO - Filling up the DagBag from /home/airflow/.local/lib/python3.7/site-packages/airflow/example_dags/example_trigger_target_dag.py
[2022-04-13 09:07:24,858] {processor.py:652} INFO - DAG(s) dict_keys(['example_trigger_target_dag']) retrieved from /home/airflow/.local/lib/python3.7/site-packages/airflow/example_dags/example_trigger_target_dag.py
[2022-04-13 09:07:24,881] {logging_mixin.py:109} INFO - [2022-04-13 09:07:24,881] {dag.py:2398} INFO - Sync 1 DAGs
[2022-04-13 09:07:24,902] {logging_mixin.py:109} INFO - [2022-04-13 09:07:24,902] {dag.py:2937} INFO - Setting next_dagrun for example_trigger_target_dag to None
[2022-04-13 09:07:24,918] {processor.py:171} INFO - Processing /home/airflow/.local/lib/python3.7/site-packages/airflow/example_dags/example_trigger_target_dag.py took 0.086 seconds
[2022-04-13 09:07:55,089] {processor.py:163} INFO - Started process (PID=279) to work on /home/airflow/.local/lib/python3.7/site-packages/airflow/example_dags/example_trigger_target_dag.py
[2022-04-13 09:07:55,091] {processor.py:642} INFO - Processing file /home/airflow/.local/lib/python3.7/site-packages/airflow/example_dags/example_trigger_target_dag.py for tasks to queue
[2022-04-13 09:07:55,091] {logging_mixin.py:109} INFO - [2022-04-13 09:07:55,091] {dagbag.py:500} INFO - Filling up the DagBag from /home/airflow/.local/lib/python3.7/site-packages/airflow/example_dags/example_trigger_target_dag.py
[2022-04-13 09:07:55,105] {processor.py:652} INFO - DAG(s) dict_keys(['example_trigger_target_dag']) retrieved from /home/airflow/.local/lib/python3.7/site-packages/airflow/example_dags/example_trigger_target_dag.py
[2022-04-13 09:07:55,124] {logging_mixin.py:109} INFO - [2022-04-13 09:07:55,124] {dag.py:2398} INFO - Sync 1 DAGs
[2022-04-13 09:07:55,142] {logging_mixin.py:109} INFO - [2022-04-13 09:07:55,142] {dag.py:2937} INFO - Setting next_dagrun for example_trigger_target_dag to None
[2022-04-13 09:07:55,155] {processor.py:171} INFO - Processing /home/airflow/.local/lib/python3.7/site-packages/airflow/example_dags/example_trigger_target_dag.py took 0.068 seconds
[2022-04-13 09:08:27,934] {processor.py:163} INFO - Started process (PID=340) to work on /home/airflow/.local/lib/python3.7/site-packages/airflow/example_dags/example_trigger_target_dag.py
[2022-04-13 09:08:27,936] {processor.py:642} INFO - Processing file /home/airflow/.local/lib/python3.7/site-packages/airflow/example_dags/example_trigger_target_dag.py for tasks to queue
[2022-04-13 09:08:27,937] {logging_mixin.py:109} INFO - [2022-04-13 09:08:27,937] {dagbag.py:500} INFO - Filling up the DagBag from /home/airflow/.local/lib/python3.7/site-packages/airflow/example_dags/example_trigger_target_dag.py
[2022-04-13 09:08:27,974] {processor.py:652} INFO - DAG(s) dict_keys(['example_trigger_target_dag']) retrieved from /home/airflow/.local/lib/python3.7/site-packages/airflow/example_dags/example_trigger_target_dag.py
[2022-04-13 09:08:28,006] {logging_mixin.py:109} INFO - [2022-04-13 09:08:28,006] {dag.py:2398} INFO - Sync 1 DAGs
[2022-04-13 09:08:28,036] {logging_mixin.py:109} INFO - [2022-04-13 09:08:28,036] {dag.py:2937} INFO - Setting next_dagrun for example_trigger_target_dag to None
[2022-04-13 09:08:28,055] {processor.py:171} INFO - Processing /home/airflow/.local/lib/python3.7/site-packages/airflow/example_dags/example_trigger_target_dag.py took 0.125 seconds
[2022-04-13 09:08:58,899] {processor.py:163} INFO - Started process (PID=392) to work on /home/airflow/.local/lib/python3.7/site-packages/airflow/example_dags/example_trigger_target_dag.py
[2022-04-13 09:08:58,900] {processor.py:642} INFO - Processing file /home/airflow/.local/lib/python3.7/site-packages/airflow/example_dags/example_trigger_target_dag.py for tasks to queue
[2022-04-13 09:08:58,900] {logging_mixin.py:109} INFO - [2022-04-13 09:08:58,900] {dagbag.py:500} INFO - Filling up the DagBag from /home/airflow/.local/lib/python3.7/site-packages/airflow/example_dags/example_trigger_target_dag.py
[2022-04-13 09:08:58,920] {processor.py:652} INFO - DAG(s) dict_keys(['example_trigger_target_dag']) retrieved from /home/airflow/.local/lib/python3.7/site-packages/airflow/example_dags/example_trigger_target_dag.py
[2022-04-13 09:08:58,950] {logging_mixin.py:109} INFO - [2022-04-13 09:08:58,950] {dag.py:2398} INFO - Sync 1 DAGs
[2022-04-13 09:08:58,971] {logging_mixin.py:109} INFO - [2022-04-13 09:08:58,971] {dag.py:2937} INFO - Setting next_dagrun for example_trigger_target_dag to None
[2022-04-13 09:08:58,983] {processor.py:171} INFO - Processing /home/airflow/.local/lib/python3.7/site-packages/airflow/example_dags/example_trigger_target_dag.py took 0.086 seconds
[2022-04-13 09:09:29,580] {processor.py:163} INFO - Started process (PID=453) to work on /home/airflow/.local/lib/python3.7/site-packages/airflow/example_dags/example_trigger_target_dag.py
[2022-04-13 09:09:29,581] {processor.py:642} INFO - Processing file /home/airflow/.local/lib/python3.7/site-packages/airflow/example_dags/example_trigger_target_dag.py for tasks to queue
[2022-04-13 09:09:29,582] {logging_mixin.py:109} INFO - [2022-04-13 09:09:29,582] {dagbag.py:500} INFO - Filling up the DagBag from /home/airflow/.local/lib/python3.7/site-packages/airflow/example_dags/example_trigger_target_dag.py
[2022-04-13 09:09:29,605] {processor.py:652} INFO - DAG(s) dict_keys(['example_trigger_target_dag']) retrieved from /home/airflow/.local/lib/python3.7/site-packages/airflow/example_dags/example_trigger_target_dag.py
[2022-04-13 09:09:29,631] {logging_mixin.py:109} INFO - [2022-04-13 09:09:29,631] {dag.py:2398} INFO - Sync 1 DAGs
[2022-04-13 09:09:29,653] {logging_mixin.py:109} INFO - [2022-04-13 09:09:29,653] {dag.py:2937} INFO - Setting next_dagrun for example_trigger_target_dag to None
[2022-04-13 09:09:29,668] {processor.py:171} INFO - Processing /home/airflow/.local/lib/python3.7/site-packages/airflow/example_dags/example_trigger_target_dag.py took 0.091 seconds
[2022-04-13 09:10:00,543] {processor.py:163} INFO - Started process (PID=504) to work on /home/airflow/.local/lib/python3.7/site-packages/airflow/example_dags/example_trigger_target_dag.py
[2022-04-13 09:10:00,545] {processor.py:642} INFO - Processing file /home/airflow/.local/lib/python3.7/site-packages/airflow/example_dags/example_trigger_target_dag.py for tasks to queue
[2022-04-13 09:10:00,546] {logging_mixin.py:109} INFO - [2022-04-13 09:10:00,546] {dagbag.py:500} INFO - Filling up the DagBag from /home/airflow/.local/lib/python3.7/site-packages/airflow/example_dags/example_trigger_target_dag.py
[2022-04-13 09:10:00,569] {processor.py:652} INFO - DAG(s) dict_keys(['example_trigger_target_dag']) retrieved from /home/airflow/.local/lib/python3.7/site-packages/airflow/example_dags/example_trigger_target_dag.py
[2022-04-13 09:10:00,590] {logging_mixin.py:109} INFO - [2022-04-13 09:10:00,590] {dag.py:2398} INFO - Sync 1 DAGs
[2022-04-13 09:10:00,611] {logging_mixin.py:109} INFO - [2022-04-13 09:10:00,611] {dag.py:2937} INFO - Setting next_dagrun for example_trigger_target_dag to None
[2022-04-13 09:10:00,625] {processor.py:171} INFO - Processing /home/airflow/.local/lib/python3.7/site-packages/airflow/example_dags/example_trigger_target_dag.py took 0.084 seconds
[2022-04-13 09:10:31,771] {processor.py:163} INFO - Started process (PID=564) to work on /home/airflow/.local/lib/python3.7/site-packages/airflow/example_dags/example_trigger_target_dag.py
[2022-04-13 09:10:31,772] {processor.py:642} INFO - Processing file /home/airflow/.local/lib/python3.7/site-packages/airflow/example_dags/example_trigger_target_dag.py for tasks to queue
[2022-04-13 09:10:31,773] {logging_mixin.py:109} INFO - [2022-04-13 09:10:31,773] {dagbag.py:500} INFO - Filling up the DagBag from /home/airflow/.local/lib/python3.7/site-packages/airflow/example_dags/example_trigger_target_dag.py
[2022-04-13 09:10:31,792] {processor.py:652} INFO - DAG(s) dict_keys(['example_trigger_target_dag']) retrieved from /home/airflow/.local/lib/python3.7/site-packages/airflow/example_dags/example_trigger_target_dag.py
[2022-04-13 09:10:31,820] {logging_mixin.py:109} INFO - [2022-04-13 09:10:31,820] {dag.py:2398} INFO - Sync 1 DAGs
[2022-04-13 09:10:31,846] {logging_mixin.py:109} INFO - [2022-04-13 09:10:31,846] {dag.py:2937} INFO - Setting next_dagrun for example_trigger_target_dag to None
[2022-04-13 09:10:31,860] {processor.py:171} INFO - Processing /home/airflow/.local/lib/python3.7/site-packages/airflow/example_dags/example_trigger_target_dag.py took 0.091 seconds
[2022-04-13 09:11:02,823] {processor.py:163} INFO - Started process (PID=615) to work on /home/airflow/.local/lib/python3.7/site-packages/airflow/example_dags/example_trigger_target_dag.py
[2022-04-13 09:11:02,825] {processor.py:642} INFO - Processing file /home/airflow/.local/lib/python3.7/site-packages/airflow/example_dags/example_trigger_target_dag.py for tasks to queue
[2022-04-13 09:11:02,826] {logging_mixin.py:109} INFO - [2022-04-13 09:11:02,826] {dagbag.py:500} INFO - Filling up the DagBag from /home/airflow/.local/lib/python3.7/site-packages/airflow/example_dags/example_trigger_target_dag.py
[2022-04-13 09:11:02,844] {processor.py:652} INFO - DAG(s) dict_keys(['example_trigger_target_dag']) retrieved from /home/airflow/.local/lib/python3.7/site-packages/airflow/example_dags/example_trigger_target_dag.py
[2022-04-13 09:11:02,866] {logging_mixin.py:109} INFO - [2022-04-13 09:11:02,866] {dag.py:2398} INFO - Sync 1 DAGs
[2022-04-13 09:11:02,885] {logging_mixin.py:109} INFO - [2022-04-13 09:11:02,885] {dag.py:2937} INFO - Setting next_dagrun for example_trigger_target_dag to None
[2022-04-13 09:11:02,899] {processor.py:171} INFO - Processing /home/airflow/.local/lib/python3.7/site-packages/airflow/example_dags/example_trigger_target_dag.py took 0.082 seconds
[2022-04-13 09:11:33,535] {processor.py:163} INFO - Started process (PID=665) to work on /home/airflow/.local/lib/python3.7/site-packages/airflow/example_dags/example_trigger_target_dag.py
[2022-04-13 09:11:33,537] {processor.py:642} INFO - Processing file /home/airflow/.local/lib/python3.7/site-packages/airflow/example_dags/example_trigger_target_dag.py for tasks to queue
[2022-04-13 09:11:33,537] {logging_mixin.py:109} INFO - [2022-04-13 09:11:33,537] {dagbag.py:500} INFO - Filling up the DagBag from /home/airflow/.local/lib/python3.7/site-packages/airflow/example_dags/example_trigger_target_dag.py
[2022-04-13 09:11:33,557] {processor.py:652} INFO - DAG(s) dict_keys(['example_trigger_target_dag']) retrieved from /home/airflow/.local/lib/python3.7/site-packages/airflow/example_dags/example_trigger_target_dag.py
[2022-04-13 09:11:33,583] {logging_mixin.py:109} INFO - [2022-04-13 09:11:33,583] {dag.py:2398} INFO - Sync 1 DAGs
[2022-04-13 09:11:33,606] {logging_mixin.py:109} INFO - [2022-04-13 09:11:33,605] {dag.py:2937} INFO - Setting next_dagrun for example_trigger_target_dag to None
[2022-04-13 09:11:33,621] {processor.py:171} INFO - Processing /home/airflow/.local/lib/python3.7/site-packages/airflow/example_dags/example_trigger_target_dag.py took 0.089 seconds
[2022-04-13 09:12:04,833] {processor.py:163} INFO - Started process (PID=726) to work on /home/airflow/.local/lib/python3.7/site-packages/airflow/example_dags/example_trigger_target_dag.py
[2022-04-13 09:12:04,835] {processor.py:642} INFO - Processing file /home/airflow/.local/lib/python3.7/site-packages/airflow/example_dags/example_trigger_target_dag.py for tasks to queue
[2022-04-13 09:12:04,835] {logging_mixin.py:109} INFO - [2022-04-13 09:12:04,835] {dagbag.py:500} INFO - Filling up the DagBag from /home/airflow/.local/lib/python3.7/site-packages/airflow/example_dags/example_trigger_target_dag.py
[2022-04-13 09:12:04,853] {processor.py:652} INFO - DAG(s) dict_keys(['example_trigger_target_dag']) retrieved from /home/airflow/.local/lib/python3.7/site-packages/airflow/example_dags/example_trigger_target_dag.py
[2022-04-13 09:12:04,875] {logging_mixin.py:109} INFO - [2022-04-13 09:12:04,875] {dag.py:2398} INFO - Sync 1 DAGs
[2022-04-13 09:12:04,894] {logging_mixin.py:109} INFO - [2022-04-13 09:12:04,893] {dag.py:2937} INFO - Setting next_dagrun for example_trigger_target_dag to None
[2022-04-13 09:12:04,907] {processor.py:171} INFO - Processing /home/airflow/.local/lib/python3.7/site-packages/airflow/example_dags/example_trigger_target_dag.py took 0.076 seconds
[2022-04-13 09:12:36,166] {processor.py:163} INFO - Started process (PID=778) to work on /home/airflow/.local/lib/python3.7/site-packages/airflow/example_dags/example_trigger_target_dag.py
[2022-04-13 09:12:36,168] {processor.py:642} INFO - Processing file /home/airflow/.local/lib/python3.7/site-packages/airflow/example_dags/example_trigger_target_dag.py for tasks to queue
[2022-04-13 09:12:36,168] {logging_mixin.py:109} INFO - [2022-04-13 09:12:36,168] {dagbag.py:500} INFO - Filling up the DagBag from /home/airflow/.local/lib/python3.7/site-packages/airflow/example_dags/example_trigger_target_dag.py
[2022-04-13 09:12:36,190] {processor.py:652} INFO - DAG(s) dict_keys(['example_trigger_target_dag']) retrieved from /home/airflow/.local/lib/python3.7/site-packages/airflow/example_dags/example_trigger_target_dag.py
[2022-04-13 09:12:36,263] {logging_mixin.py:109} INFO - [2022-04-13 09:12:36,263] {dag.py:2398} INFO - Sync 1 DAGs
[2022-04-13 09:12:36,285] {logging_mixin.py:109} INFO - [2022-04-13 09:12:36,284] {dag.py:2937} INFO - Setting next_dagrun for example_trigger_target_dag to None
[2022-04-13 09:12:36,298] {processor.py:171} INFO - Processing /home/airflow/.local/lib/python3.7/site-packages/airflow/example_dags/example_trigger_target_dag.py took 0.136 seconds
[2022-04-13 09:13:07,364] {processor.py:163} INFO - Started process (PID=838) to work on /home/airflow/.local/lib/python3.7/site-packages/airflow/example_dags/example_trigger_target_dag.py
[2022-04-13 09:13:07,367] {processor.py:642} INFO - Processing file /home/airflow/.local/lib/python3.7/site-packages/airflow/example_dags/example_trigger_target_dag.py for tasks to queue
[2022-04-13 09:13:07,369] {logging_mixin.py:109} INFO - [2022-04-13 09:13:07,368] {dagbag.py:500} INFO - Filling up the DagBag from /home/airflow/.local/lib/python3.7/site-packages/airflow/example_dags/example_trigger_target_dag.py
[2022-04-13 09:13:07,401] {processor.py:652} INFO - DAG(s) dict_keys(['example_trigger_target_dag']) retrieved from /home/airflow/.local/lib/python3.7/site-packages/airflow/example_dags/example_trigger_target_dag.py
[2022-04-13 09:13:07,495] {logging_mixin.py:109} INFO - [2022-04-13 09:13:07,495] {dag.py:2398} INFO - Sync 1 DAGs
[2022-04-13 09:13:07,518] {logging_mixin.py:109} INFO - [2022-04-13 09:13:07,518] {dag.py:2937} INFO - Setting next_dagrun for example_trigger_target_dag to None
[2022-04-13 09:13:07,533] {processor.py:171} INFO - Processing /home/airflow/.local/lib/python3.7/site-packages/airflow/example_dags/example_trigger_target_dag.py took 0.176 seconds
[2022-04-13 09:13:38,428] {processor.py:163} INFO - Started process (PID=889) to work on /home/airflow/.local/lib/python3.7/site-packages/airflow/example_dags/example_trigger_target_dag.py
[2022-04-13 09:13:38,430] {processor.py:642} INFO - Processing file /home/airflow/.local/lib/python3.7/site-packages/airflow/example_dags/example_trigger_target_dag.py for tasks to queue
[2022-04-13 09:13:38,430] {logging_mixin.py:109} INFO - [2022-04-13 09:13:38,430] {dagbag.py:500} INFO - Filling up the DagBag from /home/airflow/.local/lib/python3.7/site-packages/airflow/example_dags/example_trigger_target_dag.py
[2022-04-13 09:13:38,451] {processor.py:652} INFO - DAG(s) dict_keys(['example_trigger_target_dag']) retrieved from /home/airflow/.local/lib/python3.7/site-packages/airflow/example_dags/example_trigger_target_dag.py
[2022-04-13 09:13:38,473] {logging_mixin.py:109} INFO - [2022-04-13 09:13:38,473] {dag.py:2398} INFO - Sync 1 DAGs
[2022-04-13 09:13:38,493] {logging_mixin.py:109} INFO - [2022-04-13 09:13:38,493] {dag.py:2937} INFO - Setting next_dagrun for example_trigger_target_dag to None
[2022-04-13 09:13:38,507] {processor.py:171} INFO - Processing /home/airflow/.local/lib/python3.7/site-packages/airflow/example_dags/example_trigger_target_dag.py took 0.083 seconds
[2022-04-13 09:14:09,568] {processor.py:163} INFO - Started process (PID=940) to work on /home/airflow/.local/lib/python3.7/site-packages/airflow/example_dags/example_trigger_target_dag.py
[2022-04-13 09:14:09,570] {processor.py:642} INFO - Processing file /home/airflow/.local/lib/python3.7/site-packages/airflow/example_dags/example_trigger_target_dag.py for tasks to queue
[2022-04-13 09:14:09,570] {logging_mixin.py:109} INFO - [2022-04-13 09:14:09,570] {dagbag.py:500} INFO - Filling up the DagBag from /home/airflow/.local/lib/python3.7/site-packages/airflow/example_dags/example_trigger_target_dag.py
[2022-04-13 09:14:09,590] {processor.py:652} INFO - DAG(s) dict_keys(['example_trigger_target_dag']) retrieved from /home/airflow/.local/lib/python3.7/site-packages/airflow/example_dags/example_trigger_target_dag.py
[2022-04-13 09:14:09,613] {logging_mixin.py:109} INFO - [2022-04-13 09:14:09,613] {dag.py:2398} INFO - Sync 1 DAGs
[2022-04-13 09:14:09,632] {logging_mixin.py:109} INFO - [2022-04-13 09:14:09,632] {dag.py:2937} INFO - Setting next_dagrun for example_trigger_target_dag to None
[2022-04-13 09:14:09,645] {processor.py:171} INFO - Processing /home/airflow/.local/lib/python3.7/site-packages/airflow/example_dags/example_trigger_target_dag.py took 0.079 seconds
[2022-04-13 09:14:40,604] {processor.py:163} INFO - Started process (PID=1000) to work on /home/airflow/.local/lib/python3.7/site-packages/airflow/example_dags/example_trigger_target_dag.py
[2022-04-13 09:14:40,605] {processor.py:642} INFO - Processing file /home/airflow/.local/lib/python3.7/site-packages/airflow/example_dags/example_trigger_target_dag.py for tasks to queue
[2022-04-13 09:14:40,606] {logging_mixin.py:109} INFO - [2022-04-13 09:14:40,606] {dagbag.py:500} INFO - Filling up the DagBag from /home/airflow/.local/lib/python3.7/site-packages/airflow/example_dags/example_trigger_target_dag.py
[2022-04-13 09:14:40,627] {processor.py:652} INFO - DAG(s) dict_keys(['example_trigger_target_dag']) retrieved from /home/airflow/.local/lib/python3.7/site-packages/airflow/example_dags/example_trigger_target_dag.py
[2022-04-13 09:14:40,652] {logging_mixin.py:109} INFO - [2022-04-13 09:14:40,652] {dag.py:2398} INFO - Sync 1 DAGs
[2022-04-13 09:14:40,674] {logging_mixin.py:109} INFO - [2022-04-13 09:14:40,674] {dag.py:2937} INFO - Setting next_dagrun for example_trigger_target_dag to None
[2022-04-13 09:14:40,690] {processor.py:171} INFO - Processing /home/airflow/.local/lib/python3.7/site-packages/airflow/example_dags/example_trigger_target_dag.py took 0.089 seconds
[2022-04-13 09:15:11,661] {processor.py:163} INFO - Started process (PID=1049) to work on /home/airflow/.local/lib/python3.7/site-packages/airflow/example_dags/example_trigger_target_dag.py
[2022-04-13 09:15:11,662] {processor.py:642} INFO - Processing file /home/airflow/.local/lib/python3.7/site-packages/airflow/example_dags/example_trigger_target_dag.py for tasks to queue
[2022-04-13 09:15:11,663] {logging_mixin.py:109} INFO - [2022-04-13 09:15:11,663] {dagbag.py:500} INFO - Filling up the DagBag from /home/airflow/.local/lib/python3.7/site-packages/airflow/example_dags/example_trigger_target_dag.py
[2022-04-13 09:15:11,683] {processor.py:652} INFO - DAG(s) dict_keys(['example_trigger_target_dag']) retrieved from /home/airflow/.local/lib/python3.7/site-packages/airflow/example_dags/example_trigger_target_dag.py
[2022-04-13 09:15:11,707] {logging_mixin.py:109} INFO - [2022-04-13 09:15:11,707] {dag.py:2398} INFO - Sync 1 DAGs
[2022-04-13 09:15:11,726] {logging_mixin.py:109} INFO - [2022-04-13 09:15:11,726] {dag.py:2937} INFO - Setting next_dagrun for example_trigger_target_dag to None
[2022-04-13 09:15:11,740] {processor.py:171} INFO - Processing /home/airflow/.local/lib/python3.7/site-packages/airflow/example_dags/example_trigger_target_dag.py took 0.082 seconds
[2022-04-13 09:15:42,906] {processor.py:163} INFO - Started process (PID=1100) to work on /home/airflow/.local/lib/python3.7/site-packages/airflow/example_dags/example_trigger_target_dag.py
[2022-04-13 09:15:42,908] {processor.py:642} INFO - Processing file /home/airflow/.local/lib/python3.7/site-packages/airflow/example_dags/example_trigger_target_dag.py for tasks to queue
[2022-04-13 09:15:42,909] {logging_mixin.py:109} INFO - [2022-04-13 09:15:42,908] {dagbag.py:500} INFO - Filling up the DagBag from /home/airflow/.local/lib/python3.7/site-packages/airflow/example_dags/example_trigger_target_dag.py
[2022-04-13 09:15:42,931] {processor.py:652} INFO - DAG(s) dict_keys(['example_trigger_target_dag']) retrieved from /home/airflow/.local/lib/python3.7/site-packages/airflow/example_dags/example_trigger_target_dag.py
[2022-04-13 09:15:43,007] {logging_mixin.py:109} INFO - [2022-04-13 09:15:43,007] {dag.py:2398} INFO - Sync 1 DAGs
[2022-04-13 09:15:43,039] {logging_mixin.py:109} INFO - [2022-04-13 09:15:43,039] {dag.py:2937} INFO - Setting next_dagrun for example_trigger_target_dag to None
[2022-04-13 09:15:43,056] {processor.py:171} INFO - Processing /home/airflow/.local/lib/python3.7/site-packages/airflow/example_dags/example_trigger_target_dag.py took 0.156 seconds
[2022-04-13 09:16:13,840] {processor.py:163} INFO - Started process (PID=1160) to work on /home/airflow/.local/lib/python3.7/site-packages/airflow/example_dags/example_trigger_target_dag.py
[2022-04-13 09:16:13,841] {processor.py:642} INFO - Processing file /home/airflow/.local/lib/python3.7/site-packages/airflow/example_dags/example_trigger_target_dag.py for tasks to queue
[2022-04-13 09:16:13,841] {logging_mixin.py:109} INFO - [2022-04-13 09:16:13,841] {dagbag.py:500} INFO - Filling up the DagBag from /home/airflow/.local/lib/python3.7/site-packages/airflow/example_dags/example_trigger_target_dag.py
[2022-04-13 09:16:13,858] {processor.py:652} INFO - DAG(s) dict_keys(['example_trigger_target_dag']) retrieved from /home/airflow/.local/lib/python3.7/site-packages/airflow/example_dags/example_trigger_target_dag.py
[2022-04-13 09:16:13,887] {logging_mixin.py:109} INFO - [2022-04-13 09:16:13,887] {dag.py:2398} INFO - Sync 1 DAGs
[2022-04-13 09:16:13,908] {logging_mixin.py:109} INFO - [2022-04-13 09:16:13,908] {dag.py:2937} INFO - Setting next_dagrun for example_trigger_target_dag to None
[2022-04-13 09:16:13,923] {processor.py:171} INFO - Processing /home/airflow/.local/lib/python3.7/site-packages/airflow/example_dags/example_trigger_target_dag.py took 0.085 seconds
[2022-04-13 09:16:44,455] {processor.py:163} INFO - Started process (PID=1212) to work on /home/airflow/.local/lib/python3.7/site-packages/airflow/example_dags/example_trigger_target_dag.py
[2022-04-13 09:16:44,457] {processor.py:642} INFO - Processing file /home/airflow/.local/lib/python3.7/site-packages/airflow/example_dags/example_trigger_target_dag.py for tasks to queue
[2022-04-13 09:16:44,457] {logging_mixin.py:109} INFO - [2022-04-13 09:16:44,457] {dagbag.py:500} INFO - Filling up the DagBag from /home/airflow/.local/lib/python3.7/site-packages/airflow/example_dags/example_trigger_target_dag.py
[2022-04-13 09:16:44,479] {processor.py:652} INFO - DAG(s) dict_keys(['example_trigger_target_dag']) retrieved from /home/airflow/.local/lib/python3.7/site-packages/airflow/example_dags/example_trigger_target_dag.py
[2022-04-13 09:16:44,504] {logging_mixin.py:109} INFO - [2022-04-13 09:16:44,504] {dag.py:2398} INFO - Sync 1 DAGs
[2022-04-13 09:16:44,527] {logging_mixin.py:109} INFO - [2022-04-13 09:16:44,527] {dag.py:2937} INFO - Setting next_dagrun for example_trigger_target_dag to None
[2022-04-13 09:16:44,544] {processor.py:171} INFO - Processing /home/airflow/.local/lib/python3.7/site-packages/airflow/example_dags/example_trigger_target_dag.py took 0.093 seconds
[2022-04-13 09:17:15,799] {processor.py:163} INFO - Started process (PID=1270) to work on /home/airflow/.local/lib/python3.7/site-packages/airflow/example_dags/example_trigger_target_dag.py
[2022-04-13 09:17:15,800] {processor.py:642} INFO - Processing file /home/airflow/.local/lib/python3.7/site-packages/airflow/example_dags/example_trigger_target_dag.py for tasks to queue
[2022-04-13 09:17:15,801] {logging_mixin.py:109} INFO - [2022-04-13 09:17:15,801] {dagbag.py:500} INFO - Filling up the DagBag from /home/airflow/.local/lib/python3.7/site-packages/airflow/example_dags/example_trigger_target_dag.py
[2022-04-13 09:17:15,819] {processor.py:652} INFO - DAG(s) dict_keys(['example_trigger_target_dag']) retrieved from /home/airflow/.local/lib/python3.7/site-packages/airflow/example_dags/example_trigger_target_dag.py
[2022-04-13 09:17:15,842] {logging_mixin.py:109} INFO - [2022-04-13 09:17:15,842] {dag.py:2398} INFO - Sync 1 DAGs
[2022-04-13 09:17:15,861] {logging_mixin.py:109} INFO - [2022-04-13 09:17:15,861] {dag.py:2937} INFO - Setting next_dagrun for example_trigger_target_dag to None
[2022-04-13 09:17:15,877] {processor.py:171} INFO - Processing /home/airflow/.local/lib/python3.7/site-packages/airflow/example_dags/example_trigger_target_dag.py took 0.081 seconds
[2022-04-13 09:17:46,892] {processor.py:163} INFO - Started process (PID=1323) to work on /home/airflow/.local/lib/python3.7/site-packages/airflow/example_dags/example_trigger_target_dag.py
[2022-04-13 09:17:46,894] {processor.py:642} INFO - Processing file /home/airflow/.local/lib/python3.7/site-packages/airflow/example_dags/example_trigger_target_dag.py for tasks to queue
[2022-04-13 09:17:46,895] {logging_mixin.py:109} INFO - [2022-04-13 09:17:46,895] {dagbag.py:500} INFO - Filling up the DagBag from /home/airflow/.local/lib/python3.7/site-packages/airflow/example_dags/example_trigger_target_dag.py
[2022-04-13 09:17:46,922] {processor.py:652} INFO - DAG(s) dict_keys(['example_trigger_target_dag']) retrieved from /home/airflow/.local/lib/python3.7/site-packages/airflow/example_dags/example_trigger_target_dag.py
[2022-04-13 09:17:47,004] {logging_mixin.py:109} INFO - [2022-04-13 09:17:47,004] {dag.py:2398} INFO - Sync 1 DAGs
[2022-04-13 09:17:47,035] {logging_mixin.py:109} INFO - [2022-04-13 09:17:47,035] {dag.py:2937} INFO - Setting next_dagrun for example_trigger_target_dag to None
[2022-04-13 09:17:47,048] {processor.py:171} INFO - Processing /home/airflow/.local/lib/python3.7/site-packages/airflow/example_dags/example_trigger_target_dag.py took 0.163 seconds
[2022-04-13 09:18:18,263] {processor.py:163} INFO - Started process (PID=1374) to work on /home/airflow/.local/lib/python3.7/site-packages/airflow/example_dags/example_trigger_target_dag.py
[2022-04-13 09:18:18,265] {processor.py:642} INFO - Processing file /home/airflow/.local/lib/python3.7/site-packages/airflow/example_dags/example_trigger_target_dag.py for tasks to queue
[2022-04-13 09:18:18,266] {logging_mixin.py:109} INFO - [2022-04-13 09:18:18,266] {dagbag.py:500} INFO - Filling up the DagBag from /home/airflow/.local/lib/python3.7/site-packages/airflow/example_dags/example_trigger_target_dag.py
[2022-04-13 09:18:18,287] {processor.py:652} INFO - DAG(s) dict_keys(['example_trigger_target_dag']) retrieved from /home/airflow/.local/lib/python3.7/site-packages/airflow/example_dags/example_trigger_target_dag.py
[2022-04-13 09:18:18,310] {logging_mixin.py:109} INFO - [2022-04-13 09:18:18,310] {dag.py:2398} INFO - Sync 1 DAGs
[2022-04-13 09:18:18,332] {logging_mixin.py:109} INFO - [2022-04-13 09:18:18,332] {dag.py:2937} INFO - Setting next_dagrun for example_trigger_target_dag to None
[2022-04-13 09:18:18,345] {processor.py:171} INFO - Processing /home/airflow/.local/lib/python3.7/site-packages/airflow/example_dags/example_trigger_target_dag.py took 0.084 seconds
[2022-04-13 09:18:49,845] {processor.py:163} INFO - Started process (PID=1435) to work on /home/airflow/.local/lib/python3.7/site-packages/airflow/example_dags/example_trigger_target_dag.py
[2022-04-13 09:18:49,847] {processor.py:642} INFO - Processing file /home/airflow/.local/lib/python3.7/site-packages/airflow/example_dags/example_trigger_target_dag.py for tasks to queue
[2022-04-13 09:18:49,848] {logging_mixin.py:109} INFO - [2022-04-13 09:18:49,848] {dagbag.py:500} INFO - Filling up the DagBag from /home/airflow/.local/lib/python3.7/site-packages/airflow/example_dags/example_trigger_target_dag.py
[2022-04-13 09:18:49,874] {processor.py:652} INFO - DAG(s) dict_keys(['example_trigger_target_dag']) retrieved from /home/airflow/.local/lib/python3.7/site-packages/airflow/example_dags/example_trigger_target_dag.py
[2022-04-13 09:18:49,902] {logging_mixin.py:109} INFO - [2022-04-13 09:18:49,902] {dag.py:2398} INFO - Sync 1 DAGs
[2022-04-13 09:18:49,925] {logging_mixin.py:109} INFO - [2022-04-13 09:18:49,925] {dag.py:2937} INFO - Setting next_dagrun for example_trigger_target_dag to None
[2022-04-13 09:18:49,940] {processor.py:171} INFO - Processing /home/airflow/.local/lib/python3.7/site-packages/airflow/example_dags/example_trigger_target_dag.py took 0.099 seconds
[2022-04-13 09:19:20,698] {processor.py:163} INFO - Started process (PID=1486) to work on /home/airflow/.local/lib/python3.7/site-packages/airflow/example_dags/example_trigger_target_dag.py
[2022-04-13 09:19:20,699] {processor.py:642} INFO - Processing file /home/airflow/.local/lib/python3.7/site-packages/airflow/example_dags/example_trigger_target_dag.py for tasks to queue
[2022-04-13 09:19:20,700] {logging_mixin.py:109} INFO - [2022-04-13 09:19:20,700] {dagbag.py:500} INFO - Filling up the DagBag from /home/airflow/.local/lib/python3.7/site-packages/airflow/example_dags/example_trigger_target_dag.py
[2022-04-13 09:19:20,720] {processor.py:652} INFO - DAG(s) dict_keys(['example_trigger_target_dag']) retrieved from /home/airflow/.local/lib/python3.7/site-packages/airflow/example_dags/example_trigger_target_dag.py
[2022-04-13 09:19:20,741] {logging_mixin.py:109} INFO - [2022-04-13 09:19:20,741] {dag.py:2398} INFO - Sync 1 DAGs
[2022-04-13 09:19:20,761] {logging_mixin.py:109} INFO - [2022-04-13 09:19:20,761] {dag.py:2937} INFO - Setting next_dagrun for example_trigger_target_dag to None
[2022-04-13 09:19:20,774] {processor.py:171} INFO - Processing /home/airflow/.local/lib/python3.7/site-packages/airflow/example_dags/example_trigger_target_dag.py took 0.079 seconds
[2022-04-13 09:19:51,573] {processor.py:163} INFO - Started process (PID=1537) to work on /home/airflow/.local/lib/python3.7/site-packages/airflow/example_dags/example_trigger_target_dag.py
[2022-04-13 09:19:51,574] {processor.py:642} INFO - Processing file /home/airflow/.local/lib/python3.7/site-packages/airflow/example_dags/example_trigger_target_dag.py for tasks to queue
[2022-04-13 09:19:51,574] {logging_mixin.py:109} INFO - [2022-04-13 09:19:51,574] {dagbag.py:500} INFO - Filling up the DagBag from /home/airflow/.local/lib/python3.7/site-packages/airflow/example_dags/example_trigger_target_dag.py
[2022-04-13 09:19:51,591] {processor.py:652} INFO - DAG(s) dict_keys(['example_trigger_target_dag']) retrieved from /home/airflow/.local/lib/python3.7/site-packages/airflow/example_dags/example_trigger_target_dag.py
[2022-04-13 09:19:51,613] {logging_mixin.py:109} INFO - [2022-04-13 09:19:51,613] {dag.py:2398} INFO - Sync 1 DAGs
[2022-04-13 09:19:51,630] {logging_mixin.py:109} INFO - [2022-04-13 09:19:51,630] {dag.py:2937} INFO - Setting next_dagrun for example_trigger_target_dag to None
[2022-04-13 09:19:51,643] {processor.py:171} INFO - Processing /home/airflow/.local/lib/python3.7/site-packages/airflow/example_dags/example_trigger_target_dag.py took 0.073 seconds
[2022-04-13 09:20:22,579] {processor.py:163} INFO - Started process (PID=1597) to work on /home/airflow/.local/lib/python3.7/site-packages/airflow/example_dags/example_trigger_target_dag.py
[2022-04-13 09:20:22,581] {processor.py:642} INFO - Processing file /home/airflow/.local/lib/python3.7/site-packages/airflow/example_dags/example_trigger_target_dag.py for tasks to queue
[2022-04-13 09:20:22,582] {logging_mixin.py:109} INFO - [2022-04-13 09:20:22,582] {dagbag.py:500} INFO - Filling up the DagBag from /home/airflow/.local/lib/python3.7/site-packages/airflow/example_dags/example_trigger_target_dag.py
[2022-04-13 09:20:22,600] {processor.py:652} INFO - DAG(s) dict_keys(['example_trigger_target_dag']) retrieved from /home/airflow/.local/lib/python3.7/site-packages/airflow/example_dags/example_trigger_target_dag.py
[2022-04-13 09:20:22,625] {logging_mixin.py:109} INFO - [2022-04-13 09:20:22,625] {dag.py:2398} INFO - Sync 1 DAGs
[2022-04-13 09:20:22,651] {logging_mixin.py:109} INFO - [2022-04-13 09:20:22,651] {dag.py:2937} INFO - Setting next_dagrun for example_trigger_target_dag to None
[2022-04-13 09:20:22,667] {processor.py:171} INFO - Processing /home/airflow/.local/lib/python3.7/site-packages/airflow/example_dags/example_trigger_target_dag.py took 0.091 seconds
[2022-04-13 09:20:53,639] {processor.py:163} INFO - Started process (PID=1649) to work on /home/airflow/.local/lib/python3.7/site-packages/airflow/example_dags/example_trigger_target_dag.py
[2022-04-13 09:20:53,641] {processor.py:642} INFO - Processing file /home/airflow/.local/lib/python3.7/site-packages/airflow/example_dags/example_trigger_target_dag.py for tasks to queue
[2022-04-13 09:20:53,641] {logging_mixin.py:109} INFO - [2022-04-13 09:20:53,641] {dagbag.py:500} INFO - Filling up the DagBag from /home/airflow/.local/lib/python3.7/site-packages/airflow/example_dags/example_trigger_target_dag.py
[2022-04-13 09:20:53,660] {processor.py:652} INFO - DAG(s) dict_keys(['example_trigger_target_dag']) retrieved from /home/airflow/.local/lib/python3.7/site-packages/airflow/example_dags/example_trigger_target_dag.py
[2022-04-13 09:20:53,682] {logging_mixin.py:109} INFO - [2022-04-13 09:20:53,682] {dag.py:2398} INFO - Sync 1 DAGs
[2022-04-13 09:20:53,702] {logging_mixin.py:109} INFO - [2022-04-13 09:20:53,702] {dag.py:2937} INFO - Setting next_dagrun for example_trigger_target_dag to None
[2022-04-13 09:20:53,714] {processor.py:171} INFO - Processing /home/airflow/.local/lib/python3.7/site-packages/airflow/example_dags/example_trigger_target_dag.py took 0.078 seconds
[2022-04-13 09:21:24,910] {processor.py:163} INFO - Started process (PID=1700) to work on /home/airflow/.local/lib/python3.7/site-packages/airflow/example_dags/example_trigger_target_dag.py
[2022-04-13 09:21:24,911] {processor.py:642} INFO - Processing file /home/airflow/.local/lib/python3.7/site-packages/airflow/example_dags/example_trigger_target_dag.py for tasks to queue
[2022-04-13 09:21:24,912] {logging_mixin.py:109} INFO - [2022-04-13 09:21:24,912] {dagbag.py:500} INFO - Filling up the DagBag from /home/airflow/.local/lib/python3.7/site-packages/airflow/example_dags/example_trigger_target_dag.py
[2022-04-13 09:21:24,939] {processor.py:652} INFO - DAG(s) dict_keys(['example_trigger_target_dag']) retrieved from /home/airflow/.local/lib/python3.7/site-packages/airflow/example_dags/example_trigger_target_dag.py
[2022-04-13 09:21:24,962] {logging_mixin.py:109} INFO - [2022-04-13 09:21:24,962] {dag.py:2398} INFO - Sync 1 DAGs
[2022-04-13 09:21:24,983] {logging_mixin.py:109} INFO - [2022-04-13 09:21:24,983] {dag.py:2937} INFO - Setting next_dagrun for example_trigger_target_dag to None
[2022-04-13 09:21:24,996] {processor.py:171} INFO - Processing /home/airflow/.local/lib/python3.7/site-packages/airflow/example_dags/example_trigger_target_dag.py took 0.089 seconds
[2022-04-13 09:21:56,136] {processor.py:163} INFO - Started process (PID=1761) to work on /home/airflow/.local/lib/python3.7/site-packages/airflow/example_dags/example_trigger_target_dag.py
[2022-04-13 09:21:56,138] {processor.py:642} INFO - Processing file /home/airflow/.local/lib/python3.7/site-packages/airflow/example_dags/example_trigger_target_dag.py for tasks to queue
[2022-04-13 09:21:56,139] {logging_mixin.py:109} INFO - [2022-04-13 09:21:56,138] {dagbag.py:500} INFO - Filling up the DagBag from /home/airflow/.local/lib/python3.7/site-packages/airflow/example_dags/example_trigger_target_dag.py
[2022-04-13 09:21:56,164] {processor.py:652} INFO - DAG(s) dict_keys(['example_trigger_target_dag']) retrieved from /home/airflow/.local/lib/python3.7/site-packages/airflow/example_dags/example_trigger_target_dag.py
[2022-04-13 09:21:56,192] {logging_mixin.py:109} INFO - [2022-04-13 09:21:56,192] {dag.py:2398} INFO - Sync 1 DAGs
[2022-04-13 09:21:56,215] {logging_mixin.py:109} INFO - [2022-04-13 09:21:56,215] {dag.py:2937} INFO - Setting next_dagrun for example_trigger_target_dag to None
[2022-04-13 09:21:56,230] {processor.py:171} INFO - Processing /home/airflow/.local/lib/python3.7/site-packages/airflow/example_dags/example_trigger_target_dag.py took 0.097 seconds
[2022-04-13 09:22:27,367] {processor.py:163} INFO - Started process (PID=1812) to work on /home/airflow/.local/lib/python3.7/site-packages/airflow/example_dags/example_trigger_target_dag.py
[2022-04-13 09:22:27,368] {processor.py:642} INFO - Processing file /home/airflow/.local/lib/python3.7/site-packages/airflow/example_dags/example_trigger_target_dag.py for tasks to queue
[2022-04-13 09:22:27,369] {logging_mixin.py:109} INFO - [2022-04-13 09:22:27,369] {dagbag.py:500} INFO - Filling up the DagBag from /home/airflow/.local/lib/python3.7/site-packages/airflow/example_dags/example_trigger_target_dag.py
[2022-04-13 09:22:27,388] {processor.py:652} INFO - DAG(s) dict_keys(['example_trigger_target_dag']) retrieved from /home/airflow/.local/lib/python3.7/site-packages/airflow/example_dags/example_trigger_target_dag.py
[2022-04-13 09:22:27,417] {logging_mixin.py:109} INFO - [2022-04-13 09:22:27,417] {dag.py:2398} INFO - Sync 1 DAGs
[2022-04-13 09:22:27,443] {logging_mixin.py:109} INFO - [2022-04-13 09:22:27,442] {dag.py:2937} INFO - Setting next_dagrun for example_trigger_target_dag to None
[2022-04-13 09:22:27,460] {processor.py:171} INFO - Processing /home/airflow/.local/lib/python3.7/site-packages/airflow/example_dags/example_trigger_target_dag.py took 0.096 seconds
[2022-04-13 09:22:58,872] {processor.py:163} INFO - Started process (PID=1864) to work on /home/airflow/.local/lib/python3.7/site-packages/airflow/example_dags/example_trigger_target_dag.py
[2022-04-13 09:22:58,873] {processor.py:642} INFO - Processing file /home/airflow/.local/lib/python3.7/site-packages/airflow/example_dags/example_trigger_target_dag.py for tasks to queue
[2022-04-13 09:22:58,874] {logging_mixin.py:109} INFO - [2022-04-13 09:22:58,874] {dagbag.py:500} INFO - Filling up the DagBag from /home/airflow/.local/lib/python3.7/site-packages/airflow/example_dags/example_trigger_target_dag.py
[2022-04-13 09:22:58,897] {processor.py:652} INFO - DAG(s) dict_keys(['example_trigger_target_dag']) retrieved from /home/airflow/.local/lib/python3.7/site-packages/airflow/example_dags/example_trigger_target_dag.py
[2022-04-13 09:22:58,929] {logging_mixin.py:109} INFO - [2022-04-13 09:22:58,929] {dag.py:2398} INFO - Sync 1 DAGs
[2022-04-13 09:22:58,955] {logging_mixin.py:109} INFO - [2022-04-13 09:22:58,954] {dag.py:2937} INFO - Setting next_dagrun for example_trigger_target_dag to None
[2022-04-13 09:22:58,977] {processor.py:171} INFO - Processing /home/airflow/.local/lib/python3.7/site-packages/airflow/example_dags/example_trigger_target_dag.py took 0.108 seconds
[2022-04-13 09:23:29,700] {processor.py:163} INFO - Started process (PID=1926) to work on /home/airflow/.local/lib/python3.7/site-packages/airflow/example_dags/example_trigger_target_dag.py
[2022-04-13 09:23:29,701] {processor.py:642} INFO - Processing file /home/airflow/.local/lib/python3.7/site-packages/airflow/example_dags/example_trigger_target_dag.py for tasks to queue
[2022-04-13 09:23:29,701] {logging_mixin.py:109} INFO - [2022-04-13 09:23:29,701] {dagbag.py:500} INFO - Filling up the DagBag from /home/airflow/.local/lib/python3.7/site-packages/airflow/example_dags/example_trigger_target_dag.py
[2022-04-13 09:23:29,716] {processor.py:652} INFO - DAG(s) dict_keys(['example_trigger_target_dag']) retrieved from /home/airflow/.local/lib/python3.7/site-packages/airflow/example_dags/example_trigger_target_dag.py
[2022-04-13 09:23:29,733] {logging_mixin.py:109} INFO - [2022-04-13 09:23:29,733] {dag.py:2398} INFO - Sync 1 DAGs
[2022-04-13 09:23:29,748] {logging_mixin.py:109} INFO - [2022-04-13 09:23:29,747] {dag.py:2937} INFO - Setting next_dagrun for example_trigger_target_dag to None
[2022-04-13 09:23:29,761] {processor.py:171} INFO - Processing /home/airflow/.local/lib/python3.7/site-packages/airflow/example_dags/example_trigger_target_dag.py took 0.063 seconds
[2022-04-13 09:24:01,272] {processor.py:163} INFO - Started process (PID=1977) to work on /home/airflow/.local/lib/python3.7/site-packages/airflow/example_dags/example_trigger_target_dag.py
[2022-04-13 09:24:01,273] {processor.py:642} INFO - Processing file /home/airflow/.local/lib/python3.7/site-packages/airflow/example_dags/example_trigger_target_dag.py for tasks to queue
[2022-04-13 09:24:01,273] {logging_mixin.py:109} INFO - [2022-04-13 09:24:01,273] {dagbag.py:500} INFO - Filling up the DagBag from /home/airflow/.local/lib/python3.7/site-packages/airflow/example_dags/example_trigger_target_dag.py
[2022-04-13 09:24:01,298] {processor.py:652} INFO - DAG(s) dict_keys(['example_trigger_target_dag']) retrieved from /home/airflow/.local/lib/python3.7/site-packages/airflow/example_dags/example_trigger_target_dag.py
[2022-04-13 09:24:01,321] {logging_mixin.py:109} INFO - [2022-04-13 09:24:01,321] {dag.py:2398} INFO - Sync 1 DAGs
[2022-04-13 09:24:01,338] {logging_mixin.py:109} INFO - [2022-04-13 09:24:01,338] {dag.py:2937} INFO - Setting next_dagrun for example_trigger_target_dag to None
[2022-04-13 09:24:01,350] {processor.py:171} INFO - Processing /home/airflow/.local/lib/python3.7/site-packages/airflow/example_dags/example_trigger_target_dag.py took 0.081 seconds
[2022-04-13 09:24:32,331] {processor.py:163} INFO - Started process (PID=2038) to work on /home/airflow/.local/lib/python3.7/site-packages/airflow/example_dags/example_trigger_target_dag.py
[2022-04-13 09:24:32,332] {processor.py:642} INFO - Processing file /home/airflow/.local/lib/python3.7/site-packages/airflow/example_dags/example_trigger_target_dag.py for tasks to queue
[2022-04-13 09:24:32,333] {logging_mixin.py:109} INFO - [2022-04-13 09:24:32,333] {dagbag.py:500} INFO - Filling up the DagBag from /home/airflow/.local/lib/python3.7/site-packages/airflow/example_dags/example_trigger_target_dag.py
[2022-04-13 09:24:32,353] {processor.py:652} INFO - DAG(s) dict_keys(['example_trigger_target_dag']) retrieved from /home/airflow/.local/lib/python3.7/site-packages/airflow/example_dags/example_trigger_target_dag.py
[2022-04-13 09:24:32,377] {logging_mixin.py:109} INFO - [2022-04-13 09:24:32,377] {dag.py:2398} INFO - Sync 1 DAGs
[2022-04-13 09:24:32,398] {logging_mixin.py:109} INFO - [2022-04-13 09:24:32,398] {dag.py:2937} INFO - Setting next_dagrun for example_trigger_target_dag to None
[2022-04-13 09:24:32,411] {processor.py:171} INFO - Processing /home/airflow/.local/lib/python3.7/site-packages/airflow/example_dags/example_trigger_target_dag.py took 0.083 seconds
[2022-04-13 09:25:03,486] {processor.py:163} INFO - Started process (PID=2090) to work on /home/airflow/.local/lib/python3.7/site-packages/airflow/example_dags/example_trigger_target_dag.py
[2022-04-13 09:25:03,486] {processor.py:642} INFO - Processing file /home/airflow/.local/lib/python3.7/site-packages/airflow/example_dags/example_trigger_target_dag.py for tasks to queue
[2022-04-13 09:25:03,487] {logging_mixin.py:109} INFO - [2022-04-13 09:25:03,487] {dagbag.py:500} INFO - Filling up the DagBag from /home/airflow/.local/lib/python3.7/site-packages/airflow/example_dags/example_trigger_target_dag.py
[2022-04-13 09:25:03,510] {processor.py:652} INFO - DAG(s) dict_keys(['example_trigger_target_dag']) retrieved from /home/airflow/.local/lib/python3.7/site-packages/airflow/example_dags/example_trigger_target_dag.py
[2022-04-13 09:25:03,536] {logging_mixin.py:109} INFO - [2022-04-13 09:25:03,536] {dag.py:2398} INFO - Sync 1 DAGs
[2022-04-13 09:25:03,555] {logging_mixin.py:109} INFO - [2022-04-13 09:25:03,554] {dag.py:2937} INFO - Setting next_dagrun for example_trigger_target_dag to None
[2022-04-13 09:25:03,568] {processor.py:171} INFO - Processing /home/airflow/.local/lib/python3.7/site-packages/airflow/example_dags/example_trigger_target_dag.py took 0.086 seconds
[2022-04-13 09:25:34,107] {processor.py:163} INFO - Started process (PID=2140) to work on /home/airflow/.local/lib/python3.7/site-packages/airflow/example_dags/example_trigger_target_dag.py
[2022-04-13 09:25:34,133] {processor.py:642} INFO - Processing file /home/airflow/.local/lib/python3.7/site-packages/airflow/example_dags/example_trigger_target_dag.py for tasks to queue
[2022-04-13 09:25:34,134] {logging_mixin.py:109} INFO - [2022-04-13 09:25:34,134] {dagbag.py:500} INFO - Filling up the DagBag from /home/airflow/.local/lib/python3.7/site-packages/airflow/example_dags/example_trigger_target_dag.py
[2022-04-13 09:25:34,196] {processor.py:652} INFO - DAG(s) dict_keys(['example_trigger_target_dag']) retrieved from /home/airflow/.local/lib/python3.7/site-packages/airflow/example_dags/example_trigger_target_dag.py
[2022-04-13 09:25:34,235] {logging_mixin.py:109} INFO - [2022-04-13 09:25:34,235] {dag.py:2398} INFO - Sync 1 DAGs
[2022-04-13 09:25:34,264] {logging_mixin.py:109} INFO - [2022-04-13 09:25:34,264] {dag.py:2937} INFO - Setting next_dagrun for example_trigger_target_dag to None
[2022-04-13 09:25:34,283] {processor.py:171} INFO - Processing /home/airflow/.local/lib/python3.7/site-packages/airflow/example_dags/example_trigger_target_dag.py took 0.189 seconds
[2022-04-13 09:26:05,136] {processor.py:163} INFO - Started process (PID=2201) to work on /home/airflow/.local/lib/python3.7/site-packages/airflow/example_dags/example_trigger_target_dag.py
[2022-04-13 09:26:05,138] {processor.py:642} INFO - Processing file /home/airflow/.local/lib/python3.7/site-packages/airflow/example_dags/example_trigger_target_dag.py for tasks to queue
[2022-04-13 09:26:05,140] {logging_mixin.py:109} INFO - [2022-04-13 09:26:05,139] {dagbag.py:500} INFO - Filling up the DagBag from /home/airflow/.local/lib/python3.7/site-packages/airflow/example_dags/example_trigger_target_dag.py
[2022-04-13 09:26:05,163] {processor.py:652} INFO - DAG(s) dict_keys(['example_trigger_target_dag']) retrieved from /home/airflow/.local/lib/python3.7/site-packages/airflow/example_dags/example_trigger_target_dag.py
[2022-04-13 09:26:05,240] {logging_mixin.py:109} INFO - [2022-04-13 09:26:05,240] {dag.py:2398} INFO - Sync 1 DAGs
[2022-04-13 09:26:05,271] {logging_mixin.py:109} INFO - [2022-04-13 09:26:05,269] {dag.py:2937} INFO - Setting next_dagrun for example_trigger_target_dag to None
[2022-04-13 09:26:05,292] {processor.py:171} INFO - Processing /home/airflow/.local/lib/python3.7/site-packages/airflow/example_dags/example_trigger_target_dag.py took 0.160 seconds
