[2022-04-13 08:46:26,993] {processor.py:163} INFO - Started process (PID=164) to work on /home/airflow/.local/lib/python3.7/site-packages/airflow/example_dags/example_skip_dag.py
[2022-04-13 08:46:26,994] {processor.py:642} INFO - Processing file /home/airflow/.local/lib/python3.7/site-packages/airflow/example_dags/example_skip_dag.py for tasks to queue
[2022-04-13 08:46:26,995] {logging_mixin.py:109} INFO - [2022-04-13 08:46:26,995] {dagbag.py:500} INFO - Filling up the DagBag from /home/airflow/.local/lib/python3.7/site-packages/airflow/example_dags/example_skip_dag.py
[2022-04-13 08:46:27,021] {processor.py:652} INFO - DAG(s) dict_keys(['example_skip_dag']) retrieved from /home/airflow/.local/lib/python3.7/site-packages/airflow/example_dags/example_skip_dag.py
[2022-04-13 08:46:29,511] {logging_mixin.py:109} INFO - [2022-04-13 08:46:29,511] {manager.py:496} INFO - Created Permission View: can read on DAG:example_skip_dag
[2022-04-13 08:46:29,525] {logging_mixin.py:109} INFO - [2022-04-13 08:46:29,525] {manager.py:496} INFO - Created Permission View: can edit on DAG:example_skip_dag
[2022-04-13 08:46:29,525] {logging_mixin.py:109} INFO - [2022-04-13 08:46:29,525] {dag.py:2398} INFO - Sync 1 DAGs
[2022-04-13 08:46:29,533] {logging_mixin.py:109} INFO - [2022-04-13 08:46:29,532] {dag.py:2417} INFO - Creating ORM DAG for example_skip_dag
[2022-04-13 08:46:29,543] {logging_mixin.py:109} INFO - [2022-04-13 08:46:29,543] {dag.py:2937} INFO - Setting next_dagrun for example_skip_dag to 2022-04-12T08:46:29.542848+00:00
[2022-04-13 08:46:29,563] {processor.py:171} INFO - Processing /home/airflow/.local/lib/python3.7/site-packages/airflow/example_dags/example_skip_dag.py took 2.574 seconds
[2022-04-13 08:47:00,491] {processor.py:163} INFO - Started process (PID=469) to work on /home/airflow/.local/lib/python3.7/site-packages/airflow/example_dags/example_skip_dag.py
[2022-04-13 08:47:00,496] {processor.py:642} INFO - Processing file /home/airflow/.local/lib/python3.7/site-packages/airflow/example_dags/example_skip_dag.py for tasks to queue
[2022-04-13 08:47:00,496] {logging_mixin.py:109} INFO - [2022-04-13 08:47:00,496] {dagbag.py:500} INFO - Filling up the DagBag from /home/airflow/.local/lib/python3.7/site-packages/airflow/example_dags/example_skip_dag.py
[2022-04-13 08:47:00,515] {processor.py:652} INFO - DAG(s) dict_keys(['example_skip_dag']) retrieved from /home/airflow/.local/lib/python3.7/site-packages/airflow/example_dags/example_skip_dag.py
[2022-04-13 08:47:00,541] {logging_mixin.py:109} INFO - [2022-04-13 08:47:00,540] {dag.py:2398} INFO - Sync 1 DAGs
[2022-04-13 08:47:00,566] {logging_mixin.py:109} INFO - [2022-04-13 08:47:00,565] {dag.py:2937} INFO - Setting next_dagrun for example_skip_dag to 2022-04-12T08:47:00.565700+00:00
[2022-04-13 08:47:00,578] {processor.py:171} INFO - Processing /home/airflow/.local/lib/python3.7/site-packages/airflow/example_dags/example_skip_dag.py took 0.090 seconds
[2022-04-13 08:47:31,023] {processor.py:163} INFO - Started process (PID=530) to work on /home/airflow/.local/lib/python3.7/site-packages/airflow/example_dags/example_skip_dag.py
[2022-04-13 08:47:31,024] {processor.py:642} INFO - Processing file /home/airflow/.local/lib/python3.7/site-packages/airflow/example_dags/example_skip_dag.py for tasks to queue
[2022-04-13 08:47:31,025] {logging_mixin.py:109} INFO - [2022-04-13 08:47:31,025] {dagbag.py:500} INFO - Filling up the DagBag from /home/airflow/.local/lib/python3.7/site-packages/airflow/example_dags/example_skip_dag.py
[2022-04-13 08:47:31,049] {processor.py:652} INFO - DAG(s) dict_keys(['example_skip_dag']) retrieved from /home/airflow/.local/lib/python3.7/site-packages/airflow/example_dags/example_skip_dag.py
[2022-04-13 08:47:31,080] {logging_mixin.py:109} INFO - [2022-04-13 08:47:31,080] {dag.py:2398} INFO - Sync 1 DAGs
[2022-04-13 08:47:31,110] {logging_mixin.py:109} INFO - [2022-04-13 08:47:31,110] {dag.py:2937} INFO - Setting next_dagrun for example_skip_dag to 2022-04-12T08:47:31.109253+00:00
[2022-04-13 08:47:31,129] {processor.py:171} INFO - Processing /home/airflow/.local/lib/python3.7/site-packages/airflow/example_dags/example_skip_dag.py took 0.109 seconds
[2022-04-13 08:48:01,398] {processor.py:163} INFO - Started process (PID=580) to work on /home/airflow/.local/lib/python3.7/site-packages/airflow/example_dags/example_skip_dag.py
[2022-04-13 08:48:01,402] {processor.py:642} INFO - Processing file /home/airflow/.local/lib/python3.7/site-packages/airflow/example_dags/example_skip_dag.py for tasks to queue
[2022-04-13 08:48:01,403] {logging_mixin.py:109} INFO - [2022-04-13 08:48:01,403] {dagbag.py:500} INFO - Filling up the DagBag from /home/airflow/.local/lib/python3.7/site-packages/airflow/example_dags/example_skip_dag.py
[2022-04-13 08:48:01,420] {processor.py:652} INFO - DAG(s) dict_keys(['example_skip_dag']) retrieved from /home/airflow/.local/lib/python3.7/site-packages/airflow/example_dags/example_skip_dag.py
[2022-04-13 08:48:01,445] {logging_mixin.py:109} INFO - [2022-04-13 08:48:01,445] {dag.py:2398} INFO - Sync 1 DAGs
[2022-04-13 08:48:01,465] {logging_mixin.py:109} INFO - [2022-04-13 08:48:01,465] {dag.py:2937} INFO - Setting next_dagrun for example_skip_dag to 2022-04-12T08:48:01.464814+00:00
[2022-04-13 08:48:01,484] {processor.py:171} INFO - Processing /home/airflow/.local/lib/python3.7/site-packages/airflow/example_dags/example_skip_dag.py took 0.088 seconds
[2022-04-13 08:48:31,785] {processor.py:163} INFO - Started process (PID=631) to work on /home/airflow/.local/lib/python3.7/site-packages/airflow/example_dags/example_skip_dag.py
[2022-04-13 08:48:31,786] {processor.py:642} INFO - Processing file /home/airflow/.local/lib/python3.7/site-packages/airflow/example_dags/example_skip_dag.py for tasks to queue
[2022-04-13 08:48:31,787] {logging_mixin.py:109} INFO - [2022-04-13 08:48:31,786] {dagbag.py:500} INFO - Filling up the DagBag from /home/airflow/.local/lib/python3.7/site-packages/airflow/example_dags/example_skip_dag.py
[2022-04-13 08:48:31,801] {processor.py:652} INFO - DAG(s) dict_keys(['example_skip_dag']) retrieved from /home/airflow/.local/lib/python3.7/site-packages/airflow/example_dags/example_skip_dag.py
[2022-04-13 08:48:31,826] {logging_mixin.py:109} INFO - [2022-04-13 08:48:31,826] {dag.py:2398} INFO - Sync 1 DAGs
[2022-04-13 08:48:31,848] {logging_mixin.py:109} INFO - [2022-04-13 08:48:31,848] {dag.py:2937} INFO - Setting next_dagrun for example_skip_dag to 2022-04-12T08:48:31.848259+00:00
[2022-04-13 08:48:31,866] {processor.py:171} INFO - Processing /home/airflow/.local/lib/python3.7/site-packages/airflow/example_dags/example_skip_dag.py took 0.084 seconds
[2022-04-13 08:52:09,114] {processor.py:163} INFO - Started process (PID=46) to work on /home/airflow/.local/lib/python3.7/site-packages/airflow/example_dags/example_skip_dag.py
[2022-04-13 08:52:09,116] {processor.py:642} INFO - Processing file /home/airflow/.local/lib/python3.7/site-packages/airflow/example_dags/example_skip_dag.py for tasks to queue
[2022-04-13 08:52:09,117] {logging_mixin.py:109} INFO - [2022-04-13 08:52:09,117] {dagbag.py:500} INFO - Filling up the DagBag from /home/airflow/.local/lib/python3.7/site-packages/airflow/example_dags/example_skip_dag.py
[2022-04-13 08:52:09,141] {processor.py:652} INFO - DAG(s) dict_keys(['example_skip_dag']) retrieved from /home/airflow/.local/lib/python3.7/site-packages/airflow/example_dags/example_skip_dag.py
[2022-04-13 08:52:09,197] {logging_mixin.py:109} INFO - [2022-04-13 08:52:09,197] {dag.py:2398} INFO - Sync 1 DAGs
[2022-04-13 08:52:09,231] {logging_mixin.py:109} INFO - [2022-04-13 08:52:09,230] {dag.py:2937} INFO - Setting next_dagrun for example_skip_dag to 2022-04-12T08:52:09.230529+00:00
[2022-04-13 08:52:09,260] {processor.py:171} INFO - Processing /home/airflow/.local/lib/python3.7/site-packages/airflow/example_dags/example_skip_dag.py took 0.151 seconds
[2022-04-13 08:54:26,669] {processor.py:163} INFO - Started process (PID=50) to work on /home/airflow/.local/lib/python3.7/site-packages/airflow/example_dags/example_skip_dag.py
[2022-04-13 08:54:26,671] {processor.py:642} INFO - Processing file /home/airflow/.local/lib/python3.7/site-packages/airflow/example_dags/example_skip_dag.py for tasks to queue
[2022-04-13 08:54:26,671] {logging_mixin.py:109} INFO - [2022-04-13 08:54:26,671] {dagbag.py:500} INFO - Filling up the DagBag from /home/airflow/.local/lib/python3.7/site-packages/airflow/example_dags/example_skip_dag.py
[2022-04-13 08:54:26,698] {processor.py:652} INFO - DAG(s) dict_keys(['example_skip_dag']) retrieved from /home/airflow/.local/lib/python3.7/site-packages/airflow/example_dags/example_skip_dag.py
[2022-04-13 08:54:26,739] {logging_mixin.py:109} INFO - [2022-04-13 08:54:26,739] {dag.py:2398} INFO - Sync 1 DAGs
[2022-04-13 08:54:26,772] {logging_mixin.py:109} INFO - [2022-04-13 08:54:26,772] {dag.py:2937} INFO - Setting next_dagrun for example_skip_dag to 2022-04-12T08:54:26.772213+00:00
[2022-04-13 08:54:26,797] {processor.py:171} INFO - Processing /home/airflow/.local/lib/python3.7/site-packages/airflow/example_dags/example_skip_dag.py took 0.130 seconds
[2022-04-13 08:54:57,436] {processor.py:163} INFO - Started process (PID=102) to work on /home/airflow/.local/lib/python3.7/site-packages/airflow/example_dags/example_skip_dag.py
[2022-04-13 08:54:57,438] {processor.py:642} INFO - Processing file /home/airflow/.local/lib/python3.7/site-packages/airflow/example_dags/example_skip_dag.py for tasks to queue
[2022-04-13 08:54:57,438] {logging_mixin.py:109} INFO - [2022-04-13 08:54:57,438] {dagbag.py:500} INFO - Filling up the DagBag from /home/airflow/.local/lib/python3.7/site-packages/airflow/example_dags/example_skip_dag.py
[2022-04-13 08:54:57,453] {processor.py:652} INFO - DAG(s) dict_keys(['example_skip_dag']) retrieved from /home/airflow/.local/lib/python3.7/site-packages/airflow/example_dags/example_skip_dag.py
[2022-04-13 08:54:57,471] {logging_mixin.py:109} INFO - [2022-04-13 08:54:57,471] {dag.py:2398} INFO - Sync 1 DAGs
[2022-04-13 08:54:57,485] {logging_mixin.py:109} INFO - [2022-04-13 08:54:57,485] {dag.py:2937} INFO - Setting next_dagrun for example_skip_dag to 2022-04-12T08:54:57.485424+00:00
[2022-04-13 08:54:57,497] {processor.py:171} INFO - Processing /home/airflow/.local/lib/python3.7/site-packages/airflow/example_dags/example_skip_dag.py took 0.065 seconds
[2022-04-13 08:55:28,648] {processor.py:163} INFO - Started process (PID=162) to work on /home/airflow/.local/lib/python3.7/site-packages/airflow/example_dags/example_skip_dag.py
[2022-04-13 08:55:28,649] {processor.py:642} INFO - Processing file /home/airflow/.local/lib/python3.7/site-packages/airflow/example_dags/example_skip_dag.py for tasks to queue
[2022-04-13 08:55:28,650] {logging_mixin.py:109} INFO - [2022-04-13 08:55:28,650] {dagbag.py:500} INFO - Filling up the DagBag from /home/airflow/.local/lib/python3.7/site-packages/airflow/example_dags/example_skip_dag.py
[2022-04-13 08:55:28,663] {processor.py:652} INFO - DAG(s) dict_keys(['example_skip_dag']) retrieved from /home/airflow/.local/lib/python3.7/site-packages/airflow/example_dags/example_skip_dag.py
[2022-04-13 08:55:28,681] {logging_mixin.py:109} INFO - [2022-04-13 08:55:28,681] {dag.py:2398} INFO - Sync 1 DAGs
[2022-04-13 08:55:28,702] {logging_mixin.py:109} INFO - [2022-04-13 08:55:28,702] {dag.py:2937} INFO - Setting next_dagrun for example_skip_dag to 2022-04-12T08:55:28.701745+00:00
[2022-04-13 08:55:28,718] {processor.py:171} INFO - Processing /home/airflow/.local/lib/python3.7/site-packages/airflow/example_dags/example_skip_dag.py took 0.072 seconds
[2022-04-13 08:56:00,078] {processor.py:163} INFO - Started process (PID=214) to work on /home/airflow/.local/lib/python3.7/site-packages/airflow/example_dags/example_skip_dag.py
[2022-04-13 08:56:00,085] {processor.py:642} INFO - Processing file /home/airflow/.local/lib/python3.7/site-packages/airflow/example_dags/example_skip_dag.py for tasks to queue
[2022-04-13 08:56:00,086] {logging_mixin.py:109} INFO - [2022-04-13 08:56:00,086] {dagbag.py:500} INFO - Filling up the DagBag from /home/airflow/.local/lib/python3.7/site-packages/airflow/example_dags/example_skip_dag.py
[2022-04-13 08:56:00,114] {processor.py:652} INFO - DAG(s) dict_keys(['example_skip_dag']) retrieved from /home/airflow/.local/lib/python3.7/site-packages/airflow/example_dags/example_skip_dag.py
[2022-04-13 08:56:00,146] {logging_mixin.py:109} INFO - [2022-04-13 08:56:00,146] {dag.py:2398} INFO - Sync 1 DAGs
[2022-04-13 08:56:00,169] {logging_mixin.py:109} INFO - [2022-04-13 08:56:00,169] {dag.py:2937} INFO - Setting next_dagrun for example_skip_dag to 2022-04-12T08:56:00.168901+00:00
[2022-04-13 08:56:00,184] {processor.py:171} INFO - Processing /home/airflow/.local/lib/python3.7/site-packages/airflow/example_dags/example_skip_dag.py took 0.110 seconds
[2022-04-13 08:56:30,394] {processor.py:163} INFO - Started process (PID=275) to work on /home/airflow/.local/lib/python3.7/site-packages/airflow/example_dags/example_skip_dag.py
[2022-04-13 08:56:30,394] {processor.py:642} INFO - Processing file /home/airflow/.local/lib/python3.7/site-packages/airflow/example_dags/example_skip_dag.py for tasks to queue
[2022-04-13 08:56:30,395] {logging_mixin.py:109} INFO - [2022-04-13 08:56:30,395] {dagbag.py:500} INFO - Filling up the DagBag from /home/airflow/.local/lib/python3.7/site-packages/airflow/example_dags/example_skip_dag.py
[2022-04-13 08:56:30,406] {processor.py:652} INFO - DAG(s) dict_keys(['example_skip_dag']) retrieved from /home/airflow/.local/lib/python3.7/site-packages/airflow/example_dags/example_skip_dag.py
[2022-04-13 08:56:30,426] {logging_mixin.py:109} INFO - [2022-04-13 08:56:30,425] {dag.py:2398} INFO - Sync 1 DAGs
[2022-04-13 08:56:30,442] {logging_mixin.py:109} INFO - [2022-04-13 08:56:30,442] {dag.py:2937} INFO - Setting next_dagrun for example_skip_dag to 2022-04-12T08:56:30.442415+00:00
[2022-04-13 08:56:30,453] {processor.py:171} INFO - Processing /home/airflow/.local/lib/python3.7/site-packages/airflow/example_dags/example_skip_dag.py took 0.062 seconds
[2022-04-13 08:57:00,775] {processor.py:163} INFO - Started process (PID=326) to work on /home/airflow/.local/lib/python3.7/site-packages/airflow/example_dags/example_skip_dag.py
[2022-04-13 08:57:00,777] {processor.py:642} INFO - Processing file /home/airflow/.local/lib/python3.7/site-packages/airflow/example_dags/example_skip_dag.py for tasks to queue
[2022-04-13 08:57:00,777] {logging_mixin.py:109} INFO - [2022-04-13 08:57:00,777] {dagbag.py:500} INFO - Filling up the DagBag from /home/airflow/.local/lib/python3.7/site-packages/airflow/example_dags/example_skip_dag.py
[2022-04-13 08:57:00,794] {processor.py:652} INFO - DAG(s) dict_keys(['example_skip_dag']) retrieved from /home/airflow/.local/lib/python3.7/site-packages/airflow/example_dags/example_skip_dag.py
[2022-04-13 08:57:00,813] {logging_mixin.py:109} INFO - [2022-04-13 08:57:00,812] {dag.py:2398} INFO - Sync 1 DAGs
[2022-04-13 08:57:00,830] {logging_mixin.py:109} INFO - [2022-04-13 08:57:00,830] {dag.py:2937} INFO - Setting next_dagrun for example_skip_dag to 2022-04-12T08:57:00.830361+00:00
[2022-04-13 08:57:00,843] {processor.py:171} INFO - Processing /home/airflow/.local/lib/python3.7/site-packages/airflow/example_dags/example_skip_dag.py took 0.069 seconds
[2022-04-13 08:57:31,076] {processor.py:163} INFO - Started process (PID=385) to work on /home/airflow/.local/lib/python3.7/site-packages/airflow/example_dags/example_skip_dag.py
[2022-04-13 08:57:31,077] {processor.py:642} INFO - Processing file /home/airflow/.local/lib/python3.7/site-packages/airflow/example_dags/example_skip_dag.py for tasks to queue
[2022-04-13 08:57:31,077] {logging_mixin.py:109} INFO - [2022-04-13 08:57:31,077] {dagbag.py:500} INFO - Filling up the DagBag from /home/airflow/.local/lib/python3.7/site-packages/airflow/example_dags/example_skip_dag.py
[2022-04-13 08:57:31,091] {processor.py:652} INFO - DAG(s) dict_keys(['example_skip_dag']) retrieved from /home/airflow/.local/lib/python3.7/site-packages/airflow/example_dags/example_skip_dag.py
[2022-04-13 08:57:31,113] {logging_mixin.py:109} INFO - [2022-04-13 08:57:31,112] {dag.py:2398} INFO - Sync 1 DAGs
[2022-04-13 08:57:31,128] {logging_mixin.py:109} INFO - [2022-04-13 08:57:31,128] {dag.py:2937} INFO - Setting next_dagrun for example_skip_dag to 2022-04-12T08:57:31.128100+00:00
[2022-04-13 08:57:31,141] {processor.py:171} INFO - Processing /home/airflow/.local/lib/python3.7/site-packages/airflow/example_dags/example_skip_dag.py took 0.067 seconds
[2022-04-13 08:58:02,248] {processor.py:163} INFO - Started process (PID=444) to work on /home/airflow/.local/lib/python3.7/site-packages/airflow/example_dags/example_skip_dag.py
[2022-04-13 08:58:02,249] {processor.py:642} INFO - Processing file /home/airflow/.local/lib/python3.7/site-packages/airflow/example_dags/example_skip_dag.py for tasks to queue
[2022-04-13 08:58:02,250] {logging_mixin.py:109} INFO - [2022-04-13 08:58:02,250] {dagbag.py:500} INFO - Filling up the DagBag from /home/airflow/.local/lib/python3.7/site-packages/airflow/example_dags/example_skip_dag.py
[2022-04-13 08:58:02,264] {processor.py:652} INFO - DAG(s) dict_keys(['example_skip_dag']) retrieved from /home/airflow/.local/lib/python3.7/site-packages/airflow/example_dags/example_skip_dag.py
[2022-04-13 08:58:02,286] {logging_mixin.py:109} INFO - [2022-04-13 08:58:02,286] {dag.py:2398} INFO - Sync 1 DAGs
[2022-04-13 08:58:02,305] {logging_mixin.py:109} INFO - [2022-04-13 08:58:02,305] {dag.py:2937} INFO - Setting next_dagrun for example_skip_dag to 2022-04-12T08:58:02.304942+00:00
[2022-04-13 08:58:02,316] {processor.py:171} INFO - Processing /home/airflow/.local/lib/python3.7/site-packages/airflow/example_dags/example_skip_dag.py took 0.071 seconds
[2022-04-13 08:58:33,436] {processor.py:163} INFO - Started process (PID=498) to work on /home/airflow/.local/lib/python3.7/site-packages/airflow/example_dags/example_skip_dag.py
[2022-04-13 08:58:33,437] {processor.py:642} INFO - Processing file /home/airflow/.local/lib/python3.7/site-packages/airflow/example_dags/example_skip_dag.py for tasks to queue
[2022-04-13 08:58:33,438] {logging_mixin.py:109} INFO - [2022-04-13 08:58:33,438] {dagbag.py:500} INFO - Filling up the DagBag from /home/airflow/.local/lib/python3.7/site-packages/airflow/example_dags/example_skip_dag.py
[2022-04-13 08:58:33,451] {processor.py:652} INFO - DAG(s) dict_keys(['example_skip_dag']) retrieved from /home/airflow/.local/lib/python3.7/site-packages/airflow/example_dags/example_skip_dag.py
[2022-04-13 08:58:33,480] {logging_mixin.py:109} INFO - [2022-04-13 08:58:33,480] {dag.py:2398} INFO - Sync 1 DAGs
[2022-04-13 08:58:33,498] {logging_mixin.py:109} INFO - [2022-04-13 08:58:33,498] {dag.py:2937} INFO - Setting next_dagrun for example_skip_dag to 2022-04-12T08:58:33.498115+00:00
[2022-04-13 08:58:33,510] {processor.py:171} INFO - Processing /home/airflow/.local/lib/python3.7/site-packages/airflow/example_dags/example_skip_dag.py took 0.076 seconds
[2022-04-13 08:59:04,408] {processor.py:163} INFO - Started process (PID=556) to work on /home/airflow/.local/lib/python3.7/site-packages/airflow/example_dags/example_skip_dag.py
[2022-04-13 08:59:04,413] {processor.py:642} INFO - Processing file /home/airflow/.local/lib/python3.7/site-packages/airflow/example_dags/example_skip_dag.py for tasks to queue
[2022-04-13 08:59:04,414] {logging_mixin.py:109} INFO - [2022-04-13 08:59:04,414] {dagbag.py:500} INFO - Filling up the DagBag from /home/airflow/.local/lib/python3.7/site-packages/airflow/example_dags/example_skip_dag.py
[2022-04-13 08:59:04,439] {processor.py:652} INFO - DAG(s) dict_keys(['example_skip_dag']) retrieved from /home/airflow/.local/lib/python3.7/site-packages/airflow/example_dags/example_skip_dag.py
[2022-04-13 08:59:04,476] {logging_mixin.py:109} INFO - [2022-04-13 08:59:04,476] {dag.py:2398} INFO - Sync 1 DAGs
[2022-04-13 08:59:04,502] {logging_mixin.py:109} INFO - [2022-04-13 08:59:04,502] {dag.py:2937} INFO - Setting next_dagrun for example_skip_dag to 2022-04-12T08:59:04.502214+00:00
[2022-04-13 08:59:04,523] {processor.py:171} INFO - Processing /home/airflow/.local/lib/python3.7/site-packages/airflow/example_dags/example_skip_dag.py took 0.120 seconds
[2022-04-13 08:59:35,264] {processor.py:163} INFO - Started process (PID=611) to work on /home/airflow/.local/lib/python3.7/site-packages/airflow/example_dags/example_skip_dag.py
[2022-04-13 08:59:35,265] {processor.py:642} INFO - Processing file /home/airflow/.local/lib/python3.7/site-packages/airflow/example_dags/example_skip_dag.py for tasks to queue
[2022-04-13 08:59:35,266] {logging_mixin.py:109} INFO - [2022-04-13 08:59:35,266] {dagbag.py:500} INFO - Filling up the DagBag from /home/airflow/.local/lib/python3.7/site-packages/airflow/example_dags/example_skip_dag.py
[2022-04-13 08:59:35,286] {processor.py:652} INFO - DAG(s) dict_keys(['example_skip_dag']) retrieved from /home/airflow/.local/lib/python3.7/site-packages/airflow/example_dags/example_skip_dag.py
[2022-04-13 08:59:35,315] {logging_mixin.py:109} INFO - [2022-04-13 08:59:35,315] {dag.py:2398} INFO - Sync 1 DAGs
[2022-04-13 08:59:35,340] {logging_mixin.py:109} INFO - [2022-04-13 08:59:35,339] {dag.py:2937} INFO - Setting next_dagrun for example_skip_dag to 2022-04-12T08:59:35.339655+00:00
[2022-04-13 08:59:35,356] {processor.py:171} INFO - Processing /home/airflow/.local/lib/python3.7/site-packages/airflow/example_dags/example_skip_dag.py took 0.094 seconds
[2022-04-13 09:00:05,795] {processor.py:163} INFO - Started process (PID=661) to work on /home/airflow/.local/lib/python3.7/site-packages/airflow/example_dags/example_skip_dag.py
[2022-04-13 09:00:05,797] {processor.py:642} INFO - Processing file /home/airflow/.local/lib/python3.7/site-packages/airflow/example_dags/example_skip_dag.py for tasks to queue
[2022-04-13 09:00:05,798] {logging_mixin.py:109} INFO - [2022-04-13 09:00:05,798] {dagbag.py:500} INFO - Filling up the DagBag from /home/airflow/.local/lib/python3.7/site-packages/airflow/example_dags/example_skip_dag.py
[2022-04-13 09:00:05,810] {processor.py:652} INFO - DAG(s) dict_keys(['example_skip_dag']) retrieved from /home/airflow/.local/lib/python3.7/site-packages/airflow/example_dags/example_skip_dag.py
[2022-04-13 09:00:05,836] {logging_mixin.py:109} INFO - [2022-04-13 09:00:05,836] {dag.py:2398} INFO - Sync 1 DAGs
[2022-04-13 09:00:05,854] {logging_mixin.py:109} INFO - [2022-04-13 09:00:05,854] {dag.py:2937} INFO - Setting next_dagrun for example_skip_dag to 2022-04-12T09:00:05.854006+00:00
[2022-04-13 09:00:05,871] {processor.py:171} INFO - Processing /home/airflow/.local/lib/python3.7/site-packages/airflow/example_dags/example_skip_dag.py took 0.078 seconds
[2022-04-13 09:00:36,500] {processor.py:163} INFO - Started process (PID=713) to work on /home/airflow/.local/lib/python3.7/site-packages/airflow/example_dags/example_skip_dag.py
[2022-04-13 09:00:36,503] {processor.py:642} INFO - Processing file /home/airflow/.local/lib/python3.7/site-packages/airflow/example_dags/example_skip_dag.py for tasks to queue
[2022-04-13 09:00:36,503] {logging_mixin.py:109} INFO - [2022-04-13 09:00:36,503] {dagbag.py:500} INFO - Filling up the DagBag from /home/airflow/.local/lib/python3.7/site-packages/airflow/example_dags/example_skip_dag.py
[2022-04-13 09:00:36,520] {processor.py:652} INFO - DAG(s) dict_keys(['example_skip_dag']) retrieved from /home/airflow/.local/lib/python3.7/site-packages/airflow/example_dags/example_skip_dag.py
[2022-04-13 09:00:36,560] {logging_mixin.py:109} INFO - [2022-04-13 09:00:36,560] {dag.py:2398} INFO - Sync 1 DAGs
[2022-04-13 09:00:36,584] {logging_mixin.py:109} INFO - [2022-04-13 09:00:36,583] {dag.py:2937} INFO - Setting next_dagrun for example_skip_dag to 2022-04-12T09:00:36.583574+00:00
[2022-04-13 09:00:36,604] {processor.py:171} INFO - Processing /home/airflow/.local/lib/python3.7/site-packages/airflow/example_dags/example_skip_dag.py took 0.107 seconds
[2022-04-13 09:01:07,068] {processor.py:163} INFO - Started process (PID=773) to work on /home/airflow/.local/lib/python3.7/site-packages/airflow/example_dags/example_skip_dag.py
[2022-04-13 09:01:07,069] {processor.py:642} INFO - Processing file /home/airflow/.local/lib/python3.7/site-packages/airflow/example_dags/example_skip_dag.py for tasks to queue
[2022-04-13 09:01:07,070] {logging_mixin.py:109} INFO - [2022-04-13 09:01:07,070] {dagbag.py:500} INFO - Filling up the DagBag from /home/airflow/.local/lib/python3.7/site-packages/airflow/example_dags/example_skip_dag.py
[2022-04-13 09:01:07,084] {processor.py:652} INFO - DAG(s) dict_keys(['example_skip_dag']) retrieved from /home/airflow/.local/lib/python3.7/site-packages/airflow/example_dags/example_skip_dag.py
[2022-04-13 09:01:07,110] {logging_mixin.py:109} INFO - [2022-04-13 09:01:07,110] {dag.py:2398} INFO - Sync 1 DAGs
[2022-04-13 09:01:07,132] {logging_mixin.py:109} INFO - [2022-04-13 09:01:07,132] {dag.py:2937} INFO - Setting next_dagrun for example_skip_dag to 2022-04-12T09:01:07.132449+00:00
[2022-04-13 09:01:07,147] {processor.py:171} INFO - Processing /home/airflow/.local/lib/python3.7/site-packages/airflow/example_dags/example_skip_dag.py took 0.083 seconds
[2022-04-13 09:01:38,498] {processor.py:163} INFO - Started process (PID=825) to work on /home/airflow/.local/lib/python3.7/site-packages/airflow/example_dags/example_skip_dag.py
[2022-04-13 09:01:38,499] {processor.py:642} INFO - Processing file /home/airflow/.local/lib/python3.7/site-packages/airflow/example_dags/example_skip_dag.py for tasks to queue
[2022-04-13 09:01:38,499] {logging_mixin.py:109} INFO - [2022-04-13 09:01:38,499] {dagbag.py:500} INFO - Filling up the DagBag from /home/airflow/.local/lib/python3.7/site-packages/airflow/example_dags/example_skip_dag.py
[2022-04-13 09:01:38,515] {processor.py:652} INFO - DAG(s) dict_keys(['example_skip_dag']) retrieved from /home/airflow/.local/lib/python3.7/site-packages/airflow/example_dags/example_skip_dag.py
[2022-04-13 09:01:38,540] {logging_mixin.py:109} INFO - [2022-04-13 09:01:38,540] {dag.py:2398} INFO - Sync 1 DAGs
[2022-04-13 09:01:38,561] {logging_mixin.py:109} INFO - [2022-04-13 09:01:38,561] {dag.py:2937} INFO - Setting next_dagrun for example_skip_dag to 2022-04-12T09:01:38.561038+00:00
[2022-04-13 09:01:38,576] {processor.py:171} INFO - Processing /home/airflow/.local/lib/python3.7/site-packages/airflow/example_dags/example_skip_dag.py took 0.081 seconds
[2022-04-13 09:02:09,145] {processor.py:163} INFO - Started process (PID=876) to work on /home/airflow/.local/lib/python3.7/site-packages/airflow/example_dags/example_skip_dag.py
[2022-04-13 09:02:09,148] {processor.py:642} INFO - Processing file /home/airflow/.local/lib/python3.7/site-packages/airflow/example_dags/example_skip_dag.py for tasks to queue
[2022-04-13 09:02:09,149] {logging_mixin.py:109} INFO - [2022-04-13 09:02:09,149] {dagbag.py:500} INFO - Filling up the DagBag from /home/airflow/.local/lib/python3.7/site-packages/airflow/example_dags/example_skip_dag.py
[2022-04-13 09:02:09,175] {processor.py:652} INFO - DAG(s) dict_keys(['example_skip_dag']) retrieved from /home/airflow/.local/lib/python3.7/site-packages/airflow/example_dags/example_skip_dag.py
[2022-04-13 09:02:09,209] {logging_mixin.py:109} INFO - [2022-04-13 09:02:09,208] {dag.py:2398} INFO - Sync 1 DAGs
[2022-04-13 09:02:09,234] {logging_mixin.py:109} INFO - [2022-04-13 09:02:09,234] {dag.py:2937} INFO - Setting next_dagrun for example_skip_dag to 2022-04-12T09:02:09.233659+00:00
[2022-04-13 09:02:09,256] {processor.py:171} INFO - Processing /home/airflow/.local/lib/python3.7/site-packages/airflow/example_dags/example_skip_dag.py took 0.117 seconds
[2022-04-13 09:02:40,304] {processor.py:163} INFO - Started process (PID=938) to work on /home/airflow/.local/lib/python3.7/site-packages/airflow/example_dags/example_skip_dag.py
[2022-04-13 09:02:40,305] {processor.py:642} INFO - Processing file /home/airflow/.local/lib/python3.7/site-packages/airflow/example_dags/example_skip_dag.py for tasks to queue
[2022-04-13 09:02:40,306] {logging_mixin.py:109} INFO - [2022-04-13 09:02:40,306] {dagbag.py:500} INFO - Filling up the DagBag from /home/airflow/.local/lib/python3.7/site-packages/airflow/example_dags/example_skip_dag.py
[2022-04-13 09:02:40,323] {processor.py:652} INFO - DAG(s) dict_keys(['example_skip_dag']) retrieved from /home/airflow/.local/lib/python3.7/site-packages/airflow/example_dags/example_skip_dag.py
[2022-04-13 09:02:40,355] {logging_mixin.py:109} INFO - [2022-04-13 09:02:40,355] {dag.py:2398} INFO - Sync 1 DAGs
[2022-04-13 09:02:40,382] {logging_mixin.py:109} INFO - [2022-04-13 09:02:40,382] {dag.py:2937} INFO - Setting next_dagrun for example_skip_dag to 2022-04-12T09:02:40.382331+00:00
[2022-04-13 09:02:40,396] {processor.py:171} INFO - Processing /home/airflow/.local/lib/python3.7/site-packages/airflow/example_dags/example_skip_dag.py took 0.095 seconds
[2022-04-13 09:03:11,809] {processor.py:163} INFO - Started process (PID=988) to work on /home/airflow/.local/lib/python3.7/site-packages/airflow/example_dags/example_skip_dag.py
[2022-04-13 09:03:11,812] {processor.py:642} INFO - Processing file /home/airflow/.local/lib/python3.7/site-packages/airflow/example_dags/example_skip_dag.py for tasks to queue
[2022-04-13 09:03:11,813] {logging_mixin.py:109} INFO - [2022-04-13 09:03:11,813] {dagbag.py:500} INFO - Filling up the DagBag from /home/airflow/.local/lib/python3.7/site-packages/airflow/example_dags/example_skip_dag.py
[2022-04-13 09:03:11,837] {processor.py:652} INFO - DAG(s) dict_keys(['example_skip_dag']) retrieved from /home/airflow/.local/lib/python3.7/site-packages/airflow/example_dags/example_skip_dag.py
[2022-04-13 09:03:11,875] {logging_mixin.py:109} INFO - [2022-04-13 09:03:11,875] {dag.py:2398} INFO - Sync 1 DAGs
[2022-04-13 09:03:11,910] {logging_mixin.py:109} INFO - [2022-04-13 09:03:11,909] {dag.py:2937} INFO - Setting next_dagrun for example_skip_dag to 2022-04-12T09:03:11.909670+00:00
[2022-04-13 09:03:11,928] {processor.py:171} INFO - Processing /home/airflow/.local/lib/python3.7/site-packages/airflow/example_dags/example_skip_dag.py took 0.122 seconds
[2022-04-13 09:05:51,471] {processor.py:163} INFO - Started process (PID=48) to work on /home/airflow/.local/lib/python3.7/site-packages/airflow/example_dags/example_skip_dag.py
[2022-04-13 09:05:51,473] {processor.py:642} INFO - Processing file /home/airflow/.local/lib/python3.7/site-packages/airflow/example_dags/example_skip_dag.py for tasks to queue
[2022-04-13 09:05:51,473] {logging_mixin.py:109} INFO - [2022-04-13 09:05:51,473] {dagbag.py:500} INFO - Filling up the DagBag from /home/airflow/.local/lib/python3.7/site-packages/airflow/example_dags/example_skip_dag.py
[2022-04-13 09:05:51,489] {processor.py:652} INFO - DAG(s) dict_keys(['example_skip_dag']) retrieved from /home/airflow/.local/lib/python3.7/site-packages/airflow/example_dags/example_skip_dag.py
[2022-04-13 09:05:51,517] {logging_mixin.py:109} INFO - [2022-04-13 09:05:51,517] {dag.py:2398} INFO - Sync 1 DAGs
[2022-04-13 09:05:51,536] {logging_mixin.py:109} INFO - [2022-04-13 09:05:51,536] {dag.py:2937} INFO - Setting next_dagrun for example_skip_dag to 2022-04-12T09:05:51.535847+00:00
[2022-04-13 09:05:51,549] {processor.py:171} INFO - Processing /home/airflow/.local/lib/python3.7/site-packages/airflow/example_dags/example_skip_dag.py took 0.081 seconds
[2022-04-13 09:06:22,385] {processor.py:163} INFO - Started process (PID=99) to work on /home/airflow/.local/lib/python3.7/site-packages/airflow/example_dags/example_skip_dag.py
[2022-04-13 09:06:22,386] {processor.py:642} INFO - Processing file /home/airflow/.local/lib/python3.7/site-packages/airflow/example_dags/example_skip_dag.py for tasks to queue
[2022-04-13 09:06:22,387] {logging_mixin.py:109} INFO - [2022-04-13 09:06:22,387] {dagbag.py:500} INFO - Filling up the DagBag from /home/airflow/.local/lib/python3.7/site-packages/airflow/example_dags/example_skip_dag.py
[2022-04-13 09:06:22,399] {processor.py:652} INFO - DAG(s) dict_keys(['example_skip_dag']) retrieved from /home/airflow/.local/lib/python3.7/site-packages/airflow/example_dags/example_skip_dag.py
[2022-04-13 09:06:22,424] {logging_mixin.py:109} INFO - [2022-04-13 09:06:22,423] {dag.py:2398} INFO - Sync 1 DAGs
[2022-04-13 09:06:22,443] {logging_mixin.py:109} INFO - [2022-04-13 09:06:22,443] {dag.py:2937} INFO - Setting next_dagrun for example_skip_dag to 2022-04-12T09:06:22.442794+00:00
[2022-04-13 09:06:22,456] {processor.py:171} INFO - Processing /home/airflow/.local/lib/python3.7/site-packages/airflow/example_dags/example_skip_dag.py took 0.074 seconds
[2022-04-13 09:06:52,941] {processor.py:163} INFO - Started process (PID=160) to work on /home/airflow/.local/lib/python3.7/site-packages/airflow/example_dags/example_skip_dag.py
[2022-04-13 09:06:52,943] {processor.py:642} INFO - Processing file /home/airflow/.local/lib/python3.7/site-packages/airflow/example_dags/example_skip_dag.py for tasks to queue
[2022-04-13 09:06:52,944] {logging_mixin.py:109} INFO - [2022-04-13 09:06:52,944] {dagbag.py:500} INFO - Filling up the DagBag from /home/airflow/.local/lib/python3.7/site-packages/airflow/example_dags/example_skip_dag.py
[2022-04-13 09:06:52,960] {processor.py:652} INFO - DAG(s) dict_keys(['example_skip_dag']) retrieved from /home/airflow/.local/lib/python3.7/site-packages/airflow/example_dags/example_skip_dag.py
[2022-04-13 09:06:52,987] {logging_mixin.py:109} INFO - [2022-04-13 09:06:52,987] {dag.py:2398} INFO - Sync 1 DAGs
[2022-04-13 09:06:53,006] {logging_mixin.py:109} INFO - [2022-04-13 09:06:53,006] {dag.py:2937} INFO - Setting next_dagrun for example_skip_dag to 2022-04-12T09:06:53.006370+00:00
[2022-04-13 09:06:53,020] {processor.py:171} INFO - Processing /home/airflow/.local/lib/python3.7/site-packages/airflow/example_dags/example_skip_dag.py took 0.080 seconds
[2022-04-13 09:07:23,392] {processor.py:163} INFO - Started process (PID=211) to work on /home/airflow/.local/lib/python3.7/site-packages/airflow/example_dags/example_skip_dag.py
[2022-04-13 09:07:23,393] {processor.py:642} INFO - Processing file /home/airflow/.local/lib/python3.7/site-packages/airflow/example_dags/example_skip_dag.py for tasks to queue
[2022-04-13 09:07:23,394] {logging_mixin.py:109} INFO - [2022-04-13 09:07:23,393] {dagbag.py:500} INFO - Filling up the DagBag from /home/airflow/.local/lib/python3.7/site-packages/airflow/example_dags/example_skip_dag.py
[2022-04-13 09:07:23,415] {processor.py:652} INFO - DAG(s) dict_keys(['example_skip_dag']) retrieved from /home/airflow/.local/lib/python3.7/site-packages/airflow/example_dags/example_skip_dag.py
[2022-04-13 09:07:23,444] {logging_mixin.py:109} INFO - [2022-04-13 09:07:23,444] {dag.py:2398} INFO - Sync 1 DAGs
[2022-04-13 09:07:23,468] {logging_mixin.py:109} INFO - [2022-04-13 09:07:23,468] {dag.py:2937} INFO - Setting next_dagrun for example_skip_dag to 2022-04-12T09:07:23.468335+00:00
[2022-04-13 09:07:23,482] {processor.py:171} INFO - Processing /home/airflow/.local/lib/python3.7/site-packages/airflow/example_dags/example_skip_dag.py took 0.092 seconds
[2022-04-13 09:07:54,062] {processor.py:163} INFO - Started process (PID=262) to work on /home/airflow/.local/lib/python3.7/site-packages/airflow/example_dags/example_skip_dag.py
[2022-04-13 09:07:54,063] {processor.py:642} INFO - Processing file /home/airflow/.local/lib/python3.7/site-packages/airflow/example_dags/example_skip_dag.py for tasks to queue
[2022-04-13 09:07:54,064] {logging_mixin.py:109} INFO - [2022-04-13 09:07:54,064] {dagbag.py:500} INFO - Filling up the DagBag from /home/airflow/.local/lib/python3.7/site-packages/airflow/example_dags/example_skip_dag.py
[2022-04-13 09:07:54,078] {processor.py:652} INFO - DAG(s) dict_keys(['example_skip_dag']) retrieved from /home/airflow/.local/lib/python3.7/site-packages/airflow/example_dags/example_skip_dag.py
[2022-04-13 09:07:54,097] {logging_mixin.py:109} INFO - [2022-04-13 09:07:54,097] {dag.py:2398} INFO - Sync 1 DAGs
[2022-04-13 09:07:54,113] {logging_mixin.py:109} INFO - [2022-04-13 09:07:54,113] {dag.py:2937} INFO - Setting next_dagrun for example_skip_dag to 2022-04-12T09:07:54.112853+00:00
[2022-04-13 09:07:54,127] {processor.py:171} INFO - Processing /home/airflow/.local/lib/python3.7/site-packages/airflow/example_dags/example_skip_dag.py took 0.067 seconds
[2022-04-13 09:08:25,466] {processor.py:163} INFO - Started process (PID=323) to work on /home/airflow/.local/lib/python3.7/site-packages/airflow/example_dags/example_skip_dag.py
[2022-04-13 09:08:25,467] {processor.py:642} INFO - Processing file /home/airflow/.local/lib/python3.7/site-packages/airflow/example_dags/example_skip_dag.py for tasks to queue
[2022-04-13 09:08:25,467] {logging_mixin.py:109} INFO - [2022-04-13 09:08:25,467] {dagbag.py:500} INFO - Filling up the DagBag from /home/airflow/.local/lib/python3.7/site-packages/airflow/example_dags/example_skip_dag.py
[2022-04-13 09:08:25,487] {processor.py:652} INFO - DAG(s) dict_keys(['example_skip_dag']) retrieved from /home/airflow/.local/lib/python3.7/site-packages/airflow/example_dags/example_skip_dag.py
[2022-04-13 09:08:25,511] {logging_mixin.py:109} INFO - [2022-04-13 09:08:25,511] {dag.py:2398} INFO - Sync 1 DAGs
[2022-04-13 09:08:25,530] {logging_mixin.py:109} INFO - [2022-04-13 09:08:25,530] {dag.py:2937} INFO - Setting next_dagrun for example_skip_dag to 2022-04-12T09:08:25.530119+00:00
[2022-04-13 09:08:25,545] {processor.py:171} INFO - Processing /home/airflow/.local/lib/python3.7/site-packages/airflow/example_dags/example_skip_dag.py took 0.082 seconds
[2022-04-13 09:08:56,334] {processor.py:163} INFO - Started process (PID=375) to work on /home/airflow/.local/lib/python3.7/site-packages/airflow/example_dags/example_skip_dag.py
[2022-04-13 09:08:56,336] {processor.py:642} INFO - Processing file /home/airflow/.local/lib/python3.7/site-packages/airflow/example_dags/example_skip_dag.py for tasks to queue
[2022-04-13 09:08:56,336] {logging_mixin.py:109} INFO - [2022-04-13 09:08:56,336] {dagbag.py:500} INFO - Filling up the DagBag from /home/airflow/.local/lib/python3.7/site-packages/airflow/example_dags/example_skip_dag.py
[2022-04-13 09:08:56,355] {processor.py:652} INFO - DAG(s) dict_keys(['example_skip_dag']) retrieved from /home/airflow/.local/lib/python3.7/site-packages/airflow/example_dags/example_skip_dag.py
[2022-04-13 09:08:56,383] {logging_mixin.py:109} INFO - [2022-04-13 09:08:56,383] {dag.py:2398} INFO - Sync 1 DAGs
[2022-04-13 09:08:56,403] {logging_mixin.py:109} INFO - [2022-04-13 09:08:56,403] {dag.py:2937} INFO - Setting next_dagrun for example_skip_dag to 2022-04-12T09:08:56.403371+00:00
[2022-04-13 09:08:56,416] {processor.py:171} INFO - Processing /home/airflow/.local/lib/python3.7/site-packages/airflow/example_dags/example_skip_dag.py took 0.086 seconds
[2022-04-13 09:09:27,990] {processor.py:163} INFO - Started process (PID=436) to work on /home/airflow/.local/lib/python3.7/site-packages/airflow/example_dags/example_skip_dag.py
[2022-04-13 09:09:27,991] {processor.py:642} INFO - Processing file /home/airflow/.local/lib/python3.7/site-packages/airflow/example_dags/example_skip_dag.py for tasks to queue
[2022-04-13 09:09:27,991] {logging_mixin.py:109} INFO - [2022-04-13 09:09:27,991] {dagbag.py:500} INFO - Filling up the DagBag from /home/airflow/.local/lib/python3.7/site-packages/airflow/example_dags/example_skip_dag.py
[2022-04-13 09:09:28,010] {processor.py:652} INFO - DAG(s) dict_keys(['example_skip_dag']) retrieved from /home/airflow/.local/lib/python3.7/site-packages/airflow/example_dags/example_skip_dag.py
[2022-04-13 09:09:28,038] {logging_mixin.py:109} INFO - [2022-04-13 09:09:28,038] {dag.py:2398} INFO - Sync 1 DAGs
[2022-04-13 09:09:28,061] {logging_mixin.py:109} INFO - [2022-04-13 09:09:28,061] {dag.py:2937} INFO - Setting next_dagrun for example_skip_dag to 2022-04-12T09:09:28.061132+00:00
[2022-04-13 09:09:28,077] {processor.py:171} INFO - Processing /home/airflow/.local/lib/python3.7/site-packages/airflow/example_dags/example_skip_dag.py took 0.089 seconds
[2022-04-13 09:09:59,071] {processor.py:163} INFO - Started process (PID=487) to work on /home/airflow/.local/lib/python3.7/site-packages/airflow/example_dags/example_skip_dag.py
[2022-04-13 09:09:59,073] {processor.py:642} INFO - Processing file /home/airflow/.local/lib/python3.7/site-packages/airflow/example_dags/example_skip_dag.py for tasks to queue
[2022-04-13 09:09:59,074] {logging_mixin.py:109} INFO - [2022-04-13 09:09:59,074] {dagbag.py:500} INFO - Filling up the DagBag from /home/airflow/.local/lib/python3.7/site-packages/airflow/example_dags/example_skip_dag.py
[2022-04-13 09:09:59,096] {processor.py:652} INFO - DAG(s) dict_keys(['example_skip_dag']) retrieved from /home/airflow/.local/lib/python3.7/site-packages/airflow/example_dags/example_skip_dag.py
[2022-04-13 09:09:59,130] {logging_mixin.py:109} INFO - [2022-04-13 09:09:59,129] {dag.py:2398} INFO - Sync 1 DAGs
[2022-04-13 09:09:59,149] {logging_mixin.py:109} INFO - [2022-04-13 09:09:59,149] {dag.py:2937} INFO - Setting next_dagrun for example_skip_dag to 2022-04-12T09:09:59.149045+00:00
[2022-04-13 09:09:59,162] {processor.py:171} INFO - Processing /home/airflow/.local/lib/python3.7/site-packages/airflow/example_dags/example_skip_dag.py took 0.093 seconds
[2022-04-13 09:10:30,281] {processor.py:163} INFO - Started process (PID=547) to work on /home/airflow/.local/lib/python3.7/site-packages/airflow/example_dags/example_skip_dag.py
[2022-04-13 09:10:30,283] {processor.py:642} INFO - Processing file /home/airflow/.local/lib/python3.7/site-packages/airflow/example_dags/example_skip_dag.py for tasks to queue
[2022-04-13 09:10:30,284] {logging_mixin.py:109} INFO - [2022-04-13 09:10:30,284] {dagbag.py:500} INFO - Filling up the DagBag from /home/airflow/.local/lib/python3.7/site-packages/airflow/example_dags/example_skip_dag.py
[2022-04-13 09:10:30,305] {processor.py:652} INFO - DAG(s) dict_keys(['example_skip_dag']) retrieved from /home/airflow/.local/lib/python3.7/site-packages/airflow/example_dags/example_skip_dag.py
[2022-04-13 09:10:30,338] {logging_mixin.py:109} INFO - [2022-04-13 09:10:30,338] {dag.py:2398} INFO - Sync 1 DAGs
[2022-04-13 09:10:30,373] {logging_mixin.py:109} INFO - [2022-04-13 09:10:30,373] {dag.py:2937} INFO - Setting next_dagrun for example_skip_dag to 2022-04-12T09:10:30.372932+00:00
[2022-04-13 09:10:30,390] {processor.py:171} INFO - Processing /home/airflow/.local/lib/python3.7/site-packages/airflow/example_dags/example_skip_dag.py took 0.112 seconds
[2022-04-13 09:11:01,424] {processor.py:163} INFO - Started process (PID=598) to work on /home/airflow/.local/lib/python3.7/site-packages/airflow/example_dags/example_skip_dag.py
[2022-04-13 09:11:01,425] {processor.py:642} INFO - Processing file /home/airflow/.local/lib/python3.7/site-packages/airflow/example_dags/example_skip_dag.py for tasks to queue
[2022-04-13 09:11:01,426] {logging_mixin.py:109} INFO - [2022-04-13 09:11:01,426] {dagbag.py:500} INFO - Filling up the DagBag from /home/airflow/.local/lib/python3.7/site-packages/airflow/example_dags/example_skip_dag.py
[2022-04-13 09:11:01,440] {processor.py:652} INFO - DAG(s) dict_keys(['example_skip_dag']) retrieved from /home/airflow/.local/lib/python3.7/site-packages/airflow/example_dags/example_skip_dag.py
[2022-04-13 09:11:01,467] {logging_mixin.py:109} INFO - [2022-04-13 09:11:01,467] {dag.py:2398} INFO - Sync 1 DAGs
[2022-04-13 09:11:01,490] {logging_mixin.py:109} INFO - [2022-04-13 09:11:01,489] {dag.py:2937} INFO - Setting next_dagrun for example_skip_dag to 2022-04-12T09:11:01.489484+00:00
[2022-04-13 09:11:01,505] {processor.py:171} INFO - Processing /home/airflow/.local/lib/python3.7/site-packages/airflow/example_dags/example_skip_dag.py took 0.083 seconds
[2022-04-13 09:11:32,194] {processor.py:163} INFO - Started process (PID=648) to work on /home/airflow/.local/lib/python3.7/site-packages/airflow/example_dags/example_skip_dag.py
[2022-04-13 09:11:32,195] {processor.py:642} INFO - Processing file /home/airflow/.local/lib/python3.7/site-packages/airflow/example_dags/example_skip_dag.py for tasks to queue
[2022-04-13 09:11:32,196] {logging_mixin.py:109} INFO - [2022-04-13 09:11:32,196] {dagbag.py:500} INFO - Filling up the DagBag from /home/airflow/.local/lib/python3.7/site-packages/airflow/example_dags/example_skip_dag.py
[2022-04-13 09:11:32,211] {processor.py:652} INFO - DAG(s) dict_keys(['example_skip_dag']) retrieved from /home/airflow/.local/lib/python3.7/site-packages/airflow/example_dags/example_skip_dag.py
[2022-04-13 09:11:32,247] {logging_mixin.py:109} INFO - [2022-04-13 09:11:32,247] {dag.py:2398} INFO - Sync 1 DAGs
[2022-04-13 09:11:32,270] {logging_mixin.py:109} INFO - [2022-04-13 09:11:32,270] {dag.py:2937} INFO - Setting next_dagrun for example_skip_dag to 2022-04-12T09:11:32.270527+00:00
[2022-04-13 09:11:32,288] {processor.py:171} INFO - Processing /home/airflow/.local/lib/python3.7/site-packages/airflow/example_dags/example_skip_dag.py took 0.096 seconds
[2022-04-13 09:12:03,478] {processor.py:163} INFO - Started process (PID=709) to work on /home/airflow/.local/lib/python3.7/site-packages/airflow/example_dags/example_skip_dag.py
[2022-04-13 09:12:03,480] {processor.py:642} INFO - Processing file /home/airflow/.local/lib/python3.7/site-packages/airflow/example_dags/example_skip_dag.py for tasks to queue
[2022-04-13 09:12:03,481] {logging_mixin.py:109} INFO - [2022-04-13 09:12:03,480] {dagbag.py:500} INFO - Filling up the DagBag from /home/airflow/.local/lib/python3.7/site-packages/airflow/example_dags/example_skip_dag.py
[2022-04-13 09:12:03,497] {processor.py:652} INFO - DAG(s) dict_keys(['example_skip_dag']) retrieved from /home/airflow/.local/lib/python3.7/site-packages/airflow/example_dags/example_skip_dag.py
[2022-04-13 09:12:03,521] {logging_mixin.py:109} INFO - [2022-04-13 09:12:03,521] {dag.py:2398} INFO - Sync 1 DAGs
[2022-04-13 09:12:03,543] {logging_mixin.py:109} INFO - [2022-04-13 09:12:03,542] {dag.py:2937} INFO - Setting next_dagrun for example_skip_dag to 2022-04-12T09:12:03.542636+00:00
[2022-04-13 09:12:03,559] {processor.py:171} INFO - Processing /home/airflow/.local/lib/python3.7/site-packages/airflow/example_dags/example_skip_dag.py took 0.085 seconds
[2022-04-13 09:12:34,828] {processor.py:163} INFO - Started process (PID=761) to work on /home/airflow/.local/lib/python3.7/site-packages/airflow/example_dags/example_skip_dag.py
[2022-04-13 09:12:34,830] {processor.py:642} INFO - Processing file /home/airflow/.local/lib/python3.7/site-packages/airflow/example_dags/example_skip_dag.py for tasks to queue
[2022-04-13 09:12:34,830] {logging_mixin.py:109} INFO - [2022-04-13 09:12:34,830] {dagbag.py:500} INFO - Filling up the DagBag from /home/airflow/.local/lib/python3.7/site-packages/airflow/example_dags/example_skip_dag.py
[2022-04-13 09:12:34,853] {processor.py:652} INFO - DAG(s) dict_keys(['example_skip_dag']) retrieved from /home/airflow/.local/lib/python3.7/site-packages/airflow/example_dags/example_skip_dag.py
[2022-04-13 09:12:34,886] {logging_mixin.py:109} INFO - [2022-04-13 09:12:34,886] {dag.py:2398} INFO - Sync 1 DAGs
[2022-04-13 09:12:34,910] {logging_mixin.py:109} INFO - [2022-04-13 09:12:34,910] {dag.py:2937} INFO - Setting next_dagrun for example_skip_dag to 2022-04-12T09:12:34.909746+00:00
[2022-04-13 09:12:34,928] {processor.py:171} INFO - Processing /home/airflow/.local/lib/python3.7/site-packages/airflow/example_dags/example_skip_dag.py took 0.104 seconds
[2022-04-13 09:13:05,971] {processor.py:163} INFO - Started process (PID=811) to work on /home/airflow/.local/lib/python3.7/site-packages/airflow/example_dags/example_skip_dag.py
[2022-04-13 09:13:05,974] {processor.py:642} INFO - Processing file /home/airflow/.local/lib/python3.7/site-packages/airflow/example_dags/example_skip_dag.py for tasks to queue
[2022-04-13 09:13:05,975] {logging_mixin.py:109} INFO - [2022-04-13 09:13:05,975] {dagbag.py:500} INFO - Filling up the DagBag from /home/airflow/.local/lib/python3.7/site-packages/airflow/example_dags/example_skip_dag.py
[2022-04-13 09:13:05,993] {processor.py:652} INFO - DAG(s) dict_keys(['example_skip_dag']) retrieved from /home/airflow/.local/lib/python3.7/site-packages/airflow/example_dags/example_skip_dag.py
[2022-04-13 09:13:06,024] {logging_mixin.py:109} INFO - [2022-04-13 09:13:06,024] {dag.py:2398} INFO - Sync 1 DAGs
[2022-04-13 09:13:06,050] {logging_mixin.py:109} INFO - [2022-04-13 09:13:06,050] {dag.py:2937} INFO - Setting next_dagrun for example_skip_dag to 2022-04-12T09:13:06.050144+00:00
[2022-04-13 09:13:06,068] {processor.py:171} INFO - Processing /home/airflow/.local/lib/python3.7/site-packages/airflow/example_dags/example_skip_dag.py took 0.101 seconds
[2022-04-13 09:13:37,259] {processor.py:163} INFO - Started process (PID=872) to work on /home/airflow/.local/lib/python3.7/site-packages/airflow/example_dags/example_skip_dag.py
[2022-04-13 09:13:37,261] {processor.py:642} INFO - Processing file /home/airflow/.local/lib/python3.7/site-packages/airflow/example_dags/example_skip_dag.py for tasks to queue
[2022-04-13 09:13:37,261] {logging_mixin.py:109} INFO - [2022-04-13 09:13:37,261] {dagbag.py:500} INFO - Filling up the DagBag from /home/airflow/.local/lib/python3.7/site-packages/airflow/example_dags/example_skip_dag.py
[2022-04-13 09:13:37,274] {processor.py:652} INFO - DAG(s) dict_keys(['example_skip_dag']) retrieved from /home/airflow/.local/lib/python3.7/site-packages/airflow/example_dags/example_skip_dag.py
[2022-04-13 09:13:37,300] {logging_mixin.py:109} INFO - [2022-04-13 09:13:37,299] {dag.py:2398} INFO - Sync 1 DAGs
[2022-04-13 09:13:37,319] {logging_mixin.py:109} INFO - [2022-04-13 09:13:37,318] {dag.py:2937} INFO - Setting next_dagrun for example_skip_dag to 2022-04-12T09:13:37.318679+00:00
[2022-04-13 09:13:37,331] {processor.py:171} INFO - Processing /home/airflow/.local/lib/python3.7/site-packages/airflow/example_dags/example_skip_dag.py took 0.074 seconds
[2022-04-13 09:14:08,167] {processor.py:163} INFO - Started process (PID=923) to work on /home/airflow/.local/lib/python3.7/site-packages/airflow/example_dags/example_skip_dag.py
[2022-04-13 09:14:08,168] {processor.py:642} INFO - Processing file /home/airflow/.local/lib/python3.7/site-packages/airflow/example_dags/example_skip_dag.py for tasks to queue
[2022-04-13 09:14:08,168] {logging_mixin.py:109} INFO - [2022-04-13 09:14:08,168] {dagbag.py:500} INFO - Filling up the DagBag from /home/airflow/.local/lib/python3.7/site-packages/airflow/example_dags/example_skip_dag.py
[2022-04-13 09:14:08,183] {processor.py:652} INFO - DAG(s) dict_keys(['example_skip_dag']) retrieved from /home/airflow/.local/lib/python3.7/site-packages/airflow/example_dags/example_skip_dag.py
[2022-04-13 09:14:08,213] {logging_mixin.py:109} INFO - [2022-04-13 09:14:08,213] {dag.py:2398} INFO - Sync 1 DAGs
[2022-04-13 09:14:08,237] {logging_mixin.py:109} INFO - [2022-04-13 09:14:08,237] {dag.py:2937} INFO - Setting next_dagrun for example_skip_dag to 2022-04-12T09:14:08.237143+00:00
[2022-04-13 09:14:08,256] {processor.py:171} INFO - Processing /home/airflow/.local/lib/python3.7/site-packages/airflow/example_dags/example_skip_dag.py took 0.093 seconds
[2022-04-13 09:14:39,259] {processor.py:163} INFO - Started process (PID=983) to work on /home/airflow/.local/lib/python3.7/site-packages/airflow/example_dags/example_skip_dag.py
[2022-04-13 09:14:39,261] {processor.py:642} INFO - Processing file /home/airflow/.local/lib/python3.7/site-packages/airflow/example_dags/example_skip_dag.py for tasks to queue
[2022-04-13 09:14:39,262] {logging_mixin.py:109} INFO - [2022-04-13 09:14:39,262] {dagbag.py:500} INFO - Filling up the DagBag from /home/airflow/.local/lib/python3.7/site-packages/airflow/example_dags/example_skip_dag.py
[2022-04-13 09:14:39,280] {processor.py:652} INFO - DAG(s) dict_keys(['example_skip_dag']) retrieved from /home/airflow/.local/lib/python3.7/site-packages/airflow/example_dags/example_skip_dag.py
[2022-04-13 09:14:39,312] {logging_mixin.py:109} INFO - [2022-04-13 09:14:39,311] {dag.py:2398} INFO - Sync 1 DAGs
[2022-04-13 09:14:39,333] {logging_mixin.py:109} INFO - [2022-04-13 09:14:39,333] {dag.py:2937} INFO - Setting next_dagrun for example_skip_dag to 2022-04-12T09:14:39.332990+00:00
[2022-04-13 09:14:39,347] {processor.py:171} INFO - Processing /home/airflow/.local/lib/python3.7/site-packages/airflow/example_dags/example_skip_dag.py took 0.091 seconds
[2022-04-13 09:15:10,502] {processor.py:163} INFO - Started process (PID=1033) to work on /home/airflow/.local/lib/python3.7/site-packages/airflow/example_dags/example_skip_dag.py
[2022-04-13 09:15:10,505] {processor.py:642} INFO - Processing file /home/airflow/.local/lib/python3.7/site-packages/airflow/example_dags/example_skip_dag.py for tasks to queue
[2022-04-13 09:15:10,506] {logging_mixin.py:109} INFO - [2022-04-13 09:15:10,506] {dagbag.py:500} INFO - Filling up the DagBag from /home/airflow/.local/lib/python3.7/site-packages/airflow/example_dags/example_skip_dag.py
[2022-04-13 09:15:10,526] {processor.py:652} INFO - DAG(s) dict_keys(['example_skip_dag']) retrieved from /home/airflow/.local/lib/python3.7/site-packages/airflow/example_dags/example_skip_dag.py
[2022-04-13 09:15:10,558] {logging_mixin.py:109} INFO - [2022-04-13 09:15:10,558] {dag.py:2398} INFO - Sync 1 DAGs
[2022-04-13 09:15:10,587] {logging_mixin.py:109} INFO - [2022-04-13 09:15:10,586] {dag.py:2937} INFO - Setting next_dagrun for example_skip_dag to 2022-04-12T09:15:10.586413+00:00
[2022-04-13 09:15:10,604] {processor.py:171} INFO - Processing /home/airflow/.local/lib/python3.7/site-packages/airflow/example_dags/example_skip_dag.py took 0.104 seconds
[2022-04-13 09:15:41,457] {processor.py:163} INFO - Started process (PID=1083) to work on /home/airflow/.local/lib/python3.7/site-packages/airflow/example_dags/example_skip_dag.py
[2022-04-13 09:15:41,459] {processor.py:642} INFO - Processing file /home/airflow/.local/lib/python3.7/site-packages/airflow/example_dags/example_skip_dag.py for tasks to queue
[2022-04-13 09:15:41,460] {logging_mixin.py:109} INFO - [2022-04-13 09:15:41,460] {dagbag.py:500} INFO - Filling up the DagBag from /home/airflow/.local/lib/python3.7/site-packages/airflow/example_dags/example_skip_dag.py
[2022-04-13 09:15:41,479] {processor.py:652} INFO - DAG(s) dict_keys(['example_skip_dag']) retrieved from /home/airflow/.local/lib/python3.7/site-packages/airflow/example_dags/example_skip_dag.py
[2022-04-13 09:15:41,510] {logging_mixin.py:109} INFO - [2022-04-13 09:15:41,510] {dag.py:2398} INFO - Sync 1 DAGs
[2022-04-13 09:15:41,537] {logging_mixin.py:109} INFO - [2022-04-13 09:15:41,537] {dag.py:2937} INFO - Setting next_dagrun for example_skip_dag to 2022-04-12T09:15:41.536777+00:00
[2022-04-13 09:15:41,555] {processor.py:171} INFO - Processing /home/airflow/.local/lib/python3.7/site-packages/airflow/example_dags/example_skip_dag.py took 0.101 seconds
[2022-04-13 09:16:12,565] {processor.py:163} INFO - Started process (PID=1143) to work on /home/airflow/.local/lib/python3.7/site-packages/airflow/example_dags/example_skip_dag.py
[2022-04-13 09:16:12,566] {processor.py:642} INFO - Processing file /home/airflow/.local/lib/python3.7/site-packages/airflow/example_dags/example_skip_dag.py for tasks to queue
[2022-04-13 09:16:12,567] {logging_mixin.py:109} INFO - [2022-04-13 09:16:12,567] {dagbag.py:500} INFO - Filling up the DagBag from /home/airflow/.local/lib/python3.7/site-packages/airflow/example_dags/example_skip_dag.py
[2022-04-13 09:16:12,586] {processor.py:652} INFO - DAG(s) dict_keys(['example_skip_dag']) retrieved from /home/airflow/.local/lib/python3.7/site-packages/airflow/example_dags/example_skip_dag.py
[2022-04-13 09:16:12,616] {logging_mixin.py:109} INFO - [2022-04-13 09:16:12,616] {dag.py:2398} INFO - Sync 1 DAGs
[2022-04-13 09:16:12,639] {logging_mixin.py:109} INFO - [2022-04-13 09:16:12,639] {dag.py:2937} INFO - Setting next_dagrun for example_skip_dag to 2022-04-12T09:16:12.639140+00:00
[2022-04-13 09:16:12,654] {processor.py:171} INFO - Processing /home/airflow/.local/lib/python3.7/site-packages/airflow/example_dags/example_skip_dag.py took 0.092 seconds
[2022-04-13 09:16:43,221] {processor.py:163} INFO - Started process (PID=1195) to work on /home/airflow/.local/lib/python3.7/site-packages/airflow/example_dags/example_skip_dag.py
[2022-04-13 09:16:43,222] {processor.py:642} INFO - Processing file /home/airflow/.local/lib/python3.7/site-packages/airflow/example_dags/example_skip_dag.py for tasks to queue
[2022-04-13 09:16:43,223] {logging_mixin.py:109} INFO - [2022-04-13 09:16:43,223] {dagbag.py:500} INFO - Filling up the DagBag from /home/airflow/.local/lib/python3.7/site-packages/airflow/example_dags/example_skip_dag.py
[2022-04-13 09:16:43,242] {processor.py:652} INFO - DAG(s) dict_keys(['example_skip_dag']) retrieved from /home/airflow/.local/lib/python3.7/site-packages/airflow/example_dags/example_skip_dag.py
[2022-04-13 09:16:43,273] {logging_mixin.py:109} INFO - [2022-04-13 09:16:43,273] {dag.py:2398} INFO - Sync 1 DAGs
[2022-04-13 09:16:43,300] {logging_mixin.py:109} INFO - [2022-04-13 09:16:43,300] {dag.py:2937} INFO - Setting next_dagrun for example_skip_dag to 2022-04-12T09:16:43.300453+00:00
[2022-04-13 09:16:43,317] {processor.py:171} INFO - Processing /home/airflow/.local/lib/python3.7/site-packages/airflow/example_dags/example_skip_dag.py took 0.100 seconds
[2022-04-13 09:17:14,456] {processor.py:163} INFO - Started process (PID=1246) to work on /home/airflow/.local/lib/python3.7/site-packages/airflow/example_dags/example_skip_dag.py
[2022-04-13 09:17:14,457] {processor.py:642} INFO - Processing file /home/airflow/.local/lib/python3.7/site-packages/airflow/example_dags/example_skip_dag.py for tasks to queue
[2022-04-13 09:17:14,457] {logging_mixin.py:109} INFO - [2022-04-13 09:17:14,457] {dagbag.py:500} INFO - Filling up the DagBag from /home/airflow/.local/lib/python3.7/site-packages/airflow/example_dags/example_skip_dag.py
[2022-04-13 09:17:14,477] {processor.py:652} INFO - DAG(s) dict_keys(['example_skip_dag']) retrieved from /home/airflow/.local/lib/python3.7/site-packages/airflow/example_dags/example_skip_dag.py
[2022-04-13 09:17:14,512] {logging_mixin.py:109} INFO - [2022-04-13 09:17:14,512] {dag.py:2398} INFO - Sync 1 DAGs
[2022-04-13 09:17:14,540] {logging_mixin.py:109} INFO - [2022-04-13 09:17:14,540] {dag.py:2937} INFO - Setting next_dagrun for example_skip_dag to 2022-04-12T09:17:14.540198+00:00
[2022-04-13 09:17:14,557] {processor.py:171} INFO - Processing /home/airflow/.local/lib/python3.7/site-packages/airflow/example_dags/example_skip_dag.py took 0.105 seconds
[2022-04-13 09:17:45,719] {processor.py:163} INFO - Started process (PID=1307) to work on /home/airflow/.local/lib/python3.7/site-packages/airflow/example_dags/example_skip_dag.py
[2022-04-13 09:17:45,720] {processor.py:642} INFO - Processing file /home/airflow/.local/lib/python3.7/site-packages/airflow/example_dags/example_skip_dag.py for tasks to queue
[2022-04-13 09:17:45,720] {logging_mixin.py:109} INFO - [2022-04-13 09:17:45,720] {dagbag.py:500} INFO - Filling up the DagBag from /home/airflow/.local/lib/python3.7/site-packages/airflow/example_dags/example_skip_dag.py
[2022-04-13 09:17:45,734] {processor.py:652} INFO - DAG(s) dict_keys(['example_skip_dag']) retrieved from /home/airflow/.local/lib/python3.7/site-packages/airflow/example_dags/example_skip_dag.py
[2022-04-13 09:17:45,759] {logging_mixin.py:109} INFO - [2022-04-13 09:17:45,759] {dag.py:2398} INFO - Sync 1 DAGs
[2022-04-13 09:17:45,781] {logging_mixin.py:109} INFO - [2022-04-13 09:17:45,780] {dag.py:2937} INFO - Setting next_dagrun for example_skip_dag to 2022-04-12T09:17:45.780537+00:00
[2022-04-13 09:17:45,795] {processor.py:171} INFO - Processing /home/airflow/.local/lib/python3.7/site-packages/airflow/example_dags/example_skip_dag.py took 0.079 seconds
[2022-04-13 09:18:16,682] {processor.py:163} INFO - Started process (PID=1357) to work on /home/airflow/.local/lib/python3.7/site-packages/airflow/example_dags/example_skip_dag.py
[2022-04-13 09:18:16,683] {processor.py:642} INFO - Processing file /home/airflow/.local/lib/python3.7/site-packages/airflow/example_dags/example_skip_dag.py for tasks to queue
[2022-04-13 09:18:16,685] {logging_mixin.py:109} INFO - [2022-04-13 09:18:16,685] {dagbag.py:500} INFO - Filling up the DagBag from /home/airflow/.local/lib/python3.7/site-packages/airflow/example_dags/example_skip_dag.py
[2022-04-13 09:18:16,704] {processor.py:652} INFO - DAG(s) dict_keys(['example_skip_dag']) retrieved from /home/airflow/.local/lib/python3.7/site-packages/airflow/example_dags/example_skip_dag.py
[2022-04-13 09:18:16,758] {logging_mixin.py:109} INFO - [2022-04-13 09:18:16,758] {dag.py:2398} INFO - Sync 1 DAGs
[2022-04-13 09:18:16,790] {logging_mixin.py:109} INFO - [2022-04-13 09:18:16,789] {dag.py:2937} INFO - Setting next_dagrun for example_skip_dag to 2022-04-12T09:18:16.789411+00:00
[2022-04-13 09:18:16,817] {processor.py:171} INFO - Processing /home/airflow/.local/lib/python3.7/site-packages/airflow/example_dags/example_skip_dag.py took 0.141 seconds
[2022-04-13 09:18:48,193] {processor.py:163} INFO - Started process (PID=1416) to work on /home/airflow/.local/lib/python3.7/site-packages/airflow/example_dags/example_skip_dag.py
[2022-04-13 09:18:48,195] {processor.py:642} INFO - Processing file /home/airflow/.local/lib/python3.7/site-packages/airflow/example_dags/example_skip_dag.py for tasks to queue
[2022-04-13 09:18:48,195] {logging_mixin.py:109} INFO - [2022-04-13 09:18:48,195] {dagbag.py:500} INFO - Filling up the DagBag from /home/airflow/.local/lib/python3.7/site-packages/airflow/example_dags/example_skip_dag.py
[2022-04-13 09:18:48,215] {processor.py:652} INFO - DAG(s) dict_keys(['example_skip_dag']) retrieved from /home/airflow/.local/lib/python3.7/site-packages/airflow/example_dags/example_skip_dag.py
[2022-04-13 09:18:48,247] {logging_mixin.py:109} INFO - [2022-04-13 09:18:48,247] {dag.py:2398} INFO - Sync 1 DAGs
[2022-04-13 09:18:48,273] {logging_mixin.py:109} INFO - [2022-04-13 09:18:48,273] {dag.py:2937} INFO - Setting next_dagrun for example_skip_dag to 2022-04-12T09:18:48.272575+00:00
[2022-04-13 09:18:48,293] {processor.py:171} INFO - Processing /home/airflow/.local/lib/python3.7/site-packages/airflow/example_dags/example_skip_dag.py took 0.105 seconds
[2022-04-13 09:19:19,369] {processor.py:163} INFO - Started process (PID=1469) to work on /home/airflow/.local/lib/python3.7/site-packages/airflow/example_dags/example_skip_dag.py
[2022-04-13 09:19:19,370] {processor.py:642} INFO - Processing file /home/airflow/.local/lib/python3.7/site-packages/airflow/example_dags/example_skip_dag.py for tasks to queue
[2022-04-13 09:19:19,370] {logging_mixin.py:109} INFO - [2022-04-13 09:19:19,370] {dagbag.py:500} INFO - Filling up the DagBag from /home/airflow/.local/lib/python3.7/site-packages/airflow/example_dags/example_skip_dag.py
[2022-04-13 09:19:19,387] {processor.py:652} INFO - DAG(s) dict_keys(['example_skip_dag']) retrieved from /home/airflow/.local/lib/python3.7/site-packages/airflow/example_dags/example_skip_dag.py
[2022-04-13 09:19:19,411] {logging_mixin.py:109} INFO - [2022-04-13 09:19:19,411] {dag.py:2398} INFO - Sync 1 DAGs
[2022-04-13 09:19:19,433] {logging_mixin.py:109} INFO - [2022-04-13 09:19:19,432] {dag.py:2937} INFO - Setting next_dagrun for example_skip_dag to 2022-04-12T09:19:19.432622+00:00
[2022-04-13 09:19:19,447] {processor.py:171} INFO - Processing /home/airflow/.local/lib/python3.7/site-packages/airflow/example_dags/example_skip_dag.py took 0.081 seconds
[2022-04-13 09:19:49,971] {processor.py:163} INFO - Started process (PID=1520) to work on /home/airflow/.local/lib/python3.7/site-packages/airflow/example_dags/example_skip_dag.py
[2022-04-13 09:19:49,972] {processor.py:642} INFO - Processing file /home/airflow/.local/lib/python3.7/site-packages/airflow/example_dags/example_skip_dag.py for tasks to queue
[2022-04-13 09:19:49,973] {logging_mixin.py:109} INFO - [2022-04-13 09:19:49,973] {dagbag.py:500} INFO - Filling up the DagBag from /home/airflow/.local/lib/python3.7/site-packages/airflow/example_dags/example_skip_dag.py
[2022-04-13 09:19:50,000] {processor.py:652} INFO - DAG(s) dict_keys(['example_skip_dag']) retrieved from /home/airflow/.local/lib/python3.7/site-packages/airflow/example_dags/example_skip_dag.py
[2022-04-13 09:19:50,041] {logging_mixin.py:109} INFO - [2022-04-13 09:19:50,041] {dag.py:2398} INFO - Sync 1 DAGs
[2022-04-13 09:19:50,066] {logging_mixin.py:109} INFO - [2022-04-13 09:19:50,066] {dag.py:2937} INFO - Setting next_dagrun for example_skip_dag to 2022-04-12T09:19:50.065838+00:00
[2022-04-13 09:19:50,085] {processor.py:171} INFO - Processing /home/airflow/.local/lib/python3.7/site-packages/airflow/example_dags/example_skip_dag.py took 0.117 seconds
[2022-04-13 09:20:21,268] {processor.py:163} INFO - Started process (PID=1581) to work on /home/airflow/.local/lib/python3.7/site-packages/airflow/example_dags/example_skip_dag.py
[2022-04-13 09:20:21,270] {processor.py:642} INFO - Processing file /home/airflow/.local/lib/python3.7/site-packages/airflow/example_dags/example_skip_dag.py for tasks to queue
[2022-04-13 09:20:21,270] {logging_mixin.py:109} INFO - [2022-04-13 09:20:21,270] {dagbag.py:500} INFO - Filling up the DagBag from /home/airflow/.local/lib/python3.7/site-packages/airflow/example_dags/example_skip_dag.py
[2022-04-13 09:20:21,286] {processor.py:652} INFO - DAG(s) dict_keys(['example_skip_dag']) retrieved from /home/airflow/.local/lib/python3.7/site-packages/airflow/example_dags/example_skip_dag.py
[2022-04-13 09:20:21,314] {logging_mixin.py:109} INFO - [2022-04-13 09:20:21,314] {dag.py:2398} INFO - Sync 1 DAGs
[2022-04-13 09:20:21,339] {logging_mixin.py:109} INFO - [2022-04-13 09:20:21,338] {dag.py:2937} INFO - Setting next_dagrun for example_skip_dag to 2022-04-12T09:20:21.338495+00:00
[2022-04-13 09:20:21,363] {processor.py:171} INFO - Processing /home/airflow/.local/lib/python3.7/site-packages/airflow/example_dags/example_skip_dag.py took 0.098 seconds
[2022-04-13 09:20:52,465] {processor.py:163} INFO - Started process (PID=1633) to work on /home/airflow/.local/lib/python3.7/site-packages/airflow/example_dags/example_skip_dag.py
[2022-04-13 09:20:52,469] {processor.py:642} INFO - Processing file /home/airflow/.local/lib/python3.7/site-packages/airflow/example_dags/example_skip_dag.py for tasks to queue
[2022-04-13 09:20:52,470] {logging_mixin.py:109} INFO - [2022-04-13 09:20:52,469] {dagbag.py:500} INFO - Filling up the DagBag from /home/airflow/.local/lib/python3.7/site-packages/airflow/example_dags/example_skip_dag.py
[2022-04-13 09:20:52,487] {processor.py:652} INFO - DAG(s) dict_keys(['example_skip_dag']) retrieved from /home/airflow/.local/lib/python3.7/site-packages/airflow/example_dags/example_skip_dag.py
[2022-04-13 09:20:52,528] {logging_mixin.py:109} INFO - [2022-04-13 09:20:52,528] {dag.py:2398} INFO - Sync 1 DAGs
[2022-04-13 09:20:52,550] {logging_mixin.py:109} INFO - [2022-04-13 09:20:52,550] {dag.py:2937} INFO - Setting next_dagrun for example_skip_dag to 2022-04-12T09:20:52.550418+00:00
[2022-04-13 09:20:52,567] {processor.py:171} INFO - Processing /home/airflow/.local/lib/python3.7/site-packages/airflow/example_dags/example_skip_dag.py took 0.104 seconds
[2022-04-13 09:21:23,544] {processor.py:163} INFO - Started process (PID=1684) to work on /home/airflow/.local/lib/python3.7/site-packages/airflow/example_dags/example_skip_dag.py
[2022-04-13 09:21:23,546] {processor.py:642} INFO - Processing file /home/airflow/.local/lib/python3.7/site-packages/airflow/example_dags/example_skip_dag.py for tasks to queue
[2022-04-13 09:21:23,547] {logging_mixin.py:109} INFO - [2022-04-13 09:21:23,547] {dagbag.py:500} INFO - Filling up the DagBag from /home/airflow/.local/lib/python3.7/site-packages/airflow/example_dags/example_skip_dag.py
[2022-04-13 09:21:23,565] {processor.py:652} INFO - DAG(s) dict_keys(['example_skip_dag']) retrieved from /home/airflow/.local/lib/python3.7/site-packages/airflow/example_dags/example_skip_dag.py
[2022-04-13 09:21:23,633] {logging_mixin.py:109} INFO - [2022-04-13 09:21:23,633] {dag.py:2398} INFO - Sync 1 DAGs
[2022-04-13 09:21:23,669] {logging_mixin.py:109} INFO - [2022-04-13 09:21:23,669] {dag.py:2937} INFO - Setting next_dagrun for example_skip_dag to 2022-04-12T09:21:23.668717+00:00
[2022-04-13 09:21:23,689] {processor.py:171} INFO - Processing /home/airflow/.local/lib/python3.7/site-packages/airflow/example_dags/example_skip_dag.py took 0.148 seconds
[2022-04-13 09:21:54,716] {processor.py:163} INFO - Started process (PID=1744) to work on /home/airflow/.local/lib/python3.7/site-packages/airflow/example_dags/example_skip_dag.py
[2022-04-13 09:21:54,718] {processor.py:642} INFO - Processing file /home/airflow/.local/lib/python3.7/site-packages/airflow/example_dags/example_skip_dag.py for tasks to queue
[2022-04-13 09:21:54,719] {logging_mixin.py:109} INFO - [2022-04-13 09:21:54,719] {dagbag.py:500} INFO - Filling up the DagBag from /home/airflow/.local/lib/python3.7/site-packages/airflow/example_dags/example_skip_dag.py
[2022-04-13 09:21:54,739] {processor.py:652} INFO - DAG(s) dict_keys(['example_skip_dag']) retrieved from /home/airflow/.local/lib/python3.7/site-packages/airflow/example_dags/example_skip_dag.py
[2022-04-13 09:21:54,772] {logging_mixin.py:109} INFO - [2022-04-13 09:21:54,772] {dag.py:2398} INFO - Sync 1 DAGs
[2022-04-13 09:21:54,800] {logging_mixin.py:109} INFO - [2022-04-13 09:21:54,800] {dag.py:2937} INFO - Setting next_dagrun for example_skip_dag to 2022-04-12T09:21:54.799806+00:00
[2022-04-13 09:21:54,818] {processor.py:171} INFO - Processing /home/airflow/.local/lib/python3.7/site-packages/airflow/example_dags/example_skip_dag.py took 0.106 seconds
[2022-04-13 09:22:26,015] {processor.py:163} INFO - Started process (PID=1796) to work on /home/airflow/.local/lib/python3.7/site-packages/airflow/example_dags/example_skip_dag.py
[2022-04-13 09:22:26,016] {processor.py:642} INFO - Processing file /home/airflow/.local/lib/python3.7/site-packages/airflow/example_dags/example_skip_dag.py for tasks to queue
[2022-04-13 09:22:26,017] {logging_mixin.py:109} INFO - [2022-04-13 09:22:26,017] {dagbag.py:500} INFO - Filling up the DagBag from /home/airflow/.local/lib/python3.7/site-packages/airflow/example_dags/example_skip_dag.py
[2022-04-13 09:22:26,037] {processor.py:652} INFO - DAG(s) dict_keys(['example_skip_dag']) retrieved from /home/airflow/.local/lib/python3.7/site-packages/airflow/example_dags/example_skip_dag.py
[2022-04-13 09:22:26,064] {logging_mixin.py:109} INFO - [2022-04-13 09:22:26,064] {dag.py:2398} INFO - Sync 1 DAGs
[2022-04-13 09:22:26,099] {logging_mixin.py:109} INFO - [2022-04-13 09:22:26,099] {dag.py:2937} INFO - Setting next_dagrun for example_skip_dag to 2022-04-12T09:22:26.098862+00:00
[2022-04-13 09:22:26,120] {processor.py:171} INFO - Processing /home/airflow/.local/lib/python3.7/site-packages/airflow/example_dags/example_skip_dag.py took 0.108 seconds
[2022-04-13 09:22:57,549] {processor.py:163} INFO - Started process (PID=1848) to work on /home/airflow/.local/lib/python3.7/site-packages/airflow/example_dags/example_skip_dag.py
[2022-04-13 09:22:57,551] {processor.py:642} INFO - Processing file /home/airflow/.local/lib/python3.7/site-packages/airflow/example_dags/example_skip_dag.py for tasks to queue
[2022-04-13 09:22:57,552] {logging_mixin.py:109} INFO - [2022-04-13 09:22:57,552] {dagbag.py:500} INFO - Filling up the DagBag from /home/airflow/.local/lib/python3.7/site-packages/airflow/example_dags/example_skip_dag.py
[2022-04-13 09:22:57,577] {processor.py:652} INFO - DAG(s) dict_keys(['example_skip_dag']) retrieved from /home/airflow/.local/lib/python3.7/site-packages/airflow/example_dags/example_skip_dag.py
[2022-04-13 09:22:57,613] {logging_mixin.py:109} INFO - [2022-04-13 09:22:57,613] {dag.py:2398} INFO - Sync 1 DAGs
[2022-04-13 09:22:57,640] {logging_mixin.py:109} INFO - [2022-04-13 09:22:57,640] {dag.py:2937} INFO - Setting next_dagrun for example_skip_dag to 2022-04-12T09:22:57.640035+00:00
[2022-04-13 09:22:57,666] {processor.py:171} INFO - Processing /home/airflow/.local/lib/python3.7/site-packages/airflow/example_dags/example_skip_dag.py took 0.121 seconds
[2022-04-13 09:23:28,705] {processor.py:163} INFO - Started process (PID=1910) to work on /home/airflow/.local/lib/python3.7/site-packages/airflow/example_dags/example_skip_dag.py
[2022-04-13 09:23:28,706] {processor.py:642} INFO - Processing file /home/airflow/.local/lib/python3.7/site-packages/airflow/example_dags/example_skip_dag.py for tasks to queue
[2022-04-13 09:23:28,706] {logging_mixin.py:109} INFO - [2022-04-13 09:23:28,706] {dagbag.py:500} INFO - Filling up the DagBag from /home/airflow/.local/lib/python3.7/site-packages/airflow/example_dags/example_skip_dag.py
[2022-04-13 09:23:28,721] {processor.py:652} INFO - DAG(s) dict_keys(['example_skip_dag']) retrieved from /home/airflow/.local/lib/python3.7/site-packages/airflow/example_dags/example_skip_dag.py
[2022-04-13 09:23:28,747] {logging_mixin.py:109} INFO - [2022-04-13 09:23:28,747] {dag.py:2398} INFO - Sync 1 DAGs
[2022-04-13 09:23:28,770] {logging_mixin.py:109} INFO - [2022-04-13 09:23:28,770] {dag.py:2937} INFO - Setting next_dagrun for example_skip_dag to 2022-04-12T09:23:28.770139+00:00
[2022-04-13 09:23:28,787] {processor.py:171} INFO - Processing /home/airflow/.local/lib/python3.7/site-packages/airflow/example_dags/example_skip_dag.py took 0.085 seconds
[2022-04-13 09:23:59,513] {processor.py:163} INFO - Started process (PID=1960) to work on /home/airflow/.local/lib/python3.7/site-packages/airflow/example_dags/example_skip_dag.py
[2022-04-13 09:23:59,515] {processor.py:642} INFO - Processing file /home/airflow/.local/lib/python3.7/site-packages/airflow/example_dags/example_skip_dag.py for tasks to queue
[2022-04-13 09:23:59,515] {logging_mixin.py:109} INFO - [2022-04-13 09:23:59,515] {dagbag.py:500} INFO - Filling up the DagBag from /home/airflow/.local/lib/python3.7/site-packages/airflow/example_dags/example_skip_dag.py
[2022-04-13 09:23:59,532] {processor.py:652} INFO - DAG(s) dict_keys(['example_skip_dag']) retrieved from /home/airflow/.local/lib/python3.7/site-packages/airflow/example_dags/example_skip_dag.py
[2022-04-13 09:23:59,560] {logging_mixin.py:109} INFO - [2022-04-13 09:23:59,560] {dag.py:2398} INFO - Sync 1 DAGs
[2022-04-13 09:23:59,584] {logging_mixin.py:109} INFO - [2022-04-13 09:23:59,584] {dag.py:2937} INFO - Setting next_dagrun for example_skip_dag to 2022-04-12T09:23:59.583813+00:00
[2022-04-13 09:23:59,600] {processor.py:171} INFO - Processing /home/airflow/.local/lib/python3.7/site-packages/airflow/example_dags/example_skip_dag.py took 0.090 seconds
[2022-04-13 09:24:30,733] {processor.py:163} INFO - Started process (PID=2011) to work on /home/airflow/.local/lib/python3.7/site-packages/airflow/example_dags/example_skip_dag.py
[2022-04-13 09:24:30,735] {processor.py:642} INFO - Processing file /home/airflow/.local/lib/python3.7/site-packages/airflow/example_dags/example_skip_dag.py for tasks to queue
[2022-04-13 09:24:30,735] {logging_mixin.py:109} INFO - [2022-04-13 09:24:30,735] {dagbag.py:500} INFO - Filling up the DagBag from /home/airflow/.local/lib/python3.7/site-packages/airflow/example_dags/example_skip_dag.py
[2022-04-13 09:24:30,751] {processor.py:652} INFO - DAG(s) dict_keys(['example_skip_dag']) retrieved from /home/airflow/.local/lib/python3.7/site-packages/airflow/example_dags/example_skip_dag.py
[2022-04-13 09:24:30,777] {logging_mixin.py:109} INFO - [2022-04-13 09:24:30,777] {dag.py:2398} INFO - Sync 1 DAGs
[2022-04-13 09:24:30,799] {logging_mixin.py:109} INFO - [2022-04-13 09:24:30,799] {dag.py:2937} INFO - Setting next_dagrun for example_skip_dag to 2022-04-12T09:24:30.798791+00:00
[2022-04-13 09:24:30,814] {processor.py:171} INFO - Processing /home/airflow/.local/lib/python3.7/site-packages/airflow/example_dags/example_skip_dag.py took 0.084 seconds
[2022-04-13 09:25:02,151] {processor.py:163} INFO - Started process (PID=2073) to work on /home/airflow/.local/lib/python3.7/site-packages/airflow/example_dags/example_skip_dag.py
[2022-04-13 09:25:02,151] {processor.py:642} INFO - Processing file /home/airflow/.local/lib/python3.7/site-packages/airflow/example_dags/example_skip_dag.py for tasks to queue
[2022-04-13 09:25:02,152] {logging_mixin.py:109} INFO - [2022-04-13 09:25:02,152] {dagbag.py:500} INFO - Filling up the DagBag from /home/airflow/.local/lib/python3.7/site-packages/airflow/example_dags/example_skip_dag.py
[2022-04-13 09:25:02,165] {processor.py:652} INFO - DAG(s) dict_keys(['example_skip_dag']) retrieved from /home/airflow/.local/lib/python3.7/site-packages/airflow/example_dags/example_skip_dag.py
[2022-04-13 09:25:02,187] {logging_mixin.py:109} INFO - [2022-04-13 09:25:02,187] {dag.py:2398} INFO - Sync 1 DAGs
[2022-04-13 09:25:02,206] {logging_mixin.py:109} INFO - [2022-04-13 09:25:02,206] {dag.py:2937} INFO - Setting next_dagrun for example_skip_dag to 2022-04-12T09:25:02.206135+00:00
[2022-04-13 09:25:02,220] {processor.py:171} INFO - Processing /home/airflow/.local/lib/python3.7/site-packages/airflow/example_dags/example_skip_dag.py took 0.072 seconds
[2022-04-13 09:25:32,608] {processor.py:163} INFO - Started process (PID=2123) to work on /home/airflow/.local/lib/python3.7/site-packages/airflow/example_dags/example_skip_dag.py
[2022-04-13 09:25:32,610] {processor.py:642} INFO - Processing file /home/airflow/.local/lib/python3.7/site-packages/airflow/example_dags/example_skip_dag.py for tasks to queue
[2022-04-13 09:25:32,611] {logging_mixin.py:109} INFO - [2022-04-13 09:25:32,610] {dagbag.py:500} INFO - Filling up the DagBag from /home/airflow/.local/lib/python3.7/site-packages/airflow/example_dags/example_skip_dag.py
[2022-04-13 09:25:32,627] {processor.py:652} INFO - DAG(s) dict_keys(['example_skip_dag']) retrieved from /home/airflow/.local/lib/python3.7/site-packages/airflow/example_dags/example_skip_dag.py
[2022-04-13 09:25:32,655] {logging_mixin.py:109} INFO - [2022-04-13 09:25:32,655] {dag.py:2398} INFO - Sync 1 DAGs
[2022-04-13 09:25:32,678] {logging_mixin.py:109} INFO - [2022-04-13 09:25:32,678] {dag.py:2937} INFO - Setting next_dagrun for example_skip_dag to 2022-04-12T09:25:32.677893+00:00
[2022-04-13 09:25:32,692] {processor.py:171} INFO - Processing /home/airflow/.local/lib/python3.7/site-packages/airflow/example_dags/example_skip_dag.py took 0.086 seconds
[2022-04-13 09:26:03,747] {processor.py:163} INFO - Started process (PID=2174) to work on /home/airflow/.local/lib/python3.7/site-packages/airflow/example_dags/example_skip_dag.py
[2022-04-13 09:26:03,748] {processor.py:642} INFO - Processing file /home/airflow/.local/lib/python3.7/site-packages/airflow/example_dags/example_skip_dag.py for tasks to queue
[2022-04-13 09:26:03,749] {logging_mixin.py:109} INFO - [2022-04-13 09:26:03,749] {dagbag.py:500} INFO - Filling up the DagBag from /home/airflow/.local/lib/python3.7/site-packages/airflow/example_dags/example_skip_dag.py
[2022-04-13 09:26:03,774] {processor.py:652} INFO - DAG(s) dict_keys(['example_skip_dag']) retrieved from /home/airflow/.local/lib/python3.7/site-packages/airflow/example_dags/example_skip_dag.py
[2022-04-13 09:26:03,804] {logging_mixin.py:109} INFO - [2022-04-13 09:26:03,804] {dag.py:2398} INFO - Sync 1 DAGs
[2022-04-13 09:26:03,826] {logging_mixin.py:109} INFO - [2022-04-13 09:26:03,826] {dag.py:2937} INFO - Setting next_dagrun for example_skip_dag to 2022-04-12T09:26:03.826443+00:00
[2022-04-13 09:26:03,841] {processor.py:171} INFO - Processing /home/airflow/.local/lib/python3.7/site-packages/airflow/example_dags/example_skip_dag.py took 0.100 seconds
