[2022-04-13 08:46:45,144] {processor.py:163} INFO - Started process (PID=371) to work on /home/airflow/.local/lib/python3.7/site-packages/airflow/example_dags/example_trigger_controller_dag.py
[2022-04-13 08:46:45,145] {processor.py:642} INFO - Processing file /home/airflow/.local/lib/python3.7/site-packages/airflow/example_dags/example_trigger_controller_dag.py for tasks to queue
[2022-04-13 08:46:45,145] {logging_mixin.py:109} INFO - [2022-04-13 08:46:45,145] {dagbag.py:500} INFO - Filling up the DagBag from /home/airflow/.local/lib/python3.7/site-packages/airflow/example_dags/example_trigger_controller_dag.py
[2022-04-13 08:46:45,165] {processor.py:652} INFO - DAG(s) dict_keys(['example_trigger_controller_dag']) retrieved from /home/airflow/.local/lib/python3.7/site-packages/airflow/example_dags/example_trigger_controller_dag.py
[2022-04-13 08:46:47,315] {logging_mixin.py:109} INFO - [2022-04-13 08:46:47,315] {manager.py:496} INFO - Created Permission View: can read on DAG:example_trigger_controller_dag
[2022-04-13 08:46:47,328] {logging_mixin.py:109} INFO - [2022-04-13 08:46:47,328] {manager.py:496} INFO - Created Permission View: can edit on DAG:example_trigger_controller_dag
[2022-04-13 08:46:47,328] {logging_mixin.py:109} INFO - [2022-04-13 08:46:47,328] {dag.py:2398} INFO - Sync 1 DAGs
[2022-04-13 08:46:47,337] {logging_mixin.py:109} INFO - [2022-04-13 08:46:47,337] {dag.py:2417} INFO - Creating ORM DAG for example_trigger_controller_dag
[2022-04-13 08:46:47,347] {logging_mixin.py:109} INFO - [2022-04-13 08:46:47,346] {dag.py:2937} INFO - Setting next_dagrun for example_trigger_controller_dag to 2021-01-01T00:00:00+00:00
[2022-04-13 08:46:47,362] {processor.py:171} INFO - Processing /home/airflow/.local/lib/python3.7/site-packages/airflow/example_dags/example_trigger_controller_dag.py took 2.221 seconds
[2022-04-13 08:47:18,210] {processor.py:163} INFO - Started process (PID=503) to work on /home/airflow/.local/lib/python3.7/site-packages/airflow/example_dags/example_trigger_controller_dag.py
[2022-04-13 08:47:18,212] {processor.py:642} INFO - Processing file /home/airflow/.local/lib/python3.7/site-packages/airflow/example_dags/example_trigger_controller_dag.py for tasks to queue
[2022-04-13 08:47:18,213] {logging_mixin.py:109} INFO - [2022-04-13 08:47:18,213] {dagbag.py:500} INFO - Filling up the DagBag from /home/airflow/.local/lib/python3.7/site-packages/airflow/example_dags/example_trigger_controller_dag.py
[2022-04-13 08:47:18,258] {processor.py:652} INFO - DAG(s) dict_keys(['example_trigger_controller_dag']) retrieved from /home/airflow/.local/lib/python3.7/site-packages/airflow/example_dags/example_trigger_controller_dag.py
[2022-04-13 08:47:18,324] {logging_mixin.py:109} INFO - [2022-04-13 08:47:18,320] {dag.py:2398} INFO - Sync 1 DAGs
[2022-04-13 08:47:18,362] {logging_mixin.py:109} INFO - [2022-04-13 08:47:18,362] {dag.py:2937} INFO - Setting next_dagrun for example_trigger_controller_dag to 2021-01-01T00:00:00+00:00
[2022-04-13 08:47:18,388] {processor.py:171} INFO - Processing /home/airflow/.local/lib/python3.7/site-packages/airflow/example_dags/example_trigger_controller_dag.py took 0.202 seconds
[2022-04-13 08:47:48,907] {processor.py:163} INFO - Started process (PID=554) to work on /home/airflow/.local/lib/python3.7/site-packages/airflow/example_dags/example_trigger_controller_dag.py
[2022-04-13 08:47:48,912] {processor.py:642} INFO - Processing file /home/airflow/.local/lib/python3.7/site-packages/airflow/example_dags/example_trigger_controller_dag.py for tasks to queue
[2022-04-13 08:47:48,913] {logging_mixin.py:109} INFO - [2022-04-13 08:47:48,913] {dagbag.py:500} INFO - Filling up the DagBag from /home/airflow/.local/lib/python3.7/site-packages/airflow/example_dags/example_trigger_controller_dag.py
[2022-04-13 08:47:48,925] {processor.py:652} INFO - DAG(s) dict_keys(['example_trigger_controller_dag']) retrieved from /home/airflow/.local/lib/python3.7/site-packages/airflow/example_dags/example_trigger_controller_dag.py
[2022-04-13 08:47:48,949] {logging_mixin.py:109} INFO - [2022-04-13 08:47:48,949] {dag.py:2398} INFO - Sync 1 DAGs
[2022-04-13 08:47:48,970] {logging_mixin.py:109} INFO - [2022-04-13 08:47:48,970] {dag.py:2937} INFO - Setting next_dagrun for example_trigger_controller_dag to 2021-01-01T00:00:00+00:00
[2022-04-13 08:47:48,988] {processor.py:171} INFO - Processing /home/airflow/.local/lib/python3.7/site-packages/airflow/example_dags/example_trigger_controller_dag.py took 0.084 seconds
[2022-04-13 08:48:19,232] {processor.py:163} INFO - Started process (PID=604) to work on /home/airflow/.local/lib/python3.7/site-packages/airflow/example_dags/example_trigger_controller_dag.py
[2022-04-13 08:48:19,234] {processor.py:642} INFO - Processing file /home/airflow/.local/lib/python3.7/site-packages/airflow/example_dags/example_trigger_controller_dag.py for tasks to queue
[2022-04-13 08:48:19,235] {logging_mixin.py:109} INFO - [2022-04-13 08:48:19,235] {dagbag.py:500} INFO - Filling up the DagBag from /home/airflow/.local/lib/python3.7/site-packages/airflow/example_dags/example_trigger_controller_dag.py
[2022-04-13 08:48:19,256] {processor.py:652} INFO - DAG(s) dict_keys(['example_trigger_controller_dag']) retrieved from /home/airflow/.local/lib/python3.7/site-packages/airflow/example_dags/example_trigger_controller_dag.py
[2022-04-13 08:48:19,287] {logging_mixin.py:109} INFO - [2022-04-13 08:48:19,287] {dag.py:2398} INFO - Sync 1 DAGs
[2022-04-13 08:48:19,307] {logging_mixin.py:109} INFO - [2022-04-13 08:48:19,307] {dag.py:2937} INFO - Setting next_dagrun for example_trigger_controller_dag to 2021-01-01T00:00:00+00:00
[2022-04-13 08:48:19,322] {processor.py:171} INFO - Processing /home/airflow/.local/lib/python3.7/site-packages/airflow/example_dags/example_trigger_controller_dag.py took 0.095 seconds
[2022-04-13 08:52:10,947] {processor.py:163} INFO - Started process (PID=61) to work on /home/airflow/.local/lib/python3.7/site-packages/airflow/example_dags/example_trigger_controller_dag.py
[2022-04-13 08:52:10,949] {processor.py:642} INFO - Processing file /home/airflow/.local/lib/python3.7/site-packages/airflow/example_dags/example_trigger_controller_dag.py for tasks to queue
[2022-04-13 08:52:10,950] {logging_mixin.py:109} INFO - [2022-04-13 08:52:10,950] {dagbag.py:500} INFO - Filling up the DagBag from /home/airflow/.local/lib/python3.7/site-packages/airflow/example_dags/example_trigger_controller_dag.py
[2022-04-13 08:52:10,979] {processor.py:652} INFO - DAG(s) dict_keys(['example_trigger_controller_dag']) retrieved from /home/airflow/.local/lib/python3.7/site-packages/airflow/example_dags/example_trigger_controller_dag.py
[2022-04-13 08:52:11,009] {logging_mixin.py:109} INFO - [2022-04-13 08:52:11,009] {dag.py:2398} INFO - Sync 1 DAGs
[2022-04-13 08:52:11,042] {logging_mixin.py:109} INFO - [2022-04-13 08:52:11,042] {dag.py:2937} INFO - Setting next_dagrun for example_trigger_controller_dag to 2021-01-01T00:00:00+00:00
[2022-04-13 08:52:11,062] {processor.py:171} INFO - Processing /home/airflow/.local/lib/python3.7/site-packages/airflow/example_dags/example_trigger_controller_dag.py took 0.120 seconds
[2022-04-13 08:54:27,839] {processor.py:163} INFO - Started process (PID=65) to work on /home/airflow/.local/lib/python3.7/site-packages/airflow/example_dags/example_trigger_controller_dag.py
[2022-04-13 08:54:27,840] {processor.py:642} INFO - Processing file /home/airflow/.local/lib/python3.7/site-packages/airflow/example_dags/example_trigger_controller_dag.py for tasks to queue
[2022-04-13 08:54:27,841] {logging_mixin.py:109} INFO - [2022-04-13 08:54:27,841] {dagbag.py:500} INFO - Filling up the DagBag from /home/airflow/.local/lib/python3.7/site-packages/airflow/example_dags/example_trigger_controller_dag.py
[2022-04-13 08:54:27,864] {processor.py:652} INFO - DAG(s) dict_keys(['example_trigger_controller_dag']) retrieved from /home/airflow/.local/lib/python3.7/site-packages/airflow/example_dags/example_trigger_controller_dag.py
[2022-04-13 08:54:27,887] {logging_mixin.py:109} INFO - [2022-04-13 08:54:27,886] {dag.py:2398} INFO - Sync 1 DAGs
[2022-04-13 08:54:27,904] {logging_mixin.py:109} INFO - [2022-04-13 08:54:27,904] {dag.py:2937} INFO - Setting next_dagrun for example_trigger_controller_dag to 2021-01-01T00:00:00+00:00
[2022-04-13 08:54:27,918] {processor.py:171} INFO - Processing /home/airflow/.local/lib/python3.7/site-packages/airflow/example_dags/example_trigger_controller_dag.py took 0.082 seconds
[2022-04-13 08:54:58,311] {processor.py:163} INFO - Started process (PID=116) to work on /home/airflow/.local/lib/python3.7/site-packages/airflow/example_dags/example_trigger_controller_dag.py
[2022-04-13 08:54:58,313] {processor.py:642} INFO - Processing file /home/airflow/.local/lib/python3.7/site-packages/airflow/example_dags/example_trigger_controller_dag.py for tasks to queue
[2022-04-13 08:54:58,314] {logging_mixin.py:109} INFO - [2022-04-13 08:54:58,314] {dagbag.py:500} INFO - Filling up the DagBag from /home/airflow/.local/lib/python3.7/site-packages/airflow/example_dags/example_trigger_controller_dag.py
[2022-04-13 08:54:58,331] {processor.py:652} INFO - DAG(s) dict_keys(['example_trigger_controller_dag']) retrieved from /home/airflow/.local/lib/python3.7/site-packages/airflow/example_dags/example_trigger_controller_dag.py
[2022-04-13 08:54:58,348] {logging_mixin.py:109} INFO - [2022-04-13 08:54:58,348] {dag.py:2398} INFO - Sync 1 DAGs
[2022-04-13 08:54:58,362] {logging_mixin.py:109} INFO - [2022-04-13 08:54:58,362] {dag.py:2937} INFO - Setting next_dagrun for example_trigger_controller_dag to 2021-01-01T00:00:00+00:00
[2022-04-13 08:54:58,372] {processor.py:171} INFO - Processing /home/airflow/.local/lib/python3.7/site-packages/airflow/example_dags/example_trigger_controller_dag.py took 0.063 seconds
[2022-04-13 08:55:29,784] {processor.py:163} INFO - Started process (PID=177) to work on /home/airflow/.local/lib/python3.7/site-packages/airflow/example_dags/example_trigger_controller_dag.py
[2022-04-13 08:55:29,786] {processor.py:642} INFO - Processing file /home/airflow/.local/lib/python3.7/site-packages/airflow/example_dags/example_trigger_controller_dag.py for tasks to queue
[2022-04-13 08:55:29,787] {logging_mixin.py:109} INFO - [2022-04-13 08:55:29,786] {dagbag.py:500} INFO - Filling up the DagBag from /home/airflow/.local/lib/python3.7/site-packages/airflow/example_dags/example_trigger_controller_dag.py
[2022-04-13 08:55:29,800] {processor.py:652} INFO - DAG(s) dict_keys(['example_trigger_controller_dag']) retrieved from /home/airflow/.local/lib/python3.7/site-packages/airflow/example_dags/example_trigger_controller_dag.py
[2022-04-13 08:55:29,822] {logging_mixin.py:109} INFO - [2022-04-13 08:55:29,822] {dag.py:2398} INFO - Sync 1 DAGs
[2022-04-13 08:55:29,842] {logging_mixin.py:109} INFO - [2022-04-13 08:55:29,842] {dag.py:2937} INFO - Setting next_dagrun for example_trigger_controller_dag to 2021-01-01T00:00:00+00:00
[2022-04-13 08:55:29,855] {processor.py:171} INFO - Processing /home/airflow/.local/lib/python3.7/site-packages/airflow/example_dags/example_trigger_controller_dag.py took 0.073 seconds
[2022-04-13 08:56:01,839] {processor.py:163} INFO - Started process (PID=238) to work on /home/airflow/.local/lib/python3.7/site-packages/airflow/example_dags/example_trigger_controller_dag.py
[2022-04-13 08:56:01,840] {processor.py:642} INFO - Processing file /home/airflow/.local/lib/python3.7/site-packages/airflow/example_dags/example_trigger_controller_dag.py for tasks to queue
[2022-04-13 08:56:01,841] {logging_mixin.py:109} INFO - [2022-04-13 08:56:01,841] {dagbag.py:500} INFO - Filling up the DagBag from /home/airflow/.local/lib/python3.7/site-packages/airflow/example_dags/example_trigger_controller_dag.py
[2022-04-13 08:56:01,860] {processor.py:652} INFO - DAG(s) dict_keys(['example_trigger_controller_dag']) retrieved from /home/airflow/.local/lib/python3.7/site-packages/airflow/example_dags/example_trigger_controller_dag.py
[2022-04-13 08:56:01,891] {logging_mixin.py:109} INFO - [2022-04-13 08:56:01,890] {dag.py:2398} INFO - Sync 1 DAGs
[2022-04-13 08:56:01,914] {logging_mixin.py:109} INFO - [2022-04-13 08:56:01,913] {dag.py:2937} INFO - Setting next_dagrun for example_trigger_controller_dag to 2021-01-01T00:00:00+00:00
[2022-04-13 08:56:01,930] {processor.py:171} INFO - Processing /home/airflow/.local/lib/python3.7/site-packages/airflow/example_dags/example_trigger_controller_dag.py took 0.094 seconds
[2022-04-13 08:56:32,550] {processor.py:163} INFO - Started process (PID=290) to work on /home/airflow/.local/lib/python3.7/site-packages/airflow/example_dags/example_trigger_controller_dag.py
[2022-04-13 08:56:32,552] {processor.py:642} INFO - Processing file /home/airflow/.local/lib/python3.7/site-packages/airflow/example_dags/example_trigger_controller_dag.py for tasks to queue
[2022-04-13 08:56:32,552] {logging_mixin.py:109} INFO - [2022-04-13 08:56:32,552] {dagbag.py:500} INFO - Filling up the DagBag from /home/airflow/.local/lib/python3.7/site-packages/airflow/example_dags/example_trigger_controller_dag.py
[2022-04-13 08:56:32,564] {processor.py:652} INFO - DAG(s) dict_keys(['example_trigger_controller_dag']) retrieved from /home/airflow/.local/lib/python3.7/site-packages/airflow/example_dags/example_trigger_controller_dag.py
[2022-04-13 08:56:32,585] {logging_mixin.py:109} INFO - [2022-04-13 08:56:32,585] {dag.py:2398} INFO - Sync 1 DAGs
[2022-04-13 08:56:32,601] {logging_mixin.py:109} INFO - [2022-04-13 08:56:32,600] {dag.py:2937} INFO - Setting next_dagrun for example_trigger_controller_dag to 2021-01-01T00:00:00+00:00
[2022-04-13 08:56:32,612] {processor.py:171} INFO - Processing /home/airflow/.local/lib/python3.7/site-packages/airflow/example_dags/example_trigger_controller_dag.py took 0.064 seconds
[2022-04-13 08:57:03,706] {processor.py:163} INFO - Started process (PID=350) to work on /home/airflow/.local/lib/python3.7/site-packages/airflow/example_dags/example_trigger_controller_dag.py
[2022-04-13 08:57:03,707] {processor.py:642} INFO - Processing file /home/airflow/.local/lib/python3.7/site-packages/airflow/example_dags/example_trigger_controller_dag.py for tasks to queue
[2022-04-13 08:57:03,707] {logging_mixin.py:109} INFO - [2022-04-13 08:57:03,707] {dagbag.py:500} INFO - Filling up the DagBag from /home/airflow/.local/lib/python3.7/site-packages/airflow/example_dags/example_trigger_controller_dag.py
[2022-04-13 08:57:03,717] {processor.py:652} INFO - DAG(s) dict_keys(['example_trigger_controller_dag']) retrieved from /home/airflow/.local/lib/python3.7/site-packages/airflow/example_dags/example_trigger_controller_dag.py
[2022-04-13 08:57:03,733] {logging_mixin.py:109} INFO - [2022-04-13 08:57:03,733] {dag.py:2398} INFO - Sync 1 DAGs
[2022-04-13 08:57:03,748] {logging_mixin.py:109} INFO - [2022-04-13 08:57:03,748] {dag.py:2937} INFO - Setting next_dagrun for example_trigger_controller_dag to 2021-01-01T00:00:00+00:00
[2022-04-13 08:57:03,760] {processor.py:171} INFO - Processing /home/airflow/.local/lib/python3.7/site-packages/airflow/example_dags/example_trigger_controller_dag.py took 0.056 seconds
[2022-04-13 08:57:34,135] {processor.py:163} INFO - Started process (PID=400) to work on /home/airflow/.local/lib/python3.7/site-packages/airflow/example_dags/example_trigger_controller_dag.py
[2022-04-13 08:57:34,136] {processor.py:642} INFO - Processing file /home/airflow/.local/lib/python3.7/site-packages/airflow/example_dags/example_trigger_controller_dag.py for tasks to queue
[2022-04-13 08:57:34,136] {logging_mixin.py:109} INFO - [2022-04-13 08:57:34,136] {dagbag.py:500} INFO - Filling up the DagBag from /home/airflow/.local/lib/python3.7/site-packages/airflow/example_dags/example_trigger_controller_dag.py
[2022-04-13 08:57:34,146] {processor.py:652} INFO - DAG(s) dict_keys(['example_trigger_controller_dag']) retrieved from /home/airflow/.local/lib/python3.7/site-packages/airflow/example_dags/example_trigger_controller_dag.py
[2022-04-13 08:57:34,164] {logging_mixin.py:109} INFO - [2022-04-13 08:57:34,164] {dag.py:2398} INFO - Sync 1 DAGs
[2022-04-13 08:57:34,179] {logging_mixin.py:109} INFO - [2022-04-13 08:57:34,179] {dag.py:2937} INFO - Setting next_dagrun for example_trigger_controller_dag to 2021-01-01T00:00:00+00:00
[2022-04-13 08:57:34,191] {processor.py:171} INFO - Processing /home/airflow/.local/lib/python3.7/site-packages/airflow/example_dags/example_trigger_controller_dag.py took 0.058 seconds
[2022-04-13 08:58:05,308] {processor.py:163} INFO - Started process (PID=461) to work on /home/airflow/.local/lib/python3.7/site-packages/airflow/example_dags/example_trigger_controller_dag.py
[2022-04-13 08:58:05,310] {processor.py:642} INFO - Processing file /home/airflow/.local/lib/python3.7/site-packages/airflow/example_dags/example_trigger_controller_dag.py for tasks to queue
[2022-04-13 08:58:05,310] {logging_mixin.py:109} INFO - [2022-04-13 08:58:05,310] {dagbag.py:500} INFO - Filling up the DagBag from /home/airflow/.local/lib/python3.7/site-packages/airflow/example_dags/example_trigger_controller_dag.py
[2022-04-13 08:58:05,320] {processor.py:652} INFO - DAG(s) dict_keys(['example_trigger_controller_dag']) retrieved from /home/airflow/.local/lib/python3.7/site-packages/airflow/example_dags/example_trigger_controller_dag.py
[2022-04-13 08:58:05,341] {logging_mixin.py:109} INFO - [2022-04-13 08:58:05,341] {dag.py:2398} INFO - Sync 1 DAGs
[2022-04-13 08:58:05,357] {logging_mixin.py:109} INFO - [2022-04-13 08:58:05,357] {dag.py:2937} INFO - Setting next_dagrun for example_trigger_controller_dag to 2021-01-01T00:00:00+00:00
[2022-04-13 08:58:05,371] {processor.py:171} INFO - Processing /home/airflow/.local/lib/python3.7/site-packages/airflow/example_dags/example_trigger_controller_dag.py took 0.065 seconds
[2022-04-13 08:58:35,681] {processor.py:163} INFO - Started process (PID=513) to work on /home/airflow/.local/lib/python3.7/site-packages/airflow/example_dags/example_trigger_controller_dag.py
[2022-04-13 08:58:35,682] {processor.py:642} INFO - Processing file /home/airflow/.local/lib/python3.7/site-packages/airflow/example_dags/example_trigger_controller_dag.py for tasks to queue
[2022-04-13 08:58:35,682] {logging_mixin.py:109} INFO - [2022-04-13 08:58:35,682] {dagbag.py:500} INFO - Filling up the DagBag from /home/airflow/.local/lib/python3.7/site-packages/airflow/example_dags/example_trigger_controller_dag.py
[2022-04-13 08:58:35,693] {processor.py:652} INFO - DAG(s) dict_keys(['example_trigger_controller_dag']) retrieved from /home/airflow/.local/lib/python3.7/site-packages/airflow/example_dags/example_trigger_controller_dag.py
[2022-04-13 08:58:35,713] {logging_mixin.py:109} INFO - [2022-04-13 08:58:35,713] {dag.py:2398} INFO - Sync 1 DAGs
[2022-04-13 08:58:35,729] {logging_mixin.py:109} INFO - [2022-04-13 08:58:35,729] {dag.py:2937} INFO - Setting next_dagrun for example_trigger_controller_dag to 2021-01-01T00:00:00+00:00
[2022-04-13 08:58:35,743] {processor.py:171} INFO - Processing /home/airflow/.local/lib/python3.7/site-packages/airflow/example_dags/example_trigger_controller_dag.py took 0.064 seconds
[2022-04-13 08:59:06,405] {processor.py:163} INFO - Started process (PID=574) to work on /home/airflow/.local/lib/python3.7/site-packages/airflow/example_dags/example_trigger_controller_dag.py
[2022-04-13 08:59:06,407] {processor.py:642} INFO - Processing file /home/airflow/.local/lib/python3.7/site-packages/airflow/example_dags/example_trigger_controller_dag.py for tasks to queue
[2022-04-13 08:59:06,408] {logging_mixin.py:109} INFO - [2022-04-13 08:59:06,408] {dagbag.py:500} INFO - Filling up the DagBag from /home/airflow/.local/lib/python3.7/site-packages/airflow/example_dags/example_trigger_controller_dag.py
[2022-04-13 08:59:06,429] {processor.py:652} INFO - DAG(s) dict_keys(['example_trigger_controller_dag']) retrieved from /home/airflow/.local/lib/python3.7/site-packages/airflow/example_dags/example_trigger_controller_dag.py
[2022-04-13 08:59:06,458] {logging_mixin.py:109} INFO - [2022-04-13 08:59:06,458] {dag.py:2398} INFO - Sync 1 DAGs
[2022-04-13 08:59:06,489] {logging_mixin.py:109} INFO - [2022-04-13 08:59:06,489] {dag.py:2937} INFO - Setting next_dagrun for example_trigger_controller_dag to 2021-01-01T00:00:00+00:00
[2022-04-13 08:59:06,514] {processor.py:171} INFO - Processing /home/airflow/.local/lib/python3.7/site-packages/airflow/example_dags/example_trigger_controller_dag.py took 0.113 seconds
[2022-04-13 08:59:37,255] {processor.py:163} INFO - Started process (PID=626) to work on /home/airflow/.local/lib/python3.7/site-packages/airflow/example_dags/example_trigger_controller_dag.py
[2022-04-13 08:59:37,255] {processor.py:642} INFO - Processing file /home/airflow/.local/lib/python3.7/site-packages/airflow/example_dags/example_trigger_controller_dag.py for tasks to queue
[2022-04-13 08:59:37,256] {logging_mixin.py:109} INFO - [2022-04-13 08:59:37,256] {dagbag.py:500} INFO - Filling up the DagBag from /home/airflow/.local/lib/python3.7/site-packages/airflow/example_dags/example_trigger_controller_dag.py
[2022-04-13 08:59:37,265] {processor.py:652} INFO - DAG(s) dict_keys(['example_trigger_controller_dag']) retrieved from /home/airflow/.local/lib/python3.7/site-packages/airflow/example_dags/example_trigger_controller_dag.py
[2022-04-13 08:59:37,293] {logging_mixin.py:109} INFO - [2022-04-13 08:59:37,293] {dag.py:2398} INFO - Sync 1 DAGs
[2022-04-13 08:59:37,313] {logging_mixin.py:109} INFO - [2022-04-13 08:59:37,313] {dag.py:2937} INFO - Setting next_dagrun for example_trigger_controller_dag to 2021-01-01T00:00:00+00:00
[2022-04-13 08:59:37,324] {processor.py:171} INFO - Processing /home/airflow/.local/lib/python3.7/site-packages/airflow/example_dags/example_trigger_controller_dag.py took 0.071 seconds
[2022-04-13 09:00:08,038] {processor.py:163} INFO - Started process (PID=676) to work on /home/airflow/.local/lib/python3.7/site-packages/airflow/example_dags/example_trigger_controller_dag.py
[2022-04-13 09:00:08,041] {processor.py:642} INFO - Processing file /home/airflow/.local/lib/python3.7/site-packages/airflow/example_dags/example_trigger_controller_dag.py for tasks to queue
[2022-04-13 09:00:08,042] {logging_mixin.py:109} INFO - [2022-04-13 09:00:08,041] {dagbag.py:500} INFO - Filling up the DagBag from /home/airflow/.local/lib/python3.7/site-packages/airflow/example_dags/example_trigger_controller_dag.py
[2022-04-13 09:00:08,059] {processor.py:652} INFO - DAG(s) dict_keys(['example_trigger_controller_dag']) retrieved from /home/airflow/.local/lib/python3.7/site-packages/airflow/example_dags/example_trigger_controller_dag.py
[2022-04-13 09:00:08,086] {logging_mixin.py:109} INFO - [2022-04-13 09:00:08,086] {dag.py:2398} INFO - Sync 1 DAGs
[2022-04-13 09:00:08,107] {logging_mixin.py:109} INFO - [2022-04-13 09:00:08,107] {dag.py:2937} INFO - Setting next_dagrun for example_trigger_controller_dag to 2021-01-01T00:00:00+00:00
[2022-04-13 09:00:08,127] {processor.py:171} INFO - Processing /home/airflow/.local/lib/python3.7/site-packages/airflow/example_dags/example_trigger_controller_dag.py took 0.093 seconds
[2022-04-13 09:00:39,029] {processor.py:163} INFO - Started process (PID=737) to work on /home/airflow/.local/lib/python3.7/site-packages/airflow/example_dags/example_trigger_controller_dag.py
[2022-04-13 09:00:39,030] {processor.py:642} INFO - Processing file /home/airflow/.local/lib/python3.7/site-packages/airflow/example_dags/example_trigger_controller_dag.py for tasks to queue
[2022-04-13 09:00:39,031] {logging_mixin.py:109} INFO - [2022-04-13 09:00:39,031] {dagbag.py:500} INFO - Filling up the DagBag from /home/airflow/.local/lib/python3.7/site-packages/airflow/example_dags/example_trigger_controller_dag.py
[2022-04-13 09:00:39,047] {processor.py:652} INFO - DAG(s) dict_keys(['example_trigger_controller_dag']) retrieved from /home/airflow/.local/lib/python3.7/site-packages/airflow/example_dags/example_trigger_controller_dag.py
[2022-04-13 09:00:39,080] {logging_mixin.py:109} INFO - [2022-04-13 09:00:39,079] {dag.py:2398} INFO - Sync 1 DAGs
[2022-04-13 09:00:39,108] {logging_mixin.py:109} INFO - [2022-04-13 09:00:39,108] {dag.py:2937} INFO - Setting next_dagrun for example_trigger_controller_dag to 2021-01-01T00:00:00+00:00
[2022-04-13 09:00:39,125] {processor.py:171} INFO - Processing /home/airflow/.local/lib/python3.7/site-packages/airflow/example_dags/example_trigger_controller_dag.py took 0.100 seconds
[2022-04-13 09:01:09,890] {processor.py:163} INFO - Started process (PID=788) to work on /home/airflow/.local/lib/python3.7/site-packages/airflow/example_dags/example_trigger_controller_dag.py
[2022-04-13 09:01:09,892] {processor.py:642} INFO - Processing file /home/airflow/.local/lib/python3.7/site-packages/airflow/example_dags/example_trigger_controller_dag.py for tasks to queue
[2022-04-13 09:01:09,893] {logging_mixin.py:109} INFO - [2022-04-13 09:01:09,892] {dagbag.py:500} INFO - Filling up the DagBag from /home/airflow/.local/lib/python3.7/site-packages/airflow/example_dags/example_trigger_controller_dag.py
[2022-04-13 09:01:09,908] {processor.py:652} INFO - DAG(s) dict_keys(['example_trigger_controller_dag']) retrieved from /home/airflow/.local/lib/python3.7/site-packages/airflow/example_dags/example_trigger_controller_dag.py
[2022-04-13 09:01:09,933] {logging_mixin.py:109} INFO - [2022-04-13 09:01:09,933] {dag.py:2398} INFO - Sync 1 DAGs
[2022-04-13 09:01:09,956] {logging_mixin.py:109} INFO - [2022-04-13 09:01:09,956] {dag.py:2937} INFO - Setting next_dagrun for example_trigger_controller_dag to 2021-01-01T00:00:00+00:00
[2022-04-13 09:01:09,972] {processor.py:171} INFO - Processing /home/airflow/.local/lib/python3.7/site-packages/airflow/example_dags/example_trigger_controller_dag.py took 0.084 seconds
[2022-04-13 09:01:40,555] {processor.py:163} INFO - Started process (PID=840) to work on /home/airflow/.local/lib/python3.7/site-packages/airflow/example_dags/example_trigger_controller_dag.py
[2022-04-13 09:01:40,556] {processor.py:642} INFO - Processing file /home/airflow/.local/lib/python3.7/site-packages/airflow/example_dags/example_trigger_controller_dag.py for tasks to queue
[2022-04-13 09:01:40,557] {logging_mixin.py:109} INFO - [2022-04-13 09:01:40,557] {dagbag.py:500} INFO - Filling up the DagBag from /home/airflow/.local/lib/python3.7/site-packages/airflow/example_dags/example_trigger_controller_dag.py
[2022-04-13 09:01:40,570] {processor.py:652} INFO - DAG(s) dict_keys(['example_trigger_controller_dag']) retrieved from /home/airflow/.local/lib/python3.7/site-packages/airflow/example_dags/example_trigger_controller_dag.py
[2022-04-13 09:01:40,592] {logging_mixin.py:109} INFO - [2022-04-13 09:01:40,592] {dag.py:2398} INFO - Sync 1 DAGs
[2022-04-13 09:01:40,608] {logging_mixin.py:109} INFO - [2022-04-13 09:01:40,608] {dag.py:2937} INFO - Setting next_dagrun for example_trigger_controller_dag to 2021-01-01T00:00:00+00:00
[2022-04-13 09:01:40,623] {processor.py:171} INFO - Processing /home/airflow/.local/lib/python3.7/site-packages/airflow/example_dags/example_trigger_controller_dag.py took 0.071 seconds
[2022-04-13 09:02:11,411] {processor.py:163} INFO - Started process (PID=899) to work on /home/airflow/.local/lib/python3.7/site-packages/airflow/example_dags/example_trigger_controller_dag.py
[2022-04-13 09:02:11,413] {processor.py:642} INFO - Processing file /home/airflow/.local/lib/python3.7/site-packages/airflow/example_dags/example_trigger_controller_dag.py for tasks to queue
[2022-04-13 09:02:11,414] {logging_mixin.py:109} INFO - [2022-04-13 09:02:11,414] {dagbag.py:500} INFO - Filling up the DagBag from /home/airflow/.local/lib/python3.7/site-packages/airflow/example_dags/example_trigger_controller_dag.py
[2022-04-13 09:02:11,435] {processor.py:652} INFO - DAG(s) dict_keys(['example_trigger_controller_dag']) retrieved from /home/airflow/.local/lib/python3.7/site-packages/airflow/example_dags/example_trigger_controller_dag.py
[2022-04-13 09:02:11,464] {logging_mixin.py:109} INFO - [2022-04-13 09:02:11,464] {dag.py:2398} INFO - Sync 1 DAGs
[2022-04-13 09:02:11,489] {logging_mixin.py:109} INFO - [2022-04-13 09:02:11,489] {dag.py:2937} INFO - Setting next_dagrun for example_trigger_controller_dag to 2021-01-01T00:00:00+00:00
[2022-04-13 09:02:11,505] {processor.py:171} INFO - Processing /home/airflow/.local/lib/python3.7/site-packages/airflow/example_dags/example_trigger_controller_dag.py took 0.096 seconds
[2022-04-13 09:02:41,690] {processor.py:163} INFO - Started process (PID=953) to work on /home/airflow/.local/lib/python3.7/site-packages/airflow/example_dags/example_trigger_controller_dag.py
[2022-04-13 09:02:41,691] {processor.py:642} INFO - Processing file /home/airflow/.local/lib/python3.7/site-packages/airflow/example_dags/example_trigger_controller_dag.py for tasks to queue
[2022-04-13 09:02:41,692] {logging_mixin.py:109} INFO - [2022-04-13 09:02:41,692] {dagbag.py:500} INFO - Filling up the DagBag from /home/airflow/.local/lib/python3.7/site-packages/airflow/example_dags/example_trigger_controller_dag.py
[2022-04-13 09:02:41,706] {processor.py:652} INFO - DAG(s) dict_keys(['example_trigger_controller_dag']) retrieved from /home/airflow/.local/lib/python3.7/site-packages/airflow/example_dags/example_trigger_controller_dag.py
[2022-04-13 09:02:41,724] {logging_mixin.py:109} INFO - [2022-04-13 09:02:41,724] {dag.py:2398} INFO - Sync 1 DAGs
[2022-04-13 09:02:41,738] {logging_mixin.py:109} INFO - [2022-04-13 09:02:41,737] {dag.py:2937} INFO - Setting next_dagrun for example_trigger_controller_dag to 2021-01-01T00:00:00+00:00
[2022-04-13 09:02:41,749] {processor.py:171} INFO - Processing /home/airflow/.local/lib/python3.7/site-packages/airflow/example_dags/example_trigger_controller_dag.py took 0.061 seconds
[2022-04-13 09:03:13,525] {processor.py:163} INFO - Started process (PID=1003) to work on /home/airflow/.local/lib/python3.7/site-packages/airflow/example_dags/example_trigger_controller_dag.py
[2022-04-13 09:03:13,527] {processor.py:642} INFO - Processing file /home/airflow/.local/lib/python3.7/site-packages/airflow/example_dags/example_trigger_controller_dag.py for tasks to queue
[2022-04-13 09:03:13,527] {logging_mixin.py:109} INFO - [2022-04-13 09:03:13,527] {dagbag.py:500} INFO - Filling up the DagBag from /home/airflow/.local/lib/python3.7/site-packages/airflow/example_dags/example_trigger_controller_dag.py
[2022-04-13 09:03:13,542] {processor.py:652} INFO - DAG(s) dict_keys(['example_trigger_controller_dag']) retrieved from /home/airflow/.local/lib/python3.7/site-packages/airflow/example_dags/example_trigger_controller_dag.py
[2022-04-13 09:03:13,568] {logging_mixin.py:109} INFO - [2022-04-13 09:03:13,567] {dag.py:2398} INFO - Sync 1 DAGs
[2022-04-13 09:03:13,590] {logging_mixin.py:109} INFO - [2022-04-13 09:03:13,589] {dag.py:2937} INFO - Setting next_dagrun for example_trigger_controller_dag to 2021-01-01T00:00:00+00:00
[2022-04-13 09:03:13,608] {processor.py:171} INFO - Processing /home/airflow/.local/lib/python3.7/site-packages/airflow/example_dags/example_trigger_controller_dag.py took 0.086 seconds
[2022-04-13 09:05:52,614] {processor.py:163} INFO - Started process (PID=63) to work on /home/airflow/.local/lib/python3.7/site-packages/airflow/example_dags/example_trigger_controller_dag.py
[2022-04-13 09:05:52,616] {processor.py:642} INFO - Processing file /home/airflow/.local/lib/python3.7/site-packages/airflow/example_dags/example_trigger_controller_dag.py for tasks to queue
[2022-04-13 09:05:52,616] {logging_mixin.py:109} INFO - [2022-04-13 09:05:52,616] {dagbag.py:500} INFO - Filling up the DagBag from /home/airflow/.local/lib/python3.7/site-packages/airflow/example_dags/example_trigger_controller_dag.py
[2022-04-13 09:05:52,631] {processor.py:652} INFO - DAG(s) dict_keys(['example_trigger_controller_dag']) retrieved from /home/airflow/.local/lib/python3.7/site-packages/airflow/example_dags/example_trigger_controller_dag.py
[2022-04-13 09:05:52,656] {logging_mixin.py:109} INFO - [2022-04-13 09:05:52,656] {dag.py:2398} INFO - Sync 1 DAGs
[2022-04-13 09:05:52,682] {logging_mixin.py:109} INFO - [2022-04-13 09:05:52,681] {dag.py:2937} INFO - Setting next_dagrun for example_trigger_controller_dag to 2021-01-01T00:00:00+00:00
[2022-04-13 09:05:52,697] {processor.py:171} INFO - Processing /home/airflow/.local/lib/python3.7/site-packages/airflow/example_dags/example_trigger_controller_dag.py took 0.085 seconds
[2022-04-13 09:06:23,423] {processor.py:163} INFO - Started process (PID=114) to work on /home/airflow/.local/lib/python3.7/site-packages/airflow/example_dags/example_trigger_controller_dag.py
[2022-04-13 09:06:23,425] {processor.py:642} INFO - Processing file /home/airflow/.local/lib/python3.7/site-packages/airflow/example_dags/example_trigger_controller_dag.py for tasks to queue
[2022-04-13 09:06:23,426] {logging_mixin.py:109} INFO - [2022-04-13 09:06:23,426] {dagbag.py:500} INFO - Filling up the DagBag from /home/airflow/.local/lib/python3.7/site-packages/airflow/example_dags/example_trigger_controller_dag.py
[2022-04-13 09:06:23,441] {processor.py:652} INFO - DAG(s) dict_keys(['example_trigger_controller_dag']) retrieved from /home/airflow/.local/lib/python3.7/site-packages/airflow/example_dags/example_trigger_controller_dag.py
[2022-04-13 09:06:23,468] {logging_mixin.py:109} INFO - [2022-04-13 09:06:23,468] {dag.py:2398} INFO - Sync 1 DAGs
[2022-04-13 09:06:23,488] {logging_mixin.py:109} INFO - [2022-04-13 09:06:23,488] {dag.py:2937} INFO - Setting next_dagrun for example_trigger_controller_dag to 2021-01-01T00:00:00+00:00
[2022-04-13 09:06:23,503] {processor.py:171} INFO - Processing /home/airflow/.local/lib/python3.7/site-packages/airflow/example_dags/example_trigger_controller_dag.py took 0.083 seconds
[2022-04-13 09:06:54,012] {processor.py:163} INFO - Started process (PID=174) to work on /home/airflow/.local/lib/python3.7/site-packages/airflow/example_dags/example_trigger_controller_dag.py
[2022-04-13 09:06:54,014] {processor.py:642} INFO - Processing file /home/airflow/.local/lib/python3.7/site-packages/airflow/example_dags/example_trigger_controller_dag.py for tasks to queue
[2022-04-13 09:06:54,015] {logging_mixin.py:109} INFO - [2022-04-13 09:06:54,015] {dagbag.py:500} INFO - Filling up the DagBag from /home/airflow/.local/lib/python3.7/site-packages/airflow/example_dags/example_trigger_controller_dag.py
[2022-04-13 09:06:54,029] {processor.py:652} INFO - DAG(s) dict_keys(['example_trigger_controller_dag']) retrieved from /home/airflow/.local/lib/python3.7/site-packages/airflow/example_dags/example_trigger_controller_dag.py
[2022-04-13 09:06:54,056] {logging_mixin.py:109} INFO - [2022-04-13 09:06:54,056] {dag.py:2398} INFO - Sync 1 DAGs
[2022-04-13 09:06:54,071] {logging_mixin.py:109} INFO - [2022-04-13 09:06:54,071] {dag.py:2937} INFO - Setting next_dagrun for example_trigger_controller_dag to 2021-01-01T00:00:00+00:00
[2022-04-13 09:06:54,084] {processor.py:171} INFO - Processing /home/airflow/.local/lib/python3.7/site-packages/airflow/example_dags/example_trigger_controller_dag.py took 0.076 seconds
[2022-04-13 09:07:24,650] {processor.py:163} INFO - Started process (PID=226) to work on /home/airflow/.local/lib/python3.7/site-packages/airflow/example_dags/example_trigger_controller_dag.py
[2022-04-13 09:07:24,651] {processor.py:642} INFO - Processing file /home/airflow/.local/lib/python3.7/site-packages/airflow/example_dags/example_trigger_controller_dag.py for tasks to queue
[2022-04-13 09:07:24,651] {logging_mixin.py:109} INFO - [2022-04-13 09:07:24,651] {dagbag.py:500} INFO - Filling up the DagBag from /home/airflow/.local/lib/python3.7/site-packages/airflow/example_dags/example_trigger_controller_dag.py
[2022-04-13 09:07:24,665] {processor.py:652} INFO - DAG(s) dict_keys(['example_trigger_controller_dag']) retrieved from /home/airflow/.local/lib/python3.7/site-packages/airflow/example_dags/example_trigger_controller_dag.py
[2022-04-13 09:07:24,684] {logging_mixin.py:109} INFO - [2022-04-13 09:07:24,684] {dag.py:2398} INFO - Sync 1 DAGs
[2022-04-13 09:07:24,701] {logging_mixin.py:109} INFO - [2022-04-13 09:07:24,701] {dag.py:2937} INFO - Setting next_dagrun for example_trigger_controller_dag to 2021-01-01T00:00:00+00:00
[2022-04-13 09:07:24,716] {processor.py:171} INFO - Processing /home/airflow/.local/lib/python3.7/site-packages/airflow/example_dags/example_trigger_controller_dag.py took 0.069 seconds
[2022-04-13 09:07:54,936] {processor.py:163} INFO - Started process (PID=276) to work on /home/airflow/.local/lib/python3.7/site-packages/airflow/example_dags/example_trigger_controller_dag.py
[2022-04-13 09:07:54,938] {processor.py:642} INFO - Processing file /home/airflow/.local/lib/python3.7/site-packages/airflow/example_dags/example_trigger_controller_dag.py for tasks to queue
[2022-04-13 09:07:54,939] {logging_mixin.py:109} INFO - [2022-04-13 09:07:54,939] {dagbag.py:500} INFO - Filling up the DagBag from /home/airflow/.local/lib/python3.7/site-packages/airflow/example_dags/example_trigger_controller_dag.py
[2022-04-13 09:07:54,958] {processor.py:652} INFO - DAG(s) dict_keys(['example_trigger_controller_dag']) retrieved from /home/airflow/.local/lib/python3.7/site-packages/airflow/example_dags/example_trigger_controller_dag.py
[2022-04-13 09:07:54,978] {logging_mixin.py:109} INFO - [2022-04-13 09:07:54,978] {dag.py:2398} INFO - Sync 1 DAGs
[2022-04-13 09:07:54,993] {logging_mixin.py:109} INFO - [2022-04-13 09:07:54,993] {dag.py:2937} INFO - Setting next_dagrun for example_trigger_controller_dag to 2021-01-01T00:00:00+00:00
[2022-04-13 09:07:55,004] {processor.py:171} INFO - Processing /home/airflow/.local/lib/python3.7/site-packages/airflow/example_dags/example_trigger_controller_dag.py took 0.072 seconds
[2022-04-13 09:08:27,794] {processor.py:163} INFO - Started process (PID=338) to work on /home/airflow/.local/lib/python3.7/site-packages/airflow/example_dags/example_trigger_controller_dag.py
[2022-04-13 09:08:27,796] {processor.py:642} INFO - Processing file /home/airflow/.local/lib/python3.7/site-packages/airflow/example_dags/example_trigger_controller_dag.py for tasks to queue
[2022-04-13 09:08:27,797] {logging_mixin.py:109} INFO - [2022-04-13 09:08:27,796] {dagbag.py:500} INFO - Filling up the DagBag from /home/airflow/.local/lib/python3.7/site-packages/airflow/example_dags/example_trigger_controller_dag.py
[2022-04-13 09:08:27,816] {processor.py:652} INFO - DAG(s) dict_keys(['example_trigger_controller_dag']) retrieved from /home/airflow/.local/lib/python3.7/site-packages/airflow/example_dags/example_trigger_controller_dag.py
[2022-04-13 09:08:27,850] {logging_mixin.py:109} INFO - [2022-04-13 09:08:27,849] {dag.py:2398} INFO - Sync 1 DAGs
[2022-04-13 09:08:27,878] {logging_mixin.py:109} INFO - [2022-04-13 09:08:27,878] {dag.py:2937} INFO - Setting next_dagrun for example_trigger_controller_dag to 2021-01-01T00:00:00+00:00
[2022-04-13 09:08:27,894] {processor.py:171} INFO - Processing /home/airflow/.local/lib/python3.7/site-packages/airflow/example_dags/example_trigger_controller_dag.py took 0.104 seconds
[2022-04-13 09:08:58,811] {processor.py:163} INFO - Started process (PID=390) to work on /home/airflow/.local/lib/python3.7/site-packages/airflow/example_dags/example_trigger_controller_dag.py
[2022-04-13 09:08:58,813] {processor.py:642} INFO - Processing file /home/airflow/.local/lib/python3.7/site-packages/airflow/example_dags/example_trigger_controller_dag.py for tasks to queue
[2022-04-13 09:08:58,813] {logging_mixin.py:109} INFO - [2022-04-13 09:08:58,813] {dagbag.py:500} INFO - Filling up the DagBag from /home/airflow/.local/lib/python3.7/site-packages/airflow/example_dags/example_trigger_controller_dag.py
[2022-04-13 09:08:58,828] {processor.py:652} INFO - DAG(s) dict_keys(['example_trigger_controller_dag']) retrieved from /home/airflow/.local/lib/python3.7/site-packages/airflow/example_dags/example_trigger_controller_dag.py
[2022-04-13 09:08:58,850] {logging_mixin.py:109} INFO - [2022-04-13 09:08:58,850] {dag.py:2398} INFO - Sync 1 DAGs
[2022-04-13 09:08:58,873] {logging_mixin.py:109} INFO - [2022-04-13 09:08:58,872] {dag.py:2937} INFO - Setting next_dagrun for example_trigger_controller_dag to 2021-01-01T00:00:00+00:00
[2022-04-13 09:08:58,885] {processor.py:171} INFO - Processing /home/airflow/.local/lib/python3.7/site-packages/airflow/example_dags/example_trigger_controller_dag.py took 0.076 seconds
[2022-04-13 09:09:29,469] {processor.py:163} INFO - Started process (PID=451) to work on /home/airflow/.local/lib/python3.7/site-packages/airflow/example_dags/example_trigger_controller_dag.py
[2022-04-13 09:09:29,470] {processor.py:642} INFO - Processing file /home/airflow/.local/lib/python3.7/site-packages/airflow/example_dags/example_trigger_controller_dag.py for tasks to queue
[2022-04-13 09:09:29,471] {logging_mixin.py:109} INFO - [2022-04-13 09:09:29,471] {dagbag.py:500} INFO - Filling up the DagBag from /home/airflow/.local/lib/python3.7/site-packages/airflow/example_dags/example_trigger_controller_dag.py
[2022-04-13 09:09:29,490] {processor.py:652} INFO - DAG(s) dict_keys(['example_trigger_controller_dag']) retrieved from /home/airflow/.local/lib/python3.7/site-packages/airflow/example_dags/example_trigger_controller_dag.py
[2022-04-13 09:09:29,520] {logging_mixin.py:109} INFO - [2022-04-13 09:09:29,519] {dag.py:2398} INFO - Sync 1 DAGs
[2022-04-13 09:09:29,543] {logging_mixin.py:109} INFO - [2022-04-13 09:09:29,543] {dag.py:2937} INFO - Setting next_dagrun for example_trigger_controller_dag to 2021-01-01T00:00:00+00:00
[2022-04-13 09:09:29,560] {processor.py:171} INFO - Processing /home/airflow/.local/lib/python3.7/site-packages/airflow/example_dags/example_trigger_controller_dag.py took 0.094 seconds
[2022-04-13 09:10:00,450] {processor.py:163} INFO - Started process (PID=502) to work on /home/airflow/.local/lib/python3.7/site-packages/airflow/example_dags/example_trigger_controller_dag.py
[2022-04-13 09:10:00,452] {processor.py:642} INFO - Processing file /home/airflow/.local/lib/python3.7/site-packages/airflow/example_dags/example_trigger_controller_dag.py for tasks to queue
[2022-04-13 09:10:00,453] {logging_mixin.py:109} INFO - [2022-04-13 09:10:00,453] {dagbag.py:500} INFO - Filling up the DagBag from /home/airflow/.local/lib/python3.7/site-packages/airflow/example_dags/example_trigger_controller_dag.py
[2022-04-13 09:10:00,470] {processor.py:652} INFO - DAG(s) dict_keys(['example_trigger_controller_dag']) retrieved from /home/airflow/.local/lib/python3.7/site-packages/airflow/example_dags/example_trigger_controller_dag.py
[2022-04-13 09:10:00,495] {logging_mixin.py:109} INFO - [2022-04-13 09:10:00,494] {dag.py:2398} INFO - Sync 1 DAGs
[2022-04-13 09:10:00,514] {logging_mixin.py:109} INFO - [2022-04-13 09:10:00,514] {dag.py:2937} INFO - Setting next_dagrun for example_trigger_controller_dag to 2021-01-01T00:00:00+00:00
[2022-04-13 09:10:00,526] {processor.py:171} INFO - Processing /home/airflow/.local/lib/python3.7/site-packages/airflow/example_dags/example_trigger_controller_dag.py took 0.078 seconds
[2022-04-13 09:10:31,582] {processor.py:163} INFO - Started process (PID=562) to work on /home/airflow/.local/lib/python3.7/site-packages/airflow/example_dags/example_trigger_controller_dag.py
[2022-04-13 09:10:31,583] {processor.py:642} INFO - Processing file /home/airflow/.local/lib/python3.7/site-packages/airflow/example_dags/example_trigger_controller_dag.py for tasks to queue
[2022-04-13 09:10:31,584] {logging_mixin.py:109} INFO - [2022-04-13 09:10:31,584] {dagbag.py:500} INFO - Filling up the DagBag from /home/airflow/.local/lib/python3.7/site-packages/airflow/example_dags/example_trigger_controller_dag.py
[2022-04-13 09:10:31,596] {processor.py:652} INFO - DAG(s) dict_keys(['example_trigger_controller_dag']) retrieved from /home/airflow/.local/lib/python3.7/site-packages/airflow/example_dags/example_trigger_controller_dag.py
[2022-04-13 09:10:31,620] {logging_mixin.py:109} INFO - [2022-04-13 09:10:31,620] {dag.py:2398} INFO - Sync 1 DAGs
[2022-04-13 09:10:31,646] {logging_mixin.py:109} INFO - [2022-04-13 09:10:31,646] {dag.py:2937} INFO - Setting next_dagrun for example_trigger_controller_dag to 2021-01-01T00:00:00+00:00
[2022-04-13 09:10:31,660] {processor.py:171} INFO - Processing /home/airflow/.local/lib/python3.7/site-packages/airflow/example_dags/example_trigger_controller_dag.py took 0.081 seconds
[2022-04-13 09:11:02,531] {processor.py:163} INFO - Started process (PID=613) to work on /home/airflow/.local/lib/python3.7/site-packages/airflow/example_dags/example_trigger_controller_dag.py
[2022-04-13 09:11:02,532] {processor.py:642} INFO - Processing file /home/airflow/.local/lib/python3.7/site-packages/airflow/example_dags/example_trigger_controller_dag.py for tasks to queue
[2022-04-13 09:11:02,532] {logging_mixin.py:109} INFO - [2022-04-13 09:11:02,532] {dagbag.py:500} INFO - Filling up the DagBag from /home/airflow/.local/lib/python3.7/site-packages/airflow/example_dags/example_trigger_controller_dag.py
[2022-04-13 09:11:02,546] {processor.py:652} INFO - DAG(s) dict_keys(['example_trigger_controller_dag']) retrieved from /home/airflow/.local/lib/python3.7/site-packages/airflow/example_dags/example_trigger_controller_dag.py
[2022-04-13 09:11:02,646] {logging_mixin.py:109} INFO - [2022-04-13 09:11:02,646] {dag.py:2398} INFO - Sync 1 DAGs
[2022-04-13 09:11:02,673] {logging_mixin.py:109} INFO - [2022-04-13 09:11:02,672] {dag.py:2937} INFO - Setting next_dagrun for example_trigger_controller_dag to 2021-01-01T00:00:00+00:00
[2022-04-13 09:11:02,699] {processor.py:171} INFO - Processing /home/airflow/.local/lib/python3.7/site-packages/airflow/example_dags/example_trigger_controller_dag.py took 0.171 seconds
[2022-04-13 09:11:33,331] {processor.py:163} INFO - Started process (PID=662) to work on /home/airflow/.local/lib/python3.7/site-packages/airflow/example_dags/example_trigger_controller_dag.py
[2022-04-13 09:11:33,333] {processor.py:642} INFO - Processing file /home/airflow/.local/lib/python3.7/site-packages/airflow/example_dags/example_trigger_controller_dag.py for tasks to queue
[2022-04-13 09:11:33,334] {logging_mixin.py:109} INFO - [2022-04-13 09:11:33,334] {dagbag.py:500} INFO - Filling up the DagBag from /home/airflow/.local/lib/python3.7/site-packages/airflow/example_dags/example_trigger_controller_dag.py
[2022-04-13 09:11:33,348] {processor.py:652} INFO - DAG(s) dict_keys(['example_trigger_controller_dag']) retrieved from /home/airflow/.local/lib/python3.7/site-packages/airflow/example_dags/example_trigger_controller_dag.py
[2022-04-13 09:11:33,372] {logging_mixin.py:109} INFO - [2022-04-13 09:11:33,371] {dag.py:2398} INFO - Sync 1 DAGs
[2022-04-13 09:11:33,393] {logging_mixin.py:109} INFO - [2022-04-13 09:11:33,393] {dag.py:2937} INFO - Setting next_dagrun for example_trigger_controller_dag to 2021-01-01T00:00:00+00:00
[2022-04-13 09:11:33,409] {processor.py:171} INFO - Processing /home/airflow/.local/lib/python3.7/site-packages/airflow/example_dags/example_trigger_controller_dag.py took 0.080 seconds
[2022-04-13 09:12:04,659] {processor.py:163} INFO - Started process (PID=724) to work on /home/airflow/.local/lib/python3.7/site-packages/airflow/example_dags/example_trigger_controller_dag.py
[2022-04-13 09:12:04,660] {processor.py:642} INFO - Processing file /home/airflow/.local/lib/python3.7/site-packages/airflow/example_dags/example_trigger_controller_dag.py for tasks to queue
[2022-04-13 09:12:04,661] {logging_mixin.py:109} INFO - [2022-04-13 09:12:04,661] {dagbag.py:500} INFO - Filling up the DagBag from /home/airflow/.local/lib/python3.7/site-packages/airflow/example_dags/example_trigger_controller_dag.py
[2022-04-13 09:12:04,675] {processor.py:652} INFO - DAG(s) dict_keys(['example_trigger_controller_dag']) retrieved from /home/airflow/.local/lib/python3.7/site-packages/airflow/example_dags/example_trigger_controller_dag.py
[2022-04-13 09:12:04,697] {logging_mixin.py:109} INFO - [2022-04-13 09:12:04,697] {dag.py:2398} INFO - Sync 1 DAGs
[2022-04-13 09:12:04,716] {logging_mixin.py:109} INFO - [2022-04-13 09:12:04,716] {dag.py:2937} INFO - Setting next_dagrun for example_trigger_controller_dag to 2021-01-01T00:00:00+00:00
[2022-04-13 09:12:04,729] {processor.py:171} INFO - Processing /home/airflow/.local/lib/python3.7/site-packages/airflow/example_dags/example_trigger_controller_dag.py took 0.073 seconds
[2022-04-13 09:12:35,971] {processor.py:163} INFO - Started process (PID=776) to work on /home/airflow/.local/lib/python3.7/site-packages/airflow/example_dags/example_trigger_controller_dag.py
[2022-04-13 09:12:35,972] {processor.py:642} INFO - Processing file /home/airflow/.local/lib/python3.7/site-packages/airflow/example_dags/example_trigger_controller_dag.py for tasks to queue
[2022-04-13 09:12:35,973] {logging_mixin.py:109} INFO - [2022-04-13 09:12:35,973] {dagbag.py:500} INFO - Filling up the DagBag from /home/airflow/.local/lib/python3.7/site-packages/airflow/example_dags/example_trigger_controller_dag.py
[2022-04-13 09:12:35,989] {processor.py:652} INFO - DAG(s) dict_keys(['example_trigger_controller_dag']) retrieved from /home/airflow/.local/lib/python3.7/site-packages/airflow/example_dags/example_trigger_controller_dag.py
[2022-04-13 09:12:36,012] {logging_mixin.py:109} INFO - [2022-04-13 09:12:36,012] {dag.py:2398} INFO - Sync 1 DAGs
[2022-04-13 09:12:36,034] {logging_mixin.py:109} INFO - [2022-04-13 09:12:36,033] {dag.py:2937} INFO - Setting next_dagrun for example_trigger_controller_dag to 2021-01-01T00:00:00+00:00
[2022-04-13 09:12:36,047] {processor.py:171} INFO - Processing /home/airflow/.local/lib/python3.7/site-packages/airflow/example_dags/example_trigger_controller_dag.py took 0.078 seconds
[2022-04-13 09:13:07,155] {processor.py:163} INFO - Started process (PID=835) to work on /home/airflow/.local/lib/python3.7/site-packages/airflow/example_dags/example_trigger_controller_dag.py
[2022-04-13 09:13:07,157] {processor.py:642} INFO - Processing file /home/airflow/.local/lib/python3.7/site-packages/airflow/example_dags/example_trigger_controller_dag.py for tasks to queue
[2022-04-13 09:13:07,157] {logging_mixin.py:109} INFO - [2022-04-13 09:13:07,157] {dagbag.py:500} INFO - Filling up the DagBag from /home/airflow/.local/lib/python3.7/site-packages/airflow/example_dags/example_trigger_controller_dag.py
[2022-04-13 09:13:07,176] {processor.py:652} INFO - DAG(s) dict_keys(['example_trigger_controller_dag']) retrieved from /home/airflow/.local/lib/python3.7/site-packages/airflow/example_dags/example_trigger_controller_dag.py
[2022-04-13 09:13:07,203] {logging_mixin.py:109} INFO - [2022-04-13 09:13:07,202] {dag.py:2398} INFO - Sync 1 DAGs
[2022-04-13 09:13:07,224] {logging_mixin.py:109} INFO - [2022-04-13 09:13:07,224] {dag.py:2937} INFO - Setting next_dagrun for example_trigger_controller_dag to 2021-01-01T00:00:00+00:00
[2022-04-13 09:13:07,242] {processor.py:171} INFO - Processing /home/airflow/.local/lib/python3.7/site-packages/airflow/example_dags/example_trigger_controller_dag.py took 0.091 seconds
[2022-04-13 09:13:38,268] {processor.py:163} INFO - Started process (PID=886) to work on /home/airflow/.local/lib/python3.7/site-packages/airflow/example_dags/example_trigger_controller_dag.py
[2022-04-13 09:13:38,269] {processor.py:642} INFO - Processing file /home/airflow/.local/lib/python3.7/site-packages/airflow/example_dags/example_trigger_controller_dag.py for tasks to queue
[2022-04-13 09:13:38,270] {logging_mixin.py:109} INFO - [2022-04-13 09:13:38,270] {dagbag.py:500} INFO - Filling up the DagBag from /home/airflow/.local/lib/python3.7/site-packages/airflow/example_dags/example_trigger_controller_dag.py
[2022-04-13 09:13:38,285] {processor.py:652} INFO - DAG(s) dict_keys(['example_trigger_controller_dag']) retrieved from /home/airflow/.local/lib/python3.7/site-packages/airflow/example_dags/example_trigger_controller_dag.py
[2022-04-13 09:13:38,308] {logging_mixin.py:109} INFO - [2022-04-13 09:13:38,308] {dag.py:2398} INFO - Sync 1 DAGs
[2022-04-13 09:13:38,329] {logging_mixin.py:109} INFO - [2022-04-13 09:13:38,329] {dag.py:2937} INFO - Setting next_dagrun for example_trigger_controller_dag to 2021-01-01T00:00:00+00:00
[2022-04-13 09:13:38,342] {processor.py:171} INFO - Processing /home/airflow/.local/lib/python3.7/site-packages/airflow/example_dags/example_trigger_controller_dag.py took 0.077 seconds
[2022-04-13 09:14:09,369] {processor.py:163} INFO - Started process (PID=938) to work on /home/airflow/.local/lib/python3.7/site-packages/airflow/example_dags/example_trigger_controller_dag.py
[2022-04-13 09:14:09,372] {processor.py:642} INFO - Processing file /home/airflow/.local/lib/python3.7/site-packages/airflow/example_dags/example_trigger_controller_dag.py for tasks to queue
[2022-04-13 09:14:09,372] {logging_mixin.py:109} INFO - [2022-04-13 09:14:09,372] {dagbag.py:500} INFO - Filling up the DagBag from /home/airflow/.local/lib/python3.7/site-packages/airflow/example_dags/example_trigger_controller_dag.py
[2022-04-13 09:14:09,390] {processor.py:652} INFO - DAG(s) dict_keys(['example_trigger_controller_dag']) retrieved from /home/airflow/.local/lib/python3.7/site-packages/airflow/example_dags/example_trigger_controller_dag.py
[2022-04-13 09:14:09,415] {logging_mixin.py:109} INFO - [2022-04-13 09:14:09,415] {dag.py:2398} INFO - Sync 1 DAGs
[2022-04-13 09:14:09,436] {logging_mixin.py:109} INFO - [2022-04-13 09:14:09,435] {dag.py:2937} INFO - Setting next_dagrun for example_trigger_controller_dag to 2021-01-01T00:00:00+00:00
[2022-04-13 09:14:09,453] {processor.py:171} INFO - Processing /home/airflow/.local/lib/python3.7/site-packages/airflow/example_dags/example_trigger_controller_dag.py took 0.086 seconds
[2022-04-13 09:14:40,403] {processor.py:163} INFO - Started process (PID=998) to work on /home/airflow/.local/lib/python3.7/site-packages/airflow/example_dags/example_trigger_controller_dag.py
[2022-04-13 09:14:40,405] {processor.py:642} INFO - Processing file /home/airflow/.local/lib/python3.7/site-packages/airflow/example_dags/example_trigger_controller_dag.py for tasks to queue
[2022-04-13 09:14:40,405] {logging_mixin.py:109} INFO - [2022-04-13 09:14:40,405] {dagbag.py:500} INFO - Filling up the DagBag from /home/airflow/.local/lib/python3.7/site-packages/airflow/example_dags/example_trigger_controller_dag.py
[2022-04-13 09:14:40,418] {processor.py:652} INFO - DAG(s) dict_keys(['example_trigger_controller_dag']) retrieved from /home/airflow/.local/lib/python3.7/site-packages/airflow/example_dags/example_trigger_controller_dag.py
[2022-04-13 09:14:40,442] {logging_mixin.py:109} INFO - [2022-04-13 09:14:40,442] {dag.py:2398} INFO - Sync 1 DAGs
[2022-04-13 09:14:40,468] {logging_mixin.py:109} INFO - [2022-04-13 09:14:40,468] {dag.py:2937} INFO - Setting next_dagrun for example_trigger_controller_dag to 2021-01-01T00:00:00+00:00
[2022-04-13 09:14:40,482] {processor.py:171} INFO - Processing /home/airflow/.local/lib/python3.7/site-packages/airflow/example_dags/example_trigger_controller_dag.py took 0.081 seconds
[2022-04-13 09:15:11,563] {processor.py:163} INFO - Started process (PID=1047) to work on /home/airflow/.local/lib/python3.7/site-packages/airflow/example_dags/example_trigger_controller_dag.py
[2022-04-13 09:15:11,566] {processor.py:642} INFO - Processing file /home/airflow/.local/lib/python3.7/site-packages/airflow/example_dags/example_trigger_controller_dag.py for tasks to queue
[2022-04-13 09:15:11,566] {logging_mixin.py:109} INFO - [2022-04-13 09:15:11,566] {dagbag.py:500} INFO - Filling up the DagBag from /home/airflow/.local/lib/python3.7/site-packages/airflow/example_dags/example_trigger_controller_dag.py
[2022-04-13 09:15:11,580] {processor.py:652} INFO - DAG(s) dict_keys(['example_trigger_controller_dag']) retrieved from /home/airflow/.local/lib/python3.7/site-packages/airflow/example_dags/example_trigger_controller_dag.py
[2022-04-13 09:15:11,605] {logging_mixin.py:109} INFO - [2022-04-13 09:15:11,604] {dag.py:2398} INFO - Sync 1 DAGs
[2022-04-13 09:15:11,627] {logging_mixin.py:109} INFO - [2022-04-13 09:15:11,627] {dag.py:2937} INFO - Setting next_dagrun for example_trigger_controller_dag to 2021-01-01T00:00:00+00:00
[2022-04-13 09:15:11,645] {processor.py:171} INFO - Processing /home/airflow/.local/lib/python3.7/site-packages/airflow/example_dags/example_trigger_controller_dag.py took 0.083 seconds
[2022-04-13 09:15:42,706] {processor.py:163} INFO - Started process (PID=1098) to work on /home/airflow/.local/lib/python3.7/site-packages/airflow/example_dags/example_trigger_controller_dag.py
[2022-04-13 09:15:42,707] {processor.py:642} INFO - Processing file /home/airflow/.local/lib/python3.7/site-packages/airflow/example_dags/example_trigger_controller_dag.py for tasks to queue
[2022-04-13 09:15:42,708] {logging_mixin.py:109} INFO - [2022-04-13 09:15:42,707] {dagbag.py:500} INFO - Filling up the DagBag from /home/airflow/.local/lib/python3.7/site-packages/airflow/example_dags/example_trigger_controller_dag.py
[2022-04-13 09:15:42,726] {processor.py:652} INFO - DAG(s) dict_keys(['example_trigger_controller_dag']) retrieved from /home/airflow/.local/lib/python3.7/site-packages/airflow/example_dags/example_trigger_controller_dag.py
[2022-04-13 09:15:42,753] {logging_mixin.py:109} INFO - [2022-04-13 09:15:42,753] {dag.py:2398} INFO - Sync 1 DAGs
[2022-04-13 09:15:42,775] {logging_mixin.py:109} INFO - [2022-04-13 09:15:42,775] {dag.py:2937} INFO - Setting next_dagrun for example_trigger_controller_dag to 2021-01-01T00:00:00+00:00
[2022-04-13 09:15:42,789] {processor.py:171} INFO - Processing /home/airflow/.local/lib/python3.7/site-packages/airflow/example_dags/example_trigger_controller_dag.py took 0.087 seconds
[2022-04-13 09:16:13,652] {processor.py:163} INFO - Started process (PID=1158) to work on /home/airflow/.local/lib/python3.7/site-packages/airflow/example_dags/example_trigger_controller_dag.py
[2022-04-13 09:16:13,653] {processor.py:642} INFO - Processing file /home/airflow/.local/lib/python3.7/site-packages/airflow/example_dags/example_trigger_controller_dag.py for tasks to queue
[2022-04-13 09:16:13,654] {logging_mixin.py:109} INFO - [2022-04-13 09:16:13,654] {dagbag.py:500} INFO - Filling up the DagBag from /home/airflow/.local/lib/python3.7/site-packages/airflow/example_dags/example_trigger_controller_dag.py
[2022-04-13 09:16:13,670] {processor.py:652} INFO - DAG(s) dict_keys(['example_trigger_controller_dag']) retrieved from /home/airflow/.local/lib/python3.7/site-packages/airflow/example_dags/example_trigger_controller_dag.py
[2022-04-13 09:16:13,693] {logging_mixin.py:109} INFO - [2022-04-13 09:16:13,693] {dag.py:2398} INFO - Sync 1 DAGs
[2022-04-13 09:16:13,714] {logging_mixin.py:109} INFO - [2022-04-13 09:16:13,714] {dag.py:2937} INFO - Setting next_dagrun for example_trigger_controller_dag to 2021-01-01T00:00:00+00:00
[2022-04-13 09:16:13,727] {processor.py:171} INFO - Processing /home/airflow/.local/lib/python3.7/site-packages/airflow/example_dags/example_trigger_controller_dag.py took 0.079 seconds
[2022-04-13 09:16:44,229] {processor.py:163} INFO - Started process (PID=1209) to work on /home/airflow/.local/lib/python3.7/site-packages/airflow/example_dags/example_trigger_controller_dag.py
[2022-04-13 09:16:44,231] {processor.py:642} INFO - Processing file /home/airflow/.local/lib/python3.7/site-packages/airflow/example_dags/example_trigger_controller_dag.py for tasks to queue
[2022-04-13 09:16:44,231] {logging_mixin.py:109} INFO - [2022-04-13 09:16:44,231] {dagbag.py:500} INFO - Filling up the DagBag from /home/airflow/.local/lib/python3.7/site-packages/airflow/example_dags/example_trigger_controller_dag.py
[2022-04-13 09:16:44,250] {processor.py:652} INFO - DAG(s) dict_keys(['example_trigger_controller_dag']) retrieved from /home/airflow/.local/lib/python3.7/site-packages/airflow/example_dags/example_trigger_controller_dag.py
[2022-04-13 09:16:44,279] {logging_mixin.py:109} INFO - [2022-04-13 09:16:44,279] {dag.py:2398} INFO - Sync 1 DAGs
[2022-04-13 09:16:44,302] {logging_mixin.py:109} INFO - [2022-04-13 09:16:44,302] {dag.py:2937} INFO - Setting next_dagrun for example_trigger_controller_dag to 2021-01-01T00:00:00+00:00
[2022-04-13 09:16:44,319] {processor.py:171} INFO - Processing /home/airflow/.local/lib/python3.7/site-packages/airflow/example_dags/example_trigger_controller_dag.py took 0.094 seconds
[2022-04-13 09:17:15,560] {processor.py:163} INFO - Started process (PID=1260) to work on /home/airflow/.local/lib/python3.7/site-packages/airflow/example_dags/example_trigger_controller_dag.py
[2022-04-13 09:17:15,561] {processor.py:642} INFO - Processing file /home/airflow/.local/lib/python3.7/site-packages/airflow/example_dags/example_trigger_controller_dag.py for tasks to queue
[2022-04-13 09:17:15,561] {logging_mixin.py:109} INFO - [2022-04-13 09:17:15,561] {dagbag.py:500} INFO - Filling up the DagBag from /home/airflow/.local/lib/python3.7/site-packages/airflow/example_dags/example_trigger_controller_dag.py
[2022-04-13 09:17:15,582] {processor.py:652} INFO - DAG(s) dict_keys(['example_trigger_controller_dag']) retrieved from /home/airflow/.local/lib/python3.7/site-packages/airflow/example_dags/example_trigger_controller_dag.py
[2022-04-13 09:17:15,615] {logging_mixin.py:109} INFO - [2022-04-13 09:17:15,615] {dag.py:2398} INFO - Sync 1 DAGs
[2022-04-13 09:17:15,636] {logging_mixin.py:109} INFO - [2022-04-13 09:17:15,636] {dag.py:2937} INFO - Setting next_dagrun for example_trigger_controller_dag to 2021-01-01T00:00:00+00:00
[2022-04-13 09:17:15,649] {processor.py:171} INFO - Processing /home/airflow/.local/lib/python3.7/site-packages/airflow/example_dags/example_trigger_controller_dag.py took 0.091 seconds
[2022-04-13 09:17:46,798] {processor.py:163} INFO - Started process (PID=1321) to work on /home/airflow/.local/lib/python3.7/site-packages/airflow/example_dags/example_trigger_controller_dag.py
[2022-04-13 09:17:46,800] {processor.py:642} INFO - Processing file /home/airflow/.local/lib/python3.7/site-packages/airflow/example_dags/example_trigger_controller_dag.py for tasks to queue
[2022-04-13 09:17:46,801] {logging_mixin.py:109} INFO - [2022-04-13 09:17:46,801] {dagbag.py:500} INFO - Filling up the DagBag from /home/airflow/.local/lib/python3.7/site-packages/airflow/example_dags/example_trigger_controller_dag.py
[2022-04-13 09:17:46,814] {processor.py:652} INFO - DAG(s) dict_keys(['example_trigger_controller_dag']) retrieved from /home/airflow/.local/lib/python3.7/site-packages/airflow/example_dags/example_trigger_controller_dag.py
[2022-04-13 09:17:46,839] {logging_mixin.py:109} INFO - [2022-04-13 09:17:46,839] {dag.py:2398} INFO - Sync 1 DAGs
[2022-04-13 09:17:46,857] {logging_mixin.py:109} INFO - [2022-04-13 09:17:46,857] {dag.py:2937} INFO - Setting next_dagrun for example_trigger_controller_dag to 2021-01-01T00:00:00+00:00
[2022-04-13 09:17:46,871] {processor.py:171} INFO - Processing /home/airflow/.local/lib/python3.7/site-packages/airflow/example_dags/example_trigger_controller_dag.py took 0.076 seconds
[2022-04-13 09:18:18,076] {processor.py:163} INFO - Started process (PID=1372) to work on /home/airflow/.local/lib/python3.7/site-packages/airflow/example_dags/example_trigger_controller_dag.py
[2022-04-13 09:18:18,078] {processor.py:642} INFO - Processing file /home/airflow/.local/lib/python3.7/site-packages/airflow/example_dags/example_trigger_controller_dag.py for tasks to queue
[2022-04-13 09:18:18,078] {logging_mixin.py:109} INFO - [2022-04-13 09:18:18,078] {dagbag.py:500} INFO - Filling up the DagBag from /home/airflow/.local/lib/python3.7/site-packages/airflow/example_dags/example_trigger_controller_dag.py
[2022-04-13 09:18:18,093] {processor.py:652} INFO - DAG(s) dict_keys(['example_trigger_controller_dag']) retrieved from /home/airflow/.local/lib/python3.7/site-packages/airflow/example_dags/example_trigger_controller_dag.py
[2022-04-13 09:18:18,117] {logging_mixin.py:109} INFO - [2022-04-13 09:18:18,117] {dag.py:2398} INFO - Sync 1 DAGs
[2022-04-13 09:18:18,137] {logging_mixin.py:109} INFO - [2022-04-13 09:18:18,137] {dag.py:2937} INFO - Setting next_dagrun for example_trigger_controller_dag to 2021-01-01T00:00:00+00:00
[2022-04-13 09:18:18,152] {processor.py:171} INFO - Processing /home/airflow/.local/lib/python3.7/site-packages/airflow/example_dags/example_trigger_controller_dag.py took 0.078 seconds
[2022-04-13 09:18:49,616] {processor.py:163} INFO - Started process (PID=1433) to work on /home/airflow/.local/lib/python3.7/site-packages/airflow/example_dags/example_trigger_controller_dag.py
[2022-04-13 09:18:49,618] {processor.py:642} INFO - Processing file /home/airflow/.local/lib/python3.7/site-packages/airflow/example_dags/example_trigger_controller_dag.py for tasks to queue
[2022-04-13 09:18:49,619] {logging_mixin.py:109} INFO - [2022-04-13 09:18:49,619] {dagbag.py:500} INFO - Filling up the DagBag from /home/airflow/.local/lib/python3.7/site-packages/airflow/example_dags/example_trigger_controller_dag.py
[2022-04-13 09:18:49,638] {processor.py:652} INFO - DAG(s) dict_keys(['example_trigger_controller_dag']) retrieved from /home/airflow/.local/lib/python3.7/site-packages/airflow/example_dags/example_trigger_controller_dag.py
[2022-04-13 09:18:49,673] {logging_mixin.py:109} INFO - [2022-04-13 09:18:49,673] {dag.py:2398} INFO - Sync 1 DAGs
[2022-04-13 09:18:49,698] {logging_mixin.py:109} INFO - [2022-04-13 09:18:49,697] {dag.py:2937} INFO - Setting next_dagrun for example_trigger_controller_dag to 2021-01-01T00:00:00+00:00
[2022-04-13 09:18:49,716] {processor.py:171} INFO - Processing /home/airflow/.local/lib/python3.7/site-packages/airflow/example_dags/example_trigger_controller_dag.py took 0.102 seconds
[2022-04-13 09:19:20,491] {processor.py:163} INFO - Started process (PID=1484) to work on /home/airflow/.local/lib/python3.7/site-packages/airflow/example_dags/example_trigger_controller_dag.py
[2022-04-13 09:19:20,492] {processor.py:642} INFO - Processing file /home/airflow/.local/lib/python3.7/site-packages/airflow/example_dags/example_trigger_controller_dag.py for tasks to queue
[2022-04-13 09:19:20,493] {logging_mixin.py:109} INFO - [2022-04-13 09:19:20,493] {dagbag.py:500} INFO - Filling up the DagBag from /home/airflow/.local/lib/python3.7/site-packages/airflow/example_dags/example_trigger_controller_dag.py
[2022-04-13 09:19:20,507] {processor.py:652} INFO - DAG(s) dict_keys(['example_trigger_controller_dag']) retrieved from /home/airflow/.local/lib/python3.7/site-packages/airflow/example_dags/example_trigger_controller_dag.py
[2022-04-13 09:19:20,535] {logging_mixin.py:109} INFO - [2022-04-13 09:19:20,535] {dag.py:2398} INFO - Sync 1 DAGs
[2022-04-13 09:19:20,561] {logging_mixin.py:109} INFO - [2022-04-13 09:19:20,560] {dag.py:2937} INFO - Setting next_dagrun for example_trigger_controller_dag to 2021-01-01T00:00:00+00:00
[2022-04-13 09:19:20,582] {processor.py:171} INFO - Processing /home/airflow/.local/lib/python3.7/site-packages/airflow/example_dags/example_trigger_controller_dag.py took 0.095 seconds
[2022-04-13 09:19:51,358] {processor.py:163} INFO - Started process (PID=1535) to work on /home/airflow/.local/lib/python3.7/site-packages/airflow/example_dags/example_trigger_controller_dag.py
[2022-04-13 09:19:51,359] {processor.py:642} INFO - Processing file /home/airflow/.local/lib/python3.7/site-packages/airflow/example_dags/example_trigger_controller_dag.py for tasks to queue
[2022-04-13 09:19:51,359] {logging_mixin.py:109} INFO - [2022-04-13 09:19:51,359] {dagbag.py:500} INFO - Filling up the DagBag from /home/airflow/.local/lib/python3.7/site-packages/airflow/example_dags/example_trigger_controller_dag.py
[2022-04-13 09:19:51,373] {processor.py:652} INFO - DAG(s) dict_keys(['example_trigger_controller_dag']) retrieved from /home/airflow/.local/lib/python3.7/site-packages/airflow/example_dags/example_trigger_controller_dag.py
[2022-04-13 09:19:51,400] {logging_mixin.py:109} INFO - [2022-04-13 09:19:51,400] {dag.py:2398} INFO - Sync 1 DAGs
[2022-04-13 09:19:51,421] {logging_mixin.py:109} INFO - [2022-04-13 09:19:51,421] {dag.py:2937} INFO - Setting next_dagrun for example_trigger_controller_dag to 2021-01-01T00:00:00+00:00
[2022-04-13 09:19:51,436] {processor.py:171} INFO - Processing /home/airflow/.local/lib/python3.7/site-packages/airflow/example_dags/example_trigger_controller_dag.py took 0.081 seconds
[2022-04-13 09:20:22,486] {processor.py:163} INFO - Started process (PID=1595) to work on /home/airflow/.local/lib/python3.7/site-packages/airflow/example_dags/example_trigger_controller_dag.py
[2022-04-13 09:20:22,489] {processor.py:642} INFO - Processing file /home/airflow/.local/lib/python3.7/site-packages/airflow/example_dags/example_trigger_controller_dag.py for tasks to queue
[2022-04-13 09:20:22,489] {logging_mixin.py:109} INFO - [2022-04-13 09:20:22,489] {dagbag.py:500} INFO - Filling up the DagBag from /home/airflow/.local/lib/python3.7/site-packages/airflow/example_dags/example_trigger_controller_dag.py
[2022-04-13 09:20:22,503] {processor.py:652} INFO - DAG(s) dict_keys(['example_trigger_controller_dag']) retrieved from /home/airflow/.local/lib/python3.7/site-packages/airflow/example_dags/example_trigger_controller_dag.py
[2022-04-13 09:20:22,528] {logging_mixin.py:109} INFO - [2022-04-13 09:20:22,528] {dag.py:2398} INFO - Sync 1 DAGs
[2022-04-13 09:20:22,550] {logging_mixin.py:109} INFO - [2022-04-13 09:20:22,550] {dag.py:2937} INFO - Setting next_dagrun for example_trigger_controller_dag to 2021-01-01T00:00:00+00:00
[2022-04-13 09:20:22,564] {processor.py:171} INFO - Processing /home/airflow/.local/lib/python3.7/site-packages/airflow/example_dags/example_trigger_controller_dag.py took 0.081 seconds
[2022-04-13 09:20:53,558] {processor.py:163} INFO - Started process (PID=1647) to work on /home/airflow/.local/lib/python3.7/site-packages/airflow/example_dags/example_trigger_controller_dag.py
[2022-04-13 09:20:53,560] {processor.py:642} INFO - Processing file /home/airflow/.local/lib/python3.7/site-packages/airflow/example_dags/example_trigger_controller_dag.py for tasks to queue
[2022-04-13 09:20:53,561] {logging_mixin.py:109} INFO - [2022-04-13 09:20:53,561] {dagbag.py:500} INFO - Filling up the DagBag from /home/airflow/.local/lib/python3.7/site-packages/airflow/example_dags/example_trigger_controller_dag.py
[2022-04-13 09:20:53,573] {processor.py:652} INFO - DAG(s) dict_keys(['example_trigger_controller_dag']) retrieved from /home/airflow/.local/lib/python3.7/site-packages/airflow/example_dags/example_trigger_controller_dag.py
[2022-04-13 09:20:53,595] {logging_mixin.py:109} INFO - [2022-04-13 09:20:53,595] {dag.py:2398} INFO - Sync 1 DAGs
[2022-04-13 09:20:53,613] {logging_mixin.py:109} INFO - [2022-04-13 09:20:53,613] {dag.py:2937} INFO - Setting next_dagrun for example_trigger_controller_dag to 2021-01-01T00:00:00+00:00
[2022-04-13 09:20:53,625] {processor.py:171} INFO - Processing /home/airflow/.local/lib/python3.7/site-packages/airflow/example_dags/example_trigger_controller_dag.py took 0.071 seconds
[2022-04-13 09:21:24,813] {processor.py:163} INFO - Started process (PID=1698) to work on /home/airflow/.local/lib/python3.7/site-packages/airflow/example_dags/example_trigger_controller_dag.py
[2022-04-13 09:21:24,814] {processor.py:642} INFO - Processing file /home/airflow/.local/lib/python3.7/site-packages/airflow/example_dags/example_trigger_controller_dag.py for tasks to queue
[2022-04-13 09:21:24,815] {logging_mixin.py:109} INFO - [2022-04-13 09:21:24,815] {dagbag.py:500} INFO - Filling up the DagBag from /home/airflow/.local/lib/python3.7/site-packages/airflow/example_dags/example_trigger_controller_dag.py
[2022-04-13 09:21:24,828] {processor.py:652} INFO - DAG(s) dict_keys(['example_trigger_controller_dag']) retrieved from /home/airflow/.local/lib/python3.7/site-packages/airflow/example_dags/example_trigger_controller_dag.py
[2022-04-13 09:21:24,855] {logging_mixin.py:109} INFO - [2022-04-13 09:21:24,854] {dag.py:2398} INFO - Sync 1 DAGs
[2022-04-13 09:21:24,877] {logging_mixin.py:109} INFO - [2022-04-13 09:21:24,877] {dag.py:2937} INFO - Setting next_dagrun for example_trigger_controller_dag to 2021-01-01T00:00:00+00:00
[2022-04-13 09:21:24,890] {processor.py:171} INFO - Processing /home/airflow/.local/lib/python3.7/site-packages/airflow/example_dags/example_trigger_controller_dag.py took 0.079 seconds
[2022-04-13 09:21:55,912] {processor.py:163} INFO - Started process (PID=1758) to work on /home/airflow/.local/lib/python3.7/site-packages/airflow/example_dags/example_trigger_controller_dag.py
[2022-04-13 09:21:55,914] {processor.py:642} INFO - Processing file /home/airflow/.local/lib/python3.7/site-packages/airflow/example_dags/example_trigger_controller_dag.py for tasks to queue
[2022-04-13 09:21:55,914] {logging_mixin.py:109} INFO - [2022-04-13 09:21:55,914] {dagbag.py:500} INFO - Filling up the DagBag from /home/airflow/.local/lib/python3.7/site-packages/airflow/example_dags/example_trigger_controller_dag.py
[2022-04-13 09:21:55,933] {processor.py:652} INFO - DAG(s) dict_keys(['example_trigger_controller_dag']) retrieved from /home/airflow/.local/lib/python3.7/site-packages/airflow/example_dags/example_trigger_controller_dag.py
[2022-04-13 09:21:55,965] {logging_mixin.py:109} INFO - [2022-04-13 09:21:55,965] {dag.py:2398} INFO - Sync 1 DAGs
[2022-04-13 09:21:55,989] {logging_mixin.py:109} INFO - [2022-04-13 09:21:55,988] {dag.py:2937} INFO - Setting next_dagrun for example_trigger_controller_dag to 2021-01-01T00:00:00+00:00
[2022-04-13 09:21:56,005] {processor.py:171} INFO - Processing /home/airflow/.local/lib/python3.7/site-packages/airflow/example_dags/example_trigger_controller_dag.py took 0.096 seconds
[2022-04-13 09:22:27,259] {processor.py:163} INFO - Started process (PID=1810) to work on /home/airflow/.local/lib/python3.7/site-packages/airflow/example_dags/example_trigger_controller_dag.py
[2022-04-13 09:22:27,260] {processor.py:642} INFO - Processing file /home/airflow/.local/lib/python3.7/site-packages/airflow/example_dags/example_trigger_controller_dag.py for tasks to queue
[2022-04-13 09:22:27,261] {logging_mixin.py:109} INFO - [2022-04-13 09:22:27,261] {dagbag.py:500} INFO - Filling up the DagBag from /home/airflow/.local/lib/python3.7/site-packages/airflow/example_dags/example_trigger_controller_dag.py
[2022-04-13 09:22:27,275] {processor.py:652} INFO - DAG(s) dict_keys(['example_trigger_controller_dag']) retrieved from /home/airflow/.local/lib/python3.7/site-packages/airflow/example_dags/example_trigger_controller_dag.py
[2022-04-13 09:22:27,304] {logging_mixin.py:109} INFO - [2022-04-13 09:22:27,304] {dag.py:2398} INFO - Sync 1 DAGs
[2022-04-13 09:22:27,324] {logging_mixin.py:109} INFO - [2022-04-13 09:22:27,324] {dag.py:2937} INFO - Setting next_dagrun for example_trigger_controller_dag to 2021-01-01T00:00:00+00:00
[2022-04-13 09:22:27,341] {processor.py:171} INFO - Processing /home/airflow/.local/lib/python3.7/site-packages/airflow/example_dags/example_trigger_controller_dag.py took 0.085 seconds
[2022-04-13 09:22:58,777] {processor.py:163} INFO - Started process (PID=1862) to work on /home/airflow/.local/lib/python3.7/site-packages/airflow/example_dags/example_trigger_controller_dag.py
[2022-04-13 09:22:58,779] {processor.py:642} INFO - Processing file /home/airflow/.local/lib/python3.7/site-packages/airflow/example_dags/example_trigger_controller_dag.py for tasks to queue
[2022-04-13 09:22:58,780] {logging_mixin.py:109} INFO - [2022-04-13 09:22:58,780] {dagbag.py:500} INFO - Filling up the DagBag from /home/airflow/.local/lib/python3.7/site-packages/airflow/example_dags/example_trigger_controller_dag.py
[2022-04-13 09:22:58,795] {processor.py:652} INFO - DAG(s) dict_keys(['example_trigger_controller_dag']) retrieved from /home/airflow/.local/lib/python3.7/site-packages/airflow/example_dags/example_trigger_controller_dag.py
[2022-04-13 09:22:58,821] {logging_mixin.py:109} INFO - [2022-04-13 09:22:58,821] {dag.py:2398} INFO - Sync 1 DAGs
[2022-04-13 09:22:58,841] {logging_mixin.py:109} INFO - [2022-04-13 09:22:58,841] {dag.py:2937} INFO - Setting next_dagrun for example_trigger_controller_dag to 2021-01-01T00:00:00+00:00
[2022-04-13 09:22:58,854] {processor.py:171} INFO - Processing /home/airflow/.local/lib/python3.7/site-packages/airflow/example_dags/example_trigger_controller_dag.py took 0.079 seconds
[2022-04-13 09:23:29,617] {processor.py:163} INFO - Started process (PID=1924) to work on /home/airflow/.local/lib/python3.7/site-packages/airflow/example_dags/example_trigger_controller_dag.py
[2022-04-13 09:23:29,618] {processor.py:642} INFO - Processing file /home/airflow/.local/lib/python3.7/site-packages/airflow/example_dags/example_trigger_controller_dag.py for tasks to queue
[2022-04-13 09:23:29,619] {logging_mixin.py:109} INFO - [2022-04-13 09:23:29,619] {dagbag.py:500} INFO - Filling up the DagBag from /home/airflow/.local/lib/python3.7/site-packages/airflow/example_dags/example_trigger_controller_dag.py
[2022-04-13 09:23:29,635] {processor.py:652} INFO - DAG(s) dict_keys(['example_trigger_controller_dag']) retrieved from /home/airflow/.local/lib/python3.7/site-packages/airflow/example_dags/example_trigger_controller_dag.py
[2022-04-13 09:23:29,660] {logging_mixin.py:109} INFO - [2022-04-13 09:23:29,660] {dag.py:2398} INFO - Sync 1 DAGs
[2022-04-13 09:23:29,678] {logging_mixin.py:109} INFO - [2022-04-13 09:23:29,678] {dag.py:2937} INFO - Setting next_dagrun for example_trigger_controller_dag to 2021-01-01T00:00:00+00:00
[2022-04-13 09:23:29,688] {processor.py:171} INFO - Processing /home/airflow/.local/lib/python3.7/site-packages/airflow/example_dags/example_trigger_controller_dag.py took 0.074 seconds
[2022-04-13 09:24:01,096] {processor.py:163} INFO - Started process (PID=1975) to work on /home/airflow/.local/lib/python3.7/site-packages/airflow/example_dags/example_trigger_controller_dag.py
[2022-04-13 09:24:01,098] {processor.py:642} INFO - Processing file /home/airflow/.local/lib/python3.7/site-packages/airflow/example_dags/example_trigger_controller_dag.py for tasks to queue
[2022-04-13 09:24:01,098] {logging_mixin.py:109} INFO - [2022-04-13 09:24:01,098] {dagbag.py:500} INFO - Filling up the DagBag from /home/airflow/.local/lib/python3.7/site-packages/airflow/example_dags/example_trigger_controller_dag.py
[2022-04-13 09:24:01,111] {processor.py:652} INFO - DAG(s) dict_keys(['example_trigger_controller_dag']) retrieved from /home/airflow/.local/lib/python3.7/site-packages/airflow/example_dags/example_trigger_controller_dag.py
[2022-04-13 09:24:01,134] {logging_mixin.py:109} INFO - [2022-04-13 09:24:01,134] {dag.py:2398} INFO - Sync 1 DAGs
[2022-04-13 09:24:01,157] {logging_mixin.py:109} INFO - [2022-04-13 09:24:01,157] {dag.py:2937} INFO - Setting next_dagrun for example_trigger_controller_dag to 2021-01-01T00:00:00+00:00
[2022-04-13 09:24:01,173] {processor.py:171} INFO - Processing /home/airflow/.local/lib/python3.7/site-packages/airflow/example_dags/example_trigger_controller_dag.py took 0.080 seconds
[2022-04-13 09:24:32,125] {processor.py:163} INFO - Started process (PID=2034) to work on /home/airflow/.local/lib/python3.7/site-packages/airflow/example_dags/example_trigger_controller_dag.py
[2022-04-13 09:24:32,126] {processor.py:642} INFO - Processing file /home/airflow/.local/lib/python3.7/site-packages/airflow/example_dags/example_trigger_controller_dag.py for tasks to queue
[2022-04-13 09:24:32,127] {logging_mixin.py:109} INFO - [2022-04-13 09:24:32,127] {dagbag.py:500} INFO - Filling up the DagBag from /home/airflow/.local/lib/python3.7/site-packages/airflow/example_dags/example_trigger_controller_dag.py
[2022-04-13 09:24:32,142] {processor.py:652} INFO - DAG(s) dict_keys(['example_trigger_controller_dag']) retrieved from /home/airflow/.local/lib/python3.7/site-packages/airflow/example_dags/example_trigger_controller_dag.py
[2022-04-13 09:24:32,167] {logging_mixin.py:109} INFO - [2022-04-13 09:24:32,167] {dag.py:2398} INFO - Sync 1 DAGs
[2022-04-13 09:24:32,192] {logging_mixin.py:109} INFO - [2022-04-13 09:24:32,192] {dag.py:2937} INFO - Setting next_dagrun for example_trigger_controller_dag to 2021-01-01T00:00:00+00:00
[2022-04-13 09:24:32,208] {processor.py:171} INFO - Processing /home/airflow/.local/lib/python3.7/site-packages/airflow/example_dags/example_trigger_controller_dag.py took 0.085 seconds
[2022-04-13 09:25:03,309] {processor.py:163} INFO - Started process (PID=2088) to work on /home/airflow/.local/lib/python3.7/site-packages/airflow/example_dags/example_trigger_controller_dag.py
[2022-04-13 09:25:03,311] {processor.py:642} INFO - Processing file /home/airflow/.local/lib/python3.7/site-packages/airflow/example_dags/example_trigger_controller_dag.py for tasks to queue
[2022-04-13 09:25:03,312] {logging_mixin.py:109} INFO - [2022-04-13 09:25:03,312] {dagbag.py:500} INFO - Filling up the DagBag from /home/airflow/.local/lib/python3.7/site-packages/airflow/example_dags/example_trigger_controller_dag.py
[2022-04-13 09:25:03,326] {processor.py:652} INFO - DAG(s) dict_keys(['example_trigger_controller_dag']) retrieved from /home/airflow/.local/lib/python3.7/site-packages/airflow/example_dags/example_trigger_controller_dag.py
[2022-04-13 09:25:03,349] {logging_mixin.py:109} INFO - [2022-04-13 09:25:03,349] {dag.py:2398} INFO - Sync 1 DAGs
[2022-04-13 09:25:03,368] {logging_mixin.py:109} INFO - [2022-04-13 09:25:03,368] {dag.py:2937} INFO - Setting next_dagrun for example_trigger_controller_dag to 2021-01-01T00:00:00+00:00
[2022-04-13 09:25:03,382] {processor.py:171} INFO - Processing /home/airflow/.local/lib/python3.7/site-packages/airflow/example_dags/example_trigger_controller_dag.py took 0.075 seconds
[2022-04-13 09:25:33,842] {processor.py:163} INFO - Started process (PID=2138) to work on /home/airflow/.local/lib/python3.7/site-packages/airflow/example_dags/example_trigger_controller_dag.py
[2022-04-13 09:25:33,843] {processor.py:642} INFO - Processing file /home/airflow/.local/lib/python3.7/site-packages/airflow/example_dags/example_trigger_controller_dag.py for tasks to queue
[2022-04-13 09:25:33,843] {logging_mixin.py:109} INFO - [2022-04-13 09:25:33,843] {dagbag.py:500} INFO - Filling up the DagBag from /home/airflow/.local/lib/python3.7/site-packages/airflow/example_dags/example_trigger_controller_dag.py
[2022-04-13 09:25:33,859] {processor.py:652} INFO - DAG(s) dict_keys(['example_trigger_controller_dag']) retrieved from /home/airflow/.local/lib/python3.7/site-packages/airflow/example_dags/example_trigger_controller_dag.py
[2022-04-13 09:25:33,885] {logging_mixin.py:109} INFO - [2022-04-13 09:25:33,885] {dag.py:2398} INFO - Sync 1 DAGs
[2022-04-13 09:25:33,913] {logging_mixin.py:109} INFO - [2022-04-13 09:25:33,913] {dag.py:2937} INFO - Setting next_dagrun for example_trigger_controller_dag to 2021-01-01T00:00:00+00:00
[2022-04-13 09:25:33,926] {processor.py:171} INFO - Processing /home/airflow/.local/lib/python3.7/site-packages/airflow/example_dags/example_trigger_controller_dag.py took 0.087 seconds
[2022-04-13 09:26:04,917] {processor.py:163} INFO - Started process (PID=2198) to work on /home/airflow/.local/lib/python3.7/site-packages/airflow/example_dags/example_trigger_controller_dag.py
[2022-04-13 09:26:04,918] {processor.py:642} INFO - Processing file /home/airflow/.local/lib/python3.7/site-packages/airflow/example_dags/example_trigger_controller_dag.py for tasks to queue
[2022-04-13 09:26:04,919] {logging_mixin.py:109} INFO - [2022-04-13 09:26:04,919] {dagbag.py:500} INFO - Filling up the DagBag from /home/airflow/.local/lib/python3.7/site-packages/airflow/example_dags/example_trigger_controller_dag.py
[2022-04-13 09:26:04,934] {processor.py:652} INFO - DAG(s) dict_keys(['example_trigger_controller_dag']) retrieved from /home/airflow/.local/lib/python3.7/site-packages/airflow/example_dags/example_trigger_controller_dag.py
[2022-04-13 09:26:04,962] {logging_mixin.py:109} INFO - [2022-04-13 09:26:04,962] {dag.py:2398} INFO - Sync 1 DAGs
[2022-04-13 09:26:04,984] {logging_mixin.py:109} INFO - [2022-04-13 09:26:04,984] {dag.py:2937} INFO - Setting next_dagrun for example_trigger_controller_dag to 2021-01-01T00:00:00+00:00
[2022-04-13 09:26:04,999] {processor.py:171} INFO - Processing /home/airflow/.local/lib/python3.7/site-packages/airflow/example_dags/example_trigger_controller_dag.py took 0.085 seconds
