[2022-04-13 08:46:34,091] {processor.py:163} INFO - Started process (PID=242) to work on /home/airflow/.local/lib/python3.7/site-packages/airflow/example_dags/example_sla_dag.py
[2022-04-13 08:46:34,093] {processor.py:642} INFO - Processing file /home/airflow/.local/lib/python3.7/site-packages/airflow/example_dags/example_sla_dag.py for tasks to queue
[2022-04-13 08:46:34,094] {logging_mixin.py:109} INFO - [2022-04-13 08:46:34,093] {dagbag.py:500} INFO - Filling up the DagBag from /home/airflow/.local/lib/python3.7/site-packages/airflow/example_dags/example_sla_dag.py
[2022-04-13 08:46:34,125] {processor.py:652} INFO - DAG(s) dict_keys(['example_sla_dag']) retrieved from /home/airflow/.local/lib/python3.7/site-packages/airflow/example_dags/example_sla_dag.py
[2022-04-13 08:46:35,996] {logging_mixin.py:109} INFO - [2022-04-13 08:46:35,996] {manager.py:496} INFO - Created Permission View: can read on DAG:example_sla_dag
[2022-04-13 08:46:36,020] {logging_mixin.py:109} INFO - [2022-04-13 08:46:36,020] {manager.py:496} INFO - Created Permission View: can edit on DAG:example_sla_dag
[2022-04-13 08:46:36,021] {logging_mixin.py:109} INFO - [2022-04-13 08:46:36,020] {dag.py:2398} INFO - Sync 1 DAGs
[2022-04-13 08:46:36,051] {logging_mixin.py:109} INFO - [2022-04-13 08:46:36,050] {dag.py:2417} INFO - Creating ORM DAG for example_sla_dag
[2022-04-13 08:46:36,102] {logging_mixin.py:109} INFO - [2022-04-13 08:46:36,091] {dag.py:2937} INFO - Setting next_dagrun for example_sla_dag to 2022-04-13T08:44:00+00:00
[2022-04-13 08:46:36,124] {processor.py:171} INFO - Processing /home/airflow/.local/lib/python3.7/site-packages/airflow/example_dags/example_sla_dag.py took 2.037 seconds
[2022-04-13 08:47:06,195] {processor.py:163} INFO - Started process (PID=484) to work on /home/airflow/.local/lib/python3.7/site-packages/airflow/example_dags/example_sla_dag.py
[2022-04-13 08:47:06,197] {processor.py:642} INFO - Processing file /home/airflow/.local/lib/python3.7/site-packages/airflow/example_dags/example_sla_dag.py for tasks to queue
[2022-04-13 08:47:06,198] {logging_mixin.py:109} INFO - [2022-04-13 08:47:06,198] {dagbag.py:500} INFO - Filling up the DagBag from /home/airflow/.local/lib/python3.7/site-packages/airflow/example_dags/example_sla_dag.py
[2022-04-13 08:47:06,225] {processor.py:652} INFO - DAG(s) dict_keys(['example_sla_dag']) retrieved from /home/airflow/.local/lib/python3.7/site-packages/airflow/example_dags/example_sla_dag.py
[2022-04-13 08:47:06,250] {logging_mixin.py:109} INFO - [2022-04-13 08:47:06,250] {dag.py:2398} INFO - Sync 1 DAGs
[2022-04-13 08:47:06,276] {logging_mixin.py:109} INFO - [2022-04-13 08:47:06,276] {dag.py:2937} INFO - Setting next_dagrun for example_sla_dag to 2022-04-13T08:44:00+00:00
[2022-04-13 08:47:06,296] {processor.py:171} INFO - Processing /home/airflow/.local/lib/python3.7/site-packages/airflow/example_dags/example_sla_dag.py took 0.104 seconds
[2022-04-13 08:47:36,383] {processor.py:163} INFO - Started process (PID=536) to work on /home/airflow/.local/lib/python3.7/site-packages/airflow/example_dags/example_sla_dag.py
[2022-04-13 08:47:36,384] {processor.py:642} INFO - Processing file /home/airflow/.local/lib/python3.7/site-packages/airflow/example_dags/example_sla_dag.py for tasks to queue
[2022-04-13 08:47:36,384] {logging_mixin.py:109} INFO - [2022-04-13 08:47:36,384] {dagbag.py:500} INFO - Filling up the DagBag from /home/airflow/.local/lib/python3.7/site-packages/airflow/example_dags/example_sla_dag.py
[2022-04-13 08:47:36,406] {processor.py:652} INFO - DAG(s) dict_keys(['example_sla_dag']) retrieved from /home/airflow/.local/lib/python3.7/site-packages/airflow/example_dags/example_sla_dag.py
[2022-04-13 08:47:36,427] {logging_mixin.py:109} INFO - [2022-04-13 08:47:36,427] {dag.py:2398} INFO - Sync 1 DAGs
[2022-04-13 08:47:36,450] {logging_mixin.py:109} INFO - [2022-04-13 08:47:36,450] {dag.py:2937} INFO - Setting next_dagrun for example_sla_dag to 2022-04-13T08:44:00+00:00
[2022-04-13 08:47:36,464] {processor.py:171} INFO - Processing /home/airflow/.local/lib/python3.7/site-packages/airflow/example_dags/example_sla_dag.py took 0.084 seconds
[2022-04-13 08:48:06,539] {processor.py:163} INFO - Started process (PID=586) to work on /home/airflow/.local/lib/python3.7/site-packages/airflow/example_dags/example_sla_dag.py
[2022-04-13 08:48:06,540] {processor.py:642} INFO - Processing file /home/airflow/.local/lib/python3.7/site-packages/airflow/example_dags/example_sla_dag.py for tasks to queue
[2022-04-13 08:48:06,541] {logging_mixin.py:109} INFO - [2022-04-13 08:48:06,541] {dagbag.py:500} INFO - Filling up the DagBag from /home/airflow/.local/lib/python3.7/site-packages/airflow/example_dags/example_sla_dag.py
[2022-04-13 08:48:06,560] {processor.py:652} INFO - DAG(s) dict_keys(['example_sla_dag']) retrieved from /home/airflow/.local/lib/python3.7/site-packages/airflow/example_dags/example_sla_dag.py
[2022-04-13 08:48:06,584] {logging_mixin.py:109} INFO - [2022-04-13 08:48:06,584] {dag.py:2398} INFO - Sync 1 DAGs
[2022-04-13 08:48:06,606] {logging_mixin.py:109} INFO - [2022-04-13 08:48:06,606] {dag.py:2937} INFO - Setting next_dagrun for example_sla_dag to 2022-04-13T08:46:00+00:00
[2022-04-13 08:48:06,623] {processor.py:171} INFO - Processing /home/airflow/.local/lib/python3.7/site-packages/airflow/example_dags/example_sla_dag.py took 0.086 seconds
[2022-04-13 08:48:37,021] {processor.py:163} INFO - Started process (PID=647) to work on /home/airflow/.local/lib/python3.7/site-packages/airflow/example_dags/example_sla_dag.py
[2022-04-13 08:48:37,022] {processor.py:642} INFO - Processing file /home/airflow/.local/lib/python3.7/site-packages/airflow/example_dags/example_sla_dag.py for tasks to queue
[2022-04-13 08:48:37,023] {logging_mixin.py:109} INFO - [2022-04-13 08:48:37,023] {dagbag.py:500} INFO - Filling up the DagBag from /home/airflow/.local/lib/python3.7/site-packages/airflow/example_dags/example_sla_dag.py
[2022-04-13 08:48:37,042] {processor.py:652} INFO - DAG(s) dict_keys(['example_sla_dag']) retrieved from /home/airflow/.local/lib/python3.7/site-packages/airflow/example_dags/example_sla_dag.py
[2022-04-13 08:48:37,065] {logging_mixin.py:109} INFO - [2022-04-13 08:48:37,065] {dag.py:2398} INFO - Sync 1 DAGs
[2022-04-13 08:48:37,086] {logging_mixin.py:109} INFO - [2022-04-13 08:48:37,086] {dag.py:2937} INFO - Setting next_dagrun for example_sla_dag to 2022-04-13T08:46:00+00:00
[2022-04-13 08:48:37,103] {processor.py:171} INFO - Processing /home/airflow/.local/lib/python3.7/site-packages/airflow/example_dags/example_sla_dag.py took 0.085 seconds
[2022-04-13 08:52:10,024] {processor.py:163} INFO - Started process (PID=52) to work on /home/airflow/.local/lib/python3.7/site-packages/airflow/example_dags/example_sla_dag.py
[2022-04-13 08:52:10,026] {processor.py:642} INFO - Processing file /home/airflow/.local/lib/python3.7/site-packages/airflow/example_dags/example_sla_dag.py for tasks to queue
[2022-04-13 08:52:10,027] {logging_mixin.py:109} INFO - [2022-04-13 08:52:10,027] {dagbag.py:500} INFO - Filling up the DagBag from /home/airflow/.local/lib/python3.7/site-packages/airflow/example_dags/example_sla_dag.py
[2022-04-13 08:52:10,061] {processor.py:652} INFO - DAG(s) dict_keys(['example_sla_dag']) retrieved from /home/airflow/.local/lib/python3.7/site-packages/airflow/example_dags/example_sla_dag.py
[2022-04-13 08:52:10,091] {logging_mixin.py:109} INFO - [2022-04-13 08:52:10,091] {dag.py:2398} INFO - Sync 1 DAGs
[2022-04-13 08:52:10,120] {logging_mixin.py:109} INFO - [2022-04-13 08:52:10,120] {dag.py:2937} INFO - Setting next_dagrun for example_sla_dag to 2022-04-13T08:50:00+00:00
[2022-04-13 08:52:10,136] {processor.py:171} INFO - Processing /home/airflow/.local/lib/python3.7/site-packages/airflow/example_dags/example_sla_dag.py took 0.115 seconds
[2022-04-13 08:54:27,256] {processor.py:163} INFO - Started process (PID=56) to work on /home/airflow/.local/lib/python3.7/site-packages/airflow/example_dags/example_sla_dag.py
[2022-04-13 08:54:27,258] {processor.py:642} INFO - Processing file /home/airflow/.local/lib/python3.7/site-packages/airflow/example_dags/example_sla_dag.py for tasks to queue
[2022-04-13 08:54:27,259] {logging_mixin.py:109} INFO - [2022-04-13 08:54:27,259] {dagbag.py:500} INFO - Filling up the DagBag from /home/airflow/.local/lib/python3.7/site-packages/airflow/example_dags/example_sla_dag.py
[2022-04-13 08:54:27,276] {processor.py:652} INFO - DAG(s) dict_keys(['example_sla_dag']) retrieved from /home/airflow/.local/lib/python3.7/site-packages/airflow/example_dags/example_sla_dag.py
[2022-04-13 08:54:27,295] {logging_mixin.py:109} INFO - [2022-04-13 08:54:27,295] {dag.py:2398} INFO - Sync 1 DAGs
[2022-04-13 08:54:27,313] {logging_mixin.py:109} INFO - [2022-04-13 08:54:27,313] {dag.py:2937} INFO - Setting next_dagrun for example_sla_dag to 2022-04-13T08:52:00+00:00
[2022-04-13 08:54:27,323] {processor.py:171} INFO - Processing /home/airflow/.local/lib/python3.7/site-packages/airflow/example_dags/example_sla_dag.py took 0.071 seconds
[2022-04-13 08:54:57,828] {processor.py:163} INFO - Started process (PID=108) to work on /home/airflow/.local/lib/python3.7/site-packages/airflow/example_dags/example_sla_dag.py
[2022-04-13 08:54:57,829] {processor.py:642} INFO - Processing file /home/airflow/.local/lib/python3.7/site-packages/airflow/example_dags/example_sla_dag.py for tasks to queue
[2022-04-13 08:54:57,829] {logging_mixin.py:109} INFO - [2022-04-13 08:54:57,829] {dagbag.py:500} INFO - Filling up the DagBag from /home/airflow/.local/lib/python3.7/site-packages/airflow/example_dags/example_sla_dag.py
[2022-04-13 08:54:57,846] {processor.py:652} INFO - DAG(s) dict_keys(['example_sla_dag']) retrieved from /home/airflow/.local/lib/python3.7/site-packages/airflow/example_dags/example_sla_dag.py
[2022-04-13 08:54:57,863] {logging_mixin.py:109} INFO - [2022-04-13 08:54:57,863] {dag.py:2398} INFO - Sync 1 DAGs
[2022-04-13 08:54:57,879] {logging_mixin.py:109} INFO - [2022-04-13 08:54:57,879] {dag.py:2937} INFO - Setting next_dagrun for example_sla_dag to 2022-04-13T08:52:00+00:00
[2022-04-13 08:54:57,890] {processor.py:171} INFO - Processing /home/airflow/.local/lib/python3.7/site-packages/airflow/example_dags/example_sla_dag.py took 0.064 seconds
[2022-04-13 08:55:29,121] {processor.py:163} INFO - Started process (PID=168) to work on /home/airflow/.local/lib/python3.7/site-packages/airflow/example_dags/example_sla_dag.py
[2022-04-13 08:55:29,122] {processor.py:642} INFO - Processing file /home/airflow/.local/lib/python3.7/site-packages/airflow/example_dags/example_sla_dag.py for tasks to queue
[2022-04-13 08:55:29,123] {logging_mixin.py:109} INFO - [2022-04-13 08:55:29,123] {dagbag.py:500} INFO - Filling up the DagBag from /home/airflow/.local/lib/python3.7/site-packages/airflow/example_dags/example_sla_dag.py
[2022-04-13 08:55:29,139] {processor.py:652} INFO - DAG(s) dict_keys(['example_sla_dag']) retrieved from /home/airflow/.local/lib/python3.7/site-packages/airflow/example_dags/example_sla_dag.py
[2022-04-13 08:55:29,164] {logging_mixin.py:109} INFO - [2022-04-13 08:55:29,164] {dag.py:2398} INFO - Sync 1 DAGs
[2022-04-13 08:55:29,186] {logging_mixin.py:109} INFO - [2022-04-13 08:55:29,186] {dag.py:2937} INFO - Setting next_dagrun for example_sla_dag to 2022-04-13T08:52:00+00:00
[2022-04-13 08:55:29,199] {processor.py:171} INFO - Processing /home/airflow/.local/lib/python3.7/site-packages/airflow/example_dags/example_sla_dag.py took 0.080 seconds
[2022-04-13 08:56:00,592] {processor.py:163} INFO - Started process (PID=220) to work on /home/airflow/.local/lib/python3.7/site-packages/airflow/example_dags/example_sla_dag.py
[2022-04-13 08:56:00,593] {processor.py:642} INFO - Processing file /home/airflow/.local/lib/python3.7/site-packages/airflow/example_dags/example_sla_dag.py for tasks to queue
[2022-04-13 08:56:00,594] {logging_mixin.py:109} INFO - [2022-04-13 08:56:00,594] {dagbag.py:500} INFO - Filling up the DagBag from /home/airflow/.local/lib/python3.7/site-packages/airflow/example_dags/example_sla_dag.py
[2022-04-13 08:56:00,620] {processor.py:652} INFO - DAG(s) dict_keys(['example_sla_dag']) retrieved from /home/airflow/.local/lib/python3.7/site-packages/airflow/example_dags/example_sla_dag.py
[2022-04-13 08:56:00,690] {logging_mixin.py:109} INFO - [2022-04-13 08:56:00,689] {dag.py:2398} INFO - Sync 1 DAGs
[2022-04-13 08:56:00,744] {logging_mixin.py:109} INFO - [2022-04-13 08:56:00,743] {dag.py:2937} INFO - Setting next_dagrun for example_sla_dag to 2022-04-13T08:54:00+00:00
[2022-04-13 08:56:00,776] {processor.py:171} INFO - Processing /home/airflow/.local/lib/python3.7/site-packages/airflow/example_dags/example_sla_dag.py took 0.188 seconds
[2022-04-13 08:56:30,883] {processor.py:163} INFO - Started process (PID=281) to work on /home/airflow/.local/lib/python3.7/site-packages/airflow/example_dags/example_sla_dag.py
[2022-04-13 08:56:30,884] {processor.py:642} INFO - Processing file /home/airflow/.local/lib/python3.7/site-packages/airflow/example_dags/example_sla_dag.py for tasks to queue
[2022-04-13 08:56:30,885] {logging_mixin.py:109} INFO - [2022-04-13 08:56:30,884] {dagbag.py:500} INFO - Filling up the DagBag from /home/airflow/.local/lib/python3.7/site-packages/airflow/example_dags/example_sla_dag.py
[2022-04-13 08:56:30,901] {processor.py:652} INFO - DAG(s) dict_keys(['example_sla_dag']) retrieved from /home/airflow/.local/lib/python3.7/site-packages/airflow/example_dags/example_sla_dag.py
[2022-04-13 08:56:30,921] {logging_mixin.py:109} INFO - [2022-04-13 08:56:30,921] {dag.py:2398} INFO - Sync 1 DAGs
[2022-04-13 08:56:30,941] {logging_mixin.py:109} INFO - [2022-04-13 08:56:30,941] {dag.py:2937} INFO - Setting next_dagrun for example_sla_dag to 2022-04-13T08:54:00+00:00
[2022-04-13 08:56:30,952] {processor.py:171} INFO - Processing /home/airflow/.local/lib/python3.7/site-packages/airflow/example_dags/example_sla_dag.py took 0.071 seconds
[2022-04-13 08:57:01,080] {processor.py:163} INFO - Started process (PID=332) to work on /home/airflow/.local/lib/python3.7/site-packages/airflow/example_dags/example_sla_dag.py
[2022-04-13 08:57:01,080] {processor.py:642} INFO - Processing file /home/airflow/.local/lib/python3.7/site-packages/airflow/example_dags/example_sla_dag.py for tasks to queue
[2022-04-13 08:57:01,081] {logging_mixin.py:109} INFO - [2022-04-13 08:57:01,081] {dagbag.py:500} INFO - Filling up the DagBag from /home/airflow/.local/lib/python3.7/site-packages/airflow/example_dags/example_sla_dag.py
[2022-04-13 08:57:01,095] {processor.py:652} INFO - DAG(s) dict_keys(['example_sla_dag']) retrieved from /home/airflow/.local/lib/python3.7/site-packages/airflow/example_dags/example_sla_dag.py
[2022-04-13 08:57:01,114] {logging_mixin.py:109} INFO - [2022-04-13 08:57:01,114] {dag.py:2398} INFO - Sync 1 DAGs
[2022-04-13 08:57:01,132] {logging_mixin.py:109} INFO - [2022-04-13 08:57:01,132] {dag.py:2937} INFO - Setting next_dagrun for example_sla_dag to 2022-04-13T08:54:00+00:00
[2022-04-13 08:57:01,144] {processor.py:171} INFO - Processing /home/airflow/.local/lib/python3.7/site-packages/airflow/example_dags/example_sla_dag.py took 0.067 seconds
[2022-04-13 08:57:31,312] {processor.py:163} INFO - Started process (PID=391) to work on /home/airflow/.local/lib/python3.7/site-packages/airflow/example_dags/example_sla_dag.py
[2022-04-13 08:57:31,314] {processor.py:642} INFO - Processing file /home/airflow/.local/lib/python3.7/site-packages/airflow/example_dags/example_sla_dag.py for tasks to queue
[2022-04-13 08:57:31,314] {logging_mixin.py:109} INFO - [2022-04-13 08:57:31,314] {dagbag.py:500} INFO - Filling up the DagBag from /home/airflow/.local/lib/python3.7/site-packages/airflow/example_dags/example_sla_dag.py
[2022-04-13 08:57:31,330] {processor.py:652} INFO - DAG(s) dict_keys(['example_sla_dag']) retrieved from /home/airflow/.local/lib/python3.7/site-packages/airflow/example_dags/example_sla_dag.py
[2022-04-13 08:57:31,348] {logging_mixin.py:109} INFO - [2022-04-13 08:57:31,348] {dag.py:2398} INFO - Sync 1 DAGs
[2022-04-13 08:57:31,366] {logging_mixin.py:109} INFO - [2022-04-13 08:57:31,366] {dag.py:2937} INFO - Setting next_dagrun for example_sla_dag to 2022-04-13T08:54:00+00:00
[2022-04-13 08:57:31,378] {processor.py:171} INFO - Processing /home/airflow/.local/lib/python3.7/site-packages/airflow/example_dags/example_sla_dag.py took 0.068 seconds
[2022-04-13 08:58:02,489] {processor.py:163} INFO - Started process (PID=451) to work on /home/airflow/.local/lib/python3.7/site-packages/airflow/example_dags/example_sla_dag.py
[2022-04-13 08:58:02,490] {processor.py:642} INFO - Processing file /home/airflow/.local/lib/python3.7/site-packages/airflow/example_dags/example_sla_dag.py for tasks to queue
[2022-04-13 08:58:02,491] {logging_mixin.py:109} INFO - [2022-04-13 08:58:02,491] {dagbag.py:500} INFO - Filling up the DagBag from /home/airflow/.local/lib/python3.7/site-packages/airflow/example_dags/example_sla_dag.py
[2022-04-13 08:58:02,514] {processor.py:652} INFO - DAG(s) dict_keys(['example_sla_dag']) retrieved from /home/airflow/.local/lib/python3.7/site-packages/airflow/example_dags/example_sla_dag.py
[2022-04-13 08:58:02,542] {logging_mixin.py:109} INFO - [2022-04-13 08:58:02,542] {dag.py:2398} INFO - Sync 1 DAGs
[2022-04-13 08:58:02,569] {logging_mixin.py:109} INFO - [2022-04-13 08:58:02,569] {dag.py:2937} INFO - Setting next_dagrun for example_sla_dag to 2022-04-13T08:56:00+00:00
[2022-04-13 08:58:02,591] {processor.py:171} INFO - Processing /home/airflow/.local/lib/python3.7/site-packages/airflow/example_dags/example_sla_dag.py took 0.105 seconds
[2022-04-13 08:58:33,713] {processor.py:163} INFO - Started process (PID=503) to work on /home/airflow/.local/lib/python3.7/site-packages/airflow/example_dags/example_sla_dag.py
[2022-04-13 08:58:33,715] {processor.py:642} INFO - Processing file /home/airflow/.local/lib/python3.7/site-packages/airflow/example_dags/example_sla_dag.py for tasks to queue
[2022-04-13 08:58:33,716] {logging_mixin.py:109} INFO - [2022-04-13 08:58:33,716] {dagbag.py:500} INFO - Filling up the DagBag from /home/airflow/.local/lib/python3.7/site-packages/airflow/example_dags/example_sla_dag.py
[2022-04-13 08:58:33,744] {processor.py:652} INFO - DAG(s) dict_keys(['example_sla_dag']) retrieved from /home/airflow/.local/lib/python3.7/site-packages/airflow/example_dags/example_sla_dag.py
[2022-04-13 08:58:33,772] {logging_mixin.py:109} INFO - [2022-04-13 08:58:33,772] {dag.py:2398} INFO - Sync 1 DAGs
[2022-04-13 08:58:33,795] {logging_mixin.py:109} INFO - [2022-04-13 08:58:33,795] {dag.py:2937} INFO - Setting next_dagrun for example_sla_dag to 2022-04-13T08:56:00+00:00
[2022-04-13 08:58:33,809] {processor.py:171} INFO - Processing /home/airflow/.local/lib/python3.7/site-packages/airflow/example_dags/example_sla_dag.py took 0.099 seconds
[2022-04-13 08:59:04,801] {processor.py:163} INFO - Started process (PID=562) to work on /home/airflow/.local/lib/python3.7/site-packages/airflow/example_dags/example_sla_dag.py
[2022-04-13 08:59:04,803] {processor.py:642} INFO - Processing file /home/airflow/.local/lib/python3.7/site-packages/airflow/example_dags/example_sla_dag.py for tasks to queue
[2022-04-13 08:59:04,803] {logging_mixin.py:109} INFO - [2022-04-13 08:59:04,803] {dagbag.py:500} INFO - Filling up the DagBag from /home/airflow/.local/lib/python3.7/site-packages/airflow/example_dags/example_sla_dag.py
[2022-04-13 08:59:04,829] {processor.py:652} INFO - DAG(s) dict_keys(['example_sla_dag']) retrieved from /home/airflow/.local/lib/python3.7/site-packages/airflow/example_dags/example_sla_dag.py
[2022-04-13 08:59:04,865] {logging_mixin.py:109} INFO - [2022-04-13 08:59:04,864] {dag.py:2398} INFO - Sync 1 DAGs
[2022-04-13 08:59:04,902] {logging_mixin.py:109} INFO - [2022-04-13 08:59:04,902] {dag.py:2937} INFO - Setting next_dagrun for example_sla_dag to 2022-04-13T08:56:00+00:00
[2022-04-13 08:59:04,924] {processor.py:171} INFO - Processing /home/airflow/.local/lib/python3.7/site-packages/airflow/example_dags/example_sla_dag.py took 0.126 seconds
[2022-04-13 08:59:35,518] {processor.py:163} INFO - Started process (PID=616) to work on /home/airflow/.local/lib/python3.7/site-packages/airflow/example_dags/example_sla_dag.py
[2022-04-13 08:59:35,520] {processor.py:642} INFO - Processing file /home/airflow/.local/lib/python3.7/site-packages/airflow/example_dags/example_sla_dag.py for tasks to queue
[2022-04-13 08:59:35,521] {logging_mixin.py:109} INFO - [2022-04-13 08:59:35,521] {dagbag.py:500} INFO - Filling up the DagBag from /home/airflow/.local/lib/python3.7/site-packages/airflow/example_dags/example_sla_dag.py
[2022-04-13 08:59:35,544] {processor.py:652} INFO - DAG(s) dict_keys(['example_sla_dag']) retrieved from /home/airflow/.local/lib/python3.7/site-packages/airflow/example_dags/example_sla_dag.py
[2022-04-13 08:59:35,566] {logging_mixin.py:109} INFO - [2022-04-13 08:59:35,566] {dag.py:2398} INFO - Sync 1 DAGs
[2022-04-13 08:59:35,598] {logging_mixin.py:109} INFO - [2022-04-13 08:59:35,598] {dag.py:2937} INFO - Setting next_dagrun for example_sla_dag to 2022-04-13T08:56:00+00:00
[2022-04-13 08:59:35,613] {processor.py:171} INFO - Processing /home/airflow/.local/lib/python3.7/site-packages/airflow/example_dags/example_sla_dag.py took 0.099 seconds
[2022-04-13 09:00:06,088] {processor.py:163} INFO - Started process (PID=666) to work on /home/airflow/.local/lib/python3.7/site-packages/airflow/example_dags/example_sla_dag.py
[2022-04-13 09:00:06,090] {processor.py:642} INFO - Processing file /home/airflow/.local/lib/python3.7/site-packages/airflow/example_dags/example_sla_dag.py for tasks to queue
[2022-04-13 09:00:06,091] {logging_mixin.py:109} INFO - [2022-04-13 09:00:06,090] {dagbag.py:500} INFO - Filling up the DagBag from /home/airflow/.local/lib/python3.7/site-packages/airflow/example_dags/example_sla_dag.py
[2022-04-13 09:00:06,107] {processor.py:652} INFO - DAG(s) dict_keys(['example_sla_dag']) retrieved from /home/airflow/.local/lib/python3.7/site-packages/airflow/example_dags/example_sla_dag.py
[2022-04-13 09:00:06,130] {logging_mixin.py:109} INFO - [2022-04-13 09:00:06,129] {dag.py:2398} INFO - Sync 1 DAGs
[2022-04-13 09:00:06,154] {logging_mixin.py:109} INFO - [2022-04-13 09:00:06,154] {dag.py:2937} INFO - Setting next_dagrun for example_sla_dag to 2022-04-13T08:58:00+00:00
[2022-04-13 09:00:06,169] {processor.py:171} INFO - Processing /home/airflow/.local/lib/python3.7/site-packages/airflow/example_dags/example_sla_dag.py took 0.083 seconds
[2022-04-13 09:00:36,872] {processor.py:163} INFO - Started process (PID=718) to work on /home/airflow/.local/lib/python3.7/site-packages/airflow/example_dags/example_sla_dag.py
[2022-04-13 09:00:36,873] {processor.py:642} INFO - Processing file /home/airflow/.local/lib/python3.7/site-packages/airflow/example_dags/example_sla_dag.py for tasks to queue
[2022-04-13 09:00:36,874] {logging_mixin.py:109} INFO - [2022-04-13 09:00:36,874] {dagbag.py:500} INFO - Filling up the DagBag from /home/airflow/.local/lib/python3.7/site-packages/airflow/example_dags/example_sla_dag.py
[2022-04-13 09:00:36,900] {processor.py:652} INFO - DAG(s) dict_keys(['example_sla_dag']) retrieved from /home/airflow/.local/lib/python3.7/site-packages/airflow/example_dags/example_sla_dag.py
[2022-04-13 09:00:36,935] {logging_mixin.py:109} INFO - [2022-04-13 09:00:36,935] {dag.py:2398} INFO - Sync 1 DAGs
[2022-04-13 09:00:36,967] {logging_mixin.py:109} INFO - [2022-04-13 09:00:36,967] {dag.py:2937} INFO - Setting next_dagrun for example_sla_dag to 2022-04-13T08:58:00+00:00
[2022-04-13 09:00:36,984] {processor.py:171} INFO - Processing /home/airflow/.local/lib/python3.7/site-packages/airflow/example_dags/example_sla_dag.py took 0.116 seconds
[2022-04-13 09:01:07,379] {processor.py:163} INFO - Started process (PID=778) to work on /home/airflow/.local/lib/python3.7/site-packages/airflow/example_dags/example_sla_dag.py
[2022-04-13 09:01:07,381] {processor.py:642} INFO - Processing file /home/airflow/.local/lib/python3.7/site-packages/airflow/example_dags/example_sla_dag.py for tasks to queue
[2022-04-13 09:01:07,382] {logging_mixin.py:109} INFO - [2022-04-13 09:01:07,382] {dagbag.py:500} INFO - Filling up the DagBag from /home/airflow/.local/lib/python3.7/site-packages/airflow/example_dags/example_sla_dag.py
[2022-04-13 09:01:07,410] {processor.py:652} INFO - DAG(s) dict_keys(['example_sla_dag']) retrieved from /home/airflow/.local/lib/python3.7/site-packages/airflow/example_dags/example_sla_dag.py
[2022-04-13 09:01:07,438] {logging_mixin.py:109} INFO - [2022-04-13 09:01:07,438] {dag.py:2398} INFO - Sync 1 DAGs
[2022-04-13 09:01:07,472] {logging_mixin.py:109} INFO - [2022-04-13 09:01:07,472] {dag.py:2937} INFO - Setting next_dagrun for example_sla_dag to 2022-04-13T08:58:00+00:00
[2022-04-13 09:01:07,490] {processor.py:171} INFO - Processing /home/airflow/.local/lib/python3.7/site-packages/airflow/example_dags/example_sla_dag.py took 0.115 seconds
[2022-04-13 09:01:38,783] {processor.py:163} INFO - Started process (PID=830) to work on /home/airflow/.local/lib/python3.7/site-packages/airflow/example_dags/example_sla_dag.py
[2022-04-13 09:01:38,785] {processor.py:642} INFO - Processing file /home/airflow/.local/lib/python3.7/site-packages/airflow/example_dags/example_sla_dag.py for tasks to queue
[2022-04-13 09:01:38,785] {logging_mixin.py:109} INFO - [2022-04-13 09:01:38,785] {dagbag.py:500} INFO - Filling up the DagBag from /home/airflow/.local/lib/python3.7/site-packages/airflow/example_dags/example_sla_dag.py
[2022-04-13 09:01:38,812] {processor.py:652} INFO - DAG(s) dict_keys(['example_sla_dag']) retrieved from /home/airflow/.local/lib/python3.7/site-packages/airflow/example_dags/example_sla_dag.py
[2022-04-13 09:01:38,846] {logging_mixin.py:109} INFO - [2022-04-13 09:01:38,845] {dag.py:2398} INFO - Sync 1 DAGs
[2022-04-13 09:01:38,870] {logging_mixin.py:109} INFO - [2022-04-13 09:01:38,870] {dag.py:2937} INFO - Setting next_dagrun for example_sla_dag to 2022-04-13T08:58:00+00:00
[2022-04-13 09:01:38,884] {processor.py:171} INFO - Processing /home/airflow/.local/lib/python3.7/site-packages/airflow/example_dags/example_sla_dag.py took 0.104 seconds
[2022-04-13 09:02:09,749] {processor.py:163} INFO - Started process (PID=881) to work on /home/airflow/.local/lib/python3.7/site-packages/airflow/example_dags/example_sla_dag.py
[2022-04-13 09:02:09,752] {processor.py:642} INFO - Processing file /home/airflow/.local/lib/python3.7/site-packages/airflow/example_dags/example_sla_dag.py for tasks to queue
[2022-04-13 09:02:09,753] {logging_mixin.py:109} INFO - [2022-04-13 09:02:09,753] {dagbag.py:500} INFO - Filling up the DagBag from /home/airflow/.local/lib/python3.7/site-packages/airflow/example_dags/example_sla_dag.py
[2022-04-13 09:02:09,775] {processor.py:652} INFO - DAG(s) dict_keys(['example_sla_dag']) retrieved from /home/airflow/.local/lib/python3.7/site-packages/airflow/example_dags/example_sla_dag.py
[2022-04-13 09:02:09,809] {logging_mixin.py:109} INFO - [2022-04-13 09:02:09,809] {dag.py:2398} INFO - Sync 1 DAGs
[2022-04-13 09:02:09,839] {logging_mixin.py:109} INFO - [2022-04-13 09:02:09,839] {dag.py:2937} INFO - Setting next_dagrun for example_sla_dag to 2022-04-13T09:00:00+00:00
[2022-04-13 09:02:09,858] {processor.py:171} INFO - Processing /home/airflow/.local/lib/python3.7/site-packages/airflow/example_dags/example_sla_dag.py took 0.112 seconds
[2022-04-13 09:02:40,675] {processor.py:163} INFO - Started process (PID=943) to work on /home/airflow/.local/lib/python3.7/site-packages/airflow/example_dags/example_sla_dag.py
[2022-04-13 09:02:40,677] {processor.py:642} INFO - Processing file /home/airflow/.local/lib/python3.7/site-packages/airflow/example_dags/example_sla_dag.py for tasks to queue
[2022-04-13 09:02:40,677] {logging_mixin.py:109} INFO - [2022-04-13 09:02:40,677] {dagbag.py:500} INFO - Filling up the DagBag from /home/airflow/.local/lib/python3.7/site-packages/airflow/example_dags/example_sla_dag.py
[2022-04-13 09:02:40,704] {processor.py:652} INFO - DAG(s) dict_keys(['example_sla_dag']) retrieved from /home/airflow/.local/lib/python3.7/site-packages/airflow/example_dags/example_sla_dag.py
[2022-04-13 09:02:40,726] {logging_mixin.py:109} INFO - [2022-04-13 09:02:40,725] {dag.py:2398} INFO - Sync 1 DAGs
[2022-04-13 09:02:40,749] {logging_mixin.py:109} INFO - [2022-04-13 09:02:40,749] {dag.py:2937} INFO - Setting next_dagrun for example_sla_dag to 2022-04-13T09:00:00+00:00
[2022-04-13 09:02:40,771] {processor.py:171} INFO - Processing /home/airflow/.local/lib/python3.7/site-packages/airflow/example_dags/example_sla_dag.py took 0.100 seconds
[2022-04-13 09:03:12,248] {processor.py:163} INFO - Started process (PID=993) to work on /home/airflow/.local/lib/python3.7/site-packages/airflow/example_dags/example_sla_dag.py
[2022-04-13 09:03:12,251] {processor.py:642} INFO - Processing file /home/airflow/.local/lib/python3.7/site-packages/airflow/example_dags/example_sla_dag.py for tasks to queue
[2022-04-13 09:03:12,252] {logging_mixin.py:109} INFO - [2022-04-13 09:03:12,252] {dagbag.py:500} INFO - Filling up the DagBag from /home/airflow/.local/lib/python3.7/site-packages/airflow/example_dags/example_sla_dag.py
[2022-04-13 09:03:12,277] {processor.py:652} INFO - DAG(s) dict_keys(['example_sla_dag']) retrieved from /home/airflow/.local/lib/python3.7/site-packages/airflow/example_dags/example_sla_dag.py
[2022-04-13 09:03:12,311] {logging_mixin.py:109} INFO - [2022-04-13 09:03:12,310] {dag.py:2398} INFO - Sync 1 DAGs
[2022-04-13 09:03:12,349] {logging_mixin.py:109} INFO - [2022-04-13 09:03:12,349] {dag.py:2937} INFO - Setting next_dagrun for example_sla_dag to 2022-04-13T09:00:00+00:00
[2022-04-13 09:03:12,371] {processor.py:171} INFO - Processing /home/airflow/.local/lib/python3.7/site-packages/airflow/example_dags/example_sla_dag.py took 0.126 seconds
[2022-04-13 09:05:51,936] {processor.py:163} INFO - Started process (PID=54) to work on /home/airflow/.local/lib/python3.7/site-packages/airflow/example_dags/example_sla_dag.py
[2022-04-13 09:05:51,937] {processor.py:642} INFO - Processing file /home/airflow/.local/lib/python3.7/site-packages/airflow/example_dags/example_sla_dag.py for tasks to queue
[2022-04-13 09:05:51,938] {logging_mixin.py:109} INFO - [2022-04-13 09:05:51,938] {dagbag.py:500} INFO - Filling up the DagBag from /home/airflow/.local/lib/python3.7/site-packages/airflow/example_dags/example_sla_dag.py
[2022-04-13 09:05:51,955] {processor.py:652} INFO - DAG(s) dict_keys(['example_sla_dag']) retrieved from /home/airflow/.local/lib/python3.7/site-packages/airflow/example_dags/example_sla_dag.py
[2022-04-13 09:05:51,976] {logging_mixin.py:109} INFO - [2022-04-13 09:05:51,975] {dag.py:2398} INFO - Sync 1 DAGs
[2022-04-13 09:05:52,001] {logging_mixin.py:109} INFO - [2022-04-13 09:05:52,000] {dag.py:2937} INFO - Setting next_dagrun for example_sla_dag to 2022-04-13T09:02:00+00:00
[2022-04-13 09:05:52,013] {processor.py:171} INFO - Processing /home/airflow/.local/lib/python3.7/site-packages/airflow/example_dags/example_sla_dag.py took 0.080 seconds
[2022-04-13 09:06:22,749] {processor.py:163} INFO - Started process (PID=105) to work on /home/airflow/.local/lib/python3.7/site-packages/airflow/example_dags/example_sla_dag.py
[2022-04-13 09:06:22,750] {processor.py:642} INFO - Processing file /home/airflow/.local/lib/python3.7/site-packages/airflow/example_dags/example_sla_dag.py for tasks to queue
[2022-04-13 09:06:22,751] {logging_mixin.py:109} INFO - [2022-04-13 09:06:22,751] {dagbag.py:500} INFO - Filling up the DagBag from /home/airflow/.local/lib/python3.7/site-packages/airflow/example_dags/example_sla_dag.py
[2022-04-13 09:06:22,774] {processor.py:652} INFO - DAG(s) dict_keys(['example_sla_dag']) retrieved from /home/airflow/.local/lib/python3.7/site-packages/airflow/example_dags/example_sla_dag.py
[2022-04-13 09:06:22,795] {logging_mixin.py:109} INFO - [2022-04-13 09:06:22,795] {dag.py:2398} INFO - Sync 1 DAGs
[2022-04-13 09:06:22,820] {logging_mixin.py:109} INFO - [2022-04-13 09:06:22,820] {dag.py:2937} INFO - Setting next_dagrun for example_sla_dag to 2022-04-13T09:04:00+00:00
[2022-04-13 09:06:22,835] {processor.py:171} INFO - Processing /home/airflow/.local/lib/python3.7/site-packages/airflow/example_dags/example_sla_dag.py took 0.088 seconds
[2022-04-13 09:06:53,297] {processor.py:163} INFO - Started process (PID=166) to work on /home/airflow/.local/lib/python3.7/site-packages/airflow/example_dags/example_sla_dag.py
[2022-04-13 09:06:53,298] {processor.py:642} INFO - Processing file /home/airflow/.local/lib/python3.7/site-packages/airflow/example_dags/example_sla_dag.py for tasks to queue
[2022-04-13 09:06:53,299] {logging_mixin.py:109} INFO - [2022-04-13 09:06:53,299] {dagbag.py:500} INFO - Filling up the DagBag from /home/airflow/.local/lib/python3.7/site-packages/airflow/example_dags/example_sla_dag.py
[2022-04-13 09:06:53,319] {processor.py:652} INFO - DAG(s) dict_keys(['example_sla_dag']) retrieved from /home/airflow/.local/lib/python3.7/site-packages/airflow/example_dags/example_sla_dag.py
[2022-04-13 09:06:53,341] {logging_mixin.py:109} INFO - [2022-04-13 09:06:53,341] {dag.py:2398} INFO - Sync 1 DAGs
[2022-04-13 09:06:53,364] {logging_mixin.py:109} INFO - [2022-04-13 09:06:53,364] {dag.py:2937} INFO - Setting next_dagrun for example_sla_dag to 2022-04-13T09:04:00+00:00
[2022-04-13 09:06:53,375] {processor.py:171} INFO - Processing /home/airflow/.local/lib/python3.7/site-packages/airflow/example_dags/example_sla_dag.py took 0.081 seconds
[2022-04-13 09:07:23,647] {processor.py:163} INFO - Started process (PID=216) to work on /home/airflow/.local/lib/python3.7/site-packages/airflow/example_dags/example_sla_dag.py
[2022-04-13 09:07:23,648] {processor.py:642} INFO - Processing file /home/airflow/.local/lib/python3.7/site-packages/airflow/example_dags/example_sla_dag.py for tasks to queue
[2022-04-13 09:07:23,648] {logging_mixin.py:109} INFO - [2022-04-13 09:07:23,648] {dagbag.py:500} INFO - Filling up the DagBag from /home/airflow/.local/lib/python3.7/site-packages/airflow/example_dags/example_sla_dag.py
[2022-04-13 09:07:23,669] {processor.py:652} INFO - DAG(s) dict_keys(['example_sla_dag']) retrieved from /home/airflow/.local/lib/python3.7/site-packages/airflow/example_dags/example_sla_dag.py
[2022-04-13 09:07:23,687] {logging_mixin.py:109} INFO - [2022-04-13 09:07:23,687] {dag.py:2398} INFO - Sync 1 DAGs
[2022-04-13 09:07:23,709] {logging_mixin.py:109} INFO - [2022-04-13 09:07:23,708] {dag.py:2937} INFO - Setting next_dagrun for example_sla_dag to 2022-04-13T09:04:00+00:00
[2022-04-13 09:07:23,721] {processor.py:171} INFO - Processing /home/airflow/.local/lib/python3.7/site-packages/airflow/example_dags/example_sla_dag.py took 0.077 seconds
[2022-04-13 09:07:54,471] {processor.py:163} INFO - Started process (PID=268) to work on /home/airflow/.local/lib/python3.7/site-packages/airflow/example_dags/example_sla_dag.py
[2022-04-13 09:07:54,472] {processor.py:642} INFO - Processing file /home/airflow/.local/lib/python3.7/site-packages/airflow/example_dags/example_sla_dag.py for tasks to queue
[2022-04-13 09:07:54,472] {logging_mixin.py:109} INFO - [2022-04-13 09:07:54,472] {dagbag.py:500} INFO - Filling up the DagBag from /home/airflow/.local/lib/python3.7/site-packages/airflow/example_dags/example_sla_dag.py
[2022-04-13 09:07:54,487] {processor.py:652} INFO - DAG(s) dict_keys(['example_sla_dag']) retrieved from /home/airflow/.local/lib/python3.7/site-packages/airflow/example_dags/example_sla_dag.py
[2022-04-13 09:07:54,504] {logging_mixin.py:109} INFO - [2022-04-13 09:07:54,504] {dag.py:2398} INFO - Sync 1 DAGs
[2022-04-13 09:07:54,524] {logging_mixin.py:109} INFO - [2022-04-13 09:07:54,524] {dag.py:2937} INFO - Setting next_dagrun for example_sla_dag to 2022-04-13T09:04:00+00:00
[2022-04-13 09:07:54,536] {processor.py:171} INFO - Processing /home/airflow/.local/lib/python3.7/site-packages/airflow/example_dags/example_sla_dag.py took 0.067 seconds
[2022-04-13 09:08:26,165] {processor.py:163} INFO - Started process (PID=329) to work on /home/airflow/.local/lib/python3.7/site-packages/airflow/example_dags/example_sla_dag.py
[2022-04-13 09:08:26,167] {processor.py:642} INFO - Processing file /home/airflow/.local/lib/python3.7/site-packages/airflow/example_dags/example_sla_dag.py for tasks to queue
[2022-04-13 09:08:26,168] {logging_mixin.py:109} INFO - [2022-04-13 09:08:26,167] {dagbag.py:500} INFO - Filling up the DagBag from /home/airflow/.local/lib/python3.7/site-packages/airflow/example_dags/example_sla_dag.py
[2022-04-13 09:08:26,215] {processor.py:652} INFO - DAG(s) dict_keys(['example_sla_dag']) retrieved from /home/airflow/.local/lib/python3.7/site-packages/airflow/example_dags/example_sla_dag.py
[2022-04-13 09:08:26,266] {logging_mixin.py:109} INFO - [2022-04-13 09:08:26,266] {dag.py:2398} INFO - Sync 1 DAGs
[2022-04-13 09:08:26,339] {logging_mixin.py:109} INFO - [2022-04-13 09:08:26,339] {dag.py:2937} INFO - Setting next_dagrun for example_sla_dag to 2022-04-13T09:06:00+00:00
[2022-04-13 09:08:26,379] {processor.py:171} INFO - Processing /home/airflow/.local/lib/python3.7/site-packages/airflow/example_dags/example_sla_dag.py took 0.218 seconds
[2022-04-13 09:08:56,844] {processor.py:163} INFO - Started process (PID=381) to work on /home/airflow/.local/lib/python3.7/site-packages/airflow/example_dags/example_sla_dag.py
[2022-04-13 09:08:56,847] {processor.py:642} INFO - Processing file /home/airflow/.local/lib/python3.7/site-packages/airflow/example_dags/example_sla_dag.py for tasks to queue
[2022-04-13 09:08:56,848] {logging_mixin.py:109} INFO - [2022-04-13 09:08:56,848] {dagbag.py:500} INFO - Filling up the DagBag from /home/airflow/.local/lib/python3.7/site-packages/airflow/example_dags/example_sla_dag.py
[2022-04-13 09:08:56,881] {processor.py:652} INFO - DAG(s) dict_keys(['example_sla_dag']) retrieved from /home/airflow/.local/lib/python3.7/site-packages/airflow/example_dags/example_sla_dag.py
[2022-04-13 09:08:56,912] {logging_mixin.py:109} INFO - [2022-04-13 09:08:56,912] {dag.py:2398} INFO - Sync 1 DAGs
[2022-04-13 09:08:56,942] {logging_mixin.py:109} INFO - [2022-04-13 09:08:56,941] {dag.py:2937} INFO - Setting next_dagrun for example_sla_dag to 2022-04-13T09:06:00+00:00
[2022-04-13 09:08:56,956] {processor.py:171} INFO - Processing /home/airflow/.local/lib/python3.7/site-packages/airflow/example_dags/example_sla_dag.py took 0.116 seconds
[2022-04-13 09:09:28,542] {processor.py:163} INFO - Started process (PID=442) to work on /home/airflow/.local/lib/python3.7/site-packages/airflow/example_dags/example_sla_dag.py
[2022-04-13 09:09:28,543] {processor.py:642} INFO - Processing file /home/airflow/.local/lib/python3.7/site-packages/airflow/example_dags/example_sla_dag.py for tasks to queue
[2022-04-13 09:09:28,544] {logging_mixin.py:109} INFO - [2022-04-13 09:09:28,544] {dagbag.py:500} INFO - Filling up the DagBag from /home/airflow/.local/lib/python3.7/site-packages/airflow/example_dags/example_sla_dag.py
[2022-04-13 09:09:28,569] {processor.py:652} INFO - DAG(s) dict_keys(['example_sla_dag']) retrieved from /home/airflow/.local/lib/python3.7/site-packages/airflow/example_dags/example_sla_dag.py
[2022-04-13 09:09:28,600] {logging_mixin.py:109} INFO - [2022-04-13 09:09:28,600] {dag.py:2398} INFO - Sync 1 DAGs
[2022-04-13 09:09:28,625] {logging_mixin.py:109} INFO - [2022-04-13 09:09:28,625] {dag.py:2937} INFO - Setting next_dagrun for example_sla_dag to 2022-04-13T09:06:00+00:00
[2022-04-13 09:09:28,638] {processor.py:171} INFO - Processing /home/airflow/.local/lib/python3.7/site-packages/airflow/example_dags/example_sla_dag.py took 0.099 seconds
[2022-04-13 09:09:59,621] {processor.py:163} INFO - Started process (PID=493) to work on /home/airflow/.local/lib/python3.7/site-packages/airflow/example_dags/example_sla_dag.py
[2022-04-13 09:09:59,622] {processor.py:642} INFO - Processing file /home/airflow/.local/lib/python3.7/site-packages/airflow/example_dags/example_sla_dag.py for tasks to queue
[2022-04-13 09:09:59,623] {logging_mixin.py:109} INFO - [2022-04-13 09:09:59,623] {dagbag.py:500} INFO - Filling up the DagBag from /home/airflow/.local/lib/python3.7/site-packages/airflow/example_dags/example_sla_dag.py
[2022-04-13 09:09:59,642] {processor.py:652} INFO - DAG(s) dict_keys(['example_sla_dag']) retrieved from /home/airflow/.local/lib/python3.7/site-packages/airflow/example_dags/example_sla_dag.py
[2022-04-13 09:09:59,663] {logging_mixin.py:109} INFO - [2022-04-13 09:09:59,663] {dag.py:2398} INFO - Sync 1 DAGs
[2022-04-13 09:09:59,685] {logging_mixin.py:109} INFO - [2022-04-13 09:09:59,685] {dag.py:2937} INFO - Setting next_dagrun for example_sla_dag to 2022-04-13T09:06:00+00:00
[2022-04-13 09:09:59,697] {processor.py:171} INFO - Processing /home/airflow/.local/lib/python3.7/site-packages/airflow/example_dags/example_sla_dag.py took 0.079 seconds
[2022-04-13 09:10:30,738] {processor.py:163} INFO - Started process (PID=553) to work on /home/airflow/.local/lib/python3.7/site-packages/airflow/example_dags/example_sla_dag.py
[2022-04-13 09:10:30,739] {processor.py:642} INFO - Processing file /home/airflow/.local/lib/python3.7/site-packages/airflow/example_dags/example_sla_dag.py for tasks to queue
[2022-04-13 09:10:30,740] {logging_mixin.py:109} INFO - [2022-04-13 09:10:30,740] {dagbag.py:500} INFO - Filling up the DagBag from /home/airflow/.local/lib/python3.7/site-packages/airflow/example_dags/example_sla_dag.py
[2022-04-13 09:10:30,762] {processor.py:652} INFO - DAG(s) dict_keys(['example_sla_dag']) retrieved from /home/airflow/.local/lib/python3.7/site-packages/airflow/example_dags/example_sla_dag.py
[2022-04-13 09:10:30,788] {logging_mixin.py:109} INFO - [2022-04-13 09:10:30,788] {dag.py:2398} INFO - Sync 1 DAGs
[2022-04-13 09:10:30,819] {logging_mixin.py:109} INFO - [2022-04-13 09:10:30,819] {dag.py:2937} INFO - Setting next_dagrun for example_sla_dag to 2022-04-13T09:08:00+00:00
[2022-04-13 09:10:30,832] {processor.py:171} INFO - Processing /home/airflow/.local/lib/python3.7/site-packages/airflow/example_dags/example_sla_dag.py took 0.097 seconds
[2022-04-13 09:11:01,724] {processor.py:163} INFO - Started process (PID=604) to work on /home/airflow/.local/lib/python3.7/site-packages/airflow/example_dags/example_sla_dag.py
[2022-04-13 09:11:01,725] {processor.py:642} INFO - Processing file /home/airflow/.local/lib/python3.7/site-packages/airflow/example_dags/example_sla_dag.py for tasks to queue
[2022-04-13 09:11:01,725] {logging_mixin.py:109} INFO - [2022-04-13 09:11:01,725] {dagbag.py:500} INFO - Filling up the DagBag from /home/airflow/.local/lib/python3.7/site-packages/airflow/example_dags/example_sla_dag.py
[2022-04-13 09:11:01,744] {processor.py:652} INFO - DAG(s) dict_keys(['example_sla_dag']) retrieved from /home/airflow/.local/lib/python3.7/site-packages/airflow/example_dags/example_sla_dag.py
[2022-04-13 09:11:01,767] {logging_mixin.py:109} INFO - [2022-04-13 09:11:01,767] {dag.py:2398} INFO - Sync 1 DAGs
[2022-04-13 09:11:01,793] {logging_mixin.py:109} INFO - [2022-04-13 09:11:01,793] {dag.py:2937} INFO - Setting next_dagrun for example_sla_dag to 2022-04-13T09:08:00+00:00
[2022-04-13 09:11:01,810] {processor.py:171} INFO - Processing /home/airflow/.local/lib/python3.7/site-packages/airflow/example_dags/example_sla_dag.py took 0.090 seconds
[2022-04-13 09:11:32,700] {processor.py:163} INFO - Started process (PID=654) to work on /home/airflow/.local/lib/python3.7/site-packages/airflow/example_dags/example_sla_dag.py
[2022-04-13 09:11:32,702] {processor.py:642} INFO - Processing file /home/airflow/.local/lib/python3.7/site-packages/airflow/example_dags/example_sla_dag.py for tasks to queue
[2022-04-13 09:11:32,702] {logging_mixin.py:109} INFO - [2022-04-13 09:11:32,702] {dagbag.py:500} INFO - Filling up the DagBag from /home/airflow/.local/lib/python3.7/site-packages/airflow/example_dags/example_sla_dag.py
[2022-04-13 09:11:32,730] {processor.py:652} INFO - DAG(s) dict_keys(['example_sla_dag']) retrieved from /home/airflow/.local/lib/python3.7/site-packages/airflow/example_dags/example_sla_dag.py
[2022-04-13 09:11:32,755] {logging_mixin.py:109} INFO - [2022-04-13 09:11:32,754] {dag.py:2398} INFO - Sync 1 DAGs
[2022-04-13 09:11:32,780] {logging_mixin.py:109} INFO - [2022-04-13 09:11:32,780] {dag.py:2937} INFO - Setting next_dagrun for example_sla_dag to 2022-04-13T09:08:00+00:00
[2022-04-13 09:11:32,794] {processor.py:171} INFO - Processing /home/airflow/.local/lib/python3.7/site-packages/airflow/example_dags/example_sla_dag.py took 0.097 seconds
[2022-04-13 09:12:03,967] {processor.py:163} INFO - Started process (PID=715) to work on /home/airflow/.local/lib/python3.7/site-packages/airflow/example_dags/example_sla_dag.py
[2022-04-13 09:12:03,968] {processor.py:642} INFO - Processing file /home/airflow/.local/lib/python3.7/site-packages/airflow/example_dags/example_sla_dag.py for tasks to queue
[2022-04-13 09:12:03,968] {logging_mixin.py:109} INFO - [2022-04-13 09:12:03,968] {dagbag.py:500} INFO - Filling up the DagBag from /home/airflow/.local/lib/python3.7/site-packages/airflow/example_dags/example_sla_dag.py
[2022-04-13 09:12:03,988] {processor.py:652} INFO - DAG(s) dict_keys(['example_sla_dag']) retrieved from /home/airflow/.local/lib/python3.7/site-packages/airflow/example_dags/example_sla_dag.py
[2022-04-13 09:12:04,013] {logging_mixin.py:109} INFO - [2022-04-13 09:12:04,013] {dag.py:2398} INFO - Sync 1 DAGs
[2022-04-13 09:12:04,042] {logging_mixin.py:109} INFO - [2022-04-13 09:12:04,042] {dag.py:2937} INFO - Setting next_dagrun for example_sla_dag to 2022-04-13T09:10:00+00:00
[2022-04-13 09:12:04,056] {processor.py:171} INFO - Processing /home/airflow/.local/lib/python3.7/site-packages/airflow/example_dags/example_sla_dag.py took 0.092 seconds
[2022-04-13 09:12:35,364] {processor.py:163} INFO - Started process (PID=767) to work on /home/airflow/.local/lib/python3.7/site-packages/airflow/example_dags/example_sla_dag.py
[2022-04-13 09:12:35,366] {processor.py:642} INFO - Processing file /home/airflow/.local/lib/python3.7/site-packages/airflow/example_dags/example_sla_dag.py for tasks to queue
[2022-04-13 09:12:35,366] {logging_mixin.py:109} INFO - [2022-04-13 09:12:35,366] {dagbag.py:500} INFO - Filling up the DagBag from /home/airflow/.local/lib/python3.7/site-packages/airflow/example_dags/example_sla_dag.py
[2022-04-13 09:12:35,385] {processor.py:652} INFO - DAG(s) dict_keys(['example_sla_dag']) retrieved from /home/airflow/.local/lib/python3.7/site-packages/airflow/example_dags/example_sla_dag.py
[2022-04-13 09:12:35,409] {logging_mixin.py:109} INFO - [2022-04-13 09:12:35,409] {dag.py:2398} INFO - Sync 1 DAGs
[2022-04-13 09:12:35,433] {logging_mixin.py:109} INFO - [2022-04-13 09:12:35,433] {dag.py:2937} INFO - Setting next_dagrun for example_sla_dag to 2022-04-13T09:10:00+00:00
[2022-04-13 09:12:35,446] {processor.py:171} INFO - Processing /home/airflow/.local/lib/python3.7/site-packages/airflow/example_dags/example_sla_dag.py took 0.084 seconds
[2022-04-13 09:13:06,419] {processor.py:163} INFO - Started process (PID=817) to work on /home/airflow/.local/lib/python3.7/site-packages/airflow/example_dags/example_sla_dag.py
[2022-04-13 09:13:06,420] {processor.py:642} INFO - Processing file /home/airflow/.local/lib/python3.7/site-packages/airflow/example_dags/example_sla_dag.py for tasks to queue
[2022-04-13 09:13:06,421] {logging_mixin.py:109} INFO - [2022-04-13 09:13:06,421] {dagbag.py:500} INFO - Filling up the DagBag from /home/airflow/.local/lib/python3.7/site-packages/airflow/example_dags/example_sla_dag.py
[2022-04-13 09:13:06,443] {processor.py:652} INFO - DAG(s) dict_keys(['example_sla_dag']) retrieved from /home/airflow/.local/lib/python3.7/site-packages/airflow/example_dags/example_sla_dag.py
[2022-04-13 09:13:06,464] {logging_mixin.py:109} INFO - [2022-04-13 09:13:06,464] {dag.py:2398} INFO - Sync 1 DAGs
[2022-04-13 09:13:06,489] {logging_mixin.py:109} INFO - [2022-04-13 09:13:06,488] {dag.py:2937} INFO - Setting next_dagrun for example_sla_dag to 2022-04-13T09:10:00+00:00
[2022-04-13 09:13:06,502] {processor.py:171} INFO - Processing /home/airflow/.local/lib/python3.7/site-packages/airflow/example_dags/example_sla_dag.py took 0.086 seconds
[2022-04-13 09:13:37,472] {processor.py:163} INFO - Started process (PID=877) to work on /home/airflow/.local/lib/python3.7/site-packages/airflow/example_dags/example_sla_dag.py
[2022-04-13 09:13:37,473] {processor.py:642} INFO - Processing file /home/airflow/.local/lib/python3.7/site-packages/airflow/example_dags/example_sla_dag.py for tasks to queue
[2022-04-13 09:13:37,474] {logging_mixin.py:109} INFO - [2022-04-13 09:13:37,474] {dagbag.py:500} INFO - Filling up the DagBag from /home/airflow/.local/lib/python3.7/site-packages/airflow/example_dags/example_sla_dag.py
[2022-04-13 09:13:37,492] {processor.py:652} INFO - DAG(s) dict_keys(['example_sla_dag']) retrieved from /home/airflow/.local/lib/python3.7/site-packages/airflow/example_dags/example_sla_dag.py
[2022-04-13 09:13:37,516] {logging_mixin.py:109} INFO - [2022-04-13 09:13:37,516] {dag.py:2398} INFO - Sync 1 DAGs
[2022-04-13 09:13:37,542] {logging_mixin.py:109} INFO - [2022-04-13 09:13:37,542] {dag.py:2937} INFO - Setting next_dagrun for example_sla_dag to 2022-04-13T09:10:00+00:00
[2022-04-13 09:13:37,555] {processor.py:171} INFO - Processing /home/airflow/.local/lib/python3.7/site-packages/airflow/example_dags/example_sla_dag.py took 0.085 seconds
[2022-04-13 09:14:08,725] {processor.py:163} INFO - Started process (PID=929) to work on /home/airflow/.local/lib/python3.7/site-packages/airflow/example_dags/example_sla_dag.py
[2022-04-13 09:14:08,726] {processor.py:642} INFO - Processing file /home/airflow/.local/lib/python3.7/site-packages/airflow/example_dags/example_sla_dag.py for tasks to queue
[2022-04-13 09:14:08,727] {logging_mixin.py:109} INFO - [2022-04-13 09:14:08,726] {dagbag.py:500} INFO - Filling up the DagBag from /home/airflow/.local/lib/python3.7/site-packages/airflow/example_dags/example_sla_dag.py
[2022-04-13 09:14:08,753] {processor.py:652} INFO - DAG(s) dict_keys(['example_sla_dag']) retrieved from /home/airflow/.local/lib/python3.7/site-packages/airflow/example_dags/example_sla_dag.py
[2022-04-13 09:14:08,776] {logging_mixin.py:109} INFO - [2022-04-13 09:14:08,776] {dag.py:2398} INFO - Sync 1 DAGs
[2022-04-13 09:14:08,805] {logging_mixin.py:109} INFO - [2022-04-13 09:14:08,805] {dag.py:2937} INFO - Setting next_dagrun for example_sla_dag to 2022-04-13T09:12:00+00:00
[2022-04-13 09:14:08,819] {processor.py:171} INFO - Processing /home/airflow/.local/lib/python3.7/site-packages/airflow/example_dags/example_sla_dag.py took 0.097 seconds
[2022-04-13 09:14:39,674] {processor.py:163} INFO - Started process (PID=989) to work on /home/airflow/.local/lib/python3.7/site-packages/airflow/example_dags/example_sla_dag.py
[2022-04-13 09:14:39,675] {processor.py:642} INFO - Processing file /home/airflow/.local/lib/python3.7/site-packages/airflow/example_dags/example_sla_dag.py for tasks to queue
[2022-04-13 09:14:39,676] {logging_mixin.py:109} INFO - [2022-04-13 09:14:39,676] {dagbag.py:500} INFO - Filling up the DagBag from /home/airflow/.local/lib/python3.7/site-packages/airflow/example_dags/example_sla_dag.py
[2022-04-13 09:14:39,702] {processor.py:652} INFO - DAG(s) dict_keys(['example_sla_dag']) retrieved from /home/airflow/.local/lib/python3.7/site-packages/airflow/example_dags/example_sla_dag.py
[2022-04-13 09:14:39,728] {logging_mixin.py:109} INFO - [2022-04-13 09:14:39,728] {dag.py:2398} INFO - Sync 1 DAGs
[2022-04-13 09:14:39,755] {logging_mixin.py:109} INFO - [2022-04-13 09:14:39,755] {dag.py:2937} INFO - Setting next_dagrun for example_sla_dag to 2022-04-13T09:12:00+00:00
[2022-04-13 09:14:39,768] {processor.py:171} INFO - Processing /home/airflow/.local/lib/python3.7/site-packages/airflow/example_dags/example_sla_dag.py took 0.097 seconds
[2022-04-13 09:15:10,870] {processor.py:163} INFO - Started process (PID=1039) to work on /home/airflow/.local/lib/python3.7/site-packages/airflow/example_dags/example_sla_dag.py
[2022-04-13 09:15:10,871] {processor.py:642} INFO - Processing file /home/airflow/.local/lib/python3.7/site-packages/airflow/example_dags/example_sla_dag.py for tasks to queue
[2022-04-13 09:15:10,871] {logging_mixin.py:109} INFO - [2022-04-13 09:15:10,871] {dagbag.py:500} INFO - Filling up the DagBag from /home/airflow/.local/lib/python3.7/site-packages/airflow/example_dags/example_sla_dag.py
[2022-04-13 09:15:10,888] {processor.py:652} INFO - DAG(s) dict_keys(['example_sla_dag']) retrieved from /home/airflow/.local/lib/python3.7/site-packages/airflow/example_dags/example_sla_dag.py
[2022-04-13 09:15:10,910] {logging_mixin.py:109} INFO - [2022-04-13 09:15:10,910] {dag.py:2398} INFO - Sync 1 DAGs
[2022-04-13 09:15:10,936] {logging_mixin.py:109} INFO - [2022-04-13 09:15:10,936] {dag.py:2937} INFO - Setting next_dagrun for example_sla_dag to 2022-04-13T09:12:00+00:00
[2022-04-13 09:15:10,949] {processor.py:171} INFO - Processing /home/airflow/.local/lib/python3.7/site-packages/airflow/example_dags/example_sla_dag.py took 0.081 seconds
[2022-04-13 09:15:42,026] {processor.py:163} INFO - Started process (PID=1089) to work on /home/airflow/.local/lib/python3.7/site-packages/airflow/example_dags/example_sla_dag.py
[2022-04-13 09:15:42,029] {processor.py:642} INFO - Processing file /home/airflow/.local/lib/python3.7/site-packages/airflow/example_dags/example_sla_dag.py for tasks to queue
[2022-04-13 09:15:42,030] {logging_mixin.py:109} INFO - [2022-04-13 09:15:42,029] {dagbag.py:500} INFO - Filling up the DagBag from /home/airflow/.local/lib/python3.7/site-packages/airflow/example_dags/example_sla_dag.py
[2022-04-13 09:15:42,053] {processor.py:652} INFO - DAG(s) dict_keys(['example_sla_dag']) retrieved from /home/airflow/.local/lib/python3.7/site-packages/airflow/example_dags/example_sla_dag.py
[2022-04-13 09:15:42,078] {logging_mixin.py:109} INFO - [2022-04-13 09:15:42,078] {dag.py:2398} INFO - Sync 1 DAGs
[2022-04-13 09:15:42,100] {logging_mixin.py:109} INFO - [2022-04-13 09:15:42,100] {dag.py:2937} INFO - Setting next_dagrun for example_sla_dag to 2022-04-13T09:12:00+00:00
[2022-04-13 09:15:42,112] {processor.py:171} INFO - Processing /home/airflow/.local/lib/python3.7/site-packages/airflow/example_dags/example_sla_dag.py took 0.090 seconds
[2022-04-13 09:16:12,969] {processor.py:163} INFO - Started process (PID=1149) to work on /home/airflow/.local/lib/python3.7/site-packages/airflow/example_dags/example_sla_dag.py
[2022-04-13 09:16:12,970] {processor.py:642} INFO - Processing file /home/airflow/.local/lib/python3.7/site-packages/airflow/example_dags/example_sla_dag.py for tasks to queue
[2022-04-13 09:16:12,970] {logging_mixin.py:109} INFO - [2022-04-13 09:16:12,970] {dagbag.py:500} INFO - Filling up the DagBag from /home/airflow/.local/lib/python3.7/site-packages/airflow/example_dags/example_sla_dag.py
[2022-04-13 09:16:12,990] {processor.py:652} INFO - DAG(s) dict_keys(['example_sla_dag']) retrieved from /home/airflow/.local/lib/python3.7/site-packages/airflow/example_dags/example_sla_dag.py
[2022-04-13 09:16:13,012] {logging_mixin.py:109} INFO - [2022-04-13 09:16:13,011] {dag.py:2398} INFO - Sync 1 DAGs
[2022-04-13 09:16:13,036] {logging_mixin.py:109} INFO - [2022-04-13 09:16:13,035] {dag.py:2937} INFO - Setting next_dagrun for example_sla_dag to 2022-04-13T09:14:00+00:00
[2022-04-13 09:16:13,050] {processor.py:171} INFO - Processing /home/airflow/.local/lib/python3.7/site-packages/airflow/example_dags/example_sla_dag.py took 0.084 seconds
[2022-04-13 09:16:43,785] {processor.py:163} INFO - Started process (PID=1201) to work on /home/airflow/.local/lib/python3.7/site-packages/airflow/example_dags/example_sla_dag.py
[2022-04-13 09:16:43,787] {processor.py:642} INFO - Processing file /home/airflow/.local/lib/python3.7/site-packages/airflow/example_dags/example_sla_dag.py for tasks to queue
[2022-04-13 09:16:43,787] {logging_mixin.py:109} INFO - [2022-04-13 09:16:43,787] {dagbag.py:500} INFO - Filling up the DagBag from /home/airflow/.local/lib/python3.7/site-packages/airflow/example_dags/example_sla_dag.py
[2022-04-13 09:16:43,812] {processor.py:652} INFO - DAG(s) dict_keys(['example_sla_dag']) retrieved from /home/airflow/.local/lib/python3.7/site-packages/airflow/example_dags/example_sla_dag.py
[2022-04-13 09:16:43,837] {logging_mixin.py:109} INFO - [2022-04-13 09:16:43,837] {dag.py:2398} INFO - Sync 1 DAGs
[2022-04-13 09:16:43,864] {logging_mixin.py:109} INFO - [2022-04-13 09:16:43,864] {dag.py:2937} INFO - Setting next_dagrun for example_sla_dag to 2022-04-13T09:14:00+00:00
[2022-04-13 09:16:43,879] {processor.py:171} INFO - Processing /home/airflow/.local/lib/python3.7/site-packages/airflow/example_dags/example_sla_dag.py took 0.097 seconds
[2022-04-13 09:17:14,917] {processor.py:163} INFO - Started process (PID=1252) to work on /home/airflow/.local/lib/python3.7/site-packages/airflow/example_dags/example_sla_dag.py
[2022-04-13 09:17:14,918] {processor.py:642} INFO - Processing file /home/airflow/.local/lib/python3.7/site-packages/airflow/example_dags/example_sla_dag.py for tasks to queue
[2022-04-13 09:17:14,919] {logging_mixin.py:109} INFO - [2022-04-13 09:17:14,919] {dagbag.py:500} INFO - Filling up the DagBag from /home/airflow/.local/lib/python3.7/site-packages/airflow/example_dags/example_sla_dag.py
[2022-04-13 09:17:14,942] {processor.py:652} INFO - DAG(s) dict_keys(['example_sla_dag']) retrieved from /home/airflow/.local/lib/python3.7/site-packages/airflow/example_dags/example_sla_dag.py
[2022-04-13 09:17:14,964] {logging_mixin.py:109} INFO - [2022-04-13 09:17:14,964] {dag.py:2398} INFO - Sync 1 DAGs
[2022-04-13 09:17:14,990] {logging_mixin.py:109} INFO - [2022-04-13 09:17:14,990] {dag.py:2937} INFO - Setting next_dagrun for example_sla_dag to 2022-04-13T09:14:00+00:00
[2022-04-13 09:17:15,004] {processor.py:171} INFO - Processing /home/airflow/.local/lib/python3.7/site-packages/airflow/example_dags/example_sla_dag.py took 0.090 seconds
[2022-04-13 09:17:45,930] {processor.py:163} INFO - Started process (PID=1312) to work on /home/airflow/.local/lib/python3.7/site-packages/airflow/example_dags/example_sla_dag.py
[2022-04-13 09:17:45,932] {processor.py:642} INFO - Processing file /home/airflow/.local/lib/python3.7/site-packages/airflow/example_dags/example_sla_dag.py for tasks to queue
[2022-04-13 09:17:45,932] {logging_mixin.py:109} INFO - [2022-04-13 09:17:45,932] {dagbag.py:500} INFO - Filling up the DagBag from /home/airflow/.local/lib/python3.7/site-packages/airflow/example_dags/example_sla_dag.py
[2022-04-13 09:17:45,949] {processor.py:652} INFO - DAG(s) dict_keys(['example_sla_dag']) retrieved from /home/airflow/.local/lib/python3.7/site-packages/airflow/example_dags/example_sla_dag.py
[2022-04-13 09:17:45,972] {logging_mixin.py:109} INFO - [2022-04-13 09:17:45,972] {dag.py:2398} INFO - Sync 1 DAGs
[2022-04-13 09:17:46,001] {logging_mixin.py:109} INFO - [2022-04-13 09:17:46,000] {dag.py:2937} INFO - Setting next_dagrun for example_sla_dag to 2022-04-13T09:14:00+00:00
[2022-04-13 09:17:46,026] {processor.py:171} INFO - Processing /home/airflow/.local/lib/python3.7/site-packages/airflow/example_dags/example_sla_dag.py took 0.098 seconds
[2022-04-13 09:18:17,263] {processor.py:163} INFO - Started process (PID=1363) to work on /home/airflow/.local/lib/python3.7/site-packages/airflow/example_dags/example_sla_dag.py
[2022-04-13 09:18:17,264] {processor.py:642} INFO - Processing file /home/airflow/.local/lib/python3.7/site-packages/airflow/example_dags/example_sla_dag.py for tasks to queue
[2022-04-13 09:18:17,265] {logging_mixin.py:109} INFO - [2022-04-13 09:18:17,265] {dagbag.py:500} INFO - Filling up the DagBag from /home/airflow/.local/lib/python3.7/site-packages/airflow/example_dags/example_sla_dag.py
[2022-04-13 09:18:17,283] {processor.py:652} INFO - DAG(s) dict_keys(['example_sla_dag']) retrieved from /home/airflow/.local/lib/python3.7/site-packages/airflow/example_dags/example_sla_dag.py
[2022-04-13 09:18:17,308] {logging_mixin.py:109} INFO - [2022-04-13 09:18:17,308] {dag.py:2398} INFO - Sync 1 DAGs
[2022-04-13 09:18:17,333] {logging_mixin.py:109} INFO - [2022-04-13 09:18:17,333] {dag.py:2937} INFO - Setting next_dagrun for example_sla_dag to 2022-04-13T09:16:00+00:00
[2022-04-13 09:18:17,345] {processor.py:171} INFO - Processing /home/airflow/.local/lib/python3.7/site-packages/airflow/example_dags/example_sla_dag.py took 0.085 seconds
[2022-04-13 09:18:48,637] {processor.py:163} INFO - Started process (PID=1424) to work on /home/airflow/.local/lib/python3.7/site-packages/airflow/example_dags/example_sla_dag.py
[2022-04-13 09:18:48,638] {processor.py:642} INFO - Processing file /home/airflow/.local/lib/python3.7/site-packages/airflow/example_dags/example_sla_dag.py for tasks to queue
[2022-04-13 09:18:48,639] {logging_mixin.py:109} INFO - [2022-04-13 09:18:48,639] {dagbag.py:500} INFO - Filling up the DagBag from /home/airflow/.local/lib/python3.7/site-packages/airflow/example_dags/example_sla_dag.py
[2022-04-13 09:18:48,661] {processor.py:652} INFO - DAG(s) dict_keys(['example_sla_dag']) retrieved from /home/airflow/.local/lib/python3.7/site-packages/airflow/example_dags/example_sla_dag.py
[2022-04-13 09:18:48,691] {logging_mixin.py:109} INFO - [2022-04-13 09:18:48,691] {dag.py:2398} INFO - Sync 1 DAGs
[2022-04-13 09:18:48,721] {logging_mixin.py:109} INFO - [2022-04-13 09:18:48,721] {dag.py:2937} INFO - Setting next_dagrun for example_sla_dag to 2022-04-13T09:16:00+00:00
[2022-04-13 09:18:48,738] {processor.py:171} INFO - Processing /home/airflow/.local/lib/python3.7/site-packages/airflow/example_dags/example_sla_dag.py took 0.105 seconds
[2022-04-13 09:19:19,668] {processor.py:163} INFO - Started process (PID=1475) to work on /home/airflow/.local/lib/python3.7/site-packages/airflow/example_dags/example_sla_dag.py
[2022-04-13 09:19:19,670] {processor.py:642} INFO - Processing file /home/airflow/.local/lib/python3.7/site-packages/airflow/example_dags/example_sla_dag.py for tasks to queue
[2022-04-13 09:19:19,671] {logging_mixin.py:109} INFO - [2022-04-13 09:19:19,671] {dagbag.py:500} INFO - Filling up the DagBag from /home/airflow/.local/lib/python3.7/site-packages/airflow/example_dags/example_sla_dag.py
[2022-04-13 09:19:19,691] {processor.py:652} INFO - DAG(s) dict_keys(['example_sla_dag']) retrieved from /home/airflow/.local/lib/python3.7/site-packages/airflow/example_dags/example_sla_dag.py
[2022-04-13 09:19:19,714] {logging_mixin.py:109} INFO - [2022-04-13 09:19:19,713] {dag.py:2398} INFO - Sync 1 DAGs
[2022-04-13 09:19:19,740] {logging_mixin.py:109} INFO - [2022-04-13 09:19:19,740] {dag.py:2937} INFO - Setting next_dagrun for example_sla_dag to 2022-04-13T09:16:00+00:00
[2022-04-13 09:19:19,754] {processor.py:171} INFO - Processing /home/airflow/.local/lib/python3.7/site-packages/airflow/example_dags/example_sla_dag.py took 0.088 seconds
[2022-04-13 09:19:50,305] {processor.py:163} INFO - Started process (PID=1525) to work on /home/airflow/.local/lib/python3.7/site-packages/airflow/example_dags/example_sla_dag.py
[2022-04-13 09:19:50,306] {processor.py:642} INFO - Processing file /home/airflow/.local/lib/python3.7/site-packages/airflow/example_dags/example_sla_dag.py for tasks to queue
[2022-04-13 09:19:50,307] {logging_mixin.py:109} INFO - [2022-04-13 09:19:50,307] {dagbag.py:500} INFO - Filling up the DagBag from /home/airflow/.local/lib/python3.7/site-packages/airflow/example_dags/example_sla_dag.py
[2022-04-13 09:19:50,328] {processor.py:652} INFO - DAG(s) dict_keys(['example_sla_dag']) retrieved from /home/airflow/.local/lib/python3.7/site-packages/airflow/example_dags/example_sla_dag.py
[2022-04-13 09:19:50,353] {logging_mixin.py:109} INFO - [2022-04-13 09:19:50,353] {dag.py:2398} INFO - Sync 1 DAGs
[2022-04-13 09:19:50,382] {logging_mixin.py:109} INFO - [2022-04-13 09:19:50,382] {dag.py:2937} INFO - Setting next_dagrun for example_sla_dag to 2022-04-13T09:16:00+00:00
[2022-04-13 09:19:50,399] {processor.py:171} INFO - Processing /home/airflow/.local/lib/python3.7/site-packages/airflow/example_dags/example_sla_dag.py took 0.096 seconds
[2022-04-13 09:20:21,658] {processor.py:163} INFO - Started process (PID=1586) to work on /home/airflow/.local/lib/python3.7/site-packages/airflow/example_dags/example_sla_dag.py
[2022-04-13 09:20:21,660] {processor.py:642} INFO - Processing file /home/airflow/.local/lib/python3.7/site-packages/airflow/example_dags/example_sla_dag.py for tasks to queue
[2022-04-13 09:20:21,661] {logging_mixin.py:109} INFO - [2022-04-13 09:20:21,661] {dagbag.py:500} INFO - Filling up the DagBag from /home/airflow/.local/lib/python3.7/site-packages/airflow/example_dags/example_sla_dag.py
[2022-04-13 09:20:21,688] {processor.py:652} INFO - DAG(s) dict_keys(['example_sla_dag']) retrieved from /home/airflow/.local/lib/python3.7/site-packages/airflow/example_dags/example_sla_dag.py
[2022-04-13 09:20:21,719] {logging_mixin.py:109} INFO - [2022-04-13 09:20:21,719] {dag.py:2398} INFO - Sync 1 DAGs
[2022-04-13 09:20:21,751] {logging_mixin.py:109} INFO - [2022-04-13 09:20:21,751] {dag.py:2937} INFO - Setting next_dagrun for example_sla_dag to 2022-04-13T09:18:00+00:00
[2022-04-13 09:20:21,772] {processor.py:171} INFO - Processing /home/airflow/.local/lib/python3.7/site-packages/airflow/example_dags/example_sla_dag.py took 0.118 seconds
[2022-04-13 09:20:52,787] {processor.py:163} INFO - Started process (PID=1639) to work on /home/airflow/.local/lib/python3.7/site-packages/airflow/example_dags/example_sla_dag.py
[2022-04-13 09:20:52,789] {processor.py:642} INFO - Processing file /home/airflow/.local/lib/python3.7/site-packages/airflow/example_dags/example_sla_dag.py for tasks to queue
[2022-04-13 09:20:52,790] {logging_mixin.py:109} INFO - [2022-04-13 09:20:52,790] {dagbag.py:500} INFO - Filling up the DagBag from /home/airflow/.local/lib/python3.7/site-packages/airflow/example_dags/example_sla_dag.py
[2022-04-13 09:20:52,809] {processor.py:652} INFO - DAG(s) dict_keys(['example_sla_dag']) retrieved from /home/airflow/.local/lib/python3.7/site-packages/airflow/example_dags/example_sla_dag.py
[2022-04-13 09:20:52,834] {logging_mixin.py:109} INFO - [2022-04-13 09:20:52,833] {dag.py:2398} INFO - Sync 1 DAGs
[2022-04-13 09:20:52,866] {logging_mixin.py:109} INFO - [2022-04-13 09:20:52,866] {dag.py:2937} INFO - Setting next_dagrun for example_sla_dag to 2022-04-13T09:18:00+00:00
[2022-04-13 09:20:52,879] {processor.py:171} INFO - Processing /home/airflow/.local/lib/python3.7/site-packages/airflow/example_dags/example_sla_dag.py took 0.096 seconds
[2022-04-13 09:21:23,987] {processor.py:163} INFO - Started process (PID=1690) to work on /home/airflow/.local/lib/python3.7/site-packages/airflow/example_dags/example_sla_dag.py
[2022-04-13 09:21:23,989] {processor.py:642} INFO - Processing file /home/airflow/.local/lib/python3.7/site-packages/airflow/example_dags/example_sla_dag.py for tasks to queue
[2022-04-13 09:21:23,990] {logging_mixin.py:109} INFO - [2022-04-13 09:21:23,989] {dagbag.py:500} INFO - Filling up the DagBag from /home/airflow/.local/lib/python3.7/site-packages/airflow/example_dags/example_sla_dag.py
[2022-04-13 09:21:24,015] {processor.py:652} INFO - DAG(s) dict_keys(['example_sla_dag']) retrieved from /home/airflow/.local/lib/python3.7/site-packages/airflow/example_dags/example_sla_dag.py
[2022-04-13 09:21:24,083] {logging_mixin.py:109} INFO - [2022-04-13 09:21:24,083] {dag.py:2398} INFO - Sync 1 DAGs
[2022-04-13 09:21:24,130] {logging_mixin.py:109} INFO - [2022-04-13 09:21:24,129] {dag.py:2937} INFO - Setting next_dagrun for example_sla_dag to 2022-04-13T09:18:00+00:00
[2022-04-13 09:21:24,148] {processor.py:171} INFO - Processing /home/airflow/.local/lib/python3.7/site-packages/airflow/example_dags/example_sla_dag.py took 0.165 seconds
[2022-04-13 09:21:55,219] {processor.py:163} INFO - Started process (PID=1750) to work on /home/airflow/.local/lib/python3.7/site-packages/airflow/example_dags/example_sla_dag.py
[2022-04-13 09:21:55,221] {processor.py:642} INFO - Processing file /home/airflow/.local/lib/python3.7/site-packages/airflow/example_dags/example_sla_dag.py for tasks to queue
[2022-04-13 09:21:55,221] {logging_mixin.py:109} INFO - [2022-04-13 09:21:55,221] {dagbag.py:500} INFO - Filling up the DagBag from /home/airflow/.local/lib/python3.7/site-packages/airflow/example_dags/example_sla_dag.py
[2022-04-13 09:21:55,244] {processor.py:652} INFO - DAG(s) dict_keys(['example_sla_dag']) retrieved from /home/airflow/.local/lib/python3.7/site-packages/airflow/example_dags/example_sla_dag.py
[2022-04-13 09:21:55,267] {logging_mixin.py:109} INFO - [2022-04-13 09:21:55,267] {dag.py:2398} INFO - Sync 1 DAGs
[2022-04-13 09:21:55,300] {logging_mixin.py:109} INFO - [2022-04-13 09:21:55,299] {dag.py:2937} INFO - Setting next_dagrun for example_sla_dag to 2022-04-13T09:18:00+00:00
[2022-04-13 09:21:55,319] {processor.py:171} INFO - Processing /home/airflow/.local/lib/python3.7/site-packages/airflow/example_dags/example_sla_dag.py took 0.103 seconds
[2022-04-13 09:22:26,448] {processor.py:163} INFO - Started process (PID=1802) to work on /home/airflow/.local/lib/python3.7/site-packages/airflow/example_dags/example_sla_dag.py
[2022-04-13 09:22:26,450] {processor.py:642} INFO - Processing file /home/airflow/.local/lib/python3.7/site-packages/airflow/example_dags/example_sla_dag.py for tasks to queue
[2022-04-13 09:22:26,451] {logging_mixin.py:109} INFO - [2022-04-13 09:22:26,451] {dagbag.py:500} INFO - Filling up the DagBag from /home/airflow/.local/lib/python3.7/site-packages/airflow/example_dags/example_sla_dag.py
[2022-04-13 09:22:26,476] {processor.py:652} INFO - DAG(s) dict_keys(['example_sla_dag']) retrieved from /home/airflow/.local/lib/python3.7/site-packages/airflow/example_dags/example_sla_dag.py
[2022-04-13 09:22:26,501] {logging_mixin.py:109} INFO - [2022-04-13 09:22:26,501] {dag.py:2398} INFO - Sync 1 DAGs
[2022-04-13 09:22:26,531] {logging_mixin.py:109} INFO - [2022-04-13 09:22:26,531] {dag.py:2937} INFO - Setting next_dagrun for example_sla_dag to 2022-04-13T09:20:00+00:00
[2022-04-13 09:22:26,550] {processor.py:171} INFO - Processing /home/airflow/.local/lib/python3.7/site-packages/airflow/example_dags/example_sla_dag.py took 0.105 seconds
[2022-04-13 09:22:57,837] {processor.py:163} INFO - Started process (PID=1853) to work on /home/airflow/.local/lib/python3.7/site-packages/airflow/example_dags/example_sla_dag.py
[2022-04-13 09:22:57,838] {processor.py:642} INFO - Processing file /home/airflow/.local/lib/python3.7/site-packages/airflow/example_dags/example_sla_dag.py for tasks to queue
[2022-04-13 09:22:57,838] {logging_mixin.py:109} INFO - [2022-04-13 09:22:57,838] {dagbag.py:500} INFO - Filling up the DagBag from /home/airflow/.local/lib/python3.7/site-packages/airflow/example_dags/example_sla_dag.py
[2022-04-13 09:22:57,860] {processor.py:652} INFO - DAG(s) dict_keys(['example_sla_dag']) retrieved from /home/airflow/.local/lib/python3.7/site-packages/airflow/example_dags/example_sla_dag.py
[2022-04-13 09:22:57,883] {logging_mixin.py:109} INFO - [2022-04-13 09:22:57,883] {dag.py:2398} INFO - Sync 1 DAGs
[2022-04-13 09:22:57,910] {logging_mixin.py:109} INFO - [2022-04-13 09:22:57,910] {dag.py:2937} INFO - Setting next_dagrun for example_sla_dag to 2022-04-13T09:20:00+00:00
[2022-04-13 09:22:57,926] {processor.py:171} INFO - Processing /home/airflow/.local/lib/python3.7/site-packages/airflow/example_dags/example_sla_dag.py took 0.092 seconds
[2022-04-13 09:23:28,967] {processor.py:163} INFO - Started process (PID=1915) to work on /home/airflow/.local/lib/python3.7/site-packages/airflow/example_dags/example_sla_dag.py
[2022-04-13 09:23:28,969] {processor.py:642} INFO - Processing file /home/airflow/.local/lib/python3.7/site-packages/airflow/example_dags/example_sla_dag.py for tasks to queue
[2022-04-13 09:23:28,969] {logging_mixin.py:109} INFO - [2022-04-13 09:23:28,969] {dagbag.py:500} INFO - Filling up the DagBag from /home/airflow/.local/lib/python3.7/site-packages/airflow/example_dags/example_sla_dag.py
[2022-04-13 09:23:28,985] {processor.py:652} INFO - DAG(s) dict_keys(['example_sla_dag']) retrieved from /home/airflow/.local/lib/python3.7/site-packages/airflow/example_dags/example_sla_dag.py
[2022-04-13 09:23:29,005] {logging_mixin.py:109} INFO - [2022-04-13 09:23:29,005] {dag.py:2398} INFO - Sync 1 DAGs
[2022-04-13 09:23:29,025] {logging_mixin.py:109} INFO - [2022-04-13 09:23:29,025] {dag.py:2937} INFO - Setting next_dagrun for example_sla_dag to 2022-04-13T09:20:00+00:00
[2022-04-13 09:23:29,036] {processor.py:171} INFO - Processing /home/airflow/.local/lib/python3.7/site-packages/airflow/example_dags/example_sla_dag.py took 0.071 seconds
[2022-04-13 09:24:00,352] {processor.py:163} INFO - Started process (PID=1966) to work on /home/airflow/.local/lib/python3.7/site-packages/airflow/example_dags/example_sla_dag.py
[2022-04-13 09:24:00,354] {processor.py:642} INFO - Processing file /home/airflow/.local/lib/python3.7/site-packages/airflow/example_dags/example_sla_dag.py for tasks to queue
[2022-04-13 09:24:00,355] {logging_mixin.py:109} INFO - [2022-04-13 09:24:00,355] {dagbag.py:500} INFO - Filling up the DagBag from /home/airflow/.local/lib/python3.7/site-packages/airflow/example_dags/example_sla_dag.py
[2022-04-13 09:24:00,376] {processor.py:652} INFO - DAG(s) dict_keys(['example_sla_dag']) retrieved from /home/airflow/.local/lib/python3.7/site-packages/airflow/example_dags/example_sla_dag.py
[2022-04-13 09:24:00,403] {logging_mixin.py:109} INFO - [2022-04-13 09:24:00,403] {dag.py:2398} INFO - Sync 1 DAGs
[2022-04-13 09:24:00,428] {logging_mixin.py:109} INFO - [2022-04-13 09:24:00,428] {dag.py:2937} INFO - Setting next_dagrun for example_sla_dag to 2022-04-13T09:22:00+00:00
[2022-04-13 09:24:00,443] {processor.py:171} INFO - Processing /home/airflow/.local/lib/python3.7/site-packages/airflow/example_dags/example_sla_dag.py took 0.094 seconds
[2022-04-13 09:24:31,269] {processor.py:163} INFO - Started process (PID=2017) to work on /home/airflow/.local/lib/python3.7/site-packages/airflow/example_dags/example_sla_dag.py
[2022-04-13 09:24:31,270] {processor.py:642} INFO - Processing file /home/airflow/.local/lib/python3.7/site-packages/airflow/example_dags/example_sla_dag.py for tasks to queue
[2022-04-13 09:24:31,271] {logging_mixin.py:109} INFO - [2022-04-13 09:24:31,271] {dagbag.py:500} INFO - Filling up the DagBag from /home/airflow/.local/lib/python3.7/site-packages/airflow/example_dags/example_sla_dag.py
[2022-04-13 09:24:31,294] {processor.py:652} INFO - DAG(s) dict_keys(['example_sla_dag']) retrieved from /home/airflow/.local/lib/python3.7/site-packages/airflow/example_dags/example_sla_dag.py
[2022-04-13 09:24:31,322] {logging_mixin.py:109} INFO - [2022-04-13 09:24:31,322] {dag.py:2398} INFO - Sync 1 DAGs
[2022-04-13 09:24:31,352] {logging_mixin.py:109} INFO - [2022-04-13 09:24:31,351] {dag.py:2937} INFO - Setting next_dagrun for example_sla_dag to 2022-04-13T09:22:00+00:00
[2022-04-13 09:24:31,366] {processor.py:171} INFO - Processing /home/airflow/.local/lib/python3.7/site-packages/airflow/example_dags/example_sla_dag.py took 0.101 seconds
[2022-04-13 09:25:02,569] {processor.py:163} INFO - Started process (PID=2079) to work on /home/airflow/.local/lib/python3.7/site-packages/airflow/example_dags/example_sla_dag.py
[2022-04-13 09:25:02,571] {processor.py:642} INFO - Processing file /home/airflow/.local/lib/python3.7/site-packages/airflow/example_dags/example_sla_dag.py for tasks to queue
[2022-04-13 09:25:02,572] {logging_mixin.py:109} INFO - [2022-04-13 09:25:02,571] {dagbag.py:500} INFO - Filling up the DagBag from /home/airflow/.local/lib/python3.7/site-packages/airflow/example_dags/example_sla_dag.py
[2022-04-13 09:25:02,588] {processor.py:652} INFO - DAG(s) dict_keys(['example_sla_dag']) retrieved from /home/airflow/.local/lib/python3.7/site-packages/airflow/example_dags/example_sla_dag.py
[2022-04-13 09:25:02,611] {logging_mixin.py:109} INFO - [2022-04-13 09:25:02,611] {dag.py:2398} INFO - Sync 1 DAGs
[2022-04-13 09:25:02,635] {logging_mixin.py:109} INFO - [2022-04-13 09:25:02,635] {dag.py:2937} INFO - Setting next_dagrun for example_sla_dag to 2022-04-13T09:22:00+00:00
[2022-04-13 09:25:02,648] {processor.py:171} INFO - Processing /home/airflow/.local/lib/python3.7/site-packages/airflow/example_dags/example_sla_dag.py took 0.081 seconds
[2022-04-13 09:25:33,065] {processor.py:163} INFO - Started process (PID=2129) to work on /home/airflow/.local/lib/python3.7/site-packages/airflow/example_dags/example_sla_dag.py
[2022-04-13 09:25:33,066] {processor.py:642} INFO - Processing file /home/airflow/.local/lib/python3.7/site-packages/airflow/example_dags/example_sla_dag.py for tasks to queue
[2022-04-13 09:25:33,067] {logging_mixin.py:109} INFO - [2022-04-13 09:25:33,067] {dagbag.py:500} INFO - Filling up the DagBag from /home/airflow/.local/lib/python3.7/site-packages/airflow/example_dags/example_sla_dag.py
[2022-04-13 09:25:33,087] {processor.py:652} INFO - DAG(s) dict_keys(['example_sla_dag']) retrieved from /home/airflow/.local/lib/python3.7/site-packages/airflow/example_dags/example_sla_dag.py
[2022-04-13 09:25:33,118] {logging_mixin.py:109} INFO - [2022-04-13 09:25:33,118] {dag.py:2398} INFO - Sync 1 DAGs
[2022-04-13 09:25:33,143] {logging_mixin.py:109} INFO - [2022-04-13 09:25:33,143] {dag.py:2937} INFO - Setting next_dagrun for example_sla_dag to 2022-04-13T09:22:00+00:00
[2022-04-13 09:25:33,156] {processor.py:171} INFO - Processing /home/airflow/.local/lib/python3.7/site-packages/airflow/example_dags/example_sla_dag.py took 0.094 seconds
[2022-04-13 09:26:04,122] {processor.py:163} INFO - Started process (PID=2188) to work on /home/airflow/.local/lib/python3.7/site-packages/airflow/example_dags/example_sla_dag.py
[2022-04-13 09:26:04,125] {processor.py:642} INFO - Processing file /home/airflow/.local/lib/python3.7/site-packages/airflow/example_dags/example_sla_dag.py for tasks to queue
[2022-04-13 09:26:04,126] {logging_mixin.py:109} INFO - [2022-04-13 09:26:04,125] {dagbag.py:500} INFO - Filling up the DagBag from /home/airflow/.local/lib/python3.7/site-packages/airflow/example_dags/example_sla_dag.py
[2022-04-13 09:26:04,155] {processor.py:652} INFO - DAG(s) dict_keys(['example_sla_dag']) retrieved from /home/airflow/.local/lib/python3.7/site-packages/airflow/example_dags/example_sla_dag.py
[2022-04-13 09:26:04,183] {logging_mixin.py:109} INFO - [2022-04-13 09:26:04,183] {dag.py:2398} INFO - Sync 1 DAGs
[2022-04-13 09:26:04,215] {logging_mixin.py:109} INFO - [2022-04-13 09:26:04,215] {dag.py:2937} INFO - Setting next_dagrun for example_sla_dag to 2022-04-13T09:24:00+00:00
[2022-04-13 09:26:04,232] {processor.py:171} INFO - Processing /home/airflow/.local/lib/python3.7/site-packages/airflow/example_dags/example_sla_dag.py took 0.113 seconds
