[2022-04-13 08:46:51,113] {processor.py:163} INFO - Started process (PID=444) to work on /home/airflow/.local/lib/python3.7/site-packages/airflow/example_dags/example_xcomargs.py
[2022-04-13 08:46:51,113] {processor.py:642} INFO - Processing file /home/airflow/.local/lib/python3.7/site-packages/airflow/example_dags/example_xcomargs.py for tasks to queue
[2022-04-13 08:46:51,114] {logging_mixin.py:109} INFO - [2022-04-13 08:46:51,114] {dagbag.py:500} INFO - Filling up the DagBag from /home/airflow/.local/lib/python3.7/site-packages/airflow/example_dags/example_xcomargs.py
[2022-04-13 08:46:51,151] {processor.py:652} INFO - DAG(s) dict_keys(['example_xcom_args', 'example_xcom_args_with_operators']) retrieved from /home/airflow/.local/lib/python3.7/site-packages/airflow/example_dags/example_xcomargs.py
[2022-04-13 08:46:53,705] {logging_mixin.py:109} INFO - [2022-04-13 08:46:53,705] {manager.py:496} INFO - Created Permission View: can read on DAG:example_xcom_args
[2022-04-13 08:46:53,721] {logging_mixin.py:109} INFO - [2022-04-13 08:46:53,721] {manager.py:496} INFO - Created Permission View: can edit on DAG:example_xcom_args
[2022-04-13 08:46:53,749] {logging_mixin.py:109} INFO - [2022-04-13 08:46:53,749] {manager.py:496} INFO - Created Permission View: can read on DAG:example_xcom_args_with_operators
[2022-04-13 08:46:53,761] {logging_mixin.py:109} INFO - [2022-04-13 08:46:53,761] {manager.py:496} INFO - Created Permission View: can edit on DAG:example_xcom_args_with_operators
[2022-04-13 08:46:53,762] {logging_mixin.py:109} INFO - [2022-04-13 08:46:53,761] {dag.py:2398} INFO - Sync 2 DAGs
[2022-04-13 08:46:53,771] {logging_mixin.py:109} INFO - [2022-04-13 08:46:53,770] {dag.py:2417} INFO - Creating ORM DAG for example_xcom_args
[2022-04-13 08:46:53,771] {logging_mixin.py:109} INFO - [2022-04-13 08:46:53,771] {dag.py:2417} INFO - Creating ORM DAG for example_xcom_args_with_operators
[2022-04-13 08:46:53,780] {logging_mixin.py:109} INFO - [2022-04-13 08:46:53,780] {dag.py:2937} INFO - Setting next_dagrun for example_xcom_args to None
[2022-04-13 08:46:53,781] {logging_mixin.py:109} INFO - [2022-04-13 08:46:53,781] {dag.py:2937} INFO - Setting next_dagrun for example_xcom_args_with_operators to None
[2022-04-13 08:46:53,801] {processor.py:171} INFO - Processing /home/airflow/.local/lib/python3.7/site-packages/airflow/example_dags/example_xcomargs.py took 2.693 seconds
[2022-04-13 08:47:24,277] {processor.py:163} INFO - Started process (PID=513) to work on /home/airflow/.local/lib/python3.7/site-packages/airflow/example_dags/example_xcomargs.py
[2022-04-13 08:47:24,279] {processor.py:642} INFO - Processing file /home/airflow/.local/lib/python3.7/site-packages/airflow/example_dags/example_xcomargs.py for tasks to queue
[2022-04-13 08:47:24,279] {logging_mixin.py:109} INFO - [2022-04-13 08:47:24,279] {dagbag.py:500} INFO - Filling up the DagBag from /home/airflow/.local/lib/python3.7/site-packages/airflow/example_dags/example_xcomargs.py
[2022-04-13 08:47:24,311] {processor.py:652} INFO - DAG(s) dict_keys(['example_xcom_args', 'example_xcom_args_with_operators']) retrieved from /home/airflow/.local/lib/python3.7/site-packages/airflow/example_dags/example_xcomargs.py
[2022-04-13 08:47:24,680] {logging_mixin.py:109} INFO - [2022-04-13 08:47:24,680] {dag.py:2398} INFO - Sync 2 DAGs
[2022-04-13 08:47:24,701] {logging_mixin.py:109} INFO - [2022-04-13 08:47:24,701] {dag.py:2937} INFO - Setting next_dagrun for example_xcom_args to None
[2022-04-13 08:47:24,701] {logging_mixin.py:109} INFO - [2022-04-13 08:47:24,701] {dag.py:2937} INFO - Setting next_dagrun for example_xcom_args_with_operators to None
[2022-04-13 08:47:24,716] {processor.py:171} INFO - Processing /home/airflow/.local/lib/python3.7/site-packages/airflow/example_dags/example_xcomargs.py took 0.442 seconds
[2022-04-13 08:47:55,617] {processor.py:163} INFO - Started process (PID=572) to work on /home/airflow/.local/lib/python3.7/site-packages/airflow/example_dags/example_xcomargs.py
[2022-04-13 08:47:55,622] {processor.py:642} INFO - Processing file /home/airflow/.local/lib/python3.7/site-packages/airflow/example_dags/example_xcomargs.py for tasks to queue
[2022-04-13 08:47:55,622] {logging_mixin.py:109} INFO - [2022-04-13 08:47:55,622] {dagbag.py:500} INFO - Filling up the DagBag from /home/airflow/.local/lib/python3.7/site-packages/airflow/example_dags/example_xcomargs.py
[2022-04-13 08:47:55,647] {processor.py:652} INFO - DAG(s) dict_keys(['example_xcom_args', 'example_xcom_args_with_operators']) retrieved from /home/airflow/.local/lib/python3.7/site-packages/airflow/example_dags/example_xcomargs.py
[2022-04-13 08:47:55,972] {logging_mixin.py:109} INFO - [2022-04-13 08:47:55,972] {dag.py:2398} INFO - Sync 2 DAGs
[2022-04-13 08:47:55,995] {logging_mixin.py:109} INFO - [2022-04-13 08:47:55,995] {dag.py:2937} INFO - Setting next_dagrun for example_xcom_args to None
[2022-04-13 08:47:55,995] {logging_mixin.py:109} INFO - [2022-04-13 08:47:55,995] {dag.py:2937} INFO - Setting next_dagrun for example_xcom_args_with_operators to None
[2022-04-13 08:47:56,032] {processor.py:171} INFO - Processing /home/airflow/.local/lib/python3.7/site-packages/airflow/example_dags/example_xcomargs.py took 0.417 seconds
[2022-04-13 08:48:26,178] {processor.py:163} INFO - Started process (PID=626) to work on /home/airflow/.local/lib/python3.7/site-packages/airflow/example_dags/example_xcomargs.py
[2022-04-13 08:48:26,179] {processor.py:642} INFO - Processing file /home/airflow/.local/lib/python3.7/site-packages/airflow/example_dags/example_xcomargs.py for tasks to queue
[2022-04-13 08:48:26,179] {logging_mixin.py:109} INFO - [2022-04-13 08:48:26,179] {dagbag.py:500} INFO - Filling up the DagBag from /home/airflow/.local/lib/python3.7/site-packages/airflow/example_dags/example_xcomargs.py
[2022-04-13 08:48:26,197] {processor.py:652} INFO - DAG(s) dict_keys(['example_xcom_args', 'example_xcom_args_with_operators']) retrieved from /home/airflow/.local/lib/python3.7/site-packages/airflow/example_dags/example_xcomargs.py
[2022-04-13 08:48:26,469] {logging_mixin.py:109} INFO - [2022-04-13 08:48:26,469] {dag.py:2398} INFO - Sync 2 DAGs
[2022-04-13 08:48:26,486] {logging_mixin.py:109} INFO - [2022-04-13 08:48:26,486] {dag.py:2937} INFO - Setting next_dagrun for example_xcom_args to None
[2022-04-13 08:48:26,486] {logging_mixin.py:109} INFO - [2022-04-13 08:48:26,486] {dag.py:2937} INFO - Setting next_dagrun for example_xcom_args_with_operators to None
[2022-04-13 08:48:26,503] {processor.py:171} INFO - Processing /home/airflow/.local/lib/python3.7/site-packages/airflow/example_dags/example_xcomargs.py took 0.327 seconds
[2022-04-13 08:52:11,493] {processor.py:163} INFO - Started process (PID=66) to work on /home/airflow/.local/lib/python3.7/site-packages/airflow/example_dags/example_xcomargs.py
[2022-04-13 08:52:11,495] {processor.py:642} INFO - Processing file /home/airflow/.local/lib/python3.7/site-packages/airflow/example_dags/example_xcomargs.py for tasks to queue
[2022-04-13 08:52:11,497] {logging_mixin.py:109} INFO - [2022-04-13 08:52:11,497] {dagbag.py:500} INFO - Filling up the DagBag from /home/airflow/.local/lib/python3.7/site-packages/airflow/example_dags/example_xcomargs.py
[2022-04-13 08:52:11,537] {processor.py:652} INFO - DAG(s) dict_keys(['example_xcom_args', 'example_xcom_args_with_operators']) retrieved from /home/airflow/.local/lib/python3.7/site-packages/airflow/example_dags/example_xcomargs.py
[2022-04-13 08:52:11,977] {logging_mixin.py:109} INFO - [2022-04-13 08:52:11,977] {dag.py:2398} INFO - Sync 2 DAGs
[2022-04-13 08:52:11,997] {logging_mixin.py:109} INFO - [2022-04-13 08:52:11,997] {dag.py:2937} INFO - Setting next_dagrun for example_xcom_args to None
[2022-04-13 08:52:11,997] {logging_mixin.py:109} INFO - [2022-04-13 08:52:11,997] {dag.py:2937} INFO - Setting next_dagrun for example_xcom_args_with_operators to None
[2022-04-13 08:52:12,015] {processor.py:171} INFO - Processing /home/airflow/.local/lib/python3.7/site-packages/airflow/example_dags/example_xcomargs.py took 0.527 seconds
[2022-04-13 08:54:28,230] {processor.py:163} INFO - Started process (PID=70) to work on /home/airflow/.local/lib/python3.7/site-packages/airflow/example_dags/example_xcomargs.py
[2022-04-13 08:54:28,232] {processor.py:642} INFO - Processing file /home/airflow/.local/lib/python3.7/site-packages/airflow/example_dags/example_xcomargs.py for tasks to queue
[2022-04-13 08:54:28,233] {logging_mixin.py:109} INFO - [2022-04-13 08:54:28,233] {dagbag.py:500} INFO - Filling up the DagBag from /home/airflow/.local/lib/python3.7/site-packages/airflow/example_dags/example_xcomargs.py
[2022-04-13 08:54:28,271] {processor.py:652} INFO - DAG(s) dict_keys(['example_xcom_args', 'example_xcom_args_with_operators']) retrieved from /home/airflow/.local/lib/python3.7/site-packages/airflow/example_dags/example_xcomargs.py
[2022-04-13 08:54:28,604] {logging_mixin.py:109} INFO - [2022-04-13 08:54:28,604] {dag.py:2398} INFO - Sync 2 DAGs
[2022-04-13 08:54:28,622] {logging_mixin.py:109} INFO - [2022-04-13 08:54:28,622] {dag.py:2937} INFO - Setting next_dagrun for example_xcom_args to None
[2022-04-13 08:54:28,622] {logging_mixin.py:109} INFO - [2022-04-13 08:54:28,622] {dag.py:2937} INFO - Setting next_dagrun for example_xcom_args_with_operators to None
[2022-04-13 08:54:28,644] {processor.py:171} INFO - Processing /home/airflow/.local/lib/python3.7/site-packages/airflow/example_dags/example_xcomargs.py took 0.417 seconds
[2022-04-13 08:54:58,963] {processor.py:163} INFO - Started process (PID=124) to work on /home/airflow/.local/lib/python3.7/site-packages/airflow/example_dags/example_xcomargs.py
[2022-04-13 08:54:58,964] {processor.py:642} INFO - Processing file /home/airflow/.local/lib/python3.7/site-packages/airflow/example_dags/example_xcomargs.py for tasks to queue
[2022-04-13 08:54:58,965] {logging_mixin.py:109} INFO - [2022-04-13 08:54:58,964] {dagbag.py:500} INFO - Filling up the DagBag from /home/airflow/.local/lib/python3.7/site-packages/airflow/example_dags/example_xcomargs.py
[2022-04-13 08:54:58,988] {processor.py:652} INFO - DAG(s) dict_keys(['example_xcom_args', 'example_xcom_args_with_operators']) retrieved from /home/airflow/.local/lib/python3.7/site-packages/airflow/example_dags/example_xcomargs.py
[2022-04-13 08:54:59,210] {logging_mixin.py:109} INFO - [2022-04-13 08:54:59,210] {dag.py:2398} INFO - Sync 2 DAGs
[2022-04-13 08:54:59,222] {logging_mixin.py:109} INFO - [2022-04-13 08:54:59,222] {dag.py:2937} INFO - Setting next_dagrun for example_xcom_args to None
[2022-04-13 08:54:59,223] {logging_mixin.py:109} INFO - [2022-04-13 08:54:59,223] {dag.py:2937} INFO - Setting next_dagrun for example_xcom_args_with_operators to None
[2022-04-13 08:54:59,236] {processor.py:171} INFO - Processing /home/airflow/.local/lib/python3.7/site-packages/airflow/example_dags/example_xcomargs.py took 0.275 seconds
[2022-04-13 08:55:30,073] {processor.py:163} INFO - Started process (PID=182) to work on /home/airflow/.local/lib/python3.7/site-packages/airflow/example_dags/example_xcomargs.py
[2022-04-13 08:55:30,074] {processor.py:642} INFO - Processing file /home/airflow/.local/lib/python3.7/site-packages/airflow/example_dags/example_xcomargs.py for tasks to queue
[2022-04-13 08:55:30,074] {logging_mixin.py:109} INFO - [2022-04-13 08:55:30,074] {dagbag.py:500} INFO - Filling up the DagBag from /home/airflow/.local/lib/python3.7/site-packages/airflow/example_dags/example_xcomargs.py
[2022-04-13 08:55:30,098] {processor.py:652} INFO - DAG(s) dict_keys(['example_xcom_args', 'example_xcom_args_with_operators']) retrieved from /home/airflow/.local/lib/python3.7/site-packages/airflow/example_dags/example_xcomargs.py
[2022-04-13 08:55:30,435] {logging_mixin.py:109} INFO - [2022-04-13 08:55:30,435] {dag.py:2398} INFO - Sync 2 DAGs
[2022-04-13 08:55:30,449] {logging_mixin.py:109} INFO - [2022-04-13 08:55:30,449] {dag.py:2937} INFO - Setting next_dagrun for example_xcom_args to None
[2022-04-13 08:55:30,449] {logging_mixin.py:109} INFO - [2022-04-13 08:55:30,449] {dag.py:2937} INFO - Setting next_dagrun for example_xcom_args_with_operators to None
[2022-04-13 08:55:30,461] {processor.py:171} INFO - Processing /home/airflow/.local/lib/python3.7/site-packages/airflow/example_dags/example_xcomargs.py took 0.391 seconds
[2022-04-13 08:56:02,172] {processor.py:163} INFO - Started process (PID=243) to work on /home/airflow/.local/lib/python3.7/site-packages/airflow/example_dags/example_xcomargs.py
[2022-04-13 08:56:02,174] {processor.py:642} INFO - Processing file /home/airflow/.local/lib/python3.7/site-packages/airflow/example_dags/example_xcomargs.py for tasks to queue
[2022-04-13 08:56:02,174] {logging_mixin.py:109} INFO - [2022-04-13 08:56:02,174] {dagbag.py:500} INFO - Filling up the DagBag from /home/airflow/.local/lib/python3.7/site-packages/airflow/example_dags/example_xcomargs.py
[2022-04-13 08:56:02,196] {processor.py:652} INFO - DAG(s) dict_keys(['example_xcom_args', 'example_xcom_args_with_operators']) retrieved from /home/airflow/.local/lib/python3.7/site-packages/airflow/example_dags/example_xcomargs.py
[2022-04-13 08:56:02,539] {logging_mixin.py:109} INFO - [2022-04-13 08:56:02,539] {dag.py:2398} INFO - Sync 2 DAGs
[2022-04-13 08:56:02,559] {logging_mixin.py:109} INFO - [2022-04-13 08:56:02,559] {dag.py:2937} INFO - Setting next_dagrun for example_xcom_args to None
[2022-04-13 08:56:02,559] {logging_mixin.py:109} INFO - [2022-04-13 08:56:02,559] {dag.py:2937} INFO - Setting next_dagrun for example_xcom_args_with_operators to None
[2022-04-13 08:56:02,577] {processor.py:171} INFO - Processing /home/airflow/.local/lib/python3.7/site-packages/airflow/example_dags/example_xcomargs.py took 0.408 seconds
[2022-04-13 08:56:32,903] {processor.py:163} INFO - Started process (PID=295) to work on /home/airflow/.local/lib/python3.7/site-packages/airflow/example_dags/example_xcomargs.py
[2022-04-13 08:56:32,905] {processor.py:642} INFO - Processing file /home/airflow/.local/lib/python3.7/site-packages/airflow/example_dags/example_xcomargs.py for tasks to queue
[2022-04-13 08:56:32,905] {logging_mixin.py:109} INFO - [2022-04-13 08:56:32,905] {dagbag.py:500} INFO - Filling up the DagBag from /home/airflow/.local/lib/python3.7/site-packages/airflow/example_dags/example_xcomargs.py
[2022-04-13 08:56:32,932] {processor.py:652} INFO - DAG(s) dict_keys(['example_xcom_args', 'example_xcom_args_with_operators']) retrieved from /home/airflow/.local/lib/python3.7/site-packages/airflow/example_dags/example_xcomargs.py
[2022-04-13 08:56:32,966] {logging_mixin.py:109} INFO - [2022-04-13 08:56:32,965] {dag.py:2398} INFO - Sync 2 DAGs
[2022-04-13 08:56:32,985] {logging_mixin.py:109} INFO - [2022-04-13 08:56:32,985] {dag.py:2937} INFO - Setting next_dagrun for example_xcom_args to None
[2022-04-13 08:56:32,986] {logging_mixin.py:109} INFO - [2022-04-13 08:56:32,986] {dag.py:2937} INFO - Setting next_dagrun for example_xcom_args_with_operators to None
[2022-04-13 08:56:33,007] {processor.py:171} INFO - Processing /home/airflow/.local/lib/python3.7/site-packages/airflow/example_dags/example_xcomargs.py took 0.106 seconds
[2022-04-13 08:57:03,941] {processor.py:163} INFO - Started process (PID=355) to work on /home/airflow/.local/lib/python3.7/site-packages/airflow/example_dags/example_xcomargs.py
[2022-04-13 08:57:03,942] {processor.py:642} INFO - Processing file /home/airflow/.local/lib/python3.7/site-packages/airflow/example_dags/example_xcomargs.py for tasks to queue
[2022-04-13 08:57:03,943] {logging_mixin.py:109} INFO - [2022-04-13 08:57:03,943] {dagbag.py:500} INFO - Filling up the DagBag from /home/airflow/.local/lib/python3.7/site-packages/airflow/example_dags/example_xcomargs.py
[2022-04-13 08:57:03,963] {processor.py:652} INFO - DAG(s) dict_keys(['example_xcom_args', 'example_xcom_args_with_operators']) retrieved from /home/airflow/.local/lib/python3.7/site-packages/airflow/example_dags/example_xcomargs.py
[2022-04-13 08:57:04,227] {logging_mixin.py:109} INFO - [2022-04-13 08:57:04,227] {dag.py:2398} INFO - Sync 2 DAGs
[2022-04-13 08:57:04,242] {logging_mixin.py:109} INFO - [2022-04-13 08:57:04,242] {dag.py:2937} INFO - Setting next_dagrun for example_xcom_args to None
[2022-04-13 08:57:04,243] {logging_mixin.py:109} INFO - [2022-04-13 08:57:04,243] {dag.py:2937} INFO - Setting next_dagrun for example_xcom_args_with_operators to None
[2022-04-13 08:57:04,255] {processor.py:171} INFO - Processing /home/airflow/.local/lib/python3.7/site-packages/airflow/example_dags/example_xcomargs.py took 0.316 seconds
[2022-04-13 08:57:34,422] {processor.py:163} INFO - Started process (PID=407) to work on /home/airflow/.local/lib/python3.7/site-packages/airflow/example_dags/example_xcomargs.py
[2022-04-13 08:57:34,423] {processor.py:642} INFO - Processing file /home/airflow/.local/lib/python3.7/site-packages/airflow/example_dags/example_xcomargs.py for tasks to queue
[2022-04-13 08:57:34,424] {logging_mixin.py:109} INFO - [2022-04-13 08:57:34,424] {dagbag.py:500} INFO - Filling up the DagBag from /home/airflow/.local/lib/python3.7/site-packages/airflow/example_dags/example_xcomargs.py
[2022-04-13 08:57:34,449] {processor.py:652} INFO - DAG(s) dict_keys(['example_xcom_args', 'example_xcom_args_with_operators']) retrieved from /home/airflow/.local/lib/python3.7/site-packages/airflow/example_dags/example_xcomargs.py
[2022-04-13 08:57:34,733] {logging_mixin.py:109} INFO - [2022-04-13 08:57:34,733] {dag.py:2398} INFO - Sync 2 DAGs
[2022-04-13 08:57:34,748] {logging_mixin.py:109} INFO - [2022-04-13 08:57:34,748] {dag.py:2937} INFO - Setting next_dagrun for example_xcom_args to None
[2022-04-13 08:57:34,749] {logging_mixin.py:109} INFO - [2022-04-13 08:57:34,749] {dag.py:2937} INFO - Setting next_dagrun for example_xcom_args_with_operators to None
[2022-04-13 08:57:34,762] {processor.py:171} INFO - Processing /home/airflow/.local/lib/python3.7/site-packages/airflow/example_dags/example_xcomargs.py took 0.342 seconds
[2022-04-13 08:58:05,583] {processor.py:163} INFO - Started process (PID=466) to work on /home/airflow/.local/lib/python3.7/site-packages/airflow/example_dags/example_xcomargs.py
[2022-04-13 08:58:05,584] {processor.py:642} INFO - Processing file /home/airflow/.local/lib/python3.7/site-packages/airflow/example_dags/example_xcomargs.py for tasks to queue
[2022-04-13 08:58:05,585] {logging_mixin.py:109} INFO - [2022-04-13 08:58:05,585] {dagbag.py:500} INFO - Filling up the DagBag from /home/airflow/.local/lib/python3.7/site-packages/airflow/example_dags/example_xcomargs.py
[2022-04-13 08:58:05,607] {processor.py:652} INFO - DAG(s) dict_keys(['example_xcom_args', 'example_xcom_args_with_operators']) retrieved from /home/airflow/.local/lib/python3.7/site-packages/airflow/example_dags/example_xcomargs.py
[2022-04-13 08:58:05,882] {logging_mixin.py:109} INFO - [2022-04-13 08:58:05,882] {dag.py:2398} INFO - Sync 2 DAGs
[2022-04-13 08:58:05,897] {logging_mixin.py:109} INFO - [2022-04-13 08:58:05,897] {dag.py:2937} INFO - Setting next_dagrun for example_xcom_args to None
[2022-04-13 08:58:05,897] {logging_mixin.py:109} INFO - [2022-04-13 08:58:05,897] {dag.py:2937} INFO - Setting next_dagrun for example_xcom_args_with_operators to None
[2022-04-13 08:58:05,912] {processor.py:171} INFO - Processing /home/airflow/.local/lib/python3.7/site-packages/airflow/example_dags/example_xcomargs.py took 0.331 seconds
[2022-04-13 08:58:36,054] {processor.py:163} INFO - Started process (PID=519) to work on /home/airflow/.local/lib/python3.7/site-packages/airflow/example_dags/example_xcomargs.py
[2022-04-13 08:58:36,055] {processor.py:642} INFO - Processing file /home/airflow/.local/lib/python3.7/site-packages/airflow/example_dags/example_xcomargs.py for tasks to queue
[2022-04-13 08:58:36,056] {logging_mixin.py:109} INFO - [2022-04-13 08:58:36,056] {dagbag.py:500} INFO - Filling up the DagBag from /home/airflow/.local/lib/python3.7/site-packages/airflow/example_dags/example_xcomargs.py
[2022-04-13 08:58:36,078] {processor.py:652} INFO - DAG(s) dict_keys(['example_xcom_args', 'example_xcom_args_with_operators']) retrieved from /home/airflow/.local/lib/python3.7/site-packages/airflow/example_dags/example_xcomargs.py
[2022-04-13 08:58:36,366] {logging_mixin.py:109} INFO - [2022-04-13 08:58:36,366] {dag.py:2398} INFO - Sync 2 DAGs
[2022-04-13 08:58:36,380] {logging_mixin.py:109} INFO - [2022-04-13 08:58:36,380] {dag.py:2937} INFO - Setting next_dagrun for example_xcom_args to None
[2022-04-13 08:58:36,381] {logging_mixin.py:109} INFO - [2022-04-13 08:58:36,381] {dag.py:2937} INFO - Setting next_dagrun for example_xcom_args_with_operators to None
[2022-04-13 08:58:36,398] {processor.py:171} INFO - Processing /home/airflow/.local/lib/python3.7/site-packages/airflow/example_dags/example_xcomargs.py took 0.348 seconds
[2022-04-13 08:59:06,805] {processor.py:163} INFO - Started process (PID=579) to work on /home/airflow/.local/lib/python3.7/site-packages/airflow/example_dags/example_xcomargs.py
[2022-04-13 08:59:06,807] {processor.py:642} INFO - Processing file /home/airflow/.local/lib/python3.7/site-packages/airflow/example_dags/example_xcomargs.py for tasks to queue
[2022-04-13 08:59:06,808] {logging_mixin.py:109} INFO - [2022-04-13 08:59:06,808] {dagbag.py:500} INFO - Filling up the DagBag from /home/airflow/.local/lib/python3.7/site-packages/airflow/example_dags/example_xcomargs.py
[2022-04-13 08:59:06,832] {processor.py:652} INFO - DAG(s) dict_keys(['example_xcom_args', 'example_xcom_args_with_operators']) retrieved from /home/airflow/.local/lib/python3.7/site-packages/airflow/example_dags/example_xcomargs.py
[2022-04-13 08:59:07,224] {logging_mixin.py:109} INFO - [2022-04-13 08:59:07,223] {dag.py:2398} INFO - Sync 2 DAGs
[2022-04-13 08:59:07,247] {logging_mixin.py:109} INFO - [2022-04-13 08:59:07,247] {dag.py:2937} INFO - Setting next_dagrun for example_xcom_args to None
[2022-04-13 08:59:07,247] {logging_mixin.py:109} INFO - [2022-04-13 08:59:07,247] {dag.py:2937} INFO - Setting next_dagrun for example_xcom_args_with_operators to None
[2022-04-13 08:59:07,264] {processor.py:171} INFO - Processing /home/airflow/.local/lib/python3.7/site-packages/airflow/example_dags/example_xcomargs.py took 0.463 seconds
[2022-04-13 08:59:37,477] {processor.py:163} INFO - Started process (PID=631) to work on /home/airflow/.local/lib/python3.7/site-packages/airflow/example_dags/example_xcomargs.py
[2022-04-13 08:59:37,478] {processor.py:642} INFO - Processing file /home/airflow/.local/lib/python3.7/site-packages/airflow/example_dags/example_xcomargs.py for tasks to queue
[2022-04-13 08:59:37,478] {logging_mixin.py:109} INFO - [2022-04-13 08:59:37,478] {dagbag.py:500} INFO - Filling up the DagBag from /home/airflow/.local/lib/python3.7/site-packages/airflow/example_dags/example_xcomargs.py
[2022-04-13 08:59:37,493] {processor.py:652} INFO - DAG(s) dict_keys(['example_xcom_args', 'example_xcom_args_with_operators']) retrieved from /home/airflow/.local/lib/python3.7/site-packages/airflow/example_dags/example_xcomargs.py
[2022-04-13 08:59:37,740] {logging_mixin.py:109} INFO - [2022-04-13 08:59:37,740] {dag.py:2398} INFO - Sync 2 DAGs
[2022-04-13 08:59:37,755] {logging_mixin.py:109} INFO - [2022-04-13 08:59:37,754] {dag.py:2937} INFO - Setting next_dagrun for example_xcom_args to None
[2022-04-13 08:59:37,755] {logging_mixin.py:109} INFO - [2022-04-13 08:59:37,755] {dag.py:2937} INFO - Setting next_dagrun for example_xcom_args_with_operators to None
[2022-04-13 08:59:37,776] {processor.py:171} INFO - Processing /home/airflow/.local/lib/python3.7/site-packages/airflow/example_dags/example_xcomargs.py took 0.301 seconds
[2022-04-13 09:00:08,361] {processor.py:163} INFO - Started process (PID=681) to work on /home/airflow/.local/lib/python3.7/site-packages/airflow/example_dags/example_xcomargs.py
[2022-04-13 09:00:08,363] {processor.py:642} INFO - Processing file /home/airflow/.local/lib/python3.7/site-packages/airflow/example_dags/example_xcomargs.py for tasks to queue
[2022-04-13 09:00:08,363] {logging_mixin.py:109} INFO - [2022-04-13 09:00:08,363] {dagbag.py:500} INFO - Filling up the DagBag from /home/airflow/.local/lib/python3.7/site-packages/airflow/example_dags/example_xcomargs.py
[2022-04-13 09:00:08,382] {processor.py:652} INFO - DAG(s) dict_keys(['example_xcom_args', 'example_xcom_args_with_operators']) retrieved from /home/airflow/.local/lib/python3.7/site-packages/airflow/example_dags/example_xcomargs.py
[2022-04-13 09:00:08,648] {logging_mixin.py:109} INFO - [2022-04-13 09:00:08,648] {dag.py:2398} INFO - Sync 2 DAGs
[2022-04-13 09:00:08,662] {logging_mixin.py:109} INFO - [2022-04-13 09:00:08,662] {dag.py:2937} INFO - Setting next_dagrun for example_xcom_args to None
[2022-04-13 09:00:08,662] {logging_mixin.py:109} INFO - [2022-04-13 09:00:08,662] {dag.py:2937} INFO - Setting next_dagrun for example_xcom_args_with_operators to None
[2022-04-13 09:00:08,684] {processor.py:171} INFO - Processing /home/airflow/.local/lib/python3.7/site-packages/airflow/example_dags/example_xcomargs.py took 0.325 seconds
[2022-04-13 09:00:39,398] {processor.py:163} INFO - Started process (PID=742) to work on /home/airflow/.local/lib/python3.7/site-packages/airflow/example_dags/example_xcomargs.py
[2022-04-13 09:00:39,400] {processor.py:642} INFO - Processing file /home/airflow/.local/lib/python3.7/site-packages/airflow/example_dags/example_xcomargs.py for tasks to queue
[2022-04-13 09:00:39,401] {logging_mixin.py:109} INFO - [2022-04-13 09:00:39,400] {dagbag.py:500} INFO - Filling up the DagBag from /home/airflow/.local/lib/python3.7/site-packages/airflow/example_dags/example_xcomargs.py
[2022-04-13 09:00:39,432] {processor.py:652} INFO - DAG(s) dict_keys(['example_xcom_args', 'example_xcom_args_with_operators']) retrieved from /home/airflow/.local/lib/python3.7/site-packages/airflow/example_dags/example_xcomargs.py
[2022-04-13 09:00:39,783] {logging_mixin.py:109} INFO - [2022-04-13 09:00:39,783] {dag.py:2398} INFO - Sync 2 DAGs
[2022-04-13 09:00:39,808] {logging_mixin.py:109} INFO - [2022-04-13 09:00:39,808] {dag.py:2937} INFO - Setting next_dagrun for example_xcom_args to None
[2022-04-13 09:00:39,809] {logging_mixin.py:109} INFO - [2022-04-13 09:00:39,809] {dag.py:2937} INFO - Setting next_dagrun for example_xcom_args_with_operators to None
[2022-04-13 09:00:39,827] {processor.py:171} INFO - Processing /home/airflow/.local/lib/python3.7/site-packages/airflow/example_dags/example_xcomargs.py took 0.432 seconds
[2022-04-13 09:01:10,297] {processor.py:163} INFO - Started process (PID=793) to work on /home/airflow/.local/lib/python3.7/site-packages/airflow/example_dags/example_xcomargs.py
[2022-04-13 09:01:10,299] {processor.py:642} INFO - Processing file /home/airflow/.local/lib/python3.7/site-packages/airflow/example_dags/example_xcomargs.py for tasks to queue
[2022-04-13 09:01:10,299] {logging_mixin.py:109} INFO - [2022-04-13 09:01:10,299] {dagbag.py:500} INFO - Filling up the DagBag from /home/airflow/.local/lib/python3.7/site-packages/airflow/example_dags/example_xcomargs.py
[2022-04-13 09:01:10,322] {processor.py:652} INFO - DAG(s) dict_keys(['example_xcom_args', 'example_xcom_args_with_operators']) retrieved from /home/airflow/.local/lib/python3.7/site-packages/airflow/example_dags/example_xcomargs.py
[2022-04-13 09:01:10,660] {logging_mixin.py:109} INFO - [2022-04-13 09:01:10,659] {dag.py:2398} INFO - Sync 2 DAGs
[2022-04-13 09:01:10,680] {logging_mixin.py:109} INFO - [2022-04-13 09:01:10,680] {dag.py:2937} INFO - Setting next_dagrun for example_xcom_args to None
[2022-04-13 09:01:10,680] {logging_mixin.py:109} INFO - [2022-04-13 09:01:10,680] {dag.py:2937} INFO - Setting next_dagrun for example_xcom_args_with_operators to None
[2022-04-13 09:01:10,705] {processor.py:171} INFO - Processing /home/airflow/.local/lib/python3.7/site-packages/airflow/example_dags/example_xcomargs.py took 0.410 seconds
[2022-04-13 09:01:40,912] {processor.py:163} INFO - Started process (PID=847) to work on /home/airflow/.local/lib/python3.7/site-packages/airflow/example_dags/example_xcomargs.py
[2022-04-13 09:01:40,913] {processor.py:642} INFO - Processing file /home/airflow/.local/lib/python3.7/site-packages/airflow/example_dags/example_xcomargs.py for tasks to queue
[2022-04-13 09:01:40,913] {logging_mixin.py:109} INFO - [2022-04-13 09:01:40,913] {dagbag.py:500} INFO - Filling up the DagBag from /home/airflow/.local/lib/python3.7/site-packages/airflow/example_dags/example_xcomargs.py
[2022-04-13 09:01:40,929] {processor.py:652} INFO - DAG(s) dict_keys(['example_xcom_args', 'example_xcom_args_with_operators']) retrieved from /home/airflow/.local/lib/python3.7/site-packages/airflow/example_dags/example_xcomargs.py
[2022-04-13 09:01:41,280] {logging_mixin.py:109} INFO - [2022-04-13 09:01:41,279] {dag.py:2398} INFO - Sync 2 DAGs
[2022-04-13 09:01:41,295] {logging_mixin.py:109} INFO - [2022-04-13 09:01:41,295] {dag.py:2937} INFO - Setting next_dagrun for example_xcom_args to None
[2022-04-13 09:01:41,296] {logging_mixin.py:109} INFO - [2022-04-13 09:01:41,296] {dag.py:2937} INFO - Setting next_dagrun for example_xcom_args_with_operators to None
[2022-04-13 09:01:41,318] {processor.py:171} INFO - Processing /home/airflow/.local/lib/python3.7/site-packages/airflow/example_dags/example_xcomargs.py took 0.409 seconds
[2022-04-13 09:02:11,727] {processor.py:163} INFO - Started process (PID=906) to work on /home/airflow/.local/lib/python3.7/site-packages/airflow/example_dags/example_xcomargs.py
[2022-04-13 09:02:11,729] {processor.py:642} INFO - Processing file /home/airflow/.local/lib/python3.7/site-packages/airflow/example_dags/example_xcomargs.py for tasks to queue
[2022-04-13 09:02:11,731] {logging_mixin.py:109} INFO - [2022-04-13 09:02:11,730] {dagbag.py:500} INFO - Filling up the DagBag from /home/airflow/.local/lib/python3.7/site-packages/airflow/example_dags/example_xcomargs.py
[2022-04-13 09:02:11,761] {processor.py:652} INFO - DAG(s) dict_keys(['example_xcom_args', 'example_xcom_args_with_operators']) retrieved from /home/airflow/.local/lib/python3.7/site-packages/airflow/example_dags/example_xcomargs.py
[2022-04-13 09:02:12,122] {logging_mixin.py:109} INFO - [2022-04-13 09:02:12,122] {dag.py:2398} INFO - Sync 2 DAGs
[2022-04-13 09:02:12,138] {logging_mixin.py:109} INFO - [2022-04-13 09:02:12,138] {dag.py:2937} INFO - Setting next_dagrun for example_xcom_args to None
[2022-04-13 09:02:12,138] {logging_mixin.py:109} INFO - [2022-04-13 09:02:12,138] {dag.py:2937} INFO - Setting next_dagrun for example_xcom_args_with_operators to None
[2022-04-13 09:02:12,156] {processor.py:171} INFO - Processing /home/airflow/.local/lib/python3.7/site-packages/airflow/example_dags/example_xcomargs.py took 0.432 seconds
[2022-04-13 09:02:43,000] {processor.py:163} INFO - Started process (PID=960) to work on /home/airflow/.local/lib/python3.7/site-packages/airflow/example_dags/example_xcomargs.py
[2022-04-13 09:02:43,005] {processor.py:642} INFO - Processing file /home/airflow/.local/lib/python3.7/site-packages/airflow/example_dags/example_xcomargs.py for tasks to queue
[2022-04-13 09:02:43,007] {logging_mixin.py:109} INFO - [2022-04-13 09:02:43,006] {dagbag.py:500} INFO - Filling up the DagBag from /home/airflow/.local/lib/python3.7/site-packages/airflow/example_dags/example_xcomargs.py
[2022-04-13 09:02:43,062] {processor.py:652} INFO - DAG(s) dict_keys(['example_xcom_args', 'example_xcom_args_with_operators']) retrieved from /home/airflow/.local/lib/python3.7/site-packages/airflow/example_dags/example_xcomargs.py
[2022-04-13 09:02:43,446] {logging_mixin.py:109} INFO - [2022-04-13 09:02:43,446] {dag.py:2398} INFO - Sync 2 DAGs
[2022-04-13 09:02:43,479] {logging_mixin.py:109} INFO - [2022-04-13 09:02:43,478] {dag.py:2937} INFO - Setting next_dagrun for example_xcom_args to None
[2022-04-13 09:02:43,479] {logging_mixin.py:109} INFO - [2022-04-13 09:02:43,479] {dag.py:2937} INFO - Setting next_dagrun for example_xcom_args_with_operators to None
[2022-04-13 09:02:43,515] {processor.py:171} INFO - Processing /home/airflow/.local/lib/python3.7/site-packages/airflow/example_dags/example_xcomargs.py took 0.518 seconds
[2022-04-13 09:03:14,069] {processor.py:163} INFO - Started process (PID=1010) to work on /home/airflow/.local/lib/python3.7/site-packages/airflow/example_dags/example_xcomargs.py
[2022-04-13 09:03:14,070] {processor.py:642} INFO - Processing file /home/airflow/.local/lib/python3.7/site-packages/airflow/example_dags/example_xcomargs.py for tasks to queue
[2022-04-13 09:03:14,071] {logging_mixin.py:109} INFO - [2022-04-13 09:03:14,071] {dagbag.py:500} INFO - Filling up the DagBag from /home/airflow/.local/lib/python3.7/site-packages/airflow/example_dags/example_xcomargs.py
[2022-04-13 09:03:14,093] {processor.py:652} INFO - DAG(s) dict_keys(['example_xcom_args', 'example_xcom_args_with_operators']) retrieved from /home/airflow/.local/lib/python3.7/site-packages/airflow/example_dags/example_xcomargs.py
[2022-04-13 09:03:14,459] {logging_mixin.py:109} INFO - [2022-04-13 09:03:14,459] {dag.py:2398} INFO - Sync 2 DAGs
[2022-04-13 09:03:14,486] {logging_mixin.py:109} INFO - [2022-04-13 09:03:14,486] {dag.py:2937} INFO - Setting next_dagrun for example_xcom_args to None
[2022-04-13 09:03:14,486] {logging_mixin.py:109} INFO - [2022-04-13 09:03:14,486] {dag.py:2937} INFO - Setting next_dagrun for example_xcom_args_with_operators to None
[2022-04-13 09:03:14,512] {processor.py:171} INFO - Processing /home/airflow/.local/lib/python3.7/site-packages/airflow/example_dags/example_xcomargs.py took 0.445 seconds
[2022-04-13 09:05:53,021] {processor.py:163} INFO - Started process (PID=68) to work on /home/airflow/.local/lib/python3.7/site-packages/airflow/example_dags/example_xcomargs.py
[2022-04-13 09:05:53,023] {processor.py:642} INFO - Processing file /home/airflow/.local/lib/python3.7/site-packages/airflow/example_dags/example_xcomargs.py for tasks to queue
[2022-04-13 09:05:53,024] {logging_mixin.py:109} INFO - [2022-04-13 09:05:53,024] {dagbag.py:500} INFO - Filling up the DagBag from /home/airflow/.local/lib/python3.7/site-packages/airflow/example_dags/example_xcomargs.py
[2022-04-13 09:05:53,048] {processor.py:652} INFO - DAG(s) dict_keys(['example_xcom_args', 'example_xcom_args_with_operators']) retrieved from /home/airflow/.local/lib/python3.7/site-packages/airflow/example_dags/example_xcomargs.py
[2022-04-13 09:05:53,391] {logging_mixin.py:109} INFO - [2022-04-13 09:05:53,391] {dag.py:2398} INFO - Sync 2 DAGs
[2022-04-13 09:05:53,406] {logging_mixin.py:109} INFO - [2022-04-13 09:05:53,406] {dag.py:2937} INFO - Setting next_dagrun for example_xcom_args to None
[2022-04-13 09:05:53,407] {logging_mixin.py:109} INFO - [2022-04-13 09:05:53,406] {dag.py:2937} INFO - Setting next_dagrun for example_xcom_args_with_operators to None
[2022-04-13 09:05:53,419] {processor.py:171} INFO - Processing /home/airflow/.local/lib/python3.7/site-packages/airflow/example_dags/example_xcomargs.py took 0.400 seconds
[2022-04-13 09:06:24,007] {processor.py:163} INFO - Started process (PID=121) to work on /home/airflow/.local/lib/python3.7/site-packages/airflow/example_dags/example_xcomargs.py
[2022-04-13 09:06:24,007] {processor.py:642} INFO - Processing file /home/airflow/.local/lib/python3.7/site-packages/airflow/example_dags/example_xcomargs.py for tasks to queue
[2022-04-13 09:06:24,008] {logging_mixin.py:109} INFO - [2022-04-13 09:06:24,008] {dagbag.py:500} INFO - Filling up the DagBag from /home/airflow/.local/lib/python3.7/site-packages/airflow/example_dags/example_xcomargs.py
[2022-04-13 09:06:24,027] {processor.py:652} INFO - DAG(s) dict_keys(['example_xcom_args', 'example_xcom_args_with_operators']) retrieved from /home/airflow/.local/lib/python3.7/site-packages/airflow/example_dags/example_xcomargs.py
[2022-04-13 09:06:24,323] {logging_mixin.py:109} INFO - [2022-04-13 09:06:24,323] {dag.py:2398} INFO - Sync 2 DAGs
[2022-04-13 09:06:24,341] {logging_mixin.py:109} INFO - [2022-04-13 09:06:24,341] {dag.py:2937} INFO - Setting next_dagrun for example_xcom_args to None
[2022-04-13 09:06:24,342] {logging_mixin.py:109} INFO - [2022-04-13 09:06:24,341] {dag.py:2937} INFO - Setting next_dagrun for example_xcom_args_with_operators to None
[2022-04-13 09:06:24,357] {processor.py:171} INFO - Processing /home/airflow/.local/lib/python3.7/site-packages/airflow/example_dags/example_xcomargs.py took 0.352 seconds
[2022-04-13 09:06:54,437] {processor.py:163} INFO - Started process (PID=182) to work on /home/airflow/.local/lib/python3.7/site-packages/airflow/example_dags/example_xcomargs.py
[2022-04-13 09:06:54,439] {processor.py:642} INFO - Processing file /home/airflow/.local/lib/python3.7/site-packages/airflow/example_dags/example_xcomargs.py for tasks to queue
[2022-04-13 09:06:54,440] {logging_mixin.py:109} INFO - [2022-04-13 09:06:54,440] {dagbag.py:500} INFO - Filling up the DagBag from /home/airflow/.local/lib/python3.7/site-packages/airflow/example_dags/example_xcomargs.py
[2022-04-13 09:06:54,468] {processor.py:652} INFO - DAG(s) dict_keys(['example_xcom_args', 'example_xcom_args_with_operators']) retrieved from /home/airflow/.local/lib/python3.7/site-packages/airflow/example_dags/example_xcomargs.py
[2022-04-13 09:06:54,501] {logging_mixin.py:109} INFO - [2022-04-13 09:06:54,501] {dag.py:2398} INFO - Sync 2 DAGs
[2022-04-13 09:06:54,522] {logging_mixin.py:109} INFO - [2022-04-13 09:06:54,521] {dag.py:2937} INFO - Setting next_dagrun for example_xcom_args to None
[2022-04-13 09:06:54,522] {logging_mixin.py:109} INFO - [2022-04-13 09:06:54,522] {dag.py:2937} INFO - Setting next_dagrun for example_xcom_args_with_operators to None
[2022-04-13 09:06:54,537] {processor.py:171} INFO - Processing /home/airflow/.local/lib/python3.7/site-packages/airflow/example_dags/example_xcomargs.py took 0.102 seconds
[2022-04-13 09:07:25,080] {processor.py:163} INFO - Started process (PID=231) to work on /home/airflow/.local/lib/python3.7/site-packages/airflow/example_dags/example_xcomargs.py
[2022-04-13 09:07:25,082] {processor.py:642} INFO - Processing file /home/airflow/.local/lib/python3.7/site-packages/airflow/example_dags/example_xcomargs.py for tasks to queue
[2022-04-13 09:07:25,083] {logging_mixin.py:109} INFO - [2022-04-13 09:07:25,083] {dagbag.py:500} INFO - Filling up the DagBag from /home/airflow/.local/lib/python3.7/site-packages/airflow/example_dags/example_xcomargs.py
[2022-04-13 09:07:25,114] {processor.py:652} INFO - DAG(s) dict_keys(['example_xcom_args', 'example_xcom_args_with_operators']) retrieved from /home/airflow/.local/lib/python3.7/site-packages/airflow/example_dags/example_xcomargs.py
[2022-04-13 09:07:25,475] {logging_mixin.py:109} INFO - [2022-04-13 09:07:25,475] {dag.py:2398} INFO - Sync 2 DAGs
[2022-04-13 09:07:25,493] {logging_mixin.py:109} INFO - [2022-04-13 09:07:25,493] {dag.py:2937} INFO - Setting next_dagrun for example_xcom_args to None
[2022-04-13 09:07:25,493] {logging_mixin.py:109} INFO - [2022-04-13 09:07:25,493] {dag.py:2937} INFO - Setting next_dagrun for example_xcom_args_with_operators to None
[2022-04-13 09:07:25,506] {processor.py:171} INFO - Processing /home/airflow/.local/lib/python3.7/site-packages/airflow/example_dags/example_xcomargs.py took 0.432 seconds
[2022-04-13 09:07:56,484] {processor.py:163} INFO - Started process (PID=292) to work on /home/airflow/.local/lib/python3.7/site-packages/airflow/example_dags/example_xcomargs.py
[2022-04-13 09:07:56,486] {processor.py:642} INFO - Processing file /home/airflow/.local/lib/python3.7/site-packages/airflow/example_dags/example_xcomargs.py for tasks to queue
[2022-04-13 09:07:56,486] {logging_mixin.py:109} INFO - [2022-04-13 09:07:56,486] {dagbag.py:500} INFO - Filling up the DagBag from /home/airflow/.local/lib/python3.7/site-packages/airflow/example_dags/example_xcomargs.py
[2022-04-13 09:07:56,510] {processor.py:652} INFO - DAG(s) dict_keys(['example_xcom_args', 'example_xcom_args_with_operators']) retrieved from /home/airflow/.local/lib/python3.7/site-packages/airflow/example_dags/example_xcomargs.py
[2022-04-13 09:07:56,833] {logging_mixin.py:109} INFO - [2022-04-13 09:07:56,833] {dag.py:2398} INFO - Sync 2 DAGs
[2022-04-13 09:07:56,852] {logging_mixin.py:109} INFO - [2022-04-13 09:07:56,851] {dag.py:2937} INFO - Setting next_dagrun for example_xcom_args to None
[2022-04-13 09:07:56,852] {logging_mixin.py:109} INFO - [2022-04-13 09:07:56,852] {dag.py:2937} INFO - Setting next_dagrun for example_xcom_args_with_operators to None
[2022-04-13 09:07:56,869] {processor.py:171} INFO - Processing /home/airflow/.local/lib/python3.7/site-packages/airflow/example_dags/example_xcomargs.py took 0.387 seconds
[2022-04-13 09:08:28,149] {processor.py:163} INFO - Started process (PID=343) to work on /home/airflow/.local/lib/python3.7/site-packages/airflow/example_dags/example_xcomargs.py
[2022-04-13 09:08:28,150] {processor.py:642} INFO - Processing file /home/airflow/.local/lib/python3.7/site-packages/airflow/example_dags/example_xcomargs.py for tasks to queue
[2022-04-13 09:08:28,151] {logging_mixin.py:109} INFO - [2022-04-13 09:08:28,151] {dagbag.py:500} INFO - Filling up the DagBag from /home/airflow/.local/lib/python3.7/site-packages/airflow/example_dags/example_xcomargs.py
[2022-04-13 09:08:28,177] {processor.py:652} INFO - DAG(s) dict_keys(['example_xcom_args', 'example_xcom_args_with_operators']) retrieved from /home/airflow/.local/lib/python3.7/site-packages/airflow/example_dags/example_xcomargs.py
[2022-04-13 09:08:28,510] {logging_mixin.py:109} INFO - [2022-04-13 09:08:28,510] {dag.py:2398} INFO - Sync 2 DAGs
[2022-04-13 09:08:28,527] {logging_mixin.py:109} INFO - [2022-04-13 09:08:28,526] {dag.py:2937} INFO - Setting next_dagrun for example_xcom_args to None
[2022-04-13 09:08:28,527] {logging_mixin.py:109} INFO - [2022-04-13 09:08:28,527] {dag.py:2937} INFO - Setting next_dagrun for example_xcom_args_with_operators to None
[2022-04-13 09:08:28,553] {processor.py:171} INFO - Processing /home/airflow/.local/lib/python3.7/site-packages/airflow/example_dags/example_xcomargs.py took 0.406 seconds
[2022-04-13 09:08:59,154] {processor.py:163} INFO - Started process (PID=395) to work on /home/airflow/.local/lib/python3.7/site-packages/airflow/example_dags/example_xcomargs.py
[2022-04-13 09:08:59,155] {processor.py:642} INFO - Processing file /home/airflow/.local/lib/python3.7/site-packages/airflow/example_dags/example_xcomargs.py for tasks to queue
[2022-04-13 09:08:59,156] {logging_mixin.py:109} INFO - [2022-04-13 09:08:59,156] {dagbag.py:500} INFO - Filling up the DagBag from /home/airflow/.local/lib/python3.7/site-packages/airflow/example_dags/example_xcomargs.py
[2022-04-13 09:08:59,187] {processor.py:652} INFO - DAG(s) dict_keys(['example_xcom_args', 'example_xcom_args_with_operators']) retrieved from /home/airflow/.local/lib/python3.7/site-packages/airflow/example_dags/example_xcomargs.py
[2022-04-13 09:08:59,611] {logging_mixin.py:109} INFO - [2022-04-13 09:08:59,611] {dag.py:2398} INFO - Sync 2 DAGs
[2022-04-13 09:08:59,629] {logging_mixin.py:109} INFO - [2022-04-13 09:08:59,629] {dag.py:2937} INFO - Setting next_dagrun for example_xcom_args to None
[2022-04-13 09:08:59,629] {logging_mixin.py:109} INFO - [2022-04-13 09:08:59,629] {dag.py:2937} INFO - Setting next_dagrun for example_xcom_args_with_operators to None
[2022-04-13 09:08:59,655] {processor.py:171} INFO - Processing /home/airflow/.local/lib/python3.7/site-packages/airflow/example_dags/example_xcomargs.py took 0.504 seconds
[2022-04-13 09:09:29,861] {processor.py:163} INFO - Started process (PID=458) to work on /home/airflow/.local/lib/python3.7/site-packages/airflow/example_dags/example_xcomargs.py
[2022-04-13 09:09:29,862] {processor.py:642} INFO - Processing file /home/airflow/.local/lib/python3.7/site-packages/airflow/example_dags/example_xcomargs.py for tasks to queue
[2022-04-13 09:09:29,863] {logging_mixin.py:109} INFO - [2022-04-13 09:09:29,863] {dagbag.py:500} INFO - Filling up the DagBag from /home/airflow/.local/lib/python3.7/site-packages/airflow/example_dags/example_xcomargs.py
[2022-04-13 09:09:29,886] {processor.py:652} INFO - DAG(s) dict_keys(['example_xcom_args', 'example_xcom_args_with_operators']) retrieved from /home/airflow/.local/lib/python3.7/site-packages/airflow/example_dags/example_xcomargs.py
[2022-04-13 09:09:30,212] {logging_mixin.py:109} INFO - [2022-04-13 09:09:30,212] {dag.py:2398} INFO - Sync 2 DAGs
[2022-04-13 09:09:30,228] {logging_mixin.py:109} INFO - [2022-04-13 09:09:30,228] {dag.py:2937} INFO - Setting next_dagrun for example_xcom_args to None
[2022-04-13 09:09:30,228] {logging_mixin.py:109} INFO - [2022-04-13 09:09:30,228] {dag.py:2937} INFO - Setting next_dagrun for example_xcom_args_with_operators to None
[2022-04-13 09:09:30,251] {processor.py:171} INFO - Processing /home/airflow/.local/lib/python3.7/site-packages/airflow/example_dags/example_xcomargs.py took 0.393 seconds
[2022-04-13 09:10:00,783] {processor.py:163} INFO - Started process (PID=509) to work on /home/airflow/.local/lib/python3.7/site-packages/airflow/example_dags/example_xcomargs.py
[2022-04-13 09:10:00,784] {processor.py:642} INFO - Processing file /home/airflow/.local/lib/python3.7/site-packages/airflow/example_dags/example_xcomargs.py for tasks to queue
[2022-04-13 09:10:00,785] {logging_mixin.py:109} INFO - [2022-04-13 09:10:00,785] {dagbag.py:500} INFO - Filling up the DagBag from /home/airflow/.local/lib/python3.7/site-packages/airflow/example_dags/example_xcomargs.py
[2022-04-13 09:10:00,810] {processor.py:652} INFO - DAG(s) dict_keys(['example_xcom_args', 'example_xcom_args_with_operators']) retrieved from /home/airflow/.local/lib/python3.7/site-packages/airflow/example_dags/example_xcomargs.py
[2022-04-13 09:10:01,142] {logging_mixin.py:109} INFO - [2022-04-13 09:10:01,142] {dag.py:2398} INFO - Sync 2 DAGs
[2022-04-13 09:10:01,159] {logging_mixin.py:109} INFO - [2022-04-13 09:10:01,159] {dag.py:2937} INFO - Setting next_dagrun for example_xcom_args to None
[2022-04-13 09:10:01,160] {logging_mixin.py:109} INFO - [2022-04-13 09:10:01,160] {dag.py:2937} INFO - Setting next_dagrun for example_xcom_args_with_operators to None
[2022-04-13 09:10:01,176] {processor.py:171} INFO - Processing /home/airflow/.local/lib/python3.7/site-packages/airflow/example_dags/example_xcomargs.py took 0.397 seconds
[2022-04-13 09:10:32,009] {processor.py:163} INFO - Started process (PID=567) to work on /home/airflow/.local/lib/python3.7/site-packages/airflow/example_dags/example_xcomargs.py
[2022-04-13 09:10:32,011] {processor.py:642} INFO - Processing file /home/airflow/.local/lib/python3.7/site-packages/airflow/example_dags/example_xcomargs.py for tasks to queue
[2022-04-13 09:10:32,011] {logging_mixin.py:109} INFO - [2022-04-13 09:10:32,011] {dagbag.py:500} INFO - Filling up the DagBag from /home/airflow/.local/lib/python3.7/site-packages/airflow/example_dags/example_xcomargs.py
[2022-04-13 09:10:32,035] {processor.py:652} INFO - DAG(s) dict_keys(['example_xcom_args', 'example_xcom_args_with_operators']) retrieved from /home/airflow/.local/lib/python3.7/site-packages/airflow/example_dags/example_xcomargs.py
[2022-04-13 09:10:32,413] {logging_mixin.py:109} INFO - [2022-04-13 09:10:32,412] {dag.py:2398} INFO - Sync 2 DAGs
[2022-04-13 09:10:32,430] {logging_mixin.py:109} INFO - [2022-04-13 09:10:32,430] {dag.py:2937} INFO - Setting next_dagrun for example_xcom_args to None
[2022-04-13 09:10:32,431] {logging_mixin.py:109} INFO - [2022-04-13 09:10:32,430] {dag.py:2937} INFO - Setting next_dagrun for example_xcom_args_with_operators to None
[2022-04-13 09:10:32,448] {processor.py:171} INFO - Processing /home/airflow/.local/lib/python3.7/site-packages/airflow/example_dags/example_xcomargs.py took 0.442 seconds
[2022-04-13 09:11:03,040] {processor.py:163} INFO - Started process (PID=618) to work on /home/airflow/.local/lib/python3.7/site-packages/airflow/example_dags/example_xcomargs.py
[2022-04-13 09:11:03,041] {processor.py:642} INFO - Processing file /home/airflow/.local/lib/python3.7/site-packages/airflow/example_dags/example_xcomargs.py for tasks to queue
[2022-04-13 09:11:03,041] {logging_mixin.py:109} INFO - [2022-04-13 09:11:03,041] {dagbag.py:500} INFO - Filling up the DagBag from /home/airflow/.local/lib/python3.7/site-packages/airflow/example_dags/example_xcomargs.py
[2022-04-13 09:11:03,068] {processor.py:652} INFO - DAG(s) dict_keys(['example_xcom_args', 'example_xcom_args_with_operators']) retrieved from /home/airflow/.local/lib/python3.7/site-packages/airflow/example_dags/example_xcomargs.py
[2022-04-13 09:11:03,472] {logging_mixin.py:109} INFO - [2022-04-13 09:11:03,471] {dag.py:2398} INFO - Sync 2 DAGs
[2022-04-13 09:11:03,491] {logging_mixin.py:109} INFO - [2022-04-13 09:11:03,491] {dag.py:2937} INFO - Setting next_dagrun for example_xcom_args to None
[2022-04-13 09:11:03,492] {logging_mixin.py:109} INFO - [2022-04-13 09:11:03,492] {dag.py:2937} INFO - Setting next_dagrun for example_xcom_args_with_operators to None
[2022-04-13 09:11:03,512] {processor.py:171} INFO - Processing /home/airflow/.local/lib/python3.7/site-packages/airflow/example_dags/example_xcomargs.py took 0.475 seconds
[2022-04-13 09:11:33,985] {processor.py:163} INFO - Started process (PID=670) to work on /home/airflow/.local/lib/python3.7/site-packages/airflow/example_dags/example_xcomargs.py
[2022-04-13 09:11:33,986] {processor.py:642} INFO - Processing file /home/airflow/.local/lib/python3.7/site-packages/airflow/example_dags/example_xcomargs.py for tasks to queue
[2022-04-13 09:11:33,986] {logging_mixin.py:109} INFO - [2022-04-13 09:11:33,986] {dagbag.py:500} INFO - Filling up the DagBag from /home/airflow/.local/lib/python3.7/site-packages/airflow/example_dags/example_xcomargs.py
[2022-04-13 09:11:34,010] {processor.py:652} INFO - DAG(s) dict_keys(['example_xcom_args', 'example_xcom_args_with_operators']) retrieved from /home/airflow/.local/lib/python3.7/site-packages/airflow/example_dags/example_xcomargs.py
[2022-04-13 09:11:34,363] {logging_mixin.py:109} INFO - [2022-04-13 09:11:34,363] {dag.py:2398} INFO - Sync 2 DAGs
[2022-04-13 09:11:34,381] {logging_mixin.py:109} INFO - [2022-04-13 09:11:34,381] {dag.py:2937} INFO - Setting next_dagrun for example_xcom_args to None
[2022-04-13 09:11:34,381] {logging_mixin.py:109} INFO - [2022-04-13 09:11:34,381] {dag.py:2937} INFO - Setting next_dagrun for example_xcom_args_with_operators to None
[2022-04-13 09:11:34,404] {processor.py:171} INFO - Processing /home/airflow/.local/lib/python3.7/site-packages/airflow/example_dags/example_xcomargs.py took 0.422 seconds
[2022-04-13 09:12:05,151] {processor.py:163} INFO - Started process (PID=730) to work on /home/airflow/.local/lib/python3.7/site-packages/airflow/example_dags/example_xcomargs.py
[2022-04-13 09:12:05,152] {processor.py:642} INFO - Processing file /home/airflow/.local/lib/python3.7/site-packages/airflow/example_dags/example_xcomargs.py for tasks to queue
[2022-04-13 09:12:05,152] {logging_mixin.py:109} INFO - [2022-04-13 09:12:05,152] {dagbag.py:500} INFO - Filling up the DagBag from /home/airflow/.local/lib/python3.7/site-packages/airflow/example_dags/example_xcomargs.py
[2022-04-13 09:12:05,183] {processor.py:652} INFO - DAG(s) dict_keys(['example_xcom_args', 'example_xcom_args_with_operators']) retrieved from /home/airflow/.local/lib/python3.7/site-packages/airflow/example_dags/example_xcomargs.py
[2022-04-13 09:12:05,520] {logging_mixin.py:109} INFO - [2022-04-13 09:12:05,520] {dag.py:2398} INFO - Sync 2 DAGs
[2022-04-13 09:12:05,541] {logging_mixin.py:109} INFO - [2022-04-13 09:12:05,541] {dag.py:2937} INFO - Setting next_dagrun for example_xcom_args to None
[2022-04-13 09:12:05,541] {logging_mixin.py:109} INFO - [2022-04-13 09:12:05,541] {dag.py:2937} INFO - Setting next_dagrun for example_xcom_args_with_operators to None
[2022-04-13 09:12:05,557] {processor.py:171} INFO - Processing /home/airflow/.local/lib/python3.7/site-packages/airflow/example_dags/example_xcomargs.py took 0.409 seconds
[2022-04-13 09:12:36,457] {processor.py:163} INFO - Started process (PID=783) to work on /home/airflow/.local/lib/python3.7/site-packages/airflow/example_dags/example_xcomargs.py
[2022-04-13 09:12:36,458] {processor.py:642} INFO - Processing file /home/airflow/.local/lib/python3.7/site-packages/airflow/example_dags/example_xcomargs.py for tasks to queue
[2022-04-13 09:12:36,459] {logging_mixin.py:109} INFO - [2022-04-13 09:12:36,459] {dagbag.py:500} INFO - Filling up the DagBag from /home/airflow/.local/lib/python3.7/site-packages/airflow/example_dags/example_xcomargs.py
[2022-04-13 09:12:36,480] {processor.py:652} INFO - DAG(s) dict_keys(['example_xcom_args', 'example_xcom_args_with_operators']) retrieved from /home/airflow/.local/lib/python3.7/site-packages/airflow/example_dags/example_xcomargs.py
[2022-04-13 09:12:36,792] {logging_mixin.py:109} INFO - [2022-04-13 09:12:36,792] {dag.py:2398} INFO - Sync 2 DAGs
[2022-04-13 09:12:36,811] {logging_mixin.py:109} INFO - [2022-04-13 09:12:36,811] {dag.py:2937} INFO - Setting next_dagrun for example_xcom_args to None
[2022-04-13 09:12:36,812] {logging_mixin.py:109} INFO - [2022-04-13 09:12:36,812] {dag.py:2937} INFO - Setting next_dagrun for example_xcom_args_with_operators to None
[2022-04-13 09:12:36,835] {processor.py:171} INFO - Processing /home/airflow/.local/lib/python3.7/site-packages/airflow/example_dags/example_xcomargs.py took 0.381 seconds
[2022-04-13 09:13:07,702] {processor.py:163} INFO - Started process (PID=841) to work on /home/airflow/.local/lib/python3.7/site-packages/airflow/example_dags/example_xcomargs.py
[2022-04-13 09:13:07,704] {processor.py:642} INFO - Processing file /home/airflow/.local/lib/python3.7/site-packages/airflow/example_dags/example_xcomargs.py for tasks to queue
[2022-04-13 09:13:07,704] {logging_mixin.py:109} INFO - [2022-04-13 09:13:07,704] {dagbag.py:500} INFO - Filling up the DagBag from /home/airflow/.local/lib/python3.7/site-packages/airflow/example_dags/example_xcomargs.py
[2022-04-13 09:13:07,725] {processor.py:652} INFO - DAG(s) dict_keys(['example_xcom_args', 'example_xcom_args_with_operators']) retrieved from /home/airflow/.local/lib/python3.7/site-packages/airflow/example_dags/example_xcomargs.py
[2022-04-13 09:13:08,073] {logging_mixin.py:109} INFO - [2022-04-13 09:13:08,073] {dag.py:2398} INFO - Sync 2 DAGs
[2022-04-13 09:13:08,092] {logging_mixin.py:109} INFO - [2022-04-13 09:13:08,092] {dag.py:2937} INFO - Setting next_dagrun for example_xcom_args to None
[2022-04-13 09:13:08,093] {logging_mixin.py:109} INFO - [2022-04-13 09:13:08,093] {dag.py:2937} INFO - Setting next_dagrun for example_xcom_args_with_operators to None
[2022-04-13 09:13:08,116] {processor.py:171} INFO - Processing /home/airflow/.local/lib/python3.7/site-packages/airflow/example_dags/example_xcomargs.py took 0.416 seconds
[2022-04-13 09:13:38,794] {processor.py:163} INFO - Started process (PID=892) to work on /home/airflow/.local/lib/python3.7/site-packages/airflow/example_dags/example_xcomargs.py
[2022-04-13 09:13:38,795] {processor.py:642} INFO - Processing file /home/airflow/.local/lib/python3.7/site-packages/airflow/example_dags/example_xcomargs.py for tasks to queue
[2022-04-13 09:13:38,795] {logging_mixin.py:109} INFO - [2022-04-13 09:13:38,795] {dagbag.py:500} INFO - Filling up the DagBag from /home/airflow/.local/lib/python3.7/site-packages/airflow/example_dags/example_xcomargs.py
[2022-04-13 09:13:38,820] {processor.py:652} INFO - DAG(s) dict_keys(['example_xcom_args', 'example_xcom_args_with_operators']) retrieved from /home/airflow/.local/lib/python3.7/site-packages/airflow/example_dags/example_xcomargs.py
[2022-04-13 09:13:39,168] {logging_mixin.py:109} INFO - [2022-04-13 09:13:39,168] {dag.py:2398} INFO - Sync 2 DAGs
[2022-04-13 09:13:39,189] {logging_mixin.py:109} INFO - [2022-04-13 09:13:39,189] {dag.py:2937} INFO - Setting next_dagrun for example_xcom_args to None
[2022-04-13 09:13:39,189] {logging_mixin.py:109} INFO - [2022-04-13 09:13:39,189] {dag.py:2937} INFO - Setting next_dagrun for example_xcom_args_with_operators to None
[2022-04-13 09:13:39,205] {processor.py:171} INFO - Processing /home/airflow/.local/lib/python3.7/site-packages/airflow/example_dags/example_xcomargs.py took 0.413 seconds
[2022-04-13 09:14:09,797] {processor.py:163} INFO - Started process (PID=945) to work on /home/airflow/.local/lib/python3.7/site-packages/airflow/example_dags/example_xcomargs.py
[2022-04-13 09:14:09,799] {processor.py:642} INFO - Processing file /home/airflow/.local/lib/python3.7/site-packages/airflow/example_dags/example_xcomargs.py for tasks to queue
[2022-04-13 09:14:09,800] {logging_mixin.py:109} INFO - [2022-04-13 09:14:09,800] {dagbag.py:500} INFO - Filling up the DagBag from /home/airflow/.local/lib/python3.7/site-packages/airflow/example_dags/example_xcomargs.py
[2022-04-13 09:14:09,823] {processor.py:652} INFO - DAG(s) dict_keys(['example_xcom_args', 'example_xcom_args_with_operators']) retrieved from /home/airflow/.local/lib/python3.7/site-packages/airflow/example_dags/example_xcomargs.py
[2022-04-13 09:14:10,189] {logging_mixin.py:109} INFO - [2022-04-13 09:14:10,189] {dag.py:2398} INFO - Sync 2 DAGs
[2022-04-13 09:14:10,206] {logging_mixin.py:109} INFO - [2022-04-13 09:14:10,206] {dag.py:2937} INFO - Setting next_dagrun for example_xcom_args to None
[2022-04-13 09:14:10,207] {logging_mixin.py:109} INFO - [2022-04-13 09:14:10,207] {dag.py:2937} INFO - Setting next_dagrun for example_xcom_args_with_operators to None
[2022-04-13 09:14:10,224] {processor.py:171} INFO - Processing /home/airflow/.local/lib/python3.7/site-packages/airflow/example_dags/example_xcomargs.py took 0.430 seconds
[2022-04-13 09:14:40,848] {processor.py:163} INFO - Started process (PID=1003) to work on /home/airflow/.local/lib/python3.7/site-packages/airflow/example_dags/example_xcomargs.py
[2022-04-13 09:14:40,849] {processor.py:642} INFO - Processing file /home/airflow/.local/lib/python3.7/site-packages/airflow/example_dags/example_xcomargs.py for tasks to queue
[2022-04-13 09:14:40,850] {logging_mixin.py:109} INFO - [2022-04-13 09:14:40,850] {dagbag.py:500} INFO - Filling up the DagBag from /home/airflow/.local/lib/python3.7/site-packages/airflow/example_dags/example_xcomargs.py
[2022-04-13 09:14:40,878] {processor.py:652} INFO - DAG(s) dict_keys(['example_xcom_args', 'example_xcom_args_with_operators']) retrieved from /home/airflow/.local/lib/python3.7/site-packages/airflow/example_dags/example_xcomargs.py
[2022-04-13 09:14:41,309] {logging_mixin.py:109} INFO - [2022-04-13 09:14:41,309] {dag.py:2398} INFO - Sync 2 DAGs
[2022-04-13 09:14:41,338] {logging_mixin.py:109} INFO - [2022-04-13 09:14:41,337] {dag.py:2937} INFO - Setting next_dagrun for example_xcom_args to None
[2022-04-13 09:14:41,338] {logging_mixin.py:109} INFO - [2022-04-13 09:14:41,338] {dag.py:2937} INFO - Setting next_dagrun for example_xcom_args_with_operators to None
[2022-04-13 09:14:41,359] {processor.py:171} INFO - Processing /home/airflow/.local/lib/python3.7/site-packages/airflow/example_dags/example_xcomargs.py took 0.513 seconds
[2022-04-13 09:15:12,091] {processor.py:163} INFO - Started process (PID=1053) to work on /home/airflow/.local/lib/python3.7/site-packages/airflow/example_dags/example_xcomargs.py
[2022-04-13 09:15:12,093] {processor.py:642} INFO - Processing file /home/airflow/.local/lib/python3.7/site-packages/airflow/example_dags/example_xcomargs.py for tasks to queue
[2022-04-13 09:15:12,093] {logging_mixin.py:109} INFO - [2022-04-13 09:15:12,093] {dagbag.py:500} INFO - Filling up the DagBag from /home/airflow/.local/lib/python3.7/site-packages/airflow/example_dags/example_xcomargs.py
[2022-04-13 09:15:12,121] {processor.py:652} INFO - DAG(s) dict_keys(['example_xcom_args', 'example_xcom_args_with_operators']) retrieved from /home/airflow/.local/lib/python3.7/site-packages/airflow/example_dags/example_xcomargs.py
[2022-04-13 09:15:12,468] {logging_mixin.py:109} INFO - [2022-04-13 09:15:12,468] {dag.py:2398} INFO - Sync 2 DAGs
[2022-04-13 09:15:12,486] {logging_mixin.py:109} INFO - [2022-04-13 09:15:12,485] {dag.py:2937} INFO - Setting next_dagrun for example_xcom_args to None
[2022-04-13 09:15:12,486] {logging_mixin.py:109} INFO - [2022-04-13 09:15:12,486] {dag.py:2937} INFO - Setting next_dagrun for example_xcom_args_with_operators to None
[2022-04-13 09:15:12,503] {processor.py:171} INFO - Processing /home/airflow/.local/lib/python3.7/site-packages/airflow/example_dags/example_xcomargs.py took 0.415 seconds
[2022-04-13 09:15:43,159] {processor.py:163} INFO - Started process (PID=1103) to work on /home/airflow/.local/lib/python3.7/site-packages/airflow/example_dags/example_xcomargs.py
[2022-04-13 09:15:43,160] {processor.py:642} INFO - Processing file /home/airflow/.local/lib/python3.7/site-packages/airflow/example_dags/example_xcomargs.py for tasks to queue
[2022-04-13 09:15:43,161] {logging_mixin.py:109} INFO - [2022-04-13 09:15:43,161] {dagbag.py:500} INFO - Filling up the DagBag from /home/airflow/.local/lib/python3.7/site-packages/airflow/example_dags/example_xcomargs.py
[2022-04-13 09:15:43,186] {processor.py:652} INFO - DAG(s) dict_keys(['example_xcom_args', 'example_xcom_args_with_operators']) retrieved from /home/airflow/.local/lib/python3.7/site-packages/airflow/example_dags/example_xcomargs.py
[2022-04-13 09:15:43,554] {logging_mixin.py:109} INFO - [2022-04-13 09:15:43,554] {dag.py:2398} INFO - Sync 2 DAGs
[2022-04-13 09:15:43,573] {logging_mixin.py:109} INFO - [2022-04-13 09:15:43,573] {dag.py:2937} INFO - Setting next_dagrun for example_xcom_args to None
[2022-04-13 09:15:43,573] {logging_mixin.py:109} INFO - [2022-04-13 09:15:43,573] {dag.py:2937} INFO - Setting next_dagrun for example_xcom_args_with_operators to None
[2022-04-13 09:15:43,597] {processor.py:171} INFO - Processing /home/airflow/.local/lib/python3.7/site-packages/airflow/example_dags/example_xcomargs.py took 0.440 seconds
[2022-04-13 09:16:14,187] {processor.py:163} INFO - Started process (PID=1165) to work on /home/airflow/.local/lib/python3.7/site-packages/airflow/example_dags/example_xcomargs.py
[2022-04-13 09:16:14,188] {processor.py:642} INFO - Processing file /home/airflow/.local/lib/python3.7/site-packages/airflow/example_dags/example_xcomargs.py for tasks to queue
[2022-04-13 09:16:14,188] {logging_mixin.py:109} INFO - [2022-04-13 09:16:14,188] {dagbag.py:500} INFO - Filling up the DagBag from /home/airflow/.local/lib/python3.7/site-packages/airflow/example_dags/example_xcomargs.py
[2022-04-13 09:16:14,212] {processor.py:652} INFO - DAG(s) dict_keys(['example_xcom_args', 'example_xcom_args_with_operators']) retrieved from /home/airflow/.local/lib/python3.7/site-packages/airflow/example_dags/example_xcomargs.py
[2022-04-13 09:16:14,592] {logging_mixin.py:109} INFO - [2022-04-13 09:16:14,591] {dag.py:2398} INFO - Sync 2 DAGs
[2022-04-13 09:16:14,611] {logging_mixin.py:109} INFO - [2022-04-13 09:16:14,611] {dag.py:2937} INFO - Setting next_dagrun for example_xcom_args to None
[2022-04-13 09:16:14,611] {logging_mixin.py:109} INFO - [2022-04-13 09:16:14,611] {dag.py:2937} INFO - Setting next_dagrun for example_xcom_args_with_operators to None
[2022-04-13 09:16:14,633] {processor.py:171} INFO - Processing /home/airflow/.local/lib/python3.7/site-packages/airflow/example_dags/example_xcomargs.py took 0.448 seconds
[2022-04-13 09:16:44,917] {processor.py:163} INFO - Started process (PID=1217) to work on /home/airflow/.local/lib/python3.7/site-packages/airflow/example_dags/example_xcomargs.py
[2022-04-13 09:16:44,919] {processor.py:642} INFO - Processing file /home/airflow/.local/lib/python3.7/site-packages/airflow/example_dags/example_xcomargs.py for tasks to queue
[2022-04-13 09:16:44,920] {logging_mixin.py:109} INFO - [2022-04-13 09:16:44,920] {dagbag.py:500} INFO - Filling up the DagBag from /home/airflow/.local/lib/python3.7/site-packages/airflow/example_dags/example_xcomargs.py
[2022-04-13 09:16:44,947] {processor.py:652} INFO - DAG(s) dict_keys(['example_xcom_args', 'example_xcom_args_with_operators']) retrieved from /home/airflow/.local/lib/python3.7/site-packages/airflow/example_dags/example_xcomargs.py
[2022-04-13 09:16:45,352] {logging_mixin.py:109} INFO - [2022-04-13 09:16:45,351] {dag.py:2398} INFO - Sync 2 DAGs
[2022-04-13 09:16:45,370] {logging_mixin.py:109} INFO - [2022-04-13 09:16:45,370] {dag.py:2937} INFO - Setting next_dagrun for example_xcom_args to None
[2022-04-13 09:16:45,370] {logging_mixin.py:109} INFO - [2022-04-13 09:16:45,370] {dag.py:2937} INFO - Setting next_dagrun for example_xcom_args_with_operators to None
[2022-04-13 09:16:45,384] {processor.py:171} INFO - Processing /home/airflow/.local/lib/python3.7/site-packages/airflow/example_dags/example_xcomargs.py took 0.470 seconds
[2022-04-13 09:17:16,189] {processor.py:163} INFO - Started process (PID=1276) to work on /home/airflow/.local/lib/python3.7/site-packages/airflow/example_dags/example_xcomargs.py
[2022-04-13 09:17:16,190] {processor.py:642} INFO - Processing file /home/airflow/.local/lib/python3.7/site-packages/airflow/example_dags/example_xcomargs.py for tasks to queue
[2022-04-13 09:17:16,191] {logging_mixin.py:109} INFO - [2022-04-13 09:17:16,191] {dagbag.py:500} INFO - Filling up the DagBag from /home/airflow/.local/lib/python3.7/site-packages/airflow/example_dags/example_xcomargs.py
[2022-04-13 09:17:16,219] {processor.py:652} INFO - DAG(s) dict_keys(['example_xcom_args', 'example_xcom_args_with_operators']) retrieved from /home/airflow/.local/lib/python3.7/site-packages/airflow/example_dags/example_xcomargs.py
[2022-04-13 09:17:16,697] {logging_mixin.py:109} INFO - [2022-04-13 09:17:16,697] {dag.py:2398} INFO - Sync 2 DAGs
[2022-04-13 09:17:16,717] {logging_mixin.py:109} INFO - [2022-04-13 09:17:16,716] {dag.py:2937} INFO - Setting next_dagrun for example_xcom_args to None
[2022-04-13 09:17:16,717] {logging_mixin.py:109} INFO - [2022-04-13 09:17:16,717] {dag.py:2937} INFO - Setting next_dagrun for example_xcom_args_with_operators to None
[2022-04-13 09:17:16,742] {processor.py:171} INFO - Processing /home/airflow/.local/lib/python3.7/site-packages/airflow/example_dags/example_xcomargs.py took 0.556 seconds
[2022-04-13 09:17:47,348] {processor.py:163} INFO - Started process (PID=1327) to work on /home/airflow/.local/lib/python3.7/site-packages/airflow/example_dags/example_xcomargs.py
[2022-04-13 09:17:47,348] {processor.py:642} INFO - Processing file /home/airflow/.local/lib/python3.7/site-packages/airflow/example_dags/example_xcomargs.py for tasks to queue
[2022-04-13 09:17:47,349] {logging_mixin.py:109} INFO - [2022-04-13 09:17:47,349] {dagbag.py:500} INFO - Filling up the DagBag from /home/airflow/.local/lib/python3.7/site-packages/airflow/example_dags/example_xcomargs.py
[2022-04-13 09:17:47,372] {processor.py:652} INFO - DAG(s) dict_keys(['example_xcom_args', 'example_xcom_args_with_operators']) retrieved from /home/airflow/.local/lib/python3.7/site-packages/airflow/example_dags/example_xcomargs.py
[2022-04-13 09:17:47,720] {logging_mixin.py:109} INFO - [2022-04-13 09:17:47,720] {dag.py:2398} INFO - Sync 2 DAGs
[2022-04-13 09:17:47,739] {logging_mixin.py:109} INFO - [2022-04-13 09:17:47,739] {dag.py:2937} INFO - Setting next_dagrun for example_xcom_args to None
[2022-04-13 09:17:47,739] {logging_mixin.py:109} INFO - [2022-04-13 09:17:47,739] {dag.py:2937} INFO - Setting next_dagrun for example_xcom_args_with_operators to None
[2022-04-13 09:17:47,756] {processor.py:171} INFO - Processing /home/airflow/.local/lib/python3.7/site-packages/airflow/example_dags/example_xcomargs.py took 0.410 seconds
[2022-04-13 09:18:18,458] {processor.py:163} INFO - Started process (PID=1379) to work on /home/airflow/.local/lib/python3.7/site-packages/airflow/example_dags/example_xcomargs.py
[2022-04-13 09:18:18,460] {processor.py:642} INFO - Processing file /home/airflow/.local/lib/python3.7/site-packages/airflow/example_dags/example_xcomargs.py for tasks to queue
[2022-04-13 09:18:18,461] {logging_mixin.py:109} INFO - [2022-04-13 09:18:18,461] {dagbag.py:500} INFO - Filling up the DagBag from /home/airflow/.local/lib/python3.7/site-packages/airflow/example_dags/example_xcomargs.py
[2022-04-13 09:18:18,481] {processor.py:652} INFO - DAG(s) dict_keys(['example_xcom_args', 'example_xcom_args_with_operators']) retrieved from /home/airflow/.local/lib/python3.7/site-packages/airflow/example_dags/example_xcomargs.py
[2022-04-13 09:18:18,855] {logging_mixin.py:109} INFO - [2022-04-13 09:18:18,855] {dag.py:2398} INFO - Sync 2 DAGs
[2022-04-13 09:18:18,874] {logging_mixin.py:109} INFO - [2022-04-13 09:18:18,874] {dag.py:2937} INFO - Setting next_dagrun for example_xcom_args to None
[2022-04-13 09:18:18,874] {logging_mixin.py:109} INFO - [2022-04-13 09:18:18,874] {dag.py:2937} INFO - Setting next_dagrun for example_xcom_args_with_operators to None
[2022-04-13 09:18:18,891] {processor.py:171} INFO - Processing /home/airflow/.local/lib/python3.7/site-packages/airflow/example_dags/example_xcomargs.py took 0.436 seconds
[2022-04-13 09:18:50,165] {processor.py:163} INFO - Started process (PID=1439) to work on /home/airflow/.local/lib/python3.7/site-packages/airflow/example_dags/example_xcomargs.py
[2022-04-13 09:18:50,166] {processor.py:642} INFO - Processing file /home/airflow/.local/lib/python3.7/site-packages/airflow/example_dags/example_xcomargs.py for tasks to queue
[2022-04-13 09:18:50,167] {logging_mixin.py:109} INFO - [2022-04-13 09:18:50,167] {dagbag.py:500} INFO - Filling up the DagBag from /home/airflow/.local/lib/python3.7/site-packages/airflow/example_dags/example_xcomargs.py
[2022-04-13 09:18:50,207] {processor.py:652} INFO - DAG(s) dict_keys(['example_xcom_args', 'example_xcom_args_with_operators']) retrieved from /home/airflow/.local/lib/python3.7/site-packages/airflow/example_dags/example_xcomargs.py
[2022-04-13 09:18:50,635] {logging_mixin.py:109} INFO - [2022-04-13 09:18:50,635] {dag.py:2398} INFO - Sync 2 DAGs
[2022-04-13 09:18:50,656] {logging_mixin.py:109} INFO - [2022-04-13 09:18:50,656] {dag.py:2937} INFO - Setting next_dagrun for example_xcom_args to None
[2022-04-13 09:18:50,656] {logging_mixin.py:109} INFO - [2022-04-13 09:18:50,656] {dag.py:2937} INFO - Setting next_dagrun for example_xcom_args_with_operators to None
[2022-04-13 09:18:50,677] {processor.py:171} INFO - Processing /home/airflow/.local/lib/python3.7/site-packages/airflow/example_dags/example_xcomargs.py took 0.517 seconds
[2022-04-13 09:19:20,983] {processor.py:163} INFO - Started process (PID=1491) to work on /home/airflow/.local/lib/python3.7/site-packages/airflow/example_dags/example_xcomargs.py
[2022-04-13 09:19:20,985] {processor.py:642} INFO - Processing file /home/airflow/.local/lib/python3.7/site-packages/airflow/example_dags/example_xcomargs.py for tasks to queue
[2022-04-13 09:19:20,986] {logging_mixin.py:109} INFO - [2022-04-13 09:19:20,986] {dagbag.py:500} INFO - Filling up the DagBag from /home/airflow/.local/lib/python3.7/site-packages/airflow/example_dags/example_xcomargs.py
[2022-04-13 09:19:21,010] {processor.py:652} INFO - DAG(s) dict_keys(['example_xcom_args', 'example_xcom_args_with_operators']) retrieved from /home/airflow/.local/lib/python3.7/site-packages/airflow/example_dags/example_xcomargs.py
[2022-04-13 09:19:21,354] {logging_mixin.py:109} INFO - [2022-04-13 09:19:21,354] {dag.py:2398} INFO - Sync 2 DAGs
[2022-04-13 09:19:21,376] {logging_mixin.py:109} INFO - [2022-04-13 09:19:21,376] {dag.py:2937} INFO - Setting next_dagrun for example_xcom_args to None
[2022-04-13 09:19:21,377] {logging_mixin.py:109} INFO - [2022-04-13 09:19:21,377] {dag.py:2937} INFO - Setting next_dagrun for example_xcom_args_with_operators to None
[2022-04-13 09:19:21,401] {processor.py:171} INFO - Processing /home/airflow/.local/lib/python3.7/site-packages/airflow/example_dags/example_xcomargs.py took 0.420 seconds
[2022-04-13 09:19:51,827] {processor.py:163} INFO - Started process (PID=1542) to work on /home/airflow/.local/lib/python3.7/site-packages/airflow/example_dags/example_xcomargs.py
[2022-04-13 09:19:51,828] {processor.py:642} INFO - Processing file /home/airflow/.local/lib/python3.7/site-packages/airflow/example_dags/example_xcomargs.py for tasks to queue
[2022-04-13 09:19:51,829] {logging_mixin.py:109} INFO - [2022-04-13 09:19:51,829] {dagbag.py:500} INFO - Filling up the DagBag from /home/airflow/.local/lib/python3.7/site-packages/airflow/example_dags/example_xcomargs.py
[2022-04-13 09:19:51,853] {processor.py:652} INFO - DAG(s) dict_keys(['example_xcom_args', 'example_xcom_args_with_operators']) retrieved from /home/airflow/.local/lib/python3.7/site-packages/airflow/example_dags/example_xcomargs.py
[2022-04-13 09:19:52,143] {logging_mixin.py:109} INFO - [2022-04-13 09:19:52,143] {dag.py:2398} INFO - Sync 2 DAGs
[2022-04-13 09:19:52,156] {logging_mixin.py:109} INFO - [2022-04-13 09:19:52,156] {dag.py:2937} INFO - Setting next_dagrun for example_xcom_args to None
[2022-04-13 09:19:52,156] {logging_mixin.py:109} INFO - [2022-04-13 09:19:52,156] {dag.py:2937} INFO - Setting next_dagrun for example_xcom_args_with_operators to None
[2022-04-13 09:19:52,170] {processor.py:171} INFO - Processing /home/airflow/.local/lib/python3.7/site-packages/airflow/example_dags/example_xcomargs.py took 0.344 seconds
[2022-04-13 09:20:22,927] {processor.py:163} INFO - Started process (PID=1601) to work on /home/airflow/.local/lib/python3.7/site-packages/airflow/example_dags/example_xcomargs.py
[2022-04-13 09:20:22,928] {processor.py:642} INFO - Processing file /home/airflow/.local/lib/python3.7/site-packages/airflow/example_dags/example_xcomargs.py for tasks to queue
[2022-04-13 09:20:22,929] {logging_mixin.py:109} INFO - [2022-04-13 09:20:22,929] {dagbag.py:500} INFO - Filling up the DagBag from /home/airflow/.local/lib/python3.7/site-packages/airflow/example_dags/example_xcomargs.py
[2022-04-13 09:20:22,960] {processor.py:652} INFO - DAG(s) dict_keys(['example_xcom_args', 'example_xcom_args_with_operators']) retrieved from /home/airflow/.local/lib/python3.7/site-packages/airflow/example_dags/example_xcomargs.py
[2022-04-13 09:20:23,324] {logging_mixin.py:109} INFO - [2022-04-13 09:20:23,323] {dag.py:2398} INFO - Sync 2 DAGs
[2022-04-13 09:20:23,345] {logging_mixin.py:109} INFO - [2022-04-13 09:20:23,345] {dag.py:2937} INFO - Setting next_dagrun for example_xcom_args to None
[2022-04-13 09:20:23,346] {logging_mixin.py:109} INFO - [2022-04-13 09:20:23,346] {dag.py:2937} INFO - Setting next_dagrun for example_xcom_args_with_operators to None
[2022-04-13 09:20:23,361] {processor.py:171} INFO - Processing /home/airflow/.local/lib/python3.7/site-packages/airflow/example_dags/example_xcomargs.py took 0.437 seconds
[2022-04-13 09:20:53,943] {processor.py:163} INFO - Started process (PID=1653) to work on /home/airflow/.local/lib/python3.7/site-packages/airflow/example_dags/example_xcomargs.py
[2022-04-13 09:20:53,945] {processor.py:642} INFO - Processing file /home/airflow/.local/lib/python3.7/site-packages/airflow/example_dags/example_xcomargs.py for tasks to queue
[2022-04-13 09:20:53,945] {logging_mixin.py:109} INFO - [2022-04-13 09:20:53,945] {dagbag.py:500} INFO - Filling up the DagBag from /home/airflow/.local/lib/python3.7/site-packages/airflow/example_dags/example_xcomargs.py
[2022-04-13 09:20:53,967] {processor.py:652} INFO - DAG(s) dict_keys(['example_xcom_args', 'example_xcom_args_with_operators']) retrieved from /home/airflow/.local/lib/python3.7/site-packages/airflow/example_dags/example_xcomargs.py
[2022-04-13 09:20:54,369] {logging_mixin.py:109} INFO - [2022-04-13 09:20:54,369] {dag.py:2398} INFO - Sync 2 DAGs
[2022-04-13 09:20:54,392] {logging_mixin.py:109} INFO - [2022-04-13 09:20:54,392] {dag.py:2937} INFO - Setting next_dagrun for example_xcom_args to None
[2022-04-13 09:20:54,392] {logging_mixin.py:109} INFO - [2022-04-13 09:20:54,392] {dag.py:2937} INFO - Setting next_dagrun for example_xcom_args_with_operators to None
[2022-04-13 09:20:54,419] {processor.py:171} INFO - Processing /home/airflow/.local/lib/python3.7/site-packages/airflow/example_dags/example_xcomargs.py took 0.478 seconds
[2022-04-13 09:21:25,197] {processor.py:163} INFO - Started process (PID=1704) to work on /home/airflow/.local/lib/python3.7/site-packages/airflow/example_dags/example_xcomargs.py
[2022-04-13 09:21:25,199] {processor.py:642} INFO - Processing file /home/airflow/.local/lib/python3.7/site-packages/airflow/example_dags/example_xcomargs.py for tasks to queue
[2022-04-13 09:21:25,200] {logging_mixin.py:109} INFO - [2022-04-13 09:21:25,199] {dagbag.py:500} INFO - Filling up the DagBag from /home/airflow/.local/lib/python3.7/site-packages/airflow/example_dags/example_xcomargs.py
[2022-04-13 09:21:25,223] {processor.py:652} INFO - DAG(s) dict_keys(['example_xcom_args', 'example_xcom_args_with_operators']) retrieved from /home/airflow/.local/lib/python3.7/site-packages/airflow/example_dags/example_xcomargs.py
[2022-04-13 09:21:25,561] {logging_mixin.py:109} INFO - [2022-04-13 09:21:25,561] {dag.py:2398} INFO - Sync 2 DAGs
[2022-04-13 09:21:25,579] {logging_mixin.py:109} INFO - [2022-04-13 09:21:25,578] {dag.py:2937} INFO - Setting next_dagrun for example_xcom_args to None
[2022-04-13 09:21:25,579] {logging_mixin.py:109} INFO - [2022-04-13 09:21:25,579] {dag.py:2937} INFO - Setting next_dagrun for example_xcom_args_with_operators to None
[2022-04-13 09:21:25,592] {processor.py:171} INFO - Processing /home/airflow/.local/lib/python3.7/site-packages/airflow/example_dags/example_xcomargs.py took 0.399 seconds
[2022-04-13 09:21:56,462] {processor.py:163} INFO - Started process (PID=1764) to work on /home/airflow/.local/lib/python3.7/site-packages/airflow/example_dags/example_xcomargs.py
[2022-04-13 09:21:56,463] {processor.py:642} INFO - Processing file /home/airflow/.local/lib/python3.7/site-packages/airflow/example_dags/example_xcomargs.py for tasks to queue
[2022-04-13 09:21:56,463] {logging_mixin.py:109} INFO - [2022-04-13 09:21:56,463] {dagbag.py:500} INFO - Filling up the DagBag from /home/airflow/.local/lib/python3.7/site-packages/airflow/example_dags/example_xcomargs.py
[2022-04-13 09:21:56,485] {processor.py:652} INFO - DAG(s) dict_keys(['example_xcom_args', 'example_xcom_args_with_operators']) retrieved from /home/airflow/.local/lib/python3.7/site-packages/airflow/example_dags/example_xcomargs.py
[2022-04-13 09:21:56,873] {logging_mixin.py:109} INFO - [2022-04-13 09:21:56,873] {dag.py:2398} INFO - Sync 2 DAGs
[2022-04-13 09:21:56,902] {logging_mixin.py:109} INFO - [2022-04-13 09:21:56,902] {dag.py:2937} INFO - Setting next_dagrun for example_xcom_args to None
[2022-04-13 09:21:56,902] {logging_mixin.py:109} INFO - [2022-04-13 09:21:56,902] {dag.py:2937} INFO - Setting next_dagrun for example_xcom_args_with_operators to None
[2022-04-13 09:21:56,923] {processor.py:171} INFO - Processing /home/airflow/.local/lib/python3.7/site-packages/airflow/example_dags/example_xcomargs.py took 0.464 seconds
[2022-04-13 09:22:27,740] {processor.py:163} INFO - Started process (PID=1816) to work on /home/airflow/.local/lib/python3.7/site-packages/airflow/example_dags/example_xcomargs.py
[2022-04-13 09:22:27,741] {processor.py:642} INFO - Processing file /home/airflow/.local/lib/python3.7/site-packages/airflow/example_dags/example_xcomargs.py for tasks to queue
[2022-04-13 09:22:27,742] {logging_mixin.py:109} INFO - [2022-04-13 09:22:27,742] {dagbag.py:500} INFO - Filling up the DagBag from /home/airflow/.local/lib/python3.7/site-packages/airflow/example_dags/example_xcomargs.py
[2022-04-13 09:22:27,762] {processor.py:652} INFO - DAG(s) dict_keys(['example_xcom_args', 'example_xcom_args_with_operators']) retrieved from /home/airflow/.local/lib/python3.7/site-packages/airflow/example_dags/example_xcomargs.py
[2022-04-13 09:22:28,089] {logging_mixin.py:109} INFO - [2022-04-13 09:22:28,089] {dag.py:2398} INFO - Sync 2 DAGs
[2022-04-13 09:22:28,108] {logging_mixin.py:109} INFO - [2022-04-13 09:22:28,108] {dag.py:2937} INFO - Setting next_dagrun for example_xcom_args to None
[2022-04-13 09:22:28,108] {logging_mixin.py:109} INFO - [2022-04-13 09:22:28,108] {dag.py:2937} INFO - Setting next_dagrun for example_xcom_args_with_operators to None
[2022-04-13 09:22:28,122] {processor.py:171} INFO - Processing /home/airflow/.local/lib/python3.7/site-packages/airflow/example_dags/example_xcomargs.py took 0.385 seconds
[2022-04-13 09:22:59,177] {processor.py:163} INFO - Started process (PID=1876) to work on /home/airflow/.local/lib/python3.7/site-packages/airflow/example_dags/example_xcomargs.py
[2022-04-13 09:22:59,178] {processor.py:642} INFO - Processing file /home/airflow/.local/lib/python3.7/site-packages/airflow/example_dags/example_xcomargs.py for tasks to queue
[2022-04-13 09:22:59,179] {logging_mixin.py:109} INFO - [2022-04-13 09:22:59,179] {dagbag.py:500} INFO - Filling up the DagBag from /home/airflow/.local/lib/python3.7/site-packages/airflow/example_dags/example_xcomargs.py
[2022-04-13 09:22:59,206] {processor.py:652} INFO - DAG(s) dict_keys(['example_xcom_args', 'example_xcom_args_with_operators']) retrieved from /home/airflow/.local/lib/python3.7/site-packages/airflow/example_dags/example_xcomargs.py
[2022-04-13 09:22:59,583] {logging_mixin.py:109} INFO - [2022-04-13 09:22:59,583] {dag.py:2398} INFO - Sync 2 DAGs
[2022-04-13 09:22:59,602] {logging_mixin.py:109} INFO - [2022-04-13 09:22:59,602] {dag.py:2937} INFO - Setting next_dagrun for example_xcom_args to None
[2022-04-13 09:22:59,603] {logging_mixin.py:109} INFO - [2022-04-13 09:22:59,603] {dag.py:2937} INFO - Setting next_dagrun for example_xcom_args_with_operators to None
[2022-04-13 09:22:59,619] {processor.py:171} INFO - Processing /home/airflow/.local/lib/python3.7/site-packages/airflow/example_dags/example_xcomargs.py took 0.444 seconds
[2022-04-13 09:23:29,970] {processor.py:163} INFO - Started process (PID=1930) to work on /home/airflow/.local/lib/python3.7/site-packages/airflow/example_dags/example_xcomargs.py
[2022-04-13 09:23:29,972] {processor.py:642} INFO - Processing file /home/airflow/.local/lib/python3.7/site-packages/airflow/example_dags/example_xcomargs.py for tasks to queue
[2022-04-13 09:23:29,973] {logging_mixin.py:109} INFO - [2022-04-13 09:23:29,973] {dagbag.py:500} INFO - Filling up the DagBag from /home/airflow/.local/lib/python3.7/site-packages/airflow/example_dags/example_xcomargs.py
[2022-04-13 09:23:29,994] {processor.py:652} INFO - DAG(s) dict_keys(['example_xcom_args', 'example_xcom_args_with_operators']) retrieved from /home/airflow/.local/lib/python3.7/site-packages/airflow/example_dags/example_xcomargs.py
[2022-04-13 09:23:30,315] {logging_mixin.py:109} INFO - [2022-04-13 09:23:30,315] {dag.py:2398} INFO - Sync 2 DAGs
[2022-04-13 09:23:30,329] {logging_mixin.py:109} INFO - [2022-04-13 09:23:30,329] {dag.py:2937} INFO - Setting next_dagrun for example_xcom_args to None
[2022-04-13 09:23:30,330] {logging_mixin.py:109} INFO - [2022-04-13 09:23:30,329] {dag.py:2937} INFO - Setting next_dagrun for example_xcom_args_with_operators to None
[2022-04-13 09:23:30,349] {processor.py:171} INFO - Processing /home/airflow/.local/lib/python3.7/site-packages/airflow/example_dags/example_xcomargs.py took 0.381 seconds
[2022-04-13 09:24:01,475] {processor.py:163} INFO - Started process (PID=1980) to work on /home/airflow/.local/lib/python3.7/site-packages/airflow/example_dags/example_xcomargs.py
[2022-04-13 09:24:01,476] {processor.py:642} INFO - Processing file /home/airflow/.local/lib/python3.7/site-packages/airflow/example_dags/example_xcomargs.py for tasks to queue
[2022-04-13 09:24:01,477] {logging_mixin.py:109} INFO - [2022-04-13 09:24:01,476] {dagbag.py:500} INFO - Filling up the DagBag from /home/airflow/.local/lib/python3.7/site-packages/airflow/example_dags/example_xcomargs.py
[2022-04-13 09:24:01,506] {processor.py:652} INFO - DAG(s) dict_keys(['example_xcom_args', 'example_xcom_args_with_operators']) retrieved from /home/airflow/.local/lib/python3.7/site-packages/airflow/example_dags/example_xcomargs.py
[2022-04-13 09:24:01,845] {logging_mixin.py:109} INFO - [2022-04-13 09:24:01,845] {dag.py:2398} INFO - Sync 2 DAGs
[2022-04-13 09:24:01,864] {logging_mixin.py:109} INFO - [2022-04-13 09:24:01,863] {dag.py:2937} INFO - Setting next_dagrun for example_xcom_args to None
[2022-04-13 09:24:01,864] {logging_mixin.py:109} INFO - [2022-04-13 09:24:01,864] {dag.py:2937} INFO - Setting next_dagrun for example_xcom_args_with_operators to None
[2022-04-13 09:24:01,880] {processor.py:171} INFO - Processing /home/airflow/.local/lib/python3.7/site-packages/airflow/example_dags/example_xcomargs.py took 0.408 seconds
[2022-04-13 09:24:32,541] {processor.py:163} INFO - Started process (PID=2041) to work on /home/airflow/.local/lib/python3.7/site-packages/airflow/example_dags/example_xcomargs.py
[2022-04-13 09:24:32,543] {processor.py:642} INFO - Processing file /home/airflow/.local/lib/python3.7/site-packages/airflow/example_dags/example_xcomargs.py for tasks to queue
[2022-04-13 09:24:32,543] {logging_mixin.py:109} INFO - [2022-04-13 09:24:32,543] {dagbag.py:500} INFO - Filling up the DagBag from /home/airflow/.local/lib/python3.7/site-packages/airflow/example_dags/example_xcomargs.py
[2022-04-13 09:24:32,572] {processor.py:652} INFO - DAG(s) dict_keys(['example_xcom_args', 'example_xcom_args_with_operators']) retrieved from /home/airflow/.local/lib/python3.7/site-packages/airflow/example_dags/example_xcomargs.py
[2022-04-13 09:24:32,946] {logging_mixin.py:109} INFO - [2022-04-13 09:24:32,946] {dag.py:2398} INFO - Sync 2 DAGs
[2022-04-13 09:24:32,970] {logging_mixin.py:109} INFO - [2022-04-13 09:24:32,969] {dag.py:2937} INFO - Setting next_dagrun for example_xcom_args to None
[2022-04-13 09:24:32,970] {logging_mixin.py:109} INFO - [2022-04-13 09:24:32,970] {dag.py:2937} INFO - Setting next_dagrun for example_xcom_args_with_operators to None
[2022-04-13 09:24:32,989] {processor.py:171} INFO - Processing /home/airflow/.local/lib/python3.7/site-packages/airflow/example_dags/example_xcomargs.py took 0.451 seconds
[2022-04-13 09:25:03,643] {processor.py:163} INFO - Started process (PID=2093) to work on /home/airflow/.local/lib/python3.7/site-packages/airflow/example_dags/example_xcomargs.py
[2022-04-13 09:25:03,647] {processor.py:642} INFO - Processing file /home/airflow/.local/lib/python3.7/site-packages/airflow/example_dags/example_xcomargs.py for tasks to queue
[2022-04-13 09:25:03,648] {logging_mixin.py:109} INFO - [2022-04-13 09:25:03,648] {dagbag.py:500} INFO - Filling up the DagBag from /home/airflow/.local/lib/python3.7/site-packages/airflow/example_dags/example_xcomargs.py
[2022-04-13 09:25:03,671] {processor.py:652} INFO - DAG(s) dict_keys(['example_xcom_args', 'example_xcom_args_with_operators']) retrieved from /home/airflow/.local/lib/python3.7/site-packages/airflow/example_dags/example_xcomargs.py
[2022-04-13 09:25:04,053] {logging_mixin.py:109} INFO - [2022-04-13 09:25:04,053] {dag.py:2398} INFO - Sync 2 DAGs
[2022-04-13 09:25:04,078] {logging_mixin.py:109} INFO - [2022-04-13 09:25:04,078] {dag.py:2937} INFO - Setting next_dagrun for example_xcom_args to None
[2022-04-13 09:25:04,078] {logging_mixin.py:109} INFO - [2022-04-13 09:25:04,078] {dag.py:2937} INFO - Setting next_dagrun for example_xcom_args_with_operators to None
[2022-04-13 09:25:04,108] {processor.py:171} INFO - Processing /home/airflow/.local/lib/python3.7/site-packages/airflow/example_dags/example_xcomargs.py took 0.468 seconds
[2022-04-13 09:25:34,488] {processor.py:163} INFO - Started process (PID=2143) to work on /home/airflow/.local/lib/python3.7/site-packages/airflow/example_dags/example_xcomargs.py
[2022-04-13 09:25:34,489] {processor.py:642} INFO - Processing file /home/airflow/.local/lib/python3.7/site-packages/airflow/example_dags/example_xcomargs.py for tasks to queue
[2022-04-13 09:25:34,490] {logging_mixin.py:109} INFO - [2022-04-13 09:25:34,489] {dagbag.py:500} INFO - Filling up the DagBag from /home/airflow/.local/lib/python3.7/site-packages/airflow/example_dags/example_xcomargs.py
[2022-04-13 09:25:34,510] {processor.py:652} INFO - DAG(s) dict_keys(['example_xcom_args', 'example_xcom_args_with_operators']) retrieved from /home/airflow/.local/lib/python3.7/site-packages/airflow/example_dags/example_xcomargs.py
[2022-04-13 09:25:34,864] {logging_mixin.py:109} INFO - [2022-04-13 09:25:34,864] {dag.py:2398} INFO - Sync 2 DAGs
[2022-04-13 09:25:34,882] {logging_mixin.py:109} INFO - [2022-04-13 09:25:34,882] {dag.py:2937} INFO - Setting next_dagrun for example_xcom_args to None
[2022-04-13 09:25:34,882] {logging_mixin.py:109} INFO - [2022-04-13 09:25:34,882] {dag.py:2937} INFO - Setting next_dagrun for example_xcom_args_with_operators to None
[2022-04-13 09:25:34,897] {processor.py:171} INFO - Processing /home/airflow/.local/lib/python3.7/site-packages/airflow/example_dags/example_xcomargs.py took 0.411 seconds
[2022-04-13 09:26:05,588] {processor.py:163} INFO - Started process (PID=2204) to work on /home/airflow/.local/lib/python3.7/site-packages/airflow/example_dags/example_xcomargs.py
[2022-04-13 09:26:05,589] {processor.py:642} INFO - Processing file /home/airflow/.local/lib/python3.7/site-packages/airflow/example_dags/example_xcomargs.py for tasks to queue
[2022-04-13 09:26:05,591] {logging_mixin.py:109} INFO - [2022-04-13 09:26:05,591] {dagbag.py:500} INFO - Filling up the DagBag from /home/airflow/.local/lib/python3.7/site-packages/airflow/example_dags/example_xcomargs.py
[2022-04-13 09:26:05,619] {processor.py:652} INFO - DAG(s) dict_keys(['example_xcom_args', 'example_xcom_args_with_operators']) retrieved from /home/airflow/.local/lib/python3.7/site-packages/airflow/example_dags/example_xcomargs.py
[2022-04-13 09:26:05,978] {logging_mixin.py:109} INFO - [2022-04-13 09:26:05,978] {dag.py:2398} INFO - Sync 2 DAGs
[2022-04-13 09:26:05,997] {logging_mixin.py:109} INFO - [2022-04-13 09:26:05,997] {dag.py:2937} INFO - Setting next_dagrun for example_xcom_args to None
[2022-04-13 09:26:05,998] {logging_mixin.py:109} INFO - [2022-04-13 09:26:05,998] {dag.py:2937} INFO - Setting next_dagrun for example_xcom_args_with_operators to None
[2022-04-13 09:26:06,011] {processor.py:171} INFO - Processing /home/airflow/.local/lib/python3.7/site-packages/airflow/example_dags/example_xcomargs.py took 0.426 seconds
