[2022-04-13 08:46:21,639] {processor.py:163} INFO - Started process (PID=103) to work on /home/airflow/.local/lib/python3.7/site-packages/airflow/example_dags/example_dag_decorator.py
[2022-04-13 08:46:21,640] {processor.py:642} INFO - Processing file /home/airflow/.local/lib/python3.7/site-packages/airflow/example_dags/example_dag_decorator.py for tasks to queue
[2022-04-13 08:46:21,640] {logging_mixin.py:109} INFO - [2022-04-13 08:46:21,640] {dagbag.py:500} INFO - Filling up the DagBag from /home/airflow/.local/lib/python3.7/site-packages/airflow/example_dags/example_dag_decorator.py
[2022-04-13 08:46:21,682] {processor.py:652} INFO - DAG(s) dict_keys(['example_dag_decorator']) retrieved from /home/airflow/.local/lib/python3.7/site-packages/airflow/example_dags/example_dag_decorator.py
[2022-04-13 08:46:24,351] {logging_mixin.py:109} INFO - [2022-04-13 08:46:24,351] {manager.py:496} INFO - Created Permission View: can read on DAG:example_dag_decorator
[2022-04-13 08:46:24,369] {logging_mixin.py:109} INFO - [2022-04-13 08:46:24,369] {manager.py:496} INFO - Created Permission View: can edit on DAG:example_dag_decorator
[2022-04-13 08:46:24,370] {logging_mixin.py:109} INFO - [2022-04-13 08:46:24,369] {dag.py:2398} INFO - Sync 1 DAGs
[2022-04-13 08:46:24,383] {logging_mixin.py:109} INFO - [2022-04-13 08:46:24,383] {dag.py:2417} INFO - Creating ORM DAG for example_dag_decorator
[2022-04-13 08:46:24,394] {logging_mixin.py:109} INFO - [2022-04-13 08:46:24,394] {dag.py:2937} INFO - Setting next_dagrun for example_dag_decorator to None
[2022-04-13 08:46:24,414] {processor.py:171} INFO - Processing /home/airflow/.local/lib/python3.7/site-packages/airflow/example_dags/example_dag_decorator.py took 2.779 seconds
[2022-04-13 08:46:54,940] {processor.py:163} INFO - Started process (PID=465) to work on /home/airflow/.local/lib/python3.7/site-packages/airflow/example_dags/example_dag_decorator.py
[2022-04-13 08:46:54,942] {processor.py:642} INFO - Processing file /home/airflow/.local/lib/python3.7/site-packages/airflow/example_dags/example_dag_decorator.py for tasks to queue
[2022-04-13 08:46:54,942] {logging_mixin.py:109} INFO - [2022-04-13 08:46:54,942] {dagbag.py:500} INFO - Filling up the DagBag from /home/airflow/.local/lib/python3.7/site-packages/airflow/example_dags/example_dag_decorator.py
[2022-04-13 08:46:54,970] {processor.py:652} INFO - DAG(s) dict_keys(['example_dag_decorator']) retrieved from /home/airflow/.local/lib/python3.7/site-packages/airflow/example_dags/example_dag_decorator.py
[2022-04-13 08:46:55,317] {logging_mixin.py:109} INFO - [2022-04-13 08:46:55,317] {dag.py:2398} INFO - Sync 1 DAGs
[2022-04-13 08:46:55,333] {logging_mixin.py:109} INFO - [2022-04-13 08:46:55,333] {dag.py:2937} INFO - Setting next_dagrun for example_dag_decorator to None
[2022-04-13 08:46:55,348] {processor.py:171} INFO - Processing /home/airflow/.local/lib/python3.7/site-packages/airflow/example_dags/example_dag_decorator.py took 0.411 seconds
[2022-04-13 08:47:25,897] {processor.py:163} INFO - Started process (PID=516) to work on /home/airflow/.local/lib/python3.7/site-packages/airflow/example_dags/example_dag_decorator.py
[2022-04-13 08:47:25,898] {processor.py:642} INFO - Processing file /home/airflow/.local/lib/python3.7/site-packages/airflow/example_dags/example_dag_decorator.py for tasks to queue
[2022-04-13 08:47:25,898] {logging_mixin.py:109} INFO - [2022-04-13 08:47:25,898] {dagbag.py:500} INFO - Filling up the DagBag from /home/airflow/.local/lib/python3.7/site-packages/airflow/example_dags/example_dag_decorator.py
[2022-04-13 08:47:25,923] {processor.py:652} INFO - DAG(s) dict_keys(['example_dag_decorator']) retrieved from /home/airflow/.local/lib/python3.7/site-packages/airflow/example_dags/example_dag_decorator.py
[2022-04-13 08:47:26,208] {logging_mixin.py:109} INFO - [2022-04-13 08:47:26,208] {dag.py:2398} INFO - Sync 1 DAGs
[2022-04-13 08:47:26,220] {logging_mixin.py:109} INFO - [2022-04-13 08:47:26,220] {dag.py:2937} INFO - Setting next_dagrun for example_dag_decorator to None
[2022-04-13 08:47:26,234] {processor.py:171} INFO - Processing /home/airflow/.local/lib/python3.7/site-packages/airflow/example_dags/example_dag_decorator.py took 0.340 seconds
[2022-04-13 08:47:56,758] {processor.py:163} INFO - Started process (PID=576) to work on /home/airflow/.local/lib/python3.7/site-packages/airflow/example_dags/example_dag_decorator.py
[2022-04-13 08:47:56,763] {processor.py:642} INFO - Processing file /home/airflow/.local/lib/python3.7/site-packages/airflow/example_dags/example_dag_decorator.py for tasks to queue
[2022-04-13 08:47:56,763] {logging_mixin.py:109} INFO - [2022-04-13 08:47:56,763] {dagbag.py:500} INFO - Filling up the DagBag from /home/airflow/.local/lib/python3.7/site-packages/airflow/example_dags/example_dag_decorator.py
[2022-04-13 08:47:56,787] {processor.py:652} INFO - DAG(s) dict_keys(['example_dag_decorator']) retrieved from /home/airflow/.local/lib/python3.7/site-packages/airflow/example_dags/example_dag_decorator.py
[2022-04-13 08:47:57,192] {logging_mixin.py:109} INFO - [2022-04-13 08:47:57,192] {dag.py:2398} INFO - Sync 1 DAGs
[2022-04-13 08:47:57,214] {logging_mixin.py:109} INFO - [2022-04-13 08:47:57,214] {dag.py:2937} INFO - Setting next_dagrun for example_dag_decorator to None
[2022-04-13 08:47:57,234] {processor.py:171} INFO - Processing /home/airflow/.local/lib/python3.7/site-packages/airflow/example_dags/example_dag_decorator.py took 0.478 seconds
[2022-04-13 08:48:27,533] {processor.py:163} INFO - Started process (PID=627) to work on /home/airflow/.local/lib/python3.7/site-packages/airflow/example_dags/example_dag_decorator.py
[2022-04-13 08:48:27,536] {processor.py:642} INFO - Processing file /home/airflow/.local/lib/python3.7/site-packages/airflow/example_dags/example_dag_decorator.py for tasks to queue
[2022-04-13 08:48:27,537] {logging_mixin.py:109} INFO - [2022-04-13 08:48:27,536] {dagbag.py:500} INFO - Filling up the DagBag from /home/airflow/.local/lib/python3.7/site-packages/airflow/example_dags/example_dag_decorator.py
[2022-04-13 08:48:27,580] {processor.py:652} INFO - DAG(s) dict_keys(['example_dag_decorator']) retrieved from /home/airflow/.local/lib/python3.7/site-packages/airflow/example_dags/example_dag_decorator.py
[2022-04-13 08:48:27,954] {logging_mixin.py:109} INFO - [2022-04-13 08:48:27,954] {dag.py:2398} INFO - Sync 1 DAGs
[2022-04-13 08:48:27,968] {logging_mixin.py:109} INFO - [2022-04-13 08:48:27,968] {dag.py:2937} INFO - Setting next_dagrun for example_dag_decorator to None
[2022-04-13 08:48:27,980] {processor.py:171} INFO - Processing /home/airflow/.local/lib/python3.7/site-packages/airflow/example_dags/example_dag_decorator.py took 0.453 seconds
[2022-04-13 08:52:08,267] {processor.py:163} INFO - Started process (PID=42) to work on /home/airflow/.local/lib/python3.7/site-packages/airflow/example_dags/example_dag_decorator.py
[2022-04-13 08:52:08,274] {processor.py:642} INFO - Processing file /home/airflow/.local/lib/python3.7/site-packages/airflow/example_dags/example_dag_decorator.py for tasks to queue
[2022-04-13 08:52:08,275] {logging_mixin.py:109} INFO - [2022-04-13 08:52:08,275] {dagbag.py:500} INFO - Filling up the DagBag from /home/airflow/.local/lib/python3.7/site-packages/airflow/example_dags/example_dag_decorator.py
[2022-04-13 08:52:08,317] {processor.py:652} INFO - DAG(s) dict_keys(['example_dag_decorator']) retrieved from /home/airflow/.local/lib/python3.7/site-packages/airflow/example_dags/example_dag_decorator.py
[2022-04-13 08:52:08,987] {logging_mixin.py:109} INFO - [2022-04-13 08:52:08,987] {dag.py:2398} INFO - Sync 1 DAGs
[2022-04-13 08:52:09,017] {logging_mixin.py:109} INFO - [2022-04-13 08:52:09,017] {dag.py:2937} INFO - Setting next_dagrun for example_dag_decorator to None
[2022-04-13 08:52:09,040] {processor.py:171} INFO - Processing /home/airflow/.local/lib/python3.7/site-packages/airflow/example_dags/example_dag_decorator.py took 0.777 seconds
[2022-04-13 08:54:25,874] {processor.py:163} INFO - Started process (PID=46) to work on /home/airflow/.local/lib/python3.7/site-packages/airflow/example_dags/example_dag_decorator.py
[2022-04-13 08:54:25,876] {processor.py:642} INFO - Processing file /home/airflow/.local/lib/python3.7/site-packages/airflow/example_dags/example_dag_decorator.py for tasks to queue
[2022-04-13 08:54:25,877] {logging_mixin.py:109} INFO - [2022-04-13 08:54:25,877] {dagbag.py:500} INFO - Filling up the DagBag from /home/airflow/.local/lib/python3.7/site-packages/airflow/example_dags/example_dag_decorator.py
[2022-04-13 08:54:25,909] {processor.py:652} INFO - DAG(s) dict_keys(['example_dag_decorator']) retrieved from /home/airflow/.local/lib/python3.7/site-packages/airflow/example_dags/example_dag_decorator.py
[2022-04-13 08:54:26,482] {logging_mixin.py:109} INFO - [2022-04-13 08:54:26,481] {dag.py:2398} INFO - Sync 1 DAGs
[2022-04-13 08:54:26,509] {logging_mixin.py:109} INFO - [2022-04-13 08:54:26,508] {dag.py:2937} INFO - Setting next_dagrun for example_dag_decorator to None
[2022-04-13 08:54:26,533] {processor.py:171} INFO - Processing /home/airflow/.local/lib/python3.7/site-packages/airflow/example_dags/example_dag_decorator.py took 0.662 seconds
[2022-04-13 08:54:56,898] {processor.py:163} INFO - Started process (PID=98) to work on /home/airflow/.local/lib/python3.7/site-packages/airflow/example_dags/example_dag_decorator.py
[2022-04-13 08:54:56,900] {processor.py:642} INFO - Processing file /home/airflow/.local/lib/python3.7/site-packages/airflow/example_dags/example_dag_decorator.py for tasks to queue
[2022-04-13 08:54:56,901] {logging_mixin.py:109} INFO - [2022-04-13 08:54:56,901] {dagbag.py:500} INFO - Filling up the DagBag from /home/airflow/.local/lib/python3.7/site-packages/airflow/example_dags/example_dag_decorator.py
[2022-04-13 08:54:56,917] {processor.py:652} INFO - DAG(s) dict_keys(['example_dag_decorator']) retrieved from /home/airflow/.local/lib/python3.7/site-packages/airflow/example_dags/example_dag_decorator.py
[2022-04-13 08:54:57,203] {logging_mixin.py:109} INFO - [2022-04-13 08:54:57,203] {dag.py:2398} INFO - Sync 1 DAGs
[2022-04-13 08:54:57,230] {logging_mixin.py:109} INFO - [2022-04-13 08:54:57,229] {dag.py:2937} INFO - Setting next_dagrun for example_dag_decorator to None
[2022-04-13 08:54:57,250] {processor.py:171} INFO - Processing /home/airflow/.local/lib/python3.7/site-packages/airflow/example_dags/example_dag_decorator.py took 0.353 seconds
[2022-04-13 08:55:28,225] {processor.py:163} INFO - Started process (PID=158) to work on /home/airflow/.local/lib/python3.7/site-packages/airflow/example_dags/example_dag_decorator.py
[2022-04-13 08:55:28,226] {processor.py:642} INFO - Processing file /home/airflow/.local/lib/python3.7/site-packages/airflow/example_dags/example_dag_decorator.py for tasks to queue
[2022-04-13 08:55:28,226] {logging_mixin.py:109} INFO - [2022-04-13 08:55:28,226] {dagbag.py:500} INFO - Filling up the DagBag from /home/airflow/.local/lib/python3.7/site-packages/airflow/example_dags/example_dag_decorator.py
[2022-04-13 08:55:28,247] {processor.py:652} INFO - DAG(s) dict_keys(['example_dag_decorator']) retrieved from /home/airflow/.local/lib/python3.7/site-packages/airflow/example_dags/example_dag_decorator.py
[2022-04-13 08:55:28,514] {logging_mixin.py:109} INFO - [2022-04-13 08:55:28,513] {dag.py:2398} INFO - Sync 1 DAGs
[2022-04-13 08:55:28,526] {logging_mixin.py:109} INFO - [2022-04-13 08:55:28,526] {dag.py:2937} INFO - Setting next_dagrun for example_dag_decorator to None
[2022-04-13 08:55:28,540] {processor.py:171} INFO - Processing /home/airflow/.local/lib/python3.7/site-packages/airflow/example_dags/example_dag_decorator.py took 0.317 seconds
[2022-04-13 08:55:59,491] {processor.py:163} INFO - Started process (PID=210) to work on /home/airflow/.local/lib/python3.7/site-packages/airflow/example_dags/example_dag_decorator.py
[2022-04-13 08:55:59,497] {processor.py:642} INFO - Processing file /home/airflow/.local/lib/python3.7/site-packages/airflow/example_dags/example_dag_decorator.py for tasks to queue
[2022-04-13 08:55:59,498] {logging_mixin.py:109} INFO - [2022-04-13 08:55:59,498] {dagbag.py:500} INFO - Filling up the DagBag from /home/airflow/.local/lib/python3.7/site-packages/airflow/example_dags/example_dag_decorator.py
[2022-04-13 08:55:59,528] {processor.py:652} INFO - DAG(s) dict_keys(['example_dag_decorator']) retrieved from /home/airflow/.local/lib/python3.7/site-packages/airflow/example_dags/example_dag_decorator.py
[2022-04-13 08:55:59,841] {logging_mixin.py:109} INFO - [2022-04-13 08:55:59,841] {dag.py:2398} INFO - Sync 1 DAGs
[2022-04-13 08:55:59,855] {logging_mixin.py:109} INFO - [2022-04-13 08:55:59,855] {dag.py:2937} INFO - Setting next_dagrun for example_dag_decorator to None
[2022-04-13 08:55:59,873] {processor.py:171} INFO - Processing /home/airflow/.local/lib/python3.7/site-packages/airflow/example_dags/example_dag_decorator.py took 0.384 seconds
[2022-04-13 08:56:29,892] {processor.py:163} INFO - Started process (PID=270) to work on /home/airflow/.local/lib/python3.7/site-packages/airflow/example_dags/example_dag_decorator.py
[2022-04-13 08:56:29,893] {processor.py:642} INFO - Processing file /home/airflow/.local/lib/python3.7/site-packages/airflow/example_dags/example_dag_decorator.py for tasks to queue
[2022-04-13 08:56:29,893] {logging_mixin.py:109} INFO - [2022-04-13 08:56:29,893] {dagbag.py:500} INFO - Filling up the DagBag from /home/airflow/.local/lib/python3.7/site-packages/airflow/example_dags/example_dag_decorator.py
[2022-04-13 08:56:29,920] {processor.py:652} INFO - DAG(s) dict_keys(['example_dag_decorator']) retrieved from /home/airflow/.local/lib/python3.7/site-packages/airflow/example_dags/example_dag_decorator.py
[2022-04-13 08:56:30,210] {logging_mixin.py:109} INFO - [2022-04-13 08:56:30,210] {dag.py:2398} INFO - Sync 1 DAGs
[2022-04-13 08:56:30,223] {logging_mixin.py:109} INFO - [2022-04-13 08:56:30,223] {dag.py:2937} INFO - Setting next_dagrun for example_dag_decorator to None
[2022-04-13 08:56:30,238] {processor.py:171} INFO - Processing /home/airflow/.local/lib/python3.7/site-packages/airflow/example_dags/example_dag_decorator.py took 0.349 seconds
[2022-04-13 08:57:00,280] {processor.py:163} INFO - Started process (PID=322) to work on /home/airflow/.local/lib/python3.7/site-packages/airflow/example_dags/example_dag_decorator.py
[2022-04-13 08:57:00,281] {processor.py:642} INFO - Processing file /home/airflow/.local/lib/python3.7/site-packages/airflow/example_dags/example_dag_decorator.py for tasks to queue
[2022-04-13 08:57:00,282] {logging_mixin.py:109} INFO - [2022-04-13 08:57:00,282] {dagbag.py:500} INFO - Filling up the DagBag from /home/airflow/.local/lib/python3.7/site-packages/airflow/example_dags/example_dag_decorator.py
[2022-04-13 08:57:00,297] {processor.py:652} INFO - DAG(s) dict_keys(['example_dag_decorator']) retrieved from /home/airflow/.local/lib/python3.7/site-packages/airflow/example_dags/example_dag_decorator.py
[2022-04-13 08:57:00,548] {logging_mixin.py:109} INFO - [2022-04-13 08:57:00,548] {dag.py:2398} INFO - Sync 1 DAGs
[2022-04-13 08:57:00,560] {logging_mixin.py:109} INFO - [2022-04-13 08:57:00,560] {dag.py:2937} INFO - Setting next_dagrun for example_dag_decorator to None
[2022-04-13 08:57:00,575] {processor.py:171} INFO - Processing /home/airflow/.local/lib/python3.7/site-packages/airflow/example_dags/example_dag_decorator.py took 0.297 seconds
[2022-04-13 08:57:30,612] {processor.py:163} INFO - Started process (PID=381) to work on /home/airflow/.local/lib/python3.7/site-packages/airflow/example_dags/example_dag_decorator.py
[2022-04-13 08:57:30,613] {processor.py:642} INFO - Processing file /home/airflow/.local/lib/python3.7/site-packages/airflow/example_dags/example_dag_decorator.py for tasks to queue
[2022-04-13 08:57:30,614] {logging_mixin.py:109} INFO - [2022-04-13 08:57:30,614] {dagbag.py:500} INFO - Filling up the DagBag from /home/airflow/.local/lib/python3.7/site-packages/airflow/example_dags/example_dag_decorator.py
[2022-04-13 08:57:30,629] {processor.py:652} INFO - DAG(s) dict_keys(['example_dag_decorator']) retrieved from /home/airflow/.local/lib/python3.7/site-packages/airflow/example_dags/example_dag_decorator.py
[2022-04-13 08:57:30,882] {logging_mixin.py:109} INFO - [2022-04-13 08:57:30,881] {dag.py:2398} INFO - Sync 1 DAGs
[2022-04-13 08:57:30,894] {logging_mixin.py:109} INFO - [2022-04-13 08:57:30,893] {dag.py:2937} INFO - Setting next_dagrun for example_dag_decorator to None
[2022-04-13 08:57:30,911] {processor.py:171} INFO - Processing /home/airflow/.local/lib/python3.7/site-packages/airflow/example_dags/example_dag_decorator.py took 0.300 seconds
[2022-04-13 08:58:01,623] {processor.py:163} INFO - Started process (PID=432) to work on /home/airflow/.local/lib/python3.7/site-packages/airflow/example_dags/example_dag_decorator.py
[2022-04-13 08:58:01,625] {processor.py:642} INFO - Processing file /home/airflow/.local/lib/python3.7/site-packages/airflow/example_dags/example_dag_decorator.py for tasks to queue
[2022-04-13 08:58:01,625] {logging_mixin.py:109} INFO - [2022-04-13 08:58:01,625] {dagbag.py:500} INFO - Filling up the DagBag from /home/airflow/.local/lib/python3.7/site-packages/airflow/example_dags/example_dag_decorator.py
[2022-04-13 08:58:01,648] {processor.py:652} INFO - DAG(s) dict_keys(['example_dag_decorator']) retrieved from /home/airflow/.local/lib/python3.7/site-packages/airflow/example_dags/example_dag_decorator.py
[2022-04-13 08:58:01,991] {logging_mixin.py:109} INFO - [2022-04-13 08:58:01,991] {dag.py:2398} INFO - Sync 1 DAGs
[2022-04-13 08:58:02,007] {logging_mixin.py:109} INFO - [2022-04-13 08:58:02,006] {dag.py:2937} INFO - Setting next_dagrun for example_dag_decorator to None
[2022-04-13 08:58:02,034] {processor.py:171} INFO - Processing /home/airflow/.local/lib/python3.7/site-packages/airflow/example_dags/example_dag_decorator.py took 0.413 seconds
[2022-04-13 08:58:32,925] {processor.py:163} INFO - Started process (PID=494) to work on /home/airflow/.local/lib/python3.7/site-packages/airflow/example_dags/example_dag_decorator.py
[2022-04-13 08:58:32,927] {processor.py:642} INFO - Processing file /home/airflow/.local/lib/python3.7/site-packages/airflow/example_dags/example_dag_decorator.py for tasks to queue
[2022-04-13 08:58:32,928] {logging_mixin.py:109} INFO - [2022-04-13 08:58:32,927] {dagbag.py:500} INFO - Filling up the DagBag from /home/airflow/.local/lib/python3.7/site-packages/airflow/example_dags/example_dag_decorator.py
[2022-04-13 08:58:32,952] {processor.py:652} INFO - DAG(s) dict_keys(['example_dag_decorator']) retrieved from /home/airflow/.local/lib/python3.7/site-packages/airflow/example_dags/example_dag_decorator.py
[2022-04-13 08:58:33,254] {logging_mixin.py:109} INFO - [2022-04-13 08:58:33,254] {dag.py:2398} INFO - Sync 1 DAGs
[2022-04-13 08:58:33,267] {logging_mixin.py:109} INFO - [2022-04-13 08:58:33,267] {dag.py:2937} INFO - Setting next_dagrun for example_dag_decorator to None
[2022-04-13 08:58:33,280] {processor.py:171} INFO - Processing /home/airflow/.local/lib/python3.7/site-packages/airflow/example_dags/example_dag_decorator.py took 0.358 seconds
[2022-04-13 08:59:03,457] {processor.py:163} INFO - Started process (PID=545) to work on /home/airflow/.local/lib/python3.7/site-packages/airflow/example_dags/example_dag_decorator.py
[2022-04-13 08:59:03,460] {processor.py:642} INFO - Processing file /home/airflow/.local/lib/python3.7/site-packages/airflow/example_dags/example_dag_decorator.py for tasks to queue
[2022-04-13 08:59:03,462] {logging_mixin.py:109} INFO - [2022-04-13 08:59:03,461] {dagbag.py:500} INFO - Filling up the DagBag from /home/airflow/.local/lib/python3.7/site-packages/airflow/example_dags/example_dag_decorator.py
[2022-04-13 08:59:03,499] {processor.py:652} INFO - DAG(s) dict_keys(['example_dag_decorator']) retrieved from /home/airflow/.local/lib/python3.7/site-packages/airflow/example_dags/example_dag_decorator.py
[2022-04-13 08:59:03,982] {logging_mixin.py:109} INFO - [2022-04-13 08:59:03,982] {dag.py:2398} INFO - Sync 1 DAGs
[2022-04-13 08:59:04,010] {logging_mixin.py:109} INFO - [2022-04-13 08:59:04,010] {dag.py:2937} INFO - Setting next_dagrun for example_dag_decorator to None
[2022-04-13 08:59:04,031] {processor.py:171} INFO - Processing /home/airflow/.local/lib/python3.7/site-packages/airflow/example_dags/example_dag_decorator.py took 0.581 seconds
[2022-04-13 08:59:34,793] {processor.py:163} INFO - Started process (PID=607) to work on /home/airflow/.local/lib/python3.7/site-packages/airflow/example_dags/example_dag_decorator.py
[2022-04-13 08:59:34,794] {processor.py:642} INFO - Processing file /home/airflow/.local/lib/python3.7/site-packages/airflow/example_dags/example_dag_decorator.py for tasks to queue
[2022-04-13 08:59:34,795] {logging_mixin.py:109} INFO - [2022-04-13 08:59:34,795] {dagbag.py:500} INFO - Filling up the DagBag from /home/airflow/.local/lib/python3.7/site-packages/airflow/example_dags/example_dag_decorator.py
[2022-04-13 08:59:34,823] {processor.py:652} INFO - DAG(s) dict_keys(['example_dag_decorator']) retrieved from /home/airflow/.local/lib/python3.7/site-packages/airflow/example_dags/example_dag_decorator.py
[2022-04-13 08:59:34,851] {logging_mixin.py:109} INFO - [2022-04-13 08:59:34,851] {dag.py:2398} INFO - Sync 1 DAGs
[2022-04-13 08:59:34,872] {logging_mixin.py:109} INFO - [2022-04-13 08:59:34,871] {dag.py:2937} INFO - Setting next_dagrun for example_dag_decorator to None
[2022-04-13 08:59:34,890] {processor.py:171} INFO - Processing /home/airflow/.local/lib/python3.7/site-packages/airflow/example_dags/example_dag_decorator.py took 0.099 seconds
[2022-04-13 09:00:05,253] {processor.py:163} INFO - Started process (PID=656) to work on /home/airflow/.local/lib/python3.7/site-packages/airflow/example_dags/example_dag_decorator.py
[2022-04-13 09:00:05,256] {processor.py:642} INFO - Processing file /home/airflow/.local/lib/python3.7/site-packages/airflow/example_dags/example_dag_decorator.py for tasks to queue
[2022-04-13 09:00:05,257] {logging_mixin.py:109} INFO - [2022-04-13 09:00:05,257] {dagbag.py:500} INFO - Filling up the DagBag from /home/airflow/.local/lib/python3.7/site-packages/airflow/example_dags/example_dag_decorator.py
[2022-04-13 09:00:05,287] {processor.py:652} INFO - DAG(s) dict_keys(['example_dag_decorator']) retrieved from /home/airflow/.local/lib/python3.7/site-packages/airflow/example_dags/example_dag_decorator.py
[2022-04-13 09:00:05,626] {logging_mixin.py:109} INFO - [2022-04-13 09:00:05,625] {dag.py:2398} INFO - Sync 1 DAGs
[2022-04-13 09:00:05,646] {logging_mixin.py:109} INFO - [2022-04-13 09:00:05,646] {dag.py:2937} INFO - Setting next_dagrun for example_dag_decorator to None
[2022-04-13 09:00:05,669] {processor.py:171} INFO - Processing /home/airflow/.local/lib/python3.7/site-packages/airflow/example_dags/example_dag_decorator.py took 0.422 seconds
[2022-04-13 09:00:35,763] {processor.py:163} INFO - Started process (PID=708) to work on /home/airflow/.local/lib/python3.7/site-packages/airflow/example_dags/example_dag_decorator.py
[2022-04-13 09:00:35,765] {processor.py:642} INFO - Processing file /home/airflow/.local/lib/python3.7/site-packages/airflow/example_dags/example_dag_decorator.py for tasks to queue
[2022-04-13 09:00:35,767] {logging_mixin.py:109} INFO - [2022-04-13 09:00:35,767] {dagbag.py:500} INFO - Filling up the DagBag from /home/airflow/.local/lib/python3.7/site-packages/airflow/example_dags/example_dag_decorator.py
[2022-04-13 09:00:35,822] {processor.py:652} INFO - DAG(s) dict_keys(['example_dag_decorator']) retrieved from /home/airflow/.local/lib/python3.7/site-packages/airflow/example_dags/example_dag_decorator.py
[2022-04-13 09:00:36,294] {logging_mixin.py:109} INFO - [2022-04-13 09:00:36,294] {dag.py:2398} INFO - Sync 1 DAGs
[2022-04-13 09:00:36,318] {logging_mixin.py:109} INFO - [2022-04-13 09:00:36,318] {dag.py:2937} INFO - Setting next_dagrun for example_dag_decorator to None
[2022-04-13 09:00:36,348] {processor.py:171} INFO - Processing /home/airflow/.local/lib/python3.7/site-packages/airflow/example_dags/example_dag_decorator.py took 0.592 seconds
[2022-04-13 09:01:06,507] {processor.py:163} INFO - Started process (PID=770) to work on /home/airflow/.local/lib/python3.7/site-packages/airflow/example_dags/example_dag_decorator.py
[2022-04-13 09:01:06,509] {processor.py:642} INFO - Processing file /home/airflow/.local/lib/python3.7/site-packages/airflow/example_dags/example_dag_decorator.py for tasks to queue
[2022-04-13 09:01:06,509] {logging_mixin.py:109} INFO - [2022-04-13 09:01:06,509] {dagbag.py:500} INFO - Filling up the DagBag from /home/airflow/.local/lib/python3.7/site-packages/airflow/example_dags/example_dag_decorator.py
[2022-04-13 09:01:06,538] {processor.py:652} INFO - DAG(s) dict_keys(['example_dag_decorator']) retrieved from /home/airflow/.local/lib/python3.7/site-packages/airflow/example_dags/example_dag_decorator.py
[2022-04-13 09:01:07,010] {logging_mixin.py:109} INFO - [2022-04-13 09:01:07,009] {dag.py:2398} INFO - Sync 1 DAGs
[2022-04-13 09:01:07,029] {logging_mixin.py:109} INFO - [2022-04-13 09:01:07,029] {dag.py:2937} INFO - Setting next_dagrun for example_dag_decorator to None
[2022-04-13 09:01:07,045] {processor.py:171} INFO - Processing /home/airflow/.local/lib/python3.7/site-packages/airflow/example_dags/example_dag_decorator.py took 0.541 seconds
[2022-04-13 09:01:37,962] {processor.py:163} INFO - Started process (PID=824) to work on /home/airflow/.local/lib/python3.7/site-packages/airflow/example_dags/example_dag_decorator.py
[2022-04-13 09:01:37,970] {processor.py:642} INFO - Processing file /home/airflow/.local/lib/python3.7/site-packages/airflow/example_dags/example_dag_decorator.py for tasks to queue
[2022-04-13 09:01:37,971] {logging_mixin.py:109} INFO - [2022-04-13 09:01:37,971] {dagbag.py:500} INFO - Filling up the DagBag from /home/airflow/.local/lib/python3.7/site-packages/airflow/example_dags/example_dag_decorator.py
[2022-04-13 09:01:38,031] {processor.py:652} INFO - DAG(s) dict_keys(['example_dag_decorator']) retrieved from /home/airflow/.local/lib/python3.7/site-packages/airflow/example_dags/example_dag_decorator.py
[2022-04-13 09:01:38,504] {logging_mixin.py:109} INFO - [2022-04-13 09:01:38,504] {dag.py:2398} INFO - Sync 1 DAGs
[2022-04-13 09:01:38,523] {logging_mixin.py:109} INFO - [2022-04-13 09:01:38,523] {dag.py:2937} INFO - Setting next_dagrun for example_dag_decorator to None
[2022-04-13 09:01:38,539] {processor.py:171} INFO - Processing /home/airflow/.local/lib/python3.7/site-packages/airflow/example_dags/example_dag_decorator.py took 0.591 seconds
[2022-04-13 09:02:09,138] {processor.py:163} INFO - Started process (PID=875) to work on /home/airflow/.local/lib/python3.7/site-packages/airflow/example_dags/example_dag_decorator.py
[2022-04-13 09:02:09,141] {processor.py:642} INFO - Processing file /home/airflow/.local/lib/python3.7/site-packages/airflow/example_dags/example_dag_decorator.py for tasks to queue
[2022-04-13 09:02:09,142] {logging_mixin.py:109} INFO - [2022-04-13 09:02:09,142] {dagbag.py:500} INFO - Filling up the DagBag from /home/airflow/.local/lib/python3.7/site-packages/airflow/example_dags/example_dag_decorator.py
[2022-04-13 09:02:09,185] {processor.py:652} INFO - DAG(s) dict_keys(['example_dag_decorator']) retrieved from /home/airflow/.local/lib/python3.7/site-packages/airflow/example_dags/example_dag_decorator.py
[2022-04-13 09:02:09,672] {logging_mixin.py:109} INFO - [2022-04-13 09:02:09,672] {dag.py:2398} INFO - Sync 1 DAGs
[2022-04-13 09:02:09,692] {logging_mixin.py:109} INFO - [2022-04-13 09:02:09,692] {dag.py:2937} INFO - Setting next_dagrun for example_dag_decorator to None
[2022-04-13 09:02:09,718] {processor.py:171} INFO - Processing /home/airflow/.local/lib/python3.7/site-packages/airflow/example_dags/example_dag_decorator.py took 0.586 seconds
[2022-04-13 09:02:39,806] {processor.py:163} INFO - Started process (PID=937) to work on /home/airflow/.local/lib/python3.7/site-packages/airflow/example_dags/example_dag_decorator.py
[2022-04-13 09:02:39,811] {processor.py:642} INFO - Processing file /home/airflow/.local/lib/python3.7/site-packages/airflow/example_dags/example_dag_decorator.py for tasks to queue
[2022-04-13 09:02:39,812] {logging_mixin.py:109} INFO - [2022-04-13 09:02:39,812] {dagbag.py:500} INFO - Filling up the DagBag from /home/airflow/.local/lib/python3.7/site-packages/airflow/example_dags/example_dag_decorator.py
[2022-04-13 09:02:39,852] {processor.py:652} INFO - DAG(s) dict_keys(['example_dag_decorator']) retrieved from /home/airflow/.local/lib/python3.7/site-packages/airflow/example_dags/example_dag_decorator.py
[2022-04-13 09:02:40,269] {logging_mixin.py:109} INFO - [2022-04-13 09:02:40,268] {dag.py:2398} INFO - Sync 1 DAGs
[2022-04-13 09:02:40,287] {logging_mixin.py:109} INFO - [2022-04-13 09:02:40,287] {dag.py:2937} INFO - Setting next_dagrun for example_dag_decorator to None
[2022-04-13 09:02:40,303] {processor.py:171} INFO - Processing /home/airflow/.local/lib/python3.7/site-packages/airflow/example_dags/example_dag_decorator.py took 0.501 seconds
[2022-04-13 09:03:11,130] {processor.py:163} INFO - Started process (PID=987) to work on /home/airflow/.local/lib/python3.7/site-packages/airflow/example_dags/example_dag_decorator.py
[2022-04-13 09:03:11,132] {processor.py:642} INFO - Processing file /home/airflow/.local/lib/python3.7/site-packages/airflow/example_dags/example_dag_decorator.py for tasks to queue
[2022-04-13 09:03:11,134] {logging_mixin.py:109} INFO - [2022-04-13 09:03:11,134] {dagbag.py:500} INFO - Filling up the DagBag from /home/airflow/.local/lib/python3.7/site-packages/airflow/example_dags/example_dag_decorator.py
[2022-04-13 09:03:11,185] {processor.py:652} INFO - DAG(s) dict_keys(['example_dag_decorator']) retrieved from /home/airflow/.local/lib/python3.7/site-packages/airflow/example_dags/example_dag_decorator.py
[2022-04-13 09:03:11,680] {logging_mixin.py:109} INFO - [2022-04-13 09:03:11,680] {dag.py:2398} INFO - Sync 1 DAGs
[2022-04-13 09:03:11,708] {logging_mixin.py:109} INFO - [2022-04-13 09:03:11,707] {dag.py:2937} INFO - Setting next_dagrun for example_dag_decorator to None
[2022-04-13 09:03:11,731] {processor.py:171} INFO - Processing /home/airflow/.local/lib/python3.7/site-packages/airflow/example_dags/example_dag_decorator.py took 0.610 seconds
[2022-04-13 09:05:50,647] {processor.py:163} INFO - Started process (PID=44) to work on /home/airflow/.local/lib/python3.7/site-packages/airflow/example_dags/example_dag_decorator.py
[2022-04-13 09:05:50,649] {processor.py:642} INFO - Processing file /home/airflow/.local/lib/python3.7/site-packages/airflow/example_dags/example_dag_decorator.py for tasks to queue
[2022-04-13 09:05:50,650] {logging_mixin.py:109} INFO - [2022-04-13 09:05:50,650] {dagbag.py:500} INFO - Filling up the DagBag from /home/airflow/.local/lib/python3.7/site-packages/airflow/example_dags/example_dag_decorator.py
[2022-04-13 09:05:50,681] {processor.py:652} INFO - DAG(s) dict_keys(['example_dag_decorator']) retrieved from /home/airflow/.local/lib/python3.7/site-packages/airflow/example_dags/example_dag_decorator.py
[2022-04-13 09:05:51,201] {logging_mixin.py:109} INFO - [2022-04-13 09:05:51,201] {dag.py:2398} INFO - Sync 1 DAGs
[2022-04-13 09:05:51,222] {logging_mixin.py:109} INFO - [2022-04-13 09:05:51,222] {dag.py:2937} INFO - Setting next_dagrun for example_dag_decorator to None
[2022-04-13 09:05:51,244] {processor.py:171} INFO - Processing /home/airflow/.local/lib/python3.7/site-packages/airflow/example_dags/example_dag_decorator.py took 0.599 seconds
[2022-04-13 09:06:21,789] {processor.py:163} INFO - Started process (PID=95) to work on /home/airflow/.local/lib/python3.7/site-packages/airflow/example_dags/example_dag_decorator.py
[2022-04-13 09:06:21,790] {processor.py:642} INFO - Processing file /home/airflow/.local/lib/python3.7/site-packages/airflow/example_dags/example_dag_decorator.py for tasks to queue
[2022-04-13 09:06:21,791] {logging_mixin.py:109} INFO - [2022-04-13 09:06:21,791] {dagbag.py:500} INFO - Filling up the DagBag from /home/airflow/.local/lib/python3.7/site-packages/airflow/example_dags/example_dag_decorator.py
[2022-04-13 09:06:21,817] {processor.py:652} INFO - DAG(s) dict_keys(['example_dag_decorator']) retrieved from /home/airflow/.local/lib/python3.7/site-packages/airflow/example_dags/example_dag_decorator.py
[2022-04-13 09:06:22,169] {logging_mixin.py:109} INFO - [2022-04-13 09:06:22,169] {dag.py:2398} INFO - Sync 1 DAGs
[2022-04-13 09:06:22,184] {logging_mixin.py:109} INFO - [2022-04-13 09:06:22,184] {dag.py:2937} INFO - Setting next_dagrun for example_dag_decorator to None
[2022-04-13 09:06:22,199] {processor.py:171} INFO - Processing /home/airflow/.local/lib/python3.7/site-packages/airflow/example_dags/example_dag_decorator.py took 0.412 seconds
[2022-04-13 09:06:52,342] {processor.py:163} INFO - Started process (PID=156) to work on /home/airflow/.local/lib/python3.7/site-packages/airflow/example_dags/example_dag_decorator.py
[2022-04-13 09:06:52,348] {processor.py:642} INFO - Processing file /home/airflow/.local/lib/python3.7/site-packages/airflow/example_dags/example_dag_decorator.py for tasks to queue
[2022-04-13 09:06:52,349] {logging_mixin.py:109} INFO - [2022-04-13 09:06:52,349] {dagbag.py:500} INFO - Filling up the DagBag from /home/airflow/.local/lib/python3.7/site-packages/airflow/example_dags/example_dag_decorator.py
[2022-04-13 09:06:52,383] {processor.py:652} INFO - DAG(s) dict_keys(['example_dag_decorator']) retrieved from /home/airflow/.local/lib/python3.7/site-packages/airflow/example_dags/example_dag_decorator.py
[2022-04-13 09:06:52,800] {logging_mixin.py:109} INFO - [2022-04-13 09:06:52,800] {dag.py:2398} INFO - Sync 1 DAGs
[2022-04-13 09:06:52,814] {logging_mixin.py:109} INFO - [2022-04-13 09:06:52,814] {dag.py:2937} INFO - Setting next_dagrun for example_dag_decorator to None
[2022-04-13 09:06:52,828] {processor.py:171} INFO - Processing /home/airflow/.local/lib/python3.7/site-packages/airflow/example_dags/example_dag_decorator.py took 0.488 seconds
[2022-04-13 09:07:22,869] {processor.py:163} INFO - Started process (PID=207) to work on /home/airflow/.local/lib/python3.7/site-packages/airflow/example_dags/example_dag_decorator.py
[2022-04-13 09:07:22,870] {processor.py:642} INFO - Processing file /home/airflow/.local/lib/python3.7/site-packages/airflow/example_dags/example_dag_decorator.py for tasks to queue
[2022-04-13 09:07:22,870] {logging_mixin.py:109} INFO - [2022-04-13 09:07:22,870] {dagbag.py:500} INFO - Filling up the DagBag from /home/airflow/.local/lib/python3.7/site-packages/airflow/example_dags/example_dag_decorator.py
[2022-04-13 09:07:22,893] {processor.py:652} INFO - DAG(s) dict_keys(['example_dag_decorator']) retrieved from /home/airflow/.local/lib/python3.7/site-packages/airflow/example_dags/example_dag_decorator.py
[2022-04-13 09:07:23,211] {logging_mixin.py:109} INFO - [2022-04-13 09:07:23,210] {dag.py:2398} INFO - Sync 1 DAGs
[2022-04-13 09:07:23,225] {logging_mixin.py:109} INFO - [2022-04-13 09:07:23,225] {dag.py:2937} INFO - Setting next_dagrun for example_dag_decorator to None
[2022-04-13 09:07:23,238] {processor.py:171} INFO - Processing /home/airflow/.local/lib/python3.7/site-packages/airflow/example_dags/example_dag_decorator.py took 0.370 seconds
[2022-04-13 09:07:53,574] {processor.py:163} INFO - Started process (PID=258) to work on /home/airflow/.local/lib/python3.7/site-packages/airflow/example_dags/example_dag_decorator.py
[2022-04-13 09:07:53,575] {processor.py:642} INFO - Processing file /home/airflow/.local/lib/python3.7/site-packages/airflow/example_dags/example_dag_decorator.py for tasks to queue
[2022-04-13 09:07:53,576] {logging_mixin.py:109} INFO - [2022-04-13 09:07:53,576] {dagbag.py:500} INFO - Filling up the DagBag from /home/airflow/.local/lib/python3.7/site-packages/airflow/example_dags/example_dag_decorator.py
[2022-04-13 09:07:53,599] {processor.py:652} INFO - DAG(s) dict_keys(['example_dag_decorator']) retrieved from /home/airflow/.local/lib/python3.7/site-packages/airflow/example_dags/example_dag_decorator.py
[2022-04-13 09:07:53,920] {logging_mixin.py:109} INFO - [2022-04-13 09:07:53,919] {dag.py:2398} INFO - Sync 1 DAGs
[2022-04-13 09:07:53,935] {logging_mixin.py:109} INFO - [2022-04-13 09:07:53,935] {dag.py:2937} INFO - Setting next_dagrun for example_dag_decorator to None
[2022-04-13 09:07:53,947] {processor.py:171} INFO - Processing /home/airflow/.local/lib/python3.7/site-packages/airflow/example_dags/example_dag_decorator.py took 0.375 seconds
[2022-04-13 09:08:24,855] {processor.py:163} INFO - Started process (PID=319) to work on /home/airflow/.local/lib/python3.7/site-packages/airflow/example_dags/example_dag_decorator.py
[2022-04-13 09:08:24,856] {processor.py:642} INFO - Processing file /home/airflow/.local/lib/python3.7/site-packages/airflow/example_dags/example_dag_decorator.py for tasks to queue
[2022-04-13 09:08:24,857] {logging_mixin.py:109} INFO - [2022-04-13 09:08:24,857] {dagbag.py:500} INFO - Filling up the DagBag from /home/airflow/.local/lib/python3.7/site-packages/airflow/example_dags/example_dag_decorator.py
[2022-04-13 09:08:24,894] {processor.py:652} INFO - DAG(s) dict_keys(['example_dag_decorator']) retrieved from /home/airflow/.local/lib/python3.7/site-packages/airflow/example_dags/example_dag_decorator.py
[2022-04-13 09:08:25,292] {logging_mixin.py:109} INFO - [2022-04-13 09:08:25,292] {dag.py:2398} INFO - Sync 1 DAGs
[2022-04-13 09:08:25,311] {logging_mixin.py:109} INFO - [2022-04-13 09:08:25,311] {dag.py:2937} INFO - Setting next_dagrun for example_dag_decorator to None
[2022-04-13 09:08:25,329] {processor.py:171} INFO - Processing /home/airflow/.local/lib/python3.7/site-packages/airflow/example_dags/example_dag_decorator.py took 0.477 seconds
[2022-04-13 09:08:55,617] {processor.py:163} INFO - Started process (PID=371) to work on /home/airflow/.local/lib/python3.7/site-packages/airflow/example_dags/example_dag_decorator.py
[2022-04-13 09:08:55,620] {processor.py:642} INFO - Processing file /home/airflow/.local/lib/python3.7/site-packages/airflow/example_dags/example_dag_decorator.py for tasks to queue
[2022-04-13 09:08:55,622] {logging_mixin.py:109} INFO - [2022-04-13 09:08:55,621] {dagbag.py:500} INFO - Filling up the DagBag from /home/airflow/.local/lib/python3.7/site-packages/airflow/example_dags/example_dag_decorator.py
[2022-04-13 09:08:55,648] {processor.py:652} INFO - DAG(s) dict_keys(['example_dag_decorator']) retrieved from /home/airflow/.local/lib/python3.7/site-packages/airflow/example_dags/example_dag_decorator.py
[2022-04-13 09:08:56,038] {logging_mixin.py:109} INFO - [2022-04-13 09:08:56,038] {dag.py:2398} INFO - Sync 1 DAGs
[2022-04-13 09:08:56,060] {logging_mixin.py:109} INFO - [2022-04-13 09:08:56,060] {dag.py:2937} INFO - Setting next_dagrun for example_dag_decorator to None
[2022-04-13 09:08:56,083] {processor.py:171} INFO - Processing /home/airflow/.local/lib/python3.7/site-packages/airflow/example_dags/example_dag_decorator.py took 0.470 seconds
[2022-04-13 09:09:27,026] {processor.py:163} INFO - Started process (PID=432) to work on /home/airflow/.local/lib/python3.7/site-packages/airflow/example_dags/example_dag_decorator.py
[2022-04-13 09:09:27,028] {processor.py:642} INFO - Processing file /home/airflow/.local/lib/python3.7/site-packages/airflow/example_dags/example_dag_decorator.py for tasks to queue
[2022-04-13 09:09:27,029] {logging_mixin.py:109} INFO - [2022-04-13 09:09:27,029] {dagbag.py:500} INFO - Filling up the DagBag from /home/airflow/.local/lib/python3.7/site-packages/airflow/example_dags/example_dag_decorator.py
[2022-04-13 09:09:27,116] {processor.py:652} INFO - DAG(s) dict_keys(['example_dag_decorator']) retrieved from /home/airflow/.local/lib/python3.7/site-packages/airflow/example_dags/example_dag_decorator.py
[2022-04-13 09:09:27,758] {logging_mixin.py:109} INFO - [2022-04-13 09:09:27,758] {dag.py:2398} INFO - Sync 1 DAGs
[2022-04-13 09:09:27,775] {logging_mixin.py:109} INFO - [2022-04-13 09:09:27,775] {dag.py:2937} INFO - Setting next_dagrun for example_dag_decorator to None
[2022-04-13 09:09:27,787] {processor.py:171} INFO - Processing /home/airflow/.local/lib/python3.7/site-packages/airflow/example_dags/example_dag_decorator.py took 0.765 seconds
[2022-04-13 09:09:58,154] {processor.py:163} INFO - Started process (PID=483) to work on /home/airflow/.local/lib/python3.7/site-packages/airflow/example_dags/example_dag_decorator.py
[2022-04-13 09:09:58,156] {processor.py:642} INFO - Processing file /home/airflow/.local/lib/python3.7/site-packages/airflow/example_dags/example_dag_decorator.py for tasks to queue
[2022-04-13 09:09:58,157] {logging_mixin.py:109} INFO - [2022-04-13 09:09:58,157] {dagbag.py:500} INFO - Filling up the DagBag from /home/airflow/.local/lib/python3.7/site-packages/airflow/example_dags/example_dag_decorator.py
[2022-04-13 09:09:58,200] {processor.py:652} INFO - DAG(s) dict_keys(['example_dag_decorator']) retrieved from /home/airflow/.local/lib/python3.7/site-packages/airflow/example_dags/example_dag_decorator.py
[2022-04-13 09:09:58,683] {logging_mixin.py:109} INFO - [2022-04-13 09:09:58,682] {dag.py:2398} INFO - Sync 1 DAGs
[2022-04-13 09:09:58,708] {logging_mixin.py:109} INFO - [2022-04-13 09:09:58,708] {dag.py:2937} INFO - Setting next_dagrun for example_dag_decorator to None
[2022-04-13 09:09:58,735] {processor.py:171} INFO - Processing /home/airflow/.local/lib/python3.7/site-packages/airflow/example_dags/example_dag_decorator.py took 0.585 seconds
[2022-04-13 09:10:29,460] {processor.py:163} INFO - Started process (PID=540) to work on /home/airflow/.local/lib/python3.7/site-packages/airflow/example_dags/example_dag_decorator.py
[2022-04-13 09:10:29,463] {processor.py:642} INFO - Processing file /home/airflow/.local/lib/python3.7/site-packages/airflow/example_dags/example_dag_decorator.py for tasks to queue
[2022-04-13 09:10:29,465] {logging_mixin.py:109} INFO - [2022-04-13 09:10:29,464] {dagbag.py:500} INFO - Filling up the DagBag from /home/airflow/.local/lib/python3.7/site-packages/airflow/example_dags/example_dag_decorator.py
[2022-04-13 09:10:29,506] {processor.py:652} INFO - DAG(s) dict_keys(['example_dag_decorator']) retrieved from /home/airflow/.local/lib/python3.7/site-packages/airflow/example_dags/example_dag_decorator.py
[2022-04-13 09:10:30,063] {logging_mixin.py:109} INFO - [2022-04-13 09:10:30,063] {dag.py:2398} INFO - Sync 1 DAGs
[2022-04-13 09:10:30,086] {logging_mixin.py:109} INFO - [2022-04-13 09:10:30,086] {dag.py:2937} INFO - Setting next_dagrun for example_dag_decorator to None
[2022-04-13 09:10:30,115] {processor.py:171} INFO - Processing /home/airflow/.local/lib/python3.7/site-packages/airflow/example_dags/example_dag_decorator.py took 0.658 seconds
[2022-04-13 09:11:00,814] {processor.py:163} INFO - Started process (PID=594) to work on /home/airflow/.local/lib/python3.7/site-packages/airflow/example_dags/example_dag_decorator.py
[2022-04-13 09:11:00,816] {processor.py:642} INFO - Processing file /home/airflow/.local/lib/python3.7/site-packages/airflow/example_dags/example_dag_decorator.py for tasks to queue
[2022-04-13 09:11:00,817] {logging_mixin.py:109} INFO - [2022-04-13 09:11:00,817] {dagbag.py:500} INFO - Filling up the DagBag from /home/airflow/.local/lib/python3.7/site-packages/airflow/example_dags/example_dag_decorator.py
[2022-04-13 09:11:00,846] {processor.py:652} INFO - DAG(s) dict_keys(['example_dag_decorator']) retrieved from /home/airflow/.local/lib/python3.7/site-packages/airflow/example_dags/example_dag_decorator.py
[2022-04-13 09:11:01,233] {logging_mixin.py:109} INFO - [2022-04-13 09:11:01,233] {dag.py:2398} INFO - Sync 1 DAGs
[2022-04-13 09:11:01,253] {logging_mixin.py:109} INFO - [2022-04-13 09:11:01,253] {dag.py:2937} INFO - Setting next_dagrun for example_dag_decorator to None
[2022-04-13 09:11:01,268] {processor.py:171} INFO - Processing /home/airflow/.local/lib/python3.7/site-packages/airflow/example_dags/example_dag_decorator.py took 0.457 seconds
[2022-04-13 09:11:31,499] {processor.py:163} INFO - Started process (PID=644) to work on /home/airflow/.local/lib/python3.7/site-packages/airflow/example_dags/example_dag_decorator.py
[2022-04-13 09:11:31,500] {processor.py:642} INFO - Processing file /home/airflow/.local/lib/python3.7/site-packages/airflow/example_dags/example_dag_decorator.py for tasks to queue
[2022-04-13 09:11:31,500] {logging_mixin.py:109} INFO - [2022-04-13 09:11:31,500] {dagbag.py:500} INFO - Filling up the DagBag from /home/airflow/.local/lib/python3.7/site-packages/airflow/example_dags/example_dag_decorator.py
[2022-04-13 09:11:31,525] {processor.py:652} INFO - DAG(s) dict_keys(['example_dag_decorator']) retrieved from /home/airflow/.local/lib/python3.7/site-packages/airflow/example_dags/example_dag_decorator.py
[2022-04-13 09:11:31,917] {logging_mixin.py:109} INFO - [2022-04-13 09:11:31,916] {dag.py:2398} INFO - Sync 1 DAGs
[2022-04-13 09:11:31,937] {logging_mixin.py:109} INFO - [2022-04-13 09:11:31,936] {dag.py:2937} INFO - Setting next_dagrun for example_dag_decorator to None
[2022-04-13 09:11:31,964] {processor.py:171} INFO - Processing /home/airflow/.local/lib/python3.7/site-packages/airflow/example_dags/example_dag_decorator.py took 0.468 seconds
[2022-04-13 09:12:02,767] {processor.py:163} INFO - Started process (PID=705) to work on /home/airflow/.local/lib/python3.7/site-packages/airflow/example_dags/example_dag_decorator.py
[2022-04-13 09:12:02,771] {processor.py:642} INFO - Processing file /home/airflow/.local/lib/python3.7/site-packages/airflow/example_dags/example_dag_decorator.py for tasks to queue
[2022-04-13 09:12:02,772] {logging_mixin.py:109} INFO - [2022-04-13 09:12:02,772] {dagbag.py:500} INFO - Filling up the DagBag from /home/airflow/.local/lib/python3.7/site-packages/airflow/example_dags/example_dag_decorator.py
[2022-04-13 09:12:02,803] {processor.py:652} INFO - DAG(s) dict_keys(['example_dag_decorator']) retrieved from /home/airflow/.local/lib/python3.7/site-packages/airflow/example_dags/example_dag_decorator.py
[2022-04-13 09:12:03,216] {logging_mixin.py:109} INFO - [2022-04-13 09:12:03,216] {dag.py:2398} INFO - Sync 1 DAGs
[2022-04-13 09:12:03,234] {logging_mixin.py:109} INFO - [2022-04-13 09:12:03,234] {dag.py:2937} INFO - Setting next_dagrun for example_dag_decorator to None
[2022-04-13 09:12:03,252] {processor.py:171} INFO - Processing /home/airflow/.local/lib/python3.7/site-packages/airflow/example_dags/example_dag_decorator.py took 0.487 seconds
[2022-04-13 09:12:34,003] {processor.py:163} INFO - Started process (PID=757) to work on /home/airflow/.local/lib/python3.7/site-packages/airflow/example_dags/example_dag_decorator.py
[2022-04-13 09:12:34,005] {processor.py:642} INFO - Processing file /home/airflow/.local/lib/python3.7/site-packages/airflow/example_dags/example_dag_decorator.py for tasks to queue
[2022-04-13 09:12:34,006] {logging_mixin.py:109} INFO - [2022-04-13 09:12:34,006] {dagbag.py:500} INFO - Filling up the DagBag from /home/airflow/.local/lib/python3.7/site-packages/airflow/example_dags/example_dag_decorator.py
[2022-04-13 09:12:34,035] {processor.py:652} INFO - DAG(s) dict_keys(['example_dag_decorator']) retrieved from /home/airflow/.local/lib/python3.7/site-packages/airflow/example_dags/example_dag_decorator.py
[2022-04-13 09:12:34,522] {logging_mixin.py:109} INFO - [2022-04-13 09:12:34,522] {dag.py:2398} INFO - Sync 1 DAGs
[2022-04-13 09:12:34,547] {logging_mixin.py:109} INFO - [2022-04-13 09:12:34,547] {dag.py:2937} INFO - Setting next_dagrun for example_dag_decorator to None
[2022-04-13 09:12:34,567] {processor.py:171} INFO - Processing /home/airflow/.local/lib/python3.7/site-packages/airflow/example_dags/example_dag_decorator.py took 0.568 seconds
[2022-04-13 09:13:05,222] {processor.py:163} INFO - Started process (PID=807) to work on /home/airflow/.local/lib/python3.7/site-packages/airflow/example_dags/example_dag_decorator.py
[2022-04-13 09:13:05,225] {processor.py:642} INFO - Processing file /home/airflow/.local/lib/python3.7/site-packages/airflow/example_dags/example_dag_decorator.py for tasks to queue
[2022-04-13 09:13:05,226] {logging_mixin.py:109} INFO - [2022-04-13 09:13:05,226] {dagbag.py:500} INFO - Filling up the DagBag from /home/airflow/.local/lib/python3.7/site-packages/airflow/example_dags/example_dag_decorator.py
[2022-04-13 09:13:05,272] {processor.py:652} INFO - DAG(s) dict_keys(['example_dag_decorator']) retrieved from /home/airflow/.local/lib/python3.7/site-packages/airflow/example_dags/example_dag_decorator.py
[2022-04-13 09:13:05,723] {logging_mixin.py:109} INFO - [2022-04-13 09:13:05,723] {dag.py:2398} INFO - Sync 1 DAGs
[2022-04-13 09:13:05,746] {logging_mixin.py:109} INFO - [2022-04-13 09:13:05,746] {dag.py:2937} INFO - Setting next_dagrun for example_dag_decorator to None
[2022-04-13 09:13:05,773] {processor.py:171} INFO - Processing /home/airflow/.local/lib/python3.7/site-packages/airflow/example_dags/example_dag_decorator.py took 0.554 seconds
[2022-04-13 09:13:36,544] {processor.py:163} INFO - Started process (PID=868) to work on /home/airflow/.local/lib/python3.7/site-packages/airflow/example_dags/example_dag_decorator.py
[2022-04-13 09:13:36,546] {processor.py:642} INFO - Processing file /home/airflow/.local/lib/python3.7/site-packages/airflow/example_dags/example_dag_decorator.py for tasks to queue
[2022-04-13 09:13:36,547] {logging_mixin.py:109} INFO - [2022-04-13 09:13:36,547] {dagbag.py:500} INFO - Filling up the DagBag from /home/airflow/.local/lib/python3.7/site-packages/airflow/example_dags/example_dag_decorator.py
[2022-04-13 09:13:36,581] {processor.py:652} INFO - DAG(s) dict_keys(['example_dag_decorator']) retrieved from /home/airflow/.local/lib/python3.7/site-packages/airflow/example_dags/example_dag_decorator.py
[2022-04-13 09:13:37,078] {logging_mixin.py:109} INFO - [2022-04-13 09:13:37,078] {dag.py:2398} INFO - Sync 1 DAGs
[2022-04-13 09:13:37,104] {logging_mixin.py:109} INFO - [2022-04-13 09:13:37,104] {dag.py:2937} INFO - Setting next_dagrun for example_dag_decorator to None
[2022-04-13 09:13:37,133] {processor.py:171} INFO - Processing /home/airflow/.local/lib/python3.7/site-packages/airflow/example_dags/example_dag_decorator.py took 0.591 seconds
[2022-04-13 09:14:07,356] {processor.py:163} INFO - Started process (PID=919) to work on /home/airflow/.local/lib/python3.7/site-packages/airflow/example_dags/example_dag_decorator.py
[2022-04-13 09:14:07,357] {processor.py:642} INFO - Processing file /home/airflow/.local/lib/python3.7/site-packages/airflow/example_dags/example_dag_decorator.py for tasks to queue
[2022-04-13 09:14:07,358] {logging_mixin.py:109} INFO - [2022-04-13 09:14:07,358] {dagbag.py:500} INFO - Filling up the DagBag from /home/airflow/.local/lib/python3.7/site-packages/airflow/example_dags/example_dag_decorator.py
[2022-04-13 09:14:07,385] {processor.py:652} INFO - DAG(s) dict_keys(['example_dag_decorator']) retrieved from /home/airflow/.local/lib/python3.7/site-packages/airflow/example_dags/example_dag_decorator.py
[2022-04-13 09:14:07,851] {logging_mixin.py:109} INFO - [2022-04-13 09:14:07,851] {dag.py:2398} INFO - Sync 1 DAGs
[2022-04-13 09:14:07,877] {logging_mixin.py:109} INFO - [2022-04-13 09:14:07,877] {dag.py:2937} INFO - Setting next_dagrun for example_dag_decorator to None
[2022-04-13 09:14:07,907] {processor.py:171} INFO - Processing /home/airflow/.local/lib/python3.7/site-packages/airflow/example_dags/example_dag_decorator.py took 0.554 seconds
[2022-04-13 09:14:38,663] {processor.py:163} INFO - Started process (PID=972) to work on /home/airflow/.local/lib/python3.7/site-packages/airflow/example_dags/example_dag_decorator.py
[2022-04-13 09:14:38,667] {processor.py:642} INFO - Processing file /home/airflow/.local/lib/python3.7/site-packages/airflow/example_dags/example_dag_decorator.py for tasks to queue
[2022-04-13 09:14:38,668] {logging_mixin.py:109} INFO - [2022-04-13 09:14:38,668] {dagbag.py:500} INFO - Filling up the DagBag from /home/airflow/.local/lib/python3.7/site-packages/airflow/example_dags/example_dag_decorator.py
[2022-04-13 09:14:38,704] {processor.py:652} INFO - DAG(s) dict_keys(['example_dag_decorator']) retrieved from /home/airflow/.local/lib/python3.7/site-packages/airflow/example_dags/example_dag_decorator.py
[2022-04-13 09:14:39,078] {logging_mixin.py:109} INFO - [2022-04-13 09:14:39,078] {dag.py:2398} INFO - Sync 1 DAGs
[2022-04-13 09:14:39,101] {logging_mixin.py:109} INFO - [2022-04-13 09:14:39,101] {dag.py:2937} INFO - Setting next_dagrun for example_dag_decorator to None
[2022-04-13 09:14:39,120] {processor.py:171} INFO - Processing /home/airflow/.local/lib/python3.7/site-packages/airflow/example_dags/example_dag_decorator.py took 0.461 seconds
[2022-04-13 09:15:09,780] {processor.py:163} INFO - Started process (PID=1029) to work on /home/airflow/.local/lib/python3.7/site-packages/airflow/example_dags/example_dag_decorator.py
[2022-04-13 09:15:09,781] {processor.py:642} INFO - Processing file /home/airflow/.local/lib/python3.7/site-packages/airflow/example_dags/example_dag_decorator.py for tasks to queue
[2022-04-13 09:15:09,782] {logging_mixin.py:109} INFO - [2022-04-13 09:15:09,781] {dagbag.py:500} INFO - Filling up the DagBag from /home/airflow/.local/lib/python3.7/site-packages/airflow/example_dags/example_dag_decorator.py
[2022-04-13 09:15:09,814] {processor.py:652} INFO - DAG(s) dict_keys(['example_dag_decorator']) retrieved from /home/airflow/.local/lib/python3.7/site-packages/airflow/example_dags/example_dag_decorator.py
[2022-04-13 09:15:10,297] {logging_mixin.py:109} INFO - [2022-04-13 09:15:10,297] {dag.py:2398} INFO - Sync 1 DAGs
[2022-04-13 09:15:10,319] {logging_mixin.py:109} INFO - [2022-04-13 09:15:10,319] {dag.py:2937} INFO - Setting next_dagrun for example_dag_decorator to None
[2022-04-13 09:15:10,338] {processor.py:171} INFO - Processing /home/airflow/.local/lib/python3.7/site-packages/airflow/example_dags/example_dag_decorator.py took 0.560 seconds
[2022-04-13 09:15:40,737] {processor.py:163} INFO - Started process (PID=1079) to work on /home/airflow/.local/lib/python3.7/site-packages/airflow/example_dags/example_dag_decorator.py
[2022-04-13 09:15:40,745] {processor.py:642} INFO - Processing file /home/airflow/.local/lib/python3.7/site-packages/airflow/example_dags/example_dag_decorator.py for tasks to queue
[2022-04-13 09:15:40,746] {logging_mixin.py:109} INFO - [2022-04-13 09:15:40,746] {dagbag.py:500} INFO - Filling up the DagBag from /home/airflow/.local/lib/python3.7/site-packages/airflow/example_dags/example_dag_decorator.py
[2022-04-13 09:15:40,775] {processor.py:652} INFO - DAG(s) dict_keys(['example_dag_decorator']) retrieved from /home/airflow/.local/lib/python3.7/site-packages/airflow/example_dags/example_dag_decorator.py
[2022-04-13 09:15:41,227] {logging_mixin.py:109} INFO - [2022-04-13 09:15:41,227] {dag.py:2398} INFO - Sync 1 DAGs
[2022-04-13 09:15:41,249] {logging_mixin.py:109} INFO - [2022-04-13 09:15:41,248] {dag.py:2937} INFO - Setting next_dagrun for example_dag_decorator to None
[2022-04-13 09:15:41,278] {processor.py:171} INFO - Processing /home/airflow/.local/lib/python3.7/site-packages/airflow/example_dags/example_dag_decorator.py took 0.545 seconds
[2022-04-13 09:16:11,870] {processor.py:163} INFO - Started process (PID=1139) to work on /home/airflow/.local/lib/python3.7/site-packages/airflow/example_dags/example_dag_decorator.py
[2022-04-13 09:16:11,877] {processor.py:642} INFO - Processing file /home/airflow/.local/lib/python3.7/site-packages/airflow/example_dags/example_dag_decorator.py for tasks to queue
[2022-04-13 09:16:11,878] {logging_mixin.py:109} INFO - [2022-04-13 09:16:11,878] {dagbag.py:500} INFO - Filling up the DagBag from /home/airflow/.local/lib/python3.7/site-packages/airflow/example_dags/example_dag_decorator.py
[2022-04-13 09:16:11,905] {processor.py:652} INFO - DAG(s) dict_keys(['example_dag_decorator']) retrieved from /home/airflow/.local/lib/python3.7/site-packages/airflow/example_dags/example_dag_decorator.py
[2022-04-13 09:16:12,346] {logging_mixin.py:109} INFO - [2022-04-13 09:16:12,346] {dag.py:2398} INFO - Sync 1 DAGs
[2022-04-13 09:16:12,365] {logging_mixin.py:109} INFO - [2022-04-13 09:16:12,365] {dag.py:2937} INFO - Setting next_dagrun for example_dag_decorator to None
[2022-04-13 09:16:12,389] {processor.py:171} INFO - Processing /home/airflow/.local/lib/python3.7/site-packages/airflow/example_dags/example_dag_decorator.py took 0.522 seconds
[2022-04-13 09:16:42,502] {processor.py:163} INFO - Started process (PID=1191) to work on /home/airflow/.local/lib/python3.7/site-packages/airflow/example_dags/example_dag_decorator.py
[2022-04-13 09:16:42,504] {processor.py:642} INFO - Processing file /home/airflow/.local/lib/python3.7/site-packages/airflow/example_dags/example_dag_decorator.py for tasks to queue
[2022-04-13 09:16:42,505] {logging_mixin.py:109} INFO - [2022-04-13 09:16:42,505] {dagbag.py:500} INFO - Filling up the DagBag from /home/airflow/.local/lib/python3.7/site-packages/airflow/example_dags/example_dag_decorator.py
[2022-04-13 09:16:42,548] {processor.py:652} INFO - DAG(s) dict_keys(['example_dag_decorator']) retrieved from /home/airflow/.local/lib/python3.7/site-packages/airflow/example_dags/example_dag_decorator.py
[2022-04-13 09:16:42,988] {logging_mixin.py:109} INFO - [2022-04-13 09:16:42,988] {dag.py:2398} INFO - Sync 1 DAGs
[2022-04-13 09:16:43,010] {logging_mixin.py:109} INFO - [2022-04-13 09:16:43,010] {dag.py:2937} INFO - Setting next_dagrun for example_dag_decorator to None
[2022-04-13 09:16:43,039] {processor.py:171} INFO - Processing /home/airflow/.local/lib/python3.7/site-packages/airflow/example_dags/example_dag_decorator.py took 0.543 seconds
[2022-04-13 09:17:13,697] {processor.py:163} INFO - Started process (PID=1242) to work on /home/airflow/.local/lib/python3.7/site-packages/airflow/example_dags/example_dag_decorator.py
[2022-04-13 09:17:13,705] {processor.py:642} INFO - Processing file /home/airflow/.local/lib/python3.7/site-packages/airflow/example_dags/example_dag_decorator.py for tasks to queue
[2022-04-13 09:17:13,706] {logging_mixin.py:109} INFO - [2022-04-13 09:17:13,706] {dagbag.py:500} INFO - Filling up the DagBag from /home/airflow/.local/lib/python3.7/site-packages/airflow/example_dags/example_dag_decorator.py
[2022-04-13 09:17:13,737] {processor.py:652} INFO - DAG(s) dict_keys(['example_dag_decorator']) retrieved from /home/airflow/.local/lib/python3.7/site-packages/airflow/example_dags/example_dag_decorator.py
[2022-04-13 09:17:14,235] {logging_mixin.py:109} INFO - [2022-04-13 09:17:14,234] {dag.py:2398} INFO - Sync 1 DAGs
[2022-04-13 09:17:14,263] {logging_mixin.py:109} INFO - [2022-04-13 09:17:14,263] {dag.py:2937} INFO - Setting next_dagrun for example_dag_decorator to None
[2022-04-13 09:17:14,281] {processor.py:171} INFO - Processing /home/airflow/.local/lib/python3.7/site-packages/airflow/example_dags/example_dag_decorator.py took 0.586 seconds
[2022-04-13 09:17:45,102] {processor.py:163} INFO - Started process (PID=1303) to work on /home/airflow/.local/lib/python3.7/site-packages/airflow/example_dags/example_dag_decorator.py
[2022-04-13 09:17:45,103] {processor.py:642} INFO - Processing file /home/airflow/.local/lib/python3.7/site-packages/airflow/example_dags/example_dag_decorator.py for tasks to queue
[2022-04-13 09:17:45,103] {logging_mixin.py:109} INFO - [2022-04-13 09:17:45,103] {dagbag.py:500} INFO - Filling up the DagBag from /home/airflow/.local/lib/python3.7/site-packages/airflow/example_dags/example_dag_decorator.py
[2022-04-13 09:17:45,125] {processor.py:652} INFO - DAG(s) dict_keys(['example_dag_decorator']) retrieved from /home/airflow/.local/lib/python3.7/site-packages/airflow/example_dags/example_dag_decorator.py
[2022-04-13 09:17:45,477] {logging_mixin.py:109} INFO - [2022-04-13 09:17:45,477] {dag.py:2398} INFO - Sync 1 DAGs
[2022-04-13 09:17:45,496] {logging_mixin.py:109} INFO - [2022-04-13 09:17:45,496] {dag.py:2937} INFO - Setting next_dagrun for example_dag_decorator to None
[2022-04-13 09:17:45,514] {processor.py:171} INFO - Processing /home/airflow/.local/lib/python3.7/site-packages/airflow/example_dags/example_dag_decorator.py took 0.414 seconds
[2022-04-13 09:18:15,818] {processor.py:163} INFO - Started process (PID=1353) to work on /home/airflow/.local/lib/python3.7/site-packages/airflow/example_dags/example_dag_decorator.py
[2022-04-13 09:18:15,822] {processor.py:642} INFO - Processing file /home/airflow/.local/lib/python3.7/site-packages/airflow/example_dags/example_dag_decorator.py for tasks to queue
[2022-04-13 09:18:15,822] {logging_mixin.py:109} INFO - [2022-04-13 09:18:15,822] {dagbag.py:500} INFO - Filling up the DagBag from /home/airflow/.local/lib/python3.7/site-packages/airflow/example_dags/example_dag_decorator.py
[2022-04-13 09:18:15,858] {processor.py:652} INFO - DAG(s) dict_keys(['example_dag_decorator']) retrieved from /home/airflow/.local/lib/python3.7/site-packages/airflow/example_dags/example_dag_decorator.py
[2022-04-13 09:18:16,343] {logging_mixin.py:109} INFO - [2022-04-13 09:18:16,343] {dag.py:2398} INFO - Sync 1 DAGs
[2022-04-13 09:18:16,368] {logging_mixin.py:109} INFO - [2022-04-13 09:18:16,368] {dag.py:2937} INFO - Setting next_dagrun for example_dag_decorator to None
[2022-04-13 09:18:16,395] {processor.py:171} INFO - Processing /home/airflow/.local/lib/python3.7/site-packages/airflow/example_dags/example_dag_decorator.py took 0.580 seconds
[2022-04-13 09:18:47,220] {processor.py:163} INFO - Started process (PID=1404) to work on /home/airflow/.local/lib/python3.7/site-packages/airflow/example_dags/example_dag_decorator.py
[2022-04-13 09:18:47,223] {processor.py:642} INFO - Processing file /home/airflow/.local/lib/python3.7/site-packages/airflow/example_dags/example_dag_decorator.py for tasks to queue
[2022-04-13 09:18:47,223] {logging_mixin.py:109} INFO - [2022-04-13 09:18:47,223] {dagbag.py:500} INFO - Filling up the DagBag from /home/airflow/.local/lib/python3.7/site-packages/airflow/example_dags/example_dag_decorator.py
[2022-04-13 09:18:47,255] {processor.py:652} INFO - DAG(s) dict_keys(['example_dag_decorator']) retrieved from /home/airflow/.local/lib/python3.7/site-packages/airflow/example_dags/example_dag_decorator.py
[2022-04-13 09:18:47,836] {logging_mixin.py:109} INFO - [2022-04-13 09:18:47,836] {dag.py:2398} INFO - Sync 1 DAGs
[2022-04-13 09:18:47,874] {logging_mixin.py:109} INFO - [2022-04-13 09:18:47,874] {dag.py:2937} INFO - Setting next_dagrun for example_dag_decorator to None
[2022-04-13 09:18:47,901] {processor.py:171} INFO - Processing /home/airflow/.local/lib/python3.7/site-packages/airflow/example_dags/example_dag_decorator.py took 0.687 seconds
[2022-04-13 09:19:18,648] {processor.py:163} INFO - Started process (PID=1465) to work on /home/airflow/.local/lib/python3.7/site-packages/airflow/example_dags/example_dag_decorator.py
[2022-04-13 09:19:18,651] {processor.py:642} INFO - Processing file /home/airflow/.local/lib/python3.7/site-packages/airflow/example_dags/example_dag_decorator.py for tasks to queue
[2022-04-13 09:19:18,652] {logging_mixin.py:109} INFO - [2022-04-13 09:19:18,651] {dagbag.py:500} INFO - Filling up the DagBag from /home/airflow/.local/lib/python3.7/site-packages/airflow/example_dags/example_dag_decorator.py
[2022-04-13 09:19:18,686] {processor.py:652} INFO - DAG(s) dict_keys(['example_dag_decorator']) retrieved from /home/airflow/.local/lib/python3.7/site-packages/airflow/example_dags/example_dag_decorator.py
[2022-04-13 09:19:19,154] {logging_mixin.py:109} INFO - [2022-04-13 09:19:19,154] {dag.py:2398} INFO - Sync 1 DAGs
[2022-04-13 09:19:19,181] {logging_mixin.py:109} INFO - [2022-04-13 09:19:19,181] {dag.py:2937} INFO - Setting next_dagrun for example_dag_decorator to None
[2022-04-13 09:19:19,212] {processor.py:171} INFO - Processing /home/airflow/.local/lib/python3.7/site-packages/airflow/example_dags/example_dag_decorator.py took 0.568 seconds
[2022-04-13 09:19:49,294] {processor.py:163} INFO - Started process (PID=1516) to work on /home/airflow/.local/lib/python3.7/site-packages/airflow/example_dags/example_dag_decorator.py
[2022-04-13 09:19:49,295] {processor.py:642} INFO - Processing file /home/airflow/.local/lib/python3.7/site-packages/airflow/example_dags/example_dag_decorator.py for tasks to queue
[2022-04-13 09:19:49,296] {logging_mixin.py:109} INFO - [2022-04-13 09:19:49,296] {dagbag.py:500} INFO - Filling up the DagBag from /home/airflow/.local/lib/python3.7/site-packages/airflow/example_dags/example_dag_decorator.py
[2022-04-13 09:19:49,319] {processor.py:652} INFO - DAG(s) dict_keys(['example_dag_decorator']) retrieved from /home/airflow/.local/lib/python3.7/site-packages/airflow/example_dags/example_dag_decorator.py
[2022-04-13 09:19:49,773] {logging_mixin.py:109} INFO - [2022-04-13 09:19:49,773] {dag.py:2398} INFO - Sync 1 DAGs
[2022-04-13 09:19:49,800] {logging_mixin.py:109} INFO - [2022-04-13 09:19:49,800] {dag.py:2937} INFO - Setting next_dagrun for example_dag_decorator to None
[2022-04-13 09:19:49,825] {processor.py:171} INFO - Processing /home/airflow/.local/lib/python3.7/site-packages/airflow/example_dags/example_dag_decorator.py took 0.533 seconds
[2022-04-13 09:20:20,453] {processor.py:163} INFO - Started process (PID=1575) to work on /home/airflow/.local/lib/python3.7/site-packages/airflow/example_dags/example_dag_decorator.py
[2022-04-13 09:20:20,455] {processor.py:642} INFO - Processing file /home/airflow/.local/lib/python3.7/site-packages/airflow/example_dags/example_dag_decorator.py for tasks to queue
[2022-04-13 09:20:20,456] {logging_mixin.py:109} INFO - [2022-04-13 09:20:20,456] {dagbag.py:500} INFO - Filling up the DagBag from /home/airflow/.local/lib/python3.7/site-packages/airflow/example_dags/example_dag_decorator.py
[2022-04-13 09:20:20,492] {processor.py:652} INFO - DAG(s) dict_keys(['example_dag_decorator']) retrieved from /home/airflow/.local/lib/python3.7/site-packages/airflow/example_dags/example_dag_decorator.py
[2022-04-13 09:20:21,032] {logging_mixin.py:109} INFO - [2022-04-13 09:20:21,031] {dag.py:2398} INFO - Sync 1 DAGs
[2022-04-13 09:20:21,055] {logging_mixin.py:109} INFO - [2022-04-13 09:20:21,055] {dag.py:2937} INFO - Setting next_dagrun for example_dag_decorator to None
[2022-04-13 09:20:21,081] {processor.py:171} INFO - Processing /home/airflow/.local/lib/python3.7/site-packages/airflow/example_dags/example_dag_decorator.py took 0.632 seconds
[2022-04-13 09:20:51,715] {processor.py:163} INFO - Started process (PID=1629) to work on /home/airflow/.local/lib/python3.7/site-packages/airflow/example_dags/example_dag_decorator.py
[2022-04-13 09:20:51,716] {processor.py:642} INFO - Processing file /home/airflow/.local/lib/python3.7/site-packages/airflow/example_dags/example_dag_decorator.py for tasks to queue
[2022-04-13 09:20:51,717] {logging_mixin.py:109} INFO - [2022-04-13 09:20:51,717] {dagbag.py:500} INFO - Filling up the DagBag from /home/airflow/.local/lib/python3.7/site-packages/airflow/example_dags/example_dag_decorator.py
[2022-04-13 09:20:51,754] {processor.py:652} INFO - DAG(s) dict_keys(['example_dag_decorator']) retrieved from /home/airflow/.local/lib/python3.7/site-packages/airflow/example_dags/example_dag_decorator.py
[2022-04-13 09:20:52,171] {logging_mixin.py:109} INFO - [2022-04-13 09:20:52,171] {dag.py:2398} INFO - Sync 1 DAGs
[2022-04-13 09:20:52,190] {logging_mixin.py:109} INFO - [2022-04-13 09:20:52,190] {dag.py:2937} INFO - Setting next_dagrun for example_dag_decorator to None
[2022-04-13 09:20:52,220] {processor.py:171} INFO - Processing /home/airflow/.local/lib/python3.7/site-packages/airflow/example_dags/example_dag_decorator.py took 0.509 seconds
[2022-04-13 09:21:22,864] {processor.py:163} INFO - Started process (PID=1680) to work on /home/airflow/.local/lib/python3.7/site-packages/airflow/example_dags/example_dag_decorator.py
[2022-04-13 09:21:22,867] {processor.py:642} INFO - Processing file /home/airflow/.local/lib/python3.7/site-packages/airflow/example_dags/example_dag_decorator.py for tasks to queue
[2022-04-13 09:21:22,867] {logging_mixin.py:109} INFO - [2022-04-13 09:21:22,867] {dagbag.py:500} INFO - Filling up the DagBag from /home/airflow/.local/lib/python3.7/site-packages/airflow/example_dags/example_dag_decorator.py
[2022-04-13 09:21:22,908] {processor.py:652} INFO - DAG(s) dict_keys(['example_dag_decorator']) retrieved from /home/airflow/.local/lib/python3.7/site-packages/airflow/example_dags/example_dag_decorator.py
[2022-04-13 09:21:23,325] {logging_mixin.py:109} INFO - [2022-04-13 09:21:23,325] {dag.py:2398} INFO - Sync 1 DAGs
[2022-04-13 09:21:23,352] {logging_mixin.py:109} INFO - [2022-04-13 09:21:23,352] {dag.py:2937} INFO - Setting next_dagrun for example_dag_decorator to None
[2022-04-13 09:21:23,378] {processor.py:171} INFO - Processing /home/airflow/.local/lib/python3.7/site-packages/airflow/example_dags/example_dag_decorator.py took 0.519 seconds
[2022-04-13 09:21:53,929] {processor.py:163} INFO - Started process (PID=1740) to work on /home/airflow/.local/lib/python3.7/site-packages/airflow/example_dags/example_dag_decorator.py
[2022-04-13 09:21:53,932] {processor.py:642} INFO - Processing file /home/airflow/.local/lib/python3.7/site-packages/airflow/example_dags/example_dag_decorator.py for tasks to queue
[2022-04-13 09:21:53,934] {logging_mixin.py:109} INFO - [2022-04-13 09:21:53,933] {dagbag.py:500} INFO - Filling up the DagBag from /home/airflow/.local/lib/python3.7/site-packages/airflow/example_dags/example_dag_decorator.py
[2022-04-13 09:21:53,979] {processor.py:652} INFO - DAG(s) dict_keys(['example_dag_decorator']) retrieved from /home/airflow/.local/lib/python3.7/site-packages/airflow/example_dags/example_dag_decorator.py
[2022-04-13 09:21:54,513] {logging_mixin.py:109} INFO - [2022-04-13 09:21:54,513] {dag.py:2398} INFO - Sync 1 DAGs
[2022-04-13 09:21:54,535] {logging_mixin.py:109} INFO - [2022-04-13 09:21:54,535] {dag.py:2937} INFO - Setting next_dagrun for example_dag_decorator to None
[2022-04-13 09:21:54,556] {processor.py:171} INFO - Processing /home/airflow/.local/lib/python3.7/site-packages/airflow/example_dags/example_dag_decorator.py took 0.630 seconds
[2022-04-13 09:22:25,322] {processor.py:163} INFO - Started process (PID=1792) to work on /home/airflow/.local/lib/python3.7/site-packages/airflow/example_dags/example_dag_decorator.py
[2022-04-13 09:22:25,324] {processor.py:642} INFO - Processing file /home/airflow/.local/lib/python3.7/site-packages/airflow/example_dags/example_dag_decorator.py for tasks to queue
[2022-04-13 09:22:25,325] {logging_mixin.py:109} INFO - [2022-04-13 09:22:25,325] {dagbag.py:500} INFO - Filling up the DagBag from /home/airflow/.local/lib/python3.7/site-packages/airflow/example_dags/example_dag_decorator.py
[2022-04-13 09:22:25,367] {processor.py:652} INFO - DAG(s) dict_keys(['example_dag_decorator']) retrieved from /home/airflow/.local/lib/python3.7/site-packages/airflow/example_dags/example_dag_decorator.py
[2022-04-13 09:22:25,825] {logging_mixin.py:109} INFO - [2022-04-13 09:22:25,825] {dag.py:2398} INFO - Sync 1 DAGs
[2022-04-13 09:22:25,845] {logging_mixin.py:109} INFO - [2022-04-13 09:22:25,845] {dag.py:2937} INFO - Setting next_dagrun for example_dag_decorator to None
[2022-04-13 09:22:25,865] {processor.py:171} INFO - Processing /home/airflow/.local/lib/python3.7/site-packages/airflow/example_dags/example_dag_decorator.py took 0.548 seconds
[2022-04-13 09:22:56,637] {processor.py:163} INFO - Started process (PID=1844) to work on /home/airflow/.local/lib/python3.7/site-packages/airflow/example_dags/example_dag_decorator.py
[2022-04-13 09:22:56,640] {processor.py:642} INFO - Processing file /home/airflow/.local/lib/python3.7/site-packages/airflow/example_dags/example_dag_decorator.py for tasks to queue
[2022-04-13 09:22:56,641] {logging_mixin.py:109} INFO - [2022-04-13 09:22:56,641] {dagbag.py:500} INFO - Filling up the DagBag from /home/airflow/.local/lib/python3.7/site-packages/airflow/example_dags/example_dag_decorator.py
[2022-04-13 09:22:56,673] {processor.py:652} INFO - DAG(s) dict_keys(['example_dag_decorator']) retrieved from /home/airflow/.local/lib/python3.7/site-packages/airflow/example_dags/example_dag_decorator.py
[2022-04-13 09:22:57,259] {logging_mixin.py:109} INFO - [2022-04-13 09:22:57,259] {dag.py:2398} INFO - Sync 1 DAGs
[2022-04-13 09:22:57,287] {logging_mixin.py:109} INFO - [2022-04-13 09:22:57,287] {dag.py:2937} INFO - Setting next_dagrun for example_dag_decorator to None
[2022-04-13 09:22:57,306] {processor.py:171} INFO - Processing /home/airflow/.local/lib/python3.7/site-packages/airflow/example_dags/example_dag_decorator.py took 0.677 seconds
[2022-04-13 09:23:28,011] {processor.py:163} INFO - Started process (PID=1906) to work on /home/airflow/.local/lib/python3.7/site-packages/airflow/example_dags/example_dag_decorator.py
[2022-04-13 09:23:28,011] {processor.py:642} INFO - Processing file /home/airflow/.local/lib/python3.7/site-packages/airflow/example_dags/example_dag_decorator.py for tasks to queue
[2022-04-13 09:23:28,012] {logging_mixin.py:109} INFO - [2022-04-13 09:23:28,012] {dagbag.py:500} INFO - Filling up the DagBag from /home/airflow/.local/lib/python3.7/site-packages/airflow/example_dags/example_dag_decorator.py
[2022-04-13 09:23:28,034] {processor.py:652} INFO - DAG(s) dict_keys(['example_dag_decorator']) retrieved from /home/airflow/.local/lib/python3.7/site-packages/airflow/example_dags/example_dag_decorator.py
[2022-04-13 09:23:28,501] {logging_mixin.py:109} INFO - [2022-04-13 09:23:28,501] {dag.py:2398} INFO - Sync 1 DAGs
[2022-04-13 09:23:28,525] {logging_mixin.py:109} INFO - [2022-04-13 09:23:28,525] {dag.py:2937} INFO - Setting next_dagrun for example_dag_decorator to None
[2022-04-13 09:23:28,544] {processor.py:171} INFO - Processing /home/airflow/.local/lib/python3.7/site-packages/airflow/example_dags/example_dag_decorator.py took 0.536 seconds
[2022-04-13 09:23:58,660] {processor.py:163} INFO - Started process (PID=1956) to work on /home/airflow/.local/lib/python3.7/site-packages/airflow/example_dags/example_dag_decorator.py
[2022-04-13 09:23:58,663] {processor.py:642} INFO - Processing file /home/airflow/.local/lib/python3.7/site-packages/airflow/example_dags/example_dag_decorator.py for tasks to queue
[2022-04-13 09:23:58,664] {logging_mixin.py:109} INFO - [2022-04-13 09:23:58,664] {dagbag.py:500} INFO - Filling up the DagBag from /home/airflow/.local/lib/python3.7/site-packages/airflow/example_dags/example_dag_decorator.py
[2022-04-13 09:23:58,694] {processor.py:652} INFO - DAG(s) dict_keys(['example_dag_decorator']) retrieved from /home/airflow/.local/lib/python3.7/site-packages/airflow/example_dags/example_dag_decorator.py
[2022-04-13 09:23:59,114] {logging_mixin.py:109} INFO - [2022-04-13 09:23:59,114] {dag.py:2398} INFO - Sync 1 DAGs
[2022-04-13 09:23:59,141] {logging_mixin.py:109} INFO - [2022-04-13 09:23:59,140] {dag.py:2937} INFO - Setting next_dagrun for example_dag_decorator to None
[2022-04-13 09:23:59,167] {processor.py:171} INFO - Processing /home/airflow/.local/lib/python3.7/site-packages/airflow/example_dags/example_dag_decorator.py took 0.511 seconds
[2022-04-13 09:24:29,941] {processor.py:163} INFO - Started process (PID=2007) to work on /home/airflow/.local/lib/python3.7/site-packages/airflow/example_dags/example_dag_decorator.py
[2022-04-13 09:24:29,945] {processor.py:642} INFO - Processing file /home/airflow/.local/lib/python3.7/site-packages/airflow/example_dags/example_dag_decorator.py for tasks to queue
[2022-04-13 09:24:29,946] {logging_mixin.py:109} INFO - [2022-04-13 09:24:29,946] {dagbag.py:500} INFO - Filling up the DagBag from /home/airflow/.local/lib/python3.7/site-packages/airflow/example_dags/example_dag_decorator.py
[2022-04-13 09:24:29,982] {processor.py:652} INFO - DAG(s) dict_keys(['example_dag_decorator']) retrieved from /home/airflow/.local/lib/python3.7/site-packages/airflow/example_dags/example_dag_decorator.py
[2022-04-13 09:24:30,430] {logging_mixin.py:109} INFO - [2022-04-13 09:24:30,430] {dag.py:2398} INFO - Sync 1 DAGs
[2022-04-13 09:24:30,451] {logging_mixin.py:109} INFO - [2022-04-13 09:24:30,450] {dag.py:2937} INFO - Setting next_dagrun for example_dag_decorator to None
[2022-04-13 09:24:30,478] {processor.py:171} INFO - Processing /home/airflow/.local/lib/python3.7/site-packages/airflow/example_dags/example_dag_decorator.py took 0.550 seconds
[2022-04-13 09:25:01,350] {processor.py:163} INFO - Started process (PID=2069) to work on /home/airflow/.local/lib/python3.7/site-packages/airflow/example_dags/example_dag_decorator.py
[2022-04-13 09:25:01,353] {processor.py:642} INFO - Processing file /home/airflow/.local/lib/python3.7/site-packages/airflow/example_dags/example_dag_decorator.py for tasks to queue
[2022-04-13 09:25:01,355] {logging_mixin.py:109} INFO - [2022-04-13 09:25:01,355] {dagbag.py:500} INFO - Filling up the DagBag from /home/airflow/.local/lib/python3.7/site-packages/airflow/example_dags/example_dag_decorator.py
[2022-04-13 09:25:01,401] {processor.py:652} INFO - DAG(s) dict_keys(['example_dag_decorator']) retrieved from /home/airflow/.local/lib/python3.7/site-packages/airflow/example_dags/example_dag_decorator.py
[2022-04-13 09:25:01,897] {logging_mixin.py:109} INFO - [2022-04-13 09:25:01,897] {dag.py:2398} INFO - Sync 1 DAGs
[2022-04-13 09:25:01,921] {logging_mixin.py:109} INFO - [2022-04-13 09:25:01,921] {dag.py:2937} INFO - Setting next_dagrun for example_dag_decorator to None
[2022-04-13 09:25:01,947] {processor.py:171} INFO - Processing /home/airflow/.local/lib/python3.7/site-packages/airflow/example_dags/example_dag_decorator.py took 0.607 seconds
[2022-04-13 09:25:32,118] {processor.py:163} INFO - Started process (PID=2119) to work on /home/airflow/.local/lib/python3.7/site-packages/airflow/example_dags/example_dag_decorator.py
[2022-04-13 09:25:32,119] {processor.py:642} INFO - Processing file /home/airflow/.local/lib/python3.7/site-packages/airflow/example_dags/example_dag_decorator.py for tasks to queue
[2022-04-13 09:25:32,120] {logging_mixin.py:109} INFO - [2022-04-13 09:25:32,120] {dagbag.py:500} INFO - Filling up the DagBag from /home/airflow/.local/lib/python3.7/site-packages/airflow/example_dags/example_dag_decorator.py
[2022-04-13 09:25:32,154] {processor.py:652} INFO - DAG(s) dict_keys(['example_dag_decorator']) retrieved from /home/airflow/.local/lib/python3.7/site-packages/airflow/example_dags/example_dag_decorator.py
[2022-04-13 09:25:32,179] {logging_mixin.py:109} INFO - [2022-04-13 09:25:32,179] {dag.py:2398} INFO - Sync 1 DAGs
[2022-04-13 09:25:32,199] {logging_mixin.py:109} INFO - [2022-04-13 09:25:32,199] {dag.py:2937} INFO - Setting next_dagrun for example_dag_decorator to None
[2022-04-13 09:25:32,214] {processor.py:171} INFO - Processing /home/airflow/.local/lib/python3.7/site-packages/airflow/example_dags/example_dag_decorator.py took 0.100 seconds
[2022-04-13 09:26:03,041] {processor.py:163} INFO - Started process (PID=2170) to work on /home/airflow/.local/lib/python3.7/site-packages/airflow/example_dags/example_dag_decorator.py
[2022-04-13 09:26:03,046] {processor.py:642} INFO - Processing file /home/airflow/.local/lib/python3.7/site-packages/airflow/example_dags/example_dag_decorator.py for tasks to queue
[2022-04-13 09:26:03,048] {logging_mixin.py:109} INFO - [2022-04-13 09:26:03,048] {dagbag.py:500} INFO - Filling up the DagBag from /home/airflow/.local/lib/python3.7/site-packages/airflow/example_dags/example_dag_decorator.py
[2022-04-13 09:26:03,084] {processor.py:652} INFO - DAG(s) dict_keys(['example_dag_decorator']) retrieved from /home/airflow/.local/lib/python3.7/site-packages/airflow/example_dags/example_dag_decorator.py
[2022-04-13 09:26:03,523] {logging_mixin.py:109} INFO - [2022-04-13 09:26:03,523] {dag.py:2398} INFO - Sync 1 DAGs
[2022-04-13 09:26:03,540] {logging_mixin.py:109} INFO - [2022-04-13 09:26:03,540] {dag.py:2937} INFO - Setting next_dagrun for example_dag_decorator to None
[2022-04-13 09:26:03,555] {processor.py:171} INFO - Processing /home/airflow/.local/lib/python3.7/site-packages/airflow/example_dags/example_dag_decorator.py took 0.517 seconds
