[2022-04-13 08:46:29,598] {processor.py:163} INFO - Started process (PID=190) to work on /home/airflow/.local/lib/python3.7/site-packages/airflow/example_dags/tutorial.py
[2022-04-13 08:46:29,599] {processor.py:642} INFO - Processing file /home/airflow/.local/lib/python3.7/site-packages/airflow/example_dags/tutorial.py for tasks to queue
[2022-04-13 08:46:29,600] {logging_mixin.py:109} INFO - [2022-04-13 08:46:29,600] {dagbag.py:500} INFO - Filling up the DagBag from /home/airflow/.local/lib/python3.7/site-packages/airflow/example_dags/tutorial.py
[2022-04-13 08:46:29,627] {processor.py:652} INFO - DAG(s) dict_keys(['tutorial']) retrieved from /home/airflow/.local/lib/python3.7/site-packages/airflow/example_dags/tutorial.py
[2022-04-13 08:46:31,800] {logging_mixin.py:109} INFO - [2022-04-13 08:46:31,800] {manager.py:496} INFO - Created Permission View: can read on DAG:tutorial
[2022-04-13 08:46:31,812] {logging_mixin.py:109} INFO - [2022-04-13 08:46:31,812] {manager.py:496} INFO - Created Permission View: can edit on DAG:tutorial
[2022-04-13 08:46:31,813] {logging_mixin.py:109} INFO - [2022-04-13 08:46:31,813] {dag.py:2398} INFO - Sync 1 DAGs
[2022-04-13 08:46:31,821] {logging_mixin.py:109} INFO - [2022-04-13 08:46:31,821] {dag.py:2417} INFO - Creating ORM DAG for tutorial
[2022-04-13 08:46:31,830] {logging_mixin.py:109} INFO - [2022-04-13 08:46:31,830] {dag.py:2937} INFO - Setting next_dagrun for tutorial to 2022-04-12T08:46:31.830288+00:00
[2022-04-13 08:46:31,847] {processor.py:171} INFO - Processing /home/airflow/.local/lib/python3.7/site-packages/airflow/example_dags/tutorial.py took 2.253 seconds
[2022-04-13 08:47:02,026] {processor.py:163} INFO - Started process (PID=471) to work on /home/airflow/.local/lib/python3.7/site-packages/airflow/example_dags/tutorial.py
[2022-04-13 08:47:02,026] {processor.py:642} INFO - Processing file /home/airflow/.local/lib/python3.7/site-packages/airflow/example_dags/tutorial.py for tasks to queue
[2022-04-13 08:47:02,027] {logging_mixin.py:109} INFO - [2022-04-13 08:47:02,027] {dagbag.py:500} INFO - Filling up the DagBag from /home/airflow/.local/lib/python3.7/site-packages/airflow/example_dags/tutorial.py
[2022-04-13 08:47:02,048] {processor.py:652} INFO - DAG(s) dict_keys(['tutorial']) retrieved from /home/airflow/.local/lib/python3.7/site-packages/airflow/example_dags/tutorial.py
[2022-04-13 08:47:02,068] {logging_mixin.py:109} INFO - [2022-04-13 08:47:02,068] {dag.py:2398} INFO - Sync 1 DAGs
[2022-04-13 08:47:02,087] {logging_mixin.py:109} INFO - [2022-04-13 08:47:02,087] {dag.py:2937} INFO - Setting next_dagrun for tutorial to 2022-04-12T08:47:02.087140+00:00
[2022-04-13 08:47:02,103] {processor.py:171} INFO - Processing /home/airflow/.local/lib/python3.7/site-packages/airflow/example_dags/tutorial.py took 0.079 seconds
[2022-04-13 08:47:32,153] {processor.py:163} INFO - Started process (PID=532) to work on /home/airflow/.local/lib/python3.7/site-packages/airflow/example_dags/tutorial.py
[2022-04-13 08:47:32,154] {processor.py:642} INFO - Processing file /home/airflow/.local/lib/python3.7/site-packages/airflow/example_dags/tutorial.py for tasks to queue
[2022-04-13 08:47:32,155] {logging_mixin.py:109} INFO - [2022-04-13 08:47:32,155] {dagbag.py:500} INFO - Filling up the DagBag from /home/airflow/.local/lib/python3.7/site-packages/airflow/example_dags/tutorial.py
[2022-04-13 08:47:32,178] {processor.py:652} INFO - DAG(s) dict_keys(['tutorial']) retrieved from /home/airflow/.local/lib/python3.7/site-packages/airflow/example_dags/tutorial.py
[2022-04-13 08:47:32,202] {logging_mixin.py:109} INFO - [2022-04-13 08:47:32,202] {dag.py:2398} INFO - Sync 1 DAGs
[2022-04-13 08:47:32,222] {logging_mixin.py:109} INFO - [2022-04-13 08:47:32,222] {dag.py:2937} INFO - Setting next_dagrun for tutorial to 2022-04-12T08:47:32.222278+00:00
[2022-04-13 08:47:32,238] {processor.py:171} INFO - Processing /home/airflow/.local/lib/python3.7/site-packages/airflow/example_dags/tutorial.py took 0.089 seconds
[2022-04-13 08:48:02,408] {processor.py:163} INFO - Started process (PID=581) to work on /home/airflow/.local/lib/python3.7/site-packages/airflow/example_dags/tutorial.py
[2022-04-13 08:48:02,409] {processor.py:642} INFO - Processing file /home/airflow/.local/lib/python3.7/site-packages/airflow/example_dags/tutorial.py for tasks to queue
[2022-04-13 08:48:02,409] {logging_mixin.py:109} INFO - [2022-04-13 08:48:02,409] {dagbag.py:500} INFO - Filling up the DagBag from /home/airflow/.local/lib/python3.7/site-packages/airflow/example_dags/tutorial.py
[2022-04-13 08:48:02,425] {processor.py:652} INFO - DAG(s) dict_keys(['tutorial']) retrieved from /home/airflow/.local/lib/python3.7/site-packages/airflow/example_dags/tutorial.py
[2022-04-13 08:48:02,448] {logging_mixin.py:109} INFO - [2022-04-13 08:48:02,448] {dag.py:2398} INFO - Sync 1 DAGs
[2022-04-13 08:48:02,466] {logging_mixin.py:109} INFO - [2022-04-13 08:48:02,465] {dag.py:2937} INFO - Setting next_dagrun for tutorial to 2022-04-12T08:48:02.465735+00:00
[2022-04-13 08:48:02,486] {processor.py:171} INFO - Processing /home/airflow/.local/lib/python3.7/site-packages/airflow/example_dags/tutorial.py took 0.080 seconds
[2022-04-13 08:48:32,795] {processor.py:163} INFO - Started process (PID=632) to work on /home/airflow/.local/lib/python3.7/site-packages/airflow/example_dags/tutorial.py
[2022-04-13 08:48:32,797] {processor.py:642} INFO - Processing file /home/airflow/.local/lib/python3.7/site-packages/airflow/example_dags/tutorial.py for tasks to queue
[2022-04-13 08:48:32,798] {logging_mixin.py:109} INFO - [2022-04-13 08:48:32,798] {dagbag.py:500} INFO - Filling up the DagBag from /home/airflow/.local/lib/python3.7/site-packages/airflow/example_dags/tutorial.py
[2022-04-13 08:48:32,818] {processor.py:652} INFO - DAG(s) dict_keys(['tutorial']) retrieved from /home/airflow/.local/lib/python3.7/site-packages/airflow/example_dags/tutorial.py
[2022-04-13 08:48:32,840] {logging_mixin.py:109} INFO - [2022-04-13 08:48:32,840] {dag.py:2398} INFO - Sync 1 DAGs
[2022-04-13 08:48:32,859] {logging_mixin.py:109} INFO - [2022-04-13 08:48:32,859] {dag.py:2937} INFO - Setting next_dagrun for tutorial to 2022-04-12T08:48:32.859123+00:00
[2022-04-13 08:48:32,874] {processor.py:171} INFO - Processing /home/airflow/.local/lib/python3.7/site-packages/airflow/example_dags/tutorial.py took 0.082 seconds
[2022-04-13 08:52:09,320] {processor.py:163} INFO - Started process (PID=48) to work on /home/airflow/.local/lib/python3.7/site-packages/airflow/example_dags/tutorial.py
[2022-04-13 08:52:09,324] {processor.py:642} INFO - Processing file /home/airflow/.local/lib/python3.7/site-packages/airflow/example_dags/tutorial.py for tasks to queue
[2022-04-13 08:52:09,326] {logging_mixin.py:109} INFO - [2022-04-13 08:52:09,326] {dagbag.py:500} INFO - Filling up the DagBag from /home/airflow/.local/lib/python3.7/site-packages/airflow/example_dags/tutorial.py
[2022-04-13 08:52:09,354] {processor.py:652} INFO - DAG(s) dict_keys(['tutorial']) retrieved from /home/airflow/.local/lib/python3.7/site-packages/airflow/example_dags/tutorial.py
[2022-04-13 08:52:09,430] {logging_mixin.py:109} INFO - [2022-04-13 08:52:09,430] {dag.py:2398} INFO - Sync 1 DAGs
[2022-04-13 08:52:09,464] {logging_mixin.py:109} INFO - [2022-04-13 08:52:09,463] {dag.py:2937} INFO - Setting next_dagrun for tutorial to 2022-04-12T08:52:09.463575+00:00
[2022-04-13 08:52:09,485] {processor.py:171} INFO - Processing /home/airflow/.local/lib/python3.7/site-packages/airflow/example_dags/tutorial.py took 0.178 seconds
[2022-04-13 08:54:26,818] {processor.py:163} INFO - Started process (PID=52) to work on /home/airflow/.local/lib/python3.7/site-packages/airflow/example_dags/tutorial.py
[2022-04-13 08:54:26,822] {processor.py:642} INFO - Processing file /home/airflow/.local/lib/python3.7/site-packages/airflow/example_dags/tutorial.py for tasks to queue
[2022-04-13 08:54:26,823] {logging_mixin.py:109} INFO - [2022-04-13 08:54:26,823] {dagbag.py:500} INFO - Filling up the DagBag from /home/airflow/.local/lib/python3.7/site-packages/airflow/example_dags/tutorial.py
[2022-04-13 08:54:26,852] {processor.py:652} INFO - DAG(s) dict_keys(['tutorial']) retrieved from /home/airflow/.local/lib/python3.7/site-packages/airflow/example_dags/tutorial.py
[2022-04-13 08:54:26,879] {logging_mixin.py:109} INFO - [2022-04-13 08:54:26,879] {dag.py:2398} INFO - Sync 1 DAGs
[2022-04-13 08:54:26,902] {logging_mixin.py:109} INFO - [2022-04-13 08:54:26,902] {dag.py:2937} INFO - Setting next_dagrun for tutorial to 2022-04-12T08:54:26.901673+00:00
[2022-04-13 08:54:26,926] {processor.py:171} INFO - Processing /home/airflow/.local/lib/python3.7/site-packages/airflow/example_dags/tutorial.py took 0.110 seconds
[2022-04-13 08:54:57,509] {processor.py:163} INFO - Started process (PID=104) to work on /home/airflow/.local/lib/python3.7/site-packages/airflow/example_dags/tutorial.py
[2022-04-13 08:54:57,511] {processor.py:642} INFO - Processing file /home/airflow/.local/lib/python3.7/site-packages/airflow/example_dags/tutorial.py for tasks to queue
[2022-04-13 08:54:57,511] {logging_mixin.py:109} INFO - [2022-04-13 08:54:57,511] {dagbag.py:500} INFO - Filling up the DagBag from /home/airflow/.local/lib/python3.7/site-packages/airflow/example_dags/tutorial.py
[2022-04-13 08:54:57,527] {processor.py:652} INFO - DAG(s) dict_keys(['tutorial']) retrieved from /home/airflow/.local/lib/python3.7/site-packages/airflow/example_dags/tutorial.py
[2022-04-13 08:54:57,552] {logging_mixin.py:109} INFO - [2022-04-13 08:54:57,552] {dag.py:2398} INFO - Sync 1 DAGs
[2022-04-13 08:54:57,572] {logging_mixin.py:109} INFO - [2022-04-13 08:54:57,572] {dag.py:2937} INFO - Setting next_dagrun for tutorial to 2022-04-12T08:54:57.572202+00:00
[2022-04-13 08:54:57,585] {processor.py:171} INFO - Processing /home/airflow/.local/lib/python3.7/site-packages/airflow/example_dags/tutorial.py took 0.078 seconds
[2022-04-13 08:55:28,735] {processor.py:163} INFO - Started process (PID=164) to work on /home/airflow/.local/lib/python3.7/site-packages/airflow/example_dags/tutorial.py
[2022-04-13 08:55:28,738] {processor.py:642} INFO - Processing file /home/airflow/.local/lib/python3.7/site-packages/airflow/example_dags/tutorial.py for tasks to queue
[2022-04-13 08:55:28,738] {logging_mixin.py:109} INFO - [2022-04-13 08:55:28,738] {dagbag.py:500} INFO - Filling up the DagBag from /home/airflow/.local/lib/python3.7/site-packages/airflow/example_dags/tutorial.py
[2022-04-13 08:55:28,755] {processor.py:652} INFO - DAG(s) dict_keys(['tutorial']) retrieved from /home/airflow/.local/lib/python3.7/site-packages/airflow/example_dags/tutorial.py
[2022-04-13 08:55:28,779] {logging_mixin.py:109} INFO - [2022-04-13 08:55:28,779] {dag.py:2398} INFO - Sync 1 DAGs
[2022-04-13 08:55:28,809] {logging_mixin.py:109} INFO - [2022-04-13 08:55:28,809] {dag.py:2937} INFO - Setting next_dagrun for tutorial to 2022-04-12T08:55:28.809386+00:00
[2022-04-13 08:55:28,826] {processor.py:171} INFO - Processing /home/airflow/.local/lib/python3.7/site-packages/airflow/example_dags/tutorial.py took 0.094 seconds
[2022-04-13 08:56:00,210] {processor.py:163} INFO - Started process (PID=216) to work on /home/airflow/.local/lib/python3.7/site-packages/airflow/example_dags/tutorial.py
[2022-04-13 08:56:00,211] {processor.py:642} INFO - Processing file /home/airflow/.local/lib/python3.7/site-packages/airflow/example_dags/tutorial.py for tasks to queue
[2022-04-13 08:56:00,212] {logging_mixin.py:109} INFO - [2022-04-13 08:56:00,212] {dagbag.py:500} INFO - Filling up the DagBag from /home/airflow/.local/lib/python3.7/site-packages/airflow/example_dags/tutorial.py
[2022-04-13 08:56:00,225] {processor.py:652} INFO - DAG(s) dict_keys(['tutorial']) retrieved from /home/airflow/.local/lib/python3.7/site-packages/airflow/example_dags/tutorial.py
[2022-04-13 08:56:00,248] {logging_mixin.py:109} INFO - [2022-04-13 08:56:00,248] {dag.py:2398} INFO - Sync 1 DAGs
[2022-04-13 08:56:00,266] {logging_mixin.py:109} INFO - [2022-04-13 08:56:00,266] {dag.py:2937} INFO - Setting next_dagrun for tutorial to 2022-04-12T08:56:00.265992+00:00
[2022-04-13 08:56:00,281] {processor.py:171} INFO - Processing /home/airflow/.local/lib/python3.7/site-packages/airflow/example_dags/tutorial.py took 0.075 seconds
[2022-04-13 08:56:30,404] {processor.py:163} INFO - Started process (PID=276) to work on /home/airflow/.local/lib/python3.7/site-packages/airflow/example_dags/tutorial.py
[2022-04-13 08:56:30,405] {processor.py:642} INFO - Processing file /home/airflow/.local/lib/python3.7/site-packages/airflow/example_dags/tutorial.py for tasks to queue
[2022-04-13 08:56:30,405] {logging_mixin.py:109} INFO - [2022-04-13 08:56:30,405] {dagbag.py:500} INFO - Filling up the DagBag from /home/airflow/.local/lib/python3.7/site-packages/airflow/example_dags/tutorial.py
[2022-04-13 08:56:30,417] {processor.py:652} INFO - DAG(s) dict_keys(['tutorial']) retrieved from /home/airflow/.local/lib/python3.7/site-packages/airflow/example_dags/tutorial.py
[2022-04-13 08:56:30,434] {logging_mixin.py:109} INFO - [2022-04-13 08:56:30,434] {dag.py:2398} INFO - Sync 1 DAGs
[2022-04-13 08:56:30,450] {logging_mixin.py:109} INFO - [2022-04-13 08:56:30,450] {dag.py:2937} INFO - Setting next_dagrun for tutorial to 2022-04-12T08:56:30.449972+00:00
[2022-04-13 08:56:30,461] {processor.py:171} INFO - Processing /home/airflow/.local/lib/python3.7/site-packages/airflow/example_dags/tutorial.py took 0.058 seconds
[2022-04-13 08:57:00,823] {processor.py:163} INFO - Started process (PID=327) to work on /home/airflow/.local/lib/python3.7/site-packages/airflow/example_dags/tutorial.py
[2022-04-13 08:57:00,825] {processor.py:642} INFO - Processing file /home/airflow/.local/lib/python3.7/site-packages/airflow/example_dags/tutorial.py for tasks to queue
[2022-04-13 08:57:00,825] {logging_mixin.py:109} INFO - [2022-04-13 08:57:00,825] {dagbag.py:500} INFO - Filling up the DagBag from /home/airflow/.local/lib/python3.7/site-packages/airflow/example_dags/tutorial.py
[2022-04-13 08:57:00,836] {processor.py:652} INFO - DAG(s) dict_keys(['tutorial']) retrieved from /home/airflow/.local/lib/python3.7/site-packages/airflow/example_dags/tutorial.py
[2022-04-13 08:57:00,855] {logging_mixin.py:109} INFO - [2022-04-13 08:57:00,855] {dag.py:2398} INFO - Sync 1 DAGs
[2022-04-13 08:57:00,871] {logging_mixin.py:109} INFO - [2022-04-13 08:57:00,871] {dag.py:2937} INFO - Setting next_dagrun for tutorial to 2022-04-12T08:57:00.871539+00:00
[2022-04-13 08:57:00,882] {processor.py:171} INFO - Processing /home/airflow/.local/lib/python3.7/site-packages/airflow/example_dags/tutorial.py took 0.061 seconds
[2022-04-13 08:57:31,082] {processor.py:163} INFO - Started process (PID=386) to work on /home/airflow/.local/lib/python3.7/site-packages/airflow/example_dags/tutorial.py
[2022-04-13 08:57:31,083] {processor.py:642} INFO - Processing file /home/airflow/.local/lib/python3.7/site-packages/airflow/example_dags/tutorial.py for tasks to queue
[2022-04-13 08:57:31,083] {logging_mixin.py:109} INFO - [2022-04-13 08:57:31,083] {dagbag.py:500} INFO - Filling up the DagBag from /home/airflow/.local/lib/python3.7/site-packages/airflow/example_dags/tutorial.py
[2022-04-13 08:57:31,098] {processor.py:652} INFO - DAG(s) dict_keys(['tutorial']) retrieved from /home/airflow/.local/lib/python3.7/site-packages/airflow/example_dags/tutorial.py
[2022-04-13 08:57:31,117] {logging_mixin.py:109} INFO - [2022-04-13 08:57:31,117] {dag.py:2398} INFO - Sync 1 DAGs
[2022-04-13 08:57:31,133] {logging_mixin.py:109} INFO - [2022-04-13 08:57:31,132] {dag.py:2937} INFO - Setting next_dagrun for tutorial to 2022-04-12T08:57:31.132731+00:00
[2022-04-13 08:57:31,144] {processor.py:171} INFO - Processing /home/airflow/.local/lib/python3.7/site-packages/airflow/example_dags/tutorial.py took 0.064 seconds
[2022-04-13 08:58:02,302] {processor.py:163} INFO - Started process (PID=445) to work on /home/airflow/.local/lib/python3.7/site-packages/airflow/example_dags/tutorial.py
[2022-04-13 08:58:02,304] {processor.py:642} INFO - Processing file /home/airflow/.local/lib/python3.7/site-packages/airflow/example_dags/tutorial.py for tasks to queue
[2022-04-13 08:58:02,304] {logging_mixin.py:109} INFO - [2022-04-13 08:58:02,304] {dagbag.py:500} INFO - Filling up the DagBag from /home/airflow/.local/lib/python3.7/site-packages/airflow/example_dags/tutorial.py
[2022-04-13 08:58:02,317] {processor.py:652} INFO - DAG(s) dict_keys(['tutorial']) retrieved from /home/airflow/.local/lib/python3.7/site-packages/airflow/example_dags/tutorial.py
[2022-04-13 08:58:02,342] {logging_mixin.py:109} INFO - [2022-04-13 08:58:02,341] {dag.py:2398} INFO - Sync 1 DAGs
[2022-04-13 08:58:02,362] {logging_mixin.py:109} INFO - [2022-04-13 08:58:02,362] {dag.py:2937} INFO - Setting next_dagrun for tutorial to 2022-04-12T08:58:02.361912+00:00
[2022-04-13 08:58:02,375] {processor.py:171} INFO - Processing /home/airflow/.local/lib/python3.7/site-packages/airflow/example_dags/tutorial.py took 0.076 seconds
[2022-04-13 08:58:33,502] {processor.py:163} INFO - Started process (PID=499) to work on /home/airflow/.local/lib/python3.7/site-packages/airflow/example_dags/tutorial.py
[2022-04-13 08:58:33,502] {processor.py:642} INFO - Processing file /home/airflow/.local/lib/python3.7/site-packages/airflow/example_dags/tutorial.py for tasks to queue
[2022-04-13 08:58:33,503] {logging_mixin.py:109} INFO - [2022-04-13 08:58:33,503] {dagbag.py:500} INFO - Filling up the DagBag from /home/airflow/.local/lib/python3.7/site-packages/airflow/example_dags/tutorial.py
[2022-04-13 08:58:33,516] {processor.py:652} INFO - DAG(s) dict_keys(['tutorial']) retrieved from /home/airflow/.local/lib/python3.7/site-packages/airflow/example_dags/tutorial.py
[2022-04-13 08:58:33,538] {logging_mixin.py:109} INFO - [2022-04-13 08:58:33,538] {dag.py:2398} INFO - Sync 1 DAGs
[2022-04-13 08:58:33,560] {logging_mixin.py:109} INFO - [2022-04-13 08:58:33,560] {dag.py:2937} INFO - Setting next_dagrun for tutorial to 2022-04-12T08:58:33.560232+00:00
[2022-04-13 08:58:33,574] {processor.py:171} INFO - Processing /home/airflow/.local/lib/python3.7/site-packages/airflow/example_dags/tutorial.py took 0.075 seconds
[2022-04-13 08:59:04,414] {processor.py:163} INFO - Started process (PID=557) to work on /home/airflow/.local/lib/python3.7/site-packages/airflow/example_dags/tutorial.py
[2022-04-13 08:59:04,417] {processor.py:642} INFO - Processing file /home/airflow/.local/lib/python3.7/site-packages/airflow/example_dags/tutorial.py for tasks to queue
[2022-04-13 08:59:04,418] {logging_mixin.py:109} INFO - [2022-04-13 08:59:04,418] {dagbag.py:500} INFO - Filling up the DagBag from /home/airflow/.local/lib/python3.7/site-packages/airflow/example_dags/tutorial.py
[2022-04-13 08:59:04,450] {processor.py:652} INFO - DAG(s) dict_keys(['tutorial']) retrieved from /home/airflow/.local/lib/python3.7/site-packages/airflow/example_dags/tutorial.py
[2022-04-13 08:59:04,486] {logging_mixin.py:109} INFO - [2022-04-13 08:59:04,486] {dag.py:2398} INFO - Sync 1 DAGs
[2022-04-13 08:59:04,512] {logging_mixin.py:109} INFO - [2022-04-13 08:59:04,511] {dag.py:2937} INFO - Setting next_dagrun for tutorial to 2022-04-12T08:59:04.511289+00:00
[2022-04-13 08:59:04,529] {processor.py:171} INFO - Processing /home/airflow/.local/lib/python3.7/site-packages/airflow/example_dags/tutorial.py took 0.119 seconds
[2022-04-13 08:59:35,311] {processor.py:163} INFO - Started process (PID=612) to work on /home/airflow/.local/lib/python3.7/site-packages/airflow/example_dags/tutorial.py
[2022-04-13 08:59:35,313] {processor.py:642} INFO - Processing file /home/airflow/.local/lib/python3.7/site-packages/airflow/example_dags/tutorial.py for tasks to queue
[2022-04-13 08:59:35,313] {logging_mixin.py:109} INFO - [2022-04-13 08:59:35,313] {dagbag.py:500} INFO - Filling up the DagBag from /home/airflow/.local/lib/python3.7/site-packages/airflow/example_dags/tutorial.py
[2022-04-13 08:59:35,332] {processor.py:652} INFO - DAG(s) dict_keys(['tutorial']) retrieved from /home/airflow/.local/lib/python3.7/site-packages/airflow/example_dags/tutorial.py
[2022-04-13 08:59:35,361] {logging_mixin.py:109} INFO - [2022-04-13 08:59:35,360] {dag.py:2398} INFO - Sync 1 DAGs
[2022-04-13 08:59:35,383] {logging_mixin.py:109} INFO - [2022-04-13 08:59:35,382] {dag.py:2937} INFO - Setting next_dagrun for tutorial to 2022-04-12T08:59:35.382621+00:00
[2022-04-13 08:59:35,396] {processor.py:171} INFO - Processing /home/airflow/.local/lib/python3.7/site-packages/airflow/example_dags/tutorial.py took 0.089 seconds
[2022-04-13 09:00:05,889] {processor.py:163} INFO - Started process (PID=662) to work on /home/airflow/.local/lib/python3.7/site-packages/airflow/example_dags/tutorial.py
[2022-04-13 09:00:05,890] {processor.py:642} INFO - Processing file /home/airflow/.local/lib/python3.7/site-packages/airflow/example_dags/tutorial.py for tasks to queue
[2022-04-13 09:00:05,891] {logging_mixin.py:109} INFO - [2022-04-13 09:00:05,891] {dagbag.py:500} INFO - Filling up the DagBag from /home/airflow/.local/lib/python3.7/site-packages/airflow/example_dags/tutorial.py
[2022-04-13 09:00:05,904] {processor.py:652} INFO - DAG(s) dict_keys(['tutorial']) retrieved from /home/airflow/.local/lib/python3.7/site-packages/airflow/example_dags/tutorial.py
[2022-04-13 09:00:05,925] {logging_mixin.py:109} INFO - [2022-04-13 09:00:05,924] {dag.py:2398} INFO - Sync 1 DAGs
[2022-04-13 09:00:05,943] {logging_mixin.py:109} INFO - [2022-04-13 09:00:05,943] {dag.py:2937} INFO - Setting next_dagrun for tutorial to 2022-04-12T09:00:05.942986+00:00
[2022-04-13 09:00:05,959] {processor.py:171} INFO - Processing /home/airflow/.local/lib/python3.7/site-packages/airflow/example_dags/tutorial.py took 0.073 seconds
[2022-04-13 09:00:36,616] {processor.py:163} INFO - Started process (PID=714) to work on /home/airflow/.local/lib/python3.7/site-packages/airflow/example_dags/tutorial.py
[2022-04-13 09:00:36,619] {processor.py:642} INFO - Processing file /home/airflow/.local/lib/python3.7/site-packages/airflow/example_dags/tutorial.py for tasks to queue
[2022-04-13 09:00:36,620] {logging_mixin.py:109} INFO - [2022-04-13 09:00:36,620] {dagbag.py:500} INFO - Filling up the DagBag from /home/airflow/.local/lib/python3.7/site-packages/airflow/example_dags/tutorial.py
[2022-04-13 09:00:36,644] {processor.py:652} INFO - DAG(s) dict_keys(['tutorial']) retrieved from /home/airflow/.local/lib/python3.7/site-packages/airflow/example_dags/tutorial.py
[2022-04-13 09:00:36,676] {logging_mixin.py:109} INFO - [2022-04-13 09:00:36,676] {dag.py:2398} INFO - Sync 1 DAGs
[2022-04-13 09:00:36,708] {logging_mixin.py:109} INFO - [2022-04-13 09:00:36,708] {dag.py:2937} INFO - Setting next_dagrun for tutorial to 2022-04-12T09:00:36.707886+00:00
[2022-04-13 09:00:36,730] {processor.py:171} INFO - Processing /home/airflow/.local/lib/python3.7/site-packages/airflow/example_dags/tutorial.py took 0.118 seconds
[2022-04-13 09:01:07,162] {processor.py:163} INFO - Started process (PID=774) to work on /home/airflow/.local/lib/python3.7/site-packages/airflow/example_dags/tutorial.py
[2022-04-13 09:01:07,163] {processor.py:642} INFO - Processing file /home/airflow/.local/lib/python3.7/site-packages/airflow/example_dags/tutorial.py for tasks to queue
[2022-04-13 09:01:07,164] {logging_mixin.py:109} INFO - [2022-04-13 09:01:07,164] {dagbag.py:500} INFO - Filling up the DagBag from /home/airflow/.local/lib/python3.7/site-packages/airflow/example_dags/tutorial.py
[2022-04-13 09:01:07,183] {processor.py:652} INFO - DAG(s) dict_keys(['tutorial']) retrieved from /home/airflow/.local/lib/python3.7/site-packages/airflow/example_dags/tutorial.py
[2022-04-13 09:01:07,212] {logging_mixin.py:109} INFO - [2022-04-13 09:01:07,211] {dag.py:2398} INFO - Sync 1 DAGs
[2022-04-13 09:01:07,238] {logging_mixin.py:109} INFO - [2022-04-13 09:01:07,238] {dag.py:2937} INFO - Setting next_dagrun for tutorial to 2022-04-12T09:01:07.237915+00:00
[2022-04-13 09:01:07,256] {processor.py:171} INFO - Processing /home/airflow/.local/lib/python3.7/site-packages/airflow/example_dags/tutorial.py took 0.099 seconds
[2022-04-13 09:01:38,562] {processor.py:163} INFO - Started process (PID=826) to work on /home/airflow/.local/lib/python3.7/site-packages/airflow/example_dags/tutorial.py
[2022-04-13 09:01:38,564] {processor.py:642} INFO - Processing file /home/airflow/.local/lib/python3.7/site-packages/airflow/example_dags/tutorial.py for tasks to queue
[2022-04-13 09:01:38,565] {logging_mixin.py:109} INFO - [2022-04-13 09:01:38,565] {dagbag.py:500} INFO - Filling up the DagBag from /home/airflow/.local/lib/python3.7/site-packages/airflow/example_dags/tutorial.py
[2022-04-13 09:01:38,588] {processor.py:652} INFO - DAG(s) dict_keys(['tutorial']) retrieved from /home/airflow/.local/lib/python3.7/site-packages/airflow/example_dags/tutorial.py
[2022-04-13 09:01:38,619] {logging_mixin.py:109} INFO - [2022-04-13 09:01:38,619] {dag.py:2398} INFO - Sync 1 DAGs
[2022-04-13 09:01:38,641] {logging_mixin.py:109} INFO - [2022-04-13 09:01:38,641] {dag.py:2937} INFO - Setting next_dagrun for tutorial to 2022-04-12T09:01:38.640722+00:00
[2022-04-13 09:01:38,656] {processor.py:171} INFO - Processing /home/airflow/.local/lib/python3.7/site-packages/airflow/example_dags/tutorial.py took 0.100 seconds
[2022-04-13 09:02:09,278] {processor.py:163} INFO - Started process (PID=877) to work on /home/airflow/.local/lib/python3.7/site-packages/airflow/example_dags/tutorial.py
[2022-04-13 09:02:09,281] {processor.py:642} INFO - Processing file /home/airflow/.local/lib/python3.7/site-packages/airflow/example_dags/tutorial.py for tasks to queue
[2022-04-13 09:02:09,282] {logging_mixin.py:109} INFO - [2022-04-13 09:02:09,281] {dagbag.py:500} INFO - Filling up the DagBag from /home/airflow/.local/lib/python3.7/site-packages/airflow/example_dags/tutorial.py
[2022-04-13 09:02:09,320] {processor.py:652} INFO - DAG(s) dict_keys(['tutorial']) retrieved from /home/airflow/.local/lib/python3.7/site-packages/airflow/example_dags/tutorial.py
[2022-04-13 09:02:09,360] {logging_mixin.py:109} INFO - [2022-04-13 09:02:09,360] {dag.py:2398} INFO - Sync 1 DAGs
[2022-04-13 09:02:09,390] {logging_mixin.py:109} INFO - [2022-04-13 09:02:09,390] {dag.py:2937} INFO - Setting next_dagrun for tutorial to 2022-04-12T09:02:09.390400+00:00
[2022-04-13 09:02:09,418] {processor.py:171} INFO - Processing /home/airflow/.local/lib/python3.7/site-packages/airflow/example_dags/tutorial.py took 0.145 seconds
[2022-04-13 09:02:40,323] {processor.py:163} INFO - Started process (PID=939) to work on /home/airflow/.local/lib/python3.7/site-packages/airflow/example_dags/tutorial.py
[2022-04-13 09:02:40,324] {processor.py:642} INFO - Processing file /home/airflow/.local/lib/python3.7/site-packages/airflow/example_dags/tutorial.py for tasks to queue
[2022-04-13 09:02:40,325] {logging_mixin.py:109} INFO - [2022-04-13 09:02:40,325] {dagbag.py:500} INFO - Filling up the DagBag from /home/airflow/.local/lib/python3.7/site-packages/airflow/example_dags/tutorial.py
[2022-04-13 09:02:40,341] {processor.py:652} INFO - DAG(s) dict_keys(['tutorial']) retrieved from /home/airflow/.local/lib/python3.7/site-packages/airflow/example_dags/tutorial.py
[2022-04-13 09:02:40,379] {logging_mixin.py:109} INFO - [2022-04-13 09:02:40,379] {dag.py:2398} INFO - Sync 1 DAGs
[2022-04-13 09:02:40,400] {logging_mixin.py:109} INFO - [2022-04-13 09:02:40,400] {dag.py:2937} INFO - Setting next_dagrun for tutorial to 2022-04-12T09:02:40.400417+00:00
[2022-04-13 09:02:40,413] {processor.py:171} INFO - Processing /home/airflow/.local/lib/python3.7/site-packages/airflow/example_dags/tutorial.py took 0.093 seconds
[2022-04-13 09:03:11,949] {processor.py:163} INFO - Started process (PID=989) to work on /home/airflow/.local/lib/python3.7/site-packages/airflow/example_dags/tutorial.py
[2022-04-13 09:03:11,952] {processor.py:642} INFO - Processing file /home/airflow/.local/lib/python3.7/site-packages/airflow/example_dags/tutorial.py for tasks to queue
[2022-04-13 09:03:11,953] {logging_mixin.py:109} INFO - [2022-04-13 09:03:11,953] {dagbag.py:500} INFO - Filling up the DagBag from /home/airflow/.local/lib/python3.7/site-packages/airflow/example_dags/tutorial.py
[2022-04-13 09:03:11,983] {processor.py:652} INFO - DAG(s) dict_keys(['tutorial']) retrieved from /home/airflow/.local/lib/python3.7/site-packages/airflow/example_dags/tutorial.py
[2022-04-13 09:03:12,022] {logging_mixin.py:109} INFO - [2022-04-13 09:03:12,022] {dag.py:2398} INFO - Sync 1 DAGs
[2022-04-13 09:03:12,057] {logging_mixin.py:109} INFO - [2022-04-13 09:03:12,057] {dag.py:2937} INFO - Setting next_dagrun for tutorial to 2022-04-12T09:03:12.056686+00:00
[2022-04-13 09:03:12,081] {processor.py:171} INFO - Processing /home/airflow/.local/lib/python3.7/site-packages/airflow/example_dags/tutorial.py took 0.135 seconds
[2022-04-13 09:05:51,564] {processor.py:163} INFO - Started process (PID=50) to work on /home/airflow/.local/lib/python3.7/site-packages/airflow/example_dags/tutorial.py
[2022-04-13 09:05:51,566] {processor.py:642} INFO - Processing file /home/airflow/.local/lib/python3.7/site-packages/airflow/example_dags/tutorial.py for tasks to queue
[2022-04-13 09:05:51,567] {logging_mixin.py:109} INFO - [2022-04-13 09:05:51,567] {dagbag.py:500} INFO - Filling up the DagBag from /home/airflow/.local/lib/python3.7/site-packages/airflow/example_dags/tutorial.py
[2022-04-13 09:05:51,584] {processor.py:652} INFO - DAG(s) dict_keys(['tutorial']) retrieved from /home/airflow/.local/lib/python3.7/site-packages/airflow/example_dags/tutorial.py
[2022-04-13 09:05:51,607] {logging_mixin.py:109} INFO - [2022-04-13 09:05:51,607] {dag.py:2398} INFO - Sync 1 DAGs
[2022-04-13 09:05:51,625] {logging_mixin.py:109} INFO - [2022-04-13 09:05:51,624] {dag.py:2937} INFO - Setting next_dagrun for tutorial to 2022-04-12T09:05:51.624292+00:00
[2022-04-13 09:05:51,639] {processor.py:171} INFO - Processing /home/airflow/.local/lib/python3.7/site-packages/airflow/example_dags/tutorial.py took 0.078 seconds
[2022-04-13 09:06:22,389] {processor.py:163} INFO - Started process (PID=100) to work on /home/airflow/.local/lib/python3.7/site-packages/airflow/example_dags/tutorial.py
[2022-04-13 09:06:22,390] {processor.py:642} INFO - Processing file /home/airflow/.local/lib/python3.7/site-packages/airflow/example_dags/tutorial.py for tasks to queue
[2022-04-13 09:06:22,390] {logging_mixin.py:109} INFO - [2022-04-13 09:06:22,390] {dagbag.py:500} INFO - Filling up the DagBag from /home/airflow/.local/lib/python3.7/site-packages/airflow/example_dags/tutorial.py
[2022-04-13 09:06:22,402] {processor.py:652} INFO - DAG(s) dict_keys(['tutorial']) retrieved from /home/airflow/.local/lib/python3.7/site-packages/airflow/example_dags/tutorial.py
[2022-04-13 09:06:22,423] {logging_mixin.py:109} INFO - [2022-04-13 09:06:22,423] {dag.py:2398} INFO - Sync 1 DAGs
[2022-04-13 09:06:22,443] {logging_mixin.py:109} INFO - [2022-04-13 09:06:22,443] {dag.py:2937} INFO - Setting next_dagrun for tutorial to 2022-04-12T09:06:22.443647+00:00
[2022-04-13 09:06:22,457] {processor.py:171} INFO - Processing /home/airflow/.local/lib/python3.7/site-packages/airflow/example_dags/tutorial.py took 0.070 seconds
[2022-04-13 09:06:53,011] {processor.py:163} INFO - Started process (PID=161) to work on /home/airflow/.local/lib/python3.7/site-packages/airflow/example_dags/tutorial.py
[2022-04-13 09:06:53,012] {processor.py:642} INFO - Processing file /home/airflow/.local/lib/python3.7/site-packages/airflow/example_dags/tutorial.py for tasks to queue
[2022-04-13 09:06:53,013] {logging_mixin.py:109} INFO - [2022-04-13 09:06:53,013] {dagbag.py:500} INFO - Filling up the DagBag from /home/airflow/.local/lib/python3.7/site-packages/airflow/example_dags/tutorial.py
[2022-04-13 09:06:53,038] {processor.py:652} INFO - DAG(s) dict_keys(['tutorial']) retrieved from /home/airflow/.local/lib/python3.7/site-packages/airflow/example_dags/tutorial.py
[2022-04-13 09:06:53,064] {logging_mixin.py:109} INFO - [2022-04-13 09:06:53,064] {dag.py:2398} INFO - Sync 1 DAGs
[2022-04-13 09:06:53,079] {logging_mixin.py:109} INFO - [2022-04-13 09:06:53,079] {dag.py:2937} INFO - Setting next_dagrun for tutorial to 2022-04-12T09:06:53.079044+00:00
[2022-04-13 09:06:53,088] {processor.py:171} INFO - Processing /home/airflow/.local/lib/python3.7/site-packages/airflow/example_dags/tutorial.py took 0.080 seconds
[2022-04-13 09:07:23,476] {processor.py:163} INFO - Started process (PID=212) to work on /home/airflow/.local/lib/python3.7/site-packages/airflow/example_dags/tutorial.py
[2022-04-13 09:07:23,477] {processor.py:642} INFO - Processing file /home/airflow/.local/lib/python3.7/site-packages/airflow/example_dags/tutorial.py for tasks to queue
[2022-04-13 09:07:23,477] {logging_mixin.py:109} INFO - [2022-04-13 09:07:23,477] {dagbag.py:500} INFO - Filling up the DagBag from /home/airflow/.local/lib/python3.7/site-packages/airflow/example_dags/tutorial.py
[2022-04-13 09:07:23,495] {processor.py:652} INFO - DAG(s) dict_keys(['tutorial']) retrieved from /home/airflow/.local/lib/python3.7/site-packages/airflow/example_dags/tutorial.py
[2022-04-13 09:07:23,518] {logging_mixin.py:109} INFO - [2022-04-13 09:07:23,518] {dag.py:2398} INFO - Sync 1 DAGs
[2022-04-13 09:07:23,540] {logging_mixin.py:109} INFO - [2022-04-13 09:07:23,540] {dag.py:2937} INFO - Setting next_dagrun for tutorial to 2022-04-12T09:07:23.539825+00:00
[2022-04-13 09:07:23,554] {processor.py:171} INFO - Processing /home/airflow/.local/lib/python3.7/site-packages/airflow/example_dags/tutorial.py took 0.080 seconds
[2022-04-13 09:07:54,108] {processor.py:163} INFO - Started process (PID=263) to work on /home/airflow/.local/lib/python3.7/site-packages/airflow/example_dags/tutorial.py
[2022-04-13 09:07:54,109] {processor.py:642} INFO - Processing file /home/airflow/.local/lib/python3.7/site-packages/airflow/example_dags/tutorial.py for tasks to queue
[2022-04-13 09:07:54,110] {logging_mixin.py:109} INFO - [2022-04-13 09:07:54,110] {dagbag.py:500} INFO - Filling up the DagBag from /home/airflow/.local/lib/python3.7/site-packages/airflow/example_dags/tutorial.py
[2022-04-13 09:07:54,128] {processor.py:652} INFO - DAG(s) dict_keys(['tutorial']) retrieved from /home/airflow/.local/lib/python3.7/site-packages/airflow/example_dags/tutorial.py
[2022-04-13 09:07:54,149] {logging_mixin.py:109} INFO - [2022-04-13 09:07:54,149] {dag.py:2398} INFO - Sync 1 DAGs
[2022-04-13 09:07:54,167] {logging_mixin.py:109} INFO - [2022-04-13 09:07:54,167] {dag.py:2937} INFO - Setting next_dagrun for tutorial to 2022-04-12T09:07:54.166916+00:00
[2022-04-13 09:07:54,181] {processor.py:171} INFO - Processing /home/airflow/.local/lib/python3.7/site-packages/airflow/example_dags/tutorial.py took 0.074 seconds
[2022-04-13 09:08:25,559] {processor.py:163} INFO - Started process (PID=325) to work on /home/airflow/.local/lib/python3.7/site-packages/airflow/example_dags/tutorial.py
[2022-04-13 09:08:25,560] {processor.py:642} INFO - Processing file /home/airflow/.local/lib/python3.7/site-packages/airflow/example_dags/tutorial.py for tasks to queue
[2022-04-13 09:08:25,561] {logging_mixin.py:109} INFO - [2022-04-13 09:08:25,561] {dagbag.py:500} INFO - Filling up the DagBag from /home/airflow/.local/lib/python3.7/site-packages/airflow/example_dags/tutorial.py
[2022-04-13 09:08:25,583] {processor.py:652} INFO - DAG(s) dict_keys(['tutorial']) retrieved from /home/airflow/.local/lib/python3.7/site-packages/airflow/example_dags/tutorial.py
[2022-04-13 09:08:25,611] {logging_mixin.py:109} INFO - [2022-04-13 09:08:25,611] {dag.py:2398} INFO - Sync 1 DAGs
[2022-04-13 09:08:25,632] {logging_mixin.py:109} INFO - [2022-04-13 09:08:25,632] {dag.py:2937} INFO - Setting next_dagrun for tutorial to 2022-04-12T09:08:25.632288+00:00
[2022-04-13 09:08:25,654] {processor.py:171} INFO - Processing /home/airflow/.local/lib/python3.7/site-packages/airflow/example_dags/tutorial.py took 0.096 seconds
[2022-04-13 09:08:56,431] {processor.py:163} INFO - Started process (PID=377) to work on /home/airflow/.local/lib/python3.7/site-packages/airflow/example_dags/tutorial.py
[2022-04-13 09:08:56,433] {processor.py:642} INFO - Processing file /home/airflow/.local/lib/python3.7/site-packages/airflow/example_dags/tutorial.py for tasks to queue
[2022-04-13 09:08:56,434] {logging_mixin.py:109} INFO - [2022-04-13 09:08:56,434] {dagbag.py:500} INFO - Filling up the DagBag from /home/airflow/.local/lib/python3.7/site-packages/airflow/example_dags/tutorial.py
[2022-04-13 09:08:56,450] {processor.py:652} INFO - DAG(s) dict_keys(['tutorial']) retrieved from /home/airflow/.local/lib/python3.7/site-packages/airflow/example_dags/tutorial.py
[2022-04-13 09:08:56,473] {logging_mixin.py:109} INFO - [2022-04-13 09:08:56,472] {dag.py:2398} INFO - Sync 1 DAGs
[2022-04-13 09:08:56,498] {logging_mixin.py:109} INFO - [2022-04-13 09:08:56,497] {dag.py:2937} INFO - Setting next_dagrun for tutorial to 2022-04-12T09:08:56.497364+00:00
[2022-04-13 09:08:56,516] {processor.py:171} INFO - Processing /home/airflow/.local/lib/python3.7/site-packages/airflow/example_dags/tutorial.py took 0.087 seconds
[2022-04-13 09:09:28,094] {processor.py:163} INFO - Started process (PID=438) to work on /home/airflow/.local/lib/python3.7/site-packages/airflow/example_dags/tutorial.py
[2022-04-13 09:09:28,095] {processor.py:642} INFO - Processing file /home/airflow/.local/lib/python3.7/site-packages/airflow/example_dags/tutorial.py for tasks to queue
[2022-04-13 09:09:28,095] {logging_mixin.py:109} INFO - [2022-04-13 09:09:28,095] {dagbag.py:500} INFO - Filling up the DagBag from /home/airflow/.local/lib/python3.7/site-packages/airflow/example_dags/tutorial.py
[2022-04-13 09:09:28,116] {processor.py:652} INFO - DAG(s) dict_keys(['tutorial']) retrieved from /home/airflow/.local/lib/python3.7/site-packages/airflow/example_dags/tutorial.py
[2022-04-13 09:09:28,141] {logging_mixin.py:109} INFO - [2022-04-13 09:09:28,141] {dag.py:2398} INFO - Sync 1 DAGs
[2022-04-13 09:09:28,161] {logging_mixin.py:109} INFO - [2022-04-13 09:09:28,161] {dag.py:2937} INFO - Setting next_dagrun for tutorial to 2022-04-12T09:09:28.160828+00:00
[2022-04-13 09:09:28,178] {processor.py:171} INFO - Processing /home/airflow/.local/lib/python3.7/site-packages/airflow/example_dags/tutorial.py took 0.087 seconds
[2022-04-13 09:09:59,181] {processor.py:163} INFO - Started process (PID=489) to work on /home/airflow/.local/lib/python3.7/site-packages/airflow/example_dags/tutorial.py
[2022-04-13 09:09:59,183] {processor.py:642} INFO - Processing file /home/airflow/.local/lib/python3.7/site-packages/airflow/example_dags/tutorial.py for tasks to queue
[2022-04-13 09:09:59,183] {logging_mixin.py:109} INFO - [2022-04-13 09:09:59,183] {dagbag.py:500} INFO - Filling up the DagBag from /home/airflow/.local/lib/python3.7/site-packages/airflow/example_dags/tutorial.py
[2022-04-13 09:09:59,204] {processor.py:652} INFO - DAG(s) dict_keys(['tutorial']) retrieved from /home/airflow/.local/lib/python3.7/site-packages/airflow/example_dags/tutorial.py
[2022-04-13 09:09:59,226] {logging_mixin.py:109} INFO - [2022-04-13 09:09:59,226] {dag.py:2398} INFO - Sync 1 DAGs
[2022-04-13 09:09:59,246] {logging_mixin.py:109} INFO - [2022-04-13 09:09:59,246] {dag.py:2937} INFO - Setting next_dagrun for tutorial to 2022-04-12T09:09:59.245855+00:00
[2022-04-13 09:09:59,262] {processor.py:171} INFO - Processing /home/airflow/.local/lib/python3.7/site-packages/airflow/example_dags/tutorial.py took 0.083 seconds
[2022-04-13 09:10:30,347] {processor.py:163} INFO - Started process (PID=548) to work on /home/airflow/.local/lib/python3.7/site-packages/airflow/example_dags/tutorial.py
[2022-04-13 09:10:30,350] {processor.py:642} INFO - Processing file /home/airflow/.local/lib/python3.7/site-packages/airflow/example_dags/tutorial.py for tasks to queue
[2022-04-13 09:10:30,350] {logging_mixin.py:109} INFO - [2022-04-13 09:10:30,350] {dagbag.py:500} INFO - Filling up the DagBag from /home/airflow/.local/lib/python3.7/site-packages/airflow/example_dags/tutorial.py
[2022-04-13 09:10:30,374] {processor.py:652} INFO - DAG(s) dict_keys(['tutorial']) retrieved from /home/airflow/.local/lib/python3.7/site-packages/airflow/example_dags/tutorial.py
[2022-04-13 09:10:30,404] {logging_mixin.py:109} INFO - [2022-04-13 09:10:30,403] {dag.py:2398} INFO - Sync 1 DAGs
[2022-04-13 09:10:30,435] {logging_mixin.py:109} INFO - [2022-04-13 09:10:30,434] {dag.py:2937} INFO - Setting next_dagrun for tutorial to 2022-04-12T09:10:30.434683+00:00
[2022-04-13 09:10:30,452] {processor.py:171} INFO - Processing /home/airflow/.local/lib/python3.7/site-packages/airflow/example_dags/tutorial.py took 0.107 seconds
[2022-04-13 09:11:01,476] {processor.py:163} INFO - Started process (PID=599) to work on /home/airflow/.local/lib/python3.7/site-packages/airflow/example_dags/tutorial.py
[2022-04-13 09:11:01,478] {processor.py:642} INFO - Processing file /home/airflow/.local/lib/python3.7/site-packages/airflow/example_dags/tutorial.py for tasks to queue
[2022-04-13 09:11:01,479] {logging_mixin.py:109} INFO - [2022-04-13 09:11:01,479] {dagbag.py:500} INFO - Filling up the DagBag from /home/airflow/.local/lib/python3.7/site-packages/airflow/example_dags/tutorial.py
[2022-04-13 09:11:01,496] {processor.py:652} INFO - DAG(s) dict_keys(['tutorial']) retrieved from /home/airflow/.local/lib/python3.7/site-packages/airflow/example_dags/tutorial.py
[2022-04-13 09:11:01,520] {logging_mixin.py:109} INFO - [2022-04-13 09:11:01,520] {dag.py:2398} INFO - Sync 1 DAGs
[2022-04-13 09:11:01,545] {logging_mixin.py:109} INFO - [2022-04-13 09:11:01,545] {dag.py:2937} INFO - Setting next_dagrun for tutorial to 2022-04-12T09:11:01.545549+00:00
[2022-04-13 09:11:01,561] {processor.py:171} INFO - Processing /home/airflow/.local/lib/python3.7/site-packages/airflow/example_dags/tutorial.py took 0.088 seconds
[2022-04-13 09:11:32,307] {processor.py:163} INFO - Started process (PID=650) to work on /home/airflow/.local/lib/python3.7/site-packages/airflow/example_dags/tutorial.py
[2022-04-13 09:11:32,308] {processor.py:642} INFO - Processing file /home/airflow/.local/lib/python3.7/site-packages/airflow/example_dags/tutorial.py for tasks to queue
[2022-04-13 09:11:32,308] {logging_mixin.py:109} INFO - [2022-04-13 09:11:32,308] {dagbag.py:500} INFO - Filling up the DagBag from /home/airflow/.local/lib/python3.7/site-packages/airflow/example_dags/tutorial.py
[2022-04-13 09:11:32,324] {processor.py:652} INFO - DAG(s) dict_keys(['tutorial']) retrieved from /home/airflow/.local/lib/python3.7/site-packages/airflow/example_dags/tutorial.py
[2022-04-13 09:11:32,351] {logging_mixin.py:109} INFO - [2022-04-13 09:11:32,351] {dag.py:2398} INFO - Sync 1 DAGs
[2022-04-13 09:11:32,376] {logging_mixin.py:109} INFO - [2022-04-13 09:11:32,376] {dag.py:2937} INFO - Setting next_dagrun for tutorial to 2022-04-12T09:11:32.376095+00:00
[2022-04-13 09:11:32,395] {processor.py:171} INFO - Processing /home/airflow/.local/lib/python3.7/site-packages/airflow/example_dags/tutorial.py took 0.091 seconds
[2022-04-13 09:12:03,577] {processor.py:163} INFO - Started process (PID=711) to work on /home/airflow/.local/lib/python3.7/site-packages/airflow/example_dags/tutorial.py
[2022-04-13 09:12:03,579] {processor.py:642} INFO - Processing file /home/airflow/.local/lib/python3.7/site-packages/airflow/example_dags/tutorial.py for tasks to queue
[2022-04-13 09:12:03,579] {logging_mixin.py:109} INFO - [2022-04-13 09:12:03,579] {dagbag.py:500} INFO - Filling up the DagBag from /home/airflow/.local/lib/python3.7/site-packages/airflow/example_dags/tutorial.py
[2022-04-13 09:12:03,599] {processor.py:652} INFO - DAG(s) dict_keys(['tutorial']) retrieved from /home/airflow/.local/lib/python3.7/site-packages/airflow/example_dags/tutorial.py
[2022-04-13 09:12:03,623] {logging_mixin.py:109} INFO - [2022-04-13 09:12:03,623] {dag.py:2398} INFO - Sync 1 DAGs
[2022-04-13 09:12:03,658] {logging_mixin.py:109} INFO - [2022-04-13 09:12:03,658] {dag.py:2937} INFO - Setting next_dagrun for tutorial to 2022-04-12T09:12:03.657991+00:00
[2022-04-13 09:12:03,676] {processor.py:171} INFO - Processing /home/airflow/.local/lib/python3.7/site-packages/airflow/example_dags/tutorial.py took 0.102 seconds
[2022-04-13 09:12:34,952] {processor.py:163} INFO - Started process (PID=763) to work on /home/airflow/.local/lib/python3.7/site-packages/airflow/example_dags/tutorial.py
[2022-04-13 09:12:34,953] {processor.py:642} INFO - Processing file /home/airflow/.local/lib/python3.7/site-packages/airflow/example_dags/tutorial.py for tasks to queue
[2022-04-13 09:12:34,954] {logging_mixin.py:109} INFO - [2022-04-13 09:12:34,954] {dagbag.py:500} INFO - Filling up the DagBag from /home/airflow/.local/lib/python3.7/site-packages/airflow/example_dags/tutorial.py
[2022-04-13 09:12:34,971] {processor.py:652} INFO - DAG(s) dict_keys(['tutorial']) retrieved from /home/airflow/.local/lib/python3.7/site-packages/airflow/example_dags/tutorial.py
[2022-04-13 09:12:35,001] {logging_mixin.py:109} INFO - [2022-04-13 09:12:35,001] {dag.py:2398} INFO - Sync 1 DAGs
[2022-04-13 09:12:35,024] {logging_mixin.py:109} INFO - [2022-04-13 09:12:35,023] {dag.py:2937} INFO - Setting next_dagrun for tutorial to 2022-04-12T09:12:35.023615+00:00
[2022-04-13 09:12:35,043] {processor.py:171} INFO - Processing /home/airflow/.local/lib/python3.7/site-packages/airflow/example_dags/tutorial.py took 0.095 seconds
[2022-04-13 09:13:06,042] {processor.py:163} INFO - Started process (PID=812) to work on /home/airflow/.local/lib/python3.7/site-packages/airflow/example_dags/tutorial.py
[2022-04-13 09:13:06,044] {processor.py:642} INFO - Processing file /home/airflow/.local/lib/python3.7/site-packages/airflow/example_dags/tutorial.py for tasks to queue
[2022-04-13 09:13:06,044] {logging_mixin.py:109} INFO - [2022-04-13 09:13:06,044] {dagbag.py:500} INFO - Filling up the DagBag from /home/airflow/.local/lib/python3.7/site-packages/airflow/example_dags/tutorial.py
[2022-04-13 09:13:06,063] {processor.py:652} INFO - DAG(s) dict_keys(['tutorial']) retrieved from /home/airflow/.local/lib/python3.7/site-packages/airflow/example_dags/tutorial.py
[2022-04-13 09:13:06,095] {logging_mixin.py:109} INFO - [2022-04-13 09:13:06,095] {dag.py:2398} INFO - Sync 1 DAGs
[2022-04-13 09:13:06,123] {logging_mixin.py:109} INFO - [2022-04-13 09:13:06,123] {dag.py:2937} INFO - Setting next_dagrun for tutorial to 2022-04-12T09:13:06.122807+00:00
[2022-04-13 09:13:06,140] {processor.py:171} INFO - Processing /home/airflow/.local/lib/python3.7/site-packages/airflow/example_dags/tutorial.py took 0.103 seconds
[2022-04-13 09:13:37,301] {processor.py:163} INFO - Started process (PID=873) to work on /home/airflow/.local/lib/python3.7/site-packages/airflow/example_dags/tutorial.py
[2022-04-13 09:13:37,302] {processor.py:642} INFO - Processing file /home/airflow/.local/lib/python3.7/site-packages/airflow/example_dags/tutorial.py for tasks to queue
[2022-04-13 09:13:37,303] {logging_mixin.py:109} INFO - [2022-04-13 09:13:37,302] {dagbag.py:500} INFO - Filling up the DagBag from /home/airflow/.local/lib/python3.7/site-packages/airflow/example_dags/tutorial.py
[2022-04-13 09:13:37,317] {processor.py:652} INFO - DAG(s) dict_keys(['tutorial']) retrieved from /home/airflow/.local/lib/python3.7/site-packages/airflow/example_dags/tutorial.py
[2022-04-13 09:13:37,339] {logging_mixin.py:109} INFO - [2022-04-13 09:13:37,339] {dag.py:2398} INFO - Sync 1 DAGs
[2022-04-13 09:13:37,358] {logging_mixin.py:109} INFO - [2022-04-13 09:13:37,358] {dag.py:2937} INFO - Setting next_dagrun for tutorial to 2022-04-12T09:13:37.357943+00:00
[2022-04-13 09:13:37,372] {processor.py:171} INFO - Processing /home/airflow/.local/lib/python3.7/site-packages/airflow/example_dags/tutorial.py took 0.074 seconds
[2022-04-13 09:14:08,274] {processor.py:163} INFO - Started process (PID=925) to work on /home/airflow/.local/lib/python3.7/site-packages/airflow/example_dags/tutorial.py
[2022-04-13 09:14:08,275] {processor.py:642} INFO - Processing file /home/airflow/.local/lib/python3.7/site-packages/airflow/example_dags/tutorial.py for tasks to queue
[2022-04-13 09:14:08,276] {logging_mixin.py:109} INFO - [2022-04-13 09:14:08,276] {dagbag.py:500} INFO - Filling up the DagBag from /home/airflow/.local/lib/python3.7/site-packages/airflow/example_dags/tutorial.py
[2022-04-13 09:14:08,295] {processor.py:652} INFO - DAG(s) dict_keys(['tutorial']) retrieved from /home/airflow/.local/lib/python3.7/site-packages/airflow/example_dags/tutorial.py
[2022-04-13 09:14:08,325] {logging_mixin.py:109} INFO - [2022-04-13 09:14:08,324] {dag.py:2398} INFO - Sync 1 DAGs
[2022-04-13 09:14:08,358] {logging_mixin.py:109} INFO - [2022-04-13 09:14:08,358] {dag.py:2937} INFO - Setting next_dagrun for tutorial to 2022-04-12T09:14:08.357803+00:00
[2022-04-13 09:14:08,378] {processor.py:171} INFO - Processing /home/airflow/.local/lib/python3.7/site-packages/airflow/example_dags/tutorial.py took 0.107 seconds
[2022-04-13 09:14:39,300] {processor.py:163} INFO - Started process (PID=984) to work on /home/airflow/.local/lib/python3.7/site-packages/airflow/example_dags/tutorial.py
[2022-04-13 09:14:39,302] {processor.py:642} INFO - Processing file /home/airflow/.local/lib/python3.7/site-packages/airflow/example_dags/tutorial.py for tasks to queue
[2022-04-13 09:14:39,303] {logging_mixin.py:109} INFO - [2022-04-13 09:14:39,303] {dagbag.py:500} INFO - Filling up the DagBag from /home/airflow/.local/lib/python3.7/site-packages/airflow/example_dags/tutorial.py
[2022-04-13 09:14:39,320] {processor.py:652} INFO - DAG(s) dict_keys(['tutorial']) retrieved from /home/airflow/.local/lib/python3.7/site-packages/airflow/example_dags/tutorial.py
[2022-04-13 09:14:39,343] {logging_mixin.py:109} INFO - [2022-04-13 09:14:39,343] {dag.py:2398} INFO - Sync 1 DAGs
[2022-04-13 09:14:39,366] {logging_mixin.py:109} INFO - [2022-04-13 09:14:39,366] {dag.py:2937} INFO - Setting next_dagrun for tutorial to 2022-04-12T09:14:39.366247+00:00
[2022-04-13 09:14:39,381] {processor.py:171} INFO - Processing /home/airflow/.local/lib/python3.7/site-packages/airflow/example_dags/tutorial.py took 0.084 seconds
[2022-04-13 09:15:10,587] {processor.py:163} INFO - Started process (PID=1034) to work on /home/airflow/.local/lib/python3.7/site-packages/airflow/example_dags/tutorial.py
[2022-04-13 09:15:10,588] {processor.py:642} INFO - Processing file /home/airflow/.local/lib/python3.7/site-packages/airflow/example_dags/tutorial.py for tasks to queue
[2022-04-13 09:15:10,588] {logging_mixin.py:109} INFO - [2022-04-13 09:15:10,588] {dagbag.py:500} INFO - Filling up the DagBag from /home/airflow/.local/lib/python3.7/site-packages/airflow/example_dags/tutorial.py
[2022-04-13 09:15:10,608] {processor.py:652} INFO - DAG(s) dict_keys(['tutorial']) retrieved from /home/airflow/.local/lib/python3.7/site-packages/airflow/example_dags/tutorial.py
[2022-04-13 09:15:10,656] {logging_mixin.py:109} INFO - [2022-04-13 09:15:10,656] {dag.py:2398} INFO - Sync 1 DAGs
[2022-04-13 09:15:10,681] {logging_mixin.py:109} INFO - [2022-04-13 09:15:10,681] {dag.py:2937} INFO - Setting next_dagrun for tutorial to 2022-04-12T09:15:10.681451+00:00
[2022-04-13 09:15:10,698] {processor.py:171} INFO - Processing /home/airflow/.local/lib/python3.7/site-packages/airflow/example_dags/tutorial.py took 0.115 seconds
[2022-04-13 09:15:41,542] {processor.py:163} INFO - Started process (PID=1084) to work on /home/airflow/.local/lib/python3.7/site-packages/airflow/example_dags/tutorial.py
[2022-04-13 09:15:41,545] {processor.py:642} INFO - Processing file /home/airflow/.local/lib/python3.7/site-packages/airflow/example_dags/tutorial.py for tasks to queue
[2022-04-13 09:15:41,546] {logging_mixin.py:109} INFO - [2022-04-13 09:15:41,546] {dagbag.py:500} INFO - Filling up the DagBag from /home/airflow/.local/lib/python3.7/site-packages/airflow/example_dags/tutorial.py
[2022-04-13 09:15:41,563] {processor.py:652} INFO - DAG(s) dict_keys(['tutorial']) retrieved from /home/airflow/.local/lib/python3.7/site-packages/airflow/example_dags/tutorial.py
[2022-04-13 09:15:41,592] {logging_mixin.py:109} INFO - [2022-04-13 09:15:41,592] {dag.py:2398} INFO - Sync 1 DAGs
[2022-04-13 09:15:41,616] {logging_mixin.py:109} INFO - [2022-04-13 09:15:41,616] {dag.py:2937} INFO - Setting next_dagrun for tutorial to 2022-04-12T09:15:41.615885+00:00
[2022-04-13 09:15:41,632] {processor.py:171} INFO - Processing /home/airflow/.local/lib/python3.7/site-packages/airflow/example_dags/tutorial.py took 0.094 seconds
[2022-04-13 09:16:12,620] {processor.py:163} INFO - Started process (PID=1144) to work on /home/airflow/.local/lib/python3.7/site-packages/airflow/example_dags/tutorial.py
[2022-04-13 09:16:12,622] {processor.py:642} INFO - Processing file /home/airflow/.local/lib/python3.7/site-packages/airflow/example_dags/tutorial.py for tasks to queue
[2022-04-13 09:16:12,623] {logging_mixin.py:109} INFO - [2022-04-13 09:16:12,622] {dagbag.py:500} INFO - Filling up the DagBag from /home/airflow/.local/lib/python3.7/site-packages/airflow/example_dags/tutorial.py
[2022-04-13 09:16:12,640] {processor.py:652} INFO - DAG(s) dict_keys(['tutorial']) retrieved from /home/airflow/.local/lib/python3.7/site-packages/airflow/example_dags/tutorial.py
[2022-04-13 09:16:12,668] {logging_mixin.py:109} INFO - [2022-04-13 09:16:12,668] {dag.py:2398} INFO - Sync 1 DAGs
[2022-04-13 09:16:12,692] {logging_mixin.py:109} INFO - [2022-04-13 09:16:12,692] {dag.py:2937} INFO - Setting next_dagrun for tutorial to 2022-04-12T09:16:12.692364+00:00
[2022-04-13 09:16:12,708] {processor.py:171} INFO - Processing /home/airflow/.local/lib/python3.7/site-packages/airflow/example_dags/tutorial.py took 0.091 seconds
[2022-04-13 09:16:43,336] {processor.py:163} INFO - Started process (PID=1197) to work on /home/airflow/.local/lib/python3.7/site-packages/airflow/example_dags/tutorial.py
[2022-04-13 09:16:43,337] {processor.py:642} INFO - Processing file /home/airflow/.local/lib/python3.7/site-packages/airflow/example_dags/tutorial.py for tasks to queue
[2022-04-13 09:16:43,338] {logging_mixin.py:109} INFO - [2022-04-13 09:16:43,338] {dagbag.py:500} INFO - Filling up the DagBag from /home/airflow/.local/lib/python3.7/site-packages/airflow/example_dags/tutorial.py
[2022-04-13 09:16:43,353] {processor.py:652} INFO - DAG(s) dict_keys(['tutorial']) retrieved from /home/airflow/.local/lib/python3.7/site-packages/airflow/example_dags/tutorial.py
[2022-04-13 09:16:43,378] {logging_mixin.py:109} INFO - [2022-04-13 09:16:43,378] {dag.py:2398} INFO - Sync 1 DAGs
[2022-04-13 09:16:43,401] {logging_mixin.py:109} INFO - [2022-04-13 09:16:43,401] {dag.py:2937} INFO - Setting next_dagrun for tutorial to 2022-04-12T09:16:43.401032+00:00
[2022-04-13 09:16:43,418] {processor.py:171} INFO - Processing /home/airflow/.local/lib/python3.7/site-packages/airflow/example_dags/tutorial.py took 0.086 seconds
[2022-04-13 09:17:14,543] {processor.py:163} INFO - Started process (PID=1247) to work on /home/airflow/.local/lib/python3.7/site-packages/airflow/example_dags/tutorial.py
[2022-04-13 09:17:14,545] {processor.py:642} INFO - Processing file /home/airflow/.local/lib/python3.7/site-packages/airflow/example_dags/tutorial.py for tasks to queue
[2022-04-13 09:17:14,545] {logging_mixin.py:109} INFO - [2022-04-13 09:17:14,545] {dagbag.py:500} INFO - Filling up the DagBag from /home/airflow/.local/lib/python3.7/site-packages/airflow/example_dags/tutorial.py
[2022-04-13 09:17:14,563] {processor.py:652} INFO - DAG(s) dict_keys(['tutorial']) retrieved from /home/airflow/.local/lib/python3.7/site-packages/airflow/example_dags/tutorial.py
[2022-04-13 09:17:14,597] {logging_mixin.py:109} INFO - [2022-04-13 09:17:14,597] {dag.py:2398} INFO - Sync 1 DAGs
[2022-04-13 09:17:14,622] {logging_mixin.py:109} INFO - [2022-04-13 09:17:14,621] {dag.py:2937} INFO - Setting next_dagrun for tutorial to 2022-04-12T09:17:14.621393+00:00
[2022-04-13 09:17:14,640] {processor.py:171} INFO - Processing /home/airflow/.local/lib/python3.7/site-packages/airflow/example_dags/tutorial.py took 0.100 seconds
[2022-04-13 09:17:45,737] {processor.py:163} INFO - Started process (PID=1308) to work on /home/airflow/.local/lib/python3.7/site-packages/airflow/example_dags/tutorial.py
[2022-04-13 09:17:45,739] {processor.py:642} INFO - Processing file /home/airflow/.local/lib/python3.7/site-packages/airflow/example_dags/tutorial.py for tasks to queue
[2022-04-13 09:17:45,739] {logging_mixin.py:109} INFO - [2022-04-13 09:17:45,739] {dagbag.py:500} INFO - Filling up the DagBag from /home/airflow/.local/lib/python3.7/site-packages/airflow/example_dags/tutorial.py
[2022-04-13 09:17:45,755] {processor.py:652} INFO - DAG(s) dict_keys(['tutorial']) retrieved from /home/airflow/.local/lib/python3.7/site-packages/airflow/example_dags/tutorial.py
[2022-04-13 09:17:45,780] {logging_mixin.py:109} INFO - [2022-04-13 09:17:45,780] {dag.py:2398} INFO - Sync 1 DAGs
[2022-04-13 09:17:45,801] {logging_mixin.py:109} INFO - [2022-04-13 09:17:45,801] {dag.py:2937} INFO - Setting next_dagrun for tutorial to 2022-04-12T09:17:45.801309+00:00
[2022-04-13 09:17:45,816] {processor.py:171} INFO - Processing /home/airflow/.local/lib/python3.7/site-packages/airflow/example_dags/tutorial.py took 0.082 seconds
[2022-04-13 09:18:16,842] {processor.py:163} INFO - Started process (PID=1359) to work on /home/airflow/.local/lib/python3.7/site-packages/airflow/example_dags/tutorial.py
[2022-04-13 09:18:16,843] {processor.py:642} INFO - Processing file /home/airflow/.local/lib/python3.7/site-packages/airflow/example_dags/tutorial.py for tasks to queue
[2022-04-13 09:18:16,844] {logging_mixin.py:109} INFO - [2022-04-13 09:18:16,844] {dagbag.py:500} INFO - Filling up the DagBag from /home/airflow/.local/lib/python3.7/site-packages/airflow/example_dags/tutorial.py
[2022-04-13 09:18:16,862] {processor.py:652} INFO - DAG(s) dict_keys(['tutorial']) retrieved from /home/airflow/.local/lib/python3.7/site-packages/airflow/example_dags/tutorial.py
[2022-04-13 09:18:16,890] {logging_mixin.py:109} INFO - [2022-04-13 09:18:16,889] {dag.py:2398} INFO - Sync 1 DAGs
[2022-04-13 09:18:16,920] {logging_mixin.py:109} INFO - [2022-04-13 09:18:16,919] {dag.py:2937} INFO - Setting next_dagrun for tutorial to 2022-04-12T09:18:16.919478+00:00
[2022-04-13 09:18:16,937] {processor.py:171} INFO - Processing /home/airflow/.local/lib/python3.7/site-packages/airflow/example_dags/tutorial.py took 0.097 seconds
[2022-04-13 09:18:48,212] {processor.py:163} INFO - Started process (PID=1417) to work on /home/airflow/.local/lib/python3.7/site-packages/airflow/example_dags/tutorial.py
[2022-04-13 09:18:48,213] {processor.py:642} INFO - Processing file /home/airflow/.local/lib/python3.7/site-packages/airflow/example_dags/tutorial.py for tasks to queue
[2022-04-13 09:18:48,214] {logging_mixin.py:109} INFO - [2022-04-13 09:18:48,214] {dagbag.py:500} INFO - Filling up the DagBag from /home/airflow/.local/lib/python3.7/site-packages/airflow/example_dags/tutorial.py
[2022-04-13 09:18:48,235] {processor.py:652} INFO - DAG(s) dict_keys(['tutorial']) retrieved from /home/airflow/.local/lib/python3.7/site-packages/airflow/example_dags/tutorial.py
[2022-04-13 09:18:48,262] {logging_mixin.py:109} INFO - [2022-04-13 09:18:48,262] {dag.py:2398} INFO - Sync 1 DAGs
[2022-04-13 09:18:48,292] {logging_mixin.py:109} INFO - [2022-04-13 09:18:48,292] {dag.py:2937} INFO - Setting next_dagrun for tutorial to 2022-04-12T09:18:48.292078+00:00
[2022-04-13 09:18:48,314] {processor.py:171} INFO - Processing /home/airflow/.local/lib/python3.7/site-packages/airflow/example_dags/tutorial.py took 0.106 seconds
[2022-04-13 09:19:19,439] {processor.py:163} INFO - Started process (PID=1470) to work on /home/airflow/.local/lib/python3.7/site-packages/airflow/example_dags/tutorial.py
[2022-04-13 09:19:19,439] {processor.py:642} INFO - Processing file /home/airflow/.local/lib/python3.7/site-packages/airflow/example_dags/tutorial.py for tasks to queue
[2022-04-13 09:19:19,440] {logging_mixin.py:109} INFO - [2022-04-13 09:19:19,440] {dagbag.py:500} INFO - Filling up the DagBag from /home/airflow/.local/lib/python3.7/site-packages/airflow/example_dags/tutorial.py
[2022-04-13 09:19:19,457] {processor.py:652} INFO - DAG(s) dict_keys(['tutorial']) retrieved from /home/airflow/.local/lib/python3.7/site-packages/airflow/example_dags/tutorial.py
[2022-04-13 09:19:19,480] {logging_mixin.py:109} INFO - [2022-04-13 09:19:19,480] {dag.py:2398} INFO - Sync 1 DAGs
[2022-04-13 09:19:19,500] {logging_mixin.py:109} INFO - [2022-04-13 09:19:19,500] {dag.py:2937} INFO - Setting next_dagrun for tutorial to 2022-04-12T09:19:19.499942+00:00
[2022-04-13 09:19:19,513] {processor.py:171} INFO - Processing /home/airflow/.local/lib/python3.7/site-packages/airflow/example_dags/tutorial.py took 0.077 seconds
[2022-04-13 09:19:50,058] {processor.py:163} INFO - Started process (PID=1521) to work on /home/airflow/.local/lib/python3.7/site-packages/airflow/example_dags/tutorial.py
[2022-04-13 09:19:50,059] {processor.py:642} INFO - Processing file /home/airflow/.local/lib/python3.7/site-packages/airflow/example_dags/tutorial.py for tasks to queue
[2022-04-13 09:19:50,060] {logging_mixin.py:109} INFO - [2022-04-13 09:19:50,060] {dagbag.py:500} INFO - Filling up the DagBag from /home/airflow/.local/lib/python3.7/site-packages/airflow/example_dags/tutorial.py
[2022-04-13 09:19:50,078] {processor.py:652} INFO - DAG(s) dict_keys(['tutorial']) retrieved from /home/airflow/.local/lib/python3.7/site-packages/airflow/example_dags/tutorial.py
[2022-04-13 09:19:50,115] {logging_mixin.py:109} INFO - [2022-04-13 09:19:50,114] {dag.py:2398} INFO - Sync 1 DAGs
[2022-04-13 09:19:50,144] {logging_mixin.py:109} INFO - [2022-04-13 09:19:50,144] {dag.py:2937} INFO - Setting next_dagrun for tutorial to 2022-04-12T09:19:50.144230+00:00
[2022-04-13 09:19:50,166] {processor.py:171} INFO - Processing /home/airflow/.local/lib/python3.7/site-packages/airflow/example_dags/tutorial.py took 0.113 seconds
[2022-04-13 09:20:21,366] {processor.py:163} INFO - Started process (PID=1582) to work on /home/airflow/.local/lib/python3.7/site-packages/airflow/example_dags/tutorial.py
[2022-04-13 09:20:21,368] {processor.py:642} INFO - Processing file /home/airflow/.local/lib/python3.7/site-packages/airflow/example_dags/tutorial.py for tasks to queue
[2022-04-13 09:20:21,369] {logging_mixin.py:109} INFO - [2022-04-13 09:20:21,368] {dagbag.py:500} INFO - Filling up the DagBag from /home/airflow/.local/lib/python3.7/site-packages/airflow/example_dags/tutorial.py
[2022-04-13 09:20:21,398] {processor.py:652} INFO - DAG(s) dict_keys(['tutorial']) retrieved from /home/airflow/.local/lib/python3.7/site-packages/airflow/example_dags/tutorial.py
[2022-04-13 09:20:21,436] {logging_mixin.py:109} INFO - [2022-04-13 09:20:21,436] {dag.py:2398} INFO - Sync 1 DAGs
[2022-04-13 09:20:21,471] {logging_mixin.py:109} INFO - [2022-04-13 09:20:21,471] {dag.py:2937} INFO - Setting next_dagrun for tutorial to 2022-04-12T09:20:21.470728+00:00
[2022-04-13 09:20:21,493] {processor.py:171} INFO - Processing /home/airflow/.local/lib/python3.7/site-packages/airflow/example_dags/tutorial.py took 0.133 seconds
[2022-04-13 09:20:52,486] {processor.py:163} INFO - Started process (PID=1634) to work on /home/airflow/.local/lib/python3.7/site-packages/airflow/example_dags/tutorial.py
[2022-04-13 09:20:52,489] {processor.py:642} INFO - Processing file /home/airflow/.local/lib/python3.7/site-packages/airflow/example_dags/tutorial.py for tasks to queue
[2022-04-13 09:20:52,490] {logging_mixin.py:109} INFO - [2022-04-13 09:20:52,490] {dagbag.py:500} INFO - Filling up the DagBag from /home/airflow/.local/lib/python3.7/site-packages/airflow/example_dags/tutorial.py
[2022-04-13 09:20:52,518] {processor.py:652} INFO - DAG(s) dict_keys(['tutorial']) retrieved from /home/airflow/.local/lib/python3.7/site-packages/airflow/example_dags/tutorial.py
[2022-04-13 09:20:52,546] {logging_mixin.py:109} INFO - [2022-04-13 09:20:52,546] {dag.py:2398} INFO - Sync 1 DAGs
[2022-04-13 09:20:52,569] {logging_mixin.py:109} INFO - [2022-04-13 09:20:52,569] {dag.py:2937} INFO - Setting next_dagrun for tutorial to 2022-04-12T09:20:52.569278+00:00
[2022-04-13 09:20:52,586] {processor.py:171} INFO - Processing /home/airflow/.local/lib/python3.7/site-packages/airflow/example_dags/tutorial.py took 0.106 seconds
[2022-04-13 09:21:23,677] {processor.py:163} INFO - Started process (PID=1685) to work on /home/airflow/.local/lib/python3.7/site-packages/airflow/example_dags/tutorial.py
[2022-04-13 09:21:23,679] {processor.py:642} INFO - Processing file /home/airflow/.local/lib/python3.7/site-packages/airflow/example_dags/tutorial.py for tasks to queue
[2022-04-13 09:21:23,680] {logging_mixin.py:109} INFO - [2022-04-13 09:21:23,680] {dagbag.py:500} INFO - Filling up the DagBag from /home/airflow/.local/lib/python3.7/site-packages/airflow/example_dags/tutorial.py
[2022-04-13 09:21:23,698] {processor.py:652} INFO - DAG(s) dict_keys(['tutorial']) retrieved from /home/airflow/.local/lib/python3.7/site-packages/airflow/example_dags/tutorial.py
[2022-04-13 09:21:23,726] {logging_mixin.py:109} INFO - [2022-04-13 09:21:23,726] {dag.py:2398} INFO - Sync 1 DAGs
[2022-04-13 09:21:23,747] {logging_mixin.py:109} INFO - [2022-04-13 09:21:23,747] {dag.py:2937} INFO - Setting next_dagrun for tutorial to 2022-04-12T09:21:23.747297+00:00
[2022-04-13 09:21:23,765] {processor.py:171} INFO - Processing /home/airflow/.local/lib/python3.7/site-packages/airflow/example_dags/tutorial.py took 0.091 seconds
[2022-04-13 09:21:54,796] {processor.py:163} INFO - Started process (PID=1745) to work on /home/airflow/.local/lib/python3.7/site-packages/airflow/example_dags/tutorial.py
[2022-04-13 09:21:54,798] {processor.py:642} INFO - Processing file /home/airflow/.local/lib/python3.7/site-packages/airflow/example_dags/tutorial.py for tasks to queue
[2022-04-13 09:21:54,798] {logging_mixin.py:109} INFO - [2022-04-13 09:21:54,798] {dagbag.py:500} INFO - Filling up the DagBag from /home/airflow/.local/lib/python3.7/site-packages/airflow/example_dags/tutorial.py
[2022-04-13 09:21:54,814] {processor.py:652} INFO - DAG(s) dict_keys(['tutorial']) retrieved from /home/airflow/.local/lib/python3.7/site-packages/airflow/example_dags/tutorial.py
[2022-04-13 09:21:54,839] {logging_mixin.py:109} INFO - [2022-04-13 09:21:54,839] {dag.py:2398} INFO - Sync 1 DAGs
[2022-04-13 09:21:54,859] {logging_mixin.py:109} INFO - [2022-04-13 09:21:54,859] {dag.py:2937} INFO - Setting next_dagrun for tutorial to 2022-04-12T09:21:54.859329+00:00
[2022-04-13 09:21:54,872] {processor.py:171} INFO - Processing /home/airflow/.local/lib/python3.7/site-packages/airflow/example_dags/tutorial.py took 0.080 seconds
[2022-04-13 09:22:26,094] {processor.py:163} INFO - Started process (PID=1797) to work on /home/airflow/.local/lib/python3.7/site-packages/airflow/example_dags/tutorial.py
[2022-04-13 09:22:26,097] {processor.py:642} INFO - Processing file /home/airflow/.local/lib/python3.7/site-packages/airflow/example_dags/tutorial.py for tasks to queue
[2022-04-13 09:22:26,098] {logging_mixin.py:109} INFO - [2022-04-13 09:22:26,098] {dagbag.py:500} INFO - Filling up the DagBag from /home/airflow/.local/lib/python3.7/site-packages/airflow/example_dags/tutorial.py
[2022-04-13 09:22:26,125] {processor.py:652} INFO - DAG(s) dict_keys(['tutorial']) retrieved from /home/airflow/.local/lib/python3.7/site-packages/airflow/example_dags/tutorial.py
[2022-04-13 09:22:26,220] {logging_mixin.py:109} INFO - [2022-04-13 09:22:26,220] {dag.py:2398} INFO - Sync 1 DAGs
[2022-04-13 09:22:26,259] {logging_mixin.py:109} INFO - [2022-04-13 09:22:26,259] {dag.py:2937} INFO - Setting next_dagrun for tutorial to 2022-04-12T09:22:26.258645+00:00
[2022-04-13 09:22:26,277] {processor.py:171} INFO - Processing /home/airflow/.local/lib/python3.7/site-packages/airflow/example_dags/tutorial.py took 0.189 seconds
[2022-04-13 09:22:57,562] {processor.py:163} INFO - Started process (PID=1849) to work on /home/airflow/.local/lib/python3.7/site-packages/airflow/example_dags/tutorial.py
[2022-04-13 09:22:57,563] {processor.py:642} INFO - Processing file /home/airflow/.local/lib/python3.7/site-packages/airflow/example_dags/tutorial.py for tasks to queue
[2022-04-13 09:22:57,563] {logging_mixin.py:109} INFO - [2022-04-13 09:22:57,563] {dagbag.py:500} INFO - Filling up the DagBag from /home/airflow/.local/lib/python3.7/site-packages/airflow/example_dags/tutorial.py
[2022-04-13 09:22:57,584] {processor.py:652} INFO - DAG(s) dict_keys(['tutorial']) retrieved from /home/airflow/.local/lib/python3.7/site-packages/airflow/example_dags/tutorial.py
[2022-04-13 09:22:57,619] {logging_mixin.py:109} INFO - [2022-04-13 09:22:57,619] {dag.py:2398} INFO - Sync 1 DAGs
[2022-04-13 09:22:57,654] {logging_mixin.py:109} INFO - [2022-04-13 09:22:57,653] {dag.py:2937} INFO - Setting next_dagrun for tutorial to 2022-04-12T09:22:57.653455+00:00
[2022-04-13 09:22:57,682] {processor.py:171} INFO - Processing /home/airflow/.local/lib/python3.7/site-packages/airflow/example_dags/tutorial.py took 0.124 seconds
[2022-04-13 09:23:28,764] {processor.py:163} INFO - Started process (PID=1911) to work on /home/airflow/.local/lib/python3.7/site-packages/airflow/example_dags/tutorial.py
[2022-04-13 09:23:28,766] {processor.py:642} INFO - Processing file /home/airflow/.local/lib/python3.7/site-packages/airflow/example_dags/tutorial.py for tasks to queue
[2022-04-13 09:23:28,767] {logging_mixin.py:109} INFO - [2022-04-13 09:23:28,767] {dagbag.py:500} INFO - Filling up the DagBag from /home/airflow/.local/lib/python3.7/site-packages/airflow/example_dags/tutorial.py
[2022-04-13 09:23:28,786] {processor.py:652} INFO - DAG(s) dict_keys(['tutorial']) retrieved from /home/airflow/.local/lib/python3.7/site-packages/airflow/example_dags/tutorial.py
[2022-04-13 09:23:28,815] {logging_mixin.py:109} INFO - [2022-04-13 09:23:28,815] {dag.py:2398} INFO - Sync 1 DAGs
[2022-04-13 09:23:28,838] {logging_mixin.py:109} INFO - [2022-04-13 09:23:28,838] {dag.py:2937} INFO - Setting next_dagrun for tutorial to 2022-04-12T09:23:28.838366+00:00
[2022-04-13 09:23:28,854] {processor.py:171} INFO - Processing /home/airflow/.local/lib/python3.7/site-packages/airflow/example_dags/tutorial.py took 0.092 seconds
[2022-04-13 09:24:00,122] {processor.py:163} INFO - Started process (PID=1962) to work on /home/airflow/.local/lib/python3.7/site-packages/airflow/example_dags/tutorial.py
[2022-04-13 09:24:00,125] {processor.py:642} INFO - Processing file /home/airflow/.local/lib/python3.7/site-packages/airflow/example_dags/tutorial.py for tasks to queue
[2022-04-13 09:24:00,126] {logging_mixin.py:109} INFO - [2022-04-13 09:24:00,126] {dagbag.py:500} INFO - Filling up the DagBag from /home/airflow/.local/lib/python3.7/site-packages/airflow/example_dags/tutorial.py
[2022-04-13 09:24:00,159] {processor.py:652} INFO - DAG(s) dict_keys(['tutorial']) retrieved from /home/airflow/.local/lib/python3.7/site-packages/airflow/example_dags/tutorial.py
[2022-04-13 09:24:00,194] {logging_mixin.py:109} INFO - [2022-04-13 09:24:00,193] {dag.py:2398} INFO - Sync 1 DAGs
[2022-04-13 09:24:00,220] {logging_mixin.py:109} INFO - [2022-04-13 09:24:00,220] {dag.py:2937} INFO - Setting next_dagrun for tutorial to 2022-04-12T09:24:00.219765+00:00
[2022-04-13 09:24:00,235] {processor.py:171} INFO - Processing /home/airflow/.local/lib/python3.7/site-packages/airflow/example_dags/tutorial.py took 0.116 seconds
[2022-04-13 09:24:30,833] {processor.py:163} INFO - Started process (PID=2013) to work on /home/airflow/.local/lib/python3.7/site-packages/airflow/example_dags/tutorial.py
[2022-04-13 09:24:30,834] {processor.py:642} INFO - Processing file /home/airflow/.local/lib/python3.7/site-packages/airflow/example_dags/tutorial.py for tasks to queue
[2022-04-13 09:24:30,835] {logging_mixin.py:109} INFO - [2022-04-13 09:24:30,835] {dagbag.py:500} INFO - Filling up the DagBag from /home/airflow/.local/lib/python3.7/site-packages/airflow/example_dags/tutorial.py
[2022-04-13 09:24:30,850] {processor.py:652} INFO - DAG(s) dict_keys(['tutorial']) retrieved from /home/airflow/.local/lib/python3.7/site-packages/airflow/example_dags/tutorial.py
[2022-04-13 09:24:30,886] {logging_mixin.py:109} INFO - [2022-04-13 09:24:30,886] {dag.py:2398} INFO - Sync 1 DAGs
[2022-04-13 09:24:30,913] {logging_mixin.py:109} INFO - [2022-04-13 09:24:30,913] {dag.py:2937} INFO - Setting next_dagrun for tutorial to 2022-04-12T09:24:30.913022+00:00
[2022-04-13 09:24:30,938] {processor.py:171} INFO - Processing /home/airflow/.local/lib/python3.7/site-packages/airflow/example_dags/tutorial.py took 0.107 seconds
[2022-04-13 09:25:02,234] {processor.py:163} INFO - Started process (PID=2075) to work on /home/airflow/.local/lib/python3.7/site-packages/airflow/example_dags/tutorial.py
[2022-04-13 09:25:02,235] {processor.py:642} INFO - Processing file /home/airflow/.local/lib/python3.7/site-packages/airflow/example_dags/tutorial.py for tasks to queue
[2022-04-13 09:25:02,236] {logging_mixin.py:109} INFO - [2022-04-13 09:25:02,236] {dagbag.py:500} INFO - Filling up the DagBag from /home/airflow/.local/lib/python3.7/site-packages/airflow/example_dags/tutorial.py
[2022-04-13 09:25:02,251] {processor.py:652} INFO - DAG(s) dict_keys(['tutorial']) retrieved from /home/airflow/.local/lib/python3.7/site-packages/airflow/example_dags/tutorial.py
[2022-04-13 09:25:02,274] {logging_mixin.py:109} INFO - [2022-04-13 09:25:02,274] {dag.py:2398} INFO - Sync 1 DAGs
[2022-04-13 09:25:02,299] {logging_mixin.py:109} INFO - [2022-04-13 09:25:02,299] {dag.py:2937} INFO - Setting next_dagrun for tutorial to 2022-04-12T09:25:02.299051+00:00
[2022-04-13 09:25:02,314] {processor.py:171} INFO - Processing /home/airflow/.local/lib/python3.7/site-packages/airflow/example_dags/tutorial.py took 0.083 seconds
[2022-04-13 09:25:32,679] {processor.py:163} INFO - Started process (PID=2124) to work on /home/airflow/.local/lib/python3.7/site-packages/airflow/example_dags/tutorial.py
[2022-04-13 09:25:32,680] {processor.py:642} INFO - Processing file /home/airflow/.local/lib/python3.7/site-packages/airflow/example_dags/tutorial.py for tasks to queue
[2022-04-13 09:25:32,680] {logging_mixin.py:109} INFO - [2022-04-13 09:25:32,680] {dagbag.py:500} INFO - Filling up the DagBag from /home/airflow/.local/lib/python3.7/site-packages/airflow/example_dags/tutorial.py
[2022-04-13 09:25:32,694] {processor.py:652} INFO - DAG(s) dict_keys(['tutorial']) retrieved from /home/airflow/.local/lib/python3.7/site-packages/airflow/example_dags/tutorial.py
[2022-04-13 09:25:32,718] {logging_mixin.py:109} INFO - [2022-04-13 09:25:32,718] {dag.py:2398} INFO - Sync 1 DAGs
[2022-04-13 09:25:32,739] {logging_mixin.py:109} INFO - [2022-04-13 09:25:32,739] {dag.py:2937} INFO - Setting next_dagrun for tutorial to 2022-04-12T09:25:32.739364+00:00
[2022-04-13 09:25:32,753] {processor.py:171} INFO - Processing /home/airflow/.local/lib/python3.7/site-packages/airflow/example_dags/tutorial.py took 0.076 seconds
[2022-04-13 09:26:03,812] {processor.py:163} INFO - Started process (PID=2183) to work on /home/airflow/.local/lib/python3.7/site-packages/airflow/example_dags/tutorial.py
[2022-04-13 09:26:03,813] {processor.py:642} INFO - Processing file /home/airflow/.local/lib/python3.7/site-packages/airflow/example_dags/tutorial.py for tasks to queue
[2022-04-13 09:26:03,814] {logging_mixin.py:109} INFO - [2022-04-13 09:26:03,814] {dagbag.py:500} INFO - Filling up the DagBag from /home/airflow/.local/lib/python3.7/site-packages/airflow/example_dags/tutorial.py
[2022-04-13 09:26:03,831] {processor.py:652} INFO - DAG(s) dict_keys(['tutorial']) retrieved from /home/airflow/.local/lib/python3.7/site-packages/airflow/example_dags/tutorial.py
[2022-04-13 09:26:03,855] {logging_mixin.py:109} INFO - [2022-04-13 09:26:03,854] {dag.py:2398} INFO - Sync 1 DAGs
[2022-04-13 09:26:03,878] {logging_mixin.py:109} INFO - [2022-04-13 09:26:03,878] {dag.py:2937} INFO - Setting next_dagrun for tutorial to 2022-04-12T09:26:03.878282+00:00
[2022-04-13 09:26:03,893] {processor.py:171} INFO - Processing /home/airflow/.local/lib/python3.7/site-packages/airflow/example_dags/tutorial.py took 0.083 seconds
