[2022-04-13 08:46:26,237] {processor.py:163} INFO - Started process (PID=152) to work on /home/airflow/.local/lib/python3.7/site-packages/airflow/example_dags/tutorial_etl_dag.py
[2022-04-13 08:46:26,238] {processor.py:642} INFO - Processing file /home/airflow/.local/lib/python3.7/site-packages/airflow/example_dags/tutorial_etl_dag.py for tasks to queue
[2022-04-13 08:46:26,239] {logging_mixin.py:109} INFO - [2022-04-13 08:46:26,239] {dagbag.py:500} INFO - Filling up the DagBag from /home/airflow/.local/lib/python3.7/site-packages/airflow/example_dags/tutorial_etl_dag.py
[2022-04-13 08:46:26,263] {processor.py:652} INFO - DAG(s) dict_keys(['tutorial_etl_dag']) retrieved from /home/airflow/.local/lib/python3.7/site-packages/airflow/example_dags/tutorial_etl_dag.py
[2022-04-13 08:46:28,667] {logging_mixin.py:109} INFO - [2022-04-13 08:46:28,667] {manager.py:496} INFO - Created Permission View: can read on DAG:tutorial_etl_dag
[2022-04-13 08:46:28,682] {logging_mixin.py:109} INFO - [2022-04-13 08:46:28,682] {manager.py:496} INFO - Created Permission View: can edit on DAG:tutorial_etl_dag
[2022-04-13 08:46:28,683] {logging_mixin.py:109} INFO - [2022-04-13 08:46:28,682] {dag.py:2398} INFO - Sync 1 DAGs
[2022-04-13 08:46:28,693] {logging_mixin.py:109} INFO - [2022-04-13 08:46:28,693] {dag.py:2417} INFO - Creating ORM DAG for tutorial_etl_dag
[2022-04-13 08:46:28,703] {logging_mixin.py:109} INFO - [2022-04-13 08:46:28,703] {dag.py:2937} INFO - Setting next_dagrun for tutorial_etl_dag to None
[2022-04-13 08:46:28,724] {processor.py:171} INFO - Processing /home/airflow/.local/lib/python3.7/site-packages/airflow/example_dags/tutorial_etl_dag.py took 2.490 seconds
[2022-04-13 08:46:59,470] {processor.py:163} INFO - Started process (PID=468) to work on /home/airflow/.local/lib/python3.7/site-packages/airflow/example_dags/tutorial_etl_dag.py
[2022-04-13 08:46:59,472] {processor.py:642} INFO - Processing file /home/airflow/.local/lib/python3.7/site-packages/airflow/example_dags/tutorial_etl_dag.py for tasks to queue
[2022-04-13 08:46:59,472] {logging_mixin.py:109} INFO - [2022-04-13 08:46:59,472] {dagbag.py:500} INFO - Filling up the DagBag from /home/airflow/.local/lib/python3.7/site-packages/airflow/example_dags/tutorial_etl_dag.py
[2022-04-13 08:46:59,489] {processor.py:652} INFO - DAG(s) dict_keys(['tutorial_etl_dag']) retrieved from /home/airflow/.local/lib/python3.7/site-packages/airflow/example_dags/tutorial_etl_dag.py
[2022-04-13 08:46:59,511] {logging_mixin.py:109} INFO - [2022-04-13 08:46:59,511] {dag.py:2398} INFO - Sync 1 DAGs
[2022-04-13 08:46:59,528] {logging_mixin.py:109} INFO - [2022-04-13 08:46:59,528] {dag.py:2937} INFO - Setting next_dagrun for tutorial_etl_dag to None
[2022-04-13 08:46:59,546] {processor.py:171} INFO - Processing /home/airflow/.local/lib/python3.7/site-packages/airflow/example_dags/tutorial_etl_dag.py took 0.078 seconds
[2022-04-13 08:47:29,970] {processor.py:163} INFO - Started process (PID=527) to work on /home/airflow/.local/lib/python3.7/site-packages/airflow/example_dags/tutorial_etl_dag.py
[2022-04-13 08:47:29,972] {processor.py:642} INFO - Processing file /home/airflow/.local/lib/python3.7/site-packages/airflow/example_dags/tutorial_etl_dag.py for tasks to queue
[2022-04-13 08:47:29,972] {logging_mixin.py:109} INFO - [2022-04-13 08:47:29,972] {dagbag.py:500} INFO - Filling up the DagBag from /home/airflow/.local/lib/python3.7/site-packages/airflow/example_dags/tutorial_etl_dag.py
[2022-04-13 08:47:30,002] {processor.py:652} INFO - DAG(s) dict_keys(['tutorial_etl_dag']) retrieved from /home/airflow/.local/lib/python3.7/site-packages/airflow/example_dags/tutorial_etl_dag.py
[2022-04-13 08:47:30,036] {logging_mixin.py:109} INFO - [2022-04-13 08:47:30,036] {dag.py:2398} INFO - Sync 1 DAGs
[2022-04-13 08:47:30,064] {logging_mixin.py:109} INFO - [2022-04-13 08:47:30,063] {dag.py:2937} INFO - Setting next_dagrun for tutorial_etl_dag to None
[2022-04-13 08:47:30,081] {processor.py:171} INFO - Processing /home/airflow/.local/lib/python3.7/site-packages/airflow/example_dags/tutorial_etl_dag.py took 0.115 seconds
[2022-04-13 08:48:00,263] {processor.py:163} INFO - Started process (PID=579) to work on /home/airflow/.local/lib/python3.7/site-packages/airflow/example_dags/tutorial_etl_dag.py
[2022-04-13 08:48:00,265] {processor.py:642} INFO - Processing file /home/airflow/.local/lib/python3.7/site-packages/airflow/example_dags/tutorial_etl_dag.py for tasks to queue
[2022-04-13 08:48:00,265] {logging_mixin.py:109} INFO - [2022-04-13 08:48:00,265] {dagbag.py:500} INFO - Filling up the DagBag from /home/airflow/.local/lib/python3.7/site-packages/airflow/example_dags/tutorial_etl_dag.py
[2022-04-13 08:48:00,278] {processor.py:652} INFO - DAG(s) dict_keys(['tutorial_etl_dag']) retrieved from /home/airflow/.local/lib/python3.7/site-packages/airflow/example_dags/tutorial_etl_dag.py
[2022-04-13 08:48:00,297] {logging_mixin.py:109} INFO - [2022-04-13 08:48:00,297] {dag.py:2398} INFO - Sync 1 DAGs
[2022-04-13 08:48:00,315] {logging_mixin.py:109} INFO - [2022-04-13 08:48:00,315] {dag.py:2937} INFO - Setting next_dagrun for tutorial_etl_dag to None
[2022-04-13 08:48:00,332] {processor.py:171} INFO - Processing /home/airflow/.local/lib/python3.7/site-packages/airflow/example_dags/tutorial_etl_dag.py took 0.071 seconds
[2022-04-13 08:48:30,689] {processor.py:163} INFO - Started process (PID=630) to work on /home/airflow/.local/lib/python3.7/site-packages/airflow/example_dags/tutorial_etl_dag.py
[2022-04-13 08:48:30,690] {processor.py:642} INFO - Processing file /home/airflow/.local/lib/python3.7/site-packages/airflow/example_dags/tutorial_etl_dag.py for tasks to queue
[2022-04-13 08:48:30,691] {logging_mixin.py:109} INFO - [2022-04-13 08:48:30,691] {dagbag.py:500} INFO - Filling up the DagBag from /home/airflow/.local/lib/python3.7/site-packages/airflow/example_dags/tutorial_etl_dag.py
[2022-04-13 08:48:30,709] {processor.py:652} INFO - DAG(s) dict_keys(['tutorial_etl_dag']) retrieved from /home/airflow/.local/lib/python3.7/site-packages/airflow/example_dags/tutorial_etl_dag.py
[2022-04-13 08:48:30,732] {logging_mixin.py:109} INFO - [2022-04-13 08:48:30,732] {dag.py:2398} INFO - Sync 1 DAGs
[2022-04-13 08:48:30,752] {logging_mixin.py:109} INFO - [2022-04-13 08:48:30,752] {dag.py:2937} INFO - Setting next_dagrun for tutorial_etl_dag to None
[2022-04-13 08:48:30,768] {processor.py:171} INFO - Processing /home/airflow/.local/lib/python3.7/site-packages/airflow/example_dags/tutorial_etl_dag.py took 0.082 seconds
[2022-04-13 08:52:09,073] {processor.py:163} INFO - Started process (PID=45) to work on /home/airflow/.local/lib/python3.7/site-packages/airflow/example_dags/tutorial_etl_dag.py
[2022-04-13 08:52:09,077] {processor.py:642} INFO - Processing file /home/airflow/.local/lib/python3.7/site-packages/airflow/example_dags/tutorial_etl_dag.py for tasks to queue
[2022-04-13 08:52:09,078] {logging_mixin.py:109} INFO - [2022-04-13 08:52:09,078] {dagbag.py:500} INFO - Filling up the DagBag from /home/airflow/.local/lib/python3.7/site-packages/airflow/example_dags/tutorial_etl_dag.py
[2022-04-13 08:52:09,099] {processor.py:652} INFO - DAG(s) dict_keys(['tutorial_etl_dag']) retrieved from /home/airflow/.local/lib/python3.7/site-packages/airflow/example_dags/tutorial_etl_dag.py
[2022-04-13 08:52:09,141] {logging_mixin.py:109} INFO - [2022-04-13 08:52:09,140] {dag.py:2398} INFO - Sync 1 DAGs
[2022-04-13 08:52:09,174] {logging_mixin.py:109} INFO - [2022-04-13 08:52:09,174] {dag.py:2937} INFO - Setting next_dagrun for tutorial_etl_dag to None
[2022-04-13 08:52:09,201] {processor.py:171} INFO - Processing /home/airflow/.local/lib/python3.7/site-packages/airflow/example_dags/tutorial_etl_dag.py took 0.133 seconds
[2022-04-13 08:54:26,647] {processor.py:163} INFO - Started process (PID=49) to work on /home/airflow/.local/lib/python3.7/site-packages/airflow/example_dags/tutorial_etl_dag.py
[2022-04-13 08:54:26,648] {processor.py:642} INFO - Processing file /home/airflow/.local/lib/python3.7/site-packages/airflow/example_dags/tutorial_etl_dag.py for tasks to queue
[2022-04-13 08:54:26,649] {logging_mixin.py:109} INFO - [2022-04-13 08:54:26,649] {dagbag.py:500} INFO - Filling up the DagBag from /home/airflow/.local/lib/python3.7/site-packages/airflow/example_dags/tutorial_etl_dag.py
[2022-04-13 08:54:26,670] {processor.py:652} INFO - DAG(s) dict_keys(['tutorial_etl_dag']) retrieved from /home/airflow/.local/lib/python3.7/site-packages/airflow/example_dags/tutorial_etl_dag.py
[2022-04-13 08:54:26,699] {logging_mixin.py:109} INFO - [2022-04-13 08:54:26,699] {dag.py:2398} INFO - Sync 1 DAGs
[2022-04-13 08:54:26,729] {logging_mixin.py:109} INFO - [2022-04-13 08:54:26,729] {dag.py:2937} INFO - Setting next_dagrun for tutorial_etl_dag to None
[2022-04-13 08:54:26,755] {processor.py:171} INFO - Processing /home/airflow/.local/lib/python3.7/site-packages/airflow/example_dags/tutorial_etl_dag.py took 0.111 seconds
[2022-04-13 08:54:57,419] {processor.py:163} INFO - Started process (PID=101) to work on /home/airflow/.local/lib/python3.7/site-packages/airflow/example_dags/tutorial_etl_dag.py
[2022-04-13 08:54:57,421] {processor.py:642} INFO - Processing file /home/airflow/.local/lib/python3.7/site-packages/airflow/example_dags/tutorial_etl_dag.py for tasks to queue
[2022-04-13 08:54:57,421] {logging_mixin.py:109} INFO - [2022-04-13 08:54:57,421] {dagbag.py:500} INFO - Filling up the DagBag from /home/airflow/.local/lib/python3.7/site-packages/airflow/example_dags/tutorial_etl_dag.py
[2022-04-13 08:54:57,437] {processor.py:652} INFO - DAG(s) dict_keys(['tutorial_etl_dag']) retrieved from /home/airflow/.local/lib/python3.7/site-packages/airflow/example_dags/tutorial_etl_dag.py
[2022-04-13 08:54:57,455] {logging_mixin.py:109} INFO - [2022-04-13 08:54:57,455] {dag.py:2398} INFO - Sync 1 DAGs
[2022-04-13 08:54:57,469] {logging_mixin.py:109} INFO - [2022-04-13 08:54:57,468] {dag.py:2937} INFO - Setting next_dagrun for tutorial_etl_dag to None
[2022-04-13 08:54:57,480] {processor.py:171} INFO - Processing /home/airflow/.local/lib/python3.7/site-packages/airflow/example_dags/tutorial_etl_dag.py took 0.063 seconds
[2022-04-13 08:55:28,616] {processor.py:163} INFO - Started process (PID=161) to work on /home/airflow/.local/lib/python3.7/site-packages/airflow/example_dags/tutorial_etl_dag.py
[2022-04-13 08:55:28,617] {processor.py:642} INFO - Processing file /home/airflow/.local/lib/python3.7/site-packages/airflow/example_dags/tutorial_etl_dag.py for tasks to queue
[2022-04-13 08:55:28,618] {logging_mixin.py:109} INFO - [2022-04-13 08:55:28,618] {dagbag.py:500} INFO - Filling up the DagBag from /home/airflow/.local/lib/python3.7/site-packages/airflow/example_dags/tutorial_etl_dag.py
[2022-04-13 08:55:28,633] {processor.py:652} INFO - DAG(s) dict_keys(['tutorial_etl_dag']) retrieved from /home/airflow/.local/lib/python3.7/site-packages/airflow/example_dags/tutorial_etl_dag.py
[2022-04-13 08:55:28,656] {logging_mixin.py:109} INFO - [2022-04-13 08:55:28,656] {dag.py:2398} INFO - Sync 1 DAGs
[2022-04-13 08:55:28,670] {logging_mixin.py:109} INFO - [2022-04-13 08:55:28,670] {dag.py:2937} INFO - Setting next_dagrun for tutorial_etl_dag to None
[2022-04-13 08:55:28,680] {processor.py:171} INFO - Processing /home/airflow/.local/lib/python3.7/site-packages/airflow/example_dags/tutorial_etl_dag.py took 0.066 seconds
[2022-04-13 08:55:59,968] {processor.py:163} INFO - Started process (PID=213) to work on /home/airflow/.local/lib/python3.7/site-packages/airflow/example_dags/tutorial_etl_dag.py
[2022-04-13 08:55:59,969] {processor.py:642} INFO - Processing file /home/airflow/.local/lib/python3.7/site-packages/airflow/example_dags/tutorial_etl_dag.py for tasks to queue
[2022-04-13 08:55:59,970] {logging_mixin.py:109} INFO - [2022-04-13 08:55:59,970] {dagbag.py:500} INFO - Filling up the DagBag from /home/airflow/.local/lib/python3.7/site-packages/airflow/example_dags/tutorial_etl_dag.py
[2022-04-13 08:55:59,983] {processor.py:652} INFO - DAG(s) dict_keys(['tutorial_etl_dag']) retrieved from /home/airflow/.local/lib/python3.7/site-packages/airflow/example_dags/tutorial_etl_dag.py
[2022-04-13 08:56:00,006] {logging_mixin.py:109} INFO - [2022-04-13 08:56:00,006] {dag.py:2398} INFO - Sync 1 DAGs
[2022-04-13 08:56:00,032] {logging_mixin.py:109} INFO - [2022-04-13 08:56:00,032] {dag.py:2937} INFO - Setting next_dagrun for tutorial_etl_dag to None
[2022-04-13 08:56:00,048] {processor.py:171} INFO - Processing /home/airflow/.local/lib/python3.7/site-packages/airflow/example_dags/tutorial_etl_dag.py took 0.082 seconds
[2022-04-13 08:56:30,325] {processor.py:163} INFO - Started process (PID=274) to work on /home/airflow/.local/lib/python3.7/site-packages/airflow/example_dags/tutorial_etl_dag.py
[2022-04-13 08:56:30,326] {processor.py:642} INFO - Processing file /home/airflow/.local/lib/python3.7/site-packages/airflow/example_dags/tutorial_etl_dag.py for tasks to queue
[2022-04-13 08:56:30,326] {logging_mixin.py:109} INFO - [2022-04-13 08:56:30,326] {dagbag.py:500} INFO - Filling up the DagBag from /home/airflow/.local/lib/python3.7/site-packages/airflow/example_dags/tutorial_etl_dag.py
[2022-04-13 08:56:30,336] {processor.py:652} INFO - DAG(s) dict_keys(['tutorial_etl_dag']) retrieved from /home/airflow/.local/lib/python3.7/site-packages/airflow/example_dags/tutorial_etl_dag.py
[2022-04-13 08:56:30,353] {logging_mixin.py:109} INFO - [2022-04-13 08:56:30,353] {dag.py:2398} INFO - Sync 1 DAGs
[2022-04-13 08:56:30,369] {logging_mixin.py:109} INFO - [2022-04-13 08:56:30,369] {dag.py:2937} INFO - Setting next_dagrun for tutorial_etl_dag to None
[2022-04-13 08:56:30,380] {processor.py:171} INFO - Processing /home/airflow/.local/lib/python3.7/site-packages/airflow/example_dags/tutorial_etl_dag.py took 0.057 seconds
[2022-04-13 08:57:00,666] {processor.py:163} INFO - Started process (PID=325) to work on /home/airflow/.local/lib/python3.7/site-packages/airflow/example_dags/tutorial_etl_dag.py
[2022-04-13 08:57:00,668] {processor.py:642} INFO - Processing file /home/airflow/.local/lib/python3.7/site-packages/airflow/example_dags/tutorial_etl_dag.py for tasks to queue
[2022-04-13 08:57:00,669] {logging_mixin.py:109} INFO - [2022-04-13 08:57:00,669] {dagbag.py:500} INFO - Filling up the DagBag from /home/airflow/.local/lib/python3.7/site-packages/airflow/example_dags/tutorial_etl_dag.py
[2022-04-13 08:57:00,688] {processor.py:652} INFO - DAG(s) dict_keys(['tutorial_etl_dag']) retrieved from /home/airflow/.local/lib/python3.7/site-packages/airflow/example_dags/tutorial_etl_dag.py
[2022-04-13 08:57:00,708] {logging_mixin.py:109} INFO - [2022-04-13 08:57:00,708] {dag.py:2398} INFO - Sync 1 DAGs
[2022-04-13 08:57:00,723] {logging_mixin.py:109} INFO - [2022-04-13 08:57:00,723] {dag.py:2937} INFO - Setting next_dagrun for tutorial_etl_dag to None
[2022-04-13 08:57:00,735] {processor.py:171} INFO - Processing /home/airflow/.local/lib/python3.7/site-packages/airflow/example_dags/tutorial_etl_dag.py took 0.072 seconds
[2022-04-13 08:57:31,001] {processor.py:163} INFO - Started process (PID=384) to work on /home/airflow/.local/lib/python3.7/site-packages/airflow/example_dags/tutorial_etl_dag.py
[2022-04-13 08:57:31,002] {processor.py:642} INFO - Processing file /home/airflow/.local/lib/python3.7/site-packages/airflow/example_dags/tutorial_etl_dag.py for tasks to queue
[2022-04-13 08:57:31,002] {logging_mixin.py:109} INFO - [2022-04-13 08:57:31,002] {dagbag.py:500} INFO - Filling up the DagBag from /home/airflow/.local/lib/python3.7/site-packages/airflow/example_dags/tutorial_etl_dag.py
[2022-04-13 08:57:31,013] {processor.py:652} INFO - DAG(s) dict_keys(['tutorial_etl_dag']) retrieved from /home/airflow/.local/lib/python3.7/site-packages/airflow/example_dags/tutorial_etl_dag.py
[2022-04-13 08:57:31,034] {logging_mixin.py:109} INFO - [2022-04-13 08:57:31,033] {dag.py:2398} INFO - Sync 1 DAGs
[2022-04-13 08:57:31,051] {logging_mixin.py:109} INFO - [2022-04-13 08:57:31,051] {dag.py:2937} INFO - Setting next_dagrun for tutorial_etl_dag to None
[2022-04-13 08:57:31,063] {processor.py:171} INFO - Processing /home/airflow/.local/lib/python3.7/site-packages/airflow/example_dags/tutorial_etl_dag.py took 0.065 seconds
[2022-04-13 08:58:02,213] {processor.py:163} INFO - Started process (PID=443) to work on /home/airflow/.local/lib/python3.7/site-packages/airflow/example_dags/tutorial_etl_dag.py
[2022-04-13 08:58:02,214] {processor.py:642} INFO - Processing file /home/airflow/.local/lib/python3.7/site-packages/airflow/example_dags/tutorial_etl_dag.py for tasks to queue
[2022-04-13 08:58:02,214] {logging_mixin.py:109} INFO - [2022-04-13 08:58:02,214] {dagbag.py:500} INFO - Filling up the DagBag from /home/airflow/.local/lib/python3.7/site-packages/airflow/example_dags/tutorial_etl_dag.py
[2022-04-13 08:58:02,231] {processor.py:652} INFO - DAG(s) dict_keys(['tutorial_etl_dag']) retrieved from /home/airflow/.local/lib/python3.7/site-packages/airflow/example_dags/tutorial_etl_dag.py
[2022-04-13 08:58:02,255] {logging_mixin.py:109} INFO - [2022-04-13 08:58:02,254] {dag.py:2398} INFO - Sync 1 DAGs
[2022-04-13 08:58:02,272] {logging_mixin.py:109} INFO - [2022-04-13 08:58:02,272] {dag.py:2937} INFO - Setting next_dagrun for tutorial_etl_dag to None
[2022-04-13 08:58:02,286] {processor.py:171} INFO - Processing /home/airflow/.local/lib/python3.7/site-packages/airflow/example_dags/tutorial_etl_dag.py took 0.076 seconds
[2022-04-13 08:58:33,408] {processor.py:163} INFO - Started process (PID=497) to work on /home/airflow/.local/lib/python3.7/site-packages/airflow/example_dags/tutorial_etl_dag.py
[2022-04-13 08:58:33,409] {processor.py:642} INFO - Processing file /home/airflow/.local/lib/python3.7/site-packages/airflow/example_dags/tutorial_etl_dag.py for tasks to queue
[2022-04-13 08:58:33,410] {logging_mixin.py:109} INFO - [2022-04-13 08:58:33,410] {dagbag.py:500} INFO - Filling up the DagBag from /home/airflow/.local/lib/python3.7/site-packages/airflow/example_dags/tutorial_etl_dag.py
[2022-04-13 08:58:33,428] {processor.py:652} INFO - DAG(s) dict_keys(['tutorial_etl_dag']) retrieved from /home/airflow/.local/lib/python3.7/site-packages/airflow/example_dags/tutorial_etl_dag.py
[2022-04-13 08:58:33,451] {logging_mixin.py:109} INFO - [2022-04-13 08:58:33,451] {dag.py:2398} INFO - Sync 1 DAGs
[2022-04-13 08:58:33,473] {logging_mixin.py:109} INFO - [2022-04-13 08:58:33,473] {dag.py:2937} INFO - Setting next_dagrun for tutorial_etl_dag to None
[2022-04-13 08:58:33,486] {processor.py:171} INFO - Processing /home/airflow/.local/lib/python3.7/site-packages/airflow/example_dags/tutorial_etl_dag.py took 0.082 seconds
[2022-04-13 08:59:04,188] {processor.py:163} INFO - Started process (PID=548) to work on /home/airflow/.local/lib/python3.7/site-packages/airflow/example_dags/tutorial_etl_dag.py
[2022-04-13 08:59:04,191] {processor.py:642} INFO - Processing file /home/airflow/.local/lib/python3.7/site-packages/airflow/example_dags/tutorial_etl_dag.py for tasks to queue
[2022-04-13 08:59:04,192] {logging_mixin.py:109} INFO - [2022-04-13 08:59:04,192] {dagbag.py:500} INFO - Filling up the DagBag from /home/airflow/.local/lib/python3.7/site-packages/airflow/example_dags/tutorial_etl_dag.py
[2022-04-13 08:59:04,214] {processor.py:652} INFO - DAG(s) dict_keys(['tutorial_etl_dag']) retrieved from /home/airflow/.local/lib/python3.7/site-packages/airflow/example_dags/tutorial_etl_dag.py
[2022-04-13 08:59:04,258] {logging_mixin.py:109} INFO - [2022-04-13 08:59:04,257] {dag.py:2398} INFO - Sync 1 DAGs
[2022-04-13 08:59:04,289] {logging_mixin.py:109} INFO - [2022-04-13 08:59:04,289] {dag.py:2937} INFO - Setting next_dagrun for tutorial_etl_dag to None
[2022-04-13 08:59:04,314] {processor.py:171} INFO - Processing /home/airflow/.local/lib/python3.7/site-packages/airflow/example_dags/tutorial_etl_dag.py took 0.131 seconds
[2022-04-13 08:59:35,164] {processor.py:163} INFO - Started process (PID=610) to work on /home/airflow/.local/lib/python3.7/site-packages/airflow/example_dags/tutorial_etl_dag.py
[2022-04-13 08:59:35,165] {processor.py:642} INFO - Processing file /home/airflow/.local/lib/python3.7/site-packages/airflow/example_dags/tutorial_etl_dag.py for tasks to queue
[2022-04-13 08:59:35,166] {logging_mixin.py:109} INFO - [2022-04-13 08:59:35,166] {dagbag.py:500} INFO - Filling up the DagBag from /home/airflow/.local/lib/python3.7/site-packages/airflow/example_dags/tutorial_etl_dag.py
[2022-04-13 08:59:35,181] {processor.py:652} INFO - DAG(s) dict_keys(['tutorial_etl_dag']) retrieved from /home/airflow/.local/lib/python3.7/site-packages/airflow/example_dags/tutorial_etl_dag.py
[2022-04-13 08:59:35,207] {logging_mixin.py:109} INFO - [2022-04-13 08:59:35,207] {dag.py:2398} INFO - Sync 1 DAGs
[2022-04-13 08:59:35,231] {logging_mixin.py:109} INFO - [2022-04-13 08:59:35,231] {dag.py:2937} INFO - Setting next_dagrun for tutorial_etl_dag to None
[2022-04-13 08:59:35,249] {processor.py:171} INFO - Processing /home/airflow/.local/lib/python3.7/site-packages/airflow/example_dags/tutorial_etl_dag.py took 0.087 seconds
[2022-04-13 09:00:05,694] {processor.py:163} INFO - Started process (PID=660) to work on /home/airflow/.local/lib/python3.7/site-packages/airflow/example_dags/tutorial_etl_dag.py
[2022-04-13 09:00:05,696] {processor.py:642} INFO - Processing file /home/airflow/.local/lib/python3.7/site-packages/airflow/example_dags/tutorial_etl_dag.py for tasks to queue
[2022-04-13 09:00:05,697] {logging_mixin.py:109} INFO - [2022-04-13 09:00:05,697] {dagbag.py:500} INFO - Filling up the DagBag from /home/airflow/.local/lib/python3.7/site-packages/airflow/example_dags/tutorial_etl_dag.py
[2022-04-13 09:00:05,712] {processor.py:652} INFO - DAG(s) dict_keys(['tutorial_etl_dag']) retrieved from /home/airflow/.local/lib/python3.7/site-packages/airflow/example_dags/tutorial_etl_dag.py
[2022-04-13 09:00:05,738] {logging_mixin.py:109} INFO - [2022-04-13 09:00:05,738] {dag.py:2398} INFO - Sync 1 DAGs
[2022-04-13 09:00:05,759] {logging_mixin.py:109} INFO - [2022-04-13 09:00:05,759] {dag.py:2937} INFO - Setting next_dagrun for tutorial_etl_dag to None
[2022-04-13 09:00:05,777] {processor.py:171} INFO - Processing /home/airflow/.local/lib/python3.7/site-packages/airflow/example_dags/tutorial_etl_dag.py took 0.087 seconds
[2022-04-13 09:00:36,371] {processor.py:163} INFO - Started process (PID=712) to work on /home/airflow/.local/lib/python3.7/site-packages/airflow/example_dags/tutorial_etl_dag.py
[2022-04-13 09:00:36,373] {processor.py:642} INFO - Processing file /home/airflow/.local/lib/python3.7/site-packages/airflow/example_dags/tutorial_etl_dag.py for tasks to queue
[2022-04-13 09:00:36,374] {logging_mixin.py:109} INFO - [2022-04-13 09:00:36,374] {dagbag.py:500} INFO - Filling up the DagBag from /home/airflow/.local/lib/python3.7/site-packages/airflow/example_dags/tutorial_etl_dag.py
[2022-04-13 09:00:36,394] {processor.py:652} INFO - DAG(s) dict_keys(['tutorial_etl_dag']) retrieved from /home/airflow/.local/lib/python3.7/site-packages/airflow/example_dags/tutorial_etl_dag.py
[2022-04-13 09:00:36,428] {logging_mixin.py:109} INFO - [2022-04-13 09:00:36,428] {dag.py:2398} INFO - Sync 1 DAGs
[2022-04-13 09:00:36,453] {logging_mixin.py:109} INFO - [2022-04-13 09:00:36,453] {dag.py:2937} INFO - Setting next_dagrun for tutorial_etl_dag to None
[2022-04-13 09:00:36,478] {processor.py:171} INFO - Processing /home/airflow/.local/lib/python3.7/site-packages/airflow/example_dags/tutorial_etl_dag.py took 0.110 seconds
[2022-04-13 09:01:06,524] {processor.py:163} INFO - Started process (PID=771) to work on /home/airflow/.local/lib/python3.7/site-packages/airflow/example_dags/tutorial_etl_dag.py
[2022-04-13 09:01:06,526] {processor.py:642} INFO - Processing file /home/airflow/.local/lib/python3.7/site-packages/airflow/example_dags/tutorial_etl_dag.py for tasks to queue
[2022-04-13 09:01:06,527] {logging_mixin.py:109} INFO - [2022-04-13 09:01:06,527] {dagbag.py:500} INFO - Filling up the DagBag from /home/airflow/.local/lib/python3.7/site-packages/airflow/example_dags/tutorial_etl_dag.py
[2022-04-13 09:01:06,543] {processor.py:652} INFO - DAG(s) dict_keys(['tutorial_etl_dag']) retrieved from /home/airflow/.local/lib/python3.7/site-packages/airflow/example_dags/tutorial_etl_dag.py
[2022-04-13 09:01:06,569] {logging_mixin.py:109} INFO - [2022-04-13 09:01:06,569] {dag.py:2398} INFO - Sync 1 DAGs
[2022-04-13 09:01:06,595] {logging_mixin.py:109} INFO - [2022-04-13 09:01:06,595] {dag.py:2937} INFO - Setting next_dagrun for tutorial_etl_dag to None
[2022-04-13 09:01:06,610] {processor.py:171} INFO - Processing /home/airflow/.local/lib/python3.7/site-packages/airflow/example_dags/tutorial_etl_dag.py took 0.088 seconds
[2022-04-13 09:01:36,923] {processor.py:163} INFO - Started process (PID=822) to work on /home/airflow/.local/lib/python3.7/site-packages/airflow/example_dags/tutorial_etl_dag.py
[2022-04-13 09:01:36,926] {processor.py:642} INFO - Processing file /home/airflow/.local/lib/python3.7/site-packages/airflow/example_dags/tutorial_etl_dag.py for tasks to queue
[2022-04-13 09:01:36,927] {logging_mixin.py:109} INFO - [2022-04-13 09:01:36,926] {dagbag.py:500} INFO - Filling up the DagBag from /home/airflow/.local/lib/python3.7/site-packages/airflow/example_dags/tutorial_etl_dag.py
[2022-04-13 09:01:36,945] {processor.py:652} INFO - DAG(s) dict_keys(['tutorial_etl_dag']) retrieved from /home/airflow/.local/lib/python3.7/site-packages/airflow/example_dags/tutorial_etl_dag.py
[2022-04-13 09:01:36,970] {logging_mixin.py:109} INFO - [2022-04-13 09:01:36,970] {dag.py:2398} INFO - Sync 1 DAGs
[2022-04-13 09:01:36,992] {logging_mixin.py:109} INFO - [2022-04-13 09:01:36,992] {dag.py:2937} INFO - Setting next_dagrun for tutorial_etl_dag to None
[2022-04-13 09:01:37,008] {processor.py:171} INFO - Processing /home/airflow/.local/lib/python3.7/site-packages/airflow/example_dags/tutorial_etl_dag.py took 0.088 seconds
[2022-04-13 09:02:07,444] {processor.py:163} INFO - Started process (PID=873) to work on /home/airflow/.local/lib/python3.7/site-packages/airflow/example_dags/tutorial_etl_dag.py
[2022-04-13 09:02:07,446] {processor.py:642} INFO - Processing file /home/airflow/.local/lib/python3.7/site-packages/airflow/example_dags/tutorial_etl_dag.py for tasks to queue
[2022-04-13 09:02:07,447] {logging_mixin.py:109} INFO - [2022-04-13 09:02:07,447] {dagbag.py:500} INFO - Filling up the DagBag from /home/airflow/.local/lib/python3.7/site-packages/airflow/example_dags/tutorial_etl_dag.py
[2022-04-13 09:02:07,463] {processor.py:652} INFO - DAG(s) dict_keys(['tutorial_etl_dag']) retrieved from /home/airflow/.local/lib/python3.7/site-packages/airflow/example_dags/tutorial_etl_dag.py
[2022-04-13 09:02:07,487] {logging_mixin.py:109} INFO - [2022-04-13 09:02:07,487] {dag.py:2398} INFO - Sync 1 DAGs
[2022-04-13 09:02:07,507] {logging_mixin.py:109} INFO - [2022-04-13 09:02:07,507] {dag.py:2937} INFO - Setting next_dagrun for tutorial_etl_dag to None
[2022-04-13 09:02:07,523] {processor.py:171} INFO - Processing /home/airflow/.local/lib/python3.7/site-packages/airflow/example_dags/tutorial_etl_dag.py took 0.083 seconds
[2022-04-13 09:02:37,783] {processor.py:163} INFO - Started process (PID=935) to work on /home/airflow/.local/lib/python3.7/site-packages/airflow/example_dags/tutorial_etl_dag.py
[2022-04-13 09:02:37,784] {processor.py:642} INFO - Processing file /home/airflow/.local/lib/python3.7/site-packages/airflow/example_dags/tutorial_etl_dag.py for tasks to queue
[2022-04-13 09:02:37,786] {logging_mixin.py:109} INFO - [2022-04-13 09:02:37,785] {dagbag.py:500} INFO - Filling up the DagBag from /home/airflow/.local/lib/python3.7/site-packages/airflow/example_dags/tutorial_etl_dag.py
[2022-04-13 09:02:37,816] {processor.py:652} INFO - DAG(s) dict_keys(['tutorial_etl_dag']) retrieved from /home/airflow/.local/lib/python3.7/site-packages/airflow/example_dags/tutorial_etl_dag.py
[2022-04-13 09:02:37,862] {logging_mixin.py:109} INFO - [2022-04-13 09:02:37,861] {dag.py:2398} INFO - Sync 1 DAGs
[2022-04-13 09:02:37,904] {logging_mixin.py:109} INFO - [2022-04-13 09:02:37,904] {dag.py:2937} INFO - Setting next_dagrun for tutorial_etl_dag to None
[2022-04-13 09:02:37,936] {processor.py:171} INFO - Processing /home/airflow/.local/lib/python3.7/site-packages/airflow/example_dags/tutorial_etl_dag.py took 0.159 seconds
[2022-04-13 09:03:08,069] {processor.py:163} INFO - Started process (PID=985) to work on /home/airflow/.local/lib/python3.7/site-packages/airflow/example_dags/tutorial_etl_dag.py
[2022-04-13 09:03:08,071] {processor.py:642} INFO - Processing file /home/airflow/.local/lib/python3.7/site-packages/airflow/example_dags/tutorial_etl_dag.py for tasks to queue
[2022-04-13 09:03:08,072] {logging_mixin.py:109} INFO - [2022-04-13 09:03:08,072] {dagbag.py:500} INFO - Filling up the DagBag from /home/airflow/.local/lib/python3.7/site-packages/airflow/example_dags/tutorial_etl_dag.py
[2022-04-13 09:03:08,089] {processor.py:652} INFO - DAG(s) dict_keys(['tutorial_etl_dag']) retrieved from /home/airflow/.local/lib/python3.7/site-packages/airflow/example_dags/tutorial_etl_dag.py
[2022-04-13 09:03:08,115] {logging_mixin.py:109} INFO - [2022-04-13 09:03:08,115] {dag.py:2398} INFO - Sync 1 DAGs
[2022-04-13 09:03:08,144] {logging_mixin.py:109} INFO - [2022-04-13 09:03:08,144] {dag.py:2937} INFO - Setting next_dagrun for tutorial_etl_dag to None
[2022-04-13 09:03:08,173] {processor.py:171} INFO - Processing /home/airflow/.local/lib/python3.7/site-packages/airflow/example_dags/tutorial_etl_dag.py took 0.106 seconds
[2022-04-13 09:05:51,373] {processor.py:163} INFO - Started process (PID=47) to work on /home/airflow/.local/lib/python3.7/site-packages/airflow/example_dags/tutorial_etl_dag.py
[2022-04-13 09:05:51,375] {processor.py:642} INFO - Processing file /home/airflow/.local/lib/python3.7/site-packages/airflow/example_dags/tutorial_etl_dag.py for tasks to queue
[2022-04-13 09:05:51,376] {logging_mixin.py:109} INFO - [2022-04-13 09:05:51,376] {dagbag.py:500} INFO - Filling up the DagBag from /home/airflow/.local/lib/python3.7/site-packages/airflow/example_dags/tutorial_etl_dag.py
[2022-04-13 09:05:51,395] {processor.py:652} INFO - DAG(s) dict_keys(['tutorial_etl_dag']) retrieved from /home/airflow/.local/lib/python3.7/site-packages/airflow/example_dags/tutorial_etl_dag.py
[2022-04-13 09:05:51,423] {logging_mixin.py:109} INFO - [2022-04-13 09:05:51,422] {dag.py:2398} INFO - Sync 1 DAGs
[2022-04-13 09:05:51,441] {logging_mixin.py:109} INFO - [2022-04-13 09:05:51,441] {dag.py:2937} INFO - Setting next_dagrun for tutorial_etl_dag to None
[2022-04-13 09:05:51,455] {processor.py:171} INFO - Processing /home/airflow/.local/lib/python3.7/site-packages/airflow/example_dags/tutorial_etl_dag.py took 0.086 seconds
[2022-04-13 09:06:22,299] {processor.py:163} INFO - Started process (PID=98) to work on /home/airflow/.local/lib/python3.7/site-packages/airflow/example_dags/tutorial_etl_dag.py
[2022-04-13 09:06:22,300] {processor.py:642} INFO - Processing file /home/airflow/.local/lib/python3.7/site-packages/airflow/example_dags/tutorial_etl_dag.py for tasks to queue
[2022-04-13 09:06:22,301] {logging_mixin.py:109} INFO - [2022-04-13 09:06:22,301] {dagbag.py:500} INFO - Filling up the DagBag from /home/airflow/.local/lib/python3.7/site-packages/airflow/example_dags/tutorial_etl_dag.py
[2022-04-13 09:06:22,316] {processor.py:652} INFO - DAG(s) dict_keys(['tutorial_etl_dag']) retrieved from /home/airflow/.local/lib/python3.7/site-packages/airflow/example_dags/tutorial_etl_dag.py
[2022-04-13 09:06:22,337] {logging_mixin.py:109} INFO - [2022-04-13 09:06:22,337] {dag.py:2398} INFO - Sync 1 DAGs
[2022-04-13 09:06:22,356] {logging_mixin.py:109} INFO - [2022-04-13 09:06:22,356] {dag.py:2937} INFO - Setting next_dagrun for tutorial_etl_dag to None
[2022-04-13 09:06:22,369] {processor.py:171} INFO - Processing /home/airflow/.local/lib/python3.7/site-packages/airflow/example_dags/tutorial_etl_dag.py took 0.072 seconds
[2022-04-13 09:06:52,921] {processor.py:163} INFO - Started process (PID=159) to work on /home/airflow/.local/lib/python3.7/site-packages/airflow/example_dags/tutorial_etl_dag.py
[2022-04-13 09:06:52,922] {processor.py:642} INFO - Processing file /home/airflow/.local/lib/python3.7/site-packages/airflow/example_dags/tutorial_etl_dag.py for tasks to queue
[2022-04-13 09:06:52,923] {logging_mixin.py:109} INFO - [2022-04-13 09:06:52,923] {dagbag.py:500} INFO - Filling up the DagBag from /home/airflow/.local/lib/python3.7/site-packages/airflow/example_dags/tutorial_etl_dag.py
[2022-04-13 09:06:52,939] {processor.py:652} INFO - DAG(s) dict_keys(['tutorial_etl_dag']) retrieved from /home/airflow/.local/lib/python3.7/site-packages/airflow/example_dags/tutorial_etl_dag.py
[2022-04-13 09:06:52,963] {logging_mixin.py:109} INFO - [2022-04-13 09:06:52,963] {dag.py:2398} INFO - Sync 1 DAGs
[2022-04-13 09:06:52,982] {logging_mixin.py:109} INFO - [2022-04-13 09:06:52,982] {dag.py:2937} INFO - Setting next_dagrun for tutorial_etl_dag to None
[2022-04-13 09:06:52,995] {processor.py:171} INFO - Processing /home/airflow/.local/lib/python3.7/site-packages/airflow/example_dags/tutorial_etl_dag.py took 0.077 seconds
[2022-04-13 09:07:23,363] {processor.py:163} INFO - Started process (PID=210) to work on /home/airflow/.local/lib/python3.7/site-packages/airflow/example_dags/tutorial_etl_dag.py
[2022-04-13 09:07:23,365] {processor.py:642} INFO - Processing file /home/airflow/.local/lib/python3.7/site-packages/airflow/example_dags/tutorial_etl_dag.py for tasks to queue
[2022-04-13 09:07:23,365] {logging_mixin.py:109} INFO - [2022-04-13 09:07:23,365] {dagbag.py:500} INFO - Filling up the DagBag from /home/airflow/.local/lib/python3.7/site-packages/airflow/example_dags/tutorial_etl_dag.py
[2022-04-13 09:07:23,392] {processor.py:652} INFO - DAG(s) dict_keys(['tutorial_etl_dag']) retrieved from /home/airflow/.local/lib/python3.7/site-packages/airflow/example_dags/tutorial_etl_dag.py
[2022-04-13 09:07:23,415] {logging_mixin.py:109} INFO - [2022-04-13 09:07:23,414] {dag.py:2398} INFO - Sync 1 DAGs
[2022-04-13 09:07:23,437] {logging_mixin.py:109} INFO - [2022-04-13 09:07:23,437] {dag.py:2937} INFO - Setting next_dagrun for tutorial_etl_dag to None
[2022-04-13 09:07:23,457] {processor.py:171} INFO - Processing /home/airflow/.local/lib/python3.7/site-packages/airflow/example_dags/tutorial_etl_dag.py took 0.098 seconds
[2022-04-13 09:07:54,035] {processor.py:163} INFO - Started process (PID=261) to work on /home/airflow/.local/lib/python3.7/site-packages/airflow/example_dags/tutorial_etl_dag.py
[2022-04-13 09:07:54,036] {processor.py:642} INFO - Processing file /home/airflow/.local/lib/python3.7/site-packages/airflow/example_dags/tutorial_etl_dag.py for tasks to queue
[2022-04-13 09:07:54,037] {logging_mixin.py:109} INFO - [2022-04-13 09:07:54,037] {dagbag.py:500} INFO - Filling up the DagBag from /home/airflow/.local/lib/python3.7/site-packages/airflow/example_dags/tutorial_etl_dag.py
[2022-04-13 09:07:54,051] {processor.py:652} INFO - DAG(s) dict_keys(['tutorial_etl_dag']) retrieved from /home/airflow/.local/lib/python3.7/site-packages/airflow/example_dags/tutorial_etl_dag.py
[2022-04-13 09:07:54,070] {logging_mixin.py:109} INFO - [2022-04-13 09:07:54,070] {dag.py:2398} INFO - Sync 1 DAGs
[2022-04-13 09:07:54,085] {logging_mixin.py:109} INFO - [2022-04-13 09:07:54,085] {dag.py:2937} INFO - Setting next_dagrun for tutorial_etl_dag to None
[2022-04-13 09:07:54,096] {processor.py:171} INFO - Processing /home/airflow/.local/lib/python3.7/site-packages/airflow/example_dags/tutorial_etl_dag.py took 0.063 seconds
[2022-04-13 09:08:25,428] {processor.py:163} INFO - Started process (PID=322) to work on /home/airflow/.local/lib/python3.7/site-packages/airflow/example_dags/tutorial_etl_dag.py
[2022-04-13 09:08:25,429] {processor.py:642} INFO - Processing file /home/airflow/.local/lib/python3.7/site-packages/airflow/example_dags/tutorial_etl_dag.py for tasks to queue
[2022-04-13 09:08:25,429] {logging_mixin.py:109} INFO - [2022-04-13 09:08:25,429] {dagbag.py:500} INFO - Filling up the DagBag from /home/airflow/.local/lib/python3.7/site-packages/airflow/example_dags/tutorial_etl_dag.py
[2022-04-13 09:08:25,450] {processor.py:652} INFO - DAG(s) dict_keys(['tutorial_etl_dag']) retrieved from /home/airflow/.local/lib/python3.7/site-packages/airflow/example_dags/tutorial_etl_dag.py
[2022-04-13 09:08:25,477] {logging_mixin.py:109} INFO - [2022-04-13 09:08:25,476] {dag.py:2398} INFO - Sync 1 DAGs
[2022-04-13 09:08:25,496] {logging_mixin.py:109} INFO - [2022-04-13 09:08:25,496] {dag.py:2937} INFO - Setting next_dagrun for tutorial_etl_dag to None
[2022-04-13 09:08:25,511] {processor.py:171} INFO - Processing /home/airflow/.local/lib/python3.7/site-packages/airflow/example_dags/tutorial_etl_dag.py took 0.085 seconds
[2022-04-13 09:08:56,210] {processor.py:163} INFO - Started process (PID=374) to work on /home/airflow/.local/lib/python3.7/site-packages/airflow/example_dags/tutorial_etl_dag.py
[2022-04-13 09:08:56,212] {processor.py:642} INFO - Processing file /home/airflow/.local/lib/python3.7/site-packages/airflow/example_dags/tutorial_etl_dag.py for tasks to queue
[2022-04-13 09:08:56,212] {logging_mixin.py:109} INFO - [2022-04-13 09:08:56,212] {dagbag.py:500} INFO - Filling up the DagBag from /home/airflow/.local/lib/python3.7/site-packages/airflow/example_dags/tutorial_etl_dag.py
[2022-04-13 09:08:56,239] {processor.py:652} INFO - DAG(s) dict_keys(['tutorial_etl_dag']) retrieved from /home/airflow/.local/lib/python3.7/site-packages/airflow/example_dags/tutorial_etl_dag.py
[2022-04-13 09:08:56,266] {logging_mixin.py:109} INFO - [2022-04-13 09:08:56,266] {dag.py:2398} INFO - Sync 1 DAGs
[2022-04-13 09:08:56,292] {logging_mixin.py:109} INFO - [2022-04-13 09:08:56,291] {dag.py:2937} INFO - Setting next_dagrun for tutorial_etl_dag to None
[2022-04-13 09:08:56,306] {processor.py:171} INFO - Processing /home/airflow/.local/lib/python3.7/site-packages/airflow/example_dags/tutorial_etl_dag.py took 0.098 seconds
[2022-04-13 09:09:27,912] {processor.py:163} INFO - Started process (PID=435) to work on /home/airflow/.local/lib/python3.7/site-packages/airflow/example_dags/tutorial_etl_dag.py
[2022-04-13 09:09:27,913] {processor.py:642} INFO - Processing file /home/airflow/.local/lib/python3.7/site-packages/airflow/example_dags/tutorial_etl_dag.py for tasks to queue
[2022-04-13 09:09:27,914] {logging_mixin.py:109} INFO - [2022-04-13 09:09:27,914] {dagbag.py:500} INFO - Filling up the DagBag from /home/airflow/.local/lib/python3.7/site-packages/airflow/example_dags/tutorial_etl_dag.py
[2022-04-13 09:09:27,942] {processor.py:652} INFO - DAG(s) dict_keys(['tutorial_etl_dag']) retrieved from /home/airflow/.local/lib/python3.7/site-packages/airflow/example_dags/tutorial_etl_dag.py
[2022-04-13 09:09:27,968] {logging_mixin.py:109} INFO - [2022-04-13 09:09:27,968] {dag.py:2398} INFO - Sync 1 DAGs
[2022-04-13 09:09:27,991] {logging_mixin.py:109} INFO - [2022-04-13 09:09:27,991] {dag.py:2937} INFO - Setting next_dagrun for tutorial_etl_dag to None
[2022-04-13 09:09:28,007] {processor.py:171} INFO - Processing /home/airflow/.local/lib/python3.7/site-packages/airflow/example_dags/tutorial_etl_dag.py took 0.098 seconds
[2022-04-13 09:09:58,891] {processor.py:163} INFO - Started process (PID=486) to work on /home/airflow/.local/lib/python3.7/site-packages/airflow/example_dags/tutorial_etl_dag.py
[2022-04-13 09:09:58,893] {processor.py:642} INFO - Processing file /home/airflow/.local/lib/python3.7/site-packages/airflow/example_dags/tutorial_etl_dag.py for tasks to queue
[2022-04-13 09:09:58,894] {logging_mixin.py:109} INFO - [2022-04-13 09:09:58,893] {dagbag.py:500} INFO - Filling up the DagBag from /home/airflow/.local/lib/python3.7/site-packages/airflow/example_dags/tutorial_etl_dag.py
[2022-04-13 09:09:58,917] {processor.py:652} INFO - DAG(s) dict_keys(['tutorial_etl_dag']) retrieved from /home/airflow/.local/lib/python3.7/site-packages/airflow/example_dags/tutorial_etl_dag.py
[2022-04-13 09:09:58,953] {logging_mixin.py:109} INFO - [2022-04-13 09:09:58,953] {dag.py:2398} INFO - Sync 1 DAGs
[2022-04-13 09:09:58,979] {logging_mixin.py:109} INFO - [2022-04-13 09:09:58,978] {dag.py:2937} INFO - Setting next_dagrun for tutorial_etl_dag to None
[2022-04-13 09:09:58,995] {processor.py:171} INFO - Processing /home/airflow/.local/lib/python3.7/site-packages/airflow/example_dags/tutorial_etl_dag.py took 0.107 seconds
[2022-04-13 09:10:30,232] {processor.py:163} INFO - Started process (PID=546) to work on /home/airflow/.local/lib/python3.7/site-packages/airflow/example_dags/tutorial_etl_dag.py
[2022-04-13 09:10:30,234] {processor.py:642} INFO - Processing file /home/airflow/.local/lib/python3.7/site-packages/airflow/example_dags/tutorial_etl_dag.py for tasks to queue
[2022-04-13 09:10:30,235] {logging_mixin.py:109} INFO - [2022-04-13 09:10:30,235] {dagbag.py:500} INFO - Filling up the DagBag from /home/airflow/.local/lib/python3.7/site-packages/airflow/example_dags/tutorial_etl_dag.py
[2022-04-13 09:10:30,252] {processor.py:652} INFO - DAG(s) dict_keys(['tutorial_etl_dag']) retrieved from /home/airflow/.local/lib/python3.7/site-packages/airflow/example_dags/tutorial_etl_dag.py
[2022-04-13 09:10:30,283] {logging_mixin.py:109} INFO - [2022-04-13 09:10:30,282] {dag.py:2398} INFO - Sync 1 DAGs
[2022-04-13 09:10:30,307] {logging_mixin.py:109} INFO - [2022-04-13 09:10:30,307] {dag.py:2937} INFO - Setting next_dagrun for tutorial_etl_dag to None
[2022-04-13 09:10:30,328] {processor.py:171} INFO - Processing /home/airflow/.local/lib/python3.7/site-packages/airflow/example_dags/tutorial_etl_dag.py took 0.100 seconds
[2022-04-13 09:11:01,388] {processor.py:163} INFO - Started process (PID=597) to work on /home/airflow/.local/lib/python3.7/site-packages/airflow/example_dags/tutorial_etl_dag.py
[2022-04-13 09:11:01,389] {processor.py:642} INFO - Processing file /home/airflow/.local/lib/python3.7/site-packages/airflow/example_dags/tutorial_etl_dag.py for tasks to queue
[2022-04-13 09:11:01,390] {logging_mixin.py:109} INFO - [2022-04-13 09:11:01,390] {dagbag.py:500} INFO - Filling up the DagBag from /home/airflow/.local/lib/python3.7/site-packages/airflow/example_dags/tutorial_etl_dag.py
[2022-04-13 09:11:01,404] {processor.py:652} INFO - DAG(s) dict_keys(['tutorial_etl_dag']) retrieved from /home/airflow/.local/lib/python3.7/site-packages/airflow/example_dags/tutorial_etl_dag.py
[2022-04-13 09:11:01,427] {logging_mixin.py:109} INFO - [2022-04-13 09:11:01,427] {dag.py:2398} INFO - Sync 1 DAGs
[2022-04-13 09:11:01,448] {logging_mixin.py:109} INFO - [2022-04-13 09:11:01,447] {dag.py:2937} INFO - Setting next_dagrun for tutorial_etl_dag to None
[2022-04-13 09:11:01,462] {processor.py:171} INFO - Processing /home/airflow/.local/lib/python3.7/site-packages/airflow/example_dags/tutorial_etl_dag.py took 0.076 seconds
[2022-04-13 09:11:32,096] {processor.py:163} INFO - Started process (PID=647) to work on /home/airflow/.local/lib/python3.7/site-packages/airflow/example_dags/tutorial_etl_dag.py
[2022-04-13 09:11:32,097] {processor.py:642} INFO - Processing file /home/airflow/.local/lib/python3.7/site-packages/airflow/example_dags/tutorial_etl_dag.py for tasks to queue
[2022-04-13 09:11:32,098] {logging_mixin.py:109} INFO - [2022-04-13 09:11:32,098] {dagbag.py:500} INFO - Filling up the DagBag from /home/airflow/.local/lib/python3.7/site-packages/airflow/example_dags/tutorial_etl_dag.py
[2022-04-13 09:11:32,113] {processor.py:652} INFO - DAG(s) dict_keys(['tutorial_etl_dag']) retrieved from /home/airflow/.local/lib/python3.7/site-packages/airflow/example_dags/tutorial_etl_dag.py
[2022-04-13 09:11:32,140] {logging_mixin.py:109} INFO - [2022-04-13 09:11:32,140] {dag.py:2398} INFO - Sync 1 DAGs
[2022-04-13 09:11:32,161] {logging_mixin.py:109} INFO - [2022-04-13 09:11:32,161] {dag.py:2937} INFO - Setting next_dagrun for tutorial_etl_dag to None
[2022-04-13 09:11:32,175] {processor.py:171} INFO - Processing /home/airflow/.local/lib/python3.7/site-packages/airflow/example_dags/tutorial_etl_dag.py took 0.082 seconds
[2022-04-13 09:12:03,372] {processor.py:163} INFO - Started process (PID=708) to work on /home/airflow/.local/lib/python3.7/site-packages/airflow/example_dags/tutorial_etl_dag.py
[2022-04-13 09:12:03,374] {processor.py:642} INFO - Processing file /home/airflow/.local/lib/python3.7/site-packages/airflow/example_dags/tutorial_etl_dag.py for tasks to queue
[2022-04-13 09:12:03,376] {logging_mixin.py:109} INFO - [2022-04-13 09:12:03,375] {dagbag.py:500} INFO - Filling up the DagBag from /home/airflow/.local/lib/python3.7/site-packages/airflow/example_dags/tutorial_etl_dag.py
[2022-04-13 09:12:03,396] {processor.py:652} INFO - DAG(s) dict_keys(['tutorial_etl_dag']) retrieved from /home/airflow/.local/lib/python3.7/site-packages/airflow/example_dags/tutorial_etl_dag.py
[2022-04-13 09:12:03,424] {logging_mixin.py:109} INFO - [2022-04-13 09:12:03,423] {dag.py:2398} INFO - Sync 1 DAGs
[2022-04-13 09:12:03,444] {logging_mixin.py:109} INFO - [2022-04-13 09:12:03,443] {dag.py:2937} INFO - Setting next_dagrun for tutorial_etl_dag to None
[2022-04-13 09:12:03,457] {processor.py:171} INFO - Processing /home/airflow/.local/lib/python3.7/site-packages/airflow/example_dags/tutorial_etl_dag.py took 0.089 seconds
[2022-04-13 09:12:34,706] {processor.py:163} INFO - Started process (PID=760) to work on /home/airflow/.local/lib/python3.7/site-packages/airflow/example_dags/tutorial_etl_dag.py
[2022-04-13 09:12:34,710] {processor.py:642} INFO - Processing file /home/airflow/.local/lib/python3.7/site-packages/airflow/example_dags/tutorial_etl_dag.py for tasks to queue
[2022-04-13 09:12:34,711] {logging_mixin.py:109} INFO - [2022-04-13 09:12:34,711] {dagbag.py:500} INFO - Filling up the DagBag from /home/airflow/.local/lib/python3.7/site-packages/airflow/example_dags/tutorial_etl_dag.py
[2022-04-13 09:12:34,735] {processor.py:652} INFO - DAG(s) dict_keys(['tutorial_etl_dag']) retrieved from /home/airflow/.local/lib/python3.7/site-packages/airflow/example_dags/tutorial_etl_dag.py
[2022-04-13 09:12:34,764] {logging_mixin.py:109} INFO - [2022-04-13 09:12:34,763] {dag.py:2398} INFO - Sync 1 DAGs
[2022-04-13 09:12:34,787] {logging_mixin.py:109} INFO - [2022-04-13 09:12:34,787] {dag.py:2937} INFO - Setting next_dagrun for tutorial_etl_dag to None
[2022-04-13 09:12:34,807] {processor.py:171} INFO - Processing /home/airflow/.local/lib/python3.7/site-packages/airflow/example_dags/tutorial_etl_dag.py took 0.104 seconds
[2022-04-13 09:13:05,922] {processor.py:163} INFO - Started process (PID=810) to work on /home/airflow/.local/lib/python3.7/site-packages/airflow/example_dags/tutorial_etl_dag.py
[2022-04-13 09:13:05,924] {processor.py:642} INFO - Processing file /home/airflow/.local/lib/python3.7/site-packages/airflow/example_dags/tutorial_etl_dag.py for tasks to queue
[2022-04-13 09:13:05,925] {logging_mixin.py:109} INFO - [2022-04-13 09:13:05,924] {dagbag.py:500} INFO - Filling up the DagBag from /home/airflow/.local/lib/python3.7/site-packages/airflow/example_dags/tutorial_etl_dag.py
[2022-04-13 09:13:05,944] {processor.py:652} INFO - DAG(s) dict_keys(['tutorial_etl_dag']) retrieved from /home/airflow/.local/lib/python3.7/site-packages/airflow/example_dags/tutorial_etl_dag.py
[2022-04-13 09:13:05,974] {logging_mixin.py:109} INFO - [2022-04-13 09:13:05,974] {dag.py:2398} INFO - Sync 1 DAGs
[2022-04-13 09:13:06,001] {logging_mixin.py:109} INFO - [2022-04-13 09:13:06,000] {dag.py:2937} INFO - Setting next_dagrun for tutorial_etl_dag to None
[2022-04-13 09:13:06,019] {processor.py:171} INFO - Processing /home/airflow/.local/lib/python3.7/site-packages/airflow/example_dags/tutorial_etl_dag.py took 0.101 seconds
[2022-04-13 09:13:37,217] {processor.py:163} INFO - Started process (PID=871) to work on /home/airflow/.local/lib/python3.7/site-packages/airflow/example_dags/tutorial_etl_dag.py
[2022-04-13 09:13:37,219] {processor.py:642} INFO - Processing file /home/airflow/.local/lib/python3.7/site-packages/airflow/example_dags/tutorial_etl_dag.py for tasks to queue
[2022-04-13 09:13:37,220] {logging_mixin.py:109} INFO - [2022-04-13 09:13:37,220] {dagbag.py:500} INFO - Filling up the DagBag from /home/airflow/.local/lib/python3.7/site-packages/airflow/example_dags/tutorial_etl_dag.py
[2022-04-13 09:13:37,232] {processor.py:652} INFO - DAG(s) dict_keys(['tutorial_etl_dag']) retrieved from /home/airflow/.local/lib/python3.7/site-packages/airflow/example_dags/tutorial_etl_dag.py
[2022-04-13 09:13:37,254] {logging_mixin.py:109} INFO - [2022-04-13 09:13:37,254] {dag.py:2398} INFO - Sync 1 DAGs
[2022-04-13 09:13:37,273] {logging_mixin.py:109} INFO - [2022-04-13 09:13:37,272] {dag.py:2937} INFO - Setting next_dagrun for tutorial_etl_dag to None
[2022-04-13 09:13:37,287] {processor.py:171} INFO - Processing /home/airflow/.local/lib/python3.7/site-packages/airflow/example_dags/tutorial_etl_dag.py took 0.072 seconds
[2022-04-13 09:14:08,059] {processor.py:163} INFO - Started process (PID=922) to work on /home/airflow/.local/lib/python3.7/site-packages/airflow/example_dags/tutorial_etl_dag.py
[2022-04-13 09:14:08,060] {processor.py:642} INFO - Processing file /home/airflow/.local/lib/python3.7/site-packages/airflow/example_dags/tutorial_etl_dag.py for tasks to queue
[2022-04-13 09:14:08,060] {logging_mixin.py:109} INFO - [2022-04-13 09:14:08,060] {dagbag.py:500} INFO - Filling up the DagBag from /home/airflow/.local/lib/python3.7/site-packages/airflow/example_dags/tutorial_etl_dag.py
[2022-04-13 09:14:08,078] {processor.py:652} INFO - DAG(s) dict_keys(['tutorial_etl_dag']) retrieved from /home/airflow/.local/lib/python3.7/site-packages/airflow/example_dags/tutorial_etl_dag.py
[2022-04-13 09:14:08,103] {logging_mixin.py:109} INFO - [2022-04-13 09:14:08,103] {dag.py:2398} INFO - Sync 1 DAGs
[2022-04-13 09:14:08,127] {logging_mixin.py:109} INFO - [2022-04-13 09:14:08,127] {dag.py:2937} INFO - Setting next_dagrun for tutorial_etl_dag to None
[2022-04-13 09:14:08,145] {processor.py:171} INFO - Processing /home/airflow/.local/lib/python3.7/site-packages/airflow/example_dags/tutorial_etl_dag.py took 0.090 seconds
[2022-04-13 09:14:39,203] {processor.py:163} INFO - Started process (PID=982) to work on /home/airflow/.local/lib/python3.7/site-packages/airflow/example_dags/tutorial_etl_dag.py
[2022-04-13 09:14:39,205] {processor.py:642} INFO - Processing file /home/airflow/.local/lib/python3.7/site-packages/airflow/example_dags/tutorial_etl_dag.py for tasks to queue
[2022-04-13 09:14:39,206] {logging_mixin.py:109} INFO - [2022-04-13 09:14:39,206] {dagbag.py:500} INFO - Filling up the DagBag from /home/airflow/.local/lib/python3.7/site-packages/airflow/example_dags/tutorial_etl_dag.py
[2022-04-13 09:14:39,222] {processor.py:652} INFO - DAG(s) dict_keys(['tutorial_etl_dag']) retrieved from /home/airflow/.local/lib/python3.7/site-packages/airflow/example_dags/tutorial_etl_dag.py
[2022-04-13 09:14:39,246] {logging_mixin.py:109} INFO - [2022-04-13 09:14:39,246] {dag.py:2398} INFO - Sync 1 DAGs
[2022-04-13 09:14:39,267] {logging_mixin.py:109} INFO - [2022-04-13 09:14:39,267] {dag.py:2937} INFO - Setting next_dagrun for tutorial_etl_dag to None
[2022-04-13 09:14:39,282] {processor.py:171} INFO - Processing /home/airflow/.local/lib/python3.7/site-packages/airflow/example_dags/tutorial_etl_dag.py took 0.081 seconds
[2022-04-13 09:15:10,466] {processor.py:163} INFO - Started process (PID=1032) to work on /home/airflow/.local/lib/python3.7/site-packages/airflow/example_dags/tutorial_etl_dag.py
[2022-04-13 09:15:10,467] {processor.py:642} INFO - Processing file /home/airflow/.local/lib/python3.7/site-packages/airflow/example_dags/tutorial_etl_dag.py for tasks to queue
[2022-04-13 09:15:10,468] {logging_mixin.py:109} INFO - [2022-04-13 09:15:10,468] {dagbag.py:500} INFO - Filling up the DagBag from /home/airflow/.local/lib/python3.7/site-packages/airflow/example_dags/tutorial_etl_dag.py
[2022-04-13 09:15:10,487] {processor.py:652} INFO - DAG(s) dict_keys(['tutorial_etl_dag']) retrieved from /home/airflow/.local/lib/python3.7/site-packages/airflow/example_dags/tutorial_etl_dag.py
[2022-04-13 09:15:10,520] {logging_mixin.py:109} INFO - [2022-04-13 09:15:10,519] {dag.py:2398} INFO - Sync 1 DAGs
[2022-04-13 09:15:10,548] {logging_mixin.py:109} INFO - [2022-04-13 09:15:10,548] {dag.py:2937} INFO - Setting next_dagrun for tutorial_etl_dag to None
[2022-04-13 09:15:10,565] {processor.py:171} INFO - Processing /home/airflow/.local/lib/python3.7/site-packages/airflow/example_dags/tutorial_etl_dag.py took 0.104 seconds
[2022-04-13 09:15:41,426] {processor.py:163} INFO - Started process (PID=1082) to work on /home/airflow/.local/lib/python3.7/site-packages/airflow/example_dags/tutorial_etl_dag.py
[2022-04-13 09:15:41,428] {processor.py:642} INFO - Processing file /home/airflow/.local/lib/python3.7/site-packages/airflow/example_dags/tutorial_etl_dag.py for tasks to queue
[2022-04-13 09:15:41,429] {logging_mixin.py:109} INFO - [2022-04-13 09:15:41,429] {dagbag.py:500} INFO - Filling up the DagBag from /home/airflow/.local/lib/python3.7/site-packages/airflow/example_dags/tutorial_etl_dag.py
[2022-04-13 09:15:41,448] {processor.py:652} INFO - DAG(s) dict_keys(['tutorial_etl_dag']) retrieved from /home/airflow/.local/lib/python3.7/site-packages/airflow/example_dags/tutorial_etl_dag.py
[2022-04-13 09:15:41,479] {logging_mixin.py:109} INFO - [2022-04-13 09:15:41,479] {dag.py:2398} INFO - Sync 1 DAGs
[2022-04-13 09:15:41,506] {logging_mixin.py:109} INFO - [2022-04-13 09:15:41,506] {dag.py:2937} INFO - Setting next_dagrun for tutorial_etl_dag to None
[2022-04-13 09:15:41,523] {processor.py:171} INFO - Processing /home/airflow/.local/lib/python3.7/site-packages/airflow/example_dags/tutorial_etl_dag.py took 0.099 seconds
[2022-04-13 09:16:12,514] {processor.py:163} INFO - Started process (PID=1142) to work on /home/airflow/.local/lib/python3.7/site-packages/airflow/example_dags/tutorial_etl_dag.py
[2022-04-13 09:16:12,515] {processor.py:642} INFO - Processing file /home/airflow/.local/lib/python3.7/site-packages/airflow/example_dags/tutorial_etl_dag.py for tasks to queue
[2022-04-13 09:16:12,516] {logging_mixin.py:109} INFO - [2022-04-13 09:16:12,516] {dagbag.py:500} INFO - Filling up the DagBag from /home/airflow/.local/lib/python3.7/site-packages/airflow/example_dags/tutorial_etl_dag.py
[2022-04-13 09:16:12,536] {processor.py:652} INFO - DAG(s) dict_keys(['tutorial_etl_dag']) retrieved from /home/airflow/.local/lib/python3.7/site-packages/airflow/example_dags/tutorial_etl_dag.py
[2022-04-13 09:16:12,563] {logging_mixin.py:109} INFO - [2022-04-13 09:16:12,563] {dag.py:2398} INFO - Sync 1 DAGs
[2022-04-13 09:16:12,589] {logging_mixin.py:109} INFO - [2022-04-13 09:16:12,589] {dag.py:2937} INFO - Setting next_dagrun for tutorial_etl_dag to None
[2022-04-13 09:16:12,604] {processor.py:171} INFO - Processing /home/airflow/.local/lib/python3.7/site-packages/airflow/example_dags/tutorial_etl_dag.py took 0.092 seconds
[2022-04-13 09:16:43,172] {processor.py:163} INFO - Started process (PID=1194) to work on /home/airflow/.local/lib/python3.7/site-packages/airflow/example_dags/tutorial_etl_dag.py
[2022-04-13 09:16:43,175] {processor.py:642} INFO - Processing file /home/airflow/.local/lib/python3.7/site-packages/airflow/example_dags/tutorial_etl_dag.py for tasks to queue
[2022-04-13 09:16:43,176] {logging_mixin.py:109} INFO - [2022-04-13 09:16:43,175] {dagbag.py:500} INFO - Filling up the DagBag from /home/airflow/.local/lib/python3.7/site-packages/airflow/example_dags/tutorial_etl_dag.py
[2022-04-13 09:16:43,196] {processor.py:652} INFO - DAG(s) dict_keys(['tutorial_etl_dag']) retrieved from /home/airflow/.local/lib/python3.7/site-packages/airflow/example_dags/tutorial_etl_dag.py
[2022-04-13 09:16:43,223] {logging_mixin.py:109} INFO - [2022-04-13 09:16:43,222] {dag.py:2398} INFO - Sync 1 DAGs
[2022-04-13 09:16:43,248] {logging_mixin.py:109} INFO - [2022-04-13 09:16:43,248] {dag.py:2937} INFO - Setting next_dagrun for tutorial_etl_dag to None
[2022-04-13 09:16:43,268] {processor.py:171} INFO - Processing /home/airflow/.local/lib/python3.7/site-packages/airflow/example_dags/tutorial_etl_dag.py took 0.099 seconds
[2022-04-13 09:17:14,428] {processor.py:163} INFO - Started process (PID=1245) to work on /home/airflow/.local/lib/python3.7/site-packages/airflow/example_dags/tutorial_etl_dag.py
[2022-04-13 09:17:14,429] {processor.py:642} INFO - Processing file /home/airflow/.local/lib/python3.7/site-packages/airflow/example_dags/tutorial_etl_dag.py for tasks to queue
[2022-04-13 09:17:14,429] {logging_mixin.py:109} INFO - [2022-04-13 09:17:14,429] {dagbag.py:500} INFO - Filling up the DagBag from /home/airflow/.local/lib/python3.7/site-packages/airflow/example_dags/tutorial_etl_dag.py
[2022-04-13 09:17:14,450] {processor.py:652} INFO - DAG(s) dict_keys(['tutorial_etl_dag']) retrieved from /home/airflow/.local/lib/python3.7/site-packages/airflow/example_dags/tutorial_etl_dag.py
[2022-04-13 09:17:14,478] {logging_mixin.py:109} INFO - [2022-04-13 09:17:14,478] {dag.py:2398} INFO - Sync 1 DAGs
[2022-04-13 09:17:14,503] {logging_mixin.py:109} INFO - [2022-04-13 09:17:14,503] {dag.py:2937} INFO - Setting next_dagrun for tutorial_etl_dag to None
[2022-04-13 09:17:14,520] {processor.py:171} INFO - Processing /home/airflow/.local/lib/python3.7/site-packages/airflow/example_dags/tutorial_etl_dag.py took 0.095 seconds
[2022-04-13 09:17:45,627] {processor.py:163} INFO - Started process (PID=1306) to work on /home/airflow/.local/lib/python3.7/site-packages/airflow/example_dags/tutorial_etl_dag.py
[2022-04-13 09:17:45,629] {processor.py:642} INFO - Processing file /home/airflow/.local/lib/python3.7/site-packages/airflow/example_dags/tutorial_etl_dag.py for tasks to queue
[2022-04-13 09:17:45,629] {logging_mixin.py:109} INFO - [2022-04-13 09:17:45,629] {dagbag.py:500} INFO - Filling up the DagBag from /home/airflow/.local/lib/python3.7/site-packages/airflow/example_dags/tutorial_etl_dag.py
[2022-04-13 09:17:45,645] {processor.py:652} INFO - DAG(s) dict_keys(['tutorial_etl_dag']) retrieved from /home/airflow/.local/lib/python3.7/site-packages/airflow/example_dags/tutorial_etl_dag.py
[2022-04-13 09:17:45,668] {logging_mixin.py:109} INFO - [2022-04-13 09:17:45,668] {dag.py:2398} INFO - Sync 1 DAGs
[2022-04-13 09:17:45,689] {logging_mixin.py:109} INFO - [2022-04-13 09:17:45,689] {dag.py:2937} INFO - Setting next_dagrun for tutorial_etl_dag to None
[2022-04-13 09:17:45,704] {processor.py:171} INFO - Processing /home/airflow/.local/lib/python3.7/site-packages/airflow/example_dags/tutorial_etl_dag.py took 0.079 seconds
[2022-04-13 09:18:16,548] {processor.py:163} INFO - Started process (PID=1356) to work on /home/airflow/.local/lib/python3.7/site-packages/airflow/example_dags/tutorial_etl_dag.py
[2022-04-13 09:18:16,549] {processor.py:642} INFO - Processing file /home/airflow/.local/lib/python3.7/site-packages/airflow/example_dags/tutorial_etl_dag.py for tasks to queue
[2022-04-13 09:18:16,550] {logging_mixin.py:109} INFO - [2022-04-13 09:18:16,550] {dagbag.py:500} INFO - Filling up the DagBag from /home/airflow/.local/lib/python3.7/site-packages/airflow/example_dags/tutorial_etl_dag.py
[2022-04-13 09:18:16,568] {processor.py:652} INFO - DAG(s) dict_keys(['tutorial_etl_dag']) retrieved from /home/airflow/.local/lib/python3.7/site-packages/airflow/example_dags/tutorial_etl_dag.py
[2022-04-13 09:18:16,597] {logging_mixin.py:109} INFO - [2022-04-13 09:18:16,597] {dag.py:2398} INFO - Sync 1 DAGs
[2022-04-13 09:18:16,622] {logging_mixin.py:109} INFO - [2022-04-13 09:18:16,622] {dag.py:2937} INFO - Setting next_dagrun for tutorial_etl_dag to None
[2022-04-13 09:18:16,641] {processor.py:171} INFO - Processing /home/airflow/.local/lib/python3.7/site-packages/airflow/example_dags/tutorial_etl_dag.py took 0.097 seconds
[2022-04-13 09:18:48,091] {processor.py:163} INFO - Started process (PID=1415) to work on /home/airflow/.local/lib/python3.7/site-packages/airflow/example_dags/tutorial_etl_dag.py
[2022-04-13 09:18:48,093] {processor.py:642} INFO - Processing file /home/airflow/.local/lib/python3.7/site-packages/airflow/example_dags/tutorial_etl_dag.py for tasks to queue
[2022-04-13 09:18:48,093] {logging_mixin.py:109} INFO - [2022-04-13 09:18:48,093] {dagbag.py:500} INFO - Filling up the DagBag from /home/airflow/.local/lib/python3.7/site-packages/airflow/example_dags/tutorial_etl_dag.py
[2022-04-13 09:18:48,109] {processor.py:652} INFO - DAG(s) dict_keys(['tutorial_etl_dag']) retrieved from /home/airflow/.local/lib/python3.7/site-packages/airflow/example_dags/tutorial_etl_dag.py
[2022-04-13 09:18:48,134] {logging_mixin.py:109} INFO - [2022-04-13 09:18:48,134] {dag.py:2398} INFO - Sync 1 DAGs
[2022-04-13 09:18:48,158] {logging_mixin.py:109} INFO - [2022-04-13 09:18:48,158] {dag.py:2937} INFO - Setting next_dagrun for tutorial_etl_dag to None
[2022-04-13 09:18:48,173] {processor.py:171} INFO - Processing /home/airflow/.local/lib/python3.7/site-packages/airflow/example_dags/tutorial_etl_dag.py took 0.085 seconds
[2022-04-13 09:19:19,346] {processor.py:163} INFO - Started process (PID=1468) to work on /home/airflow/.local/lib/python3.7/site-packages/airflow/example_dags/tutorial_etl_dag.py
[2022-04-13 09:19:19,347] {processor.py:642} INFO - Processing file /home/airflow/.local/lib/python3.7/site-packages/airflow/example_dags/tutorial_etl_dag.py for tasks to queue
[2022-04-13 09:19:19,347] {logging_mixin.py:109} INFO - [2022-04-13 09:19:19,347] {dagbag.py:500} INFO - Filling up the DagBag from /home/airflow/.local/lib/python3.7/site-packages/airflow/example_dags/tutorial_etl_dag.py
[2022-04-13 09:19:19,362] {processor.py:652} INFO - DAG(s) dict_keys(['tutorial_etl_dag']) retrieved from /home/airflow/.local/lib/python3.7/site-packages/airflow/example_dags/tutorial_etl_dag.py
[2022-04-13 09:19:19,388] {logging_mixin.py:109} INFO - [2022-04-13 09:19:19,387] {dag.py:2398} INFO - Sync 1 DAGs
[2022-04-13 09:19:19,410] {logging_mixin.py:109} INFO - [2022-04-13 09:19:19,410] {dag.py:2937} INFO - Setting next_dagrun for tutorial_etl_dag to None
[2022-04-13 09:19:19,423] {processor.py:171} INFO - Processing /home/airflow/.local/lib/python3.7/site-packages/airflow/example_dags/tutorial_etl_dag.py took 0.081 seconds
[2022-04-13 09:19:49,931] {processor.py:163} INFO - Started process (PID=1519) to work on /home/airflow/.local/lib/python3.7/site-packages/airflow/example_dags/tutorial_etl_dag.py
[2022-04-13 09:19:49,933] {processor.py:642} INFO - Processing file /home/airflow/.local/lib/python3.7/site-packages/airflow/example_dags/tutorial_etl_dag.py for tasks to queue
[2022-04-13 09:19:49,933] {logging_mixin.py:109} INFO - [2022-04-13 09:19:49,933] {dagbag.py:500} INFO - Filling up the DagBag from /home/airflow/.local/lib/python3.7/site-packages/airflow/example_dags/tutorial_etl_dag.py
[2022-04-13 09:19:49,953] {processor.py:652} INFO - DAG(s) dict_keys(['tutorial_etl_dag']) retrieved from /home/airflow/.local/lib/python3.7/site-packages/airflow/example_dags/tutorial_etl_dag.py
[2022-04-13 09:19:49,983] {logging_mixin.py:109} INFO - [2022-04-13 09:19:49,983] {dag.py:2398} INFO - Sync 1 DAGs
[2022-04-13 09:19:50,021] {logging_mixin.py:109} INFO - [2022-04-13 09:19:50,021] {dag.py:2937} INFO - Setting next_dagrun for tutorial_etl_dag to None
[2022-04-13 09:19:50,039] {processor.py:171} INFO - Processing /home/airflow/.local/lib/python3.7/site-packages/airflow/example_dags/tutorial_etl_dag.py took 0.111 seconds
[2022-04-13 09:20:21,242] {processor.py:163} INFO - Started process (PID=1580) to work on /home/airflow/.local/lib/python3.7/site-packages/airflow/example_dags/tutorial_etl_dag.py
[2022-04-13 09:20:21,244] {processor.py:642} INFO - Processing file /home/airflow/.local/lib/python3.7/site-packages/airflow/example_dags/tutorial_etl_dag.py for tasks to queue
[2022-04-13 09:20:21,245] {logging_mixin.py:109} INFO - [2022-04-13 09:20:21,245] {dagbag.py:500} INFO - Filling up the DagBag from /home/airflow/.local/lib/python3.7/site-packages/airflow/example_dags/tutorial_etl_dag.py
[2022-04-13 09:20:21,268] {processor.py:652} INFO - DAG(s) dict_keys(['tutorial_etl_dag']) retrieved from /home/airflow/.local/lib/python3.7/site-packages/airflow/example_dags/tutorial_etl_dag.py
[2022-04-13 09:20:21,295] {logging_mixin.py:109} INFO - [2022-04-13 09:20:21,295] {dag.py:2398} INFO - Sync 1 DAGs
[2022-04-13 09:20:21,319] {logging_mixin.py:109} INFO - [2022-04-13 09:20:21,319] {dag.py:2937} INFO - Setting next_dagrun for tutorial_etl_dag to None
[2022-04-13 09:20:21,337] {processor.py:171} INFO - Processing /home/airflow/.local/lib/python3.7/site-packages/airflow/example_dags/tutorial_etl_dag.py took 0.101 seconds
[2022-04-13 09:20:52,356] {processor.py:163} INFO - Started process (PID=1632) to work on /home/airflow/.local/lib/python3.7/site-packages/airflow/example_dags/tutorial_etl_dag.py
[2022-04-13 09:20:52,358] {processor.py:642} INFO - Processing file /home/airflow/.local/lib/python3.7/site-packages/airflow/example_dags/tutorial_etl_dag.py for tasks to queue
[2022-04-13 09:20:52,362] {logging_mixin.py:109} INFO - [2022-04-13 09:20:52,362] {dagbag.py:500} INFO - Filling up the DagBag from /home/airflow/.local/lib/python3.7/site-packages/airflow/example_dags/tutorial_etl_dag.py
[2022-04-13 09:20:52,380] {processor.py:652} INFO - DAG(s) dict_keys(['tutorial_etl_dag']) retrieved from /home/airflow/.local/lib/python3.7/site-packages/airflow/example_dags/tutorial_etl_dag.py
[2022-04-13 09:20:52,411] {logging_mixin.py:109} INFO - [2022-04-13 09:20:52,410] {dag.py:2398} INFO - Sync 1 DAGs
[2022-04-13 09:20:52,434] {logging_mixin.py:109} INFO - [2022-04-13 09:20:52,434] {dag.py:2937} INFO - Setting next_dagrun for tutorial_etl_dag to None
[2022-04-13 09:20:52,448] {processor.py:171} INFO - Processing /home/airflow/.local/lib/python3.7/site-packages/airflow/example_dags/tutorial_etl_dag.py took 0.095 seconds
[2022-04-13 09:21:23,512] {processor.py:163} INFO - Started process (PID=1683) to work on /home/airflow/.local/lib/python3.7/site-packages/airflow/example_dags/tutorial_etl_dag.py
[2022-04-13 09:21:23,515] {processor.py:642} INFO - Processing file /home/airflow/.local/lib/python3.7/site-packages/airflow/example_dags/tutorial_etl_dag.py for tasks to queue
[2022-04-13 09:21:23,516] {logging_mixin.py:109} INFO - [2022-04-13 09:21:23,515] {dagbag.py:500} INFO - Filling up the DagBag from /home/airflow/.local/lib/python3.7/site-packages/airflow/example_dags/tutorial_etl_dag.py
[2022-04-13 09:21:23,538] {processor.py:652} INFO - DAG(s) dict_keys(['tutorial_etl_dag']) retrieved from /home/airflow/.local/lib/python3.7/site-packages/airflow/example_dags/tutorial_etl_dag.py
[2022-04-13 09:21:23,568] {logging_mixin.py:109} INFO - [2022-04-13 09:21:23,567] {dag.py:2398} INFO - Sync 1 DAGs
[2022-04-13 09:21:23,623] {logging_mixin.py:109} INFO - [2022-04-13 09:21:23,623] {dag.py:2937} INFO - Setting next_dagrun for tutorial_etl_dag to None
[2022-04-13 09:21:23,648] {processor.py:171} INFO - Processing /home/airflow/.local/lib/python3.7/site-packages/airflow/example_dags/tutorial_etl_dag.py took 0.138 seconds
[2022-04-13 09:21:54,677] {processor.py:163} INFO - Started process (PID=1743) to work on /home/airflow/.local/lib/python3.7/site-packages/airflow/example_dags/tutorial_etl_dag.py
[2022-04-13 09:21:54,679] {processor.py:642} INFO - Processing file /home/airflow/.local/lib/python3.7/site-packages/airflow/example_dags/tutorial_etl_dag.py for tasks to queue
[2022-04-13 09:21:54,680] {logging_mixin.py:109} INFO - [2022-04-13 09:21:54,680] {dagbag.py:500} INFO - Filling up the DagBag from /home/airflow/.local/lib/python3.7/site-packages/airflow/example_dags/tutorial_etl_dag.py
[2022-04-13 09:21:54,702] {processor.py:652} INFO - DAG(s) dict_keys(['tutorial_etl_dag']) retrieved from /home/airflow/.local/lib/python3.7/site-packages/airflow/example_dags/tutorial_etl_dag.py
[2022-04-13 09:21:54,730] {logging_mixin.py:109} INFO - [2022-04-13 09:21:54,730] {dag.py:2398} INFO - Sync 1 DAGs
[2022-04-13 09:21:54,753] {logging_mixin.py:109} INFO - [2022-04-13 09:21:54,753] {dag.py:2937} INFO - Setting next_dagrun for tutorial_etl_dag to None
[2022-04-13 09:21:54,772] {processor.py:171} INFO - Processing /home/airflow/.local/lib/python3.7/site-packages/airflow/example_dags/tutorial_etl_dag.py took 0.098 seconds
[2022-04-13 09:22:25,980] {processor.py:163} INFO - Started process (PID=1795) to work on /home/airflow/.local/lib/python3.7/site-packages/airflow/example_dags/tutorial_etl_dag.py
[2022-04-13 09:22:25,982] {processor.py:642} INFO - Processing file /home/airflow/.local/lib/python3.7/site-packages/airflow/example_dags/tutorial_etl_dag.py for tasks to queue
[2022-04-13 09:22:25,983] {logging_mixin.py:109} INFO - [2022-04-13 09:22:25,982] {dagbag.py:500} INFO - Filling up the DagBag from /home/airflow/.local/lib/python3.7/site-packages/airflow/example_dags/tutorial_etl_dag.py
[2022-04-13 09:22:26,003] {processor.py:652} INFO - DAG(s) dict_keys(['tutorial_etl_dag']) retrieved from /home/airflow/.local/lib/python3.7/site-packages/airflow/example_dags/tutorial_etl_dag.py
[2022-04-13 09:22:26,032] {logging_mixin.py:109} INFO - [2022-04-13 09:22:26,032] {dag.py:2398} INFO - Sync 1 DAGs
[2022-04-13 09:22:26,055] {logging_mixin.py:109} INFO - [2022-04-13 09:22:26,055] {dag.py:2937} INFO - Setting next_dagrun for tutorial_etl_dag to None
[2022-04-13 09:22:26,071] {processor.py:171} INFO - Processing /home/airflow/.local/lib/python3.7/site-packages/airflow/example_dags/tutorial_etl_dag.py took 0.095 seconds
[2022-04-13 09:22:57,443] {processor.py:163} INFO - Started process (PID=1847) to work on /home/airflow/.local/lib/python3.7/site-packages/airflow/example_dags/tutorial_etl_dag.py
[2022-04-13 09:22:57,445] {processor.py:642} INFO - Processing file /home/airflow/.local/lib/python3.7/site-packages/airflow/example_dags/tutorial_etl_dag.py for tasks to queue
[2022-04-13 09:22:57,445] {logging_mixin.py:109} INFO - [2022-04-13 09:22:57,445] {dagbag.py:500} INFO - Filling up the DagBag from /home/airflow/.local/lib/python3.7/site-packages/airflow/example_dags/tutorial_etl_dag.py
[2022-04-13 09:22:57,461] {processor.py:652} INFO - DAG(s) dict_keys(['tutorial_etl_dag']) retrieved from /home/airflow/.local/lib/python3.7/site-packages/airflow/example_dags/tutorial_etl_dag.py
[2022-04-13 09:22:57,488] {logging_mixin.py:109} INFO - [2022-04-13 09:22:57,488] {dag.py:2398} INFO - Sync 1 DAGs
[2022-04-13 09:22:57,512] {logging_mixin.py:109} INFO - [2022-04-13 09:22:57,512] {dag.py:2937} INFO - Setting next_dagrun for tutorial_etl_dag to None
[2022-04-13 09:22:57,528] {processor.py:171} INFO - Processing /home/airflow/.local/lib/python3.7/site-packages/airflow/example_dags/tutorial_etl_dag.py took 0.088 seconds
[2022-04-13 09:23:28,670] {processor.py:163} INFO - Started process (PID=1909) to work on /home/airflow/.local/lib/python3.7/site-packages/airflow/example_dags/tutorial_etl_dag.py
[2022-04-13 09:23:28,671] {processor.py:642} INFO - Processing file /home/airflow/.local/lib/python3.7/site-packages/airflow/example_dags/tutorial_etl_dag.py for tasks to queue
[2022-04-13 09:23:28,672] {logging_mixin.py:109} INFO - [2022-04-13 09:23:28,672] {dagbag.py:500} INFO - Filling up the DagBag from /home/airflow/.local/lib/python3.7/site-packages/airflow/example_dags/tutorial_etl_dag.py
[2022-04-13 09:23:28,686] {processor.py:652} INFO - DAG(s) dict_keys(['tutorial_etl_dag']) retrieved from /home/airflow/.local/lib/python3.7/site-packages/airflow/example_dags/tutorial_etl_dag.py
[2022-04-13 09:23:28,710] {logging_mixin.py:109} INFO - [2022-04-13 09:23:28,710] {dag.py:2398} INFO - Sync 1 DAGs
[2022-04-13 09:23:28,734] {logging_mixin.py:109} INFO - [2022-04-13 09:23:28,734] {dag.py:2937} INFO - Setting next_dagrun for tutorial_etl_dag to None
[2022-04-13 09:23:28,748] {processor.py:171} INFO - Processing /home/airflow/.local/lib/python3.7/site-packages/airflow/example_dags/tutorial_etl_dag.py took 0.081 seconds
[2022-04-13 09:23:59,511] {processor.py:163} INFO - Started process (PID=1959) to work on /home/airflow/.local/lib/python3.7/site-packages/airflow/example_dags/tutorial_etl_dag.py
[2022-04-13 09:23:59,513] {processor.py:642} INFO - Processing file /home/airflow/.local/lib/python3.7/site-packages/airflow/example_dags/tutorial_etl_dag.py for tasks to queue
[2022-04-13 09:23:59,514] {logging_mixin.py:109} INFO - [2022-04-13 09:23:59,514] {dagbag.py:500} INFO - Filling up the DagBag from /home/airflow/.local/lib/python3.7/site-packages/airflow/example_dags/tutorial_etl_dag.py
[2022-04-13 09:23:59,533] {processor.py:652} INFO - DAG(s) dict_keys(['tutorial_etl_dag']) retrieved from /home/airflow/.local/lib/python3.7/site-packages/airflow/example_dags/tutorial_etl_dag.py
[2022-04-13 09:23:59,560] {logging_mixin.py:109} INFO - [2022-04-13 09:23:59,560] {dag.py:2398} INFO - Sync 1 DAGs
[2022-04-13 09:23:59,588] {logging_mixin.py:109} INFO - [2022-04-13 09:23:59,588] {dag.py:2937} INFO - Setting next_dagrun for tutorial_etl_dag to None
[2022-04-13 09:23:59,603] {processor.py:171} INFO - Processing /home/airflow/.local/lib/python3.7/site-packages/airflow/example_dags/tutorial_etl_dag.py took 0.096 seconds
[2022-04-13 09:24:30,626] {processor.py:163} INFO - Started process (PID=2010) to work on /home/airflow/.local/lib/python3.7/site-packages/airflow/example_dags/tutorial_etl_dag.py
[2022-04-13 09:24:30,628] {processor.py:642} INFO - Processing file /home/airflow/.local/lib/python3.7/site-packages/airflow/example_dags/tutorial_etl_dag.py for tasks to queue
[2022-04-13 09:24:30,629] {logging_mixin.py:109} INFO - [2022-04-13 09:24:30,629] {dagbag.py:500} INFO - Filling up the DagBag from /home/airflow/.local/lib/python3.7/site-packages/airflow/example_dags/tutorial_etl_dag.py
[2022-04-13 09:24:30,649] {processor.py:652} INFO - DAG(s) dict_keys(['tutorial_etl_dag']) retrieved from /home/airflow/.local/lib/python3.7/site-packages/airflow/example_dags/tutorial_etl_dag.py
[2022-04-13 09:24:30,675] {logging_mixin.py:109} INFO - [2022-04-13 09:24:30,675] {dag.py:2398} INFO - Sync 1 DAGs
[2022-04-13 09:24:30,696] {logging_mixin.py:109} INFO - [2022-04-13 09:24:30,696] {dag.py:2937} INFO - Setting next_dagrun for tutorial_etl_dag to None
[2022-04-13 09:24:30,715] {processor.py:171} INFO - Processing /home/airflow/.local/lib/python3.7/site-packages/airflow/example_dags/tutorial_etl_dag.py took 0.093 seconds
[2022-04-13 09:25:02,062] {processor.py:163} INFO - Started process (PID=2072) to work on /home/airflow/.local/lib/python3.7/site-packages/airflow/example_dags/tutorial_etl_dag.py
[2022-04-13 09:25:02,063] {processor.py:642} INFO - Processing file /home/airflow/.local/lib/python3.7/site-packages/airflow/example_dags/tutorial_etl_dag.py for tasks to queue
[2022-04-13 09:25:02,064] {logging_mixin.py:109} INFO - [2022-04-13 09:25:02,064] {dagbag.py:500} INFO - Filling up the DagBag from /home/airflow/.local/lib/python3.7/site-packages/airflow/example_dags/tutorial_etl_dag.py
[2022-04-13 09:25:02,083] {processor.py:652} INFO - DAG(s) dict_keys(['tutorial_etl_dag']) retrieved from /home/airflow/.local/lib/python3.7/site-packages/airflow/example_dags/tutorial_etl_dag.py
[2022-04-13 09:25:02,106] {logging_mixin.py:109} INFO - [2022-04-13 09:25:02,106] {dag.py:2398} INFO - Sync 1 DAGs
[2022-04-13 09:25:02,124] {logging_mixin.py:109} INFO - [2022-04-13 09:25:02,124] {dag.py:2937} INFO - Setting next_dagrun for tutorial_etl_dag to None
[2022-04-13 09:25:02,137] {processor.py:171} INFO - Processing /home/airflow/.local/lib/python3.7/site-packages/airflow/example_dags/tutorial_etl_dag.py took 0.077 seconds
[2022-04-13 09:25:32,482] {processor.py:163} INFO - Started process (PID=2122) to work on /home/airflow/.local/lib/python3.7/site-packages/airflow/example_dags/tutorial_etl_dag.py
[2022-04-13 09:25:32,483] {processor.py:642} INFO - Processing file /home/airflow/.local/lib/python3.7/site-packages/airflow/example_dags/tutorial_etl_dag.py for tasks to queue
[2022-04-13 09:25:32,485] {logging_mixin.py:109} INFO - [2022-04-13 09:25:32,484] {dagbag.py:500} INFO - Filling up the DagBag from /home/airflow/.local/lib/python3.7/site-packages/airflow/example_dags/tutorial_etl_dag.py
[2022-04-13 09:25:32,509] {processor.py:652} INFO - DAG(s) dict_keys(['tutorial_etl_dag']) retrieved from /home/airflow/.local/lib/python3.7/site-packages/airflow/example_dags/tutorial_etl_dag.py
[2022-04-13 09:25:32,539] {logging_mixin.py:109} INFO - [2022-04-13 09:25:32,539] {dag.py:2398} INFO - Sync 1 DAGs
[2022-04-13 09:25:32,566] {logging_mixin.py:109} INFO - [2022-04-13 09:25:32,565] {dag.py:2937} INFO - Setting next_dagrun for tutorial_etl_dag to None
[2022-04-13 09:25:32,586] {processor.py:171} INFO - Processing /home/airflow/.local/lib/python3.7/site-packages/airflow/example_dags/tutorial_etl_dag.py took 0.107 seconds
[2022-04-13 09:26:03,668] {processor.py:163} INFO - Started process (PID=2173) to work on /home/airflow/.local/lib/python3.7/site-packages/airflow/example_dags/tutorial_etl_dag.py
[2022-04-13 09:26:03,670] {processor.py:642} INFO - Processing file /home/airflow/.local/lib/python3.7/site-packages/airflow/example_dags/tutorial_etl_dag.py for tasks to queue
[2022-04-13 09:26:03,670] {logging_mixin.py:109} INFO - [2022-04-13 09:26:03,670] {dagbag.py:500} INFO - Filling up the DagBag from /home/airflow/.local/lib/python3.7/site-packages/airflow/example_dags/tutorial_etl_dag.py
[2022-04-13 09:26:03,688] {processor.py:652} INFO - DAG(s) dict_keys(['tutorial_etl_dag']) retrieved from /home/airflow/.local/lib/python3.7/site-packages/airflow/example_dags/tutorial_etl_dag.py
[2022-04-13 09:26:03,755] {logging_mixin.py:109} INFO - [2022-04-13 09:26:03,755] {dag.py:2398} INFO - Sync 1 DAGs
[2022-04-13 09:26:03,782] {logging_mixin.py:109} INFO - [2022-04-13 09:26:03,782] {dag.py:2937} INFO - Setting next_dagrun for tutorial_etl_dag to None
[2022-04-13 09:26:03,797] {processor.py:171} INFO - Processing /home/airflow/.local/lib/python3.7/site-packages/airflow/example_dags/tutorial_etl_dag.py took 0.132 seconds
